>XP_001396063.1
pos	aa	C	S	n-reg	h-reg	c-reg
1	M	0.000	1.000	1.000	0.000	0.000
2	P	0.000	1.000	1.000	0.000	0.000
3	R	0.000	1.000	1.000	0.000	0.000
4	R	0.000	1.000	1.000	0.000	0.000
5	R	0.000	1.000	0.998	0.002	0.000
6	L	0.000	1.000	0.451	0.549	0.000
7	I	0.000	1.000	0.187	0.812	0.000
8	L	0.000	1.000	0.096	0.904	0.000
9	V	0.000	1.000	0.053	0.947	0.000
10	A	0.000	1.000	0.031	0.968	0.000
11	A	0.000	1.000	0.015	0.985	0.000
12	L	0.000	1.000	0.003	0.997	0.000
13	L	0.000	1.000	0.000	0.999	0.000
14	A	0.000	1.000	0.000	0.978	0.021
15	L	0.000	1.000	0.000	0.964	0.036
16	G	0.000	1.000	0.000	0.906	0.094
17	L	0.003	0.997	0.000	0.828	0.169
18	L	0.000	0.997	0.000	0.408	0.589
19	Y	0.008	0.989	0.000	0.159	0.829
20	T	0.000	0.989	0.000	0.091	0.898
21	L	0.042	0.947	0.000	0.033	0.914
22	S	0.000	0.946	0.000	0.011	0.935
23	S	0.168	0.778	0.000	0.004	0.774
24	H	0.063	0.715	0.000	0.000	0.715
25	G	0.000	0.715	0.000	0.000	0.715
26	A	0.469	0.246	0.000	0.000	0.246
27	S	0.032	0.214	0.000	0.000	0.214
28	S	0.082	0.133	0.000	0.000	0.133
29	P	0.122	0.011	0.000	0.000	0.011
30	P	0.000	0.011	0.000	0.000	0.011
31	L	0.001	0.010	0.000	0.000	0.010
32	Q	0.000	0.010	0.000	0.000	0.010
33	I	0.001	0.009	0.000	0.000	0.009
34	I	0.000	0.009	0.000	0.000	0.009
35	P	0.000	0.009	0.000	0.000	0.009
36	D	0.009	0.000	0.000	0.000	0.000
37	D	0.000	0.000	0.000	0.000	0.000
38	C	0.000	0.000	0.000	0.000	0.000
39	P	0.000	0.000	0.000	0.000	0.000
40	S	0.000	0.000	0.000	0.000	0.000
>XP_001396064.2
pos	aa	C	S	n-reg	h-reg	c-reg
1	M	0.000	1.000	1.000	0.000	0.000
2	R	0.000	1.000	1.000	0.000	0.000
3	I	0.000	1.000	0.402	0.598	0.000
4	L	0.000	1.000	0.108	0.892	0.000
5	L	0.000	1.000	0.040	0.960	0.000
6	L	0.000	1.000	0.005	0.995	0.000
7	L	0.000	1.000	0.001	0.999	0.000
8	L	0.000	1.000	0.000	1.000	0.000
9	F	0.000	1.000	0.000	1.000	0.000
10	M	0.000	1.000	0.000	0.999	0.000
11	L	0.000	1.000	0.000	0.960	0.040
12	F	0.000	1.000	0.000	0.864	0.135
13	S	0.000	1.000	0.000	0.784	0.216
14	I	0.001	0.999	0.000	0.417	0.582
15	T	0.000	0.999	0.000	0.142	0.857
16	T	0.004	0.995	0.000	0.060	0.935
17	H	0.051	0.944	0.000	0.004	0.940
18	S	0.000	0.944	0.000	0.000	0.943
19	L	0.680	0.263	0.000	0.000	0.263
20	P	0.003	0.260	0.000	0.000	0.260
21	H	0.054	0.206	0.000	0.000	0.206
22	Y	0.000	0.206	0.000	0.000	0.206
23	G	0.000	0.206	0.000	0.000	0.206
24	V	0.015	0.192	0.000	0.000	0.192
25	S	0.000	0.192	0.000	0.000	0.192
26	L	0.183	0.008	0.000	0.000	0.008
27	P	0.001	0.007	0.000	0.000	0.007
28	P	0.003	0.005	0.000	0.000	0.005
29	P	0.000	0.005	0.000	0.000	0.005
30	P	0.000	0.005	0.000	0.000	0.005
31	T	0.000	0.005	0.000	0.000	0.005
32	D	0.000	0.005	0.000	0.000	0.005
33	P	0.000	0.005	0.000	0.000	0.005
34	A	0.004	0.000	0.000	0.000	0.000
35	K	0.000	0.000	0.000	0.000	0.000
36	P	0.000	0.000	0.000	0.000	0.000
37	P	0.000	0.000	0.000	0.000	0.000
38	T	0.000	0.000	0.000	0.000	0.000
39	S	0.000	0.000	0.000	0.000	0.000
40	P	0.000	0.000	0.000	0.000	0.000
>XP_001396065.2
pos	aa	C	S	n-reg	h-reg	c-reg
1	M	0.000	0.817	0.817	0.000	0.000
2	I	0.000	0.817	0.817	0.000	0.000
3	P	0.000	0.817	0.816	0.001	0.000
4	L	0.000	0.817	0.810	0.006	0.000
5	T	0.000	0.817	0.809	0.007	0.000
6	K	0.000	0.817	0.806	0.010	0.000
7	Y	0.000	0.817	0.484	0.333	0.000
8	S	0.000	0.817	0.275	0.542	0.000
9	L	0.000	0.817	0.060	0.756	0.000
10	L	0.000	0.817	0.001	0.815	0.000
11	L	0.000	0.817	0.000	0.816	0.000
12	A	0.000	0.817	0.000	0.816	0.000
13	A	0.000	0.817	0.000	0.816	0.001
14	L	0.000	0.817	0.000	0.815	0.002
15	S	0.000	0.817	0.000	0.728	0.089
16	P	0.000	0.816	0.000	0.524	0.292
17	L	0.000	0.816	0.000	0.506	0.310
18	T	0.000	0.816	0.000	0.040	0.777
19	I	0.000	0.816	0.000	0.021	0.796
20	A	0.000	0.816	0.000	0.000	0.816
21	D	0.213	0.603	0.000	0.000	0.603
22	G	0.000	0.603	0.000	0.000	0.603
23	Q	0.601	0.001	0.000	0.000	0.001
24	Y	0.000	0.001	0.000	0.000	0.001
25	R	0.000	0.001	0.000	0.000	0.001
26	S	0.000	0.001	0.000	0.000	0.001
27	R	0.001	0.000	0.000	0.000	0.000
28	P	0.000	0.000	0.000	0.000	0.000
29	D	0.000	0.000	0.000	0.000	0.000
30	L	0.000	0.000	0.000	0.000	0.000
31	S	0.000	0.000	0.000	0.000	0.000
32	P	0.000	0.000	0.000	0.000	0.000
33	P	0.000	0.000	0.000	0.000	0.000
34	K	0.000	0.000	0.000	0.000	0.000
35	L	0.000	0.000	0.000	0.000	0.000
36	N	0.000	0.000	0.000	0.000	0.000
37	I	0.000	0.000	0.000	0.000	0.000
38	T	0.000	0.000	0.000	0.000	0.000
39	I	0.000	0.000	0.000	0.000	0.000
40	P	0.000	0.000	0.000	0.000	0.000
>XP_001396075.2
pos	aa	C	S	n-reg	h-reg	c-reg
1	M	0.000	0.924	0.924	0.000	0.000
2	T	0.000	0.924	0.924	0.000	0.000
3	Q	0.000	0.924	0.810	0.114	0.000
4	L	0.000	0.924	0.160	0.764	0.000
5	V	0.000	0.924	0.102	0.822	0.000
6	A	0.000	0.924	0.057	0.867	0.000
7	V	0.000	0.924	0.018	0.906	0.000
8	F	0.000	0.924	0.008	0.916	0.000
9	V	0.000	0.924	0.004	0.920	0.000
10	L	0.000	0.924	0.002	0.921	0.000
11	T	0.000	0.924	0.002	0.880	0.042
12	A	0.000	0.924	0.002	0.395	0.527
13	S	0.000	0.924	0.002	0.319	0.604
14	A	0.000	0.924	0.002	0.269	0.653
15	L	0.049	0.874	0.002	0.213	0.659
16	S	0.004	0.870	0.002	0.098	0.771
17	M	0.435	0.435	0.002	0.056	0.377
18	S	0.000	0.435	0.002	0.026	0.407
19	P	0.026	0.408	0.002	0.006	0.400
20	M	0.009	0.399	0.002	0.002	0.396
21	F	0.000	0.399	0.002	0.001	0.397
22	P	0.000	0.399	0.002	0.000	0.398
23	A	0.033	0.366	0.002	0.000	0.364
24	F	0.015	0.351	0.002	0.000	0.349
25	S	0.000	0.351	0.002	0.000	0.349
26	E	0.071	0.280	0.002	0.000	0.278
27	S	0.000	0.280	0.002	0.000	0.278
28	F	0.255	0.025	0.002	0.000	0.024
29	D	0.000	0.025	0.002	0.000	0.024
30	L	0.000	0.025	0.002	0.000	0.024
31	N	0.000	0.025	0.002	0.000	0.023
32	N	0.000	0.025	0.002	0.000	0.023
33	T	0.000	0.025	0.001	0.000	0.023
34	Q	0.001	0.024	0.001	0.000	0.022
35	L	0.000	0.024	0.000	0.001	0.022
36	L	0.001	0.023	0.000	0.002	0.021
37	L	0.000	0.023	0.000	0.002	0.021
38	I	0.000	0.022	0.000	0.002	0.021
39	T	0.000	0.022	0.000	0.002	0.021
40	G	0.001	0.022	0.000	0.002	0.020
>XP_001396080.1
pos	aa	C	S	n-reg	h-reg	c-reg
1	M	0.000	0.594	0.594	0.000	0.000
2	S	0.000	0.959	0.959	0.000	0.000
3	L	0.000	0.959	0.959	0.000	0.000
4	D	0.000	0.959	0.959	0.000	0.000
5	I	0.000	0.959	0.959	0.000	0.000
6	A	0.000	0.959	0.959	0.000	0.000
7	K	0.000	0.959	0.959	0.000	0.000
8	W	0.000	0.959	0.959	0.000	0.000
9	E	0.000	0.959	0.959	0.000	0.000
10	L	0.000	0.959	0.959	0.000	0.000
11	P	0.000	0.959	0.959	0.000	0.000
12	G	0.000	0.959	0.959	0.000	0.000
13	D	0.000	0.959	0.959	0.000	0.000
14	S	0.000	0.959	0.959	0.000	0.000
15	S	0.000	0.959	0.959	0.000	0.000
16	S	0.000	0.959	0.959	0.000	0.000
17	Q	0.000	0.959	0.959	0.000	0.000
18	Q	0.000	0.959	0.959	0.000	0.000
19	A	0.000	0.959	0.958	0.001	0.000
20	P	0.000	0.959	0.958	0.001	0.000
21	A	0.000	0.959	0.952	0.007	0.000
22	L	0.000	0.959	0.948	0.011	0.000
23	N	0.000	0.959	0.946	0.013	0.000
24	M	0.000	0.959	0.883	0.076	0.000
25	P	0.000	0.959	0.811	0.148	0.000
26	L	0.000	0.959	0.371	0.588	0.000
27	V	0.000	0.959	0.173	0.786	0.000
28	L	0.000	0.959	0.075	0.884	0.000
29	L	0.000	0.959	0.028	0.931	0.000
30	L	0.000	0.959	0.012	0.946	0.000
31	A	0.000	0.959	0.009	0.949	0.001
32	G	0.000	0.959	0.006	0.948	0.005
33	A	0.000	0.959	0.003	0.948	0.009
34	L	0.000	0.959	0.001	0.946	0.012
35	L	0.000	0.959	0.000	0.930	0.029
36	G	0.000	0.959	0.000	0.737	0.221
37	L	0.002	0.957	0.000	0.697	0.260
38	I	0.000	0.956	0.000	0.595	0.361
39	L	0.000	0.953	0.000	0.484	0.469
40	A	0.002	0.942	0.000	0.429	0.513
>XP_001396082.1
pos	aa	C	S	n-reg	h-reg	c-reg
1	M	0.000	0.999	0.999	0.000	0.000
2	R	0.000	0.999	0.999	0.000	0.000
3	L	0.000	0.999	0.972	0.027	0.000
4	R	0.000	0.999	0.965	0.034	0.000
5	F	0.000	0.999	0.615	0.384	0.000
6	L	0.000	0.999	0.137	0.862	0.000
7	C	0.000	0.999	0.040	0.959	0.000
8	V	0.000	0.999	0.022	0.977	0.000
9	A	0.000	0.999	0.014	0.985	0.000
10	G	0.000	0.999	0.010	0.989	0.000
11	A	0.000	0.999	0.004	0.993	0.002
12	W	0.000	0.999	0.002	0.993	0.004
13	L	0.000	0.999	0.000	0.972	0.027
14	A	0.000	0.999	0.000	0.688	0.310
15	S	0.000	0.999	0.000	0.578	0.421
16	C	0.000	0.999	0.000	0.491	0.508
17	A	0.004	0.995	0.000	0.254	0.741
18	A	0.017	0.978	0.000	0.072	0.906
19	S	0.253	0.725	0.000	0.013	0.711
20	P	0.004	0.720	0.000	0.006	0.714
21	A	0.012	0.708	0.000	0.003	0.705
22	A	0.065	0.643	0.000	0.002	0.641
23	S	0.006	0.637	0.000	0.002	0.635
24	R	0.203	0.434	0.000	0.000	0.434
25	S	0.000	0.434	0.000	0.000	0.434
26	A	0.363	0.072	0.000	0.000	0.072
27	D	0.009	0.062	0.000	0.000	0.062
28	A	0.000	0.062	0.000	0.000	0.062
29	S	0.048	0.014	0.000	0.000	0.014
30	V	0.000	0.014	0.000	0.000	0.014
31	P	0.000	0.014	0.000	0.000	0.014
32	Q	0.001	0.014	0.000	0.000	0.014
33	K	0.000	0.013	0.000	0.000	0.013
34	A	0.000	0.013	0.000	0.000	0.013
35	L	0.000	0.013	0.000	0.000	0.013
36	A	0.000	0.013	0.000	0.000	0.013
37	N	0.007	0.007	0.000	0.000	0.007
38	S	0.000	0.007	0.000	0.000	0.007
39	H	0.000	0.007	0.000	0.000	0.007
40	A	0.000	0.007	0.000	0.000	0.007
>XP_001396085.1
pos	aa	C	S	n-reg	h-reg	c-reg
1	M	0.000	0.932	0.932	0.000	0.000
2	K	0.000	0.932	0.932	0.000	0.000
3	V	0.000	0.932	0.479	0.453	0.000
4	S	0.000	0.932	0.269	0.663	0.000
5	S	0.000	0.932	0.131	0.801	0.000
6	L	0.000	0.932	0.023	0.909	0.000
7	L	0.000	0.932	0.005	0.927	0.000
8	S	0.000	0.932	0.004	0.928	0.000
9	V	0.000	0.932	0.001	0.932	0.000
10	A	0.000	0.932	0.000	0.929	0.003
11	L	0.000	0.932	0.000	0.797	0.135
12	P	0.000	0.932	0.000	0.470	0.462
13	G	0.000	0.932	0.000	0.198	0.734
14	A	0.000	0.932	0.000	0.144	0.788
15	A	0.000	0.932	0.000	0.082	0.850
16	L	0.008	0.924	0.000	0.075	0.849
17	A	0.042	0.883	0.000	0.013	0.870
18	A	0.676	0.207	0.000	0.006	0.202
19	T	0.031	0.176	0.000	0.000	0.176
20	D	0.090	0.086	0.000	0.000	0.086
21	S	0.000	0.086	0.000	0.000	0.086
22	F	0.069	0.017	0.000	0.000	0.017
23	Q	0.000	0.017	0.000	0.000	0.017
24	S	0.011	0.006	0.000	0.000	0.006
25	R	0.002	0.004	0.000	0.000	0.004
26	C	0.000	0.004	0.000	0.000	0.004
27	N	0.004	0.000	0.000	0.000	0.000
28	E	0.000	0.000	0.000	0.000	0.000
29	F	0.000	0.000	0.000	0.000	0.000
30	Q	0.000	0.000	0.000	0.000	0.000
31	N	0.000	0.000	0.000	0.000	0.000
32	K	0.000	0.000	0.000	0.000	0.000
33	I	0.000	0.000	0.000	0.000	0.000
34	D	0.000	0.000	0.000	0.000	0.000
35	I	0.000	0.000	0.000	0.000	0.000
36	A	0.000	0.000	0.000	0.000	0.000
37	N	0.000	0.000	0.000	0.000	0.000
38	V	0.000	0.000	0.000	0.000	0.000
39	T	0.000	0.000	0.000	0.000	0.000
40	V	0.000	0.000	0.000	0.000	0.000
>XP_001396086.2
pos	aa	C	S	n-reg	h-reg	c-reg
1	M	0.000	0.897	0.897	0.000	0.000
2	R	0.000	0.986	0.986	0.000	0.000
3	R	0.000	0.986	0.986	0.000	0.000
4	R	0.000	0.986	0.986	0.000	0.000
5	T	0.000	0.986	0.986	0.000	0.000
6	R	0.000	0.986	0.986	0.000	0.000
7	R	0.000	0.986	0.984	0.001	0.000
8	S	0.000	0.986	0.922	0.064	0.000
9	L	0.000	0.986	0.864	0.121	0.000
10	V	0.000	0.986	0.845	0.141	0.000
11	H	0.000	0.986	0.830	0.156	0.000
12	L	0.000	0.986	0.504	0.482	0.000
13	A	0.000	0.986	0.352	0.634	0.000
14	F	0.000	0.986	0.169	0.817	0.000
15	F	0.000	0.986	0.080	0.905	0.000
16	A	0.000	0.986	0.050	0.892	0.044
17	G	0.000	0.986	0.031	0.898	0.056
18	I	0.000	0.986	0.003	0.924	0.058
19	L	0.000	0.986	0.000	0.925	0.061
20	S	0.000	0.985	0.000	0.915	0.070
21	L	0.053	0.933	0.000	0.905	0.028
22	I	0.004	0.928	0.000	0.898	0.030
23	L	0.000	0.927	0.000	0.843	0.084
24	F	0.002	0.917	0.000	0.507	0.410
25	L	0.000	0.898	0.000	0.305	0.593
26	N	0.014	0.826	0.000	0.046	0.779
27	R	0.000	0.824	0.000	0.002	0.822
28	P	0.000	0.824	0.000	0.000	0.824
29	S	0.076	0.748	0.000	0.000	0.748
30	S	0.016	0.732	0.000	0.000	0.732
31	P	0.012	0.720	0.000	0.000	0.720
32	G	0.300	0.420	0.000	0.000	0.420
33	R	0.345	0.075	0.000	0.000	0.075
34	P	0.000	0.075	0.000	0.000	0.075
35	F	0.040	0.035	0.000	0.000	0.035
36	A	0.000	0.035	0.000	0.000	0.035
37	W	0.014	0.021	0.000	0.000	0.021
38	T	0.000	0.021	0.000	0.000	0.021
39	T	0.016	0.005	0.000	0.000	0.005
40	V	0.000	0.005	0.000	0.000	0.005
>XP_001396089.2
pos	aa	C	S	n-reg	h-reg	c-reg
1	M	0.000	0.060	0.060	0.000	0.000
2	P	0.000	0.989	0.989	0.000	0.000
3	R	0.000	0.989	0.989	0.000	0.000
4	P	0.000	0.989	0.989	0.000	0.000
5	N	0.000	0.989	0.989	0.000	0.000
6	L	0.000	0.989	0.989	0.000	0.000
7	T	0.000	0.989	0.989	0.000	0.000
8	R	0.000	0.989	0.989	0.000	0.000
9	P	0.000	0.989	0.989	0.000	0.000
10	R	0.000	0.989	0.989	0.000	0.000
11	R	0.000	0.989	0.989	0.000	0.000
12	P	0.000	0.989	0.966	0.023	0.000
13	W	0.000	0.989	0.761	0.227	0.000
14	C	0.000	0.989	0.476	0.513	0.000
15	I	0.000	0.989	0.242	0.747	0.000
16	A	0.000	0.989	0.168	0.820	0.000
17	I	0.000	0.989	0.107	0.882	0.000
18	S	0.000	0.989	0.085	0.904	0.000
19	I	0.000	0.989	0.037	0.951	0.000
20	A	0.000	0.989	0.021	0.967	0.000
21	I	0.000	0.989	0.010	0.979	0.000
22	A	0.000	0.989	0.005	0.984	0.000
23	L	0.000	0.989	0.001	0.987	0.000
24	V	0.000	0.989	0.000	0.988	0.000
25	I	0.000	0.989	0.000	0.987	0.001
26	I	0.000	0.989	0.000	0.984	0.004
27	I	0.000	0.988	0.000	0.980	0.008
28	V	0.000	0.986	0.000	0.970	0.016
29	I	0.000	0.980	0.000	0.949	0.031
30	V	0.000	0.967	0.000	0.925	0.042
31	V	0.000	0.934	0.000	0.884	0.050
32	P	0.000	0.850	0.000	0.795	0.054
33	C	0.009	0.831	0.000	0.784	0.047
34	A	0.028	0.788	0.000	0.765	0.023
35	V	0.007	0.762	0.000	0.746	0.016
36	I	0.000	0.716	0.000	0.701	0.016
37	L	0.000	0.606	0.000	0.591	0.016
38	T	0.004	0.285	0.000	0.273	0.012
39	R	0.012	0.000	0.000	0.000	0.000
40	K	0.000	0.000	0.000	0.000	0.000
>XP_001396090.2
pos	aa	C	S	n-reg	h-reg	c-reg
1	M	0.000	0.000	0.000	0.000	0.000
2	G	0.000	0.000	0.000	0.000	0.000
3	L	0.000	0.000	0.000	0.000	0.000
4	E	0.000	0.000	0.000	0.000	0.000
5	Y	0.000	0.000	0.000	0.000	0.000
6	L	0.000	0.000	0.000	0.000	0.000
7	G	0.000	0.000	0.000	0.000	0.000
8	L	0.000	0.000	0.000	0.000	0.000
9	D	0.000	0.000	0.000	0.000	0.000
10	A	0.000	0.000	0.000	0.000	0.000
11	V	0.000	0.000	0.000	0.000	0.000
12	G	0.000	0.000	0.000	0.000	0.000
13	W	0.000	0.000	0.000	0.000	0.000
14	H	0.000	0.000	0.000	0.000	0.000
15	R	0.000	0.000	0.000	0.000	0.000
16	M	0.000	0.000	0.000	0.000	0.000
17	T	0.000	0.000	0.000	0.000	0.000
18	T	0.000	0.000	0.000	0.000	0.000
19	T	0.000	0.000	0.000	0.000	0.000
20	W	0.000	0.000	0.000	0.000	0.000
21	W	0.000	0.000	0.000	0.000	0.000
22	D	0.000	0.000	0.000	0.000	0.000
23	K	0.000	0.000	0.000	0.000	0.000
24	V	0.000	0.000	0.000	0.000	0.000
25	I	0.000	0.000	0.000	0.000	0.000
26	A	0.000	0.000	0.000	0.000	0.000
27	A	0.000	0.000	0.000	0.000	0.000
28	C	0.000	0.000	0.000	0.000	0.000
29	L	0.000	0.000	0.000	0.000	0.000
30	L	0.000	0.000	0.000	0.000	0.000
31	T	0.000	0.000	0.000	0.000	0.000
32	T	0.000	0.000	0.000	0.000	0.000
33	I	0.000	0.000	0.000	0.000	0.000
34	V	0.000	0.000	0.000	0.000	0.000
35	L	0.000	0.000	0.000	0.000	0.000
36	G	0.000	0.000	0.000	0.000	0.000
37	A	0.000	0.000	0.000	0.000	0.000
38	V	0.000	0.000	0.000	0.000	0.000
39	F	0.000	0.000	0.000	0.000	0.000
40	V	0.000	0.000	0.000	0.000	0.000
>XP_001396102.1
pos	aa	C	S	n-reg	h-reg	c-reg
1	M	0.000	0.776	0.776	0.000	0.000
2	P	0.000	0.776	0.776	0.000	0.000
3	T	0.000	0.776	0.771	0.005	0.000
4	T	0.000	0.776	0.764	0.012	0.000
5	P	0.000	0.776	0.759	0.017	0.000
6	L	0.000	0.776	0.689	0.086	0.000
7	R	0.000	0.776	0.677	0.099	0.000
8	T	0.000	0.776	0.475	0.301	0.000
9	A	0.000	0.776	0.231	0.545	0.000
10	L	0.000	0.776	0.039	0.737	0.000
11	I	0.000	0.776	0.013	0.762	0.000
12	G	0.000	0.776	0.008	0.766	0.002
13	L	0.000	0.776	0.002	0.771	0.003
14	S	0.000	0.776	0.001	0.734	0.040
15	S	0.000	0.776	0.001	0.703	0.072
16	S	0.000	0.776	0.000	0.654	0.122
17	A	0.002	0.774	0.000	0.615	0.158
18	I	0.001	0.773	0.000	0.383	0.390
19	T	0.000	0.773	0.000	0.200	0.573
20	S	0.002	0.771	0.000	0.118	0.652
21	W	0.004	0.767	0.000	0.018	0.748
22	A	0.000	0.767	0.000	0.007	0.760
23	A	0.493	0.274	0.000	0.003	0.271
24	D	0.022	0.252	0.000	0.000	0.251
25	A	0.000	0.252	0.000	0.000	0.251
26	H	0.171	0.081	0.000	0.000	0.081
27	L	0.000	0.081	0.000	0.000	0.081
28	P	0.005	0.076	0.000	0.000	0.076
29	A	0.001	0.075	0.000	0.000	0.075
30	L	0.003	0.072	0.000	0.000	0.072
31	Q	0.000	0.072	0.000	0.000	0.071
32	S	0.003	0.069	0.000	0.000	0.069
33	T	0.003	0.066	0.000	0.000	0.066
34	A	0.001	0.065	0.000	0.000	0.065
35	G	0.008	0.056	0.000	0.000	0.056
36	R	0.012	0.044	0.000	0.000	0.044
37	S	0.000	0.044	0.000	0.000	0.044
38	H	0.003	0.040	0.000	0.000	0.040
39	Y	0.000	0.040	0.000	0.000	0.040
40	Q	0.000	0.040	0.000	0.000	0.040
>XP_001396105.1
pos	aa	C	S	n-reg	h-reg	c-reg
1	M	0.000	0.998	0.998	0.000	0.000
2	I	0.000	0.998	0.998	0.000	0.000
3	I	0.000	0.998	0.942	0.056	0.000
4	S	0.000	0.998	0.892	0.107	0.000
5	Q	0.000	0.998	0.799	0.200	0.000
6	L	0.000	0.998	0.132	0.867	0.000
7	I	0.000	0.998	0.029	0.969	0.000
8	L	0.000	0.998	0.004	0.994	0.000
9	A	0.000	0.998	0.000	0.998	0.000
10	L	0.000	0.998	0.000	0.998	0.000
11	L	0.000	0.998	0.000	0.997	0.001
12	W	0.000	0.998	0.000	0.980	0.018
13	W	0.000	0.998	0.000	0.949	0.050
14	C	0.000	0.998	0.000	0.824	0.174
15	V	0.000	0.998	0.000	0.746	0.252
16	S	0.000	0.998	0.000	0.450	0.548
17	T	0.001	0.998	0.000	0.022	0.976
18	A	0.002	0.995	0.000	0.003	0.992
19	A	0.049	0.947	0.000	0.000	0.947
20	G	0.027	0.919	0.000	0.000	0.919
21	A	0.361	0.558	0.000	0.000	0.558
22	E	0.558	0.000	0.000	0.000	0.000
23	E	0.000	0.000	0.000	0.000	0.000
24	T	0.000	0.000	0.000	0.000	0.000
25	C	0.000	0.000	0.000	0.000	0.000
26	D	0.000	0.000	0.000	0.000	0.000
27	N	0.000	0.000	0.000	0.000	0.000
28	A	0.000	0.000	0.000	0.000	0.000
29	P	0.000	0.000	0.000	0.000	0.000
30	P	0.000	0.000	0.000	0.000	0.000
31	N	0.000	0.000	0.000	0.000	0.000
32	D	0.000	0.000	0.000	0.000	0.000
33	P	0.000	0.000	0.000	0.000	0.000
34	I	0.000	0.000	0.000	0.000	0.000
35	G	0.000	0.000	0.000	0.000	0.000
36	I	0.000	0.000	0.000	0.000	0.000
37	D	0.000	0.000	0.000	0.000	0.000
38	L	0.000	0.000	0.000	0.000	0.000
39	G	0.000	0.000	0.000	0.000	0.000
40	H	0.000	0.000	0.000	0.000	0.000
>XP_001396109.1
pos	aa	C	S	n-reg	h-reg	c-reg
1	M	0.000	0.721	0.721	0.000	0.000
2	S	0.000	0.721	0.721	0.000	0.000
3	K	0.000	0.721	0.719	0.001	0.000
4	L	0.000	0.721	0.196	0.525	0.000
5	L	0.000	0.721	0.085	0.636	0.000
6	A	0.000	0.721	0.050	0.671	0.000
7	L	0.000	0.721	0.024	0.697	0.000
8	T	0.000	0.721	0.020	0.701	0.000
9	K	0.000	0.721	0.019	0.702	0.000
10	V	0.000	0.721	0.001	0.720	0.000
11	L	0.000	0.721	0.000	0.720	0.000
12	P	0.000	0.721	0.000	0.694	0.027
13	V	0.000	0.721	0.000	0.678	0.042
14	L	0.000	0.721	0.000	0.652	0.068
15	A	0.000	0.721	0.000	0.560	0.160
16	V	0.004	0.716	0.000	0.059	0.657
17	G	0.000	0.716	0.000	0.020	0.696
18	S	0.005	0.711	0.000	0.002	0.709
19	L	0.006	0.705	0.000	0.002	0.703
20	A	0.013	0.692	0.000	0.001	0.691
21	V	0.690	0.003	0.000	0.001	0.002
22	D	0.000	0.003	0.000	0.000	0.002
23	Y	0.000	0.003	0.000	0.000	0.003
24	P	0.000	0.003	0.000	0.000	0.003
25	T	0.002	0.001	0.000	0.000	0.001
26	I	0.000	0.001	0.000	0.000	0.001
27	P	0.000	0.001	0.000	0.000	0.001
28	K	0.001	0.000	0.000	0.000	0.000
29	D	0.000	0.000	0.000	0.000	0.000
30	K	0.000	0.000	0.000	0.000	0.000
31	T	0.000	0.000	0.000	0.000	0.000
32	T	0.000	0.000	0.000	0.000	0.000
33	P	0.000	0.000	0.000	0.000	0.000
34	Y	0.000	0.000	0.000	0.000	0.000
35	Q	0.000	0.000	0.000	0.000	0.000
36	Q	0.000	0.000	0.000	0.000	0.000
37	R	0.000	0.000	0.000	0.000	0.000
38	L	0.000	0.000	0.000	0.000	0.000
39	A	0.000	0.000	0.000	0.000	0.000
40	I	0.000	0.000	0.000	0.000	0.000
>XP_001396116.2
pos	aa	C	S	n-reg	h-reg	c-reg
1	M	0.000	0.504	0.504	0.000	0.000
2	Y	0.000	0.515	0.515	0.000	0.000
3	R	0.000	0.515	0.515	0.000	0.000
4	P	0.000	0.515	0.515	0.000	0.000
5	T	0.000	0.515	0.515	0.000	0.000
6	T	0.000	0.515	0.515	0.000	0.000
7	K	0.000	0.515	0.515	0.000	0.000
8	Y	0.000	0.515	0.500	0.015	0.000
9	E	0.000	0.515	0.480	0.035	0.000
10	W	0.000	0.515	0.235	0.280	0.000
11	W	0.000	0.515	0.032	0.483	0.000
12	L	0.000	0.515	0.007	0.508	0.000
13	C	0.000	0.515	0.003	0.512	0.000
14	G	0.000	0.515	0.001	0.514	0.000
15	V	0.000	0.515	0.000	0.515	0.000
16	L	0.000	0.515	0.000	0.513	0.003
17	L	0.000	0.515	0.000	0.507	0.008
18	T	0.000	0.515	0.000	0.358	0.157
19	Q	0.000	0.515	0.000	0.059	0.457
20	A	0.000	0.515	0.000	0.050	0.465
21	A	0.061	0.455	0.000	0.044	0.410
22	L	0.004	0.451	0.000	0.026	0.425
23	T	0.072	0.379	0.000	0.013	0.366
24	I	0.293	0.085	0.000	0.010	0.075
25	I	0.000	0.083	0.000	0.008	0.075
26	S	0.000	0.078	0.000	0.003	0.075
27	E	0.075	0.000	0.000	0.000	0.000
28	V	0.000	0.000	0.000	0.000	0.000
29	Y	0.000	0.000	0.000	0.000	0.000
30	I	0.000	0.000	0.000	0.000	0.000
31	L	0.000	0.000	0.000	0.000	0.000
32	I	0.000	0.000	0.000	0.000	0.000
33	E	0.000	0.000	0.000	0.000	0.000
34	W	0.000	0.000	0.000	0.000	0.000
35	Q	0.000	0.000	0.000	0.000	0.000
36	Q	0.000	0.000	0.000	0.000	0.000
37	W	0.000	0.000	0.000	0.000	0.000
38	V	0.000	0.000	0.000	0.000	0.000
39	T	0.000	0.000	0.000	0.000	0.000
40	P	0.000	0.000	0.000	0.000	0.000
>XP_001396120.2
pos	aa	C	S	n-reg	h-reg	c-reg
1	M	0.000	0.571	0.571	0.000	0.000
2	Q	0.000	0.572	0.572	0.000	0.000
3	I	0.000	0.572	0.563	0.009	0.000
4	L	0.000	0.572	0.552	0.019	0.000
5	Q	0.000	0.572	0.550	0.021	0.000
6	L	0.000	0.572	0.538	0.033	0.000
7	K	0.000	0.572	0.536	0.036	0.000
8	Q	0.000	0.572	0.361	0.210	0.000
9	A	0.000	0.572	0.163	0.409	0.000
10	I	0.000	0.572	0.009	0.562	0.000
11	V	0.000	0.572	0.002	0.569	0.000
12	L	0.000	0.572	0.000	0.570	0.001
13	S	0.000	0.572	0.000	0.565	0.006
14	L	0.000	0.572	0.000	0.562	0.010
15	A	0.000	0.572	0.000	0.556	0.016
16	G	0.000	0.571	0.000	0.385	0.186
17	L	0.000	0.571	0.000	0.353	0.218
18	A	0.000	0.571	0.000	0.065	0.506
19	I	0.002	0.569	0.000	0.046	0.523
20	A	0.000	0.569	0.000	0.009	0.560
21	H	0.266	0.303	0.000	0.001	0.302
22	P	0.000	0.303	0.000	0.000	0.303
23	G	0.278	0.025	0.000	0.000	0.025
24	V	0.002	0.023	0.000	0.000	0.023
25	H	0.000	0.023	0.000	0.000	0.023
26	E	0.000	0.023	0.000	0.000	0.023
27	P	0.000	0.023	0.000	0.000	0.023
28	S	0.019	0.004	0.000	0.000	0.004
29	S	0.000	0.003	0.000	0.000	0.003
30	F	0.002	0.001	0.000	0.000	0.001
31	T	0.000	0.001	0.000	0.000	0.001
32	E	0.001	0.000	0.000	0.000	0.000
33	V	0.000	0.000	0.000	0.000	0.000
34	S	0.000	0.000	0.000	0.000	0.000
35	K	0.000	0.000	0.000	0.000	0.000
36	R	0.000	0.000	0.000	0.000	0.000
37	A	0.000	0.000	0.000	0.000	0.000
38	F	0.000	0.000	0.000	0.000	0.000
39	L	0.000	0.000	0.000	0.000	0.000
40	N	0.000	0.000	0.000	0.000	0.000
>XP_001396123.2
pos	aa	C	S	n-reg	h-reg	c-reg
1	M	0.000	0.653	0.653	0.000	0.000
2	R	0.000	0.653	0.653	0.000	0.000
3	V	0.000	0.653	0.429	0.224	0.000
4	L	0.000	0.653	0.247	0.406	0.000
5	G	0.000	0.653	0.212	0.440	0.000
6	A	0.000	0.653	0.099	0.554	0.000
7	V	0.000	0.653	0.019	0.634	0.000
8	A	0.000	0.653	0.006	0.646	0.000
9	L	0.000	0.653	0.001	0.652	0.000
10	G	0.000	0.653	0.001	0.652	0.000
11	V	0.000	0.653	0.000	0.651	0.001
12	A	0.000	0.653	0.000	0.638	0.014
13	L	0.000	0.653	0.000	0.620	0.033
14	L	0.000	0.653	0.000	0.550	0.102
15	S	0.000	0.652	0.000	0.240	0.413
16	T	0.000	0.652	0.000	0.075	0.577
17	T	0.000	0.652	0.000	0.008	0.643
18	I	0.001	0.651	0.000	0.003	0.648
19	A	0.000	0.651	0.000	0.001	0.650
20	A	0.216	0.435	0.000	0.001	0.434
21	A	0.255	0.180	0.000	0.000	0.179
22	S	0.170	0.010	0.000	0.000	0.010
23	V	0.006	0.003	0.000	0.000	0.003
24	K	0.000	0.003	0.000	0.000	0.003
25	E	0.000	0.003	0.000	0.000	0.003
26	L	0.000	0.003	0.000	0.000	0.003
27	G	0.000	0.003	0.000	0.000	0.003
28	A	0.000	0.003	0.000	0.000	0.003
29	L	0.001	0.002	0.000	0.000	0.002
30	L	0.000	0.002	0.000	0.000	0.002
31	P	0.000	0.002	0.000	0.000	0.002
32	T	0.000	0.002	0.000	0.000	0.002
33	C	0.000	0.002	0.000	0.000	0.002
34	A	0.000	0.002	0.000	0.000	0.002
35	V	0.000	0.001	0.000	0.000	0.001
36	K	0.000	0.001	0.000	0.000	0.001
37	C	0.000	0.001	0.000	0.000	0.001
38	M	0.000	0.001	0.000	0.000	0.001
39	A	0.000	0.001	0.000	0.000	0.001
40	V	0.001	0.000	0.000	0.000	0.000
>XP_001396125.2
pos	aa	C	S	n-reg	h-reg	c-reg
1	M	0.000	0.834	0.834	0.000	0.000
2	R	0.000	0.834	0.834	0.000	0.000
3	I	0.000	0.834	0.765	0.069	0.000
4	S	0.000	0.834	0.734	0.100	0.000
5	T	0.000	0.834	0.668	0.166	0.000
6	T	0.000	0.834	0.507	0.327	0.000
7	P	0.000	0.834	0.403	0.431	0.000
8	L	0.000	0.834	0.104	0.730	0.000
9	W	0.000	0.834	0.026	0.808	0.000
10	I	0.000	0.834	0.017	0.816	0.000
11	W	0.000	0.834	0.015	0.802	0.017
12	P	0.000	0.834	0.012	0.795	0.026
13	L	0.000	0.834	0.002	0.794	0.037
14	A	0.000	0.834	0.001	0.711	0.121
15	A	0.000	0.834	0.001	0.652	0.181
16	A	0.018	0.816	0.000	0.493	0.323
17	P	0.004	0.813	0.000	0.058	0.755
18	L	0.002	0.811	0.000	0.051	0.760
19	V	0.000	0.810	0.000	0.024	0.787
20	A	0.000	0.810	0.000	0.018	0.792
21	G	0.119	0.691	0.000	0.012	0.679
22	F	0.645	0.046	0.000	0.010	0.035
23	T	0.000	0.046	0.000	0.009	0.037
24	D	0.027	0.019	0.000	0.000	0.019
25	H	0.000	0.019	0.000	0.000	0.019
26	S	0.000	0.019	0.000	0.000	0.019
27	Y	0.002	0.017	0.000	0.000	0.017
28	S	0.000	0.017	0.000	0.000	0.017
29	K	0.015	0.002	0.000	0.000	0.002
30	H	0.000	0.002	0.000	0.000	0.002
31	A	0.000	0.002	0.000	0.000	0.002
32	A	0.002	0.000	0.000	0.000	0.000
33	M	0.000	0.000	0.000	0.000	0.000
34	H	0.000	0.000	0.000	0.000	0.000
35	K	0.000	0.000	0.000	0.000	0.000
36	R	0.000	0.000	0.000	0.000	0.000
37	C	0.000	0.000	0.000	0.000	0.000
38	P	0.000	0.000	0.000	0.000	0.000
39	Y	0.000	0.000	0.000	0.000	0.000
40	A	0.000	0.000	0.000	0.000	0.000
>XP_001396127.1
pos	aa	C	S	n-reg	h-reg	c-reg
1	M	0.000	0.982	0.982	0.000	0.000
2	R	0.000	0.984	0.984	0.000	0.000
3	Y	0.000	0.984	0.979	0.005	0.000
4	S	0.000	0.984	0.966	0.018	0.000
5	Q	0.000	0.984	0.950	0.034	0.000
6	P	0.000	0.984	0.821	0.163	0.000
7	L	0.000	0.984	0.089	0.894	0.000
8	L	0.000	0.984	0.018	0.966	0.000
9	A	0.000	0.984	0.008	0.975	0.000
10	I	0.000	0.984	0.003	0.981	0.000
11	S	0.000	0.984	0.001	0.982	0.001
12	G	0.000	0.984	0.001	0.981	0.002
13	I	0.000	0.984	0.000	0.977	0.006
14	I	0.000	0.984	0.000	0.952	0.032
15	A	0.000	0.984	0.000	0.605	0.379
16	S	0.000	0.984	0.000	0.376	0.608
17	A	0.000	0.983	0.000	0.305	0.678
18	A	0.070	0.913	0.000	0.212	0.701
19	S	0.036	0.877	0.000	0.007	0.870
20	T	0.153	0.723	0.000	0.004	0.719
21	T	0.068	0.655	0.000	0.001	0.654
22	T	0.042	0.613	0.000	0.001	0.612
23	S	0.067	0.546	0.000	0.000	0.545
24	F	0.501	0.044	0.000	0.000	0.044
25	P	0.000	0.044	0.000	0.000	0.044
26	A	0.037	0.008	0.000	0.000	0.008
27	N	0.001	0.007	0.000	0.000	0.007
28	F	0.000	0.007	0.000	0.000	0.007
29	T	0.000	0.007	0.000	0.000	0.007
30	L	0.001	0.006	0.000	0.000	0.006
31	I	0.000	0.006	0.000	0.000	0.006
32	S	0.000	0.006	0.000	0.000	0.006
33	T	0.000	0.006	0.000	0.000	0.006
34	L	0.003	0.003	0.000	0.000	0.003
35	D	0.000	0.003	0.000	0.000	0.003
36	N	0.000	0.003	0.000	0.000	0.003
37	S	0.000	0.003	0.000	0.000	0.003
38	V	0.000	0.003	0.000	0.000	0.003
39	L	0.000	0.003	0.000	0.000	0.003
40	T	0.000	0.003	0.000	0.000	0.003
>XP_001396141.1
pos	aa	C	S	n-reg	h-reg	c-reg
1	M	0.000	0.995	0.995	0.000	0.000
2	L	0.000	0.997	0.997	0.000	0.000
3	F	0.000	0.997	0.994	0.003	0.000
4	S	0.000	0.997	0.992	0.005	0.000
5	L	0.000	0.997	0.988	0.009	0.000
6	K	0.000	0.997	0.987	0.010	0.000
7	P	0.000	0.997	0.833	0.165	0.000
8	T	0.000	0.997	0.480	0.517	0.000
9	I	0.000	0.997	0.105	0.892	0.000
10	L	0.000	0.997	0.019	0.978	0.000
11	L	0.000	0.997	0.004	0.993	0.000
12	A	0.000	0.997	0.002	0.995	0.001
13	V	0.000	0.997	0.000	0.996	0.001
14	A	0.000	0.997	0.000	0.995	0.002
15	L	0.000	0.997	0.000	0.923	0.074
16	T	0.000	0.997	0.000	0.725	0.272
17	A	0.000	0.997	0.000	0.500	0.497
18	V	0.000	0.996	0.000	0.456	0.541
19	A	0.000	0.996	0.000	0.268	0.729
20	S	0.286	0.709	0.000	0.171	0.539
21	P	0.036	0.673	0.000	0.004	0.669
22	V	0.146	0.527	0.000	0.002	0.525
23	A	0.000	0.527	0.000	0.000	0.527
24	N	0.148	0.378	0.000	0.000	0.378
25	P	0.000	0.378	0.000	0.000	0.378
26	T	0.284	0.095	0.000	0.000	0.095
27	A	0.022	0.072	0.000	0.000	0.072
28	D	0.071	0.001	0.000	0.000	0.001
29	E	0.000	0.001	0.000	0.000	0.001
30	P	0.000	0.001	0.000	0.000	0.001
31	H	0.000	0.000	0.000	0.000	0.000
32	T	0.000	0.000	0.000	0.000	0.000
33	L	0.000	0.000	0.000	0.000	0.000
34	V	0.000	0.000	0.000	0.000	0.000
35	S	0.000	0.000	0.000	0.000	0.000
36	R	0.000	0.000	0.000	0.000	0.000
37	A	0.000	0.000	0.000	0.000	0.000
38	T	0.000	0.000	0.000	0.000	0.000
39	I	0.000	0.000	0.000	0.000	0.000
40	K	0.000	0.000	0.000	0.000	0.000
>XP_001396170.2
pos	aa	C	S	n-reg	h-reg	c-reg
1	M	0.000	0.988	0.988	0.000	0.000
2	S	0.000	0.988	0.988	0.000	0.000
3	P	0.000	0.988	0.988	0.000	0.000
4	L	0.000	0.988	0.988	0.000	0.000
5	L	0.000	0.988	0.988	0.000	0.000
6	M	0.000	0.988	0.988	0.000	0.000
7	P	0.000	0.988	0.988	0.000	0.000
8	E	0.000	0.988	0.988	0.000	0.000
9	F	0.000	0.988	0.988	0.000	0.000
10	L	0.000	0.988	0.988	0.000	0.000
11	S	0.000	0.988	0.988	0.000	0.000
12	R	0.000	0.988	0.988	0.000	0.000
13	S	0.000	0.988	0.988	0.000	0.000
14	P	0.000	0.988	0.988	0.000	0.000
15	A	0.000	0.988	0.988	0.000	0.000
16	S	0.000	0.988	0.988	0.000	0.000
17	Q	0.000	0.988	0.988	0.000	0.000
18	K	0.000	0.988	0.988	0.000	0.000
19	R	0.000	0.988	0.988	0.000	0.000
20	G	0.000	0.988	0.988	0.000	0.000
21	Y	0.000	0.988	0.988	0.000	0.000
22	S	0.000	0.988	0.988	0.000	0.000
23	A	0.000	0.988	0.988	0.000	0.000
24	R	0.000	0.988	0.988	0.000	0.000
25	P	0.000	0.988	0.985	0.003	0.000
26	F	0.000	0.988	0.960	0.028	0.000
27	W	0.000	0.988	0.889	0.099	0.000
28	A	0.000	0.988	0.487	0.501	0.000
29	C	0.000	0.988	0.146	0.842	0.000
30	L	0.000	0.988	0.052	0.936	0.000
31	L	0.000	0.988	0.013	0.975	0.000
32	A	0.000	0.988	0.004	0.984	0.000
33	F	0.000	0.988	0.001	0.986	0.000
34	F	0.000	0.988	0.000	0.987	0.000
35	L	0.000	0.988	0.000	0.987	0.001
36	L	0.000	0.988	0.000	0.985	0.003
37	A	0.000	0.988	0.000	0.975	0.013
38	I	0.000	0.988	0.000	0.967	0.020
39	L	0.000	0.988	0.000	0.802	0.186
40	S	0.000	0.988	0.000	0.130	0.858
>XP_001396186.1
pos	aa	C	S	n-reg	h-reg	c-reg
1	M	0.000	0.892	0.892	0.000	0.000
2	L	0.000	0.892	0.892	0.000	0.000
3	F	0.000	0.892	0.482	0.409	0.000
4	F	0.000	0.892	0.263	0.629	0.000
5	W	0.000	0.892	0.154	0.738	0.000
6	V	0.000	0.892	0.031	0.861	0.000
7	L	0.000	0.892	0.005	0.887	0.000
8	L	0.000	0.892	0.001	0.891	0.000
9	F	0.000	0.892	0.000	0.892	0.000
10	L	0.000	0.892	0.000	0.891	0.001
11	S	0.000	0.892	0.000	0.766	0.126
12	F	0.000	0.892	0.000	0.673	0.218
13	R	0.000	0.892	0.000	0.275	0.616
14	G	0.000	0.892	0.000	0.237	0.655
15	I	0.003	0.889	0.000	0.186	0.703
16	V	0.000	0.889	0.000	0.153	0.736
17	A	0.000	0.889	0.000	0.009	0.880
18	E	0.341	0.548	0.000	0.000	0.548
19	A	0.000	0.548	0.000	0.000	0.548
20	E	0.232	0.316	0.000	0.000	0.316
21	A	0.000	0.316	0.000	0.000	0.316
22	D	0.316	0.000	0.000	0.000	0.000
23	D	0.000	0.000	0.000	0.000	0.000
24	D	0.000	0.000	0.000	0.000	0.000
25	L	0.000	0.000	0.000	0.000	0.000
26	M	0.000	0.000	0.000	0.000	0.000
27	S	0.000	0.000	0.000	0.000	0.000
28	F	0.000	0.000	0.000	0.000	0.000
29	V	0.000	0.000	0.000	0.000	0.000
30	T	0.000	0.000	0.000	0.000	0.000
31	L	0.000	0.000	0.000	0.000	0.000
32	P	0.000	0.000	0.000	0.000	0.000
33	E	0.000	0.000	0.000	0.000	0.000
34	V	0.000	0.000	0.000	0.000	0.000
35	R	0.000	0.000	0.000	0.000	0.000
36	A	0.000	0.000	0.000	0.000	0.000
37	L	0.000	0.000	0.000	0.000	0.000
38	K	0.000	0.000	0.000	0.000	0.000
39	F	0.000	0.000	0.000	0.000	0.000
40	N	0.000	0.000	0.000	0.000	0.000
>XP_001396202.2
pos	aa	C	S	n-reg	h-reg	c-reg
1	M	0.000	0.941	0.941	0.000	0.000
2	I	0.000	0.941	0.941	0.000	0.000
3	L	0.000	0.941	0.934	0.007	0.000
4	P	0.000	0.941	0.932	0.010	0.000
5	Q	0.000	0.941	0.916	0.026	0.000
6	G	0.000	0.941	0.716	0.225	0.000
7	S	0.000	0.941	0.401	0.540	0.000
8	L	0.000	0.941	0.136	0.805	0.000
9	F	0.000	0.941	0.049	0.892	0.000
10	L	0.000	0.941	0.014	0.928	0.000
11	V	0.000	0.941	0.007	0.934	0.000
12	S	0.000	0.941	0.005	0.935	0.001
13	I	0.000	0.941	0.001	0.938	0.002
14	A	0.000	0.941	0.001	0.908	0.033
15	A	0.000	0.941	0.000	0.817	0.124
16	C	0.000	0.941	0.000	0.713	0.228
17	S	0.001	0.940	0.000	0.437	0.503
18	T	0.001	0.939	0.000	0.202	0.737
19	V	0.003	0.936	0.000	0.109	0.827
20	V	0.000	0.936	0.000	0.061	0.875
21	A	0.000	0.936	0.000	0.027	0.909
22	A	0.235	0.701	0.000	0.006	0.696
23	A	0.364	0.338	0.000	0.004	0.334
24	G	0.173	0.165	0.000	0.000	0.165
25	D	0.085	0.080	0.000	0.000	0.080
26	A	0.000	0.080	0.000	0.000	0.080
27	S	0.039	0.041	0.000	0.000	0.041
28	S	0.001	0.040	0.000	0.000	0.040
29	R	0.039	0.001	0.000	0.000	0.001
30	P	0.000	0.001	0.000	0.000	0.001
31	R	0.001	0.000	0.000	0.000	0.000
32	G	0.000	0.000	0.000	0.000	0.000
33	V	0.000	0.000	0.000	0.000	0.000
34	G	0.000	0.000	0.000	0.000	0.000
35	P	0.000	0.000	0.000	0.000	0.000
36	E	0.000	0.000	0.000	0.000	0.000
37	F	0.000	0.000	0.000	0.000	0.000
38	A	0.000	0.000	0.000	0.000	0.000
39	K	0.000	0.000	0.000	0.000	0.000
40	F	0.000	0.000	0.000	0.000	0.000
>XP_001396218.1
pos	aa	C	S	n-reg	h-reg	c-reg
1	M	0.000	0.995	0.995	0.000	0.000
2	R	0.000	0.995	0.995	0.000	0.000
3	L	0.000	0.995	0.538	0.457	0.000
4	G	0.000	0.995	0.437	0.558	0.000
5	S	0.000	0.995	0.341	0.654	0.000
6	I	0.000	0.995	0.014	0.981	0.000
7	S	0.000	0.995	0.005	0.990	0.000
8	L	0.000	0.995	0.001	0.994	0.000
9	L	0.000	0.995	0.001	0.994	0.000
10	A	0.000	0.995	0.000	0.994	0.000
11	L	0.000	0.995	0.000	0.930	0.064
12	G	0.000	0.995	0.000	0.769	0.225
13	A	0.000	0.995	0.000	0.693	0.302
14	T	0.000	0.995	0.000	0.048	0.946
15	T	0.000	0.995	0.000	0.017	0.977
16	A	0.010	0.985	0.000	0.008	0.977
17	S	0.101	0.884	0.000	0.005	0.879
18	A	0.048	0.837	0.000	0.002	0.834
19	I	0.813	0.024	0.000	0.002	0.022
20	R	0.000	0.024	0.000	0.000	0.023
21	D	0.000	0.024	0.000	0.000	0.023
22	T	0.000	0.024	0.000	0.000	0.023
23	S	0.004	0.020	0.000	0.000	0.019
24	P	0.000	0.020	0.000	0.000	0.019
25	F	0.003	0.017	0.000	0.000	0.016
26	F	0.000	0.017	0.000	0.000	0.016
27	L	0.000	0.017	0.000	0.000	0.016
28	A	0.000	0.017	0.000	0.000	0.016
29	S	0.000	0.017	0.000	0.000	0.016
30	T	0.000	0.017	0.000	0.000	0.016
31	S	0.000	0.016	0.000	0.000	0.016
32	Q	0.000	0.016	0.000	0.000	0.016
33	I	0.000	0.016	0.000	0.000	0.015
34	P	0.000	0.016	0.000	0.000	0.016
35	S	0.000	0.016	0.000	0.000	0.016
36	T	0.000	0.016	0.000	0.000	0.016
37	S	0.000	0.016	0.000	0.000	0.016
38	A	0.000	0.015	0.000	0.000	0.015
39	Q	0.014	0.001	0.000	0.000	0.001
40	L	0.000	0.001	0.000	0.000	0.001
>XP_001396219.2
pos	aa	C	S	n-reg	h-reg	c-reg
1	M	0.000	0.999	0.999	0.000	0.000
2	V	0.000	1.000	1.000	0.000	0.000
3	A	0.000	1.000	1.000	0.000	0.000
4	L	0.000	1.000	1.000	0.000	0.000
5	S	0.000	1.000	1.000	0.000	0.000
6	V	0.000	1.000	1.000	0.000	0.000
7	G	0.000	1.000	1.000	0.000	0.000
8	L	0.000	1.000	1.000	0.000	0.000
9	S	0.000	1.000	1.000	0.000	0.000
10	R	0.000	1.000	1.000	0.000	0.000
11	A	0.000	1.000	1.000	0.000	0.000
12	R	0.000	1.000	1.000	0.000	0.000
13	Q	0.000	1.000	0.999	0.001	0.000
14	P	0.000	1.000	0.988	0.012	0.000
15	S	0.000	1.000	0.906	0.094	0.000
16	F	0.000	1.000	0.622	0.378	0.000
17	I	0.000	1.000	0.184	0.816	0.000
18	L	0.000	1.000	0.025	0.975	0.000
19	L	0.000	1.000	0.006	0.994	0.000
20	L	0.000	1.000	0.001	0.999	0.000
21	L	0.000	1.000	0.000	1.000	0.000
22	F	0.000	1.000	0.000	1.000	0.000
23	M	0.000	1.000	0.000	0.999	0.001
24	I	0.000	1.000	0.000	0.998	0.002
25	V	0.000	1.000	0.000	0.982	0.018
26	F	0.000	1.000	0.000	0.876	0.124
27	V	0.000	1.000	0.000	0.789	0.211
28	A	0.000	1.000	0.000	0.577	0.423
29	Q	0.001	0.999	0.000	0.005	0.993
30	V	0.005	0.994	0.000	0.001	0.993
31	S	0.000	0.994	0.000	0.000	0.994
32	V	0.001	0.993	0.000	0.000	0.993
33	A	0.000	0.993	0.000	0.000	0.993
34	Q	0.967	0.026	0.000	0.000	0.026
35	D	0.023	0.003	0.000	0.000	0.003
36	S	0.000	0.003	0.000	0.000	0.003
37	T	0.000	0.003	0.000	0.000	0.003
38	T	0.001	0.002	0.000	0.000	0.002
39	D	0.000	0.002	0.000	0.000	0.002
40	D	0.000	0.002	0.000	0.000	0.002
>XP_001396220.2
pos	aa	C	S	n-reg	h-reg	c-reg
1	M	0.000	0.031	0.031	0.000	0.000
2	G	0.000	0.035	0.035	0.000	0.000
3	V	0.000	0.035	0.035	0.000	0.000
4	D	0.000	0.035	0.035	0.000	0.000
5	Q	0.000	0.035	0.035	0.000	0.000
6	H	0.000	0.035	0.035	0.000	0.000
7	A	0.000	0.035	0.035	0.000	0.000
8	Q	0.000	0.035	0.035	0.000	0.000
9	L	0.000	0.035	0.035	0.000	0.000
10	D	0.000	0.035	0.035	0.000	0.000
11	R	0.000	0.035	0.035	0.000	0.000
12	F	0.000	0.035	0.035	0.000	0.000
13	S	0.000	0.035	0.035	0.000	0.000
14	L	0.000	0.035	0.035	0.000	0.000
15	F	0.000	0.035	0.035	0.000	0.000
16	L	0.000	0.035	0.035	0.000	0.000
17	P	0.000	0.035	0.035	0.000	0.000
18	F	0.000	0.035	0.035	0.000	0.000
19	P	0.000	0.035	0.035	0.001	0.000
20	Y	0.000	0.035	0.034	0.001	0.000
21	R	0.000	0.035	0.034	0.001	0.000
22	V	0.000	0.035	0.009	0.026	0.000
23	A	0.000	0.035	0.004	0.031	0.000
24	V	0.000	0.035	0.001	0.034	0.000
25	I	0.000	0.035	0.001	0.034	0.000
26	L	0.000	0.035	0.000	0.034	0.000
27	L	0.000	0.035	0.000	0.034	0.000
28	A	0.000	0.035	0.000	0.034	0.000
29	G	0.000	0.035	0.000	0.034	0.000
30	F	0.000	0.035	0.000	0.025	0.009
31	W	0.000	0.035	0.000	0.020	0.015
32	G	0.000	0.035	0.000	0.016	0.019
33	W	0.000	0.035	0.000	0.006	0.029
34	G	0.000	0.034	0.000	0.003	0.030
35	V	0.013	0.020	0.000	0.002	0.017
36	N	0.000	0.018	0.000	0.000	0.017
37	L	0.000	0.018	0.000	0.000	0.017
38	Q	0.016	0.002	0.000	0.000	0.001
39	Y	0.001	0.001	0.000	0.000	0.000
40	L	0.000	0.001	0.000	0.000	0.000
>XP_001396265.2
pos	aa	C	S	n-reg	h-reg	c-reg
1	M	0.000	0.640	0.640	0.000	0.000
2	M	0.000	0.640	0.640	0.000	0.000
3	L	0.000	0.640	0.382	0.258	0.000
4	S	0.000	0.640	0.305	0.336	0.000
5	L	0.000	0.640	0.119	0.522	0.000
6	L	0.000	0.640	0.033	0.608	0.000
7	G	0.000	0.640	0.019	0.621	0.000
8	L	0.000	0.640	0.006	0.634	0.000
9	F	0.000	0.640	0.002	0.638	0.000
10	S	0.000	0.640	0.001	0.639	0.001
11	S	0.000	0.640	0.001	0.618	0.021
12	L	0.000	0.640	0.000	0.613	0.028
13	G	0.000	0.640	0.000	0.457	0.183
14	G	0.001	0.639	0.000	0.287	0.352
15	A	0.000	0.639	0.000	0.210	0.429
16	I	0.008	0.631	0.000	0.178	0.453
17	G	0.000	0.631	0.000	0.036	0.595
18	Y	0.067	0.563	0.000	0.010	0.553
19	A	0.000	0.563	0.000	0.002	0.561
20	V	0.019	0.544	0.000	0.001	0.543
21	A	0.000	0.544	0.000	0.000	0.544
22	A	0.442	0.103	0.000	0.000	0.102
23	A	0.048	0.055	0.000	0.000	0.055
24	V	0.040	0.015	0.000	0.000	0.015
25	T	0.000	0.015	0.000	0.000	0.015
26	D	0.015	0.000	0.000	0.000	0.000
27	P	0.000	0.000	0.000	0.000	0.000
28	N	0.000	0.000	0.000	0.000	0.000
29	T	0.000	0.000	0.000	0.000	0.000
30	D	0.000	0.000	0.000	0.000	0.000
31	I	0.000	0.000	0.000	0.000	0.000
32	L	0.000	0.000	0.000	0.000	0.000
33	T	0.000	0.000	0.000	0.000	0.000
34	H	0.000	0.000	0.000	0.000	0.000
35	I	0.000	0.000	0.000	0.000	0.000
36	D	0.000	0.000	0.000	0.000	0.000
37	P	0.000	0.000	0.000	0.000	0.000
38	L	0.000	0.000	0.000	0.000	0.000
39	I	0.000	0.000	0.000	0.000	0.000
40	G	0.000	0.000	0.000	0.000	0.000
>XP_001396274.1
pos	aa	C	S	n-reg	h-reg	c-reg
1	M	0.000	0.135	0.135	0.000	0.000
2	E	0.000	0.136	0.136	0.000	0.000
3	R	0.000	0.136	0.136	0.000	0.000
4	Q	0.000	0.136	0.126	0.010	0.000
5	V	0.000	0.136	0.084	0.052	0.000
6	A	0.000	0.136	0.043	0.093	0.000
7	L	0.000	0.136	0.007	0.129	0.000
8	C	0.000	0.136	0.003	0.133	0.000
9	V	0.000	0.136	0.001	0.135	0.000
10	A	0.000	0.136	0.001	0.135	0.000
11	T	0.000	0.136	0.000	0.136	0.000
12	A	0.000	0.136	0.000	0.134	0.002
13	V	0.000	0.136	0.000	0.133	0.003
14	A	0.000	0.136	0.000	0.125	0.011
15	I	0.002	0.134	0.000	0.100	0.034
16	W	0.000	0.134	0.000	0.081	0.054
17	V	0.000	0.134	0.000	0.036	0.098
18	L	0.000	0.134	0.000	0.017	0.117
19	Q	0.004	0.130	0.000	0.003	0.127
20	I	0.053	0.077	0.000	0.002	0.075
21	A	0.000	0.077	0.000	0.001	0.076
22	Y	0.048	0.028	0.000	0.000	0.028
23	K	0.000	0.028	0.000	0.000	0.028
24	L	0.000	0.028	0.000	0.000	0.028
25	L	0.000	0.028	0.000	0.000	0.028
26	R	0.026	0.002	0.000	0.000	0.002
27	S	0.000	0.002	0.000	0.000	0.002
28	P	0.001	0.000	0.000	0.000	0.000
29	L	0.000	0.000	0.000	0.000	0.000
30	R	0.000	0.000	0.000	0.000	0.000
31	H	0.000	0.000	0.000	0.000	0.000
32	I	0.000	0.000	0.000	0.000	0.000
33	P	0.000	0.000	0.000	0.000	0.000
34	G	0.000	0.000	0.000	0.000	0.000
35	P	0.000	0.000	0.000	0.000	0.000
36	L	0.000	0.000	0.000	0.000	0.000
37	Y	0.000	0.000	0.000	0.000	0.000
38	T	0.000	0.000	0.000	0.000	0.000
39	R	0.000	0.000	0.000	0.000	0.000
40	V	0.000	0.000	0.000	0.000	0.000
>XP_001396286.1
pos	aa	C	S	n-reg	h-reg	c-reg
1	M	0.000	1.000	1.000	0.000	0.000
2	R	0.000	1.000	1.000	0.000	0.000
3	F	0.000	1.000	0.658	0.342	0.000
4	T	0.000	1.000	0.486	0.514	0.000
5	A	0.000	1.000	0.348	0.651	0.000
6	F	0.000	1.000	0.102	0.898	0.000
7	I	0.000	1.000	0.020	0.980	0.000
8	A	0.000	1.000	0.011	0.989	0.000
9	A	0.000	1.000	0.007	0.993	0.000
10	T	0.000	1.000	0.004	0.995	0.000
11	M	0.000	1.000	0.001	0.962	0.037
12	A	0.000	1.000	0.000	0.935	0.064
13	L	0.000	1.000	0.000	0.913	0.087
14	A	0.000	1.000	0.000	0.544	0.456
15	G	0.000	0.999	0.000	0.169	0.831
16	S	0.000	0.999	0.000	0.078	0.921
17	A	0.002	0.998	0.000	0.045	0.953
18	A	0.010	0.988	0.000	0.033	0.955
19	A	0.360	0.628	0.000	0.004	0.624
20	Q	0.331	0.297	0.000	0.001	0.296
21	C	0.005	0.292	0.000	0.001	0.292
22	H	0.045	0.248	0.000	0.000	0.248
23	A	0.000	0.248	0.000	0.000	0.248
24	G	0.226	0.022	0.000	0.000	0.022
25	G	0.001	0.021	0.000	0.000	0.021
26	T	0.002	0.020	0.000	0.000	0.020
27	A	0.002	0.018	0.000	0.000	0.018
28	N	0.006	0.012	0.000	0.000	0.012
29	C	0.000	0.012	0.000	0.000	0.012
30	K	0.011	0.000	0.000	0.000	0.000
31	P	0.000	0.000	0.000	0.000	0.000
32	G	0.000	0.000	0.000	0.000	0.000
33	F	0.000	0.000	0.000	0.000	0.000
34	D	0.000	0.000	0.000	0.000	0.000
35	Y	0.000	0.000	0.000	0.000	0.000
36	C	0.000	0.000	0.000	0.000	0.000
37	A	0.000	0.000	0.000	0.000	0.000
38	S	0.000	0.000	0.000	0.000	0.000
39	T	0.000	0.000	0.000	0.000	0.000
40	L	0.000	0.000	0.000	0.000	0.000
>XP_001396291.2
pos	aa	C	S	n-reg	h-reg	c-reg
1	M	0.000	0.977	0.977	0.000	0.000
2	L	0.000	0.977	0.977	0.000	0.000
3	I	0.000	0.977	0.740	0.237	0.000
4	F	0.000	0.977	0.633	0.345	0.000
5	P	0.000	0.977	0.603	0.374	0.000
6	T	0.000	0.977	0.285	0.692	0.000
7	I	0.000	0.977	0.030	0.947	0.000
8	A	0.000	0.977	0.016	0.962	0.000
9	T	0.000	0.977	0.005	0.972	0.000
10	L	0.000	0.977	0.001	0.976	0.000
11	V	0.000	0.977	0.000	0.971	0.006
12	A	0.000	0.977	0.000	0.938	0.040
13	L	0.000	0.977	0.000	0.915	0.062
14	S	0.000	0.977	0.000	0.648	0.330
15	T	0.003	0.974	0.000	0.155	0.819
16	S	0.001	0.974	0.000	0.102	0.872
17	T	0.007	0.967	0.000	0.022	0.945
18	T	0.006	0.961	0.000	0.016	0.945
19	A	0.109	0.852	0.000	0.006	0.846
20	L	0.548	0.304	0.000	0.005	0.299
21	L	0.029	0.274	0.000	0.002	0.272
22	H	0.231	0.044	0.000	0.000	0.043
23	P	0.000	0.043	0.000	0.000	0.043
24	R	0.033	0.010	0.000	0.000	0.010
25	S	0.000	0.010	0.000	0.000	0.010
26	I	0.001	0.009	0.000	0.000	0.009
27	T	0.000	0.009	0.000	0.000	0.009
28	P	0.002	0.006	0.000	0.000	0.006
29	P	0.002	0.004	0.000	0.000	0.004
30	D	0.002	0.002	0.000	0.000	0.002
31	G	0.000	0.002	0.000	0.000	0.002
32	C	0.002	0.000	0.000	0.000	0.000
33	P	0.000	0.000	0.000	0.000	0.000
34	I	0.000	0.000	0.000	0.000	0.000
35	P	0.000	0.000	0.000	0.000	0.000
36	T	0.000	0.000	0.000	0.000	0.000
37	W	0.000	0.000	0.000	0.000	0.000
38	E	0.000	0.000	0.000	0.000	0.000
39	V	0.000	0.000	0.000	0.000	0.000
40	T	0.000	0.000	0.000	0.000	0.000
>XP_001396313.1
pos	aa	C	S	n-reg	h-reg	c-reg
1	M	0.000	0.996	0.996	0.000	0.000
2	K	0.000	0.996	0.996	0.000	0.000
3	G	0.000	0.996	0.935	0.062	0.000
4	T	0.000	0.996	0.710	0.286	0.000
5	A	0.000	0.996	0.489	0.507	0.000
6	A	0.000	0.996	0.257	0.740	0.000
7	S	0.000	0.996	0.138	0.858	0.000
8	A	0.000	0.996	0.010	0.986	0.000
9	L	0.000	0.996	0.001	0.996	0.000
10	L	0.000	0.996	0.000	0.996	0.000
11	I	0.000	0.996	0.000	0.996	0.000
12	A	0.000	0.996	0.000	0.965	0.031
13	L	0.000	0.996	0.000	0.886	0.110
14	S	0.000	0.996	0.000	0.671	0.325
15	A	0.000	0.996	0.000	0.586	0.410
16	T	0.000	0.996	0.000	0.044	0.953
17	A	0.000	0.996	0.000	0.019	0.977
18	A	0.009	0.987	0.000	0.000	0.987
19	Q	0.056	0.931	0.000	0.000	0.931
20	A	0.009	0.923	0.000	0.000	0.923
21	R	0.908	0.014	0.000	0.000	0.014
22	P	0.000	0.014	0.000	0.000	0.014
23	V	0.014	0.000	0.000	0.000	0.000
24	V	0.000	0.000	0.000	0.000	0.000
25	D	0.000	0.000	0.000	0.000	0.000
26	E	0.000	0.000	0.000	0.000	0.000
27	R	0.000	0.000	0.000	0.000	0.000
28	F	0.000	0.000	0.000	0.000	0.000
29	P	0.000	0.000	0.000	0.000	0.000
30	Y	0.000	0.000	0.000	0.000	0.000
31	T	0.000	0.000	0.000	0.000	0.000
32	G	0.000	0.000	0.000	0.000	0.000
33	P	0.000	0.000	0.000	0.000	0.000
34	A	0.000	0.000	0.000	0.000	0.000
35	V	0.000	0.000	0.000	0.000	0.000
36	P	0.000	0.000	0.000	0.000	0.000
37	I	0.000	0.000	0.000	0.000	0.000
38	G	0.000	0.000	0.000	0.000	0.000
39	D	0.000	0.000	0.000	0.000	0.000
40	W	0.000	0.000	0.000	0.000	0.000
>XP_001396326.2
pos	aa	C	S	n-reg	h-reg	c-reg
1	M	0.000	0.996	0.996	0.000	0.000
2	L	0.000	0.996	0.996	0.000	0.000
3	H	0.000	0.996	0.909	0.087	0.000
4	L	0.000	0.996	0.006	0.989	0.000
5	V	0.000	0.996	0.002	0.994	0.000
6	C	0.000	0.996	0.000	0.996	0.000
7	L	0.000	0.996	0.000	0.996	0.000
8	A	0.000	0.996	0.000	0.996	0.000
9	L	0.000	0.996	0.000	0.996	0.000
10	L	0.000	0.996	0.000	0.996	0.000
11	C	0.000	0.996	0.000	0.988	0.008
12	H	0.000	0.996	0.000	0.019	0.976
13	V	0.000	0.996	0.000	0.013	0.983
14	A	0.000	0.996	0.000	0.003	0.993
15	R	0.000	0.996	0.000	0.000	0.995
16	G	0.000	0.996	0.000	0.000	0.995
17	L	0.984	0.012	0.000	0.000	0.012
18	P	0.000	0.012	0.000	0.000	0.012
19	T	0.005	0.007	0.000	0.000	0.007
20	Q	0.001	0.006	0.000	0.000	0.006
21	A	0.000	0.006	0.000	0.000	0.006
22	S	0.005	0.001	0.000	0.000	0.001
23	H	0.000	0.000	0.000	0.000	0.000
24	N	0.000	0.000	0.000	0.000	0.000
25	A	0.000	0.000	0.000	0.000	0.000
26	Q	0.000	0.000	0.000	0.000	0.000
27	P	0.000	0.000	0.000	0.000	0.000
28	V	0.000	0.000	0.000	0.000	0.000
29	I	0.000	0.000	0.000	0.000	0.000
30	N	0.000	0.000	0.000	0.000	0.000
31	L	0.000	0.000	0.000	0.000	0.000
32	G	0.000	0.000	0.000	0.000	0.000
33	Y	0.000	0.000	0.000	0.000	0.000
34	A	0.000	0.000	0.000	0.000	0.000
35	R	0.000	0.000	0.000	0.000	0.000
36	Y	0.000	0.000	0.000	0.000	0.000
37	R	0.000	0.000	0.000	0.000	0.000
38	G	0.000	0.000	0.000	0.000	0.000
39	V	0.000	0.000	0.000	0.000	0.000
40	R	0.000	0.000	0.000	0.000	0.000
