>XP_001390650.2
pos	aa	C	S	n-reg	h-reg	c-reg
1	M	0.000	0.875	0.875	0.000	0.000
2	A	0.000	0.876	0.876	0.000	0.000
3	V	0.000	0.876	0.809	0.067	0.000
4	W	0.000	0.876	0.756	0.120	0.000
5	F	0.000	0.876	0.623	0.253	0.000
6	T	0.000	0.876	0.498	0.377	0.000
7	I	0.000	0.876	0.380	0.495	0.000
8	G	0.000	0.876	0.330	0.545	0.000
9	V	0.000	0.876	0.153	0.723	0.000
10	A	0.000	0.876	0.098	0.778	0.000
11	L	0.000	0.876	0.025	0.848	0.002
12	F	0.000	0.876	0.009	0.849	0.018
13	A	0.000	0.876	0.005	0.822	0.049
14	A	0.000	0.875	0.002	0.779	0.094
15	I	0.000	0.875	0.000	0.736	0.139
16	G	0.000	0.875	0.000	0.667	0.208
17	T	0.025	0.850	0.000	0.377	0.472
18	F	0.012	0.838	0.000	0.358	0.480
19	L	0.000	0.838	0.000	0.307	0.531
20	F	0.041	0.797	0.000	0.198	0.600
21	G	0.000	0.797	0.000	0.090	0.707
22	F	0.405	0.392	0.000	0.066	0.325
23	D	0.000	0.392	0.000	0.001	0.391
24	T	0.000	0.392	0.000	0.000	0.391
25	G	0.003	0.388	0.000	0.000	0.388
26	I	0.039	0.349	0.000	0.000	0.349
27	A	0.000	0.349	0.000	0.000	0.349
28	T	0.264	0.085	0.000	0.000	0.085
29	T	0.039	0.046	0.000	0.000	0.046
30	T	0.029	0.017	0.000	0.000	0.016
31	I	0.002	0.015	0.000	0.000	0.015
32	A	0.000	0.015	0.000	0.000	0.015
33	H	0.010	0.004	0.000	0.000	0.004
34	Q	0.000	0.004	0.000	0.000	0.004
35	S	0.002	0.002	0.000	0.000	0.002
36	W	0.000	0.002	0.000	0.000	0.002
37	I	0.000	0.002	0.000	0.000	0.002
38	N	0.000	0.002	0.000	0.000	0.002
39	Y	0.000	0.002	0.000	0.000	0.002
40	M	0.000	0.002	0.000	0.000	0.002
>XP_001390665.2
pos	aa	C	S	n-reg	h-reg	c-reg
1	M	0.000	1.000	1.000	0.000	0.000
2	F	0.000	1.000	1.000	0.000	0.000
3	P	0.000	1.000	1.000	0.000	0.000
4	T	0.000	1.000	1.000	0.000	0.000
5	M	0.000	1.000	0.999	0.001	0.000
6	R	0.000	1.000	0.996	0.003	0.000
7	T	0.000	1.000	0.803	0.197	0.000
8	V	0.000	1.000	0.345	0.655	0.000
9	A	0.000	1.000	0.121	0.879	0.000
10	L	0.000	1.000	0.032	0.967	0.000
11	F	0.000	1.000	0.011	0.989	0.000
12	V	0.000	1.000	0.000	1.000	0.000
13	V	0.000	1.000	0.000	1.000	0.000
14	L	0.000	1.000	0.000	1.000	0.000
15	T	0.000	1.000	0.000	0.999	0.001
16	I	0.000	1.000	0.000	0.987	0.013
17	C	0.000	1.000	0.000	0.895	0.105
18	L	0.000	1.000	0.000	0.826	0.174
19	I	0.000	1.000	0.000	0.687	0.312
20	Q	0.000	1.000	0.000	0.011	0.989
21	L	0.000	1.000	0.000	0.004	0.995
22	V	0.000	1.000	0.000	0.000	0.999
23	L	0.000	1.000	0.000	0.000	1.000
24	A	0.000	0.999	0.000	0.000	0.999
25	A	0.990	0.009	0.000	0.000	0.009
26	E	0.009	0.000	0.000	0.000	0.000
27	D	0.000	0.000	0.000	0.000	0.000
28	Y	0.000	0.000	0.000	0.000	0.000
29	Y	0.000	0.000	0.000	0.000	0.000
30	K	0.000	0.000	0.000	0.000	0.000
31	I	0.000	0.000	0.000	0.000	0.000
32	L	0.000	0.000	0.000	0.000	0.000
33	G	0.000	0.000	0.000	0.000	0.000
34	L	0.000	0.000	0.000	0.000	0.000
35	D	0.000	0.000	0.000	0.000	0.000
36	K	0.000	0.000	0.000	0.000	0.000
37	S	0.000	0.000	0.000	0.000	0.000
38	A	0.000	0.000	0.000	0.000	0.000
39	S	0.000	0.000	0.000	0.000	0.000
40	E	0.000	0.000	0.000	0.000	0.000
>XP_001390677.1
pos	aa	C	S	n-reg	h-reg	c-reg
1	M	0.000	0.045	0.045	0.000	0.000
2	T	0.000	0.045	0.045	0.000	0.000
3	R	0.000	0.045	0.045	0.000	0.000
4	S	0.000	0.045	0.045	0.000	0.000
5	S	0.000	0.045	0.045	0.000	0.000
6	S	0.000	0.045	0.045	0.000	0.000
7	L	0.000	0.045	0.045	0.000	0.000
8	D	0.000	0.045	0.045	0.000	0.000
9	A	0.000	0.045	0.045	0.000	0.000
10	K	0.000	0.045	0.045	0.000	0.000
11	N	0.000	0.045	0.041	0.003	0.000
12	F	0.000	0.045	0.016	0.028	0.000
13	T	0.000	0.045	0.011	0.034	0.000
14	V	0.000	0.045	0.003	0.042	0.000
15	G	0.000	0.045	0.000	0.045	0.000
16	W	0.000	0.045	0.000	0.045	0.000
17	I	0.000	0.045	0.000	0.045	0.000
18	C	0.000	0.045	0.000	0.045	0.000
19	S	0.000	0.045	0.000	0.045	0.000
20	L	0.000	0.045	0.000	0.043	0.001
21	L	0.000	0.045	0.000	0.042	0.003
22	I	0.000	0.045	0.000	0.038	0.007
23	E	0.000	0.045	0.000	0.000	0.044
24	Y	0.000	0.045	0.000	0.000	0.045
25	I	0.000	0.045	0.000	0.000	0.045
26	A	0.000	0.045	0.000	0.000	0.045
27	A	0.000	0.044	0.000	0.000	0.044
28	R	0.044	0.000	0.000	0.000	0.000
29	H	0.000	0.000	0.000	0.000	0.000
30	V	0.000	0.000	0.000	0.000	0.000
31	L	0.000	0.000	0.000	0.000	0.000
32	D	0.000	0.000	0.000	0.000	0.000
33	E	0.000	0.000	0.000	0.000	0.000
34	I	0.000	0.000	0.000	0.000	0.000
35	Y	0.000	0.000	0.000	0.000	0.000
36	P	0.000	0.000	0.000	0.000	0.000
37	D	0.000	0.000	0.000	0.000	0.000
38	T	0.000	0.000	0.000	0.000	0.000
39	T	0.000	0.000	0.000	0.000	0.000
40	H	0.000	0.000	0.000	0.000	0.000
>XP_001390678.2
pos	aa	C	S	n-reg	h-reg	c-reg
1	M	0.000	0.975	0.975	0.000	0.000
2	K	0.000	0.975	0.975	0.000	0.000
3	T	0.000	0.975	0.935	0.040	0.000
4	T	0.000	0.975	0.645	0.330	0.000
5	A	0.000	0.975	0.330	0.646	0.000
6	L	0.000	0.975	0.076	0.899	0.000
7	L	0.000	0.975	0.013	0.963	0.000
8	G	0.000	0.975	0.001	0.974	0.000
9	S	0.000	0.975	0.000	0.975	0.000
10	V	0.000	0.975	0.000	0.975	0.000
11	A	0.000	0.975	0.000	0.975	0.000
12	L	0.000	0.975	0.000	0.967	0.008
13	G	0.000	0.975	0.000	0.916	0.060
14	F	0.000	0.975	0.000	0.886	0.090
15	L	0.000	0.975	0.000	0.848	0.128
16	P	0.000	0.975	0.000	0.017	0.958
17	S	0.000	0.975	0.000	0.004	0.971
18	T	0.000	0.975	0.000	0.000	0.975
19	T	0.000	0.975	0.000	0.000	0.975
20	A	0.006	0.969	0.000	0.000	0.969
21	A	0.947	0.022	0.000	0.000	0.022
22	P	0.012	0.010	0.000	0.000	0.010
23	S	0.006	0.004	0.000	0.000	0.004
24	Q	0.004	0.000	0.000	0.000	0.000
25	I	0.000	0.000	0.000	0.000	0.000
26	N	0.000	0.000	0.000	0.000	0.000
27	N	0.000	0.000	0.000	0.000	0.000
28	R	0.000	0.000	0.000	0.000	0.000
29	R	0.000	0.000	0.000	0.000	0.000
30	A	0.000	0.000	0.000	0.000	0.000
31	R	0.000	0.000	0.000	0.000	0.000
32	T	0.000	0.000	0.000	0.000	0.000
33	D	0.000	0.000	0.000	0.000	0.000
34	V	0.000	0.000	0.000	0.000	0.000
35	S	0.000	0.000	0.000	0.000	0.000
36	V	0.000	0.000	0.000	0.000	0.000
37	E	0.000	0.000	0.000	0.000	0.000
38	R	0.000	0.000	0.000	0.000	0.000
39	R	0.000	0.000	0.000	0.000	0.000
40	D	0.000	0.000	0.000	0.000	0.000
>XP_001390688.1
pos	aa	C	S	n-reg	h-reg	c-reg
1	M	0.000	0.254	0.254	0.000	0.000
2	S	0.000	0.254	0.254	0.000	0.000
3	V	0.000	0.254	0.215	0.039	0.000
4	Q	0.000	0.254	0.196	0.058	0.000
5	T	0.000	0.254	0.159	0.095	0.000
6	I	0.000	0.254	0.074	0.180	0.000
7	L	0.000	0.254	0.042	0.212	0.000
8	L	0.000	0.254	0.036	0.218	0.000
9	A	0.000	0.254	0.033	0.221	0.000
10	A	0.000	0.254	0.031	0.222	0.000
11	A	0.000	0.254	0.030	0.210	0.013
12	G	0.000	0.254	0.030	0.179	0.046
13	G	0.000	0.254	0.028	0.164	0.062
14	A	0.002	0.252	0.026	0.158	0.069
15	T	0.001	0.251	0.022	0.152	0.076
16	L	0.007	0.244	0.013	0.121	0.111
17	L	0.033	0.211	0.009	0.089	0.113
18	I	0.007	0.204	0.008	0.038	0.157
19	L	0.000	0.204	0.008	0.032	0.164
20	G	0.005	0.198	0.008	0.027	0.163
21	R	0.142	0.057	0.008	0.021	0.028
22	V	0.000	0.057	0.003	0.026	0.028
23	I	0.000	0.057	0.001	0.027	0.028
24	Y	0.000	0.057	0.001	0.026	0.030
25	L	0.000	0.057	0.000	0.025	0.031
26	L	0.019	0.038	0.000	0.023	0.015
27	F	0.000	0.037	0.000	0.019	0.018
28	L	0.000	0.037	0.000	0.011	0.027
29	H	0.003	0.035	0.000	0.008	0.026
30	P	0.000	0.035	0.000	0.008	0.027
31	L	0.001	0.034	0.000	0.008	0.026
32	A	0.000	0.034	0.000	0.006	0.028
33	K	0.007	0.027	0.000	0.000	0.026
34	F	0.000	0.027	0.000	0.000	0.026
35	P	0.000	0.027	0.000	0.000	0.026
36	G	0.004	0.023	0.000	0.000	0.023
37	P	0.000	0.023	0.000	0.000	0.023
38	I	0.000	0.023	0.000	0.000	0.022
39	F	0.000	0.023	0.000	0.000	0.022
40	A	0.000	0.023	0.000	0.000	0.022
>XP_001390707.1
pos	aa	C	S	n-reg	h-reg	c-reg
1	M	0.000	0.996	0.996	0.000	0.000
2	K	0.000	0.996	0.996	0.000	0.000
3	L	0.000	0.996	0.960	0.035	0.000
4	S	0.000	0.996	0.942	0.053	0.000
5	N	0.000	0.996	0.904	0.091	0.000
6	A	0.000	0.996	0.342	0.654	0.000
7	L	0.000	0.996	0.059	0.937	0.000
8	L	0.000	0.996	0.014	0.982	0.000
9	T	0.000	0.996	0.004	0.992	0.000
10	L	0.000	0.996	0.002	0.994	0.000
11	A	0.000	0.996	0.001	0.991	0.003
12	S	0.000	0.996	0.001	0.976	0.019
13	L	0.000	0.996	0.000	0.973	0.022
14	A	0.000	0.996	0.000	0.896	0.100
15	L	0.000	0.995	0.000	0.832	0.163
16	A	0.000	0.995	0.000	0.613	0.382
17	N	0.024	0.971	0.000	0.050	0.921
18	V	0.000	0.971	0.000	0.038	0.933
19	S	0.000	0.971	0.000	0.005	0.965
20	T	0.002	0.969	0.000	0.003	0.966
21	A	0.121	0.848	0.000	0.002	0.846
22	L	0.670	0.178	0.000	0.002	0.177
23	P	0.001	0.178	0.000	0.000	0.177
24	K	0.125	0.053	0.000	0.000	0.053
25	A	0.000	0.053	0.000	0.000	0.053
26	S	0.004	0.049	0.000	0.000	0.049
27	P	0.000	0.049	0.000	0.000	0.049
28	A	0.019	0.030	0.000	0.000	0.030
29	P	0.001	0.029	0.000	0.000	0.029
30	S	0.000	0.029	0.000	0.000	0.029
31	T	0.000	0.029	0.000	0.000	0.029
32	S	0.000	0.029	0.000	0.000	0.029
33	S	0.001	0.028	0.000	0.000	0.028
34	S	0.000	0.028	0.000	0.000	0.028
35	A	0.002	0.026	0.000	0.000	0.026
36	A	0.004	0.023	0.000	0.000	0.023
37	S	0.000	0.022	0.000	0.000	0.022
38	T	0.000	0.022	0.000	0.000	0.022
39	S	0.000	0.021	0.000	0.000	0.021
40	F	0.000	0.021	0.000	0.000	0.021
>XP_001390723.2
pos	aa	C	S	n-reg	h-reg	c-reg
1	M	0.000	0.414	0.414	0.000	0.000
2	Q	0.000	0.414	0.414	0.000	0.000
3	E	0.000	0.414	0.413	0.001	0.000
4	K	0.000	0.414	0.403	0.010	0.000
5	L	0.000	0.414	0.008	0.406	0.000
6	L	0.000	0.414	0.001	0.413	0.000
7	Y	0.000	0.414	0.000	0.414	0.000
8	L	0.000	0.414	0.000	0.414	0.000
9	T	0.000	0.414	0.000	0.414	0.000
10	W	0.000	0.414	0.000	0.414	0.000
11	L	0.000	0.414	0.000	0.413	0.000
12	P	0.000	0.414	0.000	0.400	0.013
13	P	0.000	0.414	0.000	0.013	0.400
14	F	0.000	0.414	0.000	0.008	0.406
15	A	0.000	0.414	0.000	0.000	0.414
16	R	0.000	0.414	0.000	0.000	0.414
17	A	0.000	0.414	0.000	0.000	0.414
18	E	0.413	0.000	0.000	0.000	0.000
19	K	0.000	0.000	0.000	0.000	0.000
20	I	0.000	0.000	0.000	0.000	0.000
21	S	0.000	0.000	0.000	0.000	0.000
22	D	0.000	0.000	0.000	0.000	0.000
23	Y	0.000	0.000	0.000	0.000	0.000
24	E	0.000	0.000	0.000	0.000	0.000
25	T	0.000	0.000	0.000	0.000	0.000
26	E	0.000	0.000	0.000	0.000	0.000
27	C	0.000	0.000	0.000	0.000	0.000
28	R	0.000	0.000	0.000	0.000	0.000
29	I	0.000	0.000	0.000	0.000	0.000
30	P	0.000	0.000	0.000	0.000	0.000
31	V	0.000	0.000	0.000	0.000	0.000
32	K	0.000	0.000	0.000	0.000	0.000
33	A	0.000	0.000	0.000	0.000	0.000
34	T	0.000	0.000	0.000	0.000	0.000
35	S	0.000	0.000	0.000	0.000	0.000
36	S	0.000	0.000	0.000	0.000	0.000
37	E	0.000	0.000	0.000	0.000	0.000
38	S	0.000	0.000	0.000	0.000	0.000
39	I	0.000	0.000	0.000	0.000	0.000
40	Q	0.000	0.000	0.000	0.000	0.000
>XP_001390734.1
pos	aa	C	S	n-reg	h-reg	c-reg
1	M	0.000	0.002	0.002	0.000	0.000
2	A	0.000	0.002	0.002	0.000	0.000
3	D	0.000	0.002	0.002	0.000	0.000
4	S	0.000	0.002	0.002	0.000	0.000
5	E	0.000	0.002	0.002	0.000	0.000
6	S	0.000	0.002	0.002	0.000	0.000
7	S	0.000	0.002	0.002	0.000	0.000
8	F	0.000	0.002	0.002	0.000	0.000
9	R	0.000	0.002	0.002	0.000	0.000
10	V	0.000	0.002	0.001	0.002	0.000
11	V	0.000	0.002	0.000	0.002	0.000
12	I	0.000	0.002	0.000	0.002	0.000
13	V	0.000	0.002	0.000	0.002	0.000
14	G	0.000	0.002	0.000	0.002	0.000
15	G	0.000	0.002	0.000	0.002	0.000
16	S	0.000	0.002	0.000	0.002	0.000
17	I	0.000	0.002	0.000	0.002	0.000
18	A	0.000	0.002	0.000	0.002	0.000
19	G	0.000	0.002	0.000	0.001	0.001
20	L	0.000	0.002	0.000	0.001	0.001
21	T	0.000	0.002	0.000	0.000	0.002
22	L	0.000	0.002	0.000	0.000	0.002
23	A	0.000	0.002	0.000	0.000	0.002
24	H	0.001	0.001	0.000	0.000	0.001
25	C	0.000	0.001	0.000	0.000	0.001
26	L	0.001	0.000	0.000	0.000	0.000
27	L	0.000	0.000	0.000	0.000	0.000
28	R	0.000	0.000	0.000	0.000	0.000
29	N	0.000	0.000	0.000	0.000	0.000
30	N	0.000	0.000	0.000	0.000	0.000
31	I	0.000	0.000	0.000	0.000	0.000
32	D	0.000	0.000	0.000	0.000	0.000
33	F	0.000	0.000	0.000	0.000	0.000
34	V	0.000	0.000	0.000	0.000	0.000
35	V	0.000	0.000	0.000	0.000	0.000
36	L	0.000	0.000	0.000	0.000	0.000
37	E	0.000	0.000	0.000	0.000	0.000
38	S	0.000	0.000	0.000	0.000	0.000
39	H	0.000	0.000	0.000	0.000	0.000
40	A	0.000	0.000	0.000	0.000	0.000
>XP_001390736.1
pos	aa	C	S	n-reg	h-reg	c-reg
1	M	0.000	0.013	0.013	0.000	0.000
2	A	0.000	0.281	0.281	0.000	0.000
3	M	0.000	0.281	0.278	0.004	0.000
4	L	0.000	0.281	0.274	0.007	0.000
5	N	0.000	0.281	0.274	0.008	0.000
6	L	0.000	0.281	0.269	0.013	0.000
7	V	0.000	0.281	0.268	0.013	0.000
8	L	0.000	0.281	0.268	0.014	0.000
9	S	0.000	0.281	0.268	0.014	0.000
10	A	0.000	0.281	0.268	0.014	0.000
11	S	0.000	0.281	0.268	0.013	0.001
12	Y	0.000	0.281	0.267	0.012	0.002
13	L	0.000	0.281	0.267	0.009	0.005
14	Y	0.000	0.281	0.267	0.002	0.011
15	I	0.000	0.281	0.267	0.001	0.013
16	F	0.000	0.281	0.267	0.001	0.013
17	G	0.000	0.281	0.267	0.001	0.013
18	T	0.012	0.269	0.267	0.001	0.000
19	I	0.000	0.268	0.267	0.001	0.000
20	F	0.000	0.268	0.267	0.001	0.000
21	F	0.000	0.268	0.267	0.001	0.000
22	D	0.000	0.268	0.267	0.000	0.000
23	I	0.000	0.268	0.267	0.000	0.000
24	I	0.000	0.268	0.267	0.000	0.000
25	H	0.000	0.268	0.267	0.000	0.000
26	Y	0.000	0.268	0.267	0.000	0.000
27	R	0.000	0.268	0.267	0.000	0.000
28	L	0.000	0.268	0.267	0.000	0.000
29	H	0.000	0.268	0.267	0.000	0.000
30	Q	0.000	0.268	0.267	0.000	0.000
31	W	0.000	0.268	0.267	0.000	0.000
32	S	0.000	0.268	0.267	0.000	0.000
33	R	0.000	0.268	0.267	0.000	0.000
34	S	0.000	0.268	0.267	0.000	0.000
35	R	0.000	0.267	0.267	0.000	0.000
36	W	0.000	0.267	0.267	0.000	0.000
37	R	0.000	0.267	0.267	0.000	0.000
38	I	0.000	0.267	0.267	0.000	0.000
39	L	0.000	0.267	0.267	0.000	0.000
40	R	0.000	0.267	0.267	0.000	0.000
>XP_001390742.1
pos	aa	C	S	n-reg	h-reg	c-reg
1	M	0.000	0.365	0.365	0.000	0.000
2	P	0.000	0.994	0.994	0.000	0.000
3	T	0.000	0.994	0.994	0.000	0.000
4	Q	0.000	0.994	0.994	0.000	0.000
5	T	0.000	0.994	0.994	0.000	0.000
6	R	0.000	0.994	0.994	0.000	0.000
7	F	0.000	0.994	0.716	0.278	0.000
8	L	0.000	0.994	0.564	0.430	0.000
9	Y	0.000	0.994	0.494	0.500	0.000
10	S	0.000	0.994	0.416	0.578	0.000
11	I	0.000	0.994	0.243	0.751	0.000
12	L	0.000	0.994	0.134	0.860	0.000
13	A	0.000	0.994	0.102	0.892	0.000
14	T	0.000	0.994	0.079	0.915	0.000
15	L	0.000	0.994	0.032	0.962	0.000
16	I	0.000	0.994	0.012	0.981	0.001
17	F	0.000	0.994	0.004	0.987	0.003
18	L	0.000	0.994	0.001	0.987	0.006
19	L	0.000	0.993	0.000	0.981	0.012
20	F	0.000	0.992	0.000	0.909	0.083
21	S	0.000	0.988	0.000	0.847	0.142
22	I	0.003	0.983	0.000	0.828	0.155
23	I	0.000	0.978	0.000	0.786	0.192
24	G	0.000	0.965	0.000	0.673	0.292
25	I	0.050	0.905	0.000	0.658	0.247
26	I	0.000	0.882	0.000	0.622	0.260
27	F	0.000	0.825	0.000	0.536	0.289
28	S	0.000	0.693	0.000	0.387	0.306
29	S	0.207	0.425	0.000	0.321	0.104
30	T	0.000	0.395	0.000	0.291	0.104
31	G	0.021	0.349	0.000	0.266	0.083
32	S	0.043	0.289	0.000	0.249	0.041
33	L	0.016	0.265	0.000	0.240	0.025
34	V	0.006	0.235	0.000	0.216	0.019
35	S	0.000	0.176	0.000	0.157	0.019
36	L	0.004	0.143	0.000	0.129	0.015
37	S	0.003	0.057	0.000	0.046	0.011
38	Q	0.010	0.007	0.000	0.006	0.001
39	K	0.000	0.001	0.000	0.000	0.001
40	F	0.000	0.001	0.000	0.000	0.001
>XP_001390744.1
pos	aa	C	S	n-reg	h-reg	c-reg
1	M	0.000	0.990	0.990	0.000	0.000
2	Q	0.000	0.990	0.990	0.000	0.000
3	Y	0.000	0.990	0.965	0.025	0.000
4	S	0.000	0.990	0.831	0.159	0.000
5	I	0.000	0.990	0.393	0.597	0.000
6	L	0.000	0.990	0.067	0.923	0.000
7	L	0.000	0.990	0.022	0.968	0.000
8	S	0.000	0.990	0.015	0.975	0.000
9	A	0.000	0.990	0.002	0.988	0.000
10	T	0.000	0.990	0.001	0.989	0.000
11	Y	0.000	0.990	0.001	0.988	0.001
12	G	0.000	0.990	0.000	0.986	0.003
13	L	0.000	0.990	0.000	0.977	0.013
14	L	0.000	0.990	0.000	0.926	0.064
15	L	0.000	0.990	0.000	0.850	0.140
16	S	0.000	0.990	0.000	0.610	0.380
17	H	0.002	0.988	0.000	0.010	0.978
18	M	0.000	0.988	0.000	0.004	0.985
19	A	0.000	0.988	0.000	0.002	0.986
20	T	0.008	0.981	0.000	0.001	0.979
21	S	0.010	0.970	0.000	0.000	0.970
22	A	0.765	0.205	0.000	0.000	0.205
23	P	0.007	0.198	0.000	0.000	0.198
24	T	0.018	0.179	0.000	0.000	0.179
25	A	0.146	0.034	0.000	0.000	0.034
26	K	0.025	0.009	0.000	0.000	0.009
27	P	0.000	0.009	0.000	0.000	0.009
28	V	0.007	0.002	0.000	0.000	0.002
29	T	0.000	0.002	0.000	0.000	0.002
30	L	0.000	0.002	0.000	0.000	0.002
31	R	0.002	0.000	0.000	0.000	0.000
32	V	0.000	0.000	0.000	0.000	0.000
33	R	0.000	0.000	0.000	0.000	0.000
34	S	0.000	0.000	0.000	0.000	0.000
35	E	0.000	0.000	0.000	0.000	0.000
36	D	0.000	0.000	0.000	0.000	0.000
37	F	0.000	0.000	0.000	0.000	0.000
38	H	0.000	0.000	0.000	0.000	0.000
39	A	0.000	0.000	0.000	0.000	0.000
40	L	0.000	0.000	0.000	0.000	0.000
>XP_001390748.1
pos	aa	C	S	n-reg	h-reg	c-reg
1	M	0.000	0.789	0.789	0.000	0.000
2	V	0.000	0.801	0.801	0.000	0.000
3	S	0.000	0.801	0.801	0.000	0.000
4	R	0.000	0.801	0.800	0.001	0.000
5	I	0.000	0.801	0.753	0.048	0.000
6	L	0.000	0.801	0.709	0.092	0.000
7	R	0.000	0.801	0.700	0.101	0.000
8	F	0.000	0.801	0.427	0.374	0.000
9	A	0.000	0.801	0.297	0.504	0.000
10	P	0.000	0.801	0.228	0.573	0.000
11	L	0.000	0.801	0.079	0.721	0.000
12	V	0.000	0.801	0.028	0.773	0.000
13	A	0.000	0.801	0.012	0.787	0.001
14	L	0.000	0.801	0.003	0.794	0.004
15	L	0.000	0.801	0.001	0.794	0.007
16	I	0.000	0.801	0.000	0.661	0.140
17	L	0.000	0.801	0.000	0.518	0.283
18	T	0.000	0.801	0.000	0.352	0.449
19	L	0.010	0.791	0.000	0.316	0.474
20	S	0.003	0.788	0.000	0.182	0.606
21	T	0.305	0.482	0.000	0.111	0.372
22	F	0.153	0.329	0.000	0.082	0.247
23	Y	0.000	0.328	0.000	0.058	0.270
24	Y	0.000	0.326	0.000	0.019	0.308
25	L	0.000	0.325	0.000	0.014	0.311
26	Y	0.013	0.308	0.000	0.004	0.304
27	R	0.000	0.305	0.000	0.000	0.305
28	A	0.000	0.305	0.000	0.000	0.305
29	I	0.277	0.027	0.000	0.000	0.027
30	H	0.000	0.027	0.000	0.000	0.027
31	V	0.000	0.027	0.000	0.000	0.027
32	D	0.000	0.027	0.000	0.000	0.027
33	T	0.000	0.027	0.000	0.000	0.027
34	H	0.025	0.002	0.000	0.000	0.002
35	P	0.000	0.002	0.000	0.000	0.002
36	D	0.001	0.001	0.000	0.000	0.001
37	L	0.000	0.001	0.000	0.000	0.001
38	D	0.000	0.001	0.000	0.000	0.001
39	L	0.000	0.001	0.000	0.000	0.001
40	G	0.000	0.001	0.000	0.000	0.001
>XP_001390757.1
pos	aa	C	S	n-reg	h-reg	c-reg
1	M	0.000	0.991	0.991	0.000	0.000
2	V	0.000	0.991	0.991	0.000	0.000
3	R	0.000	0.991	0.990	0.000	0.000
4	A	0.000	0.991	0.889	0.102	0.000
5	T	0.000	0.991	0.819	0.172	0.000
6	Q	0.000	0.991	0.707	0.283	0.000
7	L	0.000	0.991	0.137	0.854	0.000
8	A	0.000	0.991	0.047	0.944	0.000
9	V	0.000	0.991	0.018	0.973	0.000
10	A	0.000	0.991	0.010	0.981	0.000
11	A	0.000	0.991	0.005	0.985	0.000
12	L	0.000	0.991	0.001	0.988	0.002
13	G	0.000	0.991	0.001	0.981	0.009
14	L	0.000	0.991	0.000	0.977	0.014
15	L	0.000	0.991	0.000	0.860	0.131
16	G	0.000	0.991	0.000	0.213	0.777
17	A	0.000	0.991	0.000	0.165	0.825
18	A	0.001	0.990	0.000	0.073	0.917
19	A	0.002	0.988	0.000	0.041	0.947
20	A	0.135	0.853	0.000	0.023	0.830
21	Q	0.648	0.205	0.000	0.005	0.200
22	L	0.009	0.196	0.000	0.003	0.193
23	V	0.060	0.136	0.000	0.002	0.133
24	S	0.000	0.136	0.000	0.000	0.136
25	T	0.013	0.122	0.000	0.000	0.122
26	G	0.059	0.064	0.000	0.000	0.064
27	M	0.034	0.030	0.000	0.000	0.030
28	S	0.000	0.030	0.000	0.000	0.030
29	V	0.029	0.001	0.000	0.000	0.001
30	T	0.000	0.001	0.000	0.000	0.001
31	L	0.000	0.001	0.000	0.000	0.001
32	D	0.000	0.000	0.000	0.000	0.000
33	Q	0.000	0.000	0.000	0.000	0.000
34	I	0.000	0.000	0.000	0.000	0.000
35	D	0.000	0.000	0.000	0.000	0.000
36	Y	0.000	0.000	0.000	0.000	0.000
37	F	0.000	0.000	0.000	0.000	0.000
38	V	0.000	0.000	0.000	0.000	0.000
39	S	0.000	0.000	0.000	0.000	0.000
40	P	0.000	0.000	0.000	0.000	0.000
>XP_001390758.1
pos	aa	C	S	n-reg	h-reg	c-reg
1	M	0.000	0.945	0.945	0.000	0.000
2	R	0.000	0.945	0.945	0.000	0.000
3	F	0.000	0.945	0.447	0.498	0.000
4	L	0.000	0.945	0.236	0.709	0.000
5	S	0.000	0.945	0.200	0.745	0.000
6	S	0.000	0.945	0.123	0.821	0.000
7	A	0.000	0.945	0.021	0.923	0.000
8	A	0.000	0.945	0.009	0.936	0.000
9	L	0.000	0.945	0.000	0.944	0.000
10	F	0.000	0.945	0.000	0.944	0.000
11	G	0.000	0.945	0.000	0.771	0.174
12	L	0.000	0.945	0.000	0.728	0.217
13	A	0.000	0.945	0.000	0.559	0.385
14	Y	0.002	0.943	0.000	0.441	0.502
15	A	0.000	0.943	0.000	0.084	0.859
16	S	0.151	0.792	0.000	0.048	0.744
17	T	0.000	0.792	0.000	0.007	0.785
18	Q	0.143	0.649	0.000	0.002	0.647
19	A	0.024	0.625	0.000	0.000	0.625
20	V	0.468	0.157	0.000	0.000	0.157
21	L	0.000	0.157	0.000	0.000	0.157
22	Q	0.124	0.032	0.000	0.000	0.032
23	P	0.010	0.022	0.000	0.000	0.022
24	E	0.022	0.000	0.000	0.000	0.000
25	E	0.000	0.000	0.000	0.000	0.000
26	P	0.000	0.000	0.000	0.000	0.000
27	S	0.000	0.000	0.000	0.000	0.000
28	D	0.000	0.000	0.000	0.000	0.000
29	F	0.000	0.000	0.000	0.000	0.000
30	R	0.000	0.000	0.000	0.000	0.000
31	T	0.000	0.000	0.000	0.000	0.000
32	F	0.000	0.000	0.000	0.000	0.000
33	H	0.000	0.000	0.000	0.000	0.000
34	S	0.000	0.000	0.000	0.000	0.000
35	P	0.000	0.000	0.000	0.000	0.000
36	Y	0.000	0.000	0.000	0.000	0.000
37	S	0.000	0.000	0.000	0.000	0.000
38	P	0.000	0.000	0.000	0.000	0.000
39	H	0.000	0.000	0.000	0.000	0.000
40	H	0.000	0.000	0.000	0.000	0.000
>XP_001390759.1
pos	aa	C	S	n-reg	h-reg	c-reg
1	M	0.000	0.000	0.000	0.000	0.000
2	L	0.000	0.000	0.000	0.000	0.000
3	N	0.000	0.000	0.000	0.000	0.000
4	Y	0.000	0.000	0.000	0.000	0.000
5	F	0.000	0.000	0.000	0.000	0.000
6	K	0.000	0.000	0.000	0.000	0.000
7	I	0.000	0.000	0.000	0.000	0.000
8	T	0.000	0.000	0.000	0.000	0.000
9	A	0.000	0.000	0.000	0.000	0.000
10	N	0.000	0.000	0.000	0.000	0.000
11	I	0.000	0.000	0.000	0.000	0.000
12	V	0.000	0.000	0.000	0.000	0.000
13	L	0.000	0.000	0.000	0.000	0.000
14	R	0.000	0.000	0.000	0.000	0.000
15	F	0.000	0.000	0.000	0.000	0.000
16	I	0.000	0.000	0.000	0.000	0.000
17	K	0.000	0.000	0.000	0.000	0.000
18	A	0.000	0.000	0.000	0.000	0.000
19	V	0.000	0.000	0.000	0.000	0.000
20	F	0.000	0.000	0.000	0.000	0.000
21	D	0.000	0.000	0.000	0.000	0.000
22	L	0.000	0.000	0.000	0.000	0.000
23	V	0.000	0.000	0.000	0.000	0.000
24	S	0.000	0.000	0.000	0.000	0.000
25	F	0.000	0.000	0.000	0.000	0.000
26	S	0.000	0.000	0.000	0.000	0.000
27	A	0.000	0.000	0.000	0.000	0.000
28	Y	0.000	0.000	0.000	0.000	0.000
29	V	0.000	0.000	0.000	0.000	0.000
30	V	0.000	0.000	0.000	0.000	0.000
31	Q	0.000	0.000	0.000	0.000	0.000
32	L	0.000	0.000	0.000	0.000	0.000
33	T	0.000	0.000	0.000	0.000	0.000
34	I	0.000	0.000	0.000	0.000	0.000
35	R	0.000	0.000	0.000	0.000	0.000
36	D	0.000	0.000	0.000	0.000	0.000
37	L	0.000	0.000	0.000	0.000	0.000
38	I	0.000	0.000	0.000	0.000	0.000
39	L	0.000	0.000	0.000	0.000	0.000
40	T	0.000	0.000	0.000	0.000	0.000
>XP_001390769.2
pos	aa	C	S	n-reg	h-reg	c-reg
1	M	0.000	0.304	0.304	0.000	0.000
2	L	0.000	0.304	0.304	0.000	0.000
3	K	0.000	0.304	0.304	0.000	0.000
4	S	0.000	0.304	0.304	0.000	0.000
5	K	0.000	0.304	0.304	0.000	0.000
6	T	0.000	0.304	0.303	0.001	0.000
7	P	0.000	0.304	0.301	0.003	0.000
8	Y	0.000	0.304	0.295	0.009	0.000
9	F	0.000	0.304	0.270	0.034	0.000
10	G	0.000	0.304	0.259	0.045	0.000
11	L	0.000	0.304	0.247	0.057	0.000
12	R	0.000	0.304	0.245	0.059	0.000
13	G	0.000	0.304	0.124	0.180	0.000
14	G	0.000	0.304	0.078	0.226	0.000
15	W	0.000	0.304	0.027	0.277	0.000
16	L	0.000	0.304	0.003	0.301	0.000
17	T	0.000	0.304	0.001	0.297	0.006
18	F	0.000	0.304	0.000	0.291	0.012
19	W	0.000	0.304	0.000	0.283	0.021
20	I	0.000	0.304	0.000	0.278	0.027
21	T	0.000	0.304	0.000	0.148	0.156
22	L	0.000	0.304	0.000	0.116	0.188
23	A	0.000	0.304	0.000	0.057	0.248
24	C	0.005	0.299	0.000	0.023	0.276
25	G	0.000	0.299	0.000	0.009	0.290
26	A	0.192	0.106	0.000	0.004	0.103
27	D	0.075	0.031	0.000	0.001	0.030
28	M	0.000	0.031	0.000	0.000	0.031
29	T	0.000	0.031	0.000	0.000	0.031
30	L	0.005	0.026	0.000	0.000	0.026
31	Y	0.003	0.024	0.000	0.000	0.024
32	G	0.000	0.024	0.000	0.000	0.024
33	Y	0.021	0.003	0.000	0.000	0.003
34	D	0.000	0.003	0.000	0.000	0.003
35	Q	0.000	0.003	0.000	0.000	0.003
36	G	0.000	0.003	0.000	0.000	0.003
37	V	0.000	0.002	0.000	0.000	0.002
38	F	0.000	0.002	0.000	0.000	0.002
39	S	0.000	0.002	0.000	0.000	0.002
40	G	0.002	0.001	0.000	0.000	0.001
>XP_001390776.2
pos	aa	C	S	n-reg	h-reg	c-reg
1	M	0.000	0.812	0.812	0.000	0.000
2	S	0.000	0.841	0.841	0.000	0.000
3	A	0.000	0.841	0.810	0.032	0.000
4	L	0.000	0.841	0.797	0.044	0.000
5	S	0.000	0.841	0.796	0.046	0.000
6	I	0.000	0.841	0.795	0.046	0.000
7	I	0.000	0.841	0.795	0.046	0.000
8	V	0.000	0.841	0.795	0.046	0.000
9	V	0.000	0.841	0.795	0.046	0.000
10	A	0.000	0.841	0.795	0.046	0.000
11	M	0.000	0.841	0.795	0.023	0.023
12	R	0.000	0.841	0.795	0.010	0.036
13	S	0.000	0.841	0.795	0.001	0.045
14	V	0.000	0.841	0.795	0.001	0.045
15	S	0.000	0.841	0.795	0.000	0.045
16	N	0.003	0.838	0.795	0.000	0.042
17	A	0.000	0.838	0.795	0.000	0.042
18	K	0.042	0.796	0.795	0.000	0.000
19	F	0.000	0.796	0.795	0.000	0.000
20	G	0.000	0.796	0.795	0.000	0.000
21	N	0.000	0.795	0.795	0.000	0.000
22	Y	0.000	0.795	0.795	0.000	0.000
23	Q	0.000	0.795	0.795	0.001	0.000
24	I	0.000	0.795	0.792	0.003	0.000
25	S	0.000	0.795	0.791	0.005	0.000
26	D	0.000	0.795	0.785	0.010	0.000
27	I	0.000	0.795	0.378	0.417	0.000
28	V	0.000	0.795	0.193	0.602	0.000
29	T	0.000	0.795	0.139	0.656	0.000
30	L	0.000	0.795	0.039	0.756	0.000
31	L	0.000	0.795	0.008	0.787	0.000
32	A	0.000	0.795	0.004	0.791	0.000
33	L	0.000	0.795	0.001	0.794	0.000
34	T	0.000	0.795	0.001	0.794	0.000
35	L	0.000	0.795	0.000	0.789	0.006
36	L	0.000	0.795	0.000	0.777	0.019
37	V	0.000	0.795	0.000	0.763	0.033
38	I	0.000	0.795	0.000	0.695	0.100
39	A	0.000	0.795	0.000	0.209	0.586
40	A	0.011	0.784	0.000	0.127	0.656
>XP_001390778.2
pos	aa	C	S	n-reg	h-reg	c-reg
1	M	0.000	0.987	0.987	0.000	0.000
2	M	0.000	0.987	0.987	0.000	0.000
3	V	0.000	0.987	0.855	0.131	0.000
4	A	0.000	0.987	0.796	0.191	0.000
5	W	0.000	0.987	0.711	0.276	0.000
6	W	0.000	0.987	0.431	0.555	0.000
7	S	0.000	0.987	0.244	0.742	0.000
8	L	0.000	0.987	0.067	0.920	0.000
9	F	0.000	0.987	0.009	0.978	0.000
10	L	0.000	0.987	0.002	0.985	0.000
11	Y	0.000	0.987	0.002	0.980	0.005
12	G	0.000	0.987	0.001	0.976	0.010
13	L	0.000	0.987	0.000	0.955	0.032
14	Q	0.000	0.987	0.000	0.732	0.255
15	V	0.000	0.987	0.000	0.699	0.287
16	A	0.000	0.987	0.000	0.603	0.384
17	A	0.002	0.985	0.000	0.145	0.840
18	P	0.001	0.984	0.000	0.016	0.968
19	A	0.008	0.976	0.000	0.010	0.966
20	L	0.005	0.971	0.000	0.007	0.964
21	A	0.000	0.971	0.000	0.001	0.970
22	A	0.786	0.184	0.000	0.000	0.184
23	T	0.151	0.034	0.000	0.000	0.034
24	P	0.003	0.031	0.000	0.000	0.031
25	A	0.015	0.016	0.000	0.000	0.016
26	D	0.014	0.002	0.000	0.000	0.002
27	W	0.000	0.002	0.000	0.000	0.002
28	R	0.000	0.002	0.000	0.000	0.002
29	S	0.000	0.002	0.000	0.000	0.002
30	Q	0.001	0.001	0.000	0.000	0.001
31	S	0.000	0.001	0.000	0.000	0.000
32	I	0.000	0.000	0.000	0.000	0.000
33	Y	0.000	0.000	0.000	0.000	0.000
34	F	0.000	0.000	0.000	0.000	0.000
35	L	0.000	0.000	0.000	0.000	0.000
36	L	0.000	0.000	0.000	0.000	0.000
37	T	0.000	0.000	0.000	0.000	0.000
38	D	0.000	0.000	0.000	0.000	0.000
39	R	0.000	0.000	0.000	0.000	0.000
40	F	0.000	0.000	0.000	0.000	0.000
>XP_001390785.1
pos	aa	C	S	n-reg	h-reg	c-reg
1	M	0.000	0.973	0.973	0.000	0.000
2	F	0.000	0.973	0.973	0.000	0.000
3	L	0.000	0.973	0.948	0.024	0.000
4	I	0.000	0.973	0.935	0.038	0.000
5	S	0.000	0.973	0.926	0.047	0.000
6	P	0.000	0.973	0.823	0.149	0.000
7	A	0.000	0.973	0.306	0.666	0.000
8	V	0.000	0.973	0.166	0.806	0.000
9	T	0.000	0.973	0.096	0.877	0.000
10	V	0.000	0.973	0.004	0.969	0.000
11	A	0.000	0.973	0.001	0.971	0.001
12	A	0.000	0.973	0.001	0.971	0.001
13	A	0.000	0.973	0.000	0.971	0.001
14	L	0.000	0.973	0.000	0.966	0.007
15	L	0.000	0.973	0.000	0.920	0.053
16	L	0.000	0.972	0.000	0.878	0.095
17	I	0.000	0.972	0.000	0.793	0.179
18	N	0.000	0.972	0.000	0.037	0.935
19	G	0.000	0.972	0.000	0.012	0.960
20	A	0.016	0.957	0.000	0.007	0.950
21	G	0.004	0.952	0.000	0.001	0.951
22	A	0.021	0.932	0.000	0.000	0.931
23	T	0.769	0.163	0.000	0.000	0.162
24	Q	0.025	0.138	0.000	0.000	0.138
25	S	0.016	0.122	0.000	0.000	0.122
26	E	0.117	0.004	0.000	0.000	0.004
27	R	0.000	0.004	0.000	0.000	0.004
28	S	0.000	0.004	0.000	0.000	0.004
29	R	0.000	0.004	0.000	0.000	0.004
30	A	0.000	0.004	0.000	0.000	0.004
31	A	0.002	0.002	0.000	0.000	0.002
32	A	0.000	0.002	0.000	0.000	0.002
33	H	0.001	0.000	0.000	0.000	0.000
34	F	0.000	0.000	0.000	0.000	0.000
35	S	0.000	0.000	0.000	0.000	0.000
36	K	0.000	0.000	0.000	0.000	0.000
37	R	0.000	0.000	0.000	0.000	0.000
38	H	0.000	0.000	0.000	0.000	0.000
39	P	0.000	0.000	0.000	0.000	0.000
40	T	0.000	0.000	0.000	0.000	0.000
>XP_001390793.2
pos	aa	C	S	n-reg	h-reg	c-reg
1	M	0.000	0.992	0.992	0.000	0.000
2	R	0.000	0.993	0.993	0.000	0.000
3	S	0.000	0.993	0.864	0.130	0.000
4	A	0.000	0.993	0.568	0.425	0.000
5	I	0.000	0.993	0.399	0.594	0.000
6	P	0.000	0.993	0.339	0.655	0.000
7	F	0.000	0.993	0.069	0.924	0.000
8	I	0.000	0.993	0.025	0.968	0.000
9	L	0.000	0.993	0.007	0.987	0.000
10	S	0.000	0.993	0.005	0.988	0.000
11	L	0.000	0.993	0.002	0.967	0.025
12	G	0.000	0.993	0.001	0.850	0.142
13	S	0.000	0.993	0.001	0.600	0.393
14	L	0.000	0.993	0.000	0.571	0.422
15	A	0.000	0.993	0.000	0.307	0.686
16	A	0.050	0.943	0.000	0.245	0.698
17	A	0.046	0.898	0.000	0.088	0.810
18	I	0.308	0.589	0.000	0.068	0.521
19	S	0.000	0.589	0.000	0.010	0.579
20	I	0.210	0.379	0.000	0.008	0.371
21	T	0.000	0.378	0.000	0.005	0.373
22	E	0.273	0.104	0.000	0.001	0.104
23	P	0.000	0.104	0.000	0.000	0.104
24	T	0.088	0.016	0.000	0.000	0.016
25	L	0.000	0.016	0.000	0.000	0.016
26	N	0.001	0.016	0.000	0.000	0.016
27	S	0.000	0.016	0.000	0.000	0.016
28	T	0.003	0.012	0.000	0.000	0.012
29	Y	0.001	0.011	0.000	0.000	0.011
30	A	0.000	0.011	0.000	0.000	0.011
31	A	0.007	0.005	0.000	0.000	0.004
32	G	0.000	0.004	0.000	0.000	0.004
33	S	0.003	0.002	0.000	0.000	0.002
34	T	0.000	0.002	0.000	0.000	0.002
35	I	0.000	0.001	0.000	0.000	0.001
36	T	0.000	0.001	0.000	0.000	0.001
37	V	0.001	0.001	0.000	0.000	0.001
38	N	0.000	0.001	0.000	0.000	0.001
39	W	0.000	0.001	0.000	0.000	0.001
40	T	0.000	0.001	0.000	0.000	0.001
>XP_001390796.1
pos	aa	C	S	n-reg	h-reg	c-reg
1	M	0.000	0.978	0.978	0.000	0.000
2	C	0.000	0.978	0.978	0.000	0.000
3	F	0.000	0.978	0.973	0.005	0.000
4	T	0.000	0.978	0.969	0.009	0.000
5	M	0.000	0.978	0.962	0.016	0.000
6	F	0.000	0.978	0.905	0.073	0.000
7	T	0.000	0.978	0.879	0.099	0.000
8	R	0.000	0.978	0.868	0.110	0.000
9	L	0.000	0.978	0.197	0.781	0.000
10	G	0.000	0.978	0.017	0.961	0.000
11	L	0.000	0.978	0.000	0.977	0.000
12	Y	0.000	0.978	0.000	0.978	0.000
13	L	0.000	0.978	0.000	0.978	0.000
14	L	0.000	0.978	0.000	0.975	0.003
15	A	0.000	0.978	0.000	0.963	0.015
16	L	0.000	0.978	0.000	0.957	0.021
17	F	0.000	0.978	0.000	0.863	0.115
18	S	0.000	0.978	0.000	0.045	0.932
19	P	0.000	0.978	0.000	0.007	0.970
20	T	0.000	0.978	0.000	0.000	0.978
21	R	0.001	0.977	0.000	0.000	0.977
22	G	0.000	0.977	0.000	0.000	0.977
23	D	0.950	0.027	0.000	0.000	0.027
24	T	0.000	0.027	0.000	0.000	0.027
25	I	0.027	0.000	0.000	0.000	0.000
26	H	0.000	0.000	0.000	0.000	0.000
27	H	0.000	0.000	0.000	0.000	0.000
28	R	0.000	0.000	0.000	0.000	0.000
29	T	0.000	0.000	0.000	0.000	0.000
30	Y	0.000	0.000	0.000	0.000	0.000
31	F	0.000	0.000	0.000	0.000	0.000
32	Y	0.000	0.000	0.000	0.000	0.000
33	V	0.000	0.000	0.000	0.000	0.000
34	G	0.000	0.000	0.000	0.000	0.000
35	G	0.000	0.000	0.000	0.000	0.000
36	N	0.000	0.000	0.000	0.000	0.000
37	Y	0.000	0.000	0.000	0.000	0.000
38	S	0.000	0.000	0.000	0.000	0.000
39	I	0.000	0.000	0.000	0.000	0.000
40	T	0.000	0.000	0.000	0.000	0.000
>XP_001390798.2
pos	aa	C	S	n-reg	h-reg	c-reg
1	M	0.000	0.063	0.063	0.000	0.000
2	G	0.000	0.994	0.994	0.000	0.000
3	S	0.000	0.994	0.994	0.000	0.000
4	P	0.000	0.994	0.994	0.000	0.000
5	T	0.000	0.994	0.994	0.000	0.000
6	R	0.000	0.994	0.994	0.000	0.000
7	M	0.000	0.994	0.994	0.000	0.000
8	L	0.000	0.994	0.994	0.000	0.000
9	R	0.000	0.994	0.994	0.000	0.000
10	R	0.000	0.994	0.994	0.000	0.000
11	L	0.000	0.994	0.994	0.000	0.000
12	L	0.000	0.994	0.994	0.000	0.000
13	R	0.000	0.994	0.994	0.000	0.000
14	Q	0.000	0.994	0.994	0.000	0.000
15	V	0.000	0.994	0.994	0.000	0.000
16	R	0.000	0.994	0.994	0.000	0.000
17	R	0.000	0.994	0.994	0.000	0.000
18	H	0.000	0.994	0.994	0.000	0.000
19	D	0.000	0.994	0.994	0.000	0.000
20	W	0.000	0.994	0.994	0.000	0.000
21	R	0.000	0.994	0.994	0.000	0.000
22	C	0.000	0.994	0.766	0.228	0.000
23	L	0.000	0.994	0.584	0.411	0.000
24	M	0.000	0.994	0.508	0.486	0.000
25	A	0.000	0.994	0.442	0.552	0.000
26	Y	0.000	0.994	0.393	0.601	0.000
27	S	0.000	0.994	0.348	0.646	0.000
28	A	0.000	0.994	0.249	0.746	0.000
29	L	0.000	0.994	0.173	0.821	0.000
30	I	0.000	0.994	0.142	0.852	0.001
31	I	0.000	0.994	0.130	0.861	0.004
32	P	0.000	0.994	0.125	0.864	0.006
33	S	0.000	0.994	0.098	0.890	0.006
34	A	0.000	0.994	0.051	0.937	0.006
35	A	0.000	0.994	0.018	0.970	0.006
36	V	0.005	0.989	0.002	0.986	0.002
37	F	0.000	0.989	0.000	0.986	0.002
38	L	0.000	0.988	0.000	0.985	0.003
39	Y	0.001	0.984	0.000	0.974	0.010
40	L	0.000	0.982	0.000	0.969	0.013
>XP_001390800.2
pos	aa	C	S	n-reg	h-reg	c-reg
1	M	0.000	0.983	0.983	0.000	0.000
2	I	0.000	0.994	0.994	0.000	0.000
3	W	0.000	0.994	0.994	0.000	0.000
4	R	0.000	0.994	0.994	0.000	0.000
5	Y	0.000	0.994	0.994	0.000	0.000
6	L	0.000	0.994	0.994	0.000	0.000
7	L	0.000	0.994	0.994	0.000	0.000
8	R	0.000	0.994	0.994	0.000	0.000
9	R	0.000	0.994	0.994	0.000	0.000
10	P	0.000	0.994	0.917	0.078	0.000
11	M	0.000	0.994	0.514	0.481	0.000
12	L	0.000	0.994	0.247	0.747	0.000
13	G	0.000	0.994	0.183	0.811	0.000
14	T	0.000	0.994	0.042	0.953	0.000
15	L	0.000	0.994	0.006	0.989	0.000
16	C	0.000	0.994	0.001	0.993	0.000
17	I	0.000	0.994	0.000	0.994	0.000
18	L	0.000	0.994	0.000	0.994	0.001
19	V	0.000	0.994	0.000	0.985	0.009
20	L	0.000	0.994	0.000	0.950	0.044
21	F	0.000	0.994	0.000	0.891	0.104
22	T	0.000	0.994	0.000	0.150	0.845
23	W	0.001	0.994	0.000	0.086	0.908
24	L	0.000	0.993	0.000	0.054	0.940
25	L	0.021	0.970	0.000	0.045	0.925
26	Q	0.013	0.949	0.000	0.006	0.943
27	Q	0.855	0.093	0.000	0.000	0.093
28	P	0.025	0.068	0.000	0.000	0.068
29	D	0.019	0.049	0.000	0.000	0.049
30	T	0.000	0.049	0.000	0.000	0.049
31	S	0.032	0.018	0.000	0.000	0.018
32	V	0.017	0.000	0.000	0.000	0.000
33	K	0.000	0.000	0.000	0.000	0.000
34	E	0.000	0.000	0.000	0.000	0.000
35	I	0.000	0.000	0.000	0.000	0.000
36	Y	0.000	0.000	0.000	0.000	0.000
37	L	0.000	0.000	0.000	0.000	0.000
38	L	0.000	0.000	0.000	0.000	0.000
39	Q	0.000	0.000	0.000	0.000	0.000
40	H	0.000	0.000	0.000	0.000	0.000
>XP_001390802.1
pos	aa	C	S	n-reg	h-reg	c-reg
1	M	0.000	0.997	0.997	0.000	0.000
2	W	0.000	0.997	0.997	0.000	0.000
3	F	0.000	0.997	0.672	0.325	0.000
4	S	0.000	0.997	0.475	0.522	0.000
5	V	0.000	0.997	0.326	0.671	0.000
6	S	0.000	0.997	0.215	0.782	0.000
7	F	0.000	0.997	0.002	0.995	0.000
8	L	0.000	0.997	0.000	0.997	0.000
9	L	0.000	0.997	0.000	0.997	0.000
10	S	0.000	0.997	0.000	0.997	0.000
11	A	0.000	0.997	0.000	0.977	0.020
12	L	0.000	0.997	0.000	0.935	0.062
13	A	0.000	0.997	0.000	0.863	0.134
14	I	0.000	0.996	0.000	0.788	0.208
15	P	0.000	0.996	0.000	0.016	0.981
16	Q	0.001	0.995	0.000	0.003	0.992
17	V	0.000	0.995	0.000	0.002	0.993
18	L	0.000	0.995	0.000	0.001	0.994
19	G	0.000	0.995	0.000	0.000	0.995
20	A	0.971	0.024	0.000	0.000	0.024
21	S	0.019	0.005	0.000	0.000	0.005
22	I	0.003	0.002	0.000	0.000	0.002
23	P	0.000	0.002	0.000	0.000	0.002
24	S	0.001	0.001	0.000	0.000	0.001
25	T	0.000	0.001	0.000	0.000	0.001
26	S	0.000	0.001	0.000	0.000	0.001
27	Q	0.001	0.000	0.000	0.000	0.000
28	P	0.000	0.000	0.000	0.000	0.000
29	K	0.000	0.000	0.000	0.000	0.000
30	A	0.000	0.000	0.000	0.000	0.000
31	C	0.000	0.000	0.000	0.000	0.000
32	V	0.000	0.000	0.000	0.000	0.000
33	N	0.000	0.000	0.000	0.000	0.000
34	S	0.000	0.000	0.000	0.000	0.000
35	P	0.000	0.000	0.000	0.000	0.000
36	T	0.000	0.000	0.000	0.000	0.000
37	N	0.000	0.000	0.000	0.000	0.000
38	R	0.000	0.000	0.000	0.000	0.000
39	A	0.000	0.000	0.000	0.000	0.000
40	C	0.000	0.000	0.000	0.000	0.000
>XP_001390803.1
pos	aa	C	S	n-reg	h-reg	c-reg
1	M	0.000	0.987	0.987	0.000	0.000
2	Q	0.000	0.987	0.987	0.000	0.000
3	W	0.000	0.987	0.961	0.025	0.000
4	T	0.000	0.987	0.919	0.068	0.000
5	N	0.000	0.987	0.883	0.104	0.000
6	F	0.000	0.987	0.227	0.759	0.000
7	L	0.000	0.987	0.049	0.938	0.000
8	C	0.000	0.987	0.035	0.951	0.000
9	P	0.000	0.987	0.030	0.956	0.000
10	L	0.000	0.987	0.001	0.986	0.000
11	I	0.000	0.987	0.000	0.986	0.001
12	A	0.000	0.987	0.000	0.970	0.016
13	M	0.000	0.987	0.000	0.941	0.045
14	Q	0.000	0.987	0.000	0.592	0.394
15	A	0.000	0.987	0.000	0.498	0.489
16	S	0.000	0.986	0.000	0.433	0.553
17	L	0.000	0.986	0.000	0.418	0.568
18	S	0.000	0.986	0.000	0.009	0.977
19	A	0.115	0.871	0.000	0.002	0.869
20	A	0.045	0.826	0.000	0.000	0.826
21	W	0.130	0.697	0.000	0.000	0.697
22	G	0.000	0.697	0.000	0.000	0.697
23	T	0.695	0.002	0.000	0.000	0.002
24	H	0.001	0.001	0.000	0.000	0.001
25	V	0.000	0.001	0.000	0.000	0.001
26	K	0.000	0.001	0.000	0.000	0.001
27	R	0.000	0.001	0.000	0.000	0.001
28	G	0.000	0.001	0.000	0.000	0.001
29	S	0.001	0.000	0.000	0.000	0.000
30	E	0.000	0.000	0.000	0.000	0.000
31	T	0.000	0.000	0.000	0.000	0.000
32	N	0.000	0.000	0.000	0.000	0.000
33	A	0.000	0.000	0.000	0.000	0.000
34	T	0.000	0.000	0.000	0.000	0.000
35	L	0.000	0.000	0.000	0.000	0.000
36	F	0.000	0.000	0.000	0.000	0.000
37	A	0.000	0.000	0.000	0.000	0.000
38	Y	0.000	0.000	0.000	0.000	0.000
39	G	0.000	0.000	0.000	0.000	0.000
40	Q	0.000	0.000	0.000	0.000	0.000
>XP_001390806.1
pos	aa	C	S	n-reg	h-reg	c-reg
1	M	0.000	0.831	0.831	0.000	0.000
2	R	0.000	0.831	0.831	0.000	0.000
3	I	0.000	0.831	0.783	0.048	0.000
4	V	0.000	0.831	0.757	0.074	0.000
5	L	0.000	0.831	0.746	0.085	0.000
6	K	0.000	0.831	0.740	0.090	0.000
7	A	0.000	0.831	0.363	0.467	0.000
8	S	0.000	0.831	0.250	0.581	0.000
9	L	0.000	0.831	0.008	0.823	0.000
10	V	0.000	0.831	0.001	0.830	0.000
11	A	0.000	0.831	0.000	0.828	0.003
12	A	0.000	0.831	0.000	0.824	0.007
13	L	0.000	0.831	0.000	0.814	0.017
14	I	0.000	0.831	0.000	0.797	0.034
15	A	0.000	0.831	0.000	0.592	0.239
16	S	0.000	0.831	0.000	0.519	0.311
17	A	0.002	0.829	0.000	0.075	0.754
18	H	0.058	0.771	0.000	0.011	0.760
19	T	0.000	0.771	0.000	0.005	0.765
20	L	0.086	0.685	0.000	0.004	0.681
21	G	0.001	0.684	0.000	0.001	0.683
22	Q	0.623	0.061	0.000	0.000	0.061
23	R	0.034	0.027	0.000	0.000	0.027
24	P	0.000	0.027	0.000	0.000	0.027
25	F	0.000	0.027	0.000	0.000	0.027
26	G	0.000	0.027	0.000	0.000	0.027
27	S	0.002	0.025	0.000	0.000	0.025
28	S	0.000	0.025	0.000	0.000	0.025
29	F	0.007	0.019	0.000	0.000	0.019
30	G	0.000	0.019	0.000	0.000	0.019
31	V	0.008	0.011	0.000	0.000	0.011
32	P	0.000	0.011	0.000	0.000	0.011
33	G	0.000	0.011	0.000	0.000	0.011
34	T	0.000	0.010	0.000	0.000	0.010
35	N	0.000	0.010	0.000	0.000	0.010
36	A	0.000	0.010	0.000	0.000	0.010
37	T	0.010	0.000	0.000	0.000	0.000
38	F	0.000	0.000	0.000	0.000	0.000
39	D	0.000	0.000	0.000	0.000	0.000
40	Y	0.000	0.000	0.000	0.000	0.000
>XP_001390807.1
pos	aa	C	S	n-reg	h-reg	c-reg
1	M	0.000	0.994	0.994	0.000	0.000
2	A	0.000	0.994	0.994	0.000	0.000
3	P	0.000	0.994	0.976	0.018	0.000
4	S	0.000	0.994	0.856	0.138	0.000
5	T	0.000	0.994	0.650	0.345	0.000
6	L	0.000	0.994	0.096	0.898	0.000
7	F	0.000	0.994	0.022	0.972	0.000
8	F	0.000	0.994	0.009	0.986	0.000
9	A	0.000	0.994	0.001	0.993	0.000
10	A	0.000	0.994	0.000	0.994	0.000
11	L	0.000	0.994	0.000	0.994	0.000
12	A	0.000	0.994	0.000	0.984	0.011
13	L	0.000	0.994	0.000	0.957	0.037
14	G	0.000	0.994	0.000	0.706	0.288
15	A	0.000	0.994	0.000	0.505	0.489
16	A	0.000	0.994	0.000	0.398	0.595
17	S	0.005	0.989	0.000	0.046	0.942
18	Q	0.009	0.980	0.000	0.006	0.974
19	A	0.046	0.933	0.000	0.001	0.932
20	S	0.147	0.786	0.000	0.000	0.786
21	A	0.003	0.784	0.000	0.000	0.784
22	T	0.575	0.209	0.000	0.000	0.209
23	S	0.024	0.185	0.000	0.000	0.185
24	R	0.111	0.074	0.000	0.000	0.074
25	T	0.000	0.074	0.000	0.000	0.074
26	V	0.039	0.035	0.000	0.000	0.035
27	P	0.000	0.035	0.000	0.000	0.035
28	V	0.000	0.034	0.000	0.000	0.034
29	A	0.000	0.034	0.000	0.000	0.034
30	A	0.001	0.033	0.000	0.000	0.033
31	T	0.021	0.012	0.000	0.000	0.012
32	T	0.009	0.003	0.000	0.000	0.003
33	V	0.003	0.000	0.000	0.000	0.000
34	P	0.000	0.000	0.000	0.000	0.000
35	S	0.000	0.000	0.000	0.000	0.000
36	T	0.000	0.000	0.000	0.000	0.000
37	N	0.000	0.000	0.000	0.000	0.000
38	S	0.000	0.000	0.000	0.000	0.000
39	V	0.000	0.000	0.000	0.000	0.000
40	A	0.000	0.000	0.000	0.000	0.000
>XP_001390810.1
pos	aa	C	S	n-reg	h-reg	c-reg
1	M	0.000	0.192	0.192	0.000	0.000
2	T	0.000	0.284	0.284	0.000	0.000
3	V	0.000	0.284	0.284	0.000	0.000
4	N	0.000	0.284	0.284	0.000	0.000
5	R	0.000	0.284	0.284	0.000	0.000
6	N	0.000	0.284	0.284	0.000	0.000
7	A	0.000	0.284	0.280	0.004	0.000
8	A	0.000	0.284	0.278	0.006	0.000
9	V	0.000	0.284	0.276	0.008	0.000
10	R	0.000	0.284	0.275	0.009	0.000
11	A	0.000	0.284	0.236	0.048	0.000
12	I	0.000	0.284	0.207	0.077	0.000
13	P	0.000	0.284	0.196	0.088	0.000
14	A	0.000	0.284	0.150	0.134	0.000
15	V	0.000	0.284	0.111	0.173	0.000
16	F	0.000	0.284	0.097	0.187	0.000
17	L	0.000	0.284	0.092	0.190	0.002
18	A	0.000	0.284	0.091	0.189	0.004
19	V	0.000	0.284	0.090	0.179	0.015
20	T	0.000	0.284	0.090	0.169	0.025
21	S	0.001	0.283	0.090	0.151	0.043
22	I	0.006	0.277	0.089	0.124	0.064
23	T	0.000	0.277	0.089	0.103	0.085
24	V	0.007	0.270	0.089	0.074	0.107
25	L	0.000	0.270	0.089	0.058	0.123
26	L	0.019	0.250	0.089	0.032	0.129
27	R	0.053	0.194	0.089	0.007	0.098
28	C	0.000	0.194	0.089	0.003	0.102
29	Y	0.046	0.148	0.089	0.002	0.058
30	V	0.000	0.148	0.089	0.001	0.058
31	R	0.000	0.148	0.089	0.001	0.059
32	L	0.000	0.148	0.089	0.001	0.059
33	R	0.043	0.105	0.089	0.000	0.016
34	L	0.000	0.105	0.089	0.000	0.016
35	V	0.005	0.100	0.089	0.000	0.011
36	K	0.000	0.100	0.089	0.000	0.011
37	A	0.000	0.100	0.089	0.000	0.011
38	F	0.008	0.092	0.089	0.000	0.003
39	G	0.000	0.092	0.089	0.000	0.003
40	W	0.002	0.090	0.089	0.000	0.001
>XP_001390812.1
pos	aa	C	S	n-reg	h-reg	c-reg
1	M	0.000	0.999	0.999	0.000	0.000
2	V	0.000	0.999	0.999	0.000	0.000
3	R	0.000	0.999	0.997	0.002	0.000
4	Q	0.000	0.999	0.845	0.154	0.000
5	L	0.000	0.999	0.379	0.620	0.000
6	I	0.000	0.999	0.109	0.890	0.000
7	L	0.000	0.999	0.011	0.988	0.000
8	I	0.000	0.999	0.005	0.994	0.000
9	S	0.000	0.999	0.003	0.996	0.000
10	S	0.000	0.999	0.000	0.998	0.000
11	L	0.000	0.999	0.000	0.999	0.000
12	L	0.000	0.999	0.000	0.985	0.014
13	A	0.000	0.999	0.000	0.912	0.086
14	A	0.000	0.999	0.000	0.846	0.153
15	V	0.000	0.999	0.000	0.445	0.554
16	A	0.000	0.999	0.000	0.270	0.729
17	V	0.001	0.997	0.000	0.136	0.862
18	R	0.000	0.997	0.000	0.001	0.996
19	A	0.000	0.997	0.000	0.001	0.997
20	A	0.716	0.281	0.000	0.000	0.281
21	P	0.003	0.278	0.000	0.000	0.278
22	A	0.033	0.245	0.000	0.000	0.245
23	D	0.221	0.024	0.000	0.000	0.024
24	P	0.000	0.024	0.000	0.000	0.024
25	A	0.020	0.004	0.000	0.000	0.004
26	H	0.003	0.001	0.000	0.000	0.001
27	P	0.000	0.001	0.000	0.000	0.001
28	M	0.001	0.000	0.000	0.000	0.000
29	V	0.000	0.000	0.000	0.000	0.000
30	T	0.000	0.000	0.000	0.000	0.000
31	E	0.000	0.000	0.000	0.000	0.000
32	A	0.000	0.000	0.000	0.000	0.000
33	P	0.000	0.000	0.000	0.000	0.000
34	D	0.000	0.000	0.000	0.000	0.000
35	V	0.000	0.000	0.000	0.000	0.000
36	N	0.000	0.000	0.000	0.000	0.000
37	L	0.000	0.000	0.000	0.000	0.000
38	V	0.000	0.000	0.000	0.000	0.000
39	E	0.000	0.000	0.000	0.000	0.000
40	K	0.000	0.000	0.000	0.000	0.000
>XP_001390815.2
pos	aa	C	S	n-reg	h-reg	c-reg
1	M	0.000	0.000	0.000	0.000	0.000
2	A	0.000	0.000	0.000	0.000	0.000
3	F	0.000	0.000	0.000	0.000	0.000
4	F	0.000	0.000	0.000	0.000	0.000
5	S	0.000	0.000	0.000	0.000	0.000
6	A	0.000	0.000	0.000	0.000	0.000
7	V	0.000	0.000	0.000	0.000	0.000
8	I	0.000	0.000	0.000	0.000	0.000
9	P	0.000	0.000	0.000	0.000	0.000
10	R	0.000	0.000	0.000	0.000	0.000
11	L	0.000	0.000	0.000	0.000	0.000
12	C	0.000	0.000	0.000	0.000	0.000
13	L	0.000	0.000	0.000	0.000	0.000
14	S	0.000	0.000	0.000	0.000	0.000
15	A	0.000	0.000	0.000	0.000	0.000
16	F	0.000	0.000	0.000	0.000	0.000
17	T	0.000	0.000	0.000	0.000	0.000
18	I	0.000	0.000	0.000	0.000	0.000
19	M	0.000	0.000	0.000	0.000	0.000
20	Q	0.000	0.000	0.000	0.000	0.000
21	P	0.000	0.000	0.000	0.000	0.000
22	L	0.000	0.000	0.000	0.000	0.000
23	L	0.000	0.000	0.000	0.000	0.000
24	V	0.000	0.000	0.000	0.000	0.000
25	D	0.000	0.000	0.000	0.000	0.000
26	K	0.000	0.000	0.000	0.000	0.000
27	I	0.000	0.000	0.000	0.000	0.000
28	T	0.000	0.000	0.000	0.000	0.000
29	T	0.000	0.000	0.000	0.000	0.000
30	Y	0.000	0.000	0.000	0.000	0.000
31	A	0.000	0.000	0.000	0.000	0.000
32	A	0.000	0.000	0.000	0.000	0.000
33	L	0.000	0.000	0.000	0.000	0.000
34	P	0.000	0.000	0.000	0.000	0.000
35	E	0.000	0.000	0.000	0.000	0.000
36	T	0.000	0.000	0.000	0.000	0.000
37	P	0.000	0.000	0.000	0.000	0.000
38	E	0.000	0.000	0.000	0.000	0.000
39	T	0.000	0.000	0.000	0.000	0.000
40	R	0.000	0.000	0.000	0.000	0.000
>XP_001390822.1
pos	aa	C	S	n-reg	h-reg	c-reg
1	M	0.000	0.966	0.966	0.000	0.000
2	W	0.000	0.966	0.966	0.000	0.000
3	L	0.000	0.966	0.966	0.000	0.000
4	P	0.000	0.966	0.966	0.000	0.000
5	H	0.000	0.966	0.966	0.000	0.000
6	G	0.000	0.966	0.956	0.010	0.000
7	K	0.000	0.966	0.937	0.029	0.000
8	L	0.000	0.966	0.274	0.692	0.000
9	V	0.000	0.966	0.082	0.884	0.000
10	L	0.000	0.966	0.001	0.965	0.000
11	A	0.000	0.966	0.000	0.966	0.000
12	S	0.000	0.966	0.000	0.966	0.000
13	F	0.000	0.966	0.000	0.966	0.000
14	F	0.000	0.966	0.000	0.966	0.000
15	I	0.000	0.966	0.000	0.964	0.002
16	F	0.000	0.966	0.000	0.860	0.106
17	I	0.000	0.966	0.000	0.759	0.207
18	Q	0.000	0.966	0.000	0.023	0.943
19	W	0.000	0.966	0.000	0.011	0.955
20	A	0.000	0.966	0.000	0.000	0.966
21	L	0.004	0.962	0.000	0.000	0.962
22	C	0.000	0.962	0.000	0.000	0.961
23	R	0.961	0.000	0.000	0.000	0.000
24	V	0.000	0.000	0.000	0.000	0.000
25	V	0.000	0.000	0.000	0.000	0.000
26	E	0.000	0.000	0.000	0.000	0.000
27	Y	0.000	0.000	0.000	0.000	0.000
28	N	0.000	0.000	0.000	0.000	0.000
29	L	0.000	0.000	0.000	0.000	0.000
30	T	0.000	0.000	0.000	0.000	0.000
31	L	0.000	0.000	0.000	0.000	0.000
32	T	0.000	0.000	0.000	0.000	0.000
33	W	0.000	0.000	0.000	0.000	0.000
34	E	0.000	0.000	0.000	0.000	0.000
35	D	0.000	0.000	0.000	0.000	0.000
36	L	0.000	0.000	0.000	0.000	0.000
37	E	0.000	0.000	0.000	0.000	0.000
38	V	0.000	0.000	0.000	0.000	0.000
39	A	0.000	0.000	0.000	0.000	0.000
40	G	0.000	0.000	0.000	0.000	0.000
>XP_001390844.1
pos	aa	C	S	n-reg	h-reg	c-reg
1	M	0.000	0.999	0.999	0.000	0.000
2	K	0.000	0.999	0.999	0.000	0.000
3	F	0.000	0.999	0.640	0.360	0.000
4	S	0.000	0.999	0.412	0.587	0.000
5	I	0.000	0.999	0.055	0.944	0.000
6	V	0.000	0.999	0.012	0.987	0.000
7	A	0.000	0.999	0.003	0.996	0.000
8	L	0.000	0.999	0.001	0.998	0.000
9	A	0.000	0.999	0.001	0.999	0.000
10	G	0.000	0.999	0.000	0.998	0.001
11	L	0.000	0.999	0.000	0.973	0.026
12	V	0.000	0.999	0.000	0.910	0.090
13	S	0.000	0.999	0.000	0.199	0.800
14	A	0.000	0.999	0.000	0.112	0.888
15	V	0.002	0.998	0.000	0.038	0.960
16	S	0.000	0.998	0.000	0.022	0.976
17	A	0.003	0.995	0.000	0.005	0.990
18	A	0.836	0.159	0.000	0.001	0.158
19	S	0.051	0.108	0.000	0.001	0.108
20	L	0.072	0.037	0.000	0.001	0.036
21	P	0.002	0.035	0.000	0.000	0.035
22	A	0.024	0.011	0.000	0.000	0.011
23	R	0.006	0.005	0.000	0.000	0.005
24	F	0.000	0.005	0.000	0.000	0.005
25	S	0.000	0.005	0.000	0.000	0.005
26	L	0.003	0.002	0.000	0.000	0.002
27	I	0.000	0.001	0.000	0.000	0.001
28	A	0.000	0.001	0.000	0.000	0.001
29	D	0.001	0.000	0.000	0.000	0.000
30	D	0.000	0.000	0.000	0.000	0.000
31	N	0.000	0.000	0.000	0.000	0.000
32	T	0.000	0.000	0.000	0.000	0.000
33	P	0.000	0.000	0.000	0.000	0.000
34	V	0.000	0.000	0.000	0.000	0.000
35	L	0.000	0.000	0.000	0.000	0.000
36	T	0.000	0.000	0.000	0.000	0.000
37	D	0.000	0.000	0.000	0.000	0.000
38	G	0.000	0.000	0.000	0.000	0.000
39	E	0.000	0.000	0.000	0.000	0.000
40	F	0.000	0.000	0.000	0.000	0.000
>XP_001390845.1
pos	aa	C	S	n-reg	h-reg	c-reg
1	M	0.000	0.579	0.579	0.000	0.000
2	N	0.000	0.579	0.579	0.000	0.000
3	Q	0.000	0.579	0.579	0.000	0.000
4	G	0.000	0.579	0.578	0.001	0.000
5	T	0.000	0.579	0.577	0.001	0.000
6	K	0.000	0.579	0.575	0.004	0.000
7	S	0.000	0.579	0.298	0.281	0.000
8	I	0.000	0.579	0.078	0.501	0.000
9	L	0.000	0.579	0.016	0.563	0.000
10	L	0.000	0.579	0.002	0.577	0.000
11	A	0.000	0.579	0.000	0.579	0.000
12	A	0.000	0.579	0.000	0.578	0.001
13	T	0.000	0.579	0.000	0.578	0.001
14	L	0.000	0.579	0.000	0.578	0.001
15	A	0.000	0.579	0.000	0.540	0.039
16	A	0.000	0.579	0.000	0.438	0.141
17	I	0.001	0.578	0.000	0.389	0.189
18	P	0.000	0.578	0.000	0.190	0.389
19	W	0.002	0.576	0.000	0.017	0.559
20	Q	0.000	0.576	0.000	0.001	0.575
21	V	0.001	0.575	0.000	0.000	0.575
22	Y	0.000	0.575	0.000	0.000	0.575
23	G	0.000	0.575	0.000	0.000	0.575
24	S	0.572	0.003	0.000	0.000	0.002
25	I	0.001	0.001	0.000	0.000	0.001
26	E	0.000	0.001	0.000	0.000	0.001
27	Q	0.000	0.001	0.000	0.000	0.001
28	S	0.001	0.001	0.000	0.000	0.001
29	S	0.000	0.001	0.000	0.000	0.001
30	L	0.000	0.001	0.000	0.000	0.001
31	L	0.001	0.000	0.000	0.000	0.000
32	P	0.000	0.000	0.000	0.000	0.000
33	I	0.000	0.000	0.000	0.000	0.000
34	P	0.000	0.000	0.000	0.000	0.000
35	P	0.000	0.000	0.000	0.000	0.000
36	M	0.000	0.000	0.000	0.000	0.000
37	G	0.000	0.000	0.000	0.000	0.000
38	F	0.000	0.000	0.000	0.000	0.000
39	N	0.000	0.000	0.000	0.000	0.000
40	N	0.000	0.000	0.000	0.000	0.000
>XP_001390846.2
pos	aa	C	S	n-reg	h-reg	c-reg
1	M	0.000	0.922	0.922	0.000	0.000
2	V	0.000	0.922	0.922	0.000	0.000
3	S	0.000	0.922	0.826	0.096	0.000
4	F	0.000	0.922	0.652	0.271	0.000
5	K	0.000	0.922	0.577	0.345	0.000
6	A	0.000	0.922	0.114	0.809	0.000
7	L	0.000	0.922	0.003	0.920	0.000
8	V	0.000	0.922	0.001	0.921	0.000
9	L	0.000	0.922	0.000	0.922	0.000
10	T	0.000	0.922	0.000	0.921	0.001
11	M	0.000	0.922	0.000	0.891	0.031
12	I	0.000	0.922	0.000	0.858	0.064
13	P	0.000	0.922	0.000	0.426	0.496
14	A	0.000	0.922	0.000	0.226	0.696
15	V	0.000	0.922	0.000	0.037	0.885
16	M	0.000	0.922	0.000	0.029	0.893
17	A	0.000	0.922	0.000	0.014	0.908
18	Q	0.878	0.045	0.000	0.001	0.043
19	N	0.006	0.038	0.000	0.000	0.038
20	K	0.000	0.038	0.000	0.000	0.038
21	T	0.000	0.038	0.000	0.000	0.038
22	L	0.006	0.032	0.000	0.000	0.032
23	I	0.004	0.029	0.000	0.000	0.029
24	G	0.000	0.029	0.000	0.000	0.029
25	T	0.017	0.011	0.000	0.000	0.011
26	T	0.006	0.005	0.000	0.000	0.005
27	S	0.001	0.005	0.000	0.000	0.005
28	E	0.001	0.004	0.000	0.000	0.004
29	F	0.000	0.004	0.000	0.000	0.004
30	R	0.000	0.004	0.000	0.000	0.004
31	V	0.000	0.004	0.000	0.000	0.004
32	C	0.000	0.004	0.000	0.000	0.004
33	T	0.000	0.004	0.000	0.000	0.004
34	V	0.000	0.004	0.000	0.000	0.004
35	D	0.000	0.004	0.000	0.000	0.004
36	A	0.000	0.004	0.000	0.000	0.004
37	R	0.004	0.000	0.000	0.000	0.000
38	P	0.000	0.000	0.000	0.000	0.000
39	I	0.000	0.000	0.000	0.000	0.000
40	Y	0.000	0.000	0.000	0.000	0.000
>XP_001390847.1
pos	aa	C	S	n-reg	h-reg	c-reg
1	M	0.000	0.883	0.883	0.000	0.000
2	R	0.000	0.883	0.883	0.000	0.000
3	S	0.000	0.883	0.851	0.031	0.000
4	S	0.000	0.883	0.712	0.171	0.000
5	G	0.000	0.883	0.525	0.358	0.000
6	L	0.000	0.883	0.185	0.697	0.000
7	Y	0.000	0.883	0.107	0.776	0.000
8	T	0.000	0.883	0.016	0.866	0.000
9	A	0.000	0.883	0.003	0.879	0.000
10	L	0.000	0.883	0.001	0.882	0.000
11	L	0.000	0.883	0.000	0.880	0.003
12	C	0.000	0.883	0.000	0.854	0.029
13	S	0.000	0.883	0.000	0.773	0.110
14	L	0.000	0.883	0.000	0.723	0.160
15	A	0.000	0.883	0.000	0.638	0.245
16	A	0.011	0.871	0.000	0.079	0.793
17	S	0.003	0.869	0.000	0.019	0.850
18	T	0.017	0.852	0.000	0.003	0.849
19	N	0.013	0.839	0.000	0.001	0.837
20	A	0.000	0.839	0.000	0.001	0.838
21	I	0.833	0.005	0.000	0.001	0.005
22	V	0.000	0.005	0.000	0.001	0.005
23	H	0.000	0.005	0.000	0.000	0.005
24	E	0.000	0.005	0.000	0.000	0.005
25	K	0.000	0.005	0.000	0.000	0.005
26	L	0.000	0.005	0.000	0.000	0.005
27	A	0.000	0.005	0.000	0.000	0.005
28	A	0.005	0.000	0.000	0.000	0.000
29	V	0.000	0.000	0.000	0.000	0.000
30	P	0.000	0.000	0.000	0.000	0.000
31	S	0.000	0.000	0.000	0.000	0.000
32	G	0.000	0.000	0.000	0.000	0.000
33	W	0.000	0.000	0.000	0.000	0.000
34	H	0.000	0.000	0.000	0.000	0.000
35	H	0.000	0.000	0.000	0.000	0.000
36	V	0.000	0.000	0.000	0.000	0.000
37	E	0.000	0.000	0.000	0.000	0.000
38	D	0.000	0.000	0.000	0.000	0.000
39	A	0.000	0.000	0.000	0.000	0.000
40	G	0.000	0.000	0.000	0.000	0.000
>XP_001390849.2
pos	aa	C	S	n-reg	h-reg	c-reg
1	M	0.000	0.915	0.915	0.000	0.000
2	H	0.000	0.915	0.915	0.000	0.000
3	F	0.000	0.915	0.881	0.034	0.000
4	S	0.000	0.915	0.864	0.051	0.000
5	K	0.000	0.915	0.840	0.075	0.000
6	L	0.000	0.915	0.138	0.777	0.000
7	L	0.000	0.915	0.003	0.912	0.000
8	T	0.000	0.915	0.002	0.914	0.000
9	L	0.000	0.915	0.000	0.915	0.000
10	T	0.000	0.915	0.000	0.915	0.000
11	A	0.000	0.915	0.000	0.905	0.010
12	A	0.000	0.915	0.000	0.899	0.016
13	T	0.000	0.915	0.000	0.798	0.117
14	L	0.000	0.915	0.000	0.601	0.315
15	A	0.000	0.915	0.000	0.066	0.849
16	F	0.005	0.910	0.000	0.049	0.861
17	A	0.000	0.910	0.000	0.001	0.909
18	H	0.580	0.330	0.000	0.000	0.330
19	P	0.000	0.330	0.000	0.000	0.330
20	G	0.324	0.005	0.000	0.000	0.005
21	E	0.005	0.000	0.000	0.000	0.000
22	K	0.000	0.000	0.000	0.000	0.000
23	H	0.000	0.000	0.000	0.000	0.000
24	D	0.000	0.000	0.000	0.000	0.000
25	H	0.000	0.000	0.000	0.000	0.000
26	E	0.000	0.000	0.000	0.000	0.000
27	A	0.000	0.000	0.000	0.000	0.000
28	V	0.000	0.000	0.000	0.000	0.000
29	K	0.000	0.000	0.000	0.000	0.000
30	R	0.000	0.000	0.000	0.000	0.000
31	E	0.000	0.000	0.000	0.000	0.000
32	I	0.000	0.000	0.000	0.000	0.000
33	R	0.000	0.000	0.000	0.000	0.000
34	L	0.000	0.000	0.000	0.000	0.000
35	R	0.000	0.000	0.000	0.000	0.000
36	D	0.000	0.000	0.000	0.000	0.000
37	A	0.000	0.000	0.000	0.000	0.000
38	L	0.000	0.000	0.000	0.000	0.000
39	A	0.000	0.000	0.000	0.000	0.000
40	E	0.000	0.000	0.000	0.000	0.000
>XP_001390857.2
pos	aa	C	S	n-reg	h-reg	c-reg
1	M	0.000	0.165	0.165	0.000	0.000
2	K	0.000	0.165	0.165	0.000	0.000
3	L	0.000	0.165	0.139	0.026	0.000
4	Q	0.000	0.165	0.130	0.035	0.000
5	S	0.000	0.165	0.110	0.055	0.000
6	I	0.000	0.165	0.037	0.129	0.000
7	L	0.000	0.165	0.003	0.163	0.000
8	S	0.000	0.165	0.002	0.164	0.000
9	C	0.000	0.165	0.001	0.165	0.000
10	W	0.000	0.165	0.000	0.165	0.000
11	A	0.000	0.165	0.000	0.165	0.001
12	I	0.000	0.165	0.000	0.164	0.001
13	L	0.000	0.165	0.000	0.162	0.004
14	V	0.000	0.165	0.000	0.148	0.018
15	A	0.000	0.165	0.000	0.024	0.142
16	Q	0.000	0.165	0.000	0.011	0.154
17	I	0.000	0.165	0.000	0.008	0.157
18	W	0.000	0.165	0.000	0.005	0.160
19	A	0.000	0.165	0.000	0.001	0.164
20	T	0.145	0.020	0.000	0.000	0.020
21	T	0.001	0.019	0.000	0.000	0.019
22	D	0.004	0.015	0.000	0.000	0.015
23	G	0.000	0.015	0.000	0.000	0.015
24	L	0.014	0.001	0.000	0.000	0.001
25	T	0.000	0.001	0.000	0.000	0.001
26	D	0.001	0.000	0.000	0.000	0.000
27	L	0.000	0.000	0.000	0.000	0.000
28	V	0.000	0.000	0.000	0.000	0.000
29	A	0.000	0.000	0.000	0.000	0.000
30	W	0.000	0.000	0.000	0.000	0.000
31	D	0.000	0.000	0.000	0.000	0.000
32	P	0.000	0.000	0.000	0.000	0.000
33	Y	0.000	0.000	0.000	0.000	0.000
34	S	0.000	0.000	0.000	0.000	0.000
35	L	0.000	0.000	0.000	0.000	0.000
36	T	0.000	0.000	0.000	0.000	0.000
37	V	0.000	0.000	0.000	0.000	0.000
38	N	0.000	0.000	0.000	0.000	0.000
39	G	0.000	0.000	0.000	0.000	0.000
40	N	0.000	0.000	0.000	0.000	0.000
>XP_001390859.2
pos	aa	C	S	n-reg	h-reg	c-reg
1	M	0.000	0.960	0.960	0.000	0.000
2	L	0.000	0.960	0.960	0.000	0.000
3	S	0.000	0.960	0.732	0.227	0.000
4	S	0.000	0.960	0.091	0.868	0.000
5	L	0.000	0.960	0.022	0.938	0.000
6	L	0.000	0.960	0.000	0.959	0.000
7	L	0.000	0.960	0.000	0.960	0.000
8	G	0.000	0.960	0.000	0.960	0.000
9	G	0.000	0.960	0.000	0.960	0.000
10	L	0.000	0.960	0.000	0.960	0.000
11	L	0.000	0.960	0.000	0.949	0.011
12	G	0.000	0.960	0.000	0.141	0.818
13	L	0.000	0.960	0.000	0.093	0.867
14	A	0.000	0.960	0.000	0.009	0.951
15	T	0.001	0.959	0.000	0.003	0.955
16	A	0.002	0.957	0.000	0.002	0.955
17	Q	0.933	0.024	0.000	0.000	0.024
18	F	0.019	0.005	0.000	0.000	0.005
19	P	0.000	0.005	0.000	0.000	0.005
20	P	0.001	0.004	0.000	0.000	0.004
21	E	0.001	0.003	0.000	0.000	0.003
22	P	0.000	0.003	0.000	0.000	0.003
23	E	0.000	0.003	0.000	0.000	0.003
24	G	0.000	0.003	0.000	0.000	0.003
25	I	0.003	0.000	0.000	0.000	0.000
26	T	0.000	0.000	0.000	0.000	0.000
27	V	0.000	0.000	0.000	0.000	0.000
28	L	0.000	0.000	0.000	0.000	0.000
29	K	0.000	0.000	0.000	0.000	0.000
30	S	0.000	0.000	0.000	0.000	0.000
31	K	0.000	0.000	0.000	0.000	0.000
32	L	0.000	0.000	0.000	0.000	0.000
33	H	0.000	0.000	0.000	0.000	0.000
34	E	0.000	0.000	0.000	0.000	0.000
35	N	0.000	0.000	0.000	0.000	0.000
36	V	0.000	0.000	0.000	0.000	0.000
37	T	0.000	0.000	0.000	0.000	0.000
38	I	0.000	0.000	0.000	0.000	0.000
39	S	0.000	0.000	0.000	0.000	0.000
40	F	0.000	0.000	0.000	0.000	0.000
>XP_001390862.2
pos	aa	C	S	n-reg	h-reg	c-reg
1	M	0.000	0.428	0.428	0.000	0.000
2	R	0.000	0.428	0.428	0.000	0.000
3	I	0.000	0.428	0.428	0.000	0.000
4	N	0.000	0.428	0.428	0.000	0.000
5	G	0.000	0.428	0.428	0.000	0.000
6	R	0.000	0.428	0.428	0.000	0.000
7	S	0.000	0.428	0.422	0.006	0.000
8	T	0.000	0.428	0.419	0.010	0.000
9	R	0.000	0.428	0.414	0.015	0.000
10	G	0.000	0.428	0.098	0.330	0.000
11	M	0.000	0.428	0.015	0.413	0.000
12	G	0.000	0.428	0.005	0.424	0.000
13	I	0.000	0.428	0.001	0.427	0.000
14	L	0.000	0.428	0.000	0.428	0.000
15	S	0.000	0.428	0.000	0.428	0.000
16	L	0.000	0.428	0.000	0.428	0.001
17	L	0.000	0.428	0.000	0.427	0.001
18	A	0.000	0.428	0.000	0.126	0.302
19	P	0.000	0.428	0.000	0.025	0.403
20	A	0.000	0.428	0.000	0.007	0.421
21	S	0.001	0.428	0.000	0.004	0.423
22	A	0.000	0.427	0.000	0.003	0.424
23	T	0.352	0.076	0.000	0.002	0.073
24	L	0.044	0.032	0.000	0.002	0.030
25	Y	0.027	0.005	0.000	0.001	0.004
26	D	0.000	0.005	0.000	0.000	0.005
27	Q	0.000	0.005	0.000	0.000	0.005
28	T	0.000	0.005	0.000	0.000	0.005
29	I	0.001	0.004	0.000	0.000	0.004
30	Q	0.000	0.004	0.000	0.000	0.004
31	L	0.003	0.001	0.000	0.000	0.001
32	P	0.000	0.001	0.000	0.000	0.001
33	Q	0.000	0.001	0.000	0.000	0.001
34	G	0.000	0.001	0.000	0.000	0.001
35	K	0.000	0.000	0.000	0.000	0.000
36	V	0.000	0.000	0.000	0.000	0.000
37	Q	0.000	0.000	0.000	0.000	0.000
38	G	0.000	0.000	0.000	0.000	0.000
39	A	0.000	0.000	0.000	0.000	0.000
40	A	0.000	0.000	0.000	0.000	0.000
>XP_001390863.1
pos	aa	C	S	n-reg	h-reg	c-reg
1	M	0.000	0.949	0.949	0.000	0.000
2	V	0.000	0.949	0.949	0.000	0.000
3	A	0.000	0.949	0.546	0.403	0.000
4	L	0.000	0.949	0.130	0.818	0.000
5	L	0.000	0.949	0.074	0.874	0.000
6	T	0.000	0.949	0.047	0.902	0.000
7	S	0.000	0.949	0.014	0.934	0.000
8	F	0.000	0.949	0.006	0.943	0.000
9	A	0.000	0.949	0.001	0.947	0.000
10	W	0.000	0.949	0.001	0.948	0.000
11	A	0.000	0.949	0.000	0.897	0.051
12	G	0.000	0.949	0.000	0.807	0.141
13	L	0.000	0.949	0.000	0.760	0.188
14	T	0.000	0.949	0.000	0.675	0.274
15	A	0.000	0.948	0.000	0.077	0.871
16	L	0.023	0.925	0.000	0.046	0.879
17	A	0.006	0.920	0.000	0.005	0.914
18	L	0.061	0.859	0.000	0.004	0.855
19	G	0.005	0.854	0.000	0.001	0.853
20	E	0.804	0.050	0.000	0.000	0.050
21	L	0.000	0.050	0.000	0.000	0.050
22	Y	0.047	0.003	0.000	0.000	0.003
23	P	0.000	0.003	0.000	0.000	0.003
24	P	0.001	0.002	0.000	0.000	0.002
25	Y	0.000	0.002	0.000	0.000	0.002
26	Y	0.000	0.002	0.000	0.000	0.002
27	A	0.000	0.002	0.000	0.000	0.002
28	D	0.001	0.001	0.000	0.000	0.001
29	L	0.000	0.001	0.000	0.000	0.001
30	S	0.000	0.001	0.000	0.000	0.001
31	W	0.000	0.001	0.000	0.000	0.001
32	Q	0.000	0.001	0.000	0.000	0.001
33	P	0.000	0.001	0.000	0.000	0.001
34	A	0.000	0.001	0.000	0.000	0.001
35	R	0.000	0.001	0.000	0.000	0.001
36	T	0.000	0.001	0.000	0.000	0.001
37	L	0.000	0.000	0.000	0.000	0.000
38	S	0.000	0.000	0.000	0.000	0.000
39	N	0.000	0.000	0.000	0.000	0.000
40	W	0.000	0.000	0.000	0.000	0.000
>XP_001390864.1
pos	aa	C	S	n-reg	h-reg	c-reg
1	M	0.000	0.621	0.621	0.000	0.000
2	V	0.000	0.621	0.621	0.000	0.000
3	F	0.000	0.621	0.594	0.027	0.000
4	A	0.000	0.621	0.579	0.042	0.000
5	H	0.000	0.621	0.562	0.059	0.000
6	Y	0.000	0.621	0.320	0.301	0.000
7	L	0.000	0.621	0.086	0.534	0.000
8	T	0.000	0.621	0.060	0.561	0.000
9	A	0.000	0.621	0.011	0.609	0.000
10	A	0.000	0.621	0.001	0.620	0.000
11	F	0.000	0.621	0.000	0.618	0.003
12	T	0.000	0.621	0.000	0.611	0.009
13	V	0.000	0.621	0.000	0.601	0.020
14	A	0.000	0.621	0.000	0.537	0.084
15	T	0.000	0.621	0.000	0.483	0.138
16	L	0.000	0.620	0.000	0.465	0.155
17	A	0.005	0.615	0.000	0.147	0.468
18	G	0.031	0.583	0.000	0.012	0.572
19	T	0.037	0.546	0.000	0.002	0.544
20	P	0.002	0.544	0.000	0.001	0.543
21	A	0.012	0.532	0.000	0.000	0.532
22	A	0.378	0.154	0.000	0.000	0.154
23	I	0.115	0.039	0.000	0.000	0.039
24	D	0.000	0.039	0.000	0.000	0.039
25	L	0.000	0.039	0.000	0.000	0.039
26	D	0.039	0.000	0.000	0.000	0.000
27	I	0.000	0.000	0.000	0.000	0.000
28	T	0.000	0.000	0.000	0.000	0.000
29	N	0.000	0.000	0.000	0.000	0.000
30	E	0.000	0.000	0.000	0.000	0.000
31	Q	0.000	0.000	0.000	0.000	0.000
32	S	0.000	0.000	0.000	0.000	0.000
33	I	0.000	0.000	0.000	0.000	0.000
34	K	0.000	0.000	0.000	0.000	0.000
35	N	0.000	0.000	0.000	0.000	0.000
36	A	0.000	0.000	0.000	0.000	0.000
37	A	0.000	0.000	0.000	0.000	0.000
38	A	0.000	0.000	0.000	0.000	0.000
39	T	0.000	0.000	0.000	0.000	0.000
40	A	0.000	0.000	0.000	0.000	0.000
>XP_001390873.1
pos	aa	C	S	n-reg	h-reg	c-reg
1	M	0.000	0.983	0.983	0.000	0.000
2	I	0.000	0.983	0.983	0.000	0.000
3	L	0.000	0.983	0.117	0.866	0.000
4	S	0.000	0.983	0.046	0.937	0.000
5	T	0.000	0.983	0.028	0.955	0.000
6	L	0.000	0.983	0.001	0.982	0.000
7	L	0.000	0.983	0.000	0.983	0.000
8	L	0.000	0.983	0.000	0.983	0.000
9	L	0.000	0.983	0.000	0.983	0.000
10	L	0.000	0.983	0.000	0.981	0.002
11	P	0.000	0.983	0.000	0.294	0.689
12	T	0.000	0.983	0.000	0.102	0.881
13	L	0.000	0.983	0.000	0.071	0.912
14	T	0.000	0.983	0.000	0.010	0.973
15	A	0.009	0.974	0.000	0.002	0.972
16	A	0.437	0.537	0.000	0.002	0.535
17	S	0.472	0.065	0.000	0.001	0.065
18	D	0.062	0.004	0.000	0.000	0.004
19	D	0.000	0.004	0.000	0.000	0.004
20	H	0.000	0.004	0.000	0.000	0.004
21	L	0.000	0.004	0.000	0.000	0.004
22	T	0.001	0.003	0.000	0.000	0.003
23	V	0.001	0.002	0.000	0.000	0.002
24	R	0.000	0.002	0.000	0.000	0.002
25	T	0.000	0.002	0.000	0.000	0.002
26	R	0.001	0.001	0.000	0.000	0.001
27	T	0.000	0.001	0.000	0.000	0.001
28	G	0.000	0.000	0.000	0.000	0.000
29	K	0.000	0.000	0.000	0.000	0.000
30	F	0.000	0.000	0.000	0.000	0.000
31	T	0.000	0.000	0.000	0.000	0.000
32	G	0.000	0.000	0.000	0.000	0.000
33	L	0.000	0.000	0.000	0.000	0.000
34	L	0.000	0.000	0.000	0.000	0.000
35	N	0.000	0.000	0.000	0.000	0.000
36	P	0.000	0.000	0.000	0.000	0.000
37	D	0.000	0.000	0.000	0.000	0.000
38	F	0.000	0.000	0.000	0.000	0.000
39	P	0.000	0.000	0.000	0.000	0.000
40	S	0.000	0.000	0.000	0.000	0.000
>XP_001390878.2
pos	aa	C	S	n-reg	h-reg	c-reg
1	M	0.000	0.997	0.997	0.000	0.000
2	L	0.000	0.997	0.997	0.000	0.000
3	A	0.000	0.997	0.994	0.003	0.000
4	N	0.000	0.997	0.991	0.005	0.000
5	S	0.000	0.997	0.952	0.044	0.000
6	L	0.000	0.997	0.217	0.779	0.000
7	V	0.000	0.997	0.035	0.962	0.000
8	V	0.000	0.997	0.014	0.982	0.000
9	L	0.000	0.997	0.003	0.993	0.000
10	A	0.000	0.997	0.000	0.997	0.000
11	A	0.000	0.997	0.000	0.996	0.000
12	I	0.000	0.997	0.000	0.996	0.000
13	V	0.000	0.997	0.000	0.996	0.000
14	A	0.000	0.997	0.000	0.974	0.022
15	S	0.000	0.997	0.000	0.941	0.056
16	I	0.000	0.996	0.000	0.933	0.063
17	L	0.000	0.996	0.000	0.884	0.112
18	N	0.000	0.996	0.000	0.004	0.992
19	P	0.000	0.996	0.000	0.000	0.996
20	V	0.000	0.996	0.000	0.000	0.995
21	L	0.000	0.996	0.000	0.000	0.996
22	G	0.000	0.996	0.000	0.000	0.996
23	A	0.933	0.063	0.000	0.000	0.063
24	P	0.001	0.062	0.000	0.000	0.062
25	A	0.005	0.057	0.000	0.000	0.057
26	L	0.057	0.000	0.000	0.000	0.000
27	D	0.000	0.000	0.000	0.000	0.000
28	V	0.000	0.000	0.000	0.000	0.000
29	G	0.000	0.000	0.000	0.000	0.000
30	V	0.000	0.000	0.000	0.000	0.000
31	T	0.000	0.000	0.000	0.000	0.000
32	E	0.000	0.000	0.000	0.000	0.000
33	P	0.000	0.000	0.000	0.000	0.000
34	Q	0.000	0.000	0.000	0.000	0.000
35	A	0.000	0.000	0.000	0.000	0.000
36	E	0.000	0.000	0.000	0.000	0.000
37	P	0.000	0.000	0.000	0.000	0.000
38	K	0.000	0.000	0.000	0.000	0.000
39	Y	0.000	0.000	0.000	0.000	0.000
40	V	0.000	0.000	0.000	0.000	0.000
>XP_001390890.1
pos	aa	C	S	n-reg	h-reg	c-reg
1	M	0.000	0.994	0.994	0.000	0.000
2	G	0.000	0.994	0.994	0.000	0.000
3	V	0.000	0.994	0.703	0.291	0.000
4	G	0.000	0.994	0.537	0.457	0.000
5	A	0.000	0.994	0.399	0.595	0.000
6	V	0.000	0.994	0.134	0.860	0.000
7	A	0.000	0.994	0.012	0.982	0.000
8	V	0.000	0.994	0.005	0.989	0.000
9	L	0.000	0.994	0.001	0.993	0.000
10	L	0.000	0.994	0.000	0.994	0.000
11	L	0.000	0.994	0.000	0.992	0.002
12	A	0.000	0.994	0.000	0.984	0.010
13	V	0.000	0.994	0.000	0.976	0.018
14	L	0.000	0.994	0.000	0.947	0.047
15	T	0.000	0.994	0.000	0.086	0.908
16	V	0.002	0.992	0.000	0.052	0.940
17	L	0.000	0.992	0.000	0.024	0.968
18	R	0.005	0.986	0.000	0.006	0.981
19	A	0.000	0.986	0.000	0.005	0.982
20	L	0.948	0.038	0.000	0.003	0.035
21	R	0.008	0.030	0.000	0.000	0.030
22	N	0.000	0.030	0.000	0.000	0.030
23	Y	0.000	0.030	0.000	0.000	0.030
24	S	0.000	0.030	0.000	0.000	0.030
25	R	0.003	0.027	0.000	0.000	0.027
26	L	0.000	0.027	0.000	0.000	0.027
27	R	0.010	0.017	0.000	0.000	0.017
28	A	0.000	0.017	0.000	0.000	0.017
29	I	0.014	0.003	0.000	0.000	0.003
30	P	0.000	0.003	0.000	0.000	0.003
31	G	0.000	0.002	0.000	0.000	0.002
32	P	0.000	0.002	0.000	0.000	0.002
33	S	0.000	0.002	0.000	0.000	0.002
34	V	0.000	0.002	0.000	0.000	0.002
35	A	0.000	0.002	0.000	0.000	0.002
36	G	0.002	0.001	0.000	0.000	0.001
37	W	0.000	0.000	0.000	0.000	0.000
38	S	0.000	0.000	0.000	0.000	0.000
39	D	0.000	0.000	0.000	0.000	0.000
40	F	0.000	0.000	0.000	0.000	0.000
>XP_001390900.2
pos	aa	C	S	n-reg	h-reg	c-reg
1	M	0.000	0.999	0.999	0.000	0.000
2	K	0.000	0.999	0.999	0.000	0.000
3	T	0.000	0.999	0.818	0.182	0.000
4	T	0.000	0.999	0.668	0.332	0.000
5	T	0.000	0.999	0.516	0.484	0.000
6	L	0.000	0.999	0.007	0.992	0.000
7	L	0.000	0.999	0.000	0.999	0.000
8	C	0.000	0.999	0.000	0.999	0.000
9	L	0.000	0.999	0.000	0.999	0.000
10	A	0.000	0.999	0.000	0.999	0.000
11	A	0.000	0.999	0.000	0.986	0.014
12	A	0.000	0.999	0.000	0.967	0.033
13	L	0.000	0.999	0.000	0.951	0.049
14	T	0.000	0.999	0.000	0.052	0.948
15	Q	0.001	0.999	0.000	0.010	0.989
16	T	0.000	0.998	0.000	0.004	0.995
17	Y	0.007	0.991	0.000	0.002	0.989
18	A	0.000	0.991	0.000	0.000	0.991
19	F	0.974	0.018	0.000	0.000	0.017
20	P	0.000	0.018	0.000	0.000	0.018
21	Q	0.009	0.008	0.000	0.000	0.008
22	Q	0.000	0.008	0.000	0.000	0.008
23	G	0.000	0.008	0.000	0.000	0.008
24	A	0.003	0.006	0.000	0.000	0.006
25	P	0.000	0.005	0.000	0.000	0.005
26	H	0.005	0.000	0.000	0.000	0.000
27	P	0.000	0.000	0.000	0.000	0.000
28	L	0.000	0.000	0.000	0.000	0.000
29	P	0.000	0.000	0.000	0.000	0.000
30	W	0.000	0.000	0.000	0.000	0.000
31	S	0.000	0.000	0.000	0.000	0.000
32	P	0.000	0.000	0.000	0.000	0.000
33	P	0.000	0.000	0.000	0.000	0.000
34	G	0.000	0.000	0.000	0.000	0.000
35	P	0.000	0.000	0.000	0.000	0.000
36	N	0.000	0.000	0.000	0.000	0.000
37	D	0.000	0.000	0.000	0.000	0.000
38	V	0.000	0.000	0.000	0.000	0.000
39	R	0.000	0.000	0.000	0.000	0.000
40	A	0.000	0.000	0.000	0.000	0.000
>XP_001390904.2
pos	aa	C	S	n-reg	h-reg	c-reg
1	M	0.000	0.210	0.210	0.000	0.000
2	I	0.000	0.211	0.211	0.000	0.000
3	L	0.000	0.211	0.062	0.149	0.000
4	G	0.000	0.211	0.011	0.199	0.000
5	S	0.000	0.211	0.005	0.206	0.000
6	H	0.000	0.211	0.002	0.209	0.000
7	L	0.000	0.211	0.001	0.210	0.000
8	V	0.000	0.211	0.001	0.210	0.000
9	L	0.000	0.211	0.001	0.210	0.000
10	F	0.000	0.211	0.001	0.210	0.000
11	A	0.000	0.211	0.001	0.180	0.030
12	A	0.000	0.211	0.001	0.021	0.189
13	G	0.000	0.211	0.001	0.007	0.204
14	A	0.001	0.210	0.001	0.001	0.208
15	L	0.008	0.202	0.001	0.001	0.201
16	S	0.001	0.201	0.001	0.000	0.200
17	Y	0.199	0.002	0.001	0.000	0.001
18	H	0.000	0.002	0.001	0.000	0.001
19	L	0.000	0.002	0.001	0.000	0.001
20	F	0.001	0.001	0.001	0.000	0.000
21	F	0.000	0.001	0.001	0.000	0.000
22	K	0.000	0.001	0.001	0.000	0.000
23	H	0.000	0.001	0.001	0.000	0.000
24	E	0.000	0.001	0.001	0.000	0.000
25	E	0.000	0.001	0.001	0.000	0.000
26	H	0.000	0.001	0.001	0.000	0.000
27	H	0.000	0.001	0.001	0.000	0.000
28	L	0.000	0.001	0.001	0.000	0.000
29	R	0.000	0.001	0.001	0.000	0.000
30	I	0.000	0.001	0.001	0.000	0.000
31	V	0.000	0.001	0.001	0.000	0.000
32	R	0.000	0.001	0.001	0.000	0.000
33	Y	0.000	0.001	0.000	0.000	0.000
34	I	0.000	0.001	0.000	0.000	0.000
35	Q	0.000	0.001	0.000	0.000	0.000
36	V	0.000	0.001	0.000	0.001	0.000
37	L	0.000	0.001	0.000	0.001	0.000
38	A	0.000	0.001	0.000	0.001	0.000
39	A	0.000	0.001	0.000	0.001	0.000
40	T	0.000	0.001	0.000	0.001	0.000
>XP_001390909.2
pos	aa	C	S	n-reg	h-reg	c-reg
1	M	0.000	0.133	0.133	0.000	0.000
2	T	0.000	0.133	0.133	0.000	0.000
3	P	0.000	0.133	0.130	0.003	0.000
4	F	0.000	0.133	0.101	0.032	0.000
5	L	0.000	0.133	0.082	0.051	0.000
6	P	0.000	0.133	0.072	0.061	0.000
7	A	0.000	0.133	0.027	0.106	0.000
8	I	0.000	0.133	0.009	0.124	0.000
9	L	0.000	0.133	0.002	0.131	0.000
10	G	0.000	0.133	0.001	0.132	0.000
11	L	0.000	0.133	0.000	0.133	0.000
12	V	0.000	0.133	0.000	0.132	0.001
13	L	0.000	0.133	0.000	0.130	0.003
14	F	0.000	0.133	0.000	0.124	0.009
15	S	0.000	0.133	0.000	0.100	0.033
16	L	0.000	0.133	0.000	0.074	0.059
17	N	0.000	0.133	0.000	0.032	0.101
18	V	0.000	0.133	0.000	0.018	0.114
19	H	0.000	0.133	0.000	0.002	0.131
20	S	0.000	0.133	0.000	0.001	0.132
21	R	0.037	0.096	0.000	0.000	0.096
22	A	0.000	0.096	0.000	0.000	0.096
23	V	0.032	0.064	0.000	0.000	0.064
24	F	0.000	0.064	0.000	0.000	0.064
25	A	0.000	0.064	0.000	0.000	0.064
26	H	0.057	0.007	0.000	0.000	0.007
27	F	0.000	0.007	0.000	0.000	0.007
28	M	0.000	0.007	0.000	0.000	0.007
29	V	0.000	0.007	0.000	0.000	0.007
30	S	0.000	0.007	0.000	0.000	0.007
31	N	0.000	0.007	0.000	0.000	0.007
32	T	0.000	0.007	0.000	0.000	0.007
33	L	0.000	0.006	0.000	0.000	0.006
34	G	0.000	0.006	0.000	0.000	0.006
35	Y	0.006	0.000	0.000	0.000	0.000
36	T	0.000	0.000	0.000	0.000	0.000
37	V	0.000	0.000	0.000	0.000	0.000
38	D	0.000	0.000	0.000	0.000	0.000
39	D	0.000	0.000	0.000	0.000	0.000
40	W	0.000	0.000	0.000	0.000	0.000
>XP_001390927.1
pos	aa	C	S	n-reg	h-reg	c-reg
1	M	0.000	1.000	1.000	0.000	0.000
2	K	0.000	1.000	1.000	0.000	0.000
3	T	0.000	1.000	0.780	0.219	0.000
4	F	0.000	1.000	0.412	0.588	0.000
5	S	0.000	1.000	0.341	0.659	0.000
6	L	0.000	1.000	0.088	0.911	0.000
7	S	0.000	1.000	0.023	0.977	0.000
8	L	0.000	1.000	0.006	0.993	0.000
9	A	0.000	1.000	0.003	0.997	0.000
10	L	0.000	1.000	0.000	0.999	0.000
11	L	0.000	1.000	0.000	0.986	0.014
12	A	0.000	1.000	0.000	0.859	0.141
13	A	0.000	1.000	0.000	0.799	0.201
14	A	0.000	1.000	0.000	0.691	0.309
15	S	0.003	0.997	0.000	0.102	0.895
16	M	0.001	0.995	0.000	0.076	0.919
17	V	0.000	0.995	0.000	0.059	0.936
18	S	0.000	0.995	0.000	0.020	0.976
19	A	0.034	0.962	0.000	0.007	0.954
20	D	0.875	0.086	0.000	0.000	0.086
21	V	0.000	0.086	0.000	0.000	0.086
22	S	0.000	0.086	0.000	0.000	0.086
23	V	0.008	0.078	0.000	0.000	0.078
24	S	0.000	0.078	0.000	0.000	0.078
25	D	0.023	0.055	0.000	0.000	0.055
26	C	0.000	0.055	0.000	0.000	0.055
27	A	0.053	0.002	0.000	0.000	0.002
28	Q	0.000	0.001	0.000	0.000	0.001
29	M	0.000	0.001	0.000	0.000	0.001
30	C	0.000	0.001	0.000	0.000	0.001
31	L	0.000	0.001	0.000	0.000	0.001
32	S	0.000	0.001	0.000	0.000	0.001
33	N	0.000	0.001	0.000	0.000	0.001
34	M	0.000	0.001	0.000	0.000	0.001
35	S	0.000	0.001	0.000	0.000	0.001
36	G	0.000	0.001	0.000	0.000	0.001
37	K	0.000	0.001	0.000	0.000	0.001
38	A	0.000	0.001	0.000	0.000	0.001
39	S	0.000	0.001	0.000	0.000	0.001
40	E	0.000	0.001	0.000	0.000	0.001
