>XP_001389275.1
pos	aa	C	S	n-reg	h-reg	c-reg
1	M	0.000	0.723	0.723	0.000	0.000
2	R	0.000	0.723	0.723	0.000	0.000
3	L	0.000	0.723	0.562	0.161	0.000
4	T	0.000	0.723	0.503	0.219	0.000
5	G	0.000	0.723	0.462	0.261	0.000
6	G	0.000	0.723	0.302	0.421	0.000
7	V	0.000	0.723	0.045	0.678	0.000
8	A	0.000	0.723	0.021	0.702	0.000
9	A	0.000	0.723	0.006	0.716	0.000
10	A	0.000	0.723	0.003	0.720	0.000
11	L	0.000	0.723	0.001	0.718	0.004
12	G	0.000	0.723	0.000	0.678	0.044
13	L	0.000	0.723	0.000	0.669	0.054
14	C	0.000	0.723	0.000	0.588	0.135
15	A	0.000	0.723	0.000	0.224	0.498
16	A	0.000	0.722	0.000	0.133	0.589
17	A	0.032	0.691	0.000	0.035	0.656
18	S	0.004	0.686	0.000	0.016	0.670
19	A	0.046	0.640	0.000	0.004	0.636
20	S	0.376	0.264	0.000	0.003	0.261
21	L	0.085	0.179	0.000	0.003	0.176
22	H	0.147	0.032	0.000	0.000	0.032
23	P	0.000	0.032	0.000	0.000	0.032
24	H	0.017	0.015	0.000	0.000	0.015
25	R	0.000	0.015	0.000	0.000	0.015
26	S	0.000	0.015	0.000	0.000	0.015
27	Y	0.014	0.001	0.000	0.000	0.001
28	E	0.000	0.001	0.000	0.000	0.001
29	T	0.000	0.001	0.000	0.000	0.001
30	H	0.000	0.001	0.000	0.000	0.001
31	D	0.000	0.001	0.000	0.000	0.001
32	Y	0.000	0.001	0.000	0.000	0.001
33	F	0.000	0.001	0.000	0.000	0.001
34	A	0.000	0.001	0.000	0.000	0.001
35	L	0.000	0.001	0.000	0.000	0.001
36	H	0.000	0.001	0.000	0.000	0.001
37	L	0.000	0.001	0.000	0.000	0.001
38	D	0.000	0.001	0.000	0.000	0.001
39	E	0.000	0.001	0.000	0.000	0.001
40	S	0.000	0.001	0.000	0.000	0.001
>XP_001389285.1
pos	aa	C	S	n-reg	h-reg	c-reg
1	M	0.000	0.999	0.999	0.000	0.000
2	I	0.000	0.999	0.999	0.000	0.000
3	A	0.000	0.999	0.629	0.369	0.000
4	A	0.000	0.999	0.155	0.844	0.000
5	A	0.000	0.999	0.106	0.893	0.000
6	L	0.000	0.999	0.022	0.976	0.000
7	L	0.000	0.999	0.002	0.996	0.000
8	L	0.000	0.999	0.001	0.998	0.000
9	A	0.000	0.999	0.000	0.998	0.000
10	A	0.000	0.999	0.000	0.998	0.001
11	V	0.000	0.999	0.000	0.951	0.048
12	A	0.000	0.999	0.000	0.239	0.760
13	P	0.000	0.999	0.000	0.171	0.827
14	V	0.000	0.999	0.000	0.158	0.840
15	L	0.000	0.999	0.000	0.127	0.871
16	A	0.000	0.999	0.000	0.096	0.903
17	A	0.826	0.172	0.000	0.076	0.096
18	P	0.008	0.165	0.000	0.001	0.164
19	N	0.002	0.162	0.000	0.000	0.162
20	T	0.000	0.162	0.000	0.000	0.162
21	D	0.001	0.161	0.000	0.000	0.161
22	A	0.000	0.161	0.000	0.000	0.161
23	V	0.157	0.004	0.000	0.000	0.004
24	S	0.000	0.004	0.000	0.000	0.004
25	V	0.001	0.003	0.000	0.000	0.003
26	C	0.000	0.003	0.000	0.000	0.003
27	Q	0.003	0.000	0.000	0.000	0.000
28	H	0.000	0.000	0.000	0.000	0.000
29	L	0.000	0.000	0.000	0.000	0.000
30	H	0.000	0.000	0.000	0.000	0.000
31	T	0.000	0.000	0.000	0.000	0.000
32	V	0.000	0.000	0.000	0.000	0.000
33	Y	0.000	0.000	0.000	0.000	0.000
34	P	0.000	0.000	0.000	0.000	0.000
35	Q	0.000	0.000	0.000	0.000	0.000
36	Y	0.000	0.000	0.000	0.000	0.000
37	T	0.000	0.000	0.000	0.000	0.000
38	V	0.000	0.000	0.000	0.000	0.000
39	W	0.000	0.000	0.000	0.000	0.000
40	D	0.000	0.000	0.000	0.000	0.000
>XP_001389291.1
pos	aa	C	S	n-reg	h-reg	c-reg
1	M	0.000	0.104	0.104	0.000	0.000
2	T	0.000	0.105	0.105	0.000	0.000
3	V	0.000	0.105	0.104	0.001	0.000
4	F	0.000	0.105	0.104	0.001	0.000
5	I	0.000	0.105	0.104	0.001	0.000
6	Q	0.000	0.105	0.104	0.001	0.000
7	T	0.000	0.105	0.104	0.001	0.000
8	I	0.000	0.105	0.104	0.001	0.000
9	T	0.000	0.105	0.103	0.001	0.000
10	S	0.000	0.105	0.103	0.002	0.000
11	T	0.000	0.105	0.103	0.002	0.000
12	P	0.000	0.105	0.101	0.003	0.001
13	M	0.000	0.105	0.090	0.014	0.001
14	T	0.000	0.105	0.078	0.026	0.001
15	S	0.000	0.105	0.061	0.043	0.001
16	A	0.000	0.105	0.033	0.071	0.001
17	G	0.001	0.104	0.021	0.083	0.000
18	L	0.000	0.104	0.003	0.101	0.000
19	F	0.000	0.104	0.000	0.103	0.000
20	L	0.000	0.104	0.000	0.103	0.000
21	A	0.000	0.104	0.000	0.102	0.001
22	L	0.000	0.104	0.000	0.102	0.002
23	I	0.000	0.104	0.000	0.100	0.004
24	L	0.000	0.104	0.000	0.076	0.028
25	I	0.000	0.104	0.000	0.058	0.046
26	V	0.000	0.104	0.000	0.033	0.070
27	Y	0.000	0.104	0.000	0.006	0.097
28	S	0.000	0.104	0.000	0.003	0.100
29	I	0.066	0.037	0.000	0.002	0.035
30	Y	0.000	0.037	0.000	0.000	0.037
31	Q	0.000	0.037	0.000	0.000	0.037
32	R	0.031	0.006	0.000	0.000	0.006
33	Y	0.000	0.006	0.000	0.000	0.006
34	L	0.000	0.006	0.000	0.000	0.006
35	H	0.005	0.001	0.000	0.000	0.001
36	P	0.000	0.001	0.000	0.000	0.001
37	L	0.000	0.000	0.000	0.000	0.000
38	A	0.000	0.000	0.000	0.000	0.000
39	K	0.000	0.000	0.000	0.000	0.000
40	Y	0.000	0.000	0.000	0.000	0.000
>XP_001389309.2
pos	aa	C	S	n-reg	h-reg	c-reg
1	M	0.000	1.000	1.000	0.000	0.000
2	A	0.000	1.000	1.000	0.000	0.000
3	A	0.000	1.000	1.000	0.000	0.000
4	T	0.000	1.000	1.000	0.000	0.000
5	R	0.000	1.000	1.000	0.000	0.000
6	L	0.000	1.000	0.996	0.004	0.000
7	T	0.000	1.000	0.995	0.005	0.000
8	M	0.000	1.000	0.993	0.007	0.000
9	R	0.000	1.000	0.984	0.016	0.000
10	S	0.000	1.000	0.573	0.427	0.000
11	F	0.000	1.000	0.207	0.793	0.000
12	L	0.000	1.000	0.046	0.954	0.000
13	G	0.000	1.000	0.004	0.996	0.000
14	L	0.000	1.000	0.001	0.999	0.000
15	L	0.000	1.000	0.000	1.000	0.000
16	F	0.000	1.000	0.000	1.000	0.000
17	L	0.000	1.000	0.000	0.999	0.001
18	L	0.000	1.000	0.000	0.969	0.031
19	F	0.000	1.000	0.000	0.893	0.107
20	V	0.000	1.000	0.000	0.810	0.190
21	Q	0.000	1.000	0.000	0.031	0.968
22	L	0.000	1.000	0.000	0.019	0.981
23	T	0.002	0.998	0.000	0.002	0.996
24	S	0.000	0.998	0.000	0.001	0.997
25	A	0.009	0.989	0.000	0.001	0.988
26	L	0.980	0.009	0.000	0.001	0.008
27	K	0.002	0.007	0.000	0.000	0.007
28	F	0.000	0.007	0.000	0.000	0.007
29	D	0.000	0.007	0.000	0.000	0.007
30	L	0.000	0.007	0.000	0.000	0.007
31	S	0.000	0.007	0.000	0.000	0.007
32	A	0.002	0.004	0.000	0.000	0.004
33	V	0.001	0.004	0.000	0.000	0.004
34	S	0.000	0.004	0.000	0.000	0.004
35	G	0.000	0.004	0.000	0.000	0.004
36	K	0.004	0.000	0.000	0.000	0.000
37	N	0.000	0.000	0.000	0.000	0.000
38	E	0.000	0.000	0.000	0.000	0.000
39	R	0.000	0.000	0.000	0.000	0.000
40	C	0.000	0.000	0.000	0.000	0.000
>XP_001389316.1
pos	aa	C	S	n-reg	h-reg	c-reg
1	M	0.000	0.100	0.100	0.000	0.000
2	G	0.000	0.105	0.105	0.000	0.000
3	N	0.000	0.105	0.105	0.000	0.000
4	N	0.000	0.105	0.104	0.001	0.000
5	P	0.000	0.105	0.099	0.006	0.000
6	V	0.000	0.105	0.044	0.061	0.000
7	F	0.000	0.105	0.025	0.080	0.000
8	A	0.000	0.105	0.023	0.082	0.000
9	V	0.000	0.105	0.021	0.084	0.000
10	T	0.000	0.105	0.021	0.084	0.000
11	V	0.000	0.105	0.021	0.084	0.000
12	F	0.000	0.105	0.021	0.084	0.000
13	F	0.000	0.105	0.021	0.084	0.000
14	I	0.000	0.105	0.021	0.079	0.005
15	C	0.000	0.105	0.021	0.044	0.041
16	F	0.000	0.105	0.021	0.031	0.053
17	R	0.000	0.105	0.021	0.008	0.077
18	E	0.000	0.105	0.021	0.000	0.084
19	C	0.000	0.105	0.020	0.001	0.084
20	L	0.036	0.070	0.020	0.001	0.049
21	E	0.000	0.069	0.020	0.001	0.048
22	T	0.000	0.069	0.016	0.005	0.048
23	S	0.035	0.034	0.011	0.010	0.013
24	V	0.001	0.033	0.007	0.014	0.012
25	V	0.000	0.033	0.006	0.015	0.012
26	V	0.000	0.033	0.005	0.016	0.012
27	S	0.000	0.033	0.005	0.016	0.012
28	V	0.003	0.030	0.005	0.016	0.009
29	L	0.000	0.030	0.005	0.016	0.009
30	L	0.000	0.030	0.005	0.016	0.009
31	A	0.003	0.027	0.005	0.015	0.007
32	F	0.005	0.022	0.005	0.015	0.003
33	L	0.000	0.022	0.005	0.014	0.003
34	K	0.000	0.021	0.005	0.000	0.017
35	Q	0.000	0.021	0.005	0.000	0.017
36	T	0.000	0.021	0.005	0.000	0.017
37	L	0.000	0.021	0.005	0.000	0.016
38	G	0.000	0.021	0.005	0.000	0.016
39	N	0.016	0.005	0.005	0.000	0.000
40	E	0.000	0.005	0.005	0.000	0.000
>XP_001389317.1
pos	aa	C	S	n-reg	h-reg	c-reg
1	M	0.000	0.998	0.998	0.000	0.000
2	A	0.000	0.998	0.998	0.000	0.000
3	F	0.000	0.998	0.998	0.000	0.000
4	P	0.000	0.998	0.998	0.000	0.000
5	S	0.000	0.998	0.996	0.001	0.000
6	R	0.000	0.998	0.991	0.006	0.000
7	L	0.000	0.998	0.306	0.692	0.000
8	L	0.000	0.998	0.204	0.794	0.000
9	P	0.000	0.998	0.188	0.810	0.000
10	W	0.000	0.998	0.115	0.883	0.000
11	L	0.000	0.998	0.002	0.995	0.000
12	A	0.000	0.998	0.000	0.998	0.000
13	A	0.000	0.998	0.000	0.998	0.000
14	I	0.000	0.998	0.000	0.998	0.000
15	F	0.000	0.998	0.000	0.962	0.036
16	F	0.000	0.998	0.000	0.892	0.106
17	F	0.000	0.998	0.000	0.845	0.153
18	I	0.000	0.998	0.000	0.753	0.245
19	A	0.000	0.998	0.000	0.024	0.974
20	Q	0.000	0.998	0.000	0.002	0.996
21	C	0.000	0.998	0.000	0.000	0.998
22	Q	0.015	0.983	0.000	0.000	0.983
23	A	0.000	0.983	0.000	0.000	0.983
24	K	0.979	0.004	0.000	0.000	0.004
25	T	0.000	0.004	0.000	0.000	0.004
26	V	0.002	0.002	0.000	0.000	0.002
27	T	0.000	0.002	0.000	0.000	0.002
28	Y	0.002	0.000	0.000	0.000	0.000
29	D	0.000	0.000	0.000	0.000	0.000
30	W	0.000	0.000	0.000	0.000	0.000
31	N	0.000	0.000	0.000	0.000	0.000
32	V	0.000	0.000	0.000	0.000	0.000
33	T	0.000	0.000	0.000	0.000	0.000
34	W	0.000	0.000	0.000	0.000	0.000
35	V	0.000	0.000	0.000	0.000	0.000
36	T	0.000	0.000	0.000	0.000	0.000
37	A	0.000	0.000	0.000	0.000	0.000
38	N	0.000	0.000	0.000	0.000	0.000
39	P	0.000	0.000	0.000	0.000	0.000
40	D	0.000	0.000	0.000	0.000	0.000
>XP_001389326.1
pos	aa	C	S	n-reg	h-reg	c-reg
1	M	0.000	0.861	0.861	0.000	0.000
2	R	0.000	0.861	0.861	0.000	0.000
3	L	0.000	0.861	0.593	0.267	0.000
4	I	0.000	0.861	0.422	0.439	0.000
5	S	0.000	0.861	0.372	0.489	0.000
6	M	0.000	0.861	0.224	0.636	0.000
7	F	0.000	0.861	0.046	0.815	0.000
8	I	0.000	0.861	0.011	0.850	0.000
9	G	0.000	0.861	0.007	0.854	0.000
10	L	0.000	0.861	0.000	0.860	0.000
11	L	0.000	0.861	0.000	0.859	0.001
12	V	0.000	0.861	0.000	0.858	0.002
13	V	0.000	0.861	0.000	0.856	0.005
14	L	0.000	0.861	0.000	0.785	0.076
15	L	0.000	0.860	0.000	0.435	0.425
16	N	0.002	0.858	0.000	0.111	0.748
17	S	0.000	0.858	0.000	0.088	0.770
18	P	0.001	0.858	0.000	0.001	0.857
19	Q	0.002	0.856	0.000	0.000	0.855
20	A	0.002	0.853	0.000	0.000	0.853
21	A	0.117	0.736	0.000	0.000	0.736
22	A	0.020	0.716	0.000	0.000	0.716
23	V	0.712	0.005	0.000	0.000	0.005
24	K	0.000	0.005	0.000	0.000	0.005
25	L	0.000	0.005	0.000	0.000	0.005
26	I	0.002	0.003	0.000	0.000	0.003
27	E	0.000	0.003	0.000	0.000	0.003
28	S	0.000	0.003	0.000	0.000	0.003
29	N	0.002	0.001	0.000	0.000	0.001
30	A	0.000	0.001	0.000	0.000	0.001
31	L	0.000	0.000	0.000	0.000	0.000
32	S	0.000	0.000	0.000	0.000	0.000
33	I	0.000	0.000	0.000	0.000	0.000
34	C	0.000	0.000	0.000	0.000	0.000
35	Q	0.000	0.000	0.000	0.000	0.000
36	D	0.000	0.000	0.000	0.000	0.000
37	S	0.000	0.000	0.000	0.000	0.000
38	S	0.000	0.000	0.000	0.000	0.000
39	N	0.000	0.000	0.000	0.000	0.000
40	F	0.000	0.000	0.000	0.000	0.000
>XP_001389342.1
pos	aa	C	S	n-reg	h-reg	c-reg
1	M	0.000	0.998	0.998	0.000	0.000
2	V	0.000	0.998	0.998	0.000	0.000
3	A	0.000	0.998	0.969	0.029	0.000
4	L	0.000	0.998	0.950	0.048	0.000
5	K	0.000	0.998	0.946	0.052	0.000
6	A	0.000	0.998	0.109	0.889	0.000
7	L	0.000	0.998	0.033	0.965	0.000
8	S	0.000	0.998	0.026	0.972	0.000
9	L	0.000	0.998	0.011	0.988	0.000
10	G	0.000	0.998	0.008	0.990	0.000
11	L	0.000	0.998	0.004	0.993	0.001
12	L	0.000	0.998	0.002	0.991	0.005
13	A	0.000	0.998	0.002	0.982	0.013
14	S	0.000	0.998	0.002	0.169	0.827
15	Q	0.000	0.998	0.002	0.076	0.920
16	A	0.000	0.998	0.002	0.064	0.932
17	W	0.003	0.995	0.002	0.051	0.942
18	A	0.000	0.995	0.002	0.036	0.957
19	V	0.791	0.204	0.002	0.026	0.176
20	P	0.000	0.204	0.002	0.008	0.194
21	T	0.001	0.203	0.002	0.003	0.198
22	T	0.002	0.201	0.002	0.002	0.198
23	S	0.000	0.201	0.002	0.001	0.198
24	Q	0.012	0.188	0.001	0.001	0.186
25	T	0.003	0.185	0.001	0.001	0.183
26	A	0.005	0.181	0.001	0.002	0.179
27	L	0.000	0.181	0.000	0.002	0.178
28	S	0.000	0.180	0.000	0.002	0.179
29	S	0.003	0.178	0.000	0.002	0.176
30	P	0.000	0.178	0.000	0.002	0.176
31	A	0.000	0.178	0.000	0.002	0.176
32	A	0.000	0.177	0.000	0.002	0.176
33	S	0.000	0.177	0.000	0.001	0.176
34	S	0.001	0.177	0.000	0.001	0.176
35	A	0.003	0.174	0.000	0.001	0.173
36	A	0.020	0.153	0.000	0.001	0.153
37	V	0.001	0.152	0.000	0.000	0.152
38	A	0.000	0.152	0.000	0.000	0.152
39	A	0.005	0.148	0.000	0.000	0.147
40	A	0.013	0.135	0.000	0.000	0.135
>XP_001389350.2
pos	aa	C	S	n-reg	h-reg	c-reg
1	M	0.000	0.097	0.097	0.000	0.000
2	W	0.000	0.097	0.097	0.000	0.000
3	K	0.000	0.097	0.097	0.000	0.000
4	L	0.000	0.097	0.097	0.000	0.000
5	Q	0.000	0.097	0.097	0.000	0.000
6	A	0.000	0.097	0.097	0.000	0.000
7	N	0.000	0.097	0.097	0.001	0.000
8	F	0.000	0.097	0.091	0.007	0.000
9	I	0.000	0.097	0.087	0.010	0.000
10	T	0.000	0.097	0.085	0.012	0.000
11	L	0.000	0.097	0.076	0.022	0.000
12	H	0.000	0.097	0.073	0.024	0.000
13	Y	0.000	0.097	0.065	0.032	0.000
14	A	0.000	0.097	0.049	0.048	0.000
15	Y	0.000	0.097	0.032	0.065	0.000
16	I	0.000	0.097	0.014	0.084	0.000
17	L	0.000	0.097	0.003	0.094	0.000
18	F	0.000	0.097	0.001	0.096	0.000
19	L	0.000	0.097	0.000	0.093	0.004
20	G	0.000	0.097	0.000	0.087	0.010
21	L	0.000	0.097	0.000	0.086	0.011
22	L	0.000	0.097	0.000	0.084	0.013
23	G	0.000	0.097	0.000	0.042	0.055
24	L	0.004	0.093	0.000	0.041	0.052
25	V	0.000	0.093	0.000	0.035	0.058
26	V	0.000	0.093	0.000	0.033	0.060
27	L	0.000	0.093	0.000	0.025	0.067
28	Y	0.054	0.038	0.000	0.008	0.029
29	P	0.000	0.038	0.000	0.001	0.037
30	Y	0.004	0.034	0.000	0.000	0.033
31	G	0.000	0.034	0.000	0.000	0.034
32	N	0.001	0.032	0.000	0.000	0.032
33	L	0.000	0.032	0.000	0.000	0.032
34	R	0.012	0.020	0.000	0.000	0.020
35	A	0.000	0.020	0.000	0.000	0.020
36	I	0.019	0.001	0.000	0.000	0.001
37	D	0.000	0.001	0.000	0.000	0.001
38	A	0.000	0.001	0.000	0.000	0.001
39	Y	0.001	0.000	0.000	0.000	0.000
40	F	0.000	0.000	0.000	0.000	0.000
>XP_001389366.2
pos	aa	C	S	n-reg	h-reg	c-reg
1	M	0.000	1.000	1.000	0.000	0.000
2	R	0.000	1.000	1.000	0.000	0.000
3	S	0.000	1.000	0.950	0.049	0.000
4	A	0.000	1.000	0.784	0.216	0.000
5	L	0.000	1.000	0.414	0.586	0.000
6	A	0.000	1.000	0.226	0.773	0.000
7	A	0.000	1.000	0.144	0.856	0.000
8	S	0.000	1.000	0.105	0.895	0.000
9	A	0.000	1.000	0.005	0.995	0.000
10	L	0.000	1.000	0.001	0.999	0.000
11	L	0.000	1.000	0.000	0.999	0.001
12	L	0.000	1.000	0.000	0.997	0.003
13	S	0.000	1.000	0.000	0.940	0.060
14	I	0.000	1.000	0.000	0.901	0.099
15	S	0.000	1.000	0.000	0.773	0.227
16	L	0.002	0.998	0.000	0.724	0.274
17	P	0.000	0.998	0.000	0.020	0.978
18	A	0.017	0.981	0.000	0.012	0.969
19	T	0.002	0.979	0.000	0.000	0.979
20	H	0.002	0.977	0.000	0.000	0.977
21	A	0.000	0.977	0.000	0.000	0.977
22	Y	0.922	0.055	0.000	0.000	0.055
23	T	0.000	0.055	0.000	0.000	0.055
24	E	0.055	0.001	0.000	0.000	0.001
25	E	0.000	0.001	0.000	0.000	0.001
26	Y	0.000	0.001	0.000	0.000	0.001
27	N	0.000	0.001	0.000	0.000	0.001
28	G	0.000	0.001	0.000	0.000	0.001
29	C	0.000	0.001	0.000	0.000	0.001
30	Y	0.000	0.001	0.000	0.000	0.001
31	S	0.000	0.001	0.000	0.000	0.001
32	D	0.000	0.000	0.000	0.000	0.000
33	S	0.000	0.000	0.000	0.000	0.000
34	T	0.000	0.000	0.000	0.000	0.000
35	P	0.000	0.000	0.000	0.000	0.000
36	L	0.000	0.000	0.000	0.000	0.000
37	K	0.000	0.000	0.000	0.000	0.000
38	D	0.000	0.000	0.000	0.000	0.000
39	Q	0.000	0.000	0.000	0.000	0.000
40	G	0.000	0.000	0.000	0.000	0.000
>XP_001389371.2
pos	aa	C	S	n-reg	h-reg	c-reg
1	M	0.000	0.825	0.825	0.000	0.000
2	A	0.000	0.931	0.931	0.000	0.000
3	P	0.000	0.931	0.931	0.000	0.000
4	P	0.000	0.931	0.931	0.000	0.000
5	L	0.000	0.931	0.931	0.000	0.000
6	H	0.000	0.931	0.931	0.000	0.000
7	R	0.000	0.931	0.931	0.000	0.000
8	R	0.000	0.931	0.931	0.000	0.000
9	S	0.000	0.931	0.931	0.000	0.000
10	W	0.000	0.931	0.931	0.000	0.000
11	R	0.000	0.931	0.931	0.000	0.000
12	Q	0.000	0.931	0.931	0.001	0.000
13	S	0.000	0.931	0.928	0.003	0.000
14	R	0.000	0.931	0.924	0.007	0.000
15	A	0.000	0.931	0.718	0.214	0.000
16	S	0.000	0.931	0.582	0.349	0.000
17	A	0.000	0.931	0.408	0.523	0.000
18	L	0.000	0.931	0.279	0.653	0.000
19	I	0.000	0.931	0.238	0.693	0.000
20	F	0.000	0.931	0.213	0.718	0.000
21	A	0.000	0.931	0.182	0.748	0.001
22	A	0.000	0.931	0.127	0.803	0.002
23	A	0.000	0.931	0.066	0.834	0.032
24	F	0.000	0.931	0.027	0.776	0.128
25	F	0.000	0.931	0.012	0.700	0.220
26	S	0.000	0.931	0.006	0.507	0.418
27	A	0.001	0.930	0.001	0.464	0.465
28	G	0.022	0.908	0.000	0.420	0.488
29	F	0.335	0.573	0.000	0.394	0.179
30	I	0.000	0.572	0.000	0.368	0.204
31	L	0.000	0.569	0.000	0.334	0.235
32	F	0.023	0.540	0.000	0.308	0.231
33	F	0.000	0.524	0.000	0.237	0.287
34	Y	0.000	0.488	0.000	0.106	0.382
35	S	0.000	0.458	0.000	0.023	0.435
36	R	0.093	0.351	0.000	0.001	0.351
37	P	0.000	0.351	0.000	0.000	0.351
38	S	0.117	0.234	0.000	0.000	0.234
39	Y	0.012	0.222	0.000	0.000	0.222
40	V	0.000	0.222	0.000	0.000	0.222
>XP_001389375.1
pos	aa	C	S	n-reg	h-reg	c-reg
1	M	0.000	0.240	0.240	0.000	0.000
2	P	0.000	0.243	0.243	0.000	0.000
3	S	0.000	0.243	0.242	0.000	0.000
4	A	0.000	0.243	0.242	0.001	0.000
5	T	0.000	0.243	0.242	0.001	0.000
6	S	0.000	0.243	0.242	0.001	0.000
7	I	0.000	0.243	0.242	0.001	0.000
8	A	0.000	0.243	0.242	0.001	0.000
9	S	0.000	0.243	0.242	0.001	0.000
10	F	0.000	0.243	0.242	0.001	0.000
11	T	0.000	0.243	0.241	0.001	0.000
12	R	0.000	0.243	0.241	0.001	0.001
13	Q	0.000	0.243	0.241	0.001	0.001
14	F	0.000	0.243	0.238	0.003	0.001
15	R	0.000	0.243	0.238	0.004	0.001
16	V	0.000	0.243	0.212	0.030	0.001
17	L	0.000	0.243	0.206	0.036	0.001
18	V	0.000	0.243	0.205	0.037	0.001
19	V	0.000	0.243	0.204	0.038	0.001
20	G	0.000	0.243	0.203	0.038	0.001
21	G	0.001	0.242	0.202	0.039	0.001
22	S	0.000	0.242	0.187	0.053	0.002
23	Y	0.000	0.242	0.161	0.079	0.003
24	G	0.000	0.242	0.140	0.086	0.016
25	G	0.000	0.241	0.099	0.118	0.024
26	L	0.000	0.241	0.000	0.216	0.025
27	T	0.000	0.241	0.000	0.210	0.031
28	A	0.001	0.241	0.000	0.209	0.032
29	A	0.011	0.229	0.000	0.208	0.022
30	L	0.010	0.219	0.000	0.206	0.013
31	T	0.000	0.218	0.000	0.203	0.015
32	L	0.005	0.213	0.000	0.202	0.011
33	L	0.001	0.212	0.000	0.197	0.015
34	D	0.002	0.208	0.000	0.001	0.207
35	L	0.000	0.208	0.000	0.001	0.208
36	S	0.000	0.208	0.000	0.000	0.208
37	R	0.000	0.208	0.000	0.000	0.208
38	G	0.000	0.208	0.000	0.000	0.208
39	R	0.207	0.001	0.000	0.000	0.001
40	V	0.000	0.001	0.000	0.000	0.001
>XP_001389416.1
pos	aa	C	S	n-reg	h-reg	c-reg
1	M	0.000	0.995	0.995	0.000	0.000
2	A	0.000	0.995	0.995	0.000	0.000
3	H	0.000	0.995	0.995	0.000	0.000
4	S	0.000	0.995	0.995	0.000	0.000
5	M	0.000	0.995	0.995	0.000	0.000
6	S	0.000	0.995	0.995	0.000	0.000
7	R	0.000	0.995	0.995	0.000	0.000
8	P	0.000	0.995	0.980	0.015	0.000
9	V	0.000	0.995	0.814	0.181	0.000
10	A	0.000	0.995	0.540	0.455	0.000
11	A	0.000	0.995	0.318	0.678	0.000
12	T	0.000	0.995	0.228	0.768	0.000
13	A	0.000	0.995	0.116	0.879	0.000
14	A	0.000	0.995	0.007	0.988	0.000
15	A	0.000	0.995	0.002	0.993	0.000
16	L	0.000	0.995	0.000	0.995	0.000
17	L	0.000	0.995	0.000	0.994	0.001
18	A	0.000	0.995	0.000	0.975	0.020
19	L	0.000	0.995	0.000	0.943	0.053
20	A	0.000	0.995	0.000	0.870	0.125
21	L	0.001	0.994	0.000	0.804	0.190
22	P	0.000	0.994	0.000	0.029	0.966
23	Q	0.002	0.992	0.000	0.012	0.981
24	A	0.000	0.992	0.000	0.005	0.988
25	L	0.001	0.991	0.000	0.004	0.987
26	A	0.000	0.991	0.000	0.000	0.991
27	Q	0.899	0.092	0.000	0.000	0.092
28	A	0.012	0.080	0.000	0.000	0.080
29	N	0.062	0.018	0.000	0.000	0.018
30	T	0.000	0.018	0.000	0.000	0.018
31	S	0.017	0.000	0.000	0.000	0.000
32	Y	0.000	0.000	0.000	0.000	0.000
33	V	0.000	0.000	0.000	0.000	0.000
34	D	0.000	0.000	0.000	0.000	0.000
35	Y	0.000	0.000	0.000	0.000	0.000
36	N	0.000	0.000	0.000	0.000	0.000
37	I	0.000	0.000	0.000	0.000	0.000
38	E	0.000	0.000	0.000	0.000	0.000
39	A	0.000	0.000	0.000	0.000	0.000
40	N	0.000	0.000	0.000	0.000	0.000
>XP_001389453.2
pos	aa	C	S	n-reg	h-reg	c-reg
1	M	0.000	0.437	0.437	0.000	0.000
2	T	0.000	0.437	0.437	0.000	0.000
3	R	0.000	0.437	0.437	0.000	0.000
4	I	0.000	0.437	0.432	0.005	0.000
5	T	0.000	0.437	0.430	0.006	0.000
6	K	0.000	0.437	0.427	0.010	0.000
7	L	0.000	0.437	0.072	0.364	0.000
8	C	0.000	0.437	0.022	0.414	0.000
9	V	0.000	0.437	0.005	0.431	0.000
10	L	0.000	0.437	0.001	0.436	0.000
11	L	0.000	0.437	0.000	0.437	0.000
12	L	0.000	0.437	0.000	0.436	0.001
13	S	0.000	0.437	0.000	0.434	0.003
14	S	0.000	0.437	0.000	0.432	0.005
15	I	0.000	0.437	0.000	0.409	0.028
16	G	0.000	0.437	0.000	0.328	0.109
17	L	0.000	0.437	0.000	0.253	0.184
18	L	0.000	0.437	0.000	0.155	0.282
19	A	0.000	0.436	0.000	0.012	0.425
20	A	0.013	0.423	0.000	0.003	0.420
21	A	0.082	0.341	0.000	0.001	0.340
22	Q	0.293	0.048	0.000	0.000	0.048
23	N	0.017	0.031	0.000	0.000	0.031
24	Q	0.000	0.031	0.000	0.000	0.031
25	T	0.004	0.027	0.000	0.000	0.027
26	E	0.010	0.017	0.000	0.000	0.017
27	T	0.000	0.017	0.000	0.000	0.017
28	G	0.015	0.002	0.000	0.000	0.002
29	W	0.001	0.001	0.000	0.000	0.001
30	P	0.000	0.001	0.000	0.000	0.001
31	L	0.001	0.000	0.000	0.000	0.000
32	H	0.000	0.000	0.000	0.000	0.000
33	D	0.000	0.000	0.000	0.000	0.000
34	D	0.000	0.000	0.000	0.000	0.000
35	G	0.000	0.000	0.000	0.000	0.000
36	L	0.000	0.000	0.000	0.000	0.000
37	T	0.000	0.000	0.000	0.000	0.000
38	T	0.000	0.000	0.000	0.000	0.000
39	D	0.000	0.000	0.000	0.000	0.000
40	V	0.000	0.000	0.000	0.000	0.000
>XP_001389476.1
pos	aa	C	S	n-reg	h-reg	c-reg
1	M	0.000	0.987	0.987	0.000	0.000
2	S	0.000	0.987	0.987	0.000	0.000
3	F	0.000	0.987	0.877	0.110	0.000
4	L	0.000	0.987	0.760	0.227	0.000
5	P	0.000	0.987	0.741	0.246	0.000
6	S	0.000	0.987	0.584	0.403	0.000
7	V	0.000	0.987	0.197	0.790	0.000
8	G	0.000	0.987	0.128	0.859	0.000
9	M	0.000	0.987	0.079	0.908	0.000
10	L	0.000	0.987	0.024	0.963	0.000
11	A	0.000	0.987	0.009	0.974	0.004
12	L	0.000	0.987	0.006	0.970	0.011
13	G	0.000	0.987	0.006	0.955	0.026
14	A	0.000	0.987	0.004	0.936	0.047
15	M	0.000	0.987	0.003	0.601	0.383
16	Q	0.000	0.987	0.003	0.342	0.642
17	L	0.002	0.985	0.001	0.320	0.665
18	S	0.001	0.984	0.000	0.250	0.735
19	S	0.001	0.983	0.000	0.023	0.960
20	G	0.004	0.980	0.000	0.014	0.965
21	V	0.038	0.941	0.000	0.013	0.928
22	L	0.000	0.941	0.000	0.011	0.930
23	A	0.011	0.930	0.000	0.006	0.923
24	T	0.890	0.040	0.000	0.005	0.035
25	I	0.018	0.022	0.000	0.004	0.018
26	D	0.000	0.022	0.000	0.000	0.022
27	T	0.000	0.022	0.000	0.000	0.022
28	C	0.001	0.021	0.000	0.000	0.021
29	S	0.000	0.021	0.000	0.000	0.021
30	S	0.001	0.020	0.000	0.000	0.020
31	D	0.019	0.001	0.000	0.000	0.001
32	S	0.000	0.001	0.000	0.000	0.001
33	P	0.000	0.001	0.000	0.000	0.001
34	L	0.000	0.001	0.000	0.000	0.001
35	S	0.000	0.001	0.000	0.000	0.001
36	C	0.000	0.001	0.000	0.000	0.001
37	Q	0.000	0.001	0.000	0.000	0.001
38	T	0.000	0.001	0.000	0.000	0.001
39	D	0.000	0.000	0.000	0.000	0.000
40	N	0.000	0.000	0.000	0.000	0.000
>XP_001389482.1
pos	aa	C	S	n-reg	h-reg	c-reg
1	M	0.000	0.561	0.561	0.000	0.000
2	H	0.000	0.561	0.561	0.000	0.000
3	L	0.000	0.561	0.559	0.003	0.000
4	Q	0.000	0.561	0.557	0.004	0.000
5	N	0.000	0.561	0.553	0.008	0.000
6	V	0.000	0.561	0.479	0.082	0.000
7	V	0.000	0.561	0.454	0.107	0.000
8	K	0.000	0.561	0.450	0.111	0.000
9	L	0.000	0.561	0.096	0.465	0.000
10	A	0.000	0.561	0.015	0.546	0.000
11	A	0.000	0.561	0.007	0.554	0.000
12	A	0.000	0.561	0.003	0.557	0.001
13	G	0.000	0.561	0.000	0.558	0.003
14	C	0.000	0.561	0.000	0.545	0.016
15	A	0.000	0.561	0.000	0.537	0.024
16	V	0.000	0.561	0.000	0.507	0.054
17	L	0.000	0.561	0.000	0.423	0.138
18	A	0.000	0.561	0.000	0.090	0.470
19	T	0.009	0.552	0.000	0.066	0.486
20	A	0.003	0.548	0.000	0.052	0.497
21	H	0.219	0.329	0.000	0.000	0.329
22	P	0.000	0.329	0.000	0.000	0.329
23	G	0.231	0.098	0.000	0.000	0.098
24	H	0.003	0.095	0.000	0.000	0.095
25	Q	0.000	0.095	0.000	0.000	0.095
26	E	0.095	0.001	0.000	0.000	0.001
27	K	0.000	0.001	0.000	0.000	0.001
28	R	0.000	0.001	0.000	0.000	0.001
29	A	0.000	0.001	0.000	0.000	0.001
30	N	0.000	0.000	0.000	0.000	0.000
31	S	0.000	0.000	0.000	0.000	0.000
32	D	0.000	0.000	0.000	0.000	0.000
33	L	0.000	0.000	0.000	0.000	0.000
34	L	0.000	0.000	0.000	0.000	0.000
35	N	0.000	0.000	0.000	0.000	0.000
36	F	0.000	0.000	0.000	0.000	0.000
37	K	0.000	0.000	0.000	0.000	0.000
38	S	0.000	0.000	0.000	0.000	0.000
39	N	0.000	0.000	0.000	0.000	0.000
40	M	0.000	0.000	0.000	0.000	0.000
>XP_001389493.2
pos	aa	C	S	n-reg	h-reg	c-reg
1	M	0.000	0.000	0.000	0.000	0.000
2	A	0.000	0.000	0.000	0.000	0.000
3	S	0.000	0.000	0.000	0.000	0.000
4	G	0.000	0.000	0.000	0.000	0.000
5	P	0.000	0.000	0.000	0.000	0.000
6	N	0.000	0.000	0.000	0.000	0.000
7	C	0.000	0.000	0.000	0.000	0.000
8	I	0.000	0.000	0.000	0.000	0.000
9	P	0.000	0.000	0.000	0.000	0.000
10	F	0.000	0.000	0.000	0.000	0.000
11	P	0.000	0.000	0.000	0.000	0.000
12	I	0.000	0.000	0.000	0.000	0.000
13	K	0.000	0.000	0.000	0.000	0.000
14	L	0.000	0.000	0.000	0.000	0.000
15	A	0.000	0.000	0.000	0.000	0.000
16	S	0.000	0.000	0.000	0.000	0.000
17	L	0.000	0.000	0.000	0.000	0.000
18	L	0.000	0.000	0.000	0.000	0.000
19	R	0.000	0.000	0.000	0.000	0.000
20	S	0.000	0.000	0.000	0.000	0.000
21	A	0.000	0.000	0.000	0.000	0.000
22	A	0.000	0.000	0.000	0.000	0.000
23	L	0.000	0.000	0.000	0.000	0.000
24	L	0.000	0.000	0.000	0.000	0.000
25	A	0.000	0.000	0.000	0.000	0.000
26	S	0.000	0.000	0.000	0.000	0.000
27	V	0.000	0.000	0.000	0.000	0.000
28	F	0.000	0.000	0.000	0.000	0.000
29	R	0.000	0.000	0.000	0.000	0.000
30	G	0.000	0.000	0.000	0.000	0.000
31	V	0.000	0.000	0.000	0.000	0.000
32	A	0.000	0.000	0.000	0.000	0.000
33	V	0.000	0.000	0.000	0.000	0.000
34	A	0.000	0.000	0.000	0.000	0.000
35	P	0.000	0.000	0.000	0.000	0.000
36	R	0.000	0.000	0.000	0.000	0.000
37	R	0.000	0.000	0.000	0.000	0.000
38	P	0.000	0.000	0.000	0.000	0.000
39	S	0.000	0.000	0.000	0.000	0.000
40	P	0.000	0.000	0.000	0.000	0.000
>XP_001389498.2
pos	aa	C	S	n-reg	h-reg	c-reg
1	M	0.000	0.005	0.005	0.000	0.000
2	T	0.000	0.006	0.006	0.000	0.000
3	S	0.000	0.006	0.006	0.000	0.000
4	R	0.000	0.006	0.006	0.000	0.000
5	G	0.000	0.006	0.006	0.000	0.000
6	W	0.000	0.006	0.006	0.000	0.000
7	R	0.000	0.006	0.006	0.000	0.000
8	Q	0.000	0.006	0.006	0.000	0.000
9	L	0.000	0.006	0.006	0.000	0.000
10	L	0.000	0.006	0.006	0.000	0.000
11	S	0.000	0.006	0.006	0.000	0.000
12	R	0.000	0.006	0.006	0.000	0.000
13	S	0.000	0.006	0.006	0.000	0.000
14	I	0.000	0.006	0.006	0.000	0.000
15	I	0.000	0.006	0.005	0.000	0.000
16	A	0.000	0.006	0.005	0.001	0.000
17	M	0.000	0.006	0.005	0.001	0.000
18	L	0.000	0.006	0.005	0.001	0.000
19	P	0.000	0.006	0.005	0.000	0.000
20	P	0.000	0.006	0.005	0.000	0.000
21	F	0.000	0.006	0.005	0.001	0.000
22	N	0.000	0.006	0.005	0.000	0.000
23	F	0.000	0.006	0.004	0.001	0.000
24	L	0.000	0.006	0.004	0.002	0.000
25	T	0.000	0.006	0.004	0.002	0.000
26	L	0.000	0.006	0.004	0.002	0.000
27	H	0.000	0.006	0.004	0.002	0.000
28	Y	0.000	0.006	0.003	0.002	0.000
29	V	0.000	0.006	0.003	0.003	0.000
30	Y	0.000	0.006	0.002	0.003	0.000
31	F	0.000	0.006	0.002	0.004	0.000
32	I	0.000	0.006	0.001	0.004	0.001
33	A	0.000	0.006	0.001	0.004	0.001
34	T	0.000	0.006	0.001	0.004	0.001
35	S	0.000	0.006	0.001	0.004	0.001
36	L	0.000	0.005	0.000	0.004	0.001
37	I	0.000	0.005	0.000	0.004	0.001
38	C	0.000	0.005	0.000	0.004	0.001
39	S	0.001	0.004	0.000	0.003	0.001
40	V	0.000	0.004	0.000	0.003	0.001
>XP_001389503.2
pos	aa	C	S	n-reg	h-reg	c-reg
1	M	0.000	0.894	0.894	0.000	0.000
2	V	0.000	0.894	0.894	0.000	0.000
3	I	0.000	0.894	0.476	0.418	0.000
4	G	0.000	0.894	0.193	0.701	0.000
5	L	0.000	0.894	0.054	0.840	0.000
6	L	0.000	0.894	0.014	0.880	0.000
7	A	0.000	0.894	0.005	0.889	0.000
8	I	0.000	0.894	0.000	0.894	0.000
9	T	0.000	0.894	0.000	0.894	0.000
10	A	0.000	0.894	0.000	0.893	0.001
11	I	0.000	0.894	0.000	0.834	0.060
12	P	0.000	0.894	0.000	0.342	0.552
13	T	0.000	0.894	0.000	0.311	0.583
14	V	0.000	0.894	0.000	0.257	0.637
15	T	0.000	0.894	0.000	0.211	0.683
16	G	0.009	0.885	0.000	0.009	0.875
17	V	0.525	0.360	0.000	0.004	0.355
18	A	0.000	0.360	0.000	0.001	0.359
19	M	0.067	0.293	0.000	0.001	0.292
20	G	0.000	0.293	0.000	0.000	0.293
21	V	0.280	0.013	0.000	0.000	0.013
22	S	0.000	0.013	0.000	0.000	0.013
23	E	0.012	0.001	0.000	0.000	0.001
24	Q	0.000	0.001	0.000	0.000	0.001
25	R	0.001	0.000	0.000	0.000	0.000
26	K	0.000	0.000	0.000	0.000	0.000
27	A	0.000	0.000	0.000	0.000	0.000
28	N	0.000	0.000	0.000	0.000	0.000
29	E	0.000	0.000	0.000	0.000	0.000
30	R	0.000	0.000	0.000	0.000	0.000
31	K	0.000	0.000	0.000	0.000	0.000
32	N	0.000	0.000	0.000	0.000	0.000
33	D	0.000	0.000	0.000	0.000	0.000
34	E	0.000	0.000	0.000	0.000	0.000
35	R	0.000	0.000	0.000	0.000	0.000
36	R	0.000	0.000	0.000	0.000	0.000
37	M	0.000	0.000	0.000	0.000	0.000
38	A	0.000	0.000	0.000	0.000	0.000
39	K	0.000	0.000	0.000	0.000	0.000
40	F	0.000	0.000	0.000	0.000	0.000
>XP_001389508.2
pos	aa	C	S	n-reg	h-reg	c-reg
1	M	0.000	0.996	0.996	0.000	0.000
2	R	0.000	0.996	0.996	0.000	0.000
3	F	0.000	0.996	0.536	0.459	0.000
4	F	0.000	0.996	0.345	0.651	0.000
5	S	0.000	0.996	0.271	0.725	0.000
6	V	0.000	0.996	0.027	0.969	0.000
7	F	0.000	0.996	0.007	0.989	0.000
8	V	0.000	0.996	0.001	0.995	0.000
9	T	0.000	0.996	0.000	0.996	0.000
10	A	0.000	0.996	0.000	0.995	0.000
11	T	0.000	0.996	0.000	0.927	0.069
12	L	0.000	0.996	0.000	0.890	0.106
13	A	0.000	0.996	0.000	0.821	0.175
14	S	0.000	0.996	0.000	0.175	0.820
15	L	0.000	0.996	0.000	0.144	0.852
16	A	0.004	0.992	0.000	0.013	0.979
17	I	0.015	0.976	0.000	0.006	0.970
18	A	0.000	0.976	0.000	0.000	0.976
19	H	0.819	0.157	0.000	0.000	0.157
20	P	0.000	0.157	0.000	0.000	0.157
21	G	0.156	0.001	0.000	0.000	0.001
22	P	0.000	0.001	0.000	0.000	0.001
23	H	0.000	0.001	0.000	0.000	0.001
24	K	0.000	0.001	0.000	0.000	0.001
25	K	0.000	0.001	0.000	0.000	0.001
26	A	0.000	0.001	0.000	0.000	0.001
27	T	0.000	0.000	0.000	0.000	0.000
28	R	0.000	0.000	0.000	0.000	0.000
29	A	0.000	0.000	0.000	0.000	0.000
30	E	0.000	0.000	0.000	0.000	0.000
31	I	0.000	0.000	0.000	0.000	0.000
32	S	0.000	0.000	0.000	0.000	0.000
33	R	0.000	0.000	0.000	0.000	0.000
34	R	0.000	0.000	0.000	0.000	0.000
35	Q	0.000	0.000	0.000	0.000	0.000
36	E	0.000	0.000	0.000	0.000	0.000
37	L	0.000	0.000	0.000	0.000	0.000
38	S	0.000	0.000	0.000	0.000	0.000
39	A	0.000	0.000	0.000	0.000	0.000
40	R	0.000	0.000	0.000	0.000	0.000
>XP_001389510.2
pos	aa	C	S	n-reg	h-reg	c-reg
1	M	0.000	0.735	0.735	0.000	0.000
2	L	0.000	0.735	0.735	0.000	0.000
3	G	0.000	0.735	0.703	0.032	0.000
4	S	0.000	0.735	0.612	0.123	0.000
5	L	0.000	0.735	0.447	0.288	0.000
6	L	0.000	0.735	0.223	0.512	0.000
7	L	0.000	0.735	0.037	0.698	0.000
8	L	0.000	0.735	0.011	0.724	0.000
9	L	0.000	0.735	0.007	0.729	0.000
10	P	0.000	0.735	0.006	0.726	0.004
11	L	0.000	0.735	0.000	0.723	0.012
12	V	0.000	0.735	0.000	0.693	0.042
13	G	0.000	0.735	0.000	0.674	0.061
14	A	0.000	0.735	0.000	0.653	0.082
15	A	0.028	0.707	0.000	0.603	0.103
16	V	0.023	0.683	0.000	0.531	0.153
17	I	0.000	0.683	0.000	0.419	0.264
18	G	0.000	0.683	0.000	0.261	0.423
19	P	0.019	0.664	0.000	0.001	0.663
20	R	0.008	0.656	0.000	0.000	0.656
21	A	0.000	0.656	0.000	0.000	0.656
22	N	0.016	0.641	0.000	0.000	0.641
23	S	0.000	0.641	0.000	0.000	0.641
24	Q	0.631	0.009	0.000	0.000	0.009
25	S	0.002	0.007	0.000	0.000	0.007
26	C	0.007	0.000	0.000	0.000	0.000
27	P	0.000	0.000	0.000	0.000	0.000
28	G	0.000	0.000	0.000	0.000	0.000
29	Y	0.000	0.000	0.000	0.000	0.000
30	K	0.000	0.000	0.000	0.000	0.000
31	A	0.000	0.000	0.000	0.000	0.000
32	S	0.000	0.000	0.000	0.000	0.000
33	N	0.000	0.000	0.000	0.000	0.000
34	V	0.000	0.000	0.000	0.000	0.000
35	Q	0.000	0.000	0.000	0.000	0.000
36	K	0.000	0.000	0.000	0.000	0.000
37	Q	0.000	0.000	0.000	0.000	0.000
38	A	0.000	0.000	0.000	0.000	0.000
39	R	0.000	0.000	0.000	0.000	0.000
40	S	0.000	0.000	0.000	0.000	0.000
>XP_001389511.1
pos	aa	C	S	n-reg	h-reg	c-reg
1	M	0.000	0.995	0.995	0.000	0.000
2	H	0.000	0.996	0.996	0.000	0.000
3	L	0.000	0.996	0.986	0.011	0.000
4	K	0.000	0.996	0.983	0.014	0.000
5	S	0.000	0.996	0.789	0.208	0.000
6	I	0.000	0.996	0.190	0.807	0.000
7	L	0.000	0.996	0.020	0.976	0.000
8	F	0.000	0.996	0.009	0.987	0.000
9	T	0.000	0.996	0.003	0.993	0.000
10	L	0.000	0.996	0.000	0.996	0.000
11	A	0.000	0.996	0.000	0.994	0.002
12	A	0.000	0.996	0.000	0.991	0.006
13	S	0.000	0.996	0.000	0.938	0.059
14	T	0.000	0.996	0.000	0.760	0.236
15	T	0.000	0.996	0.000	0.428	0.568
16	L	0.000	0.996	0.000	0.349	0.647
17	V	0.001	0.995	0.000	0.091	0.905
18	A	0.000	0.995	0.000	0.014	0.981
19	A	0.121	0.874	0.000	0.004	0.870
20	G	0.416	0.457	0.000	0.002	0.455
21	S	0.182	0.275	0.000	0.000	0.274
22	D	0.267	0.007	0.000	0.000	0.007
23	Y	0.000	0.007	0.000	0.000	0.007
24	Y	0.000	0.007	0.000	0.000	0.007
25	C	0.000	0.007	0.000	0.000	0.007
26	L	0.001	0.006	0.000	0.000	0.006
27	M	0.000	0.006	0.000	0.000	0.006
28	A	0.000	0.006	0.000	0.000	0.006
29	Q	0.005	0.001	0.000	0.000	0.001
30	D	0.000	0.001	0.000	0.000	0.001
31	G	0.000	0.001	0.000	0.000	0.001
32	T	0.000	0.001	0.000	0.000	0.001
33	G	0.000	0.001	0.000	0.000	0.001
34	M	0.001	0.000	0.000	0.000	0.000
35	I	0.000	0.000	0.000	0.000	0.000
36	Q	0.000	0.000	0.000	0.000	0.000
37	D	0.000	0.000	0.000	0.000	0.000
38	P	0.000	0.000	0.000	0.000	0.000
39	Y	0.000	0.000	0.000	0.000	0.000
40	C	0.000	0.000	0.000	0.000	0.000
>XP_001389518.1
pos	aa	C	S	n-reg	h-reg	c-reg
1	M	0.000	0.995	0.995	0.000	0.000
2	Y	0.000	0.995	0.995	0.000	0.000
3	F	0.000	0.995	0.993	0.003	0.000
4	S	0.000	0.995	0.991	0.005	0.000
5	K	0.000	0.995	0.989	0.006	0.000
6	T	0.000	0.995	0.615	0.381	0.000
7	A	0.000	0.995	0.070	0.926	0.000
8	V	0.000	0.995	0.026	0.969	0.000
9	A	0.000	0.995	0.007	0.988	0.000
10	L	0.000	0.995	0.001	0.994	0.000
11	A	0.000	0.995	0.000	0.995	0.000
12	A	0.000	0.995	0.000	0.995	0.000
13	V	0.000	0.995	0.000	0.995	0.000
14	L	0.000	0.995	0.000	0.978	0.018
15	P	0.000	0.995	0.000	0.226	0.769
16	L	0.000	0.995	0.000	0.210	0.785
17	A	0.000	0.995	0.000	0.089	0.906
18	T	0.000	0.995	0.000	0.048	0.948
19	A	0.001	0.994	0.000	0.007	0.987
20	Q	0.781	0.213	0.000	0.003	0.210
21	T	0.003	0.210	0.000	0.000	0.210
22	Y	0.104	0.106	0.000	0.000	0.106
23	T	0.000	0.106	0.000	0.000	0.106
24	D	0.052	0.054	0.000	0.000	0.054
25	C	0.000	0.054	0.000	0.000	0.054
26	D	0.054	0.000	0.000	0.000	0.000
27	P	0.000	0.000	0.000	0.000	0.000
28	L	0.000	0.000	0.000	0.000	0.000
29	N	0.000	0.000	0.000	0.000	0.000
30	K	0.000	0.000	0.000	0.000	0.000
31	T	0.000	0.000	0.000	0.000	0.000
32	C	0.000	0.000	0.000	0.000	0.000
33	P	0.000	0.000	0.000	0.000	0.000
34	A	0.000	0.000	0.000	0.000	0.000
35	D	0.000	0.000	0.000	0.000	0.000
36	T	0.000	0.000	0.000	0.000	0.000
37	A	0.000	0.000	0.000	0.000	0.000
38	L	0.000	0.000	0.000	0.000	0.000
39	S	0.000	0.000	0.000	0.000	0.000
40	S	0.000	0.000	0.000	0.000	0.000
>XP_001389526.2
pos	aa	C	S	n-reg	h-reg	c-reg
1	M	0.000	0.932	0.932	0.000	0.000
2	L	0.000	0.932	0.932	0.000	0.000
3	L	0.000	0.932	0.496	0.436	0.000
4	L	0.000	0.932	0.301	0.631	0.000
5	G	0.000	0.932	0.264	0.668	0.000
6	S	0.000	0.932	0.176	0.756	0.000
7	T	0.000	0.932	0.072	0.860	0.000
8	A	0.000	0.932	0.002	0.930	0.000
9	L	0.000	0.932	0.000	0.932	0.000
10	A	0.000	0.932	0.000	0.932	0.000
11	L	0.000	0.932	0.000	0.929	0.003
12	L	0.000	0.932	0.000	0.902	0.030
13	L	0.000	0.932	0.000	0.774	0.158
14	G	0.000	0.932	0.000	0.505	0.427
15	S	0.001	0.931	0.000	0.311	0.620
16	R	0.001	0.930	0.000	0.004	0.926
17	S	0.000	0.930	0.000	0.001	0.929
18	V	0.091	0.839	0.000	0.001	0.839
19	S	0.000	0.839	0.000	0.000	0.839
20	A	0.071	0.769	0.000	0.000	0.769
21	G	0.686	0.083	0.000	0.000	0.083
22	S	0.055	0.028	0.000	0.000	0.028
23	L	0.014	0.014	0.000	0.000	0.014
24	K	0.014	0.000	0.000	0.000	0.000
25	D	0.000	0.000	0.000	0.000	0.000
26	I	0.000	0.000	0.000	0.000	0.000
27	K	0.000	0.000	0.000	0.000	0.000
28	H	0.000	0.000	0.000	0.000	0.000
29	V	0.000	0.000	0.000	0.000	0.000
30	V	0.000	0.000	0.000	0.000	0.000
31	I	0.000	0.000	0.000	0.000	0.000
32	F	0.000	0.000	0.000	0.000	0.000
33	M	0.000	0.000	0.000	0.000	0.000
34	Q	0.000	0.000	0.000	0.000	0.000
35	E	0.000	0.000	0.000	0.000	0.000
36	N	0.000	0.000	0.000	0.000	0.000
37	R	0.000	0.000	0.000	0.000	0.000
38	S	0.000	0.000	0.000	0.000	0.000
39	W	0.000	0.000	0.000	0.000	0.000
40	N	0.000	0.000	0.000	0.000	0.000
>XP_001389530.1
pos	aa	C	S	n-reg	h-reg	c-reg
1	M	0.000	0.998	0.998	0.000	0.000
2	Q	0.000	0.999	0.999	0.000	0.000
3	L	0.000	0.999	0.249	0.749	0.000
4	L	0.000	0.999	0.124	0.874	0.000
5	S	0.000	0.999	0.099	0.900	0.000
6	I	0.000	0.999	0.004	0.995	0.000
7	L	0.000	0.999	0.002	0.997	0.000
8	P	0.000	0.999	0.001	0.997	0.000
9	I	0.000	0.999	0.001	0.998	0.000
10	A	0.000	0.999	0.000	0.998	0.001
11	A	0.000	0.999	0.000	0.911	0.087
12	L	0.000	0.999	0.000	0.870	0.129
13	A	0.000	0.999	0.000	0.783	0.215
14	G	0.001	0.998	0.000	0.028	0.970
15	T	0.000	0.997	0.000	0.005	0.992
16	S	0.002	0.995	0.000	0.002	0.993
17	L	0.005	0.990	0.000	0.002	0.988
18	A	0.030	0.960	0.000	0.002	0.958
19	V	0.956	0.004	0.000	0.002	0.002
20	H	0.000	0.004	0.000	0.000	0.004
21	W	0.000	0.004	0.000	0.000	0.004
22	N	0.000	0.004	0.000	0.000	0.004
23	V	0.000	0.004	0.000	0.000	0.004
24	T	0.000	0.004	0.000	0.000	0.004
25	L	0.002	0.002	0.000	0.000	0.002
26	Y	0.000	0.002	0.000	0.000	0.002
27	T	0.000	0.002	0.000	0.000	0.002
28	D	0.001	0.000	0.000	0.000	0.000
29	T	0.000	0.000	0.000	0.000	0.000
30	E	0.000	0.000	0.000	0.000	0.000
31	C	0.000	0.000	0.000	0.000	0.000
32	T	0.000	0.000	0.000	0.000	0.000
33	E	0.000	0.000	0.000	0.000	0.000
34	Y	0.000	0.000	0.000	0.000	0.000
35	K	0.000	0.000	0.000	0.000	0.000
36	W	0.000	0.000	0.000	0.000	0.000
37	S	0.000	0.000	0.000	0.000	0.000
38	Y	0.000	0.000	0.000	0.000	0.000
39	A	0.000	0.000	0.000	0.000	0.000
40	G	0.000	0.000	0.000	0.000	0.000
>XP_001389532.2
pos	aa	C	S	n-reg	h-reg	c-reg
1	M	0.000	0.018	0.018	0.000	0.000
2	N	0.000	0.075	0.075	0.000	0.000
3	W	0.000	0.075	0.075	0.000	0.000
4	T	0.000	0.075	0.075	0.000	0.000
5	V	0.000	0.075	0.075	0.000	0.000
6	I	0.000	0.075	0.075	0.000	0.000
7	P	0.000	0.075	0.075	0.000	0.000
8	R	0.000	0.075	0.075	0.000	0.000
9	D	0.000	0.075	0.075	0.000	0.000
10	D	0.000	0.075	0.075	0.000	0.000
11	S	0.000	0.075	0.074	0.001	0.000
12	L	0.000	0.075	0.073	0.002	0.000
13	P	0.000	0.075	0.073	0.002	0.000
14	S	0.000	0.075	0.072	0.003	0.000
15	M	0.000	0.075	0.071	0.004	0.000
16	T	0.000	0.075	0.070	0.005	0.000
17	I	0.000	0.075	0.069	0.006	0.000
18	T	0.000	0.075	0.069	0.006	0.000
19	V	0.000	0.075	0.068	0.007	0.000
20	R	0.000	0.075	0.068	0.007	0.001
21	I	0.000	0.075	0.021	0.053	0.001
22	I	0.000	0.075	0.006	0.068	0.001
23	V	0.000	0.075	0.002	0.070	0.003
24	L	0.000	0.075	0.001	0.071	0.003
25	V	0.000	0.075	0.000	0.070	0.005
26	L	0.000	0.075	0.000	0.070	0.005
27	A	0.000	0.075	0.000	0.069	0.005
28	I	0.005	0.070	0.000	0.069	0.001
29	P	0.000	0.070	0.000	0.066	0.004
30	T	0.000	0.070	0.000	0.065	0.005
31	T	0.000	0.070	0.000	0.059	0.011
32	F	0.000	0.070	0.000	0.058	0.011
33	V	0.000	0.069	0.000	0.057	0.012
34	C	0.000	0.069	0.000	0.056	0.013
35	G	0.000	0.067	0.000	0.054	0.012
36	L	0.011	0.055	0.000	0.053	0.002
37	W	0.000	0.052	0.000	0.050	0.001
38	L	0.000	0.048	0.000	0.047	0.001
39	Y	0.001	0.036	0.000	0.036	0.000
40	L	0.000	0.027	0.000	0.027	0.000
>XP_001389536.2
pos	aa	C	S	n-reg	h-reg	c-reg
1	M	0.000	1.000	1.000	0.000	0.000
2	K	0.000	1.000	1.000	0.000	0.000
3	Q	0.000	1.000	0.904	0.095	0.000
4	F	0.000	1.000	0.286	0.714	0.000
5	A	0.000	1.000	0.039	0.961	0.000
6	V	0.000	1.000	0.006	0.994	0.000
7	L	0.000	1.000	0.000	0.999	0.000
8	I	0.000	1.000	0.000	0.999	0.000
9	A	0.000	1.000	0.000	1.000	0.000
10	V	0.000	1.000	0.000	1.000	0.000
11	L	0.000	1.000	0.000	0.989	0.010
12	A	0.000	1.000	0.000	0.849	0.151
13	T	0.000	1.000	0.000	0.089	0.911
14	G	0.000	1.000	0.000	0.044	0.956
15	A	0.004	0.996	0.000	0.014	0.982
16	L	0.003	0.993	0.000	0.012	0.982
17	A	0.020	0.973	0.000	0.005	0.968
18	D	0.923	0.050	0.000	0.000	0.050
19	L	0.000	0.050	0.000	0.000	0.050
20	H	0.038	0.012	0.000	0.000	0.012
21	Y	0.000	0.012	0.000	0.000	0.012
22	T	0.000	0.012	0.000	0.000	0.012
23	G	0.002	0.010	0.000	0.000	0.010
24	L	0.000	0.010	0.000	0.000	0.010
25	C	0.001	0.008	0.000	0.000	0.008
26	Y	0.008	0.000	0.000	0.000	0.000
27	D	0.000	0.000	0.000	0.000	0.000
28	S	0.000	0.000	0.000	0.000	0.000
29	P	0.000	0.000	0.000	0.000	0.000
30	G	0.000	0.000	0.000	0.000	0.000
31	K	0.000	0.000	0.000	0.000	0.000
32	D	0.000	0.000	0.000	0.000	0.000
33	V	0.000	0.000	0.000	0.000	0.000
34	K	0.000	0.000	0.000	0.000	0.000
35	V	0.000	0.000	0.000	0.000	0.000
36	F	0.000	0.000	0.000	0.000	0.000
37	N	0.000	0.000	0.000	0.000	0.000
38	K	0.000	0.000	0.000	0.000	0.000
39	A	0.000	0.000	0.000	0.000	0.000
40	A	0.000	0.000	0.000	0.000	0.000
