>XP_001397184.2
pos	aa	C	S	n-reg	h-reg	c-reg
1	M	0.000	0.999	0.999	0.000	0.000
2	K	0.000	1.000	1.000	0.000	0.000
3	T	0.000	1.000	0.919	0.080	0.000
4	S	0.000	1.000	0.827	0.173	0.000
5	T	0.000	1.000	0.721	0.279	0.000
6	I	0.000	1.000	0.229	0.770	0.000
7	L	0.000	1.000	0.024	0.976	0.000
8	L	0.000	1.000	0.006	0.993	0.000
9	C	0.000	1.000	0.002	0.998	0.000
10	L	0.000	1.000	0.000	0.999	0.000
11	A	0.000	1.000	0.000	0.959	0.041
12	P	0.000	1.000	0.000	0.905	0.094
13	T	0.000	1.000	0.000	0.848	0.151
14	I	0.000	1.000	0.000	0.830	0.170
15	A	0.000	1.000	0.000	0.716	0.284
16	L	0.013	0.986	0.000	0.649	0.338
17	A	0.002	0.985	0.000	0.543	0.442
18	V	0.143	0.842	0.000	0.041	0.801
19	E	0.000	0.842	0.000	0.000	0.841
20	A	0.000	0.842	0.000	0.000	0.842
21	D	0.057	0.784	0.000	0.000	0.784
22	A	0.000	0.784	0.000	0.000	0.784
23	Q	0.782	0.002	0.000	0.000	0.002
24	I	0.001	0.001	0.000	0.000	0.001
25	P	0.000	0.001	0.000	0.000	0.001
26	P	0.000	0.001	0.000	0.000	0.001
27	A	0.000	0.001	0.000	0.000	0.001
28	V	0.000	0.001	0.000	0.000	0.001
29	S	0.000	0.001	0.000	0.000	0.001
30	P	0.000	0.000	0.000	0.000	0.000
31	T	0.000	0.000	0.000	0.000	0.000
32	P	0.000	0.000	0.000	0.000	0.000
33	S	0.000	0.000	0.000	0.000	0.000
34	L	0.000	0.000	0.000	0.000	0.000
35	P	0.000	0.000	0.000	0.000	0.000
36	N	0.000	0.000	0.000	0.000	0.000
37	A	0.000	0.000	0.000	0.000	0.000
38	N	0.000	0.000	0.000	0.000	0.000
39	P	0.000	0.000	0.000	0.000	0.000
40	P	0.000	0.000	0.000	0.000	0.000
>XP_001397210.2
pos	aa	C	S	n-reg	h-reg	c-reg
1	M	0.000	0.000	0.000	0.000	0.000
2	T	0.000	0.000	0.000	0.000	0.000
3	L	0.000	0.000	0.000	0.000	0.000
4	F	0.000	0.000	0.000	0.000	0.000
5	S	0.000	0.000	0.000	0.000	0.000
6	P	0.000	0.000	0.000	0.000	0.000
7	T	0.000	0.000	0.000	0.000	0.000
8	T	0.000	0.000	0.000	0.000	0.000
9	V	0.000	0.000	0.000	0.000	0.000
10	L	0.000	0.000	0.000	0.000	0.000
11	V	0.000	0.000	0.000	0.000	0.000
12	G	0.000	0.000	0.000	0.000	0.000
13	F	0.000	0.000	0.000	0.000	0.000
14	L	0.000	0.000	0.000	0.000	0.000
15	L	0.000	0.000	0.000	0.000	0.000
16	L	0.000	0.000	0.000	0.000	0.000
17	Y	0.000	0.000	0.000	0.000	0.000
18	L	0.000	0.000	0.000	0.000	0.000
19	S	0.000	0.000	0.000	0.000	0.000
20	S	0.000	0.000	0.000	0.000	0.000
21	F	0.000	0.000	0.000	0.000	0.000
22	L	0.000	0.000	0.000	0.000	0.000
23	I	0.000	0.000	0.000	0.000	0.000
24	F	0.000	0.000	0.000	0.000	0.000
25	A	0.000	0.000	0.000	0.000	0.000
26	I	0.000	0.000	0.000	0.000	0.000
27	V	0.000	0.000	0.000	0.000	0.000
28	R	0.000	0.000	0.000	0.000	0.000
29	I	0.000	0.000	0.000	0.000	0.000
30	A	0.000	0.000	0.000	0.000	0.000
31	T	0.000	0.000	0.000	0.000	0.000
32	G	0.000	0.000	0.000	0.000	0.000
33	I	0.000	0.000	0.000	0.000	0.000
34	S	0.000	0.000	0.000	0.000	0.000
35	I	0.000	0.000	0.000	0.000	0.000
36	Q	0.000	0.000	0.000	0.000	0.000
37	R	0.000	0.000	0.000	0.000	0.000
38	I	0.000	0.000	0.000	0.000	0.000
39	G	0.000	0.000	0.000	0.000	0.000
40	Y	0.000	0.000	0.000	0.000	0.000
>XP_001397214.1
pos	aa	C	S	n-reg	h-reg	c-reg
1	M	0.000	0.021	0.021	0.000	0.000
2	D	0.000	0.093	0.093	0.000	0.000
3	E	0.000	0.093	0.093	0.000	0.000
4	E	0.000	0.093	0.093	0.000	0.000
5	S	0.000	0.093	0.093	0.000	0.000
6	R	0.000	0.093	0.093	0.000	0.000
7	P	0.000	0.093	0.093	0.000	0.000
8	A	0.000	0.093	0.093	0.000	0.000
9	A	0.000	0.093	0.093	0.000	0.000
10	C	0.000	0.093	0.093	0.000	0.000
11	P	0.000	0.093	0.093	0.000	0.000
12	E	0.000	0.093	0.093	0.000	0.000
13	P	0.000	0.093	0.093	0.000	0.000
14	P	0.000	0.093	0.093	0.000	0.000
15	P	0.000	0.093	0.093	0.000	0.000
16	L	0.000	0.093	0.093	0.000	0.000
17	P	0.000	0.093	0.093	0.000	0.000
18	Y	0.000	0.093	0.093	0.000	0.000
19	S	0.000	0.093	0.093	0.000	0.000
20	L	0.000	0.093	0.093	0.000	0.000
21	R	0.000	0.093	0.093	0.000	0.000
22	S	0.000	0.093	0.093	0.000	0.000
23	R	0.000	0.093	0.093	0.000	0.000
24	K	0.000	0.093	0.093	0.000	0.000
25	K	0.000	0.093	0.093	0.000	0.000
26	S	0.000	0.093	0.072	0.021	0.000
27	I	0.000	0.093	0.032	0.061	0.000
28	A	0.000	0.093	0.019	0.074	0.000
29	I	0.000	0.093	0.011	0.082	0.000
30	F	0.000	0.093	0.009	0.084	0.000
31	W	0.000	0.093	0.008	0.085	0.000
32	T	0.000	0.093	0.007	0.086	0.000
33	I	0.000	0.093	0.006	0.087	0.000
34	F	0.000	0.093	0.005	0.087	0.001
35	V	0.000	0.093	0.005	0.086	0.002
36	I	0.000	0.093	0.005	0.074	0.013
37	D	0.000	0.093	0.005	0.067	0.021
38	T	0.000	0.093	0.005	0.066	0.021
39	L	0.000	0.092	0.005	0.066	0.021
40	A	0.000	0.088	0.004	0.063	0.021
>XP_001397243.1
pos	aa	C	S	n-reg	h-reg	c-reg
1	M	0.000	0.993	0.993	0.000	0.000
2	T	0.000	0.993	0.993	0.000	0.000
3	L	0.000	0.993	0.986	0.007	0.000
4	L	0.000	0.993	0.981	0.012	0.000
5	R	0.000	0.993	0.980	0.013	0.000
6	H	0.000	0.993	0.898	0.095	0.000
7	L	0.000	0.993	0.151	0.842	0.000
8	L	0.000	0.993	0.043	0.950	0.000
9	T	0.000	0.993	0.032	0.961	0.000
10	A	0.000	0.993	0.017	0.976	0.000
11	T	0.000	0.993	0.005	0.988	0.000
12	A	0.000	0.993	0.002	0.990	0.001
13	L	0.000	0.993	0.000	0.991	0.002
14	L	0.000	0.993	0.000	0.984	0.009
15	G	0.000	0.993	0.000	0.854	0.139
16	A	0.000	0.993	0.000	0.502	0.491
17	S	0.000	0.993	0.000	0.439	0.554
18	V	0.000	0.992	0.000	0.371	0.621
19	Q	0.000	0.992	0.000	0.020	0.972
20	A	0.005	0.987	0.000	0.013	0.974
21	A	0.392	0.595	0.000	0.011	0.585
22	Q	0.026	0.570	0.000	0.000	0.570
23	G	0.012	0.557	0.000	0.000	0.557
24	V	0.228	0.329	0.000	0.000	0.329
25	T	0.000	0.329	0.000	0.000	0.329
26	G	0.004	0.326	0.000	0.000	0.326
27	S	0.323	0.003	0.000	0.000	0.003
28	P	0.000	0.003	0.000	0.000	0.003
29	F	0.000	0.003	0.000	0.000	0.003
30	G	0.000	0.003	0.000	0.000	0.003
31	F	0.000	0.003	0.000	0.000	0.003
32	A	0.000	0.003	0.000	0.000	0.003
33	S	0.001	0.002	0.000	0.000	0.002
34	G	0.000	0.002	0.000	0.000	0.002
35	T	0.001	0.002	0.000	0.000	0.002
36	T	0.000	0.002	0.000	0.000	0.002
37	G	0.000	0.002	0.000	0.000	0.002
38	G	0.000	0.001	0.000	0.000	0.001
39	G	0.000	0.001	0.000	0.000	0.001
40	D	0.000	0.001	0.000	0.000	0.001
>XP_001397263.1
pos	aa	C	S	n-reg	h-reg	c-reg
1	M	0.000	1.000	1.000	0.000	0.000
2	R	0.000	1.000	1.000	0.000	0.000
3	F	0.000	1.000	0.993	0.007	0.000
4	T	0.000	1.000	0.987	0.013	0.000
5	Y	0.000	1.000	0.973	0.027	0.000
6	Q	0.000	1.000	0.843	0.156	0.000
7	A	0.000	1.000	0.277	0.723	0.000
8	L	0.000	1.000	0.101	0.899	0.000
9	A	0.000	1.000	0.045	0.954	0.000
10	V	0.000	1.000	0.004	0.996	0.000
11	F	0.000	1.000	0.001	0.998	0.000
12	I	0.000	1.000	0.001	0.999	0.000
13	S	0.000	1.000	0.000	0.997	0.002
14	S	0.000	1.000	0.000	0.986	0.013
15	L	0.000	1.000	0.000	0.962	0.038
16	L	0.000	1.000	0.000	0.920	0.080
17	V	0.000	1.000	0.000	0.778	0.221
18	N	0.000	1.000	0.000	0.064	0.936
19	S	0.000	1.000	0.000	0.036	0.964
20	A	0.005	0.995	0.000	0.006	0.989
21	A	0.003	0.992	0.000	0.003	0.989
22	A	0.069	0.923	0.000	0.001	0.922
23	H	0.645	0.278	0.000	0.000	0.278
24	A	0.000	0.278	0.000	0.000	0.278
25	C	0.210	0.068	0.000	0.000	0.068
26	E	0.002	0.066	0.000	0.000	0.066
27	S	0.000	0.066	0.000	0.000	0.066
28	S	0.017	0.049	0.000	0.000	0.049
29	A	0.000	0.049	0.000	0.000	0.049
30	V	0.016	0.033	0.000	0.000	0.033
31	W	0.000	0.033	0.000	0.000	0.033
32	P	0.000	0.033	0.000	0.000	0.033
33	D	0.022	0.011	0.000	0.000	0.011
34	P	0.000	0.011	0.000	0.000	0.011
35	A	0.000	0.011	0.000	0.000	0.011
36	D	0.001	0.010	0.000	0.000	0.010
37	C	0.000	0.010	0.000	0.000	0.010
38	H	0.009	0.001	0.000	0.000	0.001
39	H	0.000	0.001	0.000	0.000	0.001
40	F	0.000	0.001	0.000	0.000	0.001
>XP_001397269.1
pos	aa	C	S	n-reg	h-reg	c-reg
1	M	0.000	1.000	1.000	0.000	0.000
2	I	0.000	1.000	1.000	0.000	0.000
3	S	0.000	1.000	0.878	0.121	0.000
4	L	0.000	1.000	0.550	0.449	0.000
5	S	0.000	1.000	0.484	0.516	0.000
6	T	0.000	1.000	0.247	0.752	0.000
7	L	0.000	1.000	0.030	0.969	0.000
8	L	0.000	1.000	0.006	0.994	0.000
9	L	0.000	1.000	0.001	0.999	0.000
10	T	0.000	1.000	0.000	0.999	0.000
11	L	0.000	1.000	0.000	0.996	0.004
12	T	0.000	1.000	0.000	0.940	0.060
13	L	0.000	1.000	0.000	0.922	0.078
14	T	0.000	1.000	0.000	0.764	0.236
15	L	0.000	0.999	0.000	0.452	0.548
16	T	0.000	0.999	0.000	0.256	0.744
17	A	0.031	0.968	0.000	0.077	0.891
18	T	0.011	0.958	0.000	0.031	0.926
19	A	0.124	0.833	0.000	0.006	0.827
20	H	0.501	0.332	0.000	0.000	0.332
21	P	0.000	0.332	0.000	0.000	0.332
22	S	0.203	0.130	0.000	0.000	0.130
23	A	0.005	0.125	0.000	0.000	0.125
24	T	0.008	0.117	0.000	0.000	0.117
25	H	0.061	0.056	0.000	0.000	0.056
26	Q	0.000	0.056	0.000	0.000	0.056
27	K	0.051	0.006	0.000	0.000	0.006
28	R	0.000	0.006	0.000	0.000	0.006
29	S	0.000	0.006	0.000	0.000	0.006
30	V	0.000	0.005	0.000	0.000	0.005
31	T	0.000	0.005	0.000	0.000	0.005
32	C	0.000	0.005	0.000	0.000	0.005
33	L	0.004	0.001	0.000	0.000	0.001
34	K	0.000	0.001	0.000	0.000	0.001
35	V	0.000	0.001	0.000	0.000	0.001
36	G	0.000	0.001	0.000	0.000	0.001
37	A	0.000	0.001	0.000	0.000	0.001
38	T	0.000	0.001	0.000	0.000	0.001
39	A	0.000	0.001	0.000	0.000	0.001
40	T	0.000	0.001	0.000	0.000	0.001
>XP_001397273.1
pos	aa	C	S	n-reg	h-reg	c-reg
1	M	0.000	1.000	1.000	0.000	0.000
2	Y	0.000	1.000	1.000	0.000	0.000
3	T	0.000	1.000	0.997	0.002	0.000
4	K	0.000	1.000	0.990	0.009	0.000
5	L	0.000	1.000	0.396	0.603	0.000
6	S	0.000	1.000	0.242	0.757	0.000
7	L	0.000	1.000	0.041	0.959	0.000
8	S	0.000	1.000	0.010	0.989	0.000
9	F	0.000	1.000	0.003	0.997	0.000
10	G	0.000	1.000	0.001	0.999	0.000
11	L	0.000	1.000	0.000	1.000	0.000
12	L	0.000	1.000	0.000	0.998	0.001
13	A	0.000	1.000	0.000	0.823	0.176
14	T	0.000	1.000	0.000	0.706	0.294
15	A	0.000	1.000	0.000	0.634	0.365
16	T	0.000	1.000	0.000	0.070	0.930
17	L	0.000	0.999	0.000	0.045	0.955
18	A	0.001	0.999	0.000	0.004	0.995
19	L	0.024	0.974	0.000	0.002	0.972
20	A	0.001	0.973	0.000	0.001	0.972
21	E	0.958	0.015	0.000	0.000	0.015
22	P	0.000	0.015	0.000	0.000	0.015
23	T	0.011	0.004	0.000	0.000	0.004
24	V	0.000	0.004	0.000	0.000	0.004
25	Y	0.000	0.004	0.000	0.000	0.004
26	L	0.000	0.004	0.000	0.000	0.004
27	I	0.004	0.000	0.000	0.000	0.000
28	R	0.000	0.000	0.000	0.000	0.000
29	H	0.000	0.000	0.000	0.000	0.000
30	G	0.000	0.000	0.000	0.000	0.000
31	E	0.000	0.000	0.000	0.000	0.000
32	K	0.000	0.000	0.000	0.000	0.000
33	P	0.000	0.000	0.000	0.000	0.000
34	S	0.000	0.000	0.000	0.000	0.000
35	N	0.000	0.000	0.000	0.000	0.000
36	G	0.000	0.000	0.000	0.000	0.000
37	S	0.000	0.000	0.000	0.000	0.000
38	T	0.000	0.000	0.000	0.000	0.000
39	G	0.000	0.000	0.000	0.000	0.000
40	L	0.000	0.000	0.000	0.000	0.000
>XP_001397277.1
pos	aa	C	S	n-reg	h-reg	c-reg
1	M	0.000	1.000	1.000	0.000	0.000
2	K	0.000	1.000	1.000	0.000	0.000
3	F	0.000	1.000	0.559	0.441	0.000
4	T	0.000	1.000	0.307	0.692	0.000
5	V	0.000	1.000	0.023	0.977	0.000
6	A	0.000	1.000	0.003	0.997	0.000
7	A	0.000	1.000	0.000	0.999	0.000
8	V	0.000	1.000	0.000	1.000	0.000
9	A	0.000	1.000	0.000	1.000	0.000
10	A	0.000	1.000	0.000	0.998	0.002
11	F	0.000	1.000	0.000	0.929	0.070
12	A	0.000	1.000	0.000	0.839	0.161
13	A	0.000	1.000	0.000	0.100	0.899
14	G	0.000	1.000	0.000	0.016	0.984
15	A	0.000	0.999	0.000	0.003	0.997
16	L	0.001	0.999	0.000	0.002	0.996
17	A	0.001	0.998	0.000	0.001	0.997
18	Q	0.995	0.003	0.000	0.000	0.003
19	N	0.000	0.003	0.000	0.000	0.003
20	V	0.000	0.003	0.000	0.000	0.003
21	Q	0.000	0.003	0.000	0.000	0.003
22	I	0.000	0.003	0.000	0.000	0.003
23	A	0.000	0.003	0.000	0.000	0.003
24	S	0.000	0.002	0.000	0.000	0.002
25	P	0.000	0.002	0.000	0.000	0.002
26	K	0.002	0.000	0.000	0.000	0.000
27	A	0.000	0.000	0.000	0.000	0.000
28	G	0.000	0.000	0.000	0.000	0.000
29	Q	0.000	0.000	0.000	0.000	0.000
30	T	0.000	0.000	0.000	0.000	0.000
31	V	0.000	0.000	0.000	0.000	0.000
32	Q	0.000	0.000	0.000	0.000	0.000
33	A	0.000	0.000	0.000	0.000	0.000
34	G	0.000	0.000	0.000	0.000	0.000
35	Q	0.000	0.000	0.000	0.000	0.000
36	K	0.000	0.000	0.000	0.000	0.000
37	V	0.000	0.000	0.000	0.000	0.000
38	I	0.000	0.000	0.000	0.000	0.000
39	V	0.000	0.000	0.000	0.000	0.000
40	Q	0.000	0.000	0.000	0.000	0.000
>XP_001397278.1
pos	aa	C	S	n-reg	h-reg	c-reg
1	M	0.000	0.895	0.895	0.000	0.000
2	K	0.000	0.895	0.895	0.000	0.000
3	G	0.000	0.895	0.389	0.506	0.000
4	L	0.000	0.895	0.121	0.774	0.000
5	S	0.000	0.895	0.078	0.817	0.000
6	L	0.000	0.895	0.009	0.886	0.000
7	L	0.000	0.895	0.001	0.893	0.000
8	A	0.000	0.895	0.001	0.894	0.000
9	F	0.000	0.895	0.000	0.894	0.000
10	A	0.000	0.895	0.000	0.894	0.001
11	A	0.000	0.895	0.000	0.475	0.420
12	L	0.000	0.895	0.000	0.369	0.526
13	A	0.000	0.895	0.000	0.191	0.704
14	Q	0.009	0.886	0.000	0.089	0.796
15	A	0.001	0.884	0.000	0.047	0.837
16	S	0.644	0.241	0.000	0.033	0.207
17	I	0.004	0.237	0.000	0.016	0.221
18	D	0.000	0.237	0.000	0.000	0.237
19	S	0.000	0.237	0.000	0.000	0.237
20	F	0.059	0.178	0.000	0.000	0.178
21	A	0.000	0.178	0.000	0.000	0.178
22	A	0.126	0.052	0.000	0.000	0.052
23	I	0.031	0.021	0.000	0.000	0.021
24	G	0.000	0.021	0.000	0.000	0.021
25	K	0.019	0.002	0.000	0.000	0.002
26	P	0.000	0.002	0.000	0.000	0.002
27	D	0.001	0.000	0.000	0.000	0.000
28	T	0.000	0.000	0.000	0.000	0.000
29	Q	0.000	0.000	0.000	0.000	0.000
30	N	0.000	0.000	0.000	0.000	0.000
31	V	0.000	0.000	0.000	0.000	0.000
32	L	0.000	0.000	0.000	0.000	0.000
33	Q	0.000	0.000	0.000	0.000	0.000
34	D	0.000	0.000	0.000	0.000	0.000
35	H	0.000	0.000	0.000	0.000	0.000
36	H	0.000	0.000	0.000	0.000	0.000
37	V	0.000	0.000	0.000	0.000	0.000
38	A	0.000	0.000	0.000	0.000	0.000
39	H	0.000	0.000	0.000	0.000	0.000
40	H	0.000	0.000	0.000	0.000	0.000
>XP_001397288.2
pos	aa	C	S	n-reg	h-reg	c-reg
1	M	0.000	1.000	1.000	0.000	0.000
2	K	0.000	1.000	1.000	0.000	0.000
3	F	0.000	1.000	0.910	0.090	0.000
4	P	0.000	1.000	0.857	0.143	0.000
5	S	0.000	1.000	0.672	0.327	0.000
6	F	0.000	1.000	0.155	0.845	0.000
7	L	0.000	1.000	0.010	0.989	0.000
8	V	0.000	1.000	0.000	0.999	0.000
9	A	0.000	1.000	0.000	1.000	0.000
10	L	0.000	1.000	0.000	1.000	0.000
11	A	0.000	1.000	0.000	0.993	0.007
12	L	0.000	1.000	0.000	0.983	0.017
13	A	0.000	1.000	0.000	0.930	0.070
14	A	0.000	1.000	0.000	0.566	0.433
15	T	0.000	1.000	0.000	0.239	0.761
16	T	0.000	1.000	0.000	0.021	0.978
17	S	0.000	0.999	0.000	0.006	0.994
18	A	0.004	0.995	0.000	0.000	0.995
19	A	0.344	0.651	0.000	0.000	0.651
20	A	0.352	0.299	0.000	0.000	0.299
21	V	0.290	0.009	0.000	0.000	0.009
22	P	0.000	0.009	0.000	0.000	0.009
23	H	0.007	0.002	0.000	0.000	0.002
24	S	0.000	0.002	0.000	0.000	0.002
25	S	0.001	0.001	0.000	0.000	0.001
26	M	0.001	0.000	0.000	0.000	0.000
27	K	0.000	0.000	0.000	0.000	0.000
28	T	0.000	0.000	0.000	0.000	0.000
29	D	0.000	0.000	0.000	0.000	0.000
30	H	0.000	0.000	0.000	0.000	0.000
31	T	0.000	0.000	0.000	0.000	0.000
32	E	0.000	0.000	0.000	0.000	0.000
33	T	0.000	0.000	0.000	0.000	0.000
34	T	0.000	0.000	0.000	0.000	0.000
35	S	0.000	0.000	0.000	0.000	0.000
36	Y	0.000	0.000	0.000	0.000	0.000
37	D	0.000	0.000	0.000	0.000	0.000
38	I	0.000	0.000	0.000	0.000	0.000
39	P	0.000	0.000	0.000	0.000	0.000
40	G	0.000	0.000	0.000	0.000	0.000
>XP_001397291.1
pos	aa	C	S	n-reg	h-reg	c-reg
1	M	0.000	1.000	1.000	0.000	0.000
2	K	0.000	1.000	1.000	0.000	0.000
3	T	0.000	1.000	0.788	0.212	0.000
4	T	0.000	1.000	0.592	0.408	0.000
5	A	0.000	1.000	0.388	0.611	0.000
6	L	0.000	1.000	0.008	0.991	0.000
7	L	0.000	1.000	0.001	0.998	0.000
8	T	0.000	1.000	0.001	0.999	0.000
9	A	0.000	1.000	0.001	0.999	0.000
10	G	0.000	1.000	0.000	0.999	0.000
11	L	0.000	1.000	0.000	0.990	0.010
12	L	0.000	1.000	0.000	0.962	0.037
13	A	0.000	1.000	0.000	0.889	0.111
14	T	0.000	1.000	0.000	0.065	0.935
15	T	0.000	1.000	0.000	0.023	0.977
16	A	0.000	1.000	0.000	0.006	0.993
17	M	0.003	0.997	0.000	0.003	0.994
18	A	0.000	0.997	0.000	0.002	0.995
19	A	0.975	0.022	0.000	0.000	0.022
20	P	0.001	0.021	0.000	0.000	0.021
21	L	0.002	0.019	0.000	0.000	0.019
22	T	0.000	0.019	0.000	0.000	0.019
23	A	0.001	0.019	0.000	0.000	0.019
24	K	0.017	0.001	0.000	0.000	0.001
25	R	0.000	0.001	0.000	0.000	0.001
26	Q	0.000	0.001	0.000	0.000	0.001
27	A	0.000	0.001	0.000	0.000	0.001
28	A	0.001	0.001	0.000	0.000	0.001
29	R	0.000	0.001	0.000	0.000	0.001
30	A	0.000	0.001	0.000	0.000	0.001
31	K	0.001	0.000	0.000	0.000	0.000
32	R	0.000	0.000	0.000	0.000	0.000
33	S	0.000	0.000	0.000	0.000	0.000
34	T	0.000	0.000	0.000	0.000	0.000
35	N	0.000	0.000	0.000	0.000	0.000
36	R	0.000	0.000	0.000	0.000	0.000
37	Q	0.000	0.000	0.000	0.000	0.000
38	S	0.000	0.000	0.000	0.000	0.000
39	N	0.000	0.000	0.000	0.000	0.000
40	P	0.000	0.000	0.000	0.000	0.000
>XP_001397297.1
pos	aa	C	S	n-reg	h-reg	c-reg
1	M	0.000	0.998	0.998	0.000	0.000
2	F	0.000	0.998	0.998	0.000	0.000
3	A	0.000	0.998	0.988	0.011	0.000
4	K	0.000	0.998	0.980	0.018	0.000
5	L	0.000	0.998	0.397	0.601	0.000
6	S	0.000	0.998	0.111	0.887	0.000
7	L	0.000	0.998	0.016	0.983	0.000
8	L	0.000	0.998	0.006	0.993	0.000
9	S	0.000	0.998	0.004	0.995	0.000
10	L	0.000	0.998	0.000	0.998	0.000
11	L	0.000	0.998	0.000	0.997	0.001
12	F	0.000	0.998	0.000	0.993	0.005
13	S	0.000	0.998	0.000	0.835	0.164
14	S	0.000	0.998	0.000	0.220	0.779
15	A	0.000	0.998	0.000	0.149	0.849
16	A	0.005	0.993	0.000	0.084	0.909
17	L	0.011	0.982	0.000	0.071	0.912
18	G	0.008	0.975	0.000	0.025	0.949
19	A	0.754	0.221	0.000	0.006	0.215
20	S	0.051	0.170	0.000	0.002	0.168
21	N	0.079	0.092	0.000	0.000	0.091
22	Q	0.000	0.092	0.000	0.000	0.092
23	T	0.024	0.068	0.000	0.000	0.068
24	L	0.019	0.049	0.000	0.000	0.049
25	S	0.000	0.049	0.000	0.000	0.049
26	Y	0.035	0.013	0.000	0.000	0.013
27	G	0.000	0.013	0.000	0.000	0.013
28	N	0.013	0.000	0.000	0.000	0.000
29	I	0.000	0.000	0.000	0.000	0.000
30	D	0.000	0.000	0.000	0.000	0.000
31	K	0.000	0.000	0.000	0.000	0.000
32	S	0.000	0.000	0.000	0.000	0.000
33	A	0.000	0.000	0.000	0.000	0.000
34	T	0.000	0.000	0.000	0.000	0.000
35	P	0.000	0.000	0.000	0.000	0.000
36	E	0.000	0.000	0.000	0.000	0.000
37	A	0.000	0.000	0.000	0.000	0.000
38	R	0.000	0.000	0.000	0.000	0.000
39	A	0.000	0.000	0.000	0.000	0.000
40	L	0.000	0.000	0.000	0.000	0.000
>XP_001397300.2
pos	aa	C	S	n-reg	h-reg	c-reg
1	M	0.000	0.997	0.997	0.000	0.000
2	R	0.000	0.997	0.997	0.000	0.000
3	F	0.000	0.997	0.532	0.465	0.000
4	A	0.000	0.997	0.386	0.611	0.000
5	I	0.000	0.997	0.286	0.712	0.000
6	T	0.000	0.997	0.177	0.821	0.000
7	A	0.000	0.997	0.127	0.870	0.000
8	A	0.000	0.997	0.107	0.890	0.000
9	S	0.000	0.997	0.087	0.911	0.000
10	L	0.000	0.997	0.048	0.950	0.000
11	S	0.000	0.997	0.032	0.885	0.081
12	L	0.000	0.997	0.006	0.885	0.107
13	I	0.000	0.997	0.003	0.840	0.154
14	S	0.000	0.997	0.002	0.279	0.717
15	S	0.000	0.997	0.000	0.216	0.782
16	A	0.002	0.996	0.000	0.196	0.800
17	L	0.010	0.986	0.000	0.188	0.797
18	A	0.001	0.984	0.000	0.098	0.887
19	I	0.684	0.300	0.000	0.088	0.213
20	T	0.000	0.300	0.000	0.057	0.243
21	I	0.014	0.287	0.000	0.052	0.234
22	T	0.000	0.287	0.000	0.042	0.244
23	Q	0.181	0.106	0.000	0.001	0.105
24	P	0.000	0.106	0.000	0.000	0.106
25	T	0.033	0.073	0.000	0.000	0.073
26	S	0.000	0.073	0.000	0.000	0.073
27	G	0.001	0.072	0.000	0.000	0.072
28	T	0.070	0.002	0.000	0.000	0.002
29	E	0.002	0.000	0.000	0.000	0.000
30	W	0.000	0.000	0.000	0.000	0.000
31	D	0.000	0.000	0.000	0.000	0.000
32	F	0.000	0.000	0.000	0.000	0.000
33	S	0.000	0.000	0.000	0.000	0.000
34	T	0.000	0.000	0.000	0.000	0.000
35	P	0.000	0.000	0.000	0.000	0.000
36	K	0.000	0.000	0.000	0.000	0.000
37	T	0.000	0.000	0.000	0.000	0.000
38	I	0.000	0.000	0.000	0.000	0.000
39	K	0.000	0.000	0.000	0.000	0.000
40	F	0.000	0.000	0.000	0.000	0.000
>XP_001397301.1
pos	aa	C	S	n-reg	h-reg	c-reg
1	M	0.000	0.862	0.862	0.000	0.000
2	D	0.000	0.862	0.862	0.000	0.000
3	D	0.000	0.862	0.862	0.001	0.000
4	G	0.000	0.862	0.831	0.031	0.000
5	W	0.000	0.862	0.780	0.082	0.000
6	W	0.000	0.862	0.488	0.375	0.000
7	I	0.000	0.862	0.101	0.762	0.000
8	I	0.000	0.862	0.053	0.809	0.000
9	S	0.000	0.862	0.035	0.828	0.000
10	L	0.000	0.862	0.000	0.862	0.000
11	L	0.000	0.862	0.000	0.862	0.000
12	V	0.000	0.862	0.000	0.860	0.003
13	V	0.000	0.862	0.000	0.858	0.004
14	T	0.000	0.862	0.000	0.809	0.053
15	L	0.000	0.862	0.000	0.711	0.151
16	G	0.000	0.862	0.000	0.594	0.268
17	I	0.007	0.856	0.000	0.536	0.320
18	P	0.000	0.856	0.000	0.007	0.849
19	T	0.001	0.855	0.000	0.001	0.854
20	V	0.000	0.855	0.000	0.000	0.855
21	N	0.000	0.855	0.000	0.000	0.855
22	A	0.000	0.855	0.000	0.000	0.855
23	A	0.844	0.010	0.000	0.000	0.010
24	S	0.010	0.001	0.000	0.000	0.001
25	R	0.001	0.000	0.000	0.000	0.000
26	D	0.000	0.000	0.000	0.000	0.000
27	Q	0.000	0.000	0.000	0.000	0.000
28	W	0.000	0.000	0.000	0.000	0.000
29	I	0.000	0.000	0.000	0.000	0.000
30	G	0.000	0.000	0.000	0.000	0.000
31	R	0.000	0.000	0.000	0.000	0.000
32	S	0.000	0.000	0.000	0.000	0.000
33	I	0.000	0.000	0.000	0.000	0.000
34	Y	0.000	0.000	0.000	0.000	0.000
35	Q	0.000	0.000	0.000	0.000	0.000
36	I	0.000	0.000	0.000	0.000	0.000
37	V	0.000	0.000	0.000	0.000	0.000
38	T	0.000	0.000	0.000	0.000	0.000
39	D	0.000	0.000	0.000	0.000	0.000
40	R	0.000	0.000	0.000	0.000	0.000
>XP_001397302.2
pos	aa	C	S	n-reg	h-reg	c-reg
1	M	0.000	0.000	0.000	0.000	0.000
2	K	0.000	0.000	0.000	0.000	0.000
3	L	0.000	0.000	0.000	0.000	0.000
4	F	0.000	0.000	0.000	0.000	0.000
5	I	0.000	0.000	0.000	0.000	0.000
6	I	0.000	0.000	0.000	0.000	0.000
7	F	0.000	0.000	0.000	0.000	0.000
8	F	0.000	0.000	0.000	0.000	0.000
9	R	0.000	0.000	0.000	0.000	0.000
10	Y	0.000	0.000	0.000	0.000	0.000
11	L	0.000	0.000	0.000	0.000	0.000
12	F	0.000	0.000	0.000	0.000	0.000
13	T	0.000	0.000	0.000	0.000	0.000
14	I	0.000	0.000	0.000	0.000	0.000
15	A	0.000	0.000	0.000	0.000	0.000
16	L	0.000	0.000	0.000	0.000	0.000
17	L	0.000	0.000	0.000	0.000	0.000
18	S	0.000	0.000	0.000	0.000	0.000
19	R	0.000	0.000	0.000	0.000	0.000
20	I	0.000	0.000	0.000	0.000	0.000
21	A	0.000	0.000	0.000	0.000	0.000
22	Q	0.000	0.000	0.000	0.000	0.000
23	S	0.000	0.000	0.000	0.000	0.000
24	L	0.000	0.000	0.000	0.000	0.000
25	P	0.000	0.000	0.000	0.000	0.000
26	H	0.000	0.000	0.000	0.000	0.000
27	L	0.000	0.000	0.000	0.000	0.000
28	P	0.000	0.000	0.000	0.000	0.000
29	E	0.000	0.000	0.000	0.000	0.000
30	E	0.000	0.000	0.000	0.000	0.000
31	V	0.000	0.000	0.000	0.000	0.000
32	N	0.000	0.000	0.000	0.000	0.000
33	W	0.000	0.000	0.000	0.000	0.000
34	N	0.000	0.000	0.000	0.000	0.000
35	L	0.000	0.000	0.000	0.000	0.000
36	N	0.000	0.000	0.000	0.000	0.000
37	Q	0.000	0.000	0.000	0.000	0.000
38	N	0.000	0.000	0.000	0.000	0.000
39	E	0.000	0.000	0.000	0.000	0.000
40	T	0.000	0.000	0.000	0.000	0.000
>XP_001397303.1
pos	aa	C	S	n-reg	h-reg	c-reg
1	M	0.000	0.985	0.985	0.000	0.000
2	N	0.000	0.989	0.989	0.000	0.000
3	R	0.000	0.989	0.985	0.003	0.000
4	S	0.000	0.989	0.711	0.278	0.000
5	L	0.000	0.989	0.302	0.686	0.000
6	F	0.000	0.989	0.115	0.874	0.000
7	S	0.000	0.989	0.065	0.923	0.000
8	I	0.000	0.989	0.023	0.965	0.000
9	F	0.000	0.989	0.002	0.986	0.000
10	I	0.000	0.989	0.001	0.988	0.000
11	A	0.000	0.989	0.000	0.988	0.000
12	V	0.000	0.989	0.000	0.877	0.111
13	C	0.000	0.989	0.000	0.797	0.191
14	V	0.000	0.989	0.000	0.702	0.286
15	Y	0.000	0.989	0.000	0.544	0.445
16	A	0.000	0.989	0.000	0.450	0.538
17	H	0.196	0.792	0.000	0.012	0.780
18	Y	0.000	0.792	0.000	0.009	0.784
19	V	0.000	0.792	0.000	0.007	0.785
20	F	0.000	0.792	0.000	0.006	0.786
21	A	0.000	0.791	0.000	0.005	0.787
22	S	0.757	0.034	0.000	0.003	0.031
23	L	0.000	0.033	0.000	0.002	0.031
24	T	0.007	0.025	0.000	0.001	0.024
25	S	0.007	0.017	0.000	0.001	0.016
26	S	0.005	0.012	0.000	0.000	0.012
27	E	0.009	0.003	0.000	0.000	0.003
28	I	0.000	0.003	0.000	0.000	0.003
29	A	0.000	0.003	0.000	0.000	0.003
30	N	0.000	0.003	0.000	0.000	0.003
31	S	0.000	0.003	0.000	0.000	0.003
32	L	0.001	0.001	0.000	0.000	0.001
33	N	0.000	0.001	0.000	0.000	0.001
34	E	0.000	0.001	0.000	0.000	0.001
35	L	0.000	0.001	0.000	0.000	0.001
36	A	0.000	0.001	0.000	0.000	0.001
37	Q	0.000	0.001	0.000	0.000	0.001
38	Q	0.000	0.001	0.000	0.000	0.001
39	G	0.000	0.001	0.000	0.000	0.001
40	F	0.000	0.001	0.000	0.000	0.001
>XP_001397311.1
pos	aa	C	S	n-reg	h-reg	c-reg
1	M	0.000	0.045	0.045	0.000	0.000
2	S	0.000	0.045	0.045	0.000	0.000
3	I	0.000	0.045	0.044	0.002	0.000
4	D	0.000	0.045	0.043	0.002	0.000
5	T	0.000	0.045	0.036	0.010	0.000
6	L	0.000	0.045	0.011	0.034	0.000
7	L	0.000	0.045	0.006	0.039	0.000
8	Y	0.000	0.045	0.005	0.040	0.000
9	T	0.000	0.045	0.004	0.041	0.000
10	S	0.000	0.045	0.003	0.042	0.000
11	L	0.000	0.045	0.001	0.044	0.000
12	A	0.000	0.045	0.001	0.044	0.000
13	V	0.000	0.045	0.000	0.043	0.001
14	G	0.000	0.045	0.000	0.022	0.023
15	A	0.000	0.045	0.000	0.019	0.025
16	V	0.000	0.045	0.000	0.017	0.027
17	Y	0.000	0.045	0.000	0.014	0.030
18	L	0.000	0.045	0.000	0.010	0.035
19	A	0.022	0.023	0.000	0.002	0.020
20	S	0.002	0.021	0.000	0.002	0.019
21	V	0.002	0.019	0.000	0.001	0.018
22	A	0.000	0.019	0.000	0.001	0.018
23	L	0.007	0.012	0.000	0.001	0.011
24	Y	0.009	0.003	0.000	0.000	0.002
25	E	0.000	0.003	0.000	0.000	0.003
26	L	0.000	0.003	0.000	0.000	0.003
27	Y	0.000	0.002	0.000	0.000	0.002
28	W	0.000	0.002	0.000	0.000	0.002
29	S	0.000	0.002	0.000	0.000	0.002
30	P	0.000	0.002	0.000	0.000	0.002
31	L	0.000	0.002	0.000	0.000	0.002
32	A	0.000	0.002	0.000	0.000	0.002
33	H	0.001	0.002	0.000	0.000	0.002
34	I	0.000	0.002	0.000	0.000	0.002
35	P	0.000	0.002	0.000	0.000	0.002
36	G	0.000	0.002	0.000	0.000	0.002
37	P	0.000	0.002	0.000	0.000	0.002
38	K	0.000	0.002	0.000	0.000	0.002
39	L	0.000	0.002	0.000	0.000	0.002
40	A	0.000	0.002	0.000	0.000	0.002
>XP_001397321.1
pos	aa	C	S	n-reg	h-reg	c-reg
1	M	0.000	1.000	1.000	0.000	0.000
2	A	0.000	1.000	1.000	0.000	0.000
3	T	0.000	1.000	1.000	0.000	0.000
4	S	0.000	1.000	1.000	0.000	0.000
5	R	0.000	1.000	0.999	0.001	0.000
6	S	0.000	1.000	0.851	0.149	0.000
7	F	0.000	1.000	0.616	0.384	0.000
8	S	0.000	1.000	0.565	0.435	0.000
9	G	0.000	1.000	0.388	0.612	0.000
10	V	0.000	1.000	0.084	0.916	0.000
11	L	0.000	1.000	0.043	0.957	0.000
12	S	0.000	1.000	0.030	0.970	0.000
13	L	0.000	1.000	0.003	0.996	0.000
14	L	0.000	1.000	0.001	0.999	0.000
15	L	0.000	1.000	0.000	0.998	0.002
16	L	0.000	1.000	0.000	0.995	0.005
17	F	0.000	1.000	0.000	0.871	0.129
18	Q	0.000	1.000	0.000	0.370	0.630
19	L	0.000	1.000	0.000	0.334	0.666
20	S	0.000	1.000	0.000	0.283	0.717
21	S	0.000	1.000	0.000	0.037	0.963
22	F	0.001	0.999	0.000	0.028	0.971
23	V	0.000	0.999	0.000	0.022	0.977
24	S	0.000	0.999	0.000	0.008	0.991
25	A	0.001	0.998	0.000	0.001	0.997
26	A	0.936	0.062	0.000	0.000	0.062
27	P	0.003	0.059	0.000	0.000	0.059
28	W	0.008	0.051	0.000	0.000	0.051
29	I	0.000	0.051	0.000	0.000	0.051
30	V	0.000	0.051	0.000	0.000	0.051
31	T	0.000	0.051	0.000	0.000	0.051
32	A	0.005	0.046	0.000	0.000	0.046
33	D	0.046	0.000	0.000	0.000	0.000
34	Y	0.000	0.000	0.000	0.000	0.000
35	Q	0.000	0.000	0.000	0.000	0.000
36	E	0.000	0.000	0.000	0.000	0.000
37	V	0.000	0.000	0.000	0.000	0.000
38	V	0.000	0.000	0.000	0.000	0.000
39	T	0.000	0.000	0.000	0.000	0.000
40	T	0.000	0.000	0.000	0.000	0.000
>XP_001397334.2
pos	aa	C	S	n-reg	h-reg	c-reg
1	M	0.000	0.344	0.344	0.000	0.000
2	S	0.000	0.344	0.344	0.000	0.000
3	A	0.000	0.344	0.343	0.001	0.000
4	H	0.000	0.344	0.342	0.001	0.000
5	S	0.000	0.344	0.339	0.005	0.000
6	A	0.000	0.344	0.328	0.016	0.000
7	P	0.000	0.344	0.308	0.036	0.000
8	V	0.000	0.344	0.240	0.104	0.000
9	P	0.000	0.344	0.218	0.125	0.000
10	F	0.000	0.344	0.119	0.225	0.000
11	C	0.000	0.344	0.067	0.277	0.000
12	L	0.000	0.344	0.060	0.283	0.000
13	R	0.000	0.344	0.060	0.281	0.003
14	W	0.000	0.344	0.038	0.300	0.006
15	G	0.000	0.344	0.005	0.331	0.008
16	I	0.000	0.344	0.000	0.333	0.011
17	L	0.000	0.344	0.000	0.325	0.019
18	A	0.000	0.343	0.000	0.295	0.048
19	T	0.004	0.339	0.000	0.119	0.220
20	G	0.000	0.339	0.000	0.089	0.250
21	T	0.005	0.334	0.000	0.075	0.258
22	I	0.001	0.333	0.000	0.068	0.264
23	A	0.000	0.333	0.000	0.007	0.325
24	E	0.190	0.143	0.000	0.000	0.143
25	T	0.000	0.143	0.000	0.000	0.143
26	F	0.013	0.130	0.000	0.000	0.130
27	A	0.000	0.130	0.000	0.000	0.130
28	K	0.130	0.000	0.000	0.000	0.000
29	D	0.000	0.000	0.000	0.000	0.000
30	L	0.000	0.000	0.000	0.000	0.000
31	L	0.000	0.000	0.000	0.000	0.000
32	I	0.000	0.000	0.000	0.000	0.000
33	D	0.000	0.000	0.000	0.000	0.000
34	P	0.000	0.000	0.000	0.000	0.000
35	A	0.000	0.000	0.000	0.000	0.000
36	S	0.000	0.000	0.000	0.000	0.000
37	R	0.000	0.000	0.000	0.000	0.000
38	G	0.000	0.000	0.000	0.000	0.000
39	V	0.000	0.000	0.000	0.000	0.000
40	T	0.000	0.000	0.000	0.000	0.000
>XP_001397338.2
pos	aa	C	S	n-reg	h-reg	c-reg
1	M	0.000	0.461	0.461	0.000	0.000
2	S	0.000	0.504	0.504	0.000	0.000
3	P	0.000	0.504	0.504	0.000	0.000
4	I	0.000	0.504	0.503	0.000	0.000
5	R	0.000	0.504	0.503	0.000	0.000
6	R	0.000	0.504	0.502	0.002	0.000
7	V	0.000	0.504	0.352	0.152	0.000
8	T	0.000	0.504	0.322	0.181	0.000
9	S	0.000	0.504	0.295	0.208	0.000
10	S	0.000	0.504	0.240	0.263	0.000
11	V	0.000	0.504	0.145	0.359	0.000
12	A	0.000	0.504	0.131	0.373	0.000
13	W	0.000	0.504	0.120	0.384	0.000
14	G	0.000	0.504	0.107	0.396	0.000
15	W	0.000	0.504	0.095	0.369	0.040
16	Y	0.000	0.504	0.082	0.351	0.071
17	A	0.000	0.504	0.064	0.355	0.085
18	I	0.000	0.503	0.046	0.355	0.102
19	S	0.000	0.503	0.041	0.193	0.270
20	L	0.014	0.489	0.036	0.187	0.266
21	S	0.001	0.488	0.035	0.159	0.294
22	W	0.006	0.482	0.034	0.098	0.351
23	G	0.000	0.482	0.033	0.087	0.362
24	G	0.218	0.264	0.033	0.078	0.153
25	I	0.001	0.264	0.033	0.069	0.162
26	A	0.000	0.263	0.033	0.061	0.169
27	V	0.114	0.149	0.033	0.041	0.075
28	L	0.000	0.148	0.033	0.035	0.080
29	L	0.017	0.129	0.033	0.024	0.072
30	H	0.032	0.091	0.033	0.004	0.054
31	Q	0.000	0.090	0.033	0.002	0.056
32	T	0.035	0.055	0.033	0.001	0.021
33	P	0.000	0.055	0.033	0.001	0.021
34	N	0.001	0.054	0.033	0.001	0.020
35	Q	0.000	0.054	0.031	0.003	0.020
36	F	0.001	0.053	0.022	0.012	0.019
37	T	0.000	0.053	0.017	0.016	0.019
38	G	0.002	0.051	0.013	0.020	0.017
39	L	0.011	0.040	0.009	0.025	0.006
40	T	0.001	0.039	0.007	0.027	0.006
>XP_001397365.1
pos	aa	C	S	n-reg	h-reg	c-reg
1	M	0.000	0.989	0.989	0.000	0.000
2	W	0.000	0.993	0.993	0.000	0.000
3	R	0.000	0.993	0.993	0.000	0.000
4	H	0.000	0.993	0.993	0.000	0.000
5	M	0.000	0.993	0.993	0.000	0.000
6	K	0.000	0.993	0.992	0.001	0.000
7	F	0.000	0.993	0.963	0.030	0.000
8	S	0.000	0.993	0.955	0.038	0.000
9	A	0.000	0.993	0.935	0.058	0.000
10	F	0.000	0.993	0.907	0.086	0.000
11	H	0.000	0.993	0.884	0.109	0.000
12	I	0.000	0.993	0.656	0.337	0.000
13	V	0.000	0.993	0.560	0.433	0.000
14	T	0.000	0.993	0.449	0.544	0.000
15	L	0.000	0.993	0.161	0.830	0.002
16	A	0.000	0.993	0.101	0.887	0.005
17	L	0.000	0.993	0.055	0.931	0.007
18	A	0.000	0.993	0.033	0.920	0.040
19	A	0.002	0.991	0.013	0.930	0.048
20	L	0.000	0.991	0.003	0.923	0.065
21	L	0.001	0.990	0.001	0.906	0.083
22	G	0.001	0.988	0.000	0.868	0.120
23	I	0.035	0.954	0.000	0.733	0.221
24	S	0.000	0.954	0.000	0.576	0.377
25	I	0.008	0.946	0.000	0.556	0.390
26	W	0.000	0.946	0.000	0.319	0.627
27	S	0.000	0.945	0.000	0.083	0.862
28	L	0.210	0.735	0.000	0.068	0.668
29	W	0.008	0.728	0.000	0.052	0.675
30	L	0.000	0.727	0.000	0.016	0.711
31	G	0.068	0.658	0.000	0.003	0.655
32	V	0.116	0.542	0.000	0.001	0.540
33	N	0.000	0.540	0.000	0.000	0.540
34	S	0.000	0.540	0.000	0.000	0.540
35	D	0.539	0.001	0.000	0.000	0.001
36	R	0.000	0.001	0.000	0.000	0.001
37	D	0.000	0.001	0.000	0.000	0.001
38	N	0.000	0.001	0.000	0.000	0.001
39	I	0.000	0.001	0.000	0.000	0.001
40	H	0.000	0.001	0.000	0.000	0.001
>XP_001397366.2
pos	aa	C	S	n-reg	h-reg	c-reg
1	M	0.000	0.627	0.627	0.000	0.000
2	T	0.000	0.633	0.633	0.000	0.000
3	V	0.000	0.633	0.633	0.000	0.000
4	S	0.000	0.633	0.633	0.000	0.000
5	Q	0.000	0.633	0.633	0.000	0.000
6	E	0.000	0.633	0.633	0.000	0.000
7	S	0.000	0.633	0.633	0.000	0.000
8	R	0.000	0.633	0.633	0.000	0.000
9	P	0.000	0.633	0.605	0.028	0.000
10	L	0.000	0.633	0.442	0.191	0.000
11	Q	0.000	0.633	0.396	0.237	0.000
12	V	0.000	0.633	0.155	0.478	0.000
13	L	0.000	0.633	0.036	0.597	0.000
14	I	0.000	0.633	0.012	0.621	0.000
15	V	0.000	0.633	0.006	0.627	0.000
16	G	0.000	0.633	0.005	0.628	0.000
17	A	0.000	0.633	0.001	0.628	0.003
18	G	0.000	0.633	0.001	0.619	0.013
19	I	0.000	0.633	0.000	0.615	0.018
20	A	0.000	0.633	0.000	0.566	0.067
21	G	0.000	0.633	0.000	0.396	0.237
22	L	0.001	0.632	0.000	0.305	0.327
23	T	0.000	0.631	0.000	0.147	0.484
24	A	0.001	0.630	0.000	0.101	0.529
25	A	0.033	0.597	0.000	0.011	0.586
26	I	0.089	0.508	0.000	0.008	0.499
27	A	0.000	0.507	0.000	0.006	0.501
28	L	0.095	0.412	0.000	0.004	0.407
29	G	0.002	0.408	0.000	0.002	0.406
30	Q	0.389	0.017	0.000	0.000	0.017
31	Q	0.001	0.016	0.000	0.000	0.016
32	G	0.014	0.003	0.000	0.000	0.003
33	H	0.003	0.000	0.000	0.000	0.000
34	H	0.000	0.000	0.000	0.000	0.000
35	V	0.000	0.000	0.000	0.000	0.000
36	V	0.000	0.000	0.000	0.000	0.000
37	I	0.000	0.000	0.000	0.000	0.000
38	I	0.000	0.000	0.000	0.000	0.000
39	E	0.000	0.000	0.000	0.000	0.000
40	K	0.000	0.000	0.000	0.000	0.000
>XP_001397368.1
pos	aa	C	S	n-reg	h-reg	c-reg
1	M	0.000	0.630	0.630	0.000	0.000
2	R	0.000	0.630	0.630	0.000	0.000
3	R	0.000	0.630	0.617	0.013	0.000
4	L	0.000	0.630	0.194	0.436	0.000
5	L	0.000	0.630	0.117	0.513	0.000
6	Y	0.000	0.630	0.071	0.559	0.000
7	N	0.000	0.630	0.060	0.570	0.000
8	A	0.000	0.630	0.027	0.602	0.000
9	L	0.000	0.630	0.006	0.623	0.000
10	V	0.000	0.630	0.001	0.629	0.000
11	A	0.000	0.630	0.000	0.625	0.005
12	A	0.000	0.630	0.000	0.537	0.092
13	I	0.000	0.630	0.000	0.484	0.145
14	P	0.000	0.630	0.000	0.101	0.528
15	L	0.000	0.630	0.000	0.090	0.539
16	A	0.000	0.630	0.000	0.064	0.566
17	L	0.003	0.626	0.000	0.061	0.566
18	A	0.003	0.624	0.000	0.019	0.605
19	N	0.549	0.074	0.000	0.002	0.073
20	F	0.000	0.074	0.000	0.001	0.074
21	D	0.000	0.074	0.000	0.000	0.074
22	A	0.000	0.074	0.000	0.000	0.074
23	S	0.049	0.025	0.000	0.000	0.025
24	H	0.012	0.013	0.000	0.000	0.013
25	V	0.000	0.013	0.000	0.000	0.013
26	S	0.000	0.013	0.000	0.000	0.013
27	W	0.004	0.009	0.000	0.000	0.009
28	Y	0.000	0.009	0.000	0.000	0.009
29	T	0.000	0.009	0.000	0.000	0.009
30	T	0.001	0.008	0.000	0.000	0.008
31	P	0.000	0.008	0.000	0.000	0.008
32	A	0.001	0.006	0.000	0.000	0.006
33	N	0.002	0.004	0.000	0.000	0.004
34	N	0.000	0.004	0.000	0.000	0.004
35	F	0.000	0.004	0.000	0.000	0.004
36	T	0.000	0.004	0.000	0.000	0.004
37	S	0.000	0.004	0.000	0.000	0.004
38	T	0.000	0.004	0.000	0.000	0.004
39	L	0.001	0.002	0.000	0.000	0.002
40	P	0.000	0.002	0.000	0.000	0.002
>XP_001397380.2
pos	aa	C	S	n-reg	h-reg	c-reg
1	M	0.000	0.987	0.987	0.000	0.000
2	F	0.000	0.987	0.987	0.000	0.000
3	S	0.000	0.987	0.987	0.000	0.000
4	P	0.000	0.987	0.986	0.001	0.000
5	F	0.000	0.987	0.984	0.003	0.000
6	S	0.000	0.987	0.981	0.005	0.000
7	K	0.000	0.987	0.976	0.010	0.000
8	F	0.000	0.987	0.562	0.425	0.000
9	S	0.000	0.987	0.413	0.574	0.000
10	L	0.000	0.987	0.082	0.905	0.000
11	L	0.000	0.987	0.011	0.976	0.000
12	L	0.000	0.987	0.002	0.985	0.000
13	F	0.000	0.987	0.001	0.986	0.000
14	V	0.000	0.987	0.000	0.986	0.001
15	L	0.000	0.987	0.000	0.986	0.001
16	G	0.000	0.987	0.000	0.831	0.156
17	T	0.000	0.987	0.000	0.805	0.182
18	C	0.000	0.987	0.000	0.696	0.291
19	F	0.007	0.980	0.000	0.479	0.501
20	S	0.000	0.980	0.000	0.250	0.730
21	I	0.136	0.844	0.000	0.208	0.636
22	G	0.000	0.844	0.000	0.003	0.841
23	R	0.020	0.824	0.000	0.000	0.824
24	S	0.000	0.824	0.000	0.000	0.824
25	N	0.117	0.708	0.000	0.000	0.708
26	A	0.000	0.708	0.000	0.000	0.708
27	I	0.698	0.010	0.000	0.000	0.010
28	N	0.000	0.010	0.000	0.000	0.010
29	S	0.000	0.010	0.000	0.000	0.010
30	S	0.005	0.005	0.000	0.000	0.005
31	S	0.000	0.004	0.000	0.000	0.004
32	C	0.000	0.004	0.000	0.000	0.004
33	N	0.004	0.000	0.000	0.000	0.000
34	D	0.000	0.000	0.000	0.000	0.000
35	C	0.000	0.000	0.000	0.000	0.000
36	E	0.000	0.000	0.000	0.000	0.000
37	V	0.000	0.000	0.000	0.000	0.000
38	I	0.000	0.000	0.000	0.000	0.000
39	R	0.000	0.000	0.000	0.000	0.000
40	R	0.000	0.000	0.000	0.000	0.000
>XP_001397381.2
pos	aa	C	S	n-reg	h-reg	c-reg
1	M	0.000	0.999	0.999	0.000	0.000
2	S	0.000	0.999	0.999	0.000	0.000
3	S	0.000	0.999	0.999	0.000	0.000
4	K	0.000	0.999	0.998	0.001	0.000
5	V	0.000	0.999	0.923	0.076	0.000
6	L	0.000	0.999	0.873	0.126	0.000
7	K	0.000	0.999	0.861	0.138	0.000
8	L	0.000	0.999	0.134	0.865	0.000
9	L	0.000	0.999	0.024	0.975	0.000
10	A	0.000	0.999	0.007	0.992	0.000
11	L	0.000	0.999	0.001	0.998	0.000
12	A	0.000	0.999	0.001	0.998	0.000
13	G	0.000	0.999	0.000	0.994	0.005
14	L	0.000	0.999	0.000	0.991	0.008
15	L	0.000	0.999	0.000	0.982	0.017
16	G	0.000	0.999	0.000	0.471	0.528
17	A	0.000	0.999	0.000	0.292	0.707
18	S	0.002	0.997	0.000	0.141	0.856
19	V	0.002	0.995	0.000	0.066	0.929
20	A	0.000	0.995	0.000	0.032	0.963
21	C	0.419	0.576	0.000	0.002	0.574
22	S	0.158	0.418	0.000	0.000	0.417
23	T	0.209	0.209	0.000	0.000	0.209
24	E	0.143	0.066	0.000	0.000	0.066
25	S	0.000	0.066	0.000	0.000	0.066
26	D	0.066	0.000	0.000	0.000	0.000
27	V	0.000	0.000	0.000	0.000	0.000
28	E	0.000	0.000	0.000	0.000	0.000
29	I	0.000	0.000	0.000	0.000	0.000
30	T	0.000	0.000	0.000	0.000	0.000
31	F	0.000	0.000	0.000	0.000	0.000
32	Y	0.000	0.000	0.000	0.000	0.000
33	G	0.000	0.000	0.000	0.000	0.000
34	Y	0.000	0.000	0.000	0.000	0.000
35	P	0.000	0.000	0.000	0.000	0.000
36	D	0.000	0.000	0.000	0.000	0.000
37	N	0.000	0.000	0.000	0.000	0.000
38	D	0.000	0.000	0.000	0.000	0.000
39	P	0.000	0.000	0.000	0.000	0.000
40	P	0.000	0.000	0.000	0.000	0.000
>XP_001397382.1
pos	aa	C	S	n-reg	h-reg	c-reg
1	M	0.000	0.704	0.704	0.000	0.000
2	A	0.000	0.762	0.762	0.000	0.000
3	F	0.000	0.762	0.761	0.001	0.000
4	T	0.000	0.762	0.761	0.002	0.000
5	L	0.000	0.762	0.761	0.002	0.000
6	Y	0.000	0.762	0.761	0.002	0.000
7	Y	0.000	0.762	0.759	0.003	0.000
8	Y	0.000	0.762	0.758	0.005	0.000
9	T	0.000	0.762	0.756	0.006	0.000
10	P	0.000	0.762	0.753	0.009	0.000
11	S	0.000	0.762	0.733	0.028	0.001
12	A	0.000	0.762	0.700	0.061	0.001
13	A	0.000	0.762	0.671	0.090	0.002
14	A	0.000	0.762	0.648	0.113	0.002
15	A	0.000	0.762	0.628	0.133	0.001
16	G	0.001	0.761	0.575	0.185	0.001
17	I	0.001	0.761	0.219	0.542	0.000
18	F	0.000	0.761	0.091	0.670	0.000
19	V	0.000	0.761	0.051	0.707	0.003
20	V	0.000	0.761	0.017	0.739	0.005
21	L	0.000	0.761	0.003	0.746	0.012
22	F	0.000	0.761	0.002	0.730	0.028
23	G	0.000	0.760	0.001	0.713	0.046
24	I	0.005	0.754	0.000	0.702	0.052
25	S	0.000	0.752	0.000	0.681	0.071
26	T	0.013	0.737	0.000	0.673	0.064
27	V	0.018	0.718	0.000	0.668	0.049
28	L	0.000	0.714	0.000	0.546	0.168
29	H	0.014	0.688	0.000	0.093	0.595
30	F	0.000	0.686	0.000	0.082	0.605
31	L	0.000	0.682	0.000	0.073	0.609
32	Q	0.002	0.669	0.000	0.019	0.650
33	L	0.002	0.666	0.000	0.017	0.648
34	V	0.032	0.629	0.000	0.012	0.617
35	R	0.000	0.617	0.000	0.000	0.617
36	T	0.000	0.617	0.000	0.000	0.617
37	R	0.609	0.008	0.000	0.000	0.008
38	T	0.000	0.008	0.000	0.000	0.008
39	W	0.007	0.001	0.000	0.000	0.001
40	F	0.000	0.001	0.000	0.000	0.001
>XP_001397416.1
pos	aa	C	S	n-reg	h-reg	c-reg
1	M	0.000	0.002	0.002	0.000	0.000
2	A	0.000	0.002	0.002	0.000	0.000
3	V	0.000	0.002	0.002	0.000	0.000
4	Q	0.000	0.002	0.002	0.000	0.000
5	T	0.000	0.002	0.001	0.000	0.000
6	I	0.000	0.002	0.001	0.001	0.000
7	L	0.000	0.002	0.000	0.002	0.000
8	I	0.000	0.002	0.000	0.002	0.000
9	A	0.000	0.002	0.000	0.002	0.000
10	A	0.000	0.002	0.000	0.002	0.000
11	A	0.000	0.002	0.000	0.002	0.000
12	A	0.000	0.002	0.000	0.002	0.000
13	V	0.000	0.002	0.000	0.002	0.000
14	I	0.000	0.002	0.000	0.002	0.000
15	Y	0.000	0.002	0.000	0.001	0.000
16	F	0.000	0.002	0.000	0.001	0.000
17	L	0.000	0.002	0.000	0.001	0.001
18	V	0.000	0.002	0.000	0.001	0.001
19	R	0.000	0.001	0.000	0.000	0.001
20	Y	0.000	0.001	0.000	0.000	0.001
21	M	0.000	0.001	0.000	0.000	0.001
22	N	0.000	0.001	0.000	0.000	0.001
23	R	0.000	0.001	0.000	0.000	0.001
24	T	0.000	0.001	0.000	0.000	0.001
25	D	0.001	0.000	0.000	0.000	0.000
26	V	0.000	0.000	0.000	0.000	0.000
27	P	0.000	0.000	0.000	0.000	0.000
28	K	0.000	0.000	0.000	0.000	0.000
29	I	0.000	0.000	0.000	0.000	0.000
30	K	0.000	0.000	0.000	0.000	0.000
31	G	0.000	0.000	0.000	0.000	0.000
32	I	0.000	0.000	0.000	0.000	0.000
33	P	0.000	0.000	0.000	0.000	0.000
34	E	0.000	0.000	0.000	0.000	0.000
35	I	0.000	0.000	0.000	0.000	0.000
36	P	0.000	0.000	0.000	0.000	0.000
37	G	0.000	0.000	0.000	0.000	0.000
38	V	0.000	0.000	0.000	0.000	0.000
39	P	0.000	0.000	0.000	0.000	0.000
40	L	0.000	0.000	0.000	0.000	0.000
>XP_001397426.2
pos	aa	C	S	n-reg	h-reg	c-reg
1	M	0.000	0.201	0.201	0.000	0.000
2	A	0.000	0.235	0.235	0.000	0.000
3	N	0.000	0.235	0.235	0.000	0.000
4	K	0.000	0.235	0.234	0.001	0.000
5	V	0.000	0.235	0.163	0.072	0.000
6	F	0.000	0.235	0.110	0.125	0.000
7	A	0.000	0.235	0.099	0.136	0.000
8	V	0.000	0.235	0.096	0.140	0.000
9	T	0.000	0.235	0.095	0.140	0.000
10	V	0.000	0.235	0.095	0.140	0.000
11	F	0.000	0.235	0.095	0.140	0.000
12	F	0.000	0.235	0.095	0.140	0.000
13	I	0.000	0.235	0.095	0.134	0.006
14	C	0.000	0.235	0.095	0.075	0.065
15	F	0.000	0.235	0.095	0.054	0.087
16	R	0.000	0.235	0.095	0.018	0.122
17	E	0.000	0.235	0.095	0.000	0.140
18	C	0.000	0.235	0.091	0.004	0.140
19	L	0.050	0.185	0.090	0.005	0.090
20	E	0.002	0.183	0.090	0.005	0.088
21	S	0.000	0.183	0.072	0.023	0.088
22	V	0.084	0.099	0.042	0.053	0.004
23	I	0.000	0.099	0.037	0.058	0.004
24	I	0.000	0.099	0.035	0.060	0.004
25	V	0.000	0.099	0.034	0.061	0.004
26	S	0.000	0.099	0.034	0.061	0.004
27	V	0.001	0.098	0.034	0.061	0.003
28	L	0.000	0.098	0.034	0.061	0.003
29	L	0.000	0.098	0.034	0.060	0.004
30	S	0.001	0.097	0.034	0.052	0.011
31	F	0.001	0.096	0.034	0.050	0.012
32	L	0.000	0.096	0.034	0.048	0.013
33	K	0.000	0.095	0.034	0.000	0.061
34	Q	0.000	0.095	0.034	0.000	0.061
35	T	0.000	0.095	0.034	0.000	0.061
36	L	0.000	0.095	0.034	0.000	0.061
37	G	0.000	0.095	0.034	0.000	0.061
38	G	0.058	0.037	0.034	0.000	0.003
39	E	0.002	0.035	0.034	0.000	0.001
40	G	0.000	0.035	0.034	0.000	0.001
>XP_001397428.1
pos	aa	C	S	n-reg	h-reg	c-reg
1	M	0.000	0.813	0.813	0.000	0.000
2	R	0.000	0.813	0.813	0.000	0.000
3	S	0.000	0.813	0.796	0.017	0.000
4	Q	0.000	0.813	0.723	0.090	0.000
5	A	0.000	0.813	0.464	0.349	0.000
6	A	0.000	0.813	0.225	0.588	0.000
7	I	0.000	0.813	0.059	0.754	0.000
8	L	0.000	0.813	0.010	0.803	0.000
9	L	0.000	0.813	0.004	0.809	0.000
10	G	0.000	0.813	0.003	0.810	0.000
11	L	0.000	0.813	0.001	0.811	0.001
12	S	0.000	0.813	0.001	0.787	0.025
13	W	0.000	0.813	0.000	0.725	0.088
14	A	0.000	0.813	0.000	0.667	0.146
15	V	0.001	0.812	0.000	0.613	0.198
16	S	0.000	0.812	0.000	0.163	0.648
17	P	0.000	0.811	0.000	0.040	0.772
18	V	0.003	0.809	0.000	0.033	0.776
19	L	0.000	0.809	0.000	0.017	0.791
20	A	0.000	0.808	0.000	0.006	0.803
21	G	0.597	0.211	0.000	0.001	0.210
22	Q	0.130	0.082	0.000	0.001	0.081
23	G	0.006	0.076	0.000	0.000	0.075
24	L	0.039	0.036	0.000	0.000	0.036
25	T	0.000	0.036	0.000	0.000	0.036
26	M	0.012	0.024	0.000	0.000	0.024
27	S	0.000	0.024	0.000	0.000	0.024
28	A	0.017	0.006	0.000	0.000	0.006
29	P	0.000	0.006	0.000	0.000	0.006
30	N	0.000	0.006	0.000	0.000	0.006
31	L	0.000	0.006	0.000	0.000	0.006
32	A	0.000	0.006	0.000	0.000	0.006
33	D	0.003	0.003	0.000	0.000	0.003
34	Y	0.000	0.003	0.000	0.000	0.003
35	C	0.000	0.003	0.000	0.000	0.003
36	F	0.000	0.003	0.000	0.000	0.003
37	Y	0.000	0.003	0.000	0.000	0.003
38	A	0.000	0.003	0.000	0.000	0.003
39	I	0.000	0.003	0.000	0.000	0.003
40	Y	0.000	0.003	0.000	0.000	0.003
>XP_001397434.2
pos	aa	C	S	n-reg	h-reg	c-reg
1	M	0.000	0.063	0.063	0.000	0.000
2	A	0.000	0.087	0.087	0.000	0.000
3	S	0.000	0.087	0.087	0.000	0.000
4	A	0.000	0.087	0.086	0.001	0.000
5	S	0.000	0.087	0.085	0.002	0.000
6	Y	0.000	0.087	0.084	0.003	0.000
7	N	0.000	0.087	0.081	0.005	0.000
8	A	0.000	0.087	0.068	0.019	0.000
9	G	0.000	0.087	0.066	0.021	0.000
10	P	0.000	0.087	0.064	0.023	0.000
11	G	0.000	0.087	0.054	0.033	0.000
12	I	0.000	0.087	0.048	0.039	0.000
13	L	0.000	0.087	0.047	0.040	0.000
14	G	0.000	0.087	0.047	0.040	0.000
15	L	0.000	0.087	0.046	0.040	0.001
16	N	0.000	0.087	0.046	0.024	0.016
17	W	0.000	0.087	0.041	0.028	0.018
18	V	0.000	0.087	0.031	0.038	0.018
19	A	0.000	0.087	0.028	0.030	0.029
20	A	0.000	0.087	0.027	0.025	0.035
21	G	0.012	0.075	0.025	0.025	0.025
22	I	0.001	0.073	0.024	0.025	0.023
23	A	0.000	0.073	0.024	0.025	0.024
24	T	0.017	0.056	0.024	0.023	0.008
25	I	0.006	0.050	0.024	0.023	0.003
26	I	0.000	0.050	0.024	0.023	0.003
27	M	0.000	0.050	0.024	0.021	0.004
28	L	0.000	0.050	0.024	0.021	0.005
29	L	0.002	0.048	0.024	0.008	0.015
30	R	0.000	0.046	0.024	0.000	0.021
31	L	0.000	0.046	0.024	0.000	0.021
32	I	0.001	0.045	0.024	0.000	0.021
33	A	0.000	0.045	0.024	0.000	0.021
34	K	0.021	0.025	0.024	0.000	0.000
35	H	0.000	0.025	0.024	0.000	0.000
36	R	0.000	0.025	0.024	0.000	0.000
37	I	0.000	0.025	0.024	0.000	0.000
38	R	0.000	0.025	0.024	0.000	0.000
39	N	0.000	0.025	0.024	0.000	0.000
40	L	0.000	0.025	0.024	0.000	0.000
>XP_001397442.2
pos	aa	C	S	n-reg	h-reg	c-reg
1	M	0.000	0.448	0.448	0.000	0.000
2	A	0.000	0.448	0.448	0.000	0.000
3	Y	0.000	0.448	0.448	0.000	0.000
4	A	0.000	0.448	0.448	0.000	0.000
5	P	0.000	0.448	0.448	0.001	0.000
6	S	0.000	0.448	0.445	0.003	0.000
7	P	0.000	0.448	0.437	0.011	0.000
8	H	0.000	0.448	0.408	0.040	0.000
9	F	0.000	0.448	0.259	0.189	0.000
10	W	0.000	0.448	0.195	0.254	0.000
11	V	0.000	0.448	0.058	0.390	0.000
12	T	0.000	0.448	0.030	0.419	0.000
13	L	0.000	0.448	0.016	0.433	0.000
14	F	0.000	0.448	0.012	0.435	0.001
15	R	0.000	0.448	0.011	0.435	0.003
16	T	0.000	0.448	0.006	0.438	0.005
17	L	0.000	0.448	0.002	0.433	0.014
18	L	0.000	0.448	0.002	0.416	0.030
19	N	0.000	0.448	0.002	0.221	0.226
20	T	0.000	0.448	0.001	0.128	0.319
21	F	0.001	0.447	0.001	0.107	0.339
22	V	0.000	0.447	0.001	0.086	0.360
23	H	0.000	0.447	0.001	0.010	0.436
24	S	0.000	0.447	0.001	0.008	0.438
25	A	0.086	0.361	0.001	0.007	0.353
26	G	0.002	0.359	0.001	0.005	0.353
27	G	0.027	0.332	0.001	0.003	0.328
28	D	0.308	0.024	0.001	0.000	0.023
29	P	0.000	0.024	0.001	0.000	0.023
30	L	0.001	0.023	0.001	0.000	0.021
31	L	0.000	0.023	0.001	0.000	0.021
32	A	0.000	0.023	0.001	0.000	0.022
33	Q	0.005	0.018	0.001	0.000	0.017
34	A	0.000	0.018	0.001	0.000	0.017
35	H	0.011	0.007	0.001	0.000	0.006
36	A	0.000	0.007	0.001	0.000	0.006
37	I	0.005	0.002	0.001	0.000	0.001
38	W	0.000	0.002	0.001	0.000	0.001
39	Q	0.000	0.002	0.001	0.000	0.001
40	N	0.000	0.002	0.001	0.000	0.001
