>XP_001388752.1
pos	aa	C	S	n-reg	h-reg	c-reg
1	M	0.000	0.000	0.000	0.000	0.000
2	P	0.000	0.000	0.000	0.000	0.000
3	W	0.000	0.000	0.000	0.000	0.000
4	R	0.000	0.000	0.000	0.000	0.000
5	P	0.000	0.000	0.000	0.000	0.000
6	L	0.000	0.000	0.000	0.000	0.000
7	P	0.000	0.000	0.000	0.000	0.000
8	R	0.000	0.000	0.000	0.000	0.000
9	I	0.000	0.000	0.000	0.000	0.000
10	A	0.000	0.000	0.000	0.000	0.000
11	F	0.000	0.000	0.000	0.000	0.000
12	A	0.000	0.000	0.000	0.000	0.000
13	V	0.000	0.000	0.000	0.000	0.000
14	A	0.000	0.000	0.000	0.000	0.000
15	I	0.000	0.000	0.000	0.000	0.000
16	Y	0.000	0.000	0.000	0.000	0.000
17	P	0.000	0.000	0.000	0.000	0.000
18	F	0.000	0.000	0.000	0.000	0.000
19	Q	0.000	0.000	0.000	0.000	0.000
20	P	0.000	0.000	0.000	0.000	0.000
21	T	0.000	0.000	0.000	0.000	0.000
22	T	0.000	0.000	0.000	0.000	0.000
23	P	0.000	0.000	0.000	0.000	0.000
24	A	0.000	0.000	0.000	0.000	0.000
25	D	0.000	0.000	0.000	0.000	0.000
26	L	0.000	0.000	0.000	0.000	0.000
27	P	0.000	0.000	0.000	0.000	0.000
28	L	0.000	0.000	0.000	0.000	0.000
29	E	0.000	0.000	0.000	0.000	0.000
30	L	0.000	0.000	0.000	0.000	0.000
31	G	0.000	0.000	0.000	0.000	0.000
32	D	0.000	0.000	0.000	0.000	0.000
33	E	0.000	0.000	0.000	0.000	0.000
34	L	0.000	0.000	0.000	0.000	0.000
35	Y	0.000	0.000	0.000	0.000	0.000
36	I	0.000	0.000	0.000	0.000	0.000
37	I	0.000	0.000	0.000	0.000	0.000
38	E	0.000	0.000	0.000	0.000	0.000
39	Q	0.000	0.000	0.000	0.000	0.000
40	G	0.000	0.000	0.000	0.000	0.000
>XP_001388759.1
pos	aa	C	S	n-reg	h-reg	c-reg
1	M	0.000	0.275	0.275	0.000	0.000
2	A	0.000	0.275	0.275	0.000	0.000
3	I	0.000	0.275	0.220	0.055	0.000
4	S	0.000	0.275	0.189	0.087	0.000
5	A	0.000	0.275	0.147	0.129	0.000
6	V	0.000	0.275	0.077	0.198	0.000
7	T	0.000	0.275	0.050	0.225	0.000
8	L	0.000	0.275	0.034	0.241	0.000
9	A	0.000	0.275	0.029	0.247	0.000
10	A	0.000	0.275	0.026	0.249	0.000
11	T	0.000	0.275	0.024	0.240	0.011
12	S	0.000	0.275	0.021	0.230	0.024
13	F	0.000	0.275	0.007	0.240	0.028
14	C	0.000	0.275	0.002	0.235	0.038
15	I	0.002	0.273	0.001	0.149	0.124
16	L	0.000	0.273	0.000	0.113	0.160
17	L	0.002	0.271	0.000	0.054	0.217
18	L	0.002	0.269	0.000	0.046	0.223
19	A	0.009	0.261	0.000	0.033	0.227
20	Y	0.205	0.056	0.000	0.029	0.026
21	K	0.000	0.055	0.000	0.022	0.034
22	L	0.000	0.055	0.000	0.021	0.035
23	I	0.004	0.052	0.000	0.020	0.032
24	I	0.000	0.052	0.000	0.017	0.035
25	Y	0.000	0.052	0.000	0.001	0.051
26	P	0.000	0.052	0.000	0.000	0.052
27	V	0.018	0.033	0.000	0.000	0.033
28	F	0.000	0.033	0.000	0.000	0.033
29	L	0.000	0.033	0.000	0.000	0.033
30	S	0.032	0.001	0.000	0.000	0.001
31	P	0.000	0.001	0.000	0.000	0.001
32	L	0.001	0.001	0.000	0.000	0.000
33	S	0.000	0.000	0.000	0.000	0.000
34	K	0.000	0.000	0.000	0.000	0.000
35	I	0.000	0.000	0.000	0.000	0.000
36	P	0.000	0.000	0.000	0.000	0.000
37	N	0.000	0.000	0.000	0.000	0.000
38	A	0.000	0.000	0.000	0.000	0.000
39	H	0.000	0.000	0.000	0.000	0.000
40	W	0.000	0.000	0.000	0.000	0.000
>XP_001388766.1
pos	aa	C	S	n-reg	h-reg	c-reg
1	M	0.000	1.000	1.000	0.000	0.000
2	K	0.000	1.000	1.000	0.000	0.000
3	V	0.000	1.000	0.105	0.894	0.000
4	L	0.000	1.000	0.020	0.979	0.000
5	A	0.000	1.000	0.007	0.993	0.000
6	L	0.000	1.000	0.002	0.998	0.000
7	S	0.000	1.000	0.001	0.999	0.000
8	A	0.000	1.000	0.000	0.999	0.000
9	L	0.000	1.000	0.000	1.000	0.000
10	L	0.000	1.000	0.000	0.999	0.000
11	S	0.000	1.000	0.000	0.243	0.757
12	L	0.000	1.000	0.000	0.189	0.811
13	A	0.000	1.000	0.000	0.065	0.935
14	S	0.002	0.998	0.000	0.040	0.958
15	A	0.000	0.997	0.000	0.004	0.993
16	A	0.824	0.173	0.000	0.002	0.171
17	S	0.031	0.143	0.000	0.001	0.141
18	I	0.081	0.061	0.000	0.000	0.061
19	S	0.000	0.061	0.000	0.000	0.061
20	R	0.050	0.012	0.000	0.000	0.012
21	R	0.000	0.012	0.000	0.000	0.012
22	S	0.000	0.012	0.000	0.000	0.012
23	D	0.009	0.003	0.000	0.000	0.003
24	F	0.000	0.003	0.000	0.000	0.003
25	C	0.000	0.003	0.000	0.000	0.003
26	G	0.000	0.003	0.000	0.000	0.003
27	Q	0.000	0.003	0.000	0.000	0.003
28	W	0.000	0.003	0.000	0.000	0.003
29	D	0.000	0.003	0.000	0.000	0.003
30	T	0.000	0.003	0.000	0.000	0.003
31	A	0.000	0.003	0.000	0.000	0.003
32	T	0.000	0.003	0.000	0.000	0.003
33	A	0.000	0.003	0.000	0.000	0.003
34	G	0.002	0.000	0.000	0.000	0.000
35	D	0.000	0.000	0.000	0.000	0.000
36	F	0.000	0.000	0.000	0.000	0.000
37	I	0.000	0.000	0.000	0.000	0.000
38	L	0.000	0.000	0.000	0.000	0.000
39	Y	0.000	0.000	0.000	0.000	0.000
40	N	0.000	0.000	0.000	0.000	0.000
>XP_001388767.1
pos	aa	C	S	n-reg	h-reg	c-reg
1	M	0.000	0.996	0.996	0.000	0.000
2	R	0.000	0.998	0.998	0.000	0.000
3	C	0.000	0.998	0.764	0.233	0.000
4	A	0.000	0.998	0.617	0.381	0.000
5	S	0.000	0.998	0.551	0.446	0.000
6	F	0.000	0.998	0.291	0.706	0.000
7	A	0.000	0.998	0.091	0.907	0.000
8	V	0.000	0.998	0.028	0.969	0.000
9	A	0.000	0.998	0.014	0.984	0.000
10	L	0.000	0.998	0.003	0.995	0.000
11	L	0.000	0.998	0.000	0.993	0.005
12	A	0.000	0.998	0.000	0.971	0.027
13	L	0.000	0.998	0.000	0.959	0.039
14	F	0.000	0.998	0.000	0.913	0.084
15	T	0.000	0.998	0.000	0.386	0.612
16	G	0.002	0.996	0.000	0.271	0.725
17	L	0.004	0.992	0.000	0.229	0.763
18	Y	0.009	0.983	0.000	0.164	0.819
19	S	0.000	0.983	0.000	0.006	0.977
20	Y	0.468	0.515	0.000	0.002	0.513
21	L	0.000	0.515	0.000	0.001	0.514
22	N	0.012	0.502	0.000	0.000	0.502
23	A	0.000	0.502	0.000	0.000	0.502
24	R	0.483	0.019	0.000	0.000	0.019
25	L	0.000	0.019	0.000	0.000	0.019
26	E	0.013	0.006	0.000	0.000	0.006
27	Q	0.000	0.006	0.000	0.000	0.006
28	F	0.002	0.004	0.000	0.000	0.004
29	Y	0.000	0.004	0.000	0.000	0.004
30	I	0.000	0.004	0.000	0.000	0.004
31	F	0.000	0.004	0.000	0.000	0.004
32	D	0.000	0.004	0.000	0.000	0.004
33	P	0.000	0.004	0.000	0.000	0.004
34	S	0.000	0.004	0.000	0.000	0.004
35	H	0.000	0.004	0.000	0.000	0.004
36	L	0.000	0.004	0.000	0.000	0.004
37	H	0.001	0.003	0.000	0.000	0.003
38	D	0.000	0.003	0.000	0.000	0.003
39	L	0.000	0.003	0.000	0.000	0.003
40	S	0.000	0.003	0.000	0.000	0.003
>XP_001388832.1
pos	aa	C	S	n-reg	h-reg	c-reg
1	M	0.000	0.060	0.060	0.000	0.000
2	W	0.000	0.060	0.060	0.000	0.000
3	L	0.000	0.060	0.056	0.003	0.000
4	I	0.000	0.060	0.055	0.004	0.000
5	N	0.000	0.060	0.055	0.005	0.000
6	W	0.000	0.060	0.048	0.012	0.000
7	F	0.000	0.060	0.041	0.019	0.000
8	Y	0.000	0.060	0.039	0.021	0.000
9	D	0.000	0.060	0.036	0.024	0.000
10	L	0.000	0.060	0.002	0.058	0.000
11	L	0.000	0.060	0.000	0.058	0.001
12	A	0.000	0.060	0.000	0.057	0.002
13	S	0.000	0.060	0.000	0.056	0.004
14	L	0.000	0.060	0.000	0.055	0.004
15	G	0.000	0.060	0.000	0.054	0.005
16	L	0.002	0.058	0.000	0.053	0.004
17	L	0.000	0.058	0.000	0.044	0.013
18	N	0.002	0.056	0.000	0.008	0.047
19	K	0.000	0.056	0.000	0.000	0.055
20	H	0.000	0.056	0.000	0.000	0.055
21	A	0.000	0.056	0.000	0.000	0.055
22	K	0.041	0.015	0.000	0.000	0.014
23	L	0.000	0.015	0.000	0.000	0.014
24	L	0.009	0.006	0.000	0.000	0.005
25	F	0.001	0.005	0.000	0.000	0.004
26	L	0.000	0.005	0.000	0.000	0.004
27	G	0.002	0.002	0.000	0.000	0.002
28	L	0.000	0.002	0.000	0.000	0.002
29	D	0.000	0.002	0.000	0.000	0.002
30	N	0.000	0.002	0.000	0.000	0.002
31	A	0.000	0.002	0.000	0.000	0.002
32	G	0.001	0.001	0.000	0.000	0.001
33	K	0.000	0.001	0.000	0.000	0.001
34	T	0.000	0.001	0.000	0.000	0.001
35	T	0.000	0.000	0.000	0.000	0.000
36	L	0.000	0.000	0.000	0.000	0.000
37	L	0.000	0.000	0.000	0.000	0.000
38	H	0.000	0.000	0.000	0.000	0.000
39	M	0.000	0.000	0.000	0.000	0.000
40	L	0.000	0.000	0.000	0.000	0.000
>XP_001388839.2
pos	aa	C	S	n-reg	h-reg	c-reg
1	F	0.000	0.301	0.301	0.000	0.000
2	W	0.000	0.458	0.458	0.000	0.000
3	R	0.000	0.458	0.458	0.000	0.000
4	V	0.000	0.458	0.455	0.003	0.000
5	S	0.000	0.458	0.455	0.004	0.000
6	P	0.000	0.458	0.446	0.013	0.000
7	L	0.000	0.458	0.384	0.074	0.000
8	D	0.000	0.458	0.377	0.081	0.000
9	A	0.000	0.458	0.191	0.267	0.000
10	I	0.000	0.458	0.042	0.416	0.000
11	I	0.000	0.458	0.011	0.448	0.000
12	F	0.000	0.458	0.004	0.454	0.000
13	F	0.000	0.458	0.002	0.456	0.000
14	I	0.000	0.458	0.001	0.456	0.001
15	G	0.000	0.458	0.001	0.444	0.014
16	V	0.000	0.458	0.001	0.442	0.015
17	I	0.000	0.458	0.001	0.427	0.030
18	V	0.000	0.458	0.001	0.265	0.192
19	T	0.000	0.458	0.001	0.201	0.256
20	V	0.009	0.448	0.001	0.188	0.260
21	F	0.000	0.438	0.001	0.172	0.264
22	T	0.000	0.397	0.001	0.118	0.278
23	S	0.223	0.135	0.001	0.068	0.066
24	I	0.036	0.080	0.001	0.048	0.031
25	E	0.000	0.033	0.001	0.000	0.032
26	D	0.000	0.033	0.001	0.000	0.032
27	G	0.000	0.033	0.001	0.000	0.032
28	I	0.010	0.023	0.001	0.000	0.022
29	Y	0.000	0.023	0.001	0.000	0.022
30	C	0.000	0.023	0.000	0.001	0.022
31	T	0.021	0.003	0.000	0.001	0.001
32	I	0.000	0.002	0.000	0.001	0.001
33	C	0.000	0.002	0.000	0.001	0.001
34	V	0.000	0.002	0.000	0.001	0.001
35	S	0.000	0.002	0.000	0.001	0.001
36	V	0.000	0.002	0.000	0.001	0.001
37	A	0.000	0.002	0.000	0.001	0.001
38	V	0.000	0.001	0.000	0.001	0.000
39	L	0.000	0.001	0.000	0.001	0.000
40	L	0.000	0.001	0.000	0.001	0.000
>XP_001388881.1
pos	aa	C	S	n-reg	h-reg	c-reg
1	M	0.000	0.992	0.992	0.000	0.000
2	M	0.000	0.992	0.992	0.000	0.000
3	F	0.000	0.992	0.990	0.002	0.000
4	P	0.000	0.992	0.985	0.007	0.000
5	P	0.000	0.992	0.962	0.031	0.000
6	S	0.000	0.992	0.756	0.236	0.000
7	I	0.000	0.992	0.209	0.784	0.000
8	L	0.000	0.992	0.053	0.939	0.000
9	F	0.000	0.992	0.027	0.966	0.000
10	G	0.000	0.992	0.018	0.974	0.000
11	L	0.000	0.992	0.002	0.990	0.000
12	A	0.000	0.992	0.001	0.990	0.001
13	V	0.000	0.992	0.000	0.990	0.003
14	G	0.000	0.992	0.000	0.985	0.008
15	I	0.000	0.992	0.000	0.944	0.048
16	A	0.000	0.992	0.000	0.669	0.324
17	S	0.003	0.989	0.000	0.505	0.484
18	I	0.002	0.987	0.000	0.430	0.556
19	V	0.000	0.987	0.000	0.058	0.929
20	P	0.000	0.987	0.000	0.007	0.979
21	T	0.003	0.983	0.000	0.002	0.982
22	I	0.003	0.980	0.000	0.001	0.979
23	A	0.000	0.980	0.000	0.000	0.980
24	Q	0.906	0.075	0.000	0.000	0.075
25	S	0.011	0.064	0.000	0.000	0.064
26	T	0.060	0.004	0.000	0.000	0.004
27	C	0.000	0.004	0.000	0.000	0.004
28	N	0.002	0.002	0.000	0.000	0.002
29	G	0.000	0.002	0.000	0.000	0.002
30	Q	0.001	0.001	0.000	0.000	0.001
31	A	0.000	0.001	0.000	0.000	0.001
32	E	0.001	0.000	0.000	0.000	0.000
33	Y	0.000	0.000	0.000	0.000	0.000
34	C	0.000	0.000	0.000	0.000	0.000
35	D	0.000	0.000	0.000	0.000	0.000
36	R	0.000	0.000	0.000	0.000	0.000
37	R	0.000	0.000	0.000	0.000	0.000
38	F	0.000	0.000	0.000	0.000	0.000
39	S	0.000	0.000	0.000	0.000	0.000
40	N	0.000	0.000	0.000	0.000	0.000
>XP_001388884.1
pos	aa	C	S	n-reg	h-reg	c-reg
1	M	0.000	0.994	0.994	0.000	0.000
2	L	0.000	0.994	0.994	0.000	0.000
3	V	0.000	0.994	0.994	0.000	0.000
4	A	0.000	0.994	0.994	0.000	0.000
5	M	0.000	0.994	0.994	0.000	0.000
6	R	0.000	0.994	0.994	0.000	0.000
7	R	0.000	0.994	0.989	0.005	0.000
8	T	0.000	0.994	0.741	0.254	0.000
9	A	0.000	0.994	0.397	0.598	0.000
10	T	0.000	0.994	0.222	0.772	0.000
11	L	0.000	0.994	0.043	0.951	0.000
12	L	0.000	0.994	0.004	0.990	0.000
13	S	0.000	0.994	0.003	0.991	0.000
14	A	0.000	0.994	0.001	0.993	0.000
15	L	0.000	0.994	0.000	0.994	0.000
16	G	0.000	0.994	0.000	0.964	0.030
17	L	0.000	0.994	0.000	0.896	0.098
18	T	0.000	0.994	0.000	0.772	0.223
19	A	0.000	0.994	0.000	0.635	0.359
20	Q	0.002	0.992	0.000	0.081	0.911
21	L	0.001	0.991	0.000	0.052	0.939
22	S	0.003	0.988	0.000	0.017	0.972
23	S	0.002	0.987	0.000	0.001	0.985
24	A	0.042	0.945	0.000	0.001	0.944
25	A	0.760	0.185	0.000	0.000	0.185
26	Y	0.075	0.109	0.000	0.000	0.109
27	T	0.000	0.109	0.000	0.000	0.109
28	L	0.074	0.035	0.000	0.000	0.035
29	Q	0.000	0.035	0.000	0.000	0.035
30	D	0.034	0.000	0.000	0.000	0.000
31	D	0.000	0.000	0.000	0.000	0.000
32	Y	0.000	0.000	0.000	0.000	0.000
33	S	0.000	0.000	0.000	0.000	0.000
34	G	0.000	0.000	0.000	0.000	0.000
35	S	0.000	0.000	0.000	0.000	0.000
36	G	0.000	0.000	0.000	0.000	0.000
37	F	0.000	0.000	0.000	0.000	0.000
38	F	0.000	0.000	0.000	0.000	0.000
39	D	0.000	0.000	0.000	0.000	0.000
40	G	0.000	0.000	0.000	0.000	0.000
>XP_001388885.1
pos	aa	C	S	n-reg	h-reg	c-reg
1	M	0.000	0.006	0.006	0.000	0.000
2	V	0.000	0.006	0.006	0.000	0.000
3	F	0.000	0.006	0.006	0.000	0.000
4	L	0.000	0.006	0.006	0.000	0.000
5	S	0.000	0.006	0.006	0.000	0.000
6	A	0.000	0.006	0.006	0.000	0.000
7	E	0.000	0.006	0.006	0.000	0.000
8	T	0.000	0.006	0.006	0.000	0.000
9	G	0.000	0.006	0.006	0.000	0.000
10	L	0.000	0.006	0.006	0.000	0.000
11	K	0.000	0.006	0.006	0.000	0.000
12	A	0.000	0.006	0.005	0.001	0.000
13	A	0.000	0.006	0.003	0.002	0.000
14	V	0.000	0.006	0.002	0.004	0.000
15	G	0.000	0.006	0.001	0.005	0.000
16	V	0.000	0.006	0.000	0.005	0.000
17	F	0.000	0.006	0.000	0.006	0.000
18	L	0.000	0.006	0.000	0.006	0.000
19	L	0.000	0.006	0.000	0.006	0.000
20	S	0.000	0.006	0.000	0.006	0.000
21	C	0.000	0.006	0.000	0.005	0.000
22	T	0.000	0.006	0.000	0.005	0.001
23	F	0.000	0.006	0.000	0.005	0.001
24	I	0.000	0.006	0.000	0.004	0.001
25	S	0.000	0.006	0.000	0.002	0.004
26	T	0.000	0.006	0.000	0.000	0.005
27	S	0.000	0.005	0.000	0.000	0.005
28	Y	0.001	0.004	0.000	0.000	0.004
29	K	0.000	0.004	0.000	0.000	0.004
30	T	0.000	0.004	0.000	0.000	0.004
31	T	0.000	0.004	0.000	0.000	0.004
32	F	0.000	0.004	0.000	0.000	0.004
33	A	0.000	0.004	0.000	0.000	0.004
34	F	0.004	0.000	0.000	0.000	0.000
35	D	0.000	0.000	0.000	0.000	0.000
36	H	0.000	0.000	0.000	0.000	0.000
37	P	0.000	0.000	0.000	0.000	0.000
38	L	0.000	0.000	0.000	0.000	0.000
39	I	0.000	0.000	0.000	0.000	0.000
40	T	0.000	0.000	0.000	0.000	0.000
>XP_001388887.1
pos	aa	C	S	n-reg	h-reg	c-reg
1	M	0.000	0.996	0.996	0.000	0.000
2	L	0.000	0.996	0.996	0.000	0.000
3	Q	0.000	0.996	0.996	0.001	0.000
4	P	0.000	0.996	0.989	0.008	0.000
5	S	0.000	0.996	0.954	0.042	0.000
6	S	0.000	0.996	0.730	0.266	0.000
7	A	0.000	0.996	0.236	0.761	0.000
8	L	0.000	0.996	0.051	0.946	0.000
9	L	0.000	0.996	0.011	0.985	0.000
10	F	0.000	0.996	0.002	0.994	0.000
11	V	0.000	0.996	0.000	0.996	0.000
12	T	0.000	0.996	0.000	0.995	0.001
13	S	0.000	0.996	0.000	0.991	0.005
14	L	0.000	0.996	0.000	0.983	0.013
15	L	0.000	0.996	0.000	0.920	0.076
16	A	0.000	0.996	0.000	0.820	0.176
17	A	0.001	0.995	0.000	0.721	0.273
18	L	0.006	0.989	0.000	0.260	0.729
19	P	0.000	0.989	0.000	0.018	0.971
20	V	0.010	0.979	0.000	0.001	0.978
21	N	0.000	0.979	0.000	0.000	0.979
22	A	0.000	0.979	0.000	0.000	0.979
23	D	0.856	0.123	0.000	0.000	0.123
24	G	0.000	0.123	0.000	0.000	0.123
25	L	0.121	0.002	0.000	0.000	0.002
26	Y	0.000	0.002	0.000	0.000	0.002
27	T	0.000	0.002	0.000	0.000	0.002
28	K	0.002	0.000	0.000	0.000	0.000
29	K	0.000	0.000	0.000	0.000	0.000
30	S	0.000	0.000	0.000	0.000	0.000
31	P	0.000	0.000	0.000	0.000	0.000
32	V	0.000	0.000	0.000	0.000	0.000
33	L	0.000	0.000	0.000	0.000	0.000
34	Q	0.000	0.000	0.000	0.000	0.000
35	V	0.000	0.000	0.000	0.000	0.000
36	N	0.000	0.000	0.000	0.000	0.000
37	Q	0.000	0.000	0.000	0.000	0.000
38	K	0.000	0.000	0.000	0.000	0.000
39	N	0.000	0.000	0.000	0.000	0.000
40	Y	0.000	0.000	0.000	0.000	0.000
>XP_001388923.1
pos	aa	C	S	n-reg	h-reg	c-reg
1	M	0.000	0.128	0.128	0.000	0.000
2	A	0.000	0.174	0.174	0.000	0.000
3	T	0.000	0.174	0.174	0.000	0.000
4	Q	0.000	0.174	0.174	0.001	0.000
5	L	0.000	0.174	0.171	0.003	0.000
6	E	0.000	0.174	0.171	0.003	0.000
7	I	0.000	0.174	0.166	0.008	0.000
8	F	0.000	0.174	0.165	0.009	0.000
9	V	0.000	0.174	0.163	0.011	0.000
10	R	0.000	0.174	0.163	0.012	0.000
11	A	0.000	0.174	0.143	0.031	0.000
12	L	0.000	0.174	0.128	0.046	0.000
13	S	0.000	0.174	0.125	0.047	0.002
14	R	0.000	0.174	0.123	0.048	0.002
15	L	0.000	0.174	0.047	0.125	0.003
16	L	0.000	0.174	0.041	0.130	0.003
17	G	0.000	0.174	0.040	0.128	0.006
18	W	0.002	0.172	0.040	0.127	0.006
19	I	0.000	0.172	0.039	0.124	0.009
20	Y	0.000	0.172	0.039	0.116	0.017
21	T	0.000	0.172	0.039	0.098	0.035
22	F	0.003	0.169	0.039	0.095	0.035
23	C	0.000	0.169	0.039	0.033	0.097
24	W	0.003	0.167	0.039	0.024	0.104
25	S	0.000	0.167	0.039	0.018	0.109
26	A	0.037	0.130	0.039	0.008	0.082
27	S	0.005	0.124	0.039	0.006	0.079
28	F	0.060	0.063	0.039	0.005	0.019
29	Y	0.000	0.061	0.039	0.002	0.019
30	P	0.000	0.059	0.039	0.000	0.019
31	Q	0.019	0.040	0.039	0.000	0.000
32	P	0.000	0.040	0.039	0.000	0.000
33	I	0.000	0.039	0.039	0.000	0.000
34	N	0.000	0.039	0.039	0.000	0.000
35	N	0.000	0.039	0.039	0.000	0.000
36	F	0.000	0.039	0.039	0.000	0.000
37	R	0.000	0.039	0.039	0.000	0.000
38	R	0.000	0.039	0.039	0.000	0.000
39	R	0.000	0.039	0.039	0.000	0.000
40	S	0.000	0.039	0.039	0.000	0.000
>XP_001388932.1
pos	aa	C	S	n-reg	h-reg	c-reg
1	M	0.000	0.993	0.993	0.000	0.000
2	V	0.000	0.994	0.994	0.000	0.000
3	S	0.000	0.994	0.994	0.000	0.000
4	I	0.000	0.994	0.994	0.000	0.000
5	Y	0.000	0.994	0.994	0.000	0.000
6	T	0.000	0.994	0.994	0.000	0.000
7	P	0.000	0.994	0.994	0.000	0.000
8	R	0.000	0.994	0.994	0.000	0.000
9	A	0.000	0.994	0.994	0.000	0.000
10	R	0.000	0.994	0.994	0.000	0.000
11	S	0.000	0.994	0.994	0.000	0.000
12	A	0.000	0.994	0.994	0.000	0.000
13	R	0.000	0.994	0.994	0.000	0.000
14	Q	0.000	0.994	0.994	0.000	0.000
15	H	0.000	0.994	0.994	0.000	0.000
16	S	0.000	0.994	0.993	0.000	0.000
17	Q	0.000	0.994	0.993	0.000	0.000
18	Q	0.000	0.994	0.993	0.001	0.000
19	Q	0.000	0.994	0.987	0.006	0.000
20	Q	0.000	0.994	0.863	0.131	0.000
21	L	0.000	0.994	0.262	0.731	0.000
22	S	0.000	0.994	0.193	0.801	0.000
23	I	0.000	0.994	0.069	0.925	0.000
24	L	0.000	0.994	0.004	0.989	0.000
25	L	0.000	0.994	0.001	0.992	0.000
26	C	0.000	0.993	0.001	0.993	0.000
27	T	0.000	0.994	0.000	0.993	0.000
28	L	0.000	0.994	0.000	0.992	0.001
29	L	0.000	0.994	0.000	0.970	0.024
30	A	0.000	0.994	0.000	0.944	0.050
31	L	0.000	0.993	0.000	0.920	0.073
32	P	0.000	0.993	0.000	0.036	0.957
33	S	0.001	0.993	0.000	0.022	0.971
34	V	0.000	0.993	0.000	0.020	0.972
35	L	0.000	0.993	0.000	0.015	0.977
36	G	0.001	0.992	0.000	0.001	0.990
37	S	0.953	0.039	0.000	0.001	0.038
38	V	0.008	0.031	0.000	0.000	0.030
39	L	0.000	0.031	0.000	0.000	0.030
40	P	0.000	0.030	0.000	0.000	0.030
>XP_001388934.2
pos	aa	C	S	n-reg	h-reg	c-reg
1	M	0.000	0.058	0.058	0.000	0.000
2	D	0.000	0.058	0.058	0.000	0.000
3	I	0.000	0.058	0.056	0.002	0.000
4	S	0.000	0.058	0.054	0.004	0.000
5	I	0.000	0.058	0.048	0.010	0.000
6	P	0.000	0.058	0.042	0.015	0.000
7	I	0.000	0.058	0.017	0.041	0.000
8	L	0.000	0.058	0.011	0.046	0.000
9	S	0.000	0.058	0.010	0.048	0.000
10	C	0.000	0.058	0.008	0.049	0.000
11	H	0.000	0.058	0.008	0.049	0.000
12	L	0.000	0.058	0.005	0.052	0.000
13	P	0.000	0.058	0.005	0.052	0.001
14	L	0.000	0.058	0.001	0.055	0.001
15	L	0.000	0.058	0.000	0.052	0.005
16	I	0.000	0.057	0.000	0.046	0.012
17	P	0.000	0.057	0.000	0.027	0.030
18	L	0.000	0.057	0.000	0.017	0.040
19	R	0.000	0.057	0.000	0.010	0.047
20	L	0.000	0.057	0.000	0.008	0.049
21	L	0.003	0.054	0.000	0.008	0.047
22	T	0.002	0.052	0.000	0.006	0.046
23	L	0.025	0.028	0.000	0.005	0.023
24	P	0.001	0.027	0.000	0.003	0.024
25	F	0.019	0.008	0.000	0.002	0.006
26	P	0.000	0.008	0.000	0.000	0.008
27	P	0.000	0.008	0.000	0.000	0.008
28	S	0.000	0.008	0.000	0.000	0.008
29	G	0.000	0.008	0.000	0.000	0.008
30	L	0.001	0.007	0.000	0.000	0.007
31	R	0.005	0.002	0.000	0.000	0.002
32	S	0.000	0.002	0.000	0.000	0.002
33	P	0.002	0.000	0.000	0.000	0.000
34	P	0.000	0.000	0.000	0.000	0.000
35	Y	0.000	0.000	0.000	0.000	0.000
36	L	0.000	0.000	0.000	0.000	0.000
37	Q	0.000	0.000	0.000	0.000	0.000
38	V	0.000	0.000	0.000	0.000	0.000
39	T	0.000	0.000	0.000	0.000	0.000
40	S	0.000	0.000	0.000	0.000	0.000
>XP_001388945.2
pos	aa	C	S	n-reg	h-reg	c-reg
1	M	0.000	0.740	0.740	0.000	0.000
2	L	0.000	0.991	0.991	0.000	0.000
3	G	0.000	0.991	0.986	0.005	0.000
4	P	0.000	0.991	0.973	0.017	0.000
5	I	0.000	0.991	0.936	0.055	0.000
6	V	0.000	0.991	0.893	0.097	0.000
7	G	0.000	0.991	0.846	0.144	0.000
8	S	0.000	0.991	0.769	0.222	0.000
9	A	0.000	0.991	0.515	0.475	0.000
10	M	0.000	0.991	0.318	0.673	0.000
11	L	0.000	0.991	0.120	0.870	0.000
12	L	0.000	0.991	0.071	0.914	0.005
13	V	0.000	0.991	0.059	0.912	0.019
14	A	0.000	0.991	0.056	0.895	0.039
15	T	0.000	0.990	0.054	0.874	0.062
16	A	0.001	0.989	0.052	0.870	0.067
17	I	0.028	0.961	0.049	0.861	0.051
18	F	0.000	0.961	0.049	0.811	0.102
19	L	0.000	0.961	0.048	0.746	0.166
20	Y	0.022	0.937	0.048	0.567	0.321
21	Y	0.000	0.933	0.048	0.323	0.562
22	T	0.000	0.928	0.048	0.253	0.627
23	T	0.002	0.921	0.048	0.197	0.676
24	W	0.002	0.915	0.048	0.190	0.677
25	T	0.000	0.908	0.048	0.181	0.679
26	L	0.257	0.645	0.048	0.175	0.423
27	L	0.005	0.624	0.048	0.157	0.418
28	M	0.178	0.398	0.048	0.108	0.242
29	P	0.000	0.348	0.048	0.056	0.245
30	F	0.073	0.269	0.048	0.050	0.172
31	V	0.000	0.255	0.048	0.035	0.172
32	D	0.000	0.220	0.048	0.001	0.172
33	P	0.000	0.220	0.048	0.000	0.172
34	G	0.016	0.204	0.048	0.000	0.156
35	H	0.007	0.197	0.048	0.000	0.149
36	P	0.000	0.197	0.048	0.000	0.149
37	L	0.016	0.181	0.048	0.000	0.133
38	H	0.000	0.181	0.048	0.000	0.133
39	D	0.000	0.181	0.048	0.000	0.133
40	L	0.000	0.181	0.048	0.000	0.133
>XP_001388948.1
pos	aa	C	S	n-reg	h-reg	c-reg
1	M	0.000	0.999	0.999	0.000	0.000
2	K	0.000	0.999	0.999	0.000	0.000
3	F	0.000	0.999	0.987	0.012	0.000
4	N	0.000	0.999	0.981	0.018	0.000
5	S	0.000	0.999	0.930	0.070	0.000
6	A	0.000	0.999	0.593	0.406	0.000
7	I	0.000	0.999	0.191	0.809	0.000
8	A	0.000	0.999	0.098	0.901	0.000
9	L	0.000	0.999	0.039	0.960	0.000
10	S	0.000	0.999	0.026	0.973	0.000
11	S	0.000	0.999	0.007	0.992	0.001
12	L	0.000	0.999	0.000	0.998	0.001
13	L	0.000	0.999	0.000	0.996	0.004
14	A	0.000	0.999	0.000	0.858	0.142
15	L	0.000	0.999	0.000	0.828	0.172
16	A	0.000	0.999	0.000	0.766	0.234
17	V	0.001	0.998	0.000	0.711	0.287
18	A	0.000	0.998	0.000	0.416	0.582
19	Q	0.160	0.838	0.000	0.045	0.794
20	D	0.005	0.833	0.000	0.001	0.832
21	S	0.000	0.833	0.000	0.000	0.832
22	S	0.004	0.829	0.000	0.000	0.828
23	S	0.017	0.812	0.000	0.000	0.812
24	T	0.020	0.792	0.000	0.000	0.792
25	T	0.007	0.785	0.000	0.000	0.785
26	S	0.008	0.777	0.000	0.000	0.777
27	A	0.047	0.730	0.000	0.000	0.730
28	A	0.268	0.462	0.000	0.000	0.462
29	T	0.013	0.449	0.000	0.000	0.449
30	T	0.002	0.447	0.000	0.000	0.447
31	T	0.001	0.446	0.000	0.000	0.446
32	A	0.005	0.442	0.000	0.000	0.442
33	S	0.028	0.414	0.000	0.000	0.414
34	L	0.024	0.390	0.000	0.000	0.390
35	S	0.003	0.387	0.000	0.000	0.387
36	P	0.001	0.386	0.000	0.000	0.386
37	Q	0.002	0.385	0.000	0.000	0.385
38	A	0.002	0.383	0.000	0.000	0.383
39	S	0.001	0.382	0.000	0.000	0.382
40	C	0.000	0.381	0.000	0.000	0.381
>XP_001388952.1
pos	aa	C	S	n-reg	h-reg	c-reg
1	M	0.000	0.999	0.999	0.000	0.000
2	I	0.000	0.999	0.999	0.000	0.000
3	L	0.000	0.999	0.933	0.066	0.000
4	S	0.000	0.999	0.898	0.101	0.000
5	S	0.000	0.999	0.844	0.155	0.000
6	T	0.000	0.999	0.507	0.492	0.000
7	L	0.000	0.999	0.082	0.917	0.000
8	L	0.000	0.999	0.048	0.951	0.000
9	P	0.000	0.999	0.041	0.958	0.000
10	I	0.000	0.999	0.000	0.999	0.000
11	L	0.000	0.999	0.000	0.999	0.000
12	T	0.000	0.999	0.000	0.998	0.001
13	I	0.000	0.999	0.000	0.998	0.001
14	L	0.000	0.999	0.000	0.967	0.032
15	L	0.000	0.999	0.000	0.781	0.218
16	S	0.000	0.999	0.000	0.613	0.386
17	I	0.001	0.998	0.000	0.553	0.445
18	P	0.000	0.998	0.000	0.005	0.993
19	N	0.000	0.998	0.000	0.000	0.998
20	T	0.000	0.998	0.000	0.000	0.998
21	L	0.000	0.998	0.000	0.000	0.998
22	A	0.000	0.997	0.000	0.000	0.997
23	H	0.992	0.005	0.000	0.000	0.005
24	P	0.000	0.005	0.000	0.000	0.005
25	T	0.004	0.002	0.000	0.000	0.002
26	T	0.000	0.002	0.000	0.000	0.002
27	D	0.000	0.001	0.000	0.000	0.001
28	D	0.000	0.001	0.000	0.000	0.001
29	L	0.000	0.001	0.000	0.000	0.001
30	S	0.000	0.001	0.000	0.000	0.001
31	L	0.000	0.001	0.000	0.000	0.001
32	S	0.000	0.001	0.000	0.000	0.001
33	F	0.000	0.001	0.000	0.000	0.001
34	R	0.000	0.001	0.000	0.000	0.001
35	L	0.000	0.001	0.000	0.000	0.001
36	A	0.000	0.001	0.000	0.000	0.001
37	P	0.000	0.001	0.000	0.000	0.001
38	T	0.000	0.001	0.000	0.000	0.001
39	Q	0.000	0.001	0.000	0.000	0.001
40	A	0.000	0.001	0.000	0.000	0.001
>XP_001388959.2
pos	aa	C	S	n-reg	h-reg	c-reg
1	M	0.000	0.999	0.999	0.000	0.000
2	T	0.000	0.999	0.999	0.000	0.000
3	G	0.000	0.999	0.874	0.125	0.000
4	S	0.000	0.999	0.594	0.405	0.000
5	I	0.000	0.999	0.334	0.665	0.000
6	C	0.000	0.999	0.084	0.915	0.000
7	F	0.000	0.999	0.009	0.990	0.000
8	L	0.000	0.999	0.004	0.995	0.000
9	F	0.000	0.999	0.001	0.998	0.000
10	L	0.000	0.999	0.000	0.999	0.000
11	L	0.000	0.999	0.000	0.997	0.002
12	L	0.000	0.999	0.000	0.978	0.021
13	C	0.000	0.999	0.000	0.933	0.066
14	F	0.000	0.999	0.000	0.647	0.352
15	P	0.000	0.999	0.000	0.104	0.895
16	S	0.001	0.998	0.000	0.080	0.918
17	L	0.000	0.998	0.000	0.058	0.940
18	S	0.001	0.997	0.000	0.010	0.987
19	L	0.445	0.552	0.000	0.006	0.547
20	Y	0.448	0.104	0.000	0.004	0.101
21	P	0.000	0.104	0.000	0.000	0.104
22	P	0.002	0.102	0.000	0.000	0.102
23	G	0.001	0.101	0.000	0.000	0.101
24	S	0.003	0.098	0.000	0.000	0.098
25	P	0.000	0.098	0.000	0.000	0.098
26	H	0.094	0.004	0.000	0.000	0.004
27	H	0.000	0.004	0.000	0.000	0.004
28	P	0.000	0.004	0.000	0.000	0.004
29	T	0.000	0.003	0.000	0.000	0.003
30	I	0.000	0.003	0.000	0.000	0.003
31	T	0.000	0.003	0.000	0.000	0.003
32	M	0.000	0.003	0.000	0.000	0.003
33	A	0.000	0.003	0.000	0.000	0.003
34	P	0.003	0.000	0.000	0.000	0.000
35	K	0.000	0.000	0.000	0.000	0.000
36	I	0.000	0.000	0.000	0.000	0.000
37	A	0.000	0.000	0.000	0.000	0.000
38	I	0.000	0.000	0.000	0.000	0.000
39	V	0.000	0.000	0.000	0.000	0.000
40	F	0.000	0.000	0.000	0.000	0.000
>XP_001388985.2
pos	aa	C	S	n-reg	h-reg	c-reg
1	M	0.000	0.023	0.023	0.000	0.000
2	P	0.000	0.023	0.023	0.000	0.000
3	S	0.000	0.023	0.023	0.000	0.000
4	S	0.000	0.023	0.023	0.000	0.000
5	R	0.000	0.023	0.023	0.000	0.000
6	W	0.000	0.023	0.019	0.004	0.000
7	W	0.000	0.023	0.013	0.010	0.000
8	L	0.000	0.023	0.009	0.014	0.000
9	Y	0.000	0.023	0.008	0.015	0.000
10	V	0.000	0.023	0.007	0.016	0.000
11	Q	0.000	0.023	0.007	0.016	0.000
12	A	0.000	0.023	0.006	0.017	0.000
13	V	0.000	0.023	0.006	0.017	0.000
14	V	0.000	0.023	0.005	0.016	0.001
15	W	0.000	0.023	0.005	0.013	0.005
16	R	0.000	0.023	0.005	0.011	0.007
17	F	0.000	0.023	0.002	0.013	0.008
18	L	0.000	0.023	0.000	0.011	0.012
19	M	0.002	0.021	0.000	0.008	0.013
20	R	0.000	0.021	0.000	0.007	0.014
21	I	0.000	0.021	0.000	0.006	0.015
22	G	0.000	0.021	0.000	0.006	0.015
23	M	0.007	0.014	0.000	0.006	0.008
24	F	0.000	0.014	0.000	0.005	0.009
25	L	0.000	0.014	0.000	0.005	0.009
26	H	0.007	0.007	0.000	0.001	0.006
27	D	0.000	0.007	0.000	0.000	0.007
28	V	0.000	0.007	0.000	0.000	0.007
29	T	0.000	0.007	0.000	0.000	0.007
30	P	0.000	0.007	0.000	0.000	0.007
31	P	0.004	0.003	0.000	0.000	0.003
32	R	0.002	0.001	0.000	0.000	0.000
33	P	0.000	0.001	0.000	0.000	0.000
34	P	0.000	0.001	0.000	0.000	0.000
35	R	0.000	0.000	0.000	0.000	0.000
36	P	0.000	0.000	0.000	0.000	0.000
37	A	0.000	0.000	0.000	0.000	0.000
38	F	0.000	0.000	0.000	0.000	0.000
39	V	0.000	0.000	0.000	0.000	0.000
40	R	0.000	0.000	0.000	0.000	0.000
>XP_001388987.1
pos	aa	C	S	n-reg	h-reg	c-reg
1	M	0.000	0.999	0.999	0.000	0.000
2	P	0.000	1.000	1.000	0.000	0.000
3	L	0.000	1.000	1.000	0.000	0.000
4	T	0.000	1.000	1.000	0.000	0.000
5	L	0.000	1.000	1.000	0.000	0.000
6	P	0.000	1.000	1.000	0.000	0.000
7	S	0.000	1.000	1.000	0.000	0.000
8	L	0.000	1.000	1.000	0.000	0.000
9	P	0.000	1.000	1.000	0.000	0.000
10	R	0.000	1.000	1.000	0.000	0.000
11	H	0.000	1.000	1.000	0.000	0.000
12	V	0.000	1.000	0.996	0.004	0.000
13	P	0.000	1.000	0.992	0.008	0.000
14	S	0.000	1.000	0.939	0.061	0.000
15	F	0.000	1.000	0.608	0.392	0.000
16	L	0.000	1.000	0.418	0.582	0.000
17	P	0.000	1.000	0.388	0.612	0.000
18	Y	0.000	1.000	0.262	0.738	0.000
19	I	0.000	1.000	0.029	0.970	0.000
20	L	0.000	1.000	0.001	0.999	0.000
21	L	0.000	1.000	0.000	1.000	0.000
22	A	0.000	1.000	0.000	0.999	0.000
23	L	0.000	1.000	0.000	0.997	0.003
24	L	0.000	1.000	0.000	0.986	0.014
25	L	0.000	1.000	0.000	0.968	0.032
26	L	0.000	1.000	0.000	0.863	0.137
27	T	0.000	1.000	0.000	0.195	0.805
28	T	0.000	1.000	0.000	0.019	0.981
29	L	0.000	1.000	0.000	0.011	0.989
30	A	0.001	0.999	0.000	0.001	0.998
31	A	0.124	0.874	0.000	0.001	0.873
32	A	0.652	0.222	0.000	0.000	0.222
33	N	0.221	0.001	0.000	0.000	0.001
34	V	0.000	0.001	0.000	0.000	0.001
35	E	0.000	0.001	0.000	0.000	0.001
36	K	0.000	0.001	0.000	0.000	0.001
37	T	0.000	0.001	0.000	0.000	0.001
38	I	0.000	0.001	0.000	0.000	0.001
39	F	0.000	0.001	0.000	0.000	0.001
40	L	0.000	0.001	0.000	0.000	0.001
