>XP_001401829.1
pos	aa	C	S	n-reg	h-reg	c-reg
1	M	0.000	0.372	0.372	0.000	0.000
2	N	0.000	0.375	0.375	0.000	0.000
3	F	0.000	0.375	0.375	0.000	0.000
4	N	0.000	0.375	0.375	0.000	0.000
5	V	0.000	0.375	0.375	0.000	0.000
6	R	0.000	0.375	0.375	0.000	0.000
7	Q	0.000	0.375	0.375	0.000	0.000
8	V	0.000	0.375	0.375	0.000	0.000
9	Q	0.000	0.375	0.375	0.000	0.000
10	T	0.000	0.375	0.375	0.000	0.000
11	H	0.000	0.375	0.375	0.000	0.000
12	L	0.000	0.375	0.375	0.000	0.000
13	F	0.000	0.375	0.374	0.001	0.000
14	R	0.000	0.375	0.374	0.001	0.000
15	L	0.000	0.375	0.369	0.006	0.000
16	T	0.000	0.375	0.366	0.009	0.000
17	I	0.000	0.375	0.360	0.015	0.000
18	S	0.000	0.375	0.355	0.020	0.000
19	T	0.000	0.375	0.312	0.063	0.000
20	A	0.000	0.375	0.224	0.150	0.000
21	S	0.000	0.375	0.154	0.221	0.000
22	F	0.000	0.375	0.054	0.320	0.000
23	C	0.000	0.375	0.013	0.362	0.001
24	F	0.000	0.375	0.003	0.372	0.001
25	L	0.000	0.375	0.000	0.374	0.001
26	L	0.000	0.375	0.000	0.373	0.002
27	F	0.000	0.375	0.000	0.369	0.006
28	L	0.000	0.375	0.000	0.366	0.008
29	Y	0.000	0.374	0.000	0.357	0.017
30	I	0.000	0.374	0.000	0.350	0.024
31	S	0.000	0.373	0.000	0.194	0.179
32	F	0.001	0.372	0.000	0.092	0.280
33	E	0.000	0.371	0.000	0.008	0.363
34	W	0.000	0.371	0.000	0.005	0.366
35	S	0.000	0.371	0.000	0.000	0.371
36	P	0.001	0.370	0.000	0.000	0.370
37	S	0.000	0.370	0.000	0.000	0.370
38	A	0.029	0.341	0.000	0.000	0.341
39	S	0.011	0.330	0.000	0.000	0.330
40	D	0.311	0.019	0.000	0.000	0.019
>XP_001401844.2
pos	aa	C	S	n-reg	h-reg	c-reg
1	M	0.000	0.360	0.360	0.000	0.000
2	L	0.000	0.385	0.385	0.000	0.000
3	T	0.000	0.385	0.385	0.000	0.000
4	S	0.000	0.385	0.385	0.000	0.000
5	G	0.000	0.385	0.385	0.000	0.000
6	L	0.000	0.385	0.384	0.001	0.000
7	T	0.000	0.385	0.384	0.001	0.000
8	N	0.000	0.385	0.384	0.001	0.000
9	A	0.000	0.385	0.381	0.004	0.000
10	S	0.000	0.385	0.378	0.007	0.000
11	I	0.000	0.385	0.373	0.013	0.000
12	S	0.000	0.385	0.371	0.014	0.000
13	K	0.000	0.385	0.369	0.016	0.000
14	S	0.000	0.385	0.227	0.158	0.000
15	L	0.000	0.385	0.015	0.370	0.000
16	L	0.000	0.385	0.007	0.379	0.000
17	I	0.000	0.385	0.004	0.381	0.001
18	Y	0.000	0.385	0.003	0.380	0.002
19	T	0.000	0.385	0.002	0.379	0.004
20	I	0.000	0.385	0.002	0.378	0.005
21	A	0.000	0.385	0.001	0.374	0.010
22	S	0.001	0.385	0.001	0.327	0.057
23	S	0.000	0.384	0.001	0.050	0.334
24	V	0.001	0.384	0.001	0.040	0.342
25	A	0.000	0.384	0.001	0.032	0.351
26	L	0.009	0.374	0.001	0.031	0.342
27	A	0.023	0.350	0.001	0.026	0.322
28	I	0.318	0.029	0.001	0.023	0.005
29	F	0.000	0.023	0.001	0.017	0.006
30	D	0.000	0.010	0.001	0.001	0.007
31	L	0.000	0.009	0.001	0.001	0.007
32	K	0.002	0.006	0.001	0.000	0.005
33	H	0.000	0.006	0.001	0.000	0.005
34	L	0.000	0.006	0.001	0.000	0.005
35	T	0.003	0.003	0.001	0.000	0.002
36	S	0.000	0.003	0.001	0.000	0.002
37	I	0.002	0.001	0.001	0.000	0.000
38	Q	0.000	0.001	0.001	0.000	0.000
39	V	0.000	0.001	0.001	0.000	0.000
40	V	0.000	0.001	0.001	0.000	0.000
>XP_001401863.1
pos	aa	C	S	n-reg	h-reg	c-reg
1	M	0.000	0.167	0.167	0.000	0.000
2	K	0.000	0.167	0.167	0.000	0.000
3	A	0.000	0.167	0.080	0.087	0.000
4	L	0.000	0.167	0.008	0.159	0.000
5	I	0.000	0.167	0.002	0.165	0.000
6	L	0.000	0.167	0.001	0.166	0.000
7	V	0.000	0.167	0.001	0.166	0.000
8	G	0.000	0.167	0.001	0.166	0.000
9	G	0.000	0.167	0.001	0.166	0.000
10	F	0.000	0.167	0.000	0.166	0.001
11	G	0.000	0.167	0.000	0.131	0.035
12	T	0.000	0.167	0.000	0.057	0.110
13	R	0.000	0.167	0.000	0.019	0.148
14	L	0.000	0.167	0.000	0.015	0.151
15	R	0.035	0.131	0.000	0.003	0.128
16	P	0.000	0.131	0.000	0.000	0.131
17	L	0.035	0.096	0.000	0.000	0.095
18	T	0.000	0.096	0.000	0.000	0.095
19	L	0.001	0.095	0.000	0.000	0.094
20	T	0.002	0.093	0.000	0.000	0.092
21	L	0.083	0.010	0.000	0.000	0.009
22	P	0.000	0.010	0.000	0.000	0.009
23	K	0.009	0.001	0.000	0.000	0.000
24	P	0.000	0.001	0.000	0.000	0.000
25	L	0.000	0.001	0.000	0.000	0.000
26	V	0.000	0.001	0.000	0.000	0.000
27	E	0.000	0.001	0.000	0.000	0.000
28	F	0.000	0.001	0.000	0.000	0.000
29	A	0.000	0.001	0.000	0.000	0.000
30	N	0.000	0.001	0.000	0.000	0.000
31	R	0.000	0.001	0.000	0.000	0.000
32	P	0.000	0.001	0.000	0.000	0.000
33	M	0.000	0.001	0.000	0.000	0.000
34	I	0.000	0.001	0.000	0.000	0.000
35	L	0.000	0.000	0.000	0.000	0.000
36	H	0.000	0.000	0.000	0.000	0.000
37	Q	0.000	0.000	0.000	0.000	0.000
38	V	0.000	0.000	0.000	0.000	0.000
39	E	0.000	0.000	0.000	0.000	0.000
40	S	0.000	0.000	0.000	0.000	0.000
>XP_001401876.1
pos	aa	C	S	n-reg	h-reg	c-reg
1	M	0.000	0.954	0.954	0.000	0.000
2	A	0.000	0.963	0.963	0.000	0.000
3	I	0.000	0.963	0.963	0.000	0.000
4	N	0.000	0.963	0.963	0.000	0.000
5	V	0.000	0.963	0.963	0.000	0.000
6	Q	0.000	0.963	0.963	0.000	0.000
7	R	0.000	0.963	0.963	0.000	0.000
8	V	0.000	0.963	0.961	0.002	0.000
9	L	0.000	0.963	0.960	0.003	0.000
10	N	0.000	0.963	0.959	0.004	0.000
11	L	0.000	0.963	0.938	0.025	0.000
12	T	0.000	0.963	0.925	0.039	0.000
13	V	0.000	0.963	0.877	0.086	0.000
14	F	0.000	0.963	0.845	0.118	0.000
15	T	0.000	0.963	0.793	0.170	0.000
16	F	0.000	0.963	0.368	0.595	0.000
17	F	0.000	0.963	0.165	0.798	0.000
18	S	0.000	0.963	0.120	0.843	0.000
19	V	0.000	0.963	0.039	0.924	0.000
20	V	0.000	0.963	0.001	0.961	0.001
21	L	0.000	0.963	0.000	0.962	0.002
22	F	0.000	0.963	0.000	0.956	0.007
23	L	0.000	0.963	0.000	0.943	0.020
24	C	0.000	0.963	0.000	0.918	0.045
25	I	0.000	0.962	0.000	0.893	0.069
26	I	0.000	0.962	0.000	0.863	0.099
27	L	0.000	0.961	0.000	0.820	0.141
28	T	0.003	0.954	0.000	0.021	0.933
29	P	0.001	0.950	0.000	0.002	0.948
30	A	0.004	0.946	0.000	0.001	0.946
31	D	0.039	0.907	0.000	0.000	0.907
32	A	0.000	0.907	0.000	0.000	0.907
33	I	0.904	0.003	0.000	0.000	0.003
34	Y	0.000	0.003	0.000	0.000	0.003
35	Q	0.000	0.003	0.000	0.000	0.003
36	C	0.003	0.001	0.000	0.000	0.001
37	Y	0.001	0.000	0.000	0.000	0.000
38	I	0.000	0.000	0.000	0.000	0.000
39	T	0.000	0.000	0.000	0.000	0.000
40	Q	0.000	0.000	0.000	0.000	0.000
>XP_001401907.2
pos	aa	C	S	n-reg	h-reg	c-reg
1	M	0.000	0.903	0.903	0.000	0.000
2	I	0.000	0.916	0.916	0.000	0.000
3	P	0.000	0.916	0.916	0.000	0.000
4	H	0.000	0.916	0.916	0.000	0.000
5	R	0.000	0.916	0.916	0.000	0.000
6	S	0.000	0.916	0.898	0.018	0.000
7	T	0.000	0.916	0.845	0.071	0.000
8	A	0.000	0.916	0.715	0.201	0.000
9	L	0.000	0.916	0.443	0.473	0.000
10	I	0.000	0.916	0.352	0.564	0.000
11	T	0.000	0.916	0.280	0.636	0.000
12	I	0.000	0.916	0.095	0.821	0.000
13	I	0.000	0.916	0.028	0.888	0.000
14	V	0.000	0.916	0.010	0.905	0.000
15	F	0.000	0.916	0.003	0.912	0.000
16	V	0.000	0.916	0.001	0.911	0.004
17	A	0.000	0.916	0.000	0.879	0.037
18	L	0.000	0.916	0.000	0.858	0.057
19	V	0.000	0.915	0.000	0.822	0.093
20	L	0.000	0.915	0.000	0.610	0.306
21	V	0.000	0.915	0.000	0.414	0.500
22	I	0.000	0.914	0.000	0.339	0.574
23	F	0.000	0.912	0.000	0.213	0.698
24	S	0.000	0.907	0.000	0.025	0.881
25	S	0.326	0.578	0.000	0.007	0.571
26	S	0.118	0.459	0.000	0.003	0.456
27	P	0.052	0.406	0.000	0.000	0.406
28	T	0.122	0.284	0.000	0.000	0.284
29	T	0.135	0.149	0.000	0.000	0.149
30	D	0.021	0.128	0.000	0.000	0.128
31	P	0.000	0.128	0.000	0.000	0.128
32	S	0.101	0.027	0.000	0.000	0.027
33	T	0.004	0.023	0.000	0.000	0.023
34	G	0.000	0.023	0.000	0.000	0.023
35	E	0.022	0.000	0.000	0.000	0.000
36	E	0.000	0.000	0.000	0.000	0.000
37	V	0.000	0.000	0.000	0.000	0.000
38	S	0.000	0.000	0.000	0.000	0.000
39	G	0.000	0.000	0.000	0.000	0.000
40	P	0.000	0.000	0.000	0.000	0.000
>XP_001401917.1
pos	aa	C	S	n-reg	h-reg	c-reg
1	M	0.000	0.027	0.027	0.000	0.000
2	R	0.000	0.027	0.027	0.000	0.000
3	F	0.000	0.027	0.024	0.003	0.000
4	L	0.000	0.027	0.021	0.005	0.000
5	T	0.000	0.027	0.021	0.006	0.000
6	Y	0.000	0.027	0.020	0.007	0.000
7	S	0.000	0.027	0.017	0.010	0.000
8	L	0.000	0.027	0.012	0.015	0.000
9	P	0.000	0.027	0.010	0.016	0.000
10	F	0.000	0.027	0.004	0.023	0.000
11	I	0.000	0.027	0.001	0.025	0.001
12	A	0.000	0.027	0.001	0.023	0.003
13	S	0.000	0.027	0.000	0.023	0.003
14	A	0.000	0.027	0.000	0.023	0.004
15	I	0.001	0.026	0.000	0.022	0.004
16	S	0.000	0.026	0.000	0.020	0.006
17	L	0.001	0.025	0.000	0.019	0.006
18	F	0.000	0.024	0.000	0.016	0.008
19	G	0.000	0.024	0.000	0.013	0.012
20	V	0.003	0.021	0.000	0.005	0.016
21	N	0.000	0.021	0.000	0.002	0.019
22	V	0.000	0.021	0.000	0.000	0.021
23	Q	0.000	0.021	0.000	0.000	0.021
24	A	0.001	0.021	0.000	0.000	0.021
25	R	0.014	0.007	0.000	0.000	0.007
26	S	0.000	0.007	0.000	0.000	0.007
27	Q	0.006	0.001	0.000	0.000	0.001
28	A	0.000	0.000	0.000	0.000	0.000
29	P	0.000	0.000	0.000	0.000	0.000
30	S	0.000	0.000	0.000	0.000	0.000
31	A	0.000	0.000	0.000	0.000	0.000
32	I	0.000	0.000	0.000	0.000	0.000
33	R	0.000	0.000	0.000	0.000	0.000
34	H	0.000	0.000	0.000	0.000	0.000
35	V	0.000	0.000	0.000	0.000	0.000
36	S	0.000	0.000	0.000	0.000	0.000
37	T	0.000	0.000	0.000	0.000	0.000
38	L	0.000	0.000	0.000	0.000	0.000
39	D	0.000	0.000	0.000	0.000	0.000
40	Q	0.000	0.000	0.000	0.000	0.000
>XP_001401935.2
pos	aa	C	S	n-reg	h-reg	c-reg
1	M	0.000	0.921	0.921	0.000	0.000
2	T	0.000	0.984	0.984	0.000	0.000
3	S	0.000	0.984	0.919	0.065	0.000
4	T	0.000	0.984	0.758	0.226	0.000
5	F	0.000	0.984	0.575	0.409	0.000
6	L	0.000	0.984	0.467	0.516	0.000
7	L	0.000	0.984	0.447	0.536	0.000
8	S	0.000	0.984	0.446	0.538	0.000
9	R	0.000	0.984	0.442	0.542	0.000
10	L	0.000	0.984	0.234	0.750	0.000
11	L	0.000	0.984	0.165	0.813	0.005
12	A	0.000	0.984	0.144	0.804	0.035
13	A	0.000	0.984	0.130	0.635	0.219
14	L	0.000	0.984	0.120	0.606	0.257
15	T	0.000	0.984	0.118	0.494	0.372
16	L	0.003	0.980	0.117	0.451	0.412
17	S	0.001	0.979	0.117	0.355	0.507
18	K	0.241	0.738	0.117	0.269	0.352
19	P	0.000	0.738	0.106	0.274	0.358
20	L	0.023	0.715	0.069	0.309	0.337
21	F	0.000	0.715	0.065	0.267	0.383
22	L	0.000	0.715	0.063	0.157	0.495
23	T	0.022	0.693	0.063	0.081	0.549
24	P	0.000	0.693	0.063	0.060	0.570
25	Q	0.010	0.682	0.063	0.055	0.564
26	A	0.001	0.681	0.063	0.055	0.564
27	T	0.002	0.679	0.063	0.050	0.567
28	T	0.000	0.679	0.063	0.035	0.581
29	A	0.009	0.670	0.063	0.030	0.577
30	A	0.257	0.413	0.063	0.026	0.324
31	A	0.049	0.363	0.063	0.004	0.297
32	A	0.087	0.276	0.063	0.002	0.212
33	T	0.018	0.258	0.063	0.000	0.196
34	R	0.005	0.253	0.063	0.000	0.191
35	A	0.000	0.253	0.063	0.000	0.191
36	L	0.166	0.088	0.063	0.000	0.025
37	P	0.000	0.088	0.063	0.000	0.025
38	S	0.023	0.065	0.063	0.000	0.002
39	Y	0.000	0.064	0.063	0.000	0.002
40	L	0.000	0.064	0.063	0.000	0.002
>XP_001401947.2
pos	aa	C	S	n-reg	h-reg	c-reg
1	M	0.000	0.737	0.737	0.000	0.000
2	R	0.000	0.737	0.737	0.000	0.000
3	L	0.000	0.737	0.737	0.000	0.000
4	F	0.000	0.737	0.737	0.000	0.000
5	S	0.000	0.737	0.737	0.000	0.000
6	K	0.000	0.737	0.737	0.000	0.000
7	F	0.000	0.737	0.715	0.022	0.000
8	H	0.000	0.737	0.699	0.038	0.000
9	A	0.000	0.737	0.414	0.323	0.000
10	V	0.000	0.737	0.164	0.573	0.000
11	C	0.000	0.737	0.066	0.671	0.000
12	A	0.000	0.737	0.029	0.708	0.000
13	L	0.000	0.737	0.006	0.731	0.000
14	A	0.000	0.737	0.002	0.734	0.000
15	V	0.000	0.737	0.000	0.736	0.001
16	C	0.000	0.737	0.000	0.734	0.003
17	S	0.000	0.737	0.000	0.720	0.017
18	I	0.000	0.737	0.000	0.711	0.026
19	L	0.000	0.737	0.000	0.671	0.066
20	L	0.000	0.737	0.000	0.543	0.194
21	S	0.000	0.737	0.000	0.161	0.575
22	A	0.012	0.725	0.000	0.079	0.645
23	S	0.012	0.713	0.000	0.009	0.704
24	F	0.020	0.693	0.000	0.003	0.690
25	L	0.000	0.693	0.000	0.001	0.692
26	A	0.180	0.513	0.000	0.000	0.513
27	S	0.074	0.439	0.000	0.000	0.439
28	Q	0.339	0.099	0.000	0.000	0.099
29	H	0.085	0.014	0.000	0.000	0.014
30	Y	0.000	0.014	0.000	0.000	0.014
31	Y	0.000	0.014	0.000	0.000	0.014
32	R	0.000	0.014	0.000	0.000	0.014
33	R	0.000	0.014	0.000	0.000	0.014
34	V	0.000	0.014	0.000	0.000	0.014
35	V	0.000	0.014	0.000	0.000	0.014
36	L	0.000	0.014	0.000	0.000	0.014
37	T	0.001	0.013	0.000	0.000	0.013
38	K	0.013	0.000	0.000	0.000	0.000
39	E	0.000	0.000	0.000	0.000	0.000
40	P	0.000	0.000	0.000	0.000	0.000
>XP_001401974.2
pos	aa	C	S	n-reg	h-reg	c-reg
1	M	0.000	1.000	1.000	0.000	0.000
2	P	0.000	1.000	1.000	0.000	0.000
3	L	0.000	1.000	0.681	0.319	0.000
4	L	0.000	1.000	0.522	0.477	0.000
5	H	0.000	1.000	0.490	0.510	0.000
6	T	0.000	1.000	0.260	0.740	0.000
7	L	0.000	1.000	0.041	0.959	0.000
8	L	0.000	1.000	0.008	0.991	0.000
9	T	0.000	1.000	0.006	0.994	0.000
10	T	0.000	1.000	0.004	0.996	0.000
11	F	0.000	1.000	0.001	0.994	0.004
12	L	0.000	1.000	0.000	0.961	0.038
13	A	0.000	1.000	0.000	0.831	0.169
14	A	0.000	1.000	0.000	0.631	0.369
15	S	0.000	1.000	0.000	0.457	0.543
16	T	0.000	0.999	0.000	0.076	0.923
17	T	0.001	0.999	0.000	0.027	0.971
18	A	0.002	0.997	0.000	0.015	0.982
19	L	0.037	0.960	0.000	0.010	0.951
20	A	0.010	0.950	0.000	0.006	0.944
21	A	0.793	0.157	0.000	0.003	0.154
22	S	0.090	0.067	0.000	0.001	0.066
23	P	0.010	0.057	0.000	0.000	0.057
24	N	0.026	0.031	0.000	0.000	0.031
25	P	0.000	0.031	0.000	0.000	0.031
26	T	0.000	0.031	0.000	0.000	0.031
27	T	0.000	0.031	0.000	0.000	0.031
28	T	0.000	0.031	0.000	0.000	0.031
29	S	0.013	0.017	0.000	0.000	0.017
30	S	0.002	0.015	0.000	0.000	0.015
31	T	0.011	0.004	0.000	0.000	0.004
32	T	0.000	0.004	0.000	0.000	0.004
33	T	0.000	0.003	0.000	0.000	0.003
34	T	0.000	0.003	0.000	0.000	0.003
35	F	0.001	0.002	0.000	0.000	0.002
36	P	0.000	0.002	0.000	0.000	0.002
37	N	0.000	0.002	0.000	0.000	0.002
38	T	0.000	0.002	0.000	0.000	0.002
39	L	0.000	0.002	0.000	0.000	0.002
40	N	0.000	0.002	0.000	0.000	0.002
>XP_001401994.1
pos	aa	C	S	n-reg	h-reg	c-reg
1	M	0.000	0.974	0.974	0.000	0.000
2	R	0.000	0.974	0.974	0.000	0.000
3	F	0.000	0.974	0.537	0.437	0.000
4	T	0.000	0.974	0.399	0.575	0.000
5	P	0.000	0.974	0.358	0.616	0.000
6	V	0.000	0.974	0.062	0.912	0.000
7	V	0.000	0.974	0.014	0.960	0.000
8	A	0.000	0.974	0.004	0.970	0.000
9	L	0.000	0.974	0.000	0.973	0.000
10	L	0.000	0.974	0.000	0.972	0.002
11	P	0.000	0.974	0.000	0.712	0.261
12	A	0.000	0.974	0.000	0.483	0.491
13	L	0.000	0.974	0.000	0.447	0.527
14	A	0.000	0.974	0.000	0.232	0.742
15	V	0.024	0.950	0.000	0.179	0.771
16	A	0.000	0.950	0.000	0.085	0.865
17	Q	0.651	0.300	0.000	0.019	0.281
18	E	0.093	0.207	0.000	0.002	0.205
19	Q	0.000	0.207	0.000	0.000	0.207
20	V	0.010	0.197	0.000	0.000	0.197
21	P	0.000	0.197	0.000	0.000	0.197
22	L	0.003	0.194	0.000	0.000	0.193
23	A	0.023	0.171	0.000	0.000	0.171
24	D	0.166	0.005	0.000	0.000	0.005
25	R	0.000	0.005	0.000	0.000	0.005
26	V	0.000	0.005	0.000	0.000	0.005
27	Q	0.000	0.005	0.000	0.000	0.005
28	G	0.000	0.005	0.000	0.000	0.005
29	W	0.005	0.000	0.000	0.000	0.000
30	F	0.000	0.000	0.000	0.000	0.000
31	N	0.000	0.000	0.000	0.000	0.000
32	K	0.000	0.000	0.000	0.000	0.000
33	A	0.000	0.000	0.000	0.000	0.000
34	K	0.000	0.000	0.000	0.000	0.000
35	S	0.000	0.000	0.000	0.000	0.000
36	Y	0.000	0.000	0.000	0.000	0.000
37	L	0.000	0.000	0.000	0.000	0.000
38	P	0.000	0.000	0.000	0.000	0.000
39	T	0.000	0.000	0.000	0.000	0.000
40	A	0.000	0.000	0.000	0.000	0.000
>XP_001401998.1
pos	aa	C	S	n-reg	h-reg	c-reg
1	M	0.000	0.612	0.612	0.000	0.000
2	P	0.000	0.613	0.613	0.000	0.000
3	C	0.000	0.613	0.452	0.160	0.000
4	G	0.000	0.613	0.297	0.315	0.000
5	L	0.000	0.613	0.080	0.533	0.000
6	V	0.000	0.613	0.029	0.583	0.000
7	F	0.000	0.613	0.011	0.602	0.000
8	I	0.000	0.613	0.005	0.608	0.000
9	T	0.000	0.613	0.004	0.608	0.000
10	G	0.000	0.613	0.003	0.609	0.000
11	A	0.000	0.613	0.002	0.600	0.010
12	T	0.000	0.613	0.002	0.533	0.077
13	G	0.000	0.613	0.001	0.420	0.191
14	F	0.002	0.610	0.000	0.363	0.247
15	I	0.000	0.610	0.000	0.306	0.305
16	G	0.000	0.610	0.000	0.015	0.596
17	S	0.002	0.608	0.000	0.007	0.601
18	A	0.011	0.597	0.000	0.006	0.591
19	V	0.029	0.568	0.000	0.005	0.563
20	A	0.000	0.568	0.000	0.004	0.563
21	I	0.557	0.011	0.000	0.004	0.007
22	K	0.000	0.010	0.000	0.000	0.010
23	T	0.000	0.010	0.000	0.000	0.010
24	L	0.003	0.008	0.000	0.000	0.008
25	Q	0.001	0.007	0.000	0.000	0.007
26	A	0.001	0.006	0.000	0.000	0.006
27	G	0.006	0.001	0.000	0.000	0.001
28	Y	0.000	0.000	0.000	0.000	0.000
29	S	0.000	0.000	0.000	0.000	0.000
30	L	0.000	0.000	0.000	0.000	0.000
31	R	0.000	0.000	0.000	0.000	0.000
32	I	0.000	0.000	0.000	0.000	0.000
33	S	0.000	0.000	0.000	0.000	0.000
34	V	0.000	0.000	0.000	0.000	0.000
35	R	0.000	0.000	0.000	0.000	0.000
36	K	0.000	0.000	0.000	0.000	0.000
37	E	0.000	0.000	0.000	0.000	0.000
38	E	0.000	0.000	0.000	0.000	0.000
39	Q	0.000	0.000	0.000	0.000	0.000
40	I	0.000	0.000	0.000	0.000	0.000
>XP_001402029.1
pos	aa	C	S	n-reg	h-reg	c-reg
1	M	0.000	0.894	0.894	0.000	0.000
2	G	0.000	0.899	0.899	0.000	0.000
3	L	0.000	0.899	0.898	0.001	0.000
4	T	0.000	0.899	0.898	0.001	0.000
5	R	0.000	0.899	0.898	0.002	0.000
6	P	0.000	0.899	0.861	0.039	0.000
7	Y	0.000	0.899	0.591	0.309	0.000
8	L	0.000	0.899	0.281	0.619	0.000
9	L	0.000	0.899	0.192	0.707	0.000
10	L	0.000	0.899	0.163	0.737	0.000
11	Y	0.000	0.899	0.156	0.743	0.000
12	N	0.000	0.899	0.148	0.751	0.001
13	A	0.000	0.899	0.070	0.828	0.001
14	L	0.000	0.899	0.017	0.880	0.003
15	S	0.000	0.899	0.012	0.858	0.030
16	L	0.000	0.899	0.004	0.776	0.119
17	T	0.000	0.899	0.003	0.704	0.192
18	L	0.001	0.898	0.002	0.575	0.322
19	W	0.000	0.898	0.002	0.307	0.589
20	A	0.000	0.898	0.002	0.219	0.677
21	T	0.155	0.743	0.002	0.170	0.571
22	C	0.010	0.732	0.001	0.094	0.636
23	T	0.184	0.547	0.001	0.078	0.468
24	I	0.086	0.461	0.001	0.056	0.403
25	R	0.000	0.459	0.001	0.004	0.454
26	G	0.000	0.459	0.001	0.003	0.455
27	L	0.268	0.191	0.001	0.002	0.187
28	S	0.004	0.187	0.001	0.001	0.184
29	L	0.051	0.136	0.001	0.001	0.133
30	L	0.111	0.025	0.001	0.000	0.023
31	P	0.003	0.022	0.001	0.000	0.021
32	S	0.001	0.021	0.001	0.000	0.020
33	T	0.006	0.015	0.001	0.000	0.014
34	S	0.000	0.015	0.001	0.000	0.013
35	I	0.007	0.008	0.001	0.000	0.006
36	P	0.000	0.008	0.001	0.000	0.006
37	K	0.006	0.002	0.001	0.000	0.000
38	I	0.000	0.002	0.001	0.000	0.000
39	F	0.000	0.002	0.001	0.000	0.000
40	N	0.000	0.002	0.001	0.000	0.000
>XP_001402037.2
pos	aa	C	S	n-reg	h-reg	c-reg
1	M	0.000	0.998	0.998	0.000	0.000
2	A	0.000	0.999	0.999	0.000	0.000
3	A	0.000	0.999	0.999	0.000	0.000
4	F	0.000	0.999	0.999	0.000	0.000
5	R	0.000	0.999	0.999	0.000	0.000
6	S	0.000	0.999	0.999	0.000	0.000
7	H	0.000	0.999	0.999	0.000	0.000
8	H	0.000	0.999	0.999	0.000	0.000
9	R	0.000	0.999	0.999	0.000	0.000
10	R	0.000	0.999	0.999	0.000	0.000
11	R	0.000	0.999	0.997	0.002	0.000
12	I	0.000	0.999	0.464	0.535	0.000
13	A	0.000	0.999	0.218	0.781	0.000
14	L	0.000	0.999	0.066	0.934	0.000
15	I	0.000	0.999	0.026	0.973	0.000
16	I	0.000	0.999	0.007	0.992	0.000
17	L	0.000	0.999	0.003	0.997	0.000
18	G	0.000	0.999	0.002	0.997	0.000
19	L	0.000	0.999	0.000	0.999	0.000
20	I	0.000	0.999	0.000	0.996	0.003
21	T	0.000	0.999	0.000	0.982	0.017
22	V	0.000	0.999	0.000	0.971	0.028
23	L	0.000	0.999	0.000	0.923	0.076
24	T	0.000	0.999	0.000	0.182	0.817
25	W	0.002	0.997	0.000	0.083	0.914
26	T	0.000	0.997	0.000	0.024	0.973
27	F	0.008	0.989	0.000	0.014	0.975
28	A	0.000	0.989	0.000	0.003	0.986
29	A	0.621	0.368	0.000	0.002	0.366
30	S	0.005	0.363	0.000	0.000	0.363
31	R	0.070	0.292	0.000	0.000	0.292
32	S	0.000	0.292	0.000	0.000	0.292
33	Q	0.236	0.056	0.000	0.000	0.056
34	S	0.001	0.056	0.000	0.000	0.056
35	A	0.048	0.007	0.000	0.000	0.007
36	N	0.002	0.006	0.000	0.000	0.006
37	R	0.000	0.006	0.000	0.000	0.006
38	V	0.000	0.006	0.000	0.000	0.006
39	T	0.000	0.006	0.000	0.000	0.006
40	S	0.000	0.006	0.000	0.000	0.006
>XP_001402053.1
pos	aa	C	S	n-reg	h-reg	c-reg
1	M	0.000	0.021	0.021	0.000	0.000
2	V	0.000	0.021	0.021	0.000	0.000
3	K	0.000	0.021	0.021	0.000	0.000
4	L	0.000	0.021	0.017	0.004	0.000
5	T	0.000	0.021	0.016	0.005	0.000
6	H	0.000	0.021	0.015	0.006	0.000
7	L	0.000	0.021	0.005	0.016	0.000
8	L	0.000	0.021	0.004	0.017	0.000
9	A	0.000	0.021	0.004	0.017	0.000
10	R	0.000	0.021	0.004	0.017	0.000
11	A	0.000	0.021	0.002	0.019	0.000
12	W	0.000	0.021	0.002	0.019	0.000
13	L	0.000	0.021	0.001	0.020	0.001
14	V	0.000	0.021	0.001	0.019	0.001
15	P	0.000	0.021	0.000	0.007	0.014
16	L	0.000	0.021	0.000	0.007	0.014
17	A	0.000	0.021	0.000	0.006	0.015
18	Y	0.000	0.021	0.000	0.005	0.016
19	G	0.000	0.021	0.000	0.003	0.018
20	A	0.013	0.008	0.000	0.003	0.005
21	S	0.000	0.008	0.000	0.002	0.006
22	Q	0.001	0.007	0.000	0.001	0.005
23	S	0.000	0.006	0.000	0.001	0.005
24	L	0.001	0.005	0.000	0.001	0.004
25	L	0.000	0.005	0.000	0.001	0.004
26	S	0.000	0.005	0.000	0.000	0.004
27	T	0.001	0.003	0.000	0.000	0.003
28	T	0.000	0.003	0.000	0.000	0.003
29	A	0.001	0.003	0.000	0.000	0.002
30	P	0.000	0.002	0.000	0.000	0.002
31	S	0.000	0.002	0.000	0.000	0.002
32	Q	0.001	0.001	0.000	0.000	0.001
33	P	0.000	0.001	0.000	0.000	0.001
34	Q	0.000	0.000	0.000	0.000	0.000
35	F	0.000	0.000	0.000	0.000	0.000
36	T	0.000	0.000	0.000	0.000	0.000
37	I	0.000	0.000	0.000	0.000	0.000
38	P	0.000	0.000	0.000	0.000	0.000
39	A	0.000	0.000	0.000	0.000	0.000
40	S	0.000	0.000	0.000	0.000	0.000
>XP_001402054.2
pos	aa	C	S	n-reg	h-reg	c-reg
1	M	0.000	0.998	0.998	0.000	0.000
2	T	0.000	0.998	0.998	0.000	0.000
3	I	0.000	0.998	0.436	0.562	0.000
4	F	0.000	0.998	0.073	0.925	0.000
5	L	0.000	0.998	0.017	0.980	0.000
6	F	0.000	0.998	0.006	0.992	0.000
7	L	0.000	0.998	0.001	0.997	0.000
8	A	0.000	0.998	0.000	0.998	0.000
9	I	0.000	0.998	0.000	0.998	0.000
10	F	0.000	0.998	0.000	0.997	0.001
11	V	0.000	0.998	0.000	0.932	0.066
12	A	0.000	0.998	0.000	0.323	0.674
13	T	0.000	0.998	0.000	0.170	0.828
14	A	0.000	0.998	0.000	0.135	0.863
15	L	0.004	0.994	0.000	0.097	0.897
16	A	0.003	0.991	0.000	0.014	0.977
17	A	0.684	0.307	0.000	0.003	0.304
18	T	0.126	0.181	0.000	0.001	0.180
19	P	0.002	0.178	0.000	0.000	0.178
20	A	0.060	0.118	0.000	0.000	0.118
21	E	0.097	0.021	0.000	0.000	0.021
22	W	0.000	0.021	0.000	0.000	0.021
23	R	0.000	0.021	0.000	0.000	0.021
24	S	0.000	0.021	0.000	0.000	0.021
25	Q	0.019	0.002	0.000	0.000	0.002
26	S	0.000	0.001	0.000	0.000	0.001
27	I	0.001	0.000	0.000	0.000	0.000
28	Y	0.000	0.000	0.000	0.000	0.000
29	F	0.000	0.000	0.000	0.000	0.000
30	L	0.000	0.000	0.000	0.000	0.000
31	L	0.000	0.000	0.000	0.000	0.000
32	T	0.000	0.000	0.000	0.000	0.000
33	D	0.000	0.000	0.000	0.000	0.000
34	R	0.000	0.000	0.000	0.000	0.000
35	F	0.000	0.000	0.000	0.000	0.000
36	A	0.000	0.000	0.000	0.000	0.000
37	R	0.000	0.000	0.000	0.000	0.000
38	T	0.000	0.000	0.000	0.000	0.000
39	D	0.000	0.000	0.000	0.000	0.000
40	N	0.000	0.000	0.000	0.000	0.000
>XP_001402060.1
pos	aa	C	S	n-reg	h-reg	c-reg
1	M	0.000	0.886	0.886	0.000	0.000
2	A	0.000	0.886	0.886	0.000	0.000
3	R	0.000	0.886	0.886	0.000	0.000
4	R	0.000	0.886	0.885	0.001	0.000
5	S	0.000	0.886	0.862	0.024	0.000
6	Y	0.000	0.886	0.763	0.123	0.000
7	L	0.000	0.886	0.562	0.324	0.000
8	L	0.000	0.886	0.543	0.342	0.000
9	P	0.000	0.886	0.535	0.351	0.000
10	T	0.000	0.886	0.392	0.493	0.000
11	I	0.000	0.886	0.118	0.768	0.000
12	I	0.000	0.886	0.037	0.849	0.000
13	L	0.000	0.886	0.009	0.876	0.000
14	L	0.000	0.886	0.001	0.881	0.004
15	C	0.000	0.886	0.000	0.746	0.139
16	I	0.000	0.886	0.000	0.718	0.168
17	T	0.000	0.886	0.000	0.651	0.235
18	Y	0.001	0.885	0.000	0.583	0.302
19	A	0.000	0.885	0.000	0.537	0.347
20	L	0.168	0.716	0.000	0.526	0.190
21	F	0.000	0.716	0.000	0.504	0.212
22	S	0.000	0.716	0.000	0.198	0.518
23	S	0.035	0.681	0.000	0.027	0.654
24	L	0.039	0.642	0.000	0.012	0.630
25	P	0.003	0.639	0.000	0.002	0.638
26	P	0.003	0.636	0.000	0.000	0.636
27	G	0.007	0.629	0.000	0.000	0.629
28	A	0.011	0.618	0.000	0.000	0.618
29	E	0.016	0.601	0.000	0.000	0.601
30	P	0.000	0.601	0.000	0.000	0.601
31	H	0.601	0.000	0.000	0.000	0.000
32	Y	0.000	0.000	0.000	0.000	0.000
33	H	0.000	0.000	0.000	0.000	0.000
34	H	0.000	0.000	0.000	0.000	0.000
35	H	0.000	0.000	0.000	0.000	0.000
36	F	0.000	0.000	0.000	0.000	0.000
37	R	0.000	0.000	0.000	0.000	0.000
38	N	0.000	0.000	0.000	0.000	0.000
39	P	0.000	0.000	0.000	0.000	0.000
40	Y	0.000	0.000	0.000	0.000	0.000
>XP_001402067.1
pos	aa	C	S	n-reg	h-reg	c-reg
1	M	0.000	0.015	0.015	0.000	0.000
2	R	0.000	0.015	0.015	0.000	0.000
3	G	0.000	0.015	0.014	0.002	0.000
4	A	0.000	0.015	0.009	0.006	0.000
5	R	0.000	0.015	0.009	0.006	0.000
6	L	0.000	0.015	0.002	0.014	0.000
7	L	0.000	0.015	0.000	0.015	0.000
8	A	0.000	0.015	0.000	0.015	0.000
9	S	0.000	0.015	0.000	0.015	0.000
10	W	0.000	0.015	0.000	0.015	0.000
11	A	0.000	0.015	0.000	0.015	0.000
12	P	0.000	0.015	0.000	0.009	0.006
13	G	0.000	0.015	0.000	0.009	0.006
14	V	0.000	0.015	0.000	0.008	0.007
15	T	0.000	0.015	0.000	0.004	0.012
16	A	0.000	0.015	0.000	0.002	0.014
17	R	0.006	0.009	0.000	0.000	0.009
18	R	0.000	0.009	0.000	0.000	0.009
19	G	0.000	0.009	0.000	0.000	0.009
20	A	0.005	0.004	0.000	0.000	0.004
21	Q	0.002	0.002	0.000	0.000	0.002
22	V	0.000	0.001	0.000	0.000	0.001
23	N	0.000	0.001	0.000	0.000	0.001
24	G	0.000	0.001	0.000	0.000	0.001
25	S	0.001	0.000	0.000	0.000	0.000
26	I	0.000	0.000	0.000	0.000	0.000
27	L	0.000	0.000	0.000	0.000	0.000
28	N	0.000	0.000	0.000	0.000	0.000
29	E	0.000	0.000	0.000	0.000	0.000
30	L	0.000	0.000	0.000	0.000	0.000
31	Y	0.000	0.000	0.000	0.000	0.000
32	F	0.000	0.000	0.000	0.000	0.000
33	N	0.000	0.000	0.000	0.000	0.000
34	A	0.000	0.000	0.000	0.000	0.000
35	R	0.000	0.000	0.000	0.000	0.000
36	P	0.000	0.000	0.000	0.000	0.000
37	L	0.000	0.000	0.000	0.000	0.000
38	Q	0.000	0.000	0.000	0.000	0.000
39	S	0.000	0.000	0.000	0.000	0.000
40	G	0.000	0.000	0.000	0.000	0.000
>XP_001402072.2
pos	aa	C	S	n-reg	h-reg	c-reg
1	M	0.000	1.000	1.000	0.000	0.000
2	T	0.000	1.000	1.000	0.000	0.000
3	K	0.000	1.000	0.998	0.002	0.000
4	L	0.000	1.000	0.649	0.351	0.000
5	L	0.000	1.000	0.548	0.452	0.000
6	A	0.000	1.000	0.291	0.709	0.000
7	I	0.000	1.000	0.074	0.926	0.000
8	T	0.000	1.000	0.051	0.949	0.000
9	L	0.000	1.000	0.012	0.988	0.000
10	I	0.000	1.000	0.000	1.000	0.000
11	L	0.000	1.000	0.000	1.000	0.000
12	T	0.000	1.000	0.000	0.995	0.005
13	I	0.000	1.000	0.000	0.994	0.006
14	L	0.000	1.000	0.000	0.956	0.043
15	S	0.000	1.000	0.000	0.673	0.327
16	L	0.000	0.999	0.000	0.613	0.386
17	L	0.004	0.996	0.000	0.574	0.422
18	P	0.000	0.996	0.000	0.005	0.991
19	T	0.002	0.994	0.000	0.001	0.993
20	C	0.001	0.993	0.000	0.000	0.993
21	Y	0.001	0.992	0.000	0.000	0.992
22	S	0.000	0.992	0.000	0.000	0.992
23	H	0.989	0.003	0.000	0.000	0.003
24	P	0.000	0.003	0.000	0.000	0.003
25	I	0.003	0.000	0.000	0.000	0.000
26	N	0.000	0.000	0.000	0.000	0.000
27	E	0.000	0.000	0.000	0.000	0.000
28	T	0.000	0.000	0.000	0.000	0.000
29	S	0.000	0.000	0.000	0.000	0.000
30	H	0.000	0.000	0.000	0.000	0.000
31	S	0.000	0.000	0.000	0.000	0.000
32	S	0.000	0.000	0.000	0.000	0.000
33	A	0.000	0.000	0.000	0.000	0.000
34	V	0.000	0.000	0.000	0.000	0.000
35	P	0.000	0.000	0.000	0.000	0.000
36	Y	0.000	0.000	0.000	0.000	0.000
37	G	0.000	0.000	0.000	0.000	0.000
38	M	0.000	0.000	0.000	0.000	0.000
39	L	0.000	0.000	0.000	0.000	0.000
40	I	0.000	0.000	0.000	0.000	0.000
>XP_001402077.1
pos	aa	C	S	n-reg	h-reg	c-reg
1	M	0.000	0.972	0.972	0.000	0.000
2	L	0.000	0.972	0.972	0.000	0.000
3	G	0.000	0.972	0.473	0.499	0.000
4	L	0.000	0.972	0.138	0.834	0.000
5	G	0.000	0.972	0.071	0.901	0.000
6	V	0.000	0.972	0.017	0.955	0.000
7	L	0.000	0.972	0.002	0.970	0.000
8	A	0.000	0.972	0.000	0.972	0.000
9	L	0.000	0.972	0.000	0.972	0.000
10	L	0.000	0.972	0.000	0.972	0.000
11	P	0.000	0.972	0.000	0.564	0.408
12	F	0.000	0.972	0.000	0.512	0.460
13	A	0.000	0.972	0.000	0.205	0.767
14	A	0.000	0.972	0.000	0.151	0.821
15	A	0.002	0.970	0.000	0.101	0.869
16	K	0.409	0.561	0.000	0.003	0.559
17	A	0.000	0.561	0.000	0.001	0.560
18	V	0.384	0.177	0.000	0.001	0.176
19	R	0.000	0.177	0.000	0.000	0.177
20	P	0.000	0.177	0.000	0.000	0.177
21	R	0.162	0.015	0.000	0.000	0.015
22	S	0.000	0.015	0.000	0.000	0.015
23	T	0.001	0.013	0.000	0.000	0.013
24	A	0.005	0.009	0.000	0.000	0.009
25	C	0.007	0.002	0.000	0.000	0.002
26	N	0.002	0.000	0.000	0.000	0.000
27	N	0.000	0.000	0.000	0.000	0.000
28	S	0.000	0.000	0.000	0.000	0.000
29	P	0.000	0.000	0.000	0.000	0.000
30	D	0.000	0.000	0.000	0.000	0.000
31	L	0.000	0.000	0.000	0.000	0.000
32	C	0.000	0.000	0.000	0.000	0.000
33	S	0.000	0.000	0.000	0.000	0.000
34	K	0.000	0.000	0.000	0.000	0.000
35	S	0.000	0.000	0.000	0.000	0.000
36	Y	0.000	0.000	0.000	0.000	0.000
37	G	0.000	0.000	0.000	0.000	0.000
38	E	0.000	0.000	0.000	0.000	0.000
39	I	0.000	0.000	0.000	0.000	0.000
40	T	0.000	0.000	0.000	0.000	0.000
>XP_001402106.2
pos	aa	C	S	n-reg	h-reg	c-reg
1	M	0.000	0.595	0.595	0.000	0.000
2	A	0.000	0.855	0.855	0.000	0.000
3	F	0.000	0.855	0.841	0.014	0.000
4	P	0.000	0.855	0.832	0.023	0.000
5	T	0.000	0.855	0.762	0.094	0.000
6	S	0.000	0.855	0.565	0.291	0.000
7	F	0.000	0.855	0.346	0.510	0.000
8	F	0.000	0.855	0.296	0.560	0.000
9	L	0.000	0.855	0.264	0.591	0.000
10	G	0.000	0.855	0.261	0.594	0.000
11	L	0.000	0.855	0.260	0.595	0.001
12	I	0.000	0.855	0.260	0.593	0.003
13	F	0.000	0.855	0.260	0.567	0.029
14	S	0.000	0.855	0.260	0.519	0.077
15	L	0.001	0.854	0.260	0.494	0.100
16	F	0.001	0.853	0.260	0.475	0.119
17	P	0.000	0.853	0.260	0.198	0.396
18	Y	0.069	0.784	0.260	0.045	0.480
19	D	0.000	0.783	0.260	0.001	0.522
20	Y	0.000	0.783	0.260	0.001	0.523
21	P	0.000	0.783	0.260	0.000	0.523
22	I	0.132	0.651	0.260	0.000	0.392
23	L	0.000	0.651	0.260	0.000	0.392
24	W	0.003	0.649	0.260	0.000	0.389
25	S	0.000	0.649	0.260	0.000	0.389
26	T	0.343	0.306	0.260	0.000	0.046
27	T	0.028	0.278	0.260	0.000	0.018
28	P	0.001	0.277	0.260	0.000	0.017
29	T	0.002	0.275	0.260	0.000	0.015
30	P	0.000	0.275	0.260	0.000	0.015
31	A	0.000	0.274	0.260	0.000	0.015
32	T	0.010	0.264	0.260	0.000	0.005
33	H	0.000	0.264	0.260	0.000	0.004
34	F	0.000	0.264	0.260	0.000	0.004
35	D	0.000	0.264	0.260	0.000	0.004
36	Y	0.000	0.264	0.260	0.000	0.004
37	F	0.000	0.264	0.260	0.000	0.004
38	E	0.000	0.264	0.260	0.000	0.004
39	S	0.000	0.264	0.260	0.000	0.004
40	H	0.000	0.264	0.260	0.000	0.004
