>XP_001395184.1
pos	aa	C	S	n-reg	h-reg	c-reg
1	M	0.000	0.985	0.985	0.000	0.000
2	P	0.000	0.985	0.985	0.000	0.000
3	A	0.000	0.985	0.788	0.197	0.000
4	L	0.000	0.985	0.575	0.410	0.000
5	P	0.000	0.985	0.531	0.454	0.000
6	I	0.000	0.985	0.126	0.859	0.000
7	L	0.000	0.985	0.023	0.962	0.000
8	A	0.000	0.985	0.011	0.974	0.000
9	L	0.000	0.985	0.001	0.983	0.000
10	A	0.000	0.985	0.000	0.984	0.000
11	L	0.000	0.985	0.000	0.933	0.052
12	A	0.000	0.985	0.000	0.824	0.161
13	P	0.000	0.985	0.000	0.755	0.230
14	L	0.000	0.985	0.000	0.621	0.364
15	L	0.000	0.984	0.000	0.499	0.486
16	V	0.000	0.984	0.000	0.346	0.639
17	N	0.000	0.984	0.000	0.099	0.885
18	G	0.000	0.984	0.000	0.007	0.977
19	Q	0.522	0.462	0.000	0.001	0.461
20	L	0.001	0.461	0.000	0.001	0.460
21	S	0.015	0.446	0.000	0.000	0.446
22	G	0.176	0.270	0.000	0.000	0.270
23	S	0.177	0.093	0.000	0.000	0.093
24	V	0.030	0.063	0.000	0.000	0.063
25	G	0.000	0.063	0.000	0.000	0.063
26	P	0.017	0.046	0.000	0.000	0.046
27	L	0.004	0.042	0.000	0.000	0.042
28	T	0.000	0.042	0.000	0.000	0.042
29	S	0.000	0.042	0.000	0.000	0.042
30	A	0.014	0.027	0.000	0.000	0.027
31	H	0.016	0.012	0.000	0.000	0.012
32	S	0.000	0.012	0.000	0.000	0.012
33	K	0.006	0.006	0.000	0.000	0.006
34	A	0.000	0.006	0.000	0.000	0.006
35	A	0.002	0.004	0.000	0.000	0.004
36	T	0.002	0.002	0.000	0.000	0.002
37	K	0.001	0.000	0.000	0.000	0.000
38	T	0.000	0.000	0.000	0.000	0.000
39	C	0.000	0.000	0.000	0.000	0.000
40	N	0.000	0.000	0.000	0.000	0.000
>XP_001395189.2
pos	aa	C	S	n-reg	h-reg	c-reg
1	M	0.000	0.947	0.947	0.000	0.000
2	Q	0.000	0.947	0.947	0.000	0.000
3	L	0.000	0.947	0.602	0.345	0.000
4	Q	0.000	0.947	0.542	0.405	0.000
5	F	0.000	0.947	0.297	0.649	0.000
6	I	0.000	0.947	0.021	0.926	0.000
7	V	0.000	0.947	0.010	0.937	0.000
8	G	0.000	0.947	0.008	0.938	0.000
9	S	0.000	0.947	0.006	0.941	0.000
10	L	0.000	0.947	0.001	0.945	0.000
11	L	0.000	0.947	0.000	0.936	0.011
12	L	0.000	0.947	0.000	0.922	0.024
13	F	0.000	0.947	0.000	0.871	0.076
14	G	0.000	0.947	0.000	0.072	0.875
15	S	0.000	0.946	0.000	0.039	0.908
16	A	0.000	0.947	0.000	0.023	0.924
17	S	0.001	0.945	0.000	0.018	0.927
18	A	0.002	0.943	0.000	0.011	0.932
19	A	0.878	0.065	0.000	0.005	0.060
20	P	0.004	0.061	0.000	0.003	0.058
21	A	0.017	0.044	0.000	0.002	0.041
22	P	0.008	0.036	0.000	0.000	0.036
23	P	0.000	0.036	0.000	0.000	0.036
24	A	0.003	0.032	0.000	0.000	0.032
25	D	0.000	0.032	0.000	0.000	0.032
26	A	0.000	0.032	0.000	0.000	0.032
27	R	0.030	0.002	0.000	0.000	0.002
28	S	0.000	0.002	0.000	0.000	0.002
29	H	0.002	0.000	0.000	0.000	0.000
30	P	0.000	0.000	0.000	0.000	0.000
31	S	0.000	0.000	0.000	0.000	0.000
32	I	0.000	0.000	0.000	0.000	0.000
33	D	0.000	0.000	0.000	0.000	0.000
34	S	0.000	0.000	0.000	0.000	0.000
35	L	0.000	0.000	0.000	0.000	0.000
36	G	0.000	0.000	0.000	0.000	0.000
37	T	0.000	0.000	0.000	0.000	0.000
38	L	0.000	0.000	0.000	0.000	0.000
39	Q	0.000	0.000	0.000	0.000	0.000
40	A	0.000	0.000	0.000	0.000	0.000
>XP_001395197.2
pos	aa	C	S	n-reg	h-reg	c-reg
1	M	0.000	0.200	0.200	0.000	0.000
2	S	0.000	0.200	0.200	0.000	0.000
3	G	0.000	0.200	0.200	0.000	0.000
4	I	0.000	0.200	0.200	0.000	0.000
5	Q	0.000	0.200	0.200	0.000	0.000
6	G	0.000	0.200	0.200	0.000	0.000
7	L	0.000	0.200	0.200	0.000	0.000
8	G	0.000	0.200	0.200	0.000	0.000
9	P	0.000	0.200	0.200	0.000	0.000
10	A	0.000	0.200	0.200	0.000	0.000
11	Q	0.000	0.200	0.200	0.000	0.000
12	D	0.000	0.200	0.200	0.000	0.000
13	Q	0.000	0.200	0.200	0.000	0.000
14	Q	0.000	0.200	0.200	0.000	0.000
15	T	0.000	0.200	0.200	0.000	0.000
16	T	0.000	0.200	0.200	0.000	0.000
17	R	0.000	0.200	0.200	0.000	0.000
18	R	0.000	0.200	0.200	0.000	0.000
19	W	0.000	0.200	0.200	0.000	0.000
20	R	0.000	0.200	0.200	0.000	0.000
21	W	0.000	0.200	0.200	0.000	0.000
22	R	0.000	0.200	0.200	0.000	0.000
23	R	0.000	0.200	0.200	0.000	0.000
24	D	0.000	0.200	0.200	0.000	0.000
25	R	0.000	0.200	0.200	0.000	0.000
26	S	0.000	0.200	0.200	0.000	0.000
27	W	0.000	0.200	0.200	0.000	0.000
28	V	0.000	0.200	0.199	0.000	0.000
29	R	0.000	0.200	0.199	0.001	0.000
30	G	0.000	0.200	0.160	0.039	0.000
31	V	0.000	0.200	0.107	0.092	0.000
32	S	0.000	0.200	0.072	0.128	0.000
33	L	0.000	0.200	0.011	0.189	0.000
34	M	0.000	0.200	0.006	0.193	0.000
35	L	0.000	0.200	0.001	0.198	0.000
36	V	0.000	0.200	0.000	0.200	0.000
37	V	0.000	0.200	0.000	0.200	0.000
38	L	0.000	0.200	0.000	0.200	0.000
39	L	0.000	0.200	0.000	0.199	0.000
40	I	0.000	0.200	0.000	0.189	0.011
>XP_001395204.2
pos	aa	C	S	n-reg	h-reg	c-reg
1	M	0.000	0.863	0.863	0.000	0.000
2	Y	0.000	0.863	0.863	0.000	0.000
3	T	0.000	0.863	0.523	0.340	0.000
4	I	0.000	0.863	0.168	0.695	0.000
5	L	0.000	0.863	0.065	0.797	0.000
6	L	0.000	0.863	0.005	0.857	0.000
7	P	0.000	0.863	0.002	0.860	0.000
8	L	0.000	0.863	0.000	0.863	0.000
9	L	0.000	0.863	0.000	0.863	0.000
10	V	0.000	0.863	0.000	0.863	0.000
11	V	0.000	0.863	0.000	0.852	0.010
12	I	0.000	0.863	0.000	0.838	0.025
13	C	0.000	0.863	0.000	0.806	0.057
14	V	0.002	0.861	0.000	0.214	0.647
15	S	0.000	0.861	0.000	0.039	0.822
16	V	0.012	0.849	0.000	0.000	0.849
17	R	0.000	0.849	0.000	0.000	0.849
18	A	0.000	0.849	0.000	0.000	0.849
19	I	0.849	0.000	0.000	0.000	0.000
20	Y	0.000	0.000	0.000	0.000	0.000
21	R	0.000	0.000	0.000	0.000	0.000
22	I	0.000	0.000	0.000	0.000	0.000
23	Y	0.000	0.000	0.000	0.000	0.000
24	F	0.000	0.000	0.000	0.000	0.000
25	H	0.000	0.000	0.000	0.000	0.000
26	P	0.000	0.000	0.000	0.000	0.000
27	L	0.000	0.000	0.000	0.000	0.000
28	S	0.000	0.000	0.000	0.000	0.000
29	K	0.000	0.000	0.000	0.000	0.000
30	I	0.000	0.000	0.000	0.000	0.000
31	P	0.000	0.000	0.000	0.000	0.000
32	G	0.000	0.000	0.000	0.000	0.000
33	S	0.000	0.000	0.000	0.000	0.000
34	K	0.000	0.000	0.000	0.000	0.000
35	L	0.000	0.000	0.000	0.000	0.000
36	A	0.000	0.000	0.000	0.000	0.000
37	A	0.000	0.000	0.000	0.000	0.000
38	A	0.000	0.000	0.000	0.000	0.000
39	T	0.000	0.000	0.000	0.000	0.000
40	H	0.000	0.000	0.000	0.000	0.000
>XP_001395220.2
pos	aa	C	S	n-reg	h-reg	c-reg
1	M	0.000	0.488	0.488	0.000	0.000
2	G	0.000	0.488	0.488	0.000	0.000
3	S	0.000	0.488	0.412	0.076	0.000
4	I	0.000	0.488	0.271	0.217	0.000
5	F	0.000	0.488	0.221	0.268	0.000
6	A	0.000	0.488	0.119	0.369	0.000
7	A	0.000	0.488	0.033	0.455	0.000
8	L	0.000	0.488	0.007	0.481	0.000
9	L	0.000	0.488	0.002	0.487	0.000
10	L	0.000	0.488	0.000	0.488	0.000
11	C	0.000	0.488	0.000	0.488	0.000
12	L	0.000	0.488	0.000	0.486	0.002
13	L	0.000	0.488	0.000	0.483	0.005
14	S	0.000	0.488	0.000	0.344	0.145
15	Y	0.000	0.488	0.000	0.213	0.275
16	L	0.000	0.488	0.000	0.183	0.305
17	Y	0.001	0.487	0.000	0.156	0.331
18	L	0.000	0.487	0.000	0.043	0.444
19	R	0.007	0.480	0.000	0.000	0.480
20	V	0.000	0.480	0.000	0.000	0.480
21	F	0.000	0.480	0.000	0.000	0.480
22	A	0.000	0.480	0.000	0.000	0.480
23	D	0.480	0.000	0.000	0.000	0.000
24	D	0.000	0.000	0.000	0.000	0.000
25	L	0.000	0.000	0.000	0.000	0.000
26	T	0.000	0.000	0.000	0.000	0.000
27	R	0.000	0.000	0.000	0.000	0.000
28	P	0.000	0.000	0.000	0.000	0.000
29	F	0.000	0.000	0.000	0.000	0.000
30	Q	0.000	0.000	0.000	0.000	0.000
31	I	0.000	0.000	0.000	0.000	0.000
32	L	0.000	0.000	0.000	0.000	0.000
33	A	0.000	0.000	0.000	0.000	0.000
34	K	0.000	0.000	0.000	0.000	0.000
35	F	0.000	0.000	0.000	0.000	0.000
36	F	0.000	0.000	0.000	0.000	0.000
37	S	0.000	0.000	0.000	0.000	0.000
38	S	0.000	0.000	0.000	0.000	0.000
39	H	0.000	0.000	0.000	0.000	0.000
40	Q	0.000	0.000	0.000	0.000	0.000
>XP_001395222.2
pos	aa	C	S	n-reg	h-reg	c-reg
1	M	0.000	0.992	0.992	0.000	0.000
2	L	0.000	0.994	0.994	0.000	0.000
3	R	0.000	0.994	0.994	0.000	0.000
4	W	0.000	0.994	0.994	0.000	0.000
5	Y	0.000	0.994	0.994	0.000	0.000
6	Q	0.000	0.994	0.994	0.000	0.000
7	A	0.000	0.994	0.994	0.000	0.000
8	R	0.000	0.994	0.994	0.000	0.000
9	L	0.000	0.994	0.994	0.000	0.000
10	A	0.000	0.994	0.994	0.000	0.000
11	K	0.000	0.994	0.994	0.000	0.000
12	Q	0.000	0.994	0.988	0.006	0.000
13	P	0.000	0.994	0.912	0.082	0.000
14	I	0.000	0.994	0.398	0.596	0.000
15	L	0.000	0.994	0.219	0.775	0.000
16	T	0.000	0.994	0.156	0.838	0.000
17	A	0.000	0.994	0.080	0.914	0.000
18	S	0.000	0.994	0.050	0.944	0.000
19	V	0.000	0.994	0.015	0.979	0.000
20	T	0.000	0.994	0.001	0.993	0.001
21	S	0.000	0.994	0.000	0.992	0.002
22	A	0.000	0.994	0.000	0.987	0.007
23	L	0.000	0.994	0.000	0.985	0.009
24	L	0.000	0.994	0.000	0.910	0.084
25	F	0.000	0.994	0.000	0.495	0.499
26	G	0.000	0.993	0.000	0.210	0.783
27	S	0.003	0.989	0.000	0.150	0.839
28	G	0.000	0.988	0.000	0.005	0.984
29	D	0.034	0.954	0.000	0.000	0.954
30	V	0.000	0.954	0.000	0.000	0.954
31	L	0.000	0.954	0.000	0.000	0.954
32	A	0.001	0.953	0.000	0.000	0.953
33	Q	0.937	0.016	0.000	0.000	0.016
34	Q	0.009	0.007	0.000	0.000	0.007
35	L	0.007	0.000	0.000	0.000	0.000
36	V	0.000	0.000	0.000	0.000	0.000
37	D	0.000	0.000	0.000	0.000	0.000
38	R	0.000	0.000	0.000	0.000	0.000
39	K	0.000	0.000	0.000	0.000	0.000
40	G	0.000	0.000	0.000	0.000	0.000
>XP_001395224.1
pos	aa	C	S	n-reg	h-reg	c-reg
1	M	0.000	0.032	0.032	0.000	0.000
2	L	0.000	0.035	0.035	0.000	0.000
3	G	0.000	0.035	0.034	0.001	0.000
4	L	0.000	0.035	0.029	0.005	0.000
5	P	0.000	0.035	0.029	0.006	0.000
6	S	0.000	0.035	0.028	0.007	0.000
7	A	0.000	0.035	0.024	0.011	0.000
8	M	0.000	0.035	0.022	0.012	0.000
9	I	0.000	0.035	0.021	0.013	0.000
10	A	0.000	0.035	0.020	0.015	0.000
11	Y	0.000	0.035	0.017	0.017	0.000
12	T	0.000	0.035	0.009	0.021	0.004
13	L	0.000	0.035	0.002	0.028	0.004
14	V	0.000	0.035	0.001	0.029	0.005
15	L	0.000	0.035	0.000	0.028	0.006
16	G	0.000	0.035	0.000	0.025	0.010
17	F	0.005	0.030	0.000	0.024	0.006
18	I	0.000	0.030	0.000	0.024	0.006
19	G	0.000	0.030	0.000	0.024	0.006
20	L	0.002	0.028	0.000	0.024	0.004
21	V	0.004	0.024	0.000	0.024	0.000
22	V	0.000	0.024	0.000	0.022	0.002
23	F	0.000	0.023	0.000	0.010	0.013
24	D	0.000	0.022	0.000	0.001	0.021
25	Y	0.000	0.022	0.000	0.000	0.021
26	I	0.000	0.022	0.000	0.000	0.021
27	W	0.000	0.021	0.000	0.000	0.021
28	N	0.000	0.021	0.000	0.000	0.021
29	L	0.000	0.021	0.000	0.000	0.021
30	A	0.000	0.021	0.000	0.000	0.021
31	Q	0.020	0.001	0.000	0.000	0.001
32	N	0.001	0.000	0.000	0.000	0.000
33	I	0.000	0.000	0.000	0.000	0.000
34	R	0.000	0.000	0.000	0.000	0.000
35	K	0.000	0.000	0.000	0.000	0.000
36	A	0.000	0.000	0.000	0.000	0.000
37	Q	0.000	0.000	0.000	0.000	0.000
38	R	0.000	0.000	0.000	0.000	0.000
39	T	0.000	0.000	0.000	0.000	0.000
40	K	0.000	0.000	0.000	0.000	0.000
>XP_001395266.1
pos	aa	C	S	n-reg	h-reg	c-reg
1	M	0.000	0.722	0.722	0.000	0.000
2	R	0.000	0.722	0.722	0.000	0.000
3	H	0.000	0.722	0.722	0.000	0.000
4	S	0.000	0.722	0.722	0.000	0.000
5	F	0.000	0.722	0.722	0.000	0.000
6	F	0.000	0.722	0.722	0.000	0.000
7	P	0.000	0.722	0.722	0.000	0.000
8	F	0.000	0.722	0.720	0.002	0.000
9	S	0.000	0.722	0.719	0.004	0.000
10	P	0.000	0.722	0.713	0.010	0.000
11	T	0.000	0.722	0.608	0.114	0.000
12	G	0.000	0.722	0.476	0.246	0.000
13	S	0.000	0.722	0.336	0.386	0.000
14	I	0.000	0.722	0.100	0.622	0.000
15	V	0.000	0.722	0.005	0.717	0.000
16	I	0.000	0.722	0.001	0.721	0.000
17	L	0.000	0.722	0.000	0.722	0.000
18	F	0.000	0.722	0.000	0.722	0.000
19	L	0.000	0.722	0.000	0.721	0.002
20	L	0.000	0.722	0.000	0.711	0.011
21	L	0.000	0.722	0.000	0.691	0.031
22	V	0.000	0.722	0.000	0.619	0.103
23	S	0.000	0.722	0.000	0.075	0.647
24	H	0.000	0.722	0.000	0.033	0.689
25	V	0.000	0.722	0.000	0.008	0.714
26	R	0.000	0.722	0.000	0.000	0.722
27	A	0.000	0.722	0.000	0.000	0.722
28	R	0.616	0.106	0.000	0.000	0.106
29	A	0.000	0.106	0.000	0.000	0.106
30	V	0.080	0.026	0.000	0.000	0.026
31	F	0.000	0.026	0.000	0.000	0.026
32	A	0.000	0.026	0.000	0.000	0.026
33	H	0.024	0.001	0.000	0.000	0.001
34	F	0.000	0.001	0.000	0.000	0.001
35	M	0.000	0.001	0.000	0.000	0.001
36	I	0.000	0.001	0.000	0.000	0.001
37	S	0.000	0.001	0.000	0.000	0.001
38	N	0.000	0.001	0.000	0.000	0.001
39	T	0.000	0.001	0.000	0.000	0.001
40	E	0.000	0.001	0.000	0.000	0.001
>XP_001395274.2
pos	aa	C	S	n-reg	h-reg	c-reg
1	M	0.000	0.125	0.125	0.000	0.000
2	A	0.000	0.125	0.125	0.000	0.000
3	S	0.000	0.125	0.123	0.002	0.000
4	F	0.000	0.125	0.120	0.005	0.000
5	F	0.000	0.125	0.119	0.006	0.000
6	Q	0.000	0.125	0.119	0.006	0.000
7	T	0.000	0.125	0.115	0.010	0.000
8	P	0.000	0.125	0.112	0.013	0.000
9	S	0.000	0.125	0.101	0.024	0.000
10	L	0.000	0.125	0.076	0.049	0.000
11	V	0.000	0.125	0.069	0.055	0.001
12	Y	0.000	0.125	0.067	0.056	0.002
13	T	0.000	0.125	0.058	0.061	0.005
14	S	0.000	0.125	0.046	0.074	0.005
15	A	0.000	0.125	0.031	0.089	0.006
16	I	0.002	0.123	0.020	0.099	0.005
17	A	0.000	0.123	0.015	0.103	0.005
18	L	0.003	0.120	0.013	0.096	0.011
19	R	0.000	0.120	0.013	0.069	0.038
20	A	0.000	0.120	0.006	0.075	0.039
21	I	0.002	0.118	0.000	0.079	0.039
22	L	0.000	0.118	0.000	0.069	0.048
23	L	0.003	0.115	0.000	0.065	0.050
24	I	0.003	0.112	0.000	0.059	0.053
25	Y	0.000	0.112	0.000	0.031	0.081
26	G	0.000	0.112	0.000	0.020	0.092
27	A	0.043	0.069	0.000	0.016	0.053
28	W	0.000	0.069	0.000	0.014	0.055
29	Q	0.000	0.069	0.000	0.001	0.068
30	D	0.033	0.036	0.000	0.000	0.036
31	A	0.000	0.036	0.000	0.000	0.036
32	N	0.002	0.034	0.000	0.000	0.033
33	S	0.000	0.034	0.000	0.000	0.033
34	A	0.030	0.003	0.000	0.000	0.003
35	V	0.003	0.000	0.000	0.000	0.000
36	K	0.000	0.000	0.000	0.000	0.000
37	Y	0.000	0.000	0.000	0.000	0.000
38	T	0.000	0.000	0.000	0.000	0.000
39	D	0.000	0.000	0.000	0.000	0.000
40	I	0.000	0.000	0.000	0.000	0.000
>XP_001395277.2
pos	aa	C	S	n-reg	h-reg	c-reg
1	M	0.000	0.995	0.995	0.000	0.000
2	I	0.000	0.995	0.995	0.000	0.000
3	L	0.000	0.995	0.912	0.083	0.000
4	L	0.000	0.995	0.762	0.233	0.000
5	S	0.000	0.995	0.729	0.265	0.000
6	P	0.000	0.995	0.654	0.341	0.000
7	L	0.000	0.995	0.173	0.821	0.000
8	T	0.000	0.995	0.094	0.900	0.000
9	T	0.000	0.995	0.060	0.935	0.000
10	A	0.000	0.995	0.022	0.972	0.000
11	L	0.000	0.995	0.001	0.993	0.000
12	L	0.000	0.995	0.000	0.990	0.004
13	C	0.000	0.995	0.000	0.978	0.017
14	L	0.000	0.995	0.000	0.964	0.031
15	L	0.000	0.995	0.000	0.912	0.083
16	T	0.000	0.995	0.000	0.338	0.657
17	L	0.000	0.994	0.000	0.297	0.697
18	T	0.000	0.994	0.000	0.189	0.805
19	T	0.005	0.990	0.000	0.026	0.964
20	A	0.007	0.983	0.000	0.016	0.967
21	T	0.671	0.312	0.000	0.002	0.311
22	N	0.026	0.286	0.000	0.000	0.286
23	T	0.000	0.286	0.000	0.000	0.286
24	T	0.204	0.082	0.000	0.000	0.082
25	T	0.005	0.078	0.000	0.000	0.078
26	T	0.057	0.020	0.000	0.000	0.020
27	P	0.001	0.019	0.000	0.000	0.019
28	F	0.010	0.009	0.000	0.000	0.009
29	N	0.000	0.009	0.000	0.000	0.009
30	L	0.000	0.009	0.000	0.000	0.009
31	H	0.000	0.009	0.000	0.000	0.009
32	S	0.000	0.009	0.000	0.000	0.009
33	T	0.000	0.009	0.000	0.000	0.009
34	W	0.000	0.009	0.000	0.000	0.009
35	G	0.000	0.009	0.000	0.000	0.009
36	N	0.004	0.005	0.000	0.000	0.005
37	L	0.000	0.005	0.000	0.000	0.005
38	S	0.001	0.004	0.000	0.000	0.004
39	P	0.000	0.004	0.000	0.000	0.004
40	Y	0.000	0.004	0.000	0.000	0.004
>XP_001395278.2
pos	aa	C	S	n-reg	h-reg	c-reg
1	M	0.000	0.065	0.065	0.000	0.000
2	F	0.000	0.065	0.065	0.000	0.000
3	C	0.000	0.065	0.058	0.007	0.000
4	T	0.000	0.065	0.055	0.010	0.000
5	Q	0.000	0.065	0.052	0.013	0.000
6	T	0.000	0.065	0.026	0.040	0.000
7	L	0.000	0.065	0.004	0.061	0.000
8	I	0.000	0.065	0.003	0.063	0.000
9	I	0.000	0.065	0.002	0.063	0.000
10	L	0.000	0.065	0.001	0.064	0.000
11	L	0.000	0.065	0.001	0.062	0.001
12	S	0.000	0.065	0.001	0.060	0.004
13	S	0.000	0.065	0.001	0.055	0.009
14	Q	0.000	0.065	0.001	0.043	0.021
15	V	0.000	0.065	0.001	0.042	0.022
16	L	0.000	0.065	0.001	0.041	0.023
17	L	0.000	0.065	0.001	0.030	0.034
18	T	0.006	0.059	0.001	0.002	0.056
19	T	0.012	0.047	0.001	0.000	0.045
20	N	0.003	0.044	0.001	0.000	0.043
21	S	0.000	0.044	0.001	0.000	0.043
22	T	0.020	0.024	0.001	0.000	0.023
23	H	0.021	0.003	0.001	0.000	0.002
24	R	0.000	0.003	0.001	0.000	0.002
25	I	0.000	0.003	0.001	0.000	0.002
26	V	0.000	0.003	0.001	0.000	0.002
27	I	0.000	0.003	0.001	0.000	0.002
28	P	0.000	0.003	0.001	0.000	0.002
29	P	0.000	0.003	0.001	0.000	0.002
30	G	0.000	0.003	0.000	0.001	0.002
31	F	0.000	0.003	0.000	0.001	0.002
32	L	0.000	0.003	0.000	0.001	0.002
33	L	0.000	0.003	0.000	0.001	0.002
34	A	0.000	0.003	0.000	0.001	0.002
35	S	0.000	0.003	0.000	0.001	0.002
36	F	0.000	0.003	0.000	0.001	0.002
37	F	0.000	0.003	0.000	0.001	0.002
38	P	0.000	0.003	0.000	0.001	0.002
39	S	0.000	0.003	0.000	0.001	0.002
40	L	0.000	0.003	0.000	0.000	0.003
>XP_001395293.1
pos	aa	C	S	n-reg	h-reg	c-reg
1	M	0.000	0.997	0.997	0.000	0.000
2	L	0.000	0.998	0.998	0.000	0.000
3	F	0.000	0.998	0.997	0.002	0.000
4	S	0.000	0.998	0.995	0.003	0.000
5	F	0.000	0.998	0.993	0.005	0.000
6	K	0.000	0.998	0.992	0.006	0.000
7	P	0.000	0.998	0.831	0.167	0.000
8	T	0.000	0.998	0.470	0.528	0.000
9	I	0.000	0.998	0.095	0.903	0.000
10	L	0.000	0.998	0.017	0.981	0.000
11	L	0.000	0.998	0.003	0.995	0.000
12	A	0.000	0.998	0.001	0.997	0.000
13	L	0.000	0.998	0.000	0.998	0.001
14	A	0.000	0.998	0.000	0.997	0.001
15	L	0.000	0.998	0.000	0.924	0.075
16	T	0.000	0.998	0.000	0.716	0.282
17	A	0.000	0.998	0.000	0.457	0.541
18	V	0.000	0.998	0.000	0.413	0.585
19	A	0.000	0.998	0.000	0.235	0.763
20	S	0.295	0.702	0.000	0.150	0.552
21	P	0.036	0.666	0.000	0.004	0.662
22	I	0.186	0.479	0.000	0.002	0.477
23	A	0.000	0.479	0.000	0.000	0.479
24	N	0.155	0.324	0.000	0.000	0.324
25	P	0.000	0.324	0.000	0.000	0.324
26	T	0.250	0.074	0.000	0.000	0.074
27	A	0.008	0.066	0.000	0.000	0.066
28	D	0.064	0.002	0.000	0.000	0.002
29	E	0.000	0.002	0.000	0.000	0.002
30	T	0.000	0.002	0.000	0.000	0.002
31	N	0.000	0.001	0.000	0.000	0.001
32	T	0.000	0.001	0.000	0.000	0.001
33	L	0.000	0.001	0.000	0.000	0.001
34	V	0.000	0.001	0.000	0.000	0.001
35	A	0.000	0.001	0.000	0.000	0.001
36	R	0.000	0.001	0.000	0.000	0.001
37	A	0.000	0.001	0.000	0.000	0.001
38	Q	0.001	0.000	0.000	0.000	0.000
39	M	0.000	0.000	0.000	0.000	0.000
40	K	0.000	0.000	0.000	0.000	0.000
>XP_001395308.1
pos	aa	C	S	n-reg	h-reg	c-reg
1	M	0.000	0.893	0.893	0.000	0.000
2	H	0.000	0.893	0.893	0.000	0.000
3	Y	0.000	0.893	0.836	0.058	0.000
4	P	0.000	0.893	0.734	0.160	0.000
5	L	0.000	0.893	0.299	0.594	0.000
6	S	0.000	0.893	0.152	0.741	0.000
7	L	0.000	0.893	0.025	0.868	0.000
8	A	0.000	0.893	0.013	0.881	0.000
9	L	0.000	0.893	0.001	0.892	0.000
10	A	0.000	0.893	0.000	0.893	0.000
11	F	0.000	0.893	0.000	0.878	0.015
12	L	0.000	0.893	0.000	0.848	0.046
13	P	0.000	0.893	0.000	0.625	0.268
14	F	0.000	0.893	0.000	0.452	0.442
15	G	0.000	0.893	0.000	0.306	0.588
16	I	0.001	0.893	0.000	0.240	0.653
17	Q	0.000	0.893	0.000	0.029	0.864
18	A	0.017	0.876	0.000	0.013	0.863
19	Q	0.538	0.338	0.000	0.004	0.333
20	Q	0.004	0.334	0.000	0.000	0.334
21	T	0.027	0.307	0.000	0.000	0.307
22	L	0.008	0.300	0.000	0.000	0.300
23	W	0.000	0.299	0.000	0.000	0.299
24	G	0.000	0.299	0.000	0.000	0.299
25	Q	0.204	0.096	0.000	0.000	0.096
26	C	0.000	0.096	0.000	0.000	0.096
27	G	0.002	0.094	0.000	0.000	0.094
28	G	0.000	0.094	0.000	0.000	0.094
29	Q	0.023	0.071	0.000	0.000	0.071
30	G	0.000	0.071	0.000	0.000	0.071
31	Y	0.002	0.069	0.000	0.000	0.069
32	S	0.000	0.069	0.000	0.000	0.069
33	G	0.001	0.068	0.000	0.000	0.068
34	A	0.000	0.067	0.000	0.000	0.067
35	T	0.003	0.064	0.000	0.000	0.064
36	S	0.000	0.064	0.000	0.000	0.064
37	C	0.002	0.062	0.000	0.000	0.062
38	V	0.000	0.062	0.000	0.000	0.062
39	A	0.000	0.062	0.000	0.000	0.062
40	G	0.008	0.054	0.000	0.000	0.054
>XP_001395316.1
pos	aa	C	S	n-reg	h-reg	c-reg
1	M	0.000	0.987	0.987	0.000	0.000
2	L	0.000	0.987	0.987	0.000	0.000
3	P	0.000	0.987	0.986	0.001	0.000
4	K	0.000	0.987	0.979	0.008	0.000
5	L	0.000	0.987	0.408	0.579	0.000
6	A	0.000	0.987	0.226	0.761	0.000
7	T	0.000	0.987	0.092	0.895	0.000
8	L	0.000	0.987	0.005	0.982	0.000
9	V	0.000	0.987	0.000	0.987	0.000
10	L	0.000	0.987	0.000	0.987	0.000
11	A	0.000	0.987	0.000	0.987	0.000
12	P	0.000	0.987	0.000	0.985	0.002
13	A	0.000	0.987	0.000	0.919	0.068
14	L	0.000	0.987	0.000	0.850	0.137
15	A	0.000	0.987	0.000	0.689	0.298
16	N	0.001	0.986	0.000	0.107	0.880
17	G	0.000	0.986	0.000	0.021	0.965
18	V	0.005	0.982	0.000	0.004	0.977
19	A	0.000	0.982	0.000	0.001	0.981
20	A	0.017	0.964	0.000	0.000	0.964
21	A	0.612	0.352	0.000	0.000	0.352
22	A	0.220	0.132	0.000	0.000	0.132
23	E	0.131	0.001	0.000	0.000	0.001
24	P	0.000	0.001	0.000	0.000	0.001
25	L	0.001	0.000	0.000	0.000	0.000
26	Y	0.000	0.000	0.000	0.000	0.000
27	K	0.000	0.000	0.000	0.000	0.000
28	K	0.000	0.000	0.000	0.000	0.000
29	P	0.000	0.000	0.000	0.000	0.000
30	V	0.000	0.000	0.000	0.000	0.000
31	N	0.000	0.000	0.000	0.000	0.000
32	I	0.000	0.000	0.000	0.000	0.000
33	P	0.000	0.000	0.000	0.000	0.000
34	G	0.000	0.000	0.000	0.000	0.000
35	Y	0.000	0.000	0.000	0.000	0.000
36	G	0.000	0.000	0.000	0.000	0.000
37	Y	0.000	0.000	0.000	0.000	0.000
38	V	0.000	0.000	0.000	0.000	0.000
39	Q	0.000	0.000	0.000	0.000	0.000
40	G	0.000	0.000	0.000	0.000	0.000
>XP_001395323.2
pos	aa	C	S	n-reg	h-reg	c-reg
1	M	0.000	0.995	0.995	0.000	0.000
2	F	0.000	0.996	0.996	0.000	0.000
3	L	0.000	0.996	0.979	0.017	0.000
4	S	0.000	0.996	0.959	0.037	0.000
5	F	0.000	0.996	0.918	0.078	0.000
6	S	0.000	0.996	0.858	0.137	0.000
7	L	0.000	0.996	0.588	0.408	0.000
8	Y	0.000	0.996	0.532	0.464	0.000
9	L	0.000	0.996	0.428	0.568	0.000
10	D	0.000	0.996	0.408	0.587	0.000
11	L	0.000	0.996	0.065	0.930	0.000
12	T	0.000	0.996	0.021	0.973	0.001
13	V	0.000	0.996	0.001	0.994	0.002
14	L	0.000	0.996	0.000	0.991	0.005
15	L	0.000	0.996	0.000	0.967	0.029
16	A	0.000	0.996	0.000	0.897	0.099
17	L	0.001	0.995	0.000	0.848	0.146
18	V	0.000	0.995	0.000	0.774	0.221
19	L	0.000	0.995	0.000	0.319	0.676
20	Q	0.000	0.994	0.000	0.112	0.882
21	A	0.013	0.982	0.000	0.011	0.971
22	G	0.050	0.931	0.000	0.002	0.929
23	A	0.012	0.920	0.000	0.001	0.919
24	V	0.711	0.208	0.000	0.000	0.208
25	P	0.000	0.208	0.000	0.000	0.208
26	H	0.207	0.001	0.000	0.000	0.001
27	P	0.000	0.001	0.000	0.000	0.001
28	I	0.001	0.000	0.000	0.000	0.000
29	V	0.000	0.000	0.000	0.000	0.000
30	K	0.000	0.000	0.000	0.000	0.000
31	R	0.000	0.000	0.000	0.000	0.000
32	S	0.000	0.000	0.000	0.000	0.000
33	N	0.000	0.000	0.000	0.000	0.000
34	S	0.000	0.000	0.000	0.000	0.000
35	D	0.000	0.000	0.000	0.000	0.000
36	L	0.000	0.000	0.000	0.000	0.000
37	S	0.000	0.000	0.000	0.000	0.000
38	L	0.000	0.000	0.000	0.000	0.000
39	T	0.000	0.000	0.000	0.000	0.000
40	A	0.000	0.000	0.000	0.000	0.000
>XP_001395327.2
pos	aa	C	S	n-reg	h-reg	c-reg
1	M	0.000	0.000	0.000	0.000	0.000
2	K	0.000	0.000	0.000	0.000	0.000
3	R	0.000	0.000	0.000	0.000	0.000
4	V	0.000	0.000	0.000	0.000	0.000
5	L	0.000	0.000	0.000	0.000	0.000
6	A	0.000	0.000	0.000	0.000	0.000
7	G	0.000	0.000	0.000	0.000	0.000
8	L	0.000	0.000	0.000	0.000	0.000
9	V	0.000	0.000	0.000	0.000	0.000
10	L	0.000	0.000	0.000	0.000	0.000
11	A	0.000	0.000	0.000	0.000	0.000
12	S	0.000	0.000	0.000	0.000	0.000
13	T	0.000	0.000	0.000	0.000	0.000
14	A	0.000	0.000	0.000	0.000	0.000
15	W	0.000	0.000	0.000	0.000	0.000
16	Q	0.000	0.000	0.000	0.000	0.000
17	A	0.000	0.000	0.000	0.000	0.000
18	V	0.000	0.000	0.000	0.000	0.000
19	A	0.000	0.000	0.000	0.000	0.000
20	W	0.000	0.000	0.000	0.000	0.000
21	P	0.000	0.000	0.000	0.000	0.000
22	Y	0.000	0.000	0.000	0.000	0.000
23	N	0.000	0.000	0.000	0.000	0.000
24	A	0.000	0.000	0.000	0.000	0.000
25	S	0.000	0.000	0.000	0.000	0.000
26	L	0.000	0.000	0.000	0.000	0.000
27	A	0.000	0.000	0.000	0.000	0.000
28	D	0.000	0.000	0.000	0.000	0.000
29	Y	0.000	0.000	0.000	0.000	0.000
30	N	0.000	0.000	0.000	0.000	0.000
31	L	0.000	0.000	0.000	0.000	0.000
32	N	0.000	0.000	0.000	0.000	0.000
33	Q	0.000	0.000	0.000	0.000	0.000
34	N	0.000	0.000	0.000	0.000	0.000
35	K	0.000	0.000	0.000	0.000	0.000
36	T	0.000	0.000	0.000	0.000	0.000
37	A	0.000	0.000	0.000	0.000	0.000
38	T	0.000	0.000	0.000	0.000	0.000
39	N	0.000	0.000	0.000	0.000	0.000
40	P	0.000	0.000	0.000	0.000	0.000
>XP_001395328.2
pos	aa	C	S	n-reg	h-reg	c-reg
1	M	0.000	1.000	1.000	0.000	0.000
2	M	0.000	1.000	1.000	0.000	0.000
3	F	0.000	1.000	1.000	0.000	0.000
4	R	0.000	1.000	1.000	0.000	0.000
5	K	0.000	1.000	1.000	0.000	0.000
6	S	0.000	1.000	1.000	0.000	0.000
7	A	0.000	1.000	0.999	0.000	0.000
8	S	0.000	1.000	0.999	0.001	0.000
9	L	0.000	1.000	0.995	0.005	0.000
10	L	0.000	1.000	0.992	0.007	0.000
11	G	0.000	1.000	0.992	0.008	0.000
12	Q	0.000	1.000	0.990	0.009	0.000
13	R	0.000	1.000	0.978	0.022	0.000
14	L	0.000	1.000	0.340	0.660	0.000
15	M	0.000	1.000	0.245	0.755	0.000
16	A	0.000	1.000	0.116	0.884	0.000
17	V	0.000	1.000	0.016	0.984	0.000
18	C	0.000	1.000	0.004	0.995	0.000
19	L	0.000	1.000	0.001	0.999	0.000
20	L	0.000	1.000	0.000	0.999	0.001
21	C	0.000	1.000	0.000	0.992	0.008
22	W	0.000	1.000	0.000	0.879	0.121
23	C	0.000	1.000	0.000	0.829	0.170
24	V	0.000	1.000	0.000	0.784	0.215
25	S	0.000	1.000	0.000	0.191	0.809
26	L	0.000	0.999	0.000	0.136	0.863
27	A	0.001	0.998	0.000	0.069	0.929
28	T	0.010	0.988	0.000	0.002	0.986
29	A	0.001	0.987	0.000	0.000	0.987
30	A	0.730	0.257	0.000	0.000	0.257
31	S	0.033	0.224	0.000	0.000	0.224
32	T	0.048	0.176	0.000	0.000	0.176
33	E	0.176	0.000	0.000	0.000	0.000
34	E	0.000	0.000	0.000	0.000	0.000
35	W	0.000	0.000	0.000	0.000	0.000
36	K	0.000	0.000	0.000	0.000	0.000
37	T	0.000	0.000	0.000	0.000	0.000
38	R	0.000	0.000	0.000	0.000	0.000
39	S	0.000	0.000	0.000	0.000	0.000
40	I	0.000	0.000	0.000	0.000	0.000
>XP_001395335.2
pos	aa	C	S	n-reg	h-reg	c-reg
1	M	0.000	0.996	0.996	0.000	0.000
2	K	0.000	0.996	0.996	0.000	0.000
3	L	0.000	0.996	0.423	0.573	0.000
4	T	0.000	0.996	0.221	0.774	0.000
5	L	0.000	0.996	0.005	0.991	0.000
6	L	0.000	0.996	0.001	0.995	0.000
7	T	0.000	0.996	0.000	0.995	0.000
8	T	0.000	0.996	0.000	0.995	0.000
9	A	0.000	0.996	0.000	0.996	0.000
10	L	0.000	0.996	0.000	0.995	0.000
11	I	0.000	0.996	0.000	0.958	0.038
12	A	0.000	0.996	0.000	0.821	0.175
13	P	0.000	0.996	0.000	0.042	0.954
14	L	0.000	0.996	0.000	0.026	0.969
15	V	0.000	0.995	0.000	0.001	0.994
16	S	0.000	0.995	0.000	0.000	0.995
17	A	0.037	0.958	0.000	0.000	0.958
18	H	0.956	0.002	0.000	0.000	0.002
19	Y	0.000	0.002	0.000	0.000	0.002
20	F	0.000	0.002	0.000	0.000	0.002
21	F	0.000	0.002	0.000	0.000	0.002
22	D	0.000	0.002	0.000	0.000	0.002
23	T	0.000	0.002	0.000	0.000	0.002
24	L	0.000	0.002	0.000	0.000	0.002
25	V	0.000	0.002	0.000	0.000	0.002
26	I	0.000	0.002	0.000	0.000	0.002
27	D	0.000	0.002	0.000	0.000	0.002
28	G	0.000	0.002	0.000	0.000	0.002
29	Q	0.002	0.000	0.000	0.000	0.000
30	E	0.000	0.000	0.000	0.000	0.000
31	T	0.000	0.000	0.000	0.000	0.000
32	T	0.000	0.000	0.000	0.000	0.000
33	P	0.000	0.000	0.000	0.000	0.000
34	N	0.000	0.000	0.000	0.000	0.000
35	Q	0.000	0.000	0.000	0.000	0.000
36	Y	0.000	0.000	0.000	0.000	0.000
37	V	0.000	0.000	0.000	0.000	0.000
38	R	0.000	0.000	0.000	0.000	0.000
39	S	0.000	0.000	0.000	0.000	0.000
40	N	0.000	0.000	0.000	0.000	0.000
>XP_001395336.1
pos	aa	C	S	n-reg	h-reg	c-reg
1	M	0.000	0.998	0.998	0.000	0.000
2	T	0.000	0.998	0.998	0.000	0.000
3	R	0.000	0.998	0.997	0.001	0.000
4	S	0.000	0.998	0.923	0.075	0.000
5	I	0.000	0.998	0.563	0.435	0.000
6	F	0.000	0.998	0.253	0.745	0.000
7	I	0.000	0.998	0.188	0.811	0.000
8	H	0.000	0.998	0.172	0.826	0.000
9	T	0.000	0.998	0.017	0.982	0.000
10	L	0.000	0.998	0.002	0.997	0.000
11	L	0.000	0.998	0.000	0.998	0.000
12	A	0.000	0.998	0.000	0.997	0.001
13	L	0.000	0.998	0.000	0.976	0.022
14	S	0.000	0.998	0.000	0.865	0.134
15	A	0.000	0.998	0.000	0.835	0.163
16	L	0.000	0.998	0.000	0.806	0.193
17	T	0.000	0.998	0.000	0.050	0.948
18	S	0.003	0.995	0.000	0.016	0.978
19	V	0.001	0.993	0.000	0.011	0.982
20	H	0.000	0.993	0.000	0.000	0.993
21	G	0.000	0.993	0.000	0.000	0.993
22	A	0.944	0.049	0.000	0.000	0.049
23	N	0.003	0.046	0.000	0.000	0.046
24	S	0.000	0.046	0.000	0.000	0.046
25	P	0.044	0.002	0.000	0.000	0.002
26	G	0.000	0.002	0.000	0.000	0.002
27	C	0.000	0.002	0.000	0.000	0.002
28	G	0.000	0.002	0.000	0.000	0.002
29	K	0.002	0.000	0.000	0.000	0.000
30	N	0.000	0.000	0.000	0.000	0.000
31	P	0.000	0.000	0.000	0.000	0.000
32	T	0.000	0.000	0.000	0.000	0.000
33	L	0.000	0.000	0.000	0.000	0.000
34	A	0.000	0.000	0.000	0.000	0.000
35	N	0.000	0.000	0.000	0.000	0.000
36	G	0.000	0.000	0.000	0.000	0.000
37	V	0.000	0.000	0.000	0.000	0.000
38	H	0.000	0.000	0.000	0.000	0.000
39	Q	0.000	0.000	0.000	0.000	0.000
40	I	0.000	0.000	0.000	0.000	0.000
>XP_001395347.1
pos	aa	C	S	n-reg	h-reg	c-reg
1	M	0.000	0.929	0.929	0.000	0.000
2	K	0.000	0.930	0.930	0.000	0.000
3	F	0.000	0.930	0.929	0.001	0.000
4	N	0.000	0.930	0.928	0.003	0.000
5	N	0.000	0.930	0.918	0.012	0.000
6	A	0.000	0.930	0.634	0.296	0.000
7	V	0.000	0.930	0.405	0.526	0.000
8	N	0.000	0.930	0.374	0.557	0.000
9	I	0.000	0.930	0.139	0.791	0.000
10	A	0.000	0.930	0.039	0.891	0.000
11	T	0.000	0.930	0.025	0.905	0.000
12	V	0.000	0.930	0.013	0.918	0.000
13	A	0.000	0.930	0.008	0.923	0.000
14	C	0.000	0.930	0.003	0.900	0.027
15	L	0.000	0.930	0.002	0.833	0.096
16	S	0.000	0.930	0.001	0.753	0.176
17	V	0.000	0.930	0.001	0.691	0.239
18	S	0.000	0.930	0.001	0.082	0.848
19	P	0.000	0.930	0.001	0.049	0.880
20	T	0.001	0.929	0.000	0.040	0.889
21	L	0.001	0.928	0.000	0.037	0.892
22	A	0.000	0.928	0.000	0.027	0.902
23	L	0.853	0.075	0.000	0.014	0.061
24	V	0.003	0.072	0.000	0.008	0.064
25	T	0.000	0.072	0.000	0.004	0.068
26	S	0.001	0.071	0.000	0.002	0.069
27	C	0.021	0.050	0.000	0.002	0.048
28	F	0.043	0.007	0.000	0.001	0.005
29	D	0.000	0.007	0.000	0.000	0.006
30	A	0.000	0.007	0.000	0.000	0.006
31	V	0.001	0.005	0.000	0.000	0.005
32	D	0.000	0.005	0.000	0.000	0.005
33	S	0.000	0.005	0.000	0.000	0.005
34	I	0.005	0.000	0.000	0.000	0.000
35	S	0.000	0.000	0.000	0.000	0.000
36	K	0.000	0.000	0.000	0.000	0.000
37	I	0.000	0.000	0.000	0.000	0.000
38	P	0.000	0.000	0.000	0.000	0.000
39	G	0.000	0.000	0.000	0.000	0.000
40	H	0.000	0.000	0.000	0.000	0.000
>XP_001395371.2
pos	aa	C	S	n-reg	h-reg	c-reg
1	M	0.000	0.322	0.322	0.000	0.000
2	T	0.000	0.322	0.322	0.000	0.000
3	R	0.000	0.322	0.322	0.000	0.000
4	L	0.000	0.322	0.282	0.040	0.000
5	S	0.000	0.322	0.265	0.057	0.000
6	P	0.000	0.322	0.208	0.114	0.000
7	L	0.000	0.322	0.030	0.292	0.000
8	L	0.000	0.322	0.008	0.314	0.000
9	V	0.000	0.322	0.000	0.322	0.000
10	Y	0.000	0.322	0.000	0.322	0.000
11	L	0.000	0.322	0.000	0.322	0.000
12	V	0.000	0.322	0.000	0.321	0.001
13	S	0.000	0.322	0.000	0.313	0.009
14	I	0.000	0.322	0.000	0.305	0.017
15	C	0.000	0.322	0.000	0.245	0.077
16	A	0.000	0.322	0.000	0.208	0.114
17	T	0.000	0.321	0.000	0.026	0.296
18	L	0.001	0.320	0.000	0.015	0.305
19	S	0.001	0.320	0.000	0.000	0.320
20	H	0.012	0.308	0.000	0.000	0.308
21	A	0.000	0.308	0.000	0.000	0.308
22	E	0.308	0.000	0.000	0.000	0.000
23	D	0.000	0.000	0.000	0.000	0.000
24	E	0.000	0.000	0.000	0.000	0.000
25	Y	0.000	0.000	0.000	0.000	0.000
26	F	0.000	0.000	0.000	0.000	0.000
27	T	0.000	0.000	0.000	0.000	0.000
28	V	0.000	0.000	0.000	0.000	0.000
29	G	0.000	0.000	0.000	0.000	0.000
30	D	0.000	0.000	0.000	0.000	0.000
31	L	0.000	0.000	0.000	0.000	0.000
32	S	0.000	0.000	0.000	0.000	0.000
33	Q	0.000	0.000	0.000	0.000	0.000
34	Y	0.000	0.000	0.000	0.000	0.000
35	T	0.000	0.000	0.000	0.000	0.000
36	T	0.000	0.000	0.000	0.000	0.000
37	N	0.000	0.000	0.000	0.000	0.000
38	G	0.000	0.000	0.000	0.000	0.000
39	I	0.000	0.000	0.000	0.000	0.000
40	A	0.000	0.000	0.000	0.000	0.000
>XP_001395388.2
pos	aa	C	S	n-reg	h-reg	c-reg
1	M	0.000	0.132	0.132	0.000	0.000
2	I	0.000	0.136	0.136	0.000	0.000
3	I	0.000	0.136	0.072	0.064	0.000
4	I	0.000	0.136	0.039	0.098	0.000
5	Y	0.000	0.136	0.036	0.100	0.000
6	Y	0.000	0.136	0.028	0.108	0.000
7	F	0.000	0.136	0.012	0.124	0.000
8	P	0.000	0.136	0.012	0.124	0.000
9	I	0.000	0.136	0.012	0.125	0.000
10	W	0.000	0.136	0.012	0.125	0.000
11	L	0.000	0.136	0.011	0.116	0.009
12	Q	0.000	0.136	0.011	0.064	0.061
13	A	0.000	0.136	0.011	0.060	0.065
14	I	0.000	0.136	0.011	0.055	0.070
15	E	0.000	0.136	0.011	0.001	0.123
16	G	0.000	0.136	0.011	0.002	0.124
17	V	0.008	0.128	0.011	0.002	0.116
18	S	0.000	0.128	0.010	0.002	0.116
19	A	0.001	0.128	0.010	0.002	0.116
20	V	0.111	0.017	0.009	0.002	0.005
21	S	0.000	0.017	0.009	0.002	0.005
22	S	0.001	0.016	0.009	0.002	0.005
23	G	0.003	0.013	0.009	0.003	0.001
24	I	0.001	0.012	0.008	0.004	0.000
25	H	0.000	0.012	0.007	0.004	0.000
26	L	0.000	0.012	0.004	0.007	0.000
27	L	0.000	0.012	0.004	0.008	0.000
28	P	0.000	0.012	0.004	0.007	0.001
29	T	0.000	0.011	0.003	0.008	0.001
30	I	0.000	0.011	0.003	0.008	0.001
31	I	0.000	0.011	0.003	0.008	0.001
32	P	0.000	0.011	0.003	0.007	0.002
33	L	0.000	0.011	0.003	0.007	0.002
34	V	0.000	0.011	0.003	0.006	0.002
35	I	0.000	0.011	0.003	0.006	0.003
36	A	0.000	0.011	0.003	0.006	0.003
37	S	0.002	0.009	0.003	0.002	0.004
38	I	0.000	0.009	0.003	0.002	0.004
39	V	0.000	0.009	0.003	0.002	0.004
40	T	0.000	0.008	0.003	0.001	0.004
>XP_001395407.1
pos	aa	C	S	n-reg	h-reg	c-reg
1	M	0.000	0.992	0.992	0.000	0.000
2	Y	0.000	0.992	0.992	0.000	0.000
3	I	0.000	0.992	0.943	0.049	0.000
4	P	0.000	0.992	0.872	0.120	0.000
5	V	0.000	0.992	0.588	0.404	0.000
6	G	0.000	0.992	0.460	0.532	0.000
7	T	0.000	0.992	0.211	0.782	0.000
8	L	0.000	0.992	0.007	0.986	0.000
9	A	0.000	0.992	0.003	0.989	0.000
10	T	0.000	0.992	0.001	0.991	0.000
11	A	0.000	0.992	0.001	0.991	0.001
12	S	0.000	0.992	0.000	0.980	0.012
13	L	0.000	0.992	0.000	0.961	0.031
14	L	0.000	0.992	0.000	0.924	0.068
15	A	0.000	0.992	0.000	0.817	0.175
16	G	0.000	0.992	0.000	0.045	0.947
17	A	0.000	0.992	0.000	0.023	0.970
18	A	0.000	0.992	0.000	0.003	0.989
19	L	0.001	0.991	0.000	0.003	0.988
20	A	0.004	0.988	0.000	0.002	0.986
21	A	0.969	0.019	0.000	0.001	0.018
22	P	0.001	0.018	0.000	0.000	0.018
23	T	0.015	0.003	0.000	0.000	0.003
24	P	0.000	0.003	0.000	0.000	0.003
25	S	0.000	0.003	0.000	0.000	0.003
26	P	0.000	0.002	0.000	0.000	0.002
27	L	0.000	0.002	0.000	0.000	0.002
28	K	0.000	0.002	0.000	0.000	0.002
29	G	0.000	0.002	0.000	0.000	0.002
30	R	0.002	0.000	0.000	0.000	0.000
31	N	0.000	0.000	0.000	0.000	0.000
32	I	0.000	0.000	0.000	0.000	0.000
33	V	0.000	0.000	0.000	0.000	0.000
34	R	0.000	0.000	0.000	0.000	0.000
35	R	0.000	0.000	0.000	0.000	0.000
36	S	0.000	0.000	0.000	0.000	0.000
37	G	0.000	0.000	0.000	0.000	0.000
38	S	0.000	0.000	0.000	0.000	0.000
39	H	0.000	0.000	0.000	0.000	0.000
40	T	0.000	0.000	0.000	0.000	0.000
>XP_001395414.2
pos	aa	C	S	n-reg	h-reg	c-reg
1	M	0.000	0.988	0.988	0.000	0.000
2	R	0.000	0.988	0.988	0.000	0.000
3	F	0.000	0.988	0.667	0.321	0.000
4	S	0.000	0.988	0.533	0.455	0.000
5	A	0.000	0.988	0.371	0.617	0.000
6	A	0.000	0.988	0.090	0.898	0.000
7	F	0.000	0.988	0.007	0.981	0.000
8	A	0.000	0.988	0.001	0.987	0.000
9	L	0.000	0.988	0.000	0.988	0.000
10	A	0.000	0.988	0.000	0.988	0.000
11	G	0.000	0.988	0.000	0.954	0.034
12	L	0.000	0.988	0.000	0.938	0.050
13	V	0.000	0.988	0.000	0.890	0.098
14	A	0.000	0.988	0.000	0.358	0.630
15	G	0.000	0.988	0.000	0.078	0.910
16	S	0.002	0.986	0.000	0.009	0.977
17	A	0.001	0.985	0.000	0.003	0.982
18	A	0.021	0.964	0.000	0.001	0.963
19	A	0.603	0.361	0.000	0.001	0.360
20	G	0.263	0.098	0.000	0.000	0.098
21	C	0.088	0.010	0.000	0.000	0.010
22	P	0.003	0.008	0.000	0.000	0.008
23	Y	0.003	0.005	0.000	0.000	0.005
24	A	0.000	0.005	0.000	0.000	0.005
25	E	0.004	0.001	0.000	0.000	0.001
26	R	0.000	0.001	0.000	0.000	0.001
27	A	0.000	0.001	0.000	0.000	0.001
28	N	0.000	0.001	0.000	0.000	0.001
29	N	0.000	0.001	0.000	0.000	0.001
30	D	0.000	0.001	0.000	0.000	0.001
31	A	0.000	0.001	0.000	0.000	0.001
32	A	0.000	0.001	0.000	0.000	0.001
33	A	0.000	0.001	0.000	0.000	0.001
34	A	0.000	0.001	0.000	0.000	0.001
35	S	0.000	0.001	0.000	0.000	0.001
36	P	0.000	0.001	0.000	0.000	0.001
37	A	0.000	0.000	0.000	0.000	0.000
38	G	0.000	0.000	0.000	0.000	0.000
39	C	0.000	0.000	0.000	0.000	0.000
40	P	0.000	0.000	0.000	0.000	0.000
>XP_001395420.1
pos	aa	C	S	n-reg	h-reg	c-reg
1	M	0.000	0.984	0.984	0.000	0.000
2	K	0.000	0.984	0.984	0.000	0.000
3	F	0.000	0.984	0.800	0.184	0.000
4	P	0.000	0.984	0.678	0.307	0.000
5	I	0.000	0.984	0.029	0.956	0.000
6	L	0.000	0.984	0.002	0.983	0.000
7	A	0.000	0.984	0.001	0.984	0.000
8	S	0.000	0.984	0.001	0.984	0.000
9	A	0.000	0.984	0.000	0.984	0.000
10	L	0.000	0.984	0.000	0.984	0.000
11	L	0.000	0.984	0.000	0.980	0.005
12	L	0.000	0.984	0.000	0.968	0.016
13	S	0.000	0.984	0.000	0.063	0.922
14	G	0.000	0.984	0.000	0.013	0.972
15	V	0.000	0.984	0.000	0.006	0.978
16	L	0.000	0.984	0.000	0.005	0.979
17	A	0.000	0.984	0.000	0.002	0.982
18	E	0.977	0.006	0.000	0.000	0.006
19	H	0.000	0.006	0.000	0.000	0.006
20	F	0.000	0.006	0.000	0.000	0.006
21	Q	0.000	0.006	0.000	0.000	0.006
22	V	0.001	0.005	0.000	0.000	0.005
23	P	0.000	0.005	0.000	0.000	0.005
24	L	0.000	0.005	0.000	0.000	0.005
25	Q	0.000	0.005	0.000	0.000	0.005
26	H	0.001	0.004	0.000	0.000	0.004
27	T	0.000	0.004	0.000	0.000	0.004
28	I	0.001	0.003	0.000	0.000	0.003
29	S	0.000	0.003	0.000	0.000	0.003
30	P	0.000	0.003	0.000	0.000	0.003
31	C	0.000	0.003	0.000	0.000	0.003
32	S	0.000	0.003	0.000	0.000	0.003
33	T	0.000	0.003	0.000	0.000	0.003
34	K	0.003	0.000	0.000	0.000	0.000
35	P	0.000	0.000	0.000	0.000	0.000
36	H	0.000	0.000	0.000	0.000	0.000
37	T	0.000	0.000	0.000	0.000	0.000
38	S	0.000	0.000	0.000	0.000	0.000
39	H	0.000	0.000	0.000	0.000	0.000
40	D	0.000	0.000	0.000	0.000	0.000
>XP_001395428.2
pos	aa	C	S	n-reg	h-reg	c-reg
1	M	0.000	0.059	0.059	0.000	0.000
2	D	0.000	0.059	0.059	0.000	0.000
3	Y	0.000	0.059	0.059	0.000	0.000
4	Y	0.000	0.059	0.059	0.000	0.000
5	K	0.000	0.059	0.059	0.000	0.000
6	A	0.000	0.059	0.026	0.034	0.000
7	L	0.000	0.059	0.005	0.054	0.000
8	I	0.000	0.059	0.002	0.057	0.000
9	V	0.000	0.059	0.000	0.059	0.000
10	L	0.000	0.059	0.000	0.059	0.000
11	I	0.000	0.059	0.000	0.059	0.000
12	V	0.000	0.059	0.000	0.059	0.000
13	Y	0.000	0.059	0.000	0.059	0.000
14	L	0.000	0.059	0.000	0.056	0.003
15	C	0.000	0.059	0.000	0.050	0.010
16	L	0.000	0.059	0.000	0.040	0.019
17	R	0.000	0.059	0.000	0.009	0.050
18	T	0.000	0.059	0.000	0.006	0.053
19	I	0.005	0.054	0.000	0.002	0.052
20	Y	0.000	0.054	0.000	0.001	0.053
21	R	0.000	0.054	0.000	0.000	0.054
22	L	0.000	0.054	0.000	0.000	0.054
23	A	0.003	0.052	0.000	0.000	0.052
24	L	0.020	0.032	0.000	0.000	0.032
25	H	0.021	0.011	0.000	0.000	0.011
26	P	0.000	0.011	0.000	0.000	0.011
27	L	0.000	0.011	0.000	0.000	0.011
28	R	0.000	0.011	0.000	0.000	0.011
29	G	0.000	0.011	0.000	0.000	0.011
30	I	0.010	0.001	0.000	0.000	0.001
31	P	0.000	0.001	0.000	0.000	0.001
32	G	0.000	0.001	0.000	0.000	0.001
33	P	0.000	0.001	0.000	0.000	0.001
34	K	0.000	0.001	0.000	0.000	0.001
35	L	0.000	0.001	0.000	0.000	0.001
36	A	0.000	0.001	0.000	0.000	0.001
37	A	0.001	0.000	0.000	0.000	0.000
38	S	0.000	0.000	0.000	0.000	0.000
39	T	0.000	0.000	0.000	0.000	0.000
40	S	0.000	0.000	0.000	0.000	0.000
>XP_001395433.1
pos	aa	C	S	n-reg	h-reg	c-reg
1	M	0.000	0.874	0.874	0.000	0.000
2	L	0.000	0.894	0.894	0.000	0.000
3	T	0.000	0.894	0.894	0.000	0.000
4	L	0.000	0.894	0.894	0.000	0.000
5	T	0.000	0.894	0.894	0.000	0.000
6	V	0.000	0.894	0.894	0.000	0.000
7	P	0.000	0.894	0.894	0.000	0.000
8	E	0.000	0.894	0.894	0.000	0.000
9	N	0.000	0.894	0.893	0.001	0.000
10	Y	0.000	0.894	0.877	0.018	0.000
11	G	0.000	0.894	0.853	0.041	0.000
12	S	0.000	0.894	0.793	0.101	0.000
13	V	0.000	0.894	0.287	0.607	0.000
14	I	0.000	0.894	0.087	0.808	0.000
15	A	0.000	0.894	0.049	0.846	0.000
16	V	0.000	0.894	0.016	0.878	0.000
17	A	0.000	0.894	0.001	0.893	0.000
18	L	0.000	0.894	0.000	0.893	0.001
19	G	0.000	0.894	0.000	0.891	0.003
20	A	0.000	0.894	0.000	0.889	0.005
21	I	0.000	0.894	0.000	0.863	0.031
22	P	0.000	0.894	0.000	0.806	0.088
23	V	0.000	0.893	0.000	0.796	0.098
24	L	0.000	0.893	0.000	0.763	0.130
25	S	0.000	0.891	0.000	0.039	0.852
26	F	0.037	0.853	0.000	0.026	0.827
27	V	0.000	0.851	0.000	0.016	0.835
28	H	0.000	0.845	0.000	0.009	0.836
29	G	0.000	0.845	0.000	0.008	0.836
30	A	0.833	0.011	0.000	0.008	0.003
31	V	0.000	0.010	0.000	0.007	0.003
32	V	0.000	0.008	0.000	0.006	0.003
33	S	0.000	0.005	0.000	0.002	0.003
34	R	0.002	0.000	0.000	0.000	0.000
35	L	0.000	0.000	0.000	0.000	0.000
36	R	0.000	0.000	0.000	0.000	0.000
37	K	0.000	0.000	0.000	0.000	0.000
38	E	0.000	0.000	0.000	0.000	0.000
39	A	0.000	0.000	0.000	0.000	0.000
40	D	0.000	0.000	0.000	0.000	0.000
