>XP_001402432.1
pos	aa	C	S	n-reg	h-reg	c-reg
1	M	0.000	0.326	0.326	0.000	0.000
2	R	0.000	0.326	0.326	0.000	0.000
3	S	0.000	0.326	0.254	0.071	0.000
4	V	0.000	0.326	0.099	0.227	0.000
5	L	0.000	0.326	0.038	0.287	0.000
6	L	0.000	0.326	0.017	0.309	0.000
7	S	0.000	0.326	0.012	0.313	0.000
8	G	0.000	0.326	0.009	0.317	0.000
9	V	0.000	0.326	0.003	0.323	0.000
10	A	0.000	0.326	0.001	0.325	0.000
11	A	0.000	0.326	0.000	0.310	0.015
12	L	0.000	0.326	0.000	0.291	0.034
13	S	0.000	0.326	0.000	0.154	0.172
14	Y	0.000	0.325	0.000	0.119	0.206
15	A	0.000	0.325	0.000	0.082	0.244
16	L	0.020	0.306	0.000	0.041	0.265
17	G	0.000	0.306	0.000	0.025	0.280
18	V	0.099	0.207	0.000	0.004	0.203
19	S	0.000	0.207	0.000	0.001	0.206
20	A	0.014	0.193	0.000	0.000	0.193
21	N	0.108	0.085	0.000	0.000	0.085
22	A	0.000	0.085	0.000	0.000	0.085
23	Y	0.084	0.001	0.000	0.000	0.001
24	N	0.000	0.001	0.000	0.000	0.001
25	T	0.000	0.001	0.000	0.000	0.001
26	S	0.000	0.001	0.000	0.000	0.001
27	A	0.000	0.001	0.000	0.000	0.001
28	Y	0.001	0.000	0.000	0.000	0.000
29	T	0.000	0.000	0.000	0.000	0.000
30	D	0.000	0.000	0.000	0.000	0.000
31	S	0.000	0.000	0.000	0.000	0.000
32	A	0.000	0.000	0.000	0.000	0.000
33	S	0.000	0.000	0.000	0.000	0.000
34	G	0.000	0.000	0.000	0.000	0.000
35	I	0.000	0.000	0.000	0.000	0.000
36	D	0.000	0.000	0.000	0.000	0.000
37	F	0.000	0.000	0.000	0.000	0.000
38	Q	0.000	0.000	0.000	0.000	0.000
39	R	0.000	0.000	0.000	0.000	0.000
40	W	0.000	0.000	0.000	0.000	0.000
>XP_001402433.1
pos	aa	C	S	n-reg	h-reg	c-reg
1	M	0.000	0.994	0.994	0.000	0.000
2	K	0.000	0.994	0.994	0.000	0.000
3	G	0.000	0.994	0.868	0.127	0.000
4	T	0.000	0.994	0.550	0.444	0.000
5	A	0.000	0.994	0.360	0.635	0.000
6	V	0.000	0.994	0.115	0.880	0.000
7	A	0.000	0.994	0.013	0.981	0.000
8	T	0.000	0.994	0.008	0.986	0.000
9	A	0.000	0.994	0.003	0.991	0.000
10	L	0.000	0.994	0.001	0.993	0.000
11	A	0.000	0.994	0.000	0.983	0.011
12	L	0.000	0.994	0.000	0.923	0.071
13	G	0.000	0.994	0.000	0.795	0.199
14	A	0.000	0.994	0.000	0.704	0.290
15	S	0.000	0.994	0.000	0.055	0.940
16	T	0.000	0.994	0.000	0.026	0.968
17	A	0.002	0.992	0.000	0.012	0.980
18	L	0.022	0.970	0.000	0.010	0.960
19	A	0.003	0.967	0.000	0.007	0.960
20	A	0.935	0.033	0.000	0.001	0.031
21	P	0.003	0.030	0.000	0.000	0.029
22	S	0.008	0.021	0.000	0.000	0.021
23	S	0.003	0.018	0.000	0.000	0.018
24	T	0.000	0.018	0.000	0.000	0.018
25	I	0.013	0.005	0.000	0.000	0.005
26	K	0.000	0.005	0.000	0.000	0.005
27	A	0.000	0.005	0.000	0.000	0.005
28	R	0.005	0.000	0.000	0.000	0.000
29	D	0.000	0.000	0.000	0.000	0.000
30	D	0.000	0.000	0.000	0.000	0.000
31	V	0.000	0.000	0.000	0.000	0.000
32	T	0.000	0.000	0.000	0.000	0.000
33	A	0.000	0.000	0.000	0.000	0.000
34	I	0.000	0.000	0.000	0.000	0.000
35	T	0.000	0.000	0.000	0.000	0.000
36	V	0.000	0.000	0.000	0.000	0.000
37	K	0.000	0.000	0.000	0.000	0.000
38	G	0.000	0.000	0.000	0.000	0.000
39	N	0.000	0.000	0.000	0.000	0.000
40	A	0.000	0.000	0.000	0.000	0.000
>XP_001402434.2
pos	aa	C	S	n-reg	h-reg	c-reg
1	M	0.000	0.907	0.907	0.000	0.000
2	L	0.000	0.968	0.968	0.000	0.000
3	L	0.000	0.968	0.968	0.000	0.000
4	P	0.000	0.968	0.968	0.000	0.000
5	R	0.000	0.968	0.968	0.000	0.000
6	R	0.000	0.968	0.968	0.000	0.000
7	L	0.000	0.968	0.967	0.001	0.000
8	L	0.000	0.968	0.967	0.001	0.000
9	R	0.000	0.968	0.967	0.001	0.000
10	P	0.000	0.968	0.967	0.002	0.000
11	C	0.000	0.968	0.966	0.002	0.000
12	S	0.000	0.968	0.966	0.003	0.000
13	L	0.000	0.968	0.965	0.003	0.000
14	G	0.000	0.968	0.965	0.003	0.000
15	F	0.000	0.968	0.965	0.003	0.000
16	L	0.000	0.968	0.965	0.003	0.001
17	N	0.000	0.968	0.964	0.003	0.001
18	S	0.000	0.968	0.953	0.014	0.001
19	H	0.000	0.968	0.923	0.043	0.002
20	A	0.000	0.968	0.747	0.219	0.002
21	C	0.001	0.968	0.605	0.361	0.001
22	Q	0.000	0.968	0.515	0.452	0.001
23	L	0.000	0.968	0.121	0.845	0.001
24	L	0.001	0.967	0.025	0.941	0.001
25	L	0.000	0.967	0.005	0.961	0.001
26	I	0.000	0.967	0.001	0.965	0.001
27	F	0.000	0.967	0.000	0.965	0.001
28	I	0.000	0.967	0.000	0.964	0.002
29	L	0.000	0.967	0.000	0.958	0.009
30	F	0.000	0.967	0.000	0.829	0.137
31	Y	0.000	0.966	0.000	0.633	0.333
32	G	0.000	0.965	0.000	0.521	0.444
33	L	0.001	0.963	0.000	0.462	0.501
34	A	0.000	0.958	0.000	0.188	0.771
35	I	0.227	0.719	0.000	0.119	0.600
36	N	0.000	0.683	0.000	0.008	0.675
37	L	0.000	0.682	0.000	0.007	0.675
38	A	0.019	0.661	0.000	0.003	0.658
39	R	0.362	0.297	0.000	0.000	0.297
40	L	0.000	0.297	0.000	0.000	0.297
>XP_001402457.2
pos	aa	C	S	n-reg	h-reg	c-reg
1	M	0.000	0.000	0.000	0.000	0.000
2	A	0.000	0.000	0.000	0.000	0.000
3	A	0.000	0.000	0.000	0.000	0.000
4	D	0.000	0.000	0.000	0.000	0.000
5	M	0.000	0.000	0.000	0.000	0.000
6	D	0.000	0.000	0.000	0.000	0.000
7	T	0.000	0.000	0.000	0.000	0.000
8	Q	0.000	0.000	0.000	0.000	0.000
9	R	0.000	0.000	0.000	0.000	0.000
10	K	0.000	0.000	0.000	0.000	0.000
11	L	0.000	0.000	0.000	0.000	0.000
12	A	0.000	0.000	0.000	0.000	0.000
13	R	0.000	0.000	0.000	0.000	0.000
14	I	0.000	0.000	0.000	0.000	0.000
15	L	0.000	0.000	0.000	0.000	0.000
16	L	0.000	0.000	0.000	0.000	0.000
17	I	0.000	0.000	0.000	0.000	0.000
18	E	0.000	0.000	0.000	0.000	0.000
19	L	0.000	0.000	0.000	0.000	0.000
20	M	0.000	0.000	0.000	0.000	0.000
21	A	0.000	0.000	0.000	0.000	0.000
22	Y	0.000	0.000	0.000	0.000	0.000
23	Q	0.000	0.000	0.000	0.000	0.000
24	F	0.000	0.000	0.000	0.000	0.000
25	A	0.000	0.000	0.000	0.000	0.000
26	S	0.000	0.000	0.000	0.000	0.000
27	P	0.000	0.000	0.000	0.000	0.000
28	V	0.000	0.000	0.000	0.000	0.000
29	Q	0.000	0.000	0.000	0.000	0.000
30	W	0.000	0.000	0.000	0.000	0.000
31	I	0.000	0.000	0.000	0.000	0.000
32	E	0.000	0.000	0.000	0.000	0.000
33	T	0.000	0.000	0.000	0.000	0.000
34	Q	0.000	0.000	0.000	0.000	0.000
35	D	0.000	0.000	0.000	0.000	0.000
36	V	0.000	0.000	0.000	0.000	0.000
37	I	0.000	0.000	0.000	0.000	0.000
38	L	0.000	0.000	0.000	0.000	0.000
39	S	0.000	0.000	0.000	0.000	0.000
40	R	0.000	0.000	0.000	0.000	0.000
>XP_001402460.1
pos	aa	C	S	n-reg	h-reg	c-reg
1	M	0.000	0.736	0.736	0.000	0.000
2	I	0.000	0.738	0.738	0.000	0.000
3	D	0.000	0.738	0.738	0.000	0.000
4	S	0.000	0.738	0.738	0.000	0.000
5	Q	0.000	0.738	0.737	0.001	0.000
6	V	0.000	0.738	0.726	0.012	0.000
7	L	0.000	0.738	0.717	0.021	0.000
8	L	0.000	0.738	0.714	0.024	0.000
9	T	0.000	0.738	0.712	0.026	0.000
10	F	0.000	0.738	0.706	0.032	0.000
11	A	0.000	0.738	0.693	0.045	0.000
12	L	0.000	0.738	0.680	0.058	0.000
13	K	0.000	0.738	0.678	0.060	0.001
14	G	0.000	0.738	0.466	0.271	0.001
15	L	0.000	0.738	0.046	0.691	0.002
16	L	0.000	0.738	0.004	0.731	0.003
17	L	0.000	0.738	0.001	0.732	0.006
18	G	0.000	0.738	0.000	0.724	0.014
19	L	0.001	0.737	0.000	0.718	0.019
20	I	0.000	0.737	0.000	0.714	0.022
21	V	0.000	0.737	0.000	0.711	0.026
22	L	0.000	0.737	0.000	0.691	0.046
23	S	0.003	0.734	0.000	0.293	0.440
24	C	0.011	0.722	0.000	0.112	0.610
25	T	0.004	0.719	0.000	0.049	0.670
26	V	0.003	0.716	0.000	0.008	0.708
27	A	0.000	0.716	0.000	0.003	0.713
28	G	0.371	0.344	0.000	0.002	0.343
29	L	0.262	0.082	0.000	0.001	0.081
30	C	0.028	0.054	0.000	0.001	0.053
31	I	0.052	0.002	0.000	0.001	0.001
32	Y	0.000	0.001	0.000	0.000	0.001
33	R	0.000	0.001	0.000	0.000	0.001
34	L	0.000	0.001	0.000	0.000	0.001
35	F	0.000	0.001	0.000	0.000	0.001
36	F	0.000	0.001	0.000	0.000	0.001
37	H	0.000	0.001	0.000	0.000	0.001
38	P	0.000	0.001	0.000	0.000	0.001
39	L	0.000	0.001	0.000	0.000	0.001
40	A	0.000	0.001	0.000	0.000	0.001
>XP_001402470.2
pos	aa	C	S	n-reg	h-reg	c-reg
1	M	0.000	0.988	0.988	0.000	0.000
2	A	0.000	0.988	0.988	0.000	0.000
3	R	0.000	0.988	0.988	0.000	0.000
4	N	0.000	0.988	0.988	0.000	0.000
5	N	0.000	0.988	0.988	0.000	0.000
6	V	0.000	0.988	0.960	0.028	0.000
7	Y	0.000	0.988	0.947	0.041	0.000
8	N	0.000	0.988	0.933	0.055	0.000
9	L	0.000	0.988	0.598	0.391	0.000
10	P	0.000	0.988	0.494	0.494	0.000
11	L	0.000	0.988	0.138	0.850	0.000
12	I	0.000	0.988	0.060	0.928	0.000
13	L	0.000	0.988	0.013	0.975	0.000
14	L	0.000	0.988	0.002	0.986	0.000
15	L	0.000	0.988	0.001	0.987	0.000
16	L	0.000	0.988	0.000	0.986	0.002
17	L	0.000	0.988	0.000	0.964	0.024
18	S	0.000	0.988	0.000	0.863	0.125
19	L	0.000	0.988	0.000	0.830	0.158
20	T	0.000	0.988	0.000	0.732	0.256
21	L	0.007	0.981	0.000	0.332	0.649
22	P	0.000	0.981	0.000	0.090	0.890
23	I	0.027	0.954	0.000	0.060	0.894
24	L	0.000	0.954	0.000	0.040	0.914
25	S	0.001	0.952	0.000	0.007	0.946
26	T	0.733	0.220	0.000	0.001	0.219
27	P	0.024	0.196	0.000	0.000	0.196
28	L	0.104	0.092	0.000	0.000	0.091
29	P	0.001	0.091	0.000	0.000	0.091
30	S	0.002	0.089	0.000	0.000	0.089
31	S	0.007	0.082	0.000	0.000	0.082
32	Q	0.006	0.076	0.000	0.000	0.076
33	S	0.025	0.050	0.000	0.000	0.050
34	E	0.027	0.023	0.000	0.000	0.023
35	S	0.000	0.023	0.000	0.000	0.023
36	Q	0.005	0.019	0.000	0.000	0.019
37	S	0.000	0.019	0.000	0.000	0.019
38	Q	0.004	0.015	0.000	0.000	0.015
39	S	0.000	0.015	0.000	0.000	0.015
40	H	0.005	0.010	0.000	0.000	0.010
>XP_001402471.1
pos	aa	C	S	n-reg	h-reg	c-reg
1	M	0.000	0.991	0.991	0.000	0.000
2	Q	0.000	0.991	0.991	0.000	0.000
3	L	0.000	0.991	0.940	0.051	0.000
4	L	0.000	0.991	0.911	0.080	0.000
5	Q	0.000	0.991	0.904	0.087	0.000
6	S	0.000	0.991	0.828	0.163	0.000
7	V	0.000	0.991	0.635	0.356	0.000
8	S	0.000	0.991	0.562	0.429	0.000
9	T	0.000	0.991	0.434	0.557	0.000
10	G	0.000	0.991	0.304	0.687	0.000
11	L	0.000	0.991	0.051	0.940	0.001
12	L	0.000	0.991	0.007	0.981	0.003
13	L	0.000	0.991	0.002	0.982	0.006
14	A	0.000	0.991	0.001	0.955	0.035
15	S	0.000	0.991	0.001	0.891	0.099
16	S	0.000	0.991	0.000	0.815	0.175
17	C	0.000	0.991	0.000	0.756	0.235
18	L	0.001	0.990	0.000	0.685	0.306
19	S	0.001	0.989	0.000	0.471	0.518
20	S	0.012	0.978	0.000	0.176	0.802
21	L	0.001	0.977	0.000	0.157	0.820
22	A	0.001	0.975	0.000	0.020	0.955
23	A	0.045	0.930	0.000	0.007	0.923
24	A	0.077	0.853	0.000	0.003	0.850
25	R	0.574	0.279	0.000	0.000	0.279
26	S	0.000	0.279	0.000	0.000	0.279
27	V	0.218	0.061	0.000	0.000	0.061
28	P	0.000	0.061	0.000	0.000	0.061
29	A	0.006	0.056	0.000	0.000	0.056
30	A	0.046	0.010	0.000	0.000	0.010
31	K	0.002	0.008	0.000	0.000	0.008
32	S	0.000	0.008	0.000	0.000	0.008
33	I	0.004	0.004	0.000	0.000	0.004
34	A	0.000	0.004	0.000	0.000	0.004
35	A	0.002	0.002	0.000	0.000	0.002
36	R	0.002	0.000	0.000	0.000	0.000
37	Q	0.000	0.000	0.000	0.000	0.000
38	S	0.000	0.000	0.000	0.000	0.000
39	T	0.000	0.000	0.000	0.000	0.000
40	D	0.000	0.000	0.000	0.000	0.000
>XP_001402475.1
pos	aa	C	S	n-reg	h-reg	c-reg
1	M	0.000	0.614	0.614	0.000	0.000
2	Y	0.000	0.614	0.614	0.000	0.000
3	Y	0.000	0.614	0.533	0.081	0.000
4	Y	0.000	0.614	0.334	0.280	0.000
5	L	0.000	0.614	0.015	0.600	0.000
6	L	0.000	0.614	0.001	0.613	0.000
7	L	0.000	0.614	0.000	0.614	0.000
8	L	0.000	0.614	0.000	0.614	0.000
9	Q	0.000	0.614	0.000	0.614	0.000
10	I	0.000	0.614	0.000	0.614	0.000
11	V	0.000	0.614	0.000	0.609	0.005
12	I	0.000	0.614	0.000	0.566	0.048
13	S	0.000	0.614	0.000	0.055	0.559
14	P	0.000	0.614	0.000	0.018	0.596
15	T	0.000	0.614	0.000	0.003	0.610
16	T	0.002	0.611	0.000	0.002	0.609
17	S	0.001	0.611	0.000	0.001	0.610
18	Y	0.528	0.083	0.000	0.000	0.083
19	T	0.000	0.083	0.000	0.000	0.083
20	V	0.077	0.006	0.000	0.000	0.006
21	D	0.000	0.006	0.000	0.000	0.006
22	Q	0.000	0.006	0.000	0.000	0.006
23	L	0.001	0.005	0.000	0.000	0.005
24	W	0.000	0.005	0.000	0.000	0.005
25	S	0.000	0.005	0.000	0.000	0.005
26	L	0.004	0.001	0.000	0.000	0.001
27	T	0.000	0.001	0.000	0.000	0.001
28	T	0.000	0.001	0.000	0.000	0.001
29	H	0.000	0.001	0.000	0.000	0.001
30	F	0.000	0.001	0.000	0.000	0.001
31	W	0.000	0.001	0.000	0.000	0.001
32	D	0.000	0.001	0.000	0.000	0.001
33	N	0.000	0.001	0.000	0.000	0.001
34	F	0.000	0.001	0.000	0.000	0.001
35	L	0.000	0.001	0.000	0.000	0.001
36	Y	0.000	0.001	0.000	0.000	0.001
37	P	0.000	0.001	0.000	0.000	0.001
38	A	0.000	0.001	0.000	0.000	0.001
39	N	0.000	0.001	0.000	0.000	0.001
40	T	0.000	0.001	0.000	0.000	0.001
>XP_001402478.1
pos	aa	C	S	n-reg	h-reg	c-reg
1	M	0.000	0.995	0.995	0.000	0.000
2	T	0.000	0.995	0.995	0.000	0.000
3	N	0.000	0.995	0.995	0.000	0.000
4	F	0.000	0.995	0.987	0.008	0.000
5	K	0.000	0.995	0.984	0.011	0.000
6	W	0.000	0.995	0.640	0.355	0.000
7	I	0.000	0.995	0.145	0.850	0.000
8	V	0.000	0.995	0.024	0.972	0.000
9	A	0.000	0.995	0.018	0.978	0.000
10	A	0.000	0.995	0.012	0.983	0.000
11	A	0.000	0.995	0.008	0.987	0.000
12	G	0.000	0.995	0.006	0.989	0.001
13	L	0.000	0.995	0.001	0.993	0.001
14	L	0.000	0.995	0.000	0.951	0.044
15	S	0.000	0.995	0.000	0.792	0.203
16	G	0.000	0.995	0.000	0.065	0.930
17	Q	0.000	0.995	0.000	0.035	0.960
18	V	0.000	0.995	0.000	0.031	0.964
19	L	0.000	0.995	0.000	0.025	0.971
20	A	0.000	0.995	0.000	0.019	0.975
21	A	0.948	0.047	0.000	0.012	0.034
22	P	0.003	0.044	0.000	0.003	0.041
23	T	0.002	0.042	0.000	0.002	0.040
24	A	0.003	0.039	0.000	0.002	0.037
25	T	0.001	0.037	0.000	0.000	0.037
26	S	0.003	0.034	0.000	0.000	0.034
27	T	0.012	0.022	0.000	0.000	0.022
28	H	0.004	0.018	0.000	0.000	0.018
29	A	0.000	0.018	0.000	0.000	0.018
30	K	0.017	0.000	0.000	0.000	0.000
31	R	0.000	0.000	0.000	0.000	0.000
32	A	0.000	0.000	0.000	0.000	0.000
33	T	0.000	0.000	0.000	0.000	0.000
34	V	0.000	0.000	0.000	0.000	0.000
35	S	0.000	0.000	0.000	0.000	0.000
36	D	0.000	0.000	0.000	0.000	0.000
37	A	0.000	0.000	0.000	0.000	0.000
38	A	0.000	0.000	0.000	0.000	0.000
39	F	0.000	0.000	0.000	0.000	0.000
40	G	0.000	0.000	0.000	0.000	0.000
>XP_001402486.1
pos	aa	C	S	n-reg	h-reg	c-reg
1	M	0.000	0.978	0.978	0.000	0.000
2	R	0.000	0.978	0.978	0.000	0.000
3	K	0.000	0.978	0.978	0.000	0.000
4	S	0.000	0.978	0.970	0.008	0.000
5	T	0.000	0.978	0.962	0.017	0.000
6	R	0.000	0.978	0.946	0.033	0.000
7	A	0.000	0.978	0.132	0.846	0.000
8	V	0.000	0.978	0.032	0.947	0.000
9	V	0.000	0.978	0.007	0.971	0.000
10	A	0.000	0.978	0.002	0.976	0.000
11	A	0.000	0.978	0.000	0.978	0.000
12	L	0.000	0.978	0.000	0.978	0.001
13	A	0.000	0.978	0.000	0.973	0.006
14	A	0.000	0.978	0.000	0.967	0.011
15	A	0.000	0.978	0.000	0.327	0.651
16	T	0.000	0.978	0.000	0.202	0.777
17	A	0.000	0.978	0.000	0.128	0.850
18	Q	0.017	0.961	0.000	0.049	0.911
19	A	0.001	0.960	0.000	0.004	0.956
20	T	0.643	0.317	0.000	0.001	0.316
21	S	0.001	0.317	0.000	0.000	0.316
22	L	0.043	0.274	0.000	0.000	0.274
23	S	0.074	0.200	0.000	0.000	0.200
24	D	0.170	0.029	0.000	0.000	0.029
25	L	0.000	0.029	0.000	0.000	0.029
26	C	0.006	0.023	0.000	0.000	0.023
27	T	0.001	0.022	0.000	0.000	0.022
28	V	0.000	0.022	0.000	0.000	0.022
29	S	0.000	0.022	0.000	0.000	0.022
30	N	0.001	0.021	0.000	0.000	0.021
31	V	0.000	0.021	0.000	0.000	0.021
32	Q	0.000	0.021	0.000	0.000	0.021
33	S	0.000	0.021	0.000	0.000	0.021
34	A	0.017	0.004	0.000	0.000	0.004
35	L	0.000	0.004	0.000	0.000	0.004
36	P	0.000	0.004	0.000	0.000	0.004
37	S	0.002	0.002	0.000	0.000	0.002
38	N	0.000	0.002	0.000	0.000	0.002
39	G	0.000	0.002	0.000	0.000	0.002
40	T	0.001	0.001	0.000	0.000	0.001
>XP_001402488.2
pos	aa	C	S	n-reg	h-reg	c-reg
1	M	0.000	0.996	0.996	0.000	0.000
2	Y	0.000	0.996	0.996	0.000	0.000
3	T	0.000	0.996	0.996	0.000	0.000
4	R	0.000	0.996	0.996	0.000	0.000
5	N	0.000	0.996	0.982	0.014	0.000
6	Q	0.000	0.996	0.749	0.246	0.000
7	I	0.000	0.996	0.148	0.848	0.000
8	L	0.000	0.996	0.038	0.957	0.000
9	A	0.000	0.996	0.003	0.993	0.000
10	A	0.000	0.996	0.001	0.995	0.000
11	L	0.000	0.996	0.000	0.996	0.000
12	A	0.000	0.996	0.000	0.996	0.000
13	A	0.000	0.996	0.000	0.994	0.002
14	L	0.000	0.996	0.000	0.954	0.042
15	G	0.000	0.996	0.000	0.736	0.259
16	A	0.000	0.996	0.000	0.647	0.349
17	T	0.000	0.996	0.000	0.056	0.939
18	G	0.000	0.995	0.000	0.012	0.983
19	V	0.012	0.984	0.000	0.006	0.978
20	N	0.000	0.984	0.000	0.001	0.983
21	A	0.000	0.984	0.000	0.000	0.983
22	A	0.961	0.023	0.000	0.000	0.023
23	M	0.009	0.014	0.000	0.000	0.014
24	G	0.000	0.014	0.000	0.000	0.014
25	P	0.005	0.009	0.000	0.000	0.009
26	A	0.000	0.009	0.000	0.000	0.009
27	F	0.004	0.005	0.000	0.000	0.005
28	S	0.000	0.005	0.000	0.000	0.005
29	T	0.005	0.001	0.000	0.000	0.001
30	G	0.000	0.000	0.000	0.000	0.000
31	P	0.000	0.000	0.000	0.000	0.000
32	V	0.000	0.000	0.000	0.000	0.000
33	S	0.000	0.000	0.000	0.000	0.000
34	D	0.000	0.000	0.000	0.000	0.000
35	N	0.000	0.000	0.000	0.000	0.000
36	S	0.000	0.000	0.000	0.000	0.000
37	F	0.000	0.000	0.000	0.000	0.000
38	I	0.000	0.000	0.000	0.000	0.000
39	R	0.000	0.000	0.000	0.000	0.000
40	E	0.000	0.000	0.000	0.000	0.000
>XP_001402490.1
pos	aa	C	S	n-reg	h-reg	c-reg
1	M	0.000	0.991	0.991	0.000	0.000
2	K	0.000	0.991	0.991	0.000	0.000
3	A	0.000	0.991	0.773	0.218	0.000
4	S	0.000	0.991	0.579	0.412	0.000
5	L	0.000	0.991	0.205	0.786	0.000
6	L	0.000	0.991	0.075	0.916	0.000
7	S	0.000	0.991	0.049	0.942	0.000
8	A	0.000	0.991	0.028	0.963	0.000
9	V	0.000	0.991	0.009	0.982	0.000
10	S	0.000	0.991	0.006	0.983	0.002
11	S	0.000	0.991	0.003	0.916	0.073
12	F	0.000	0.991	0.002	0.890	0.099
13	T	0.000	0.991	0.001	0.591	0.399
14	L	0.000	0.991	0.000	0.558	0.433
15	A	0.000	0.991	0.000	0.359	0.632
16	L	0.044	0.947	0.000	0.308	0.639
17	A	0.000	0.946	0.000	0.052	0.894
18	T	0.362	0.584	0.000	0.027	0.557
19	G	0.004	0.579	0.000	0.006	0.574
20	S	0.192	0.387	0.000	0.004	0.383
21	T	0.031	0.357	0.000	0.002	0.355
22	K	0.256	0.101	0.000	0.001	0.099
23	L	0.000	0.101	0.000	0.001	0.099
24	L	0.057	0.044	0.000	0.001	0.043
25	P	0.001	0.043	0.000	0.000	0.043
26	W	0.025	0.019	0.000	0.000	0.019
27	S	0.000	0.019	0.000	0.000	0.019
28	P	0.000	0.019	0.000	0.000	0.019
29	P	0.000	0.019	0.000	0.000	0.019
30	G	0.000	0.018	0.000	0.000	0.018
31	H	0.000	0.018	0.000	0.000	0.018
32	G	0.000	0.018	0.000	0.000	0.018
33	D	0.018	0.000	0.000	0.000	0.000
34	V	0.000	0.000	0.000	0.000	0.000
35	R	0.000	0.000	0.000	0.000	0.000
36	G	0.000	0.000	0.000	0.000	0.000
37	P	0.000	0.000	0.000	0.000	0.000
38	C	0.000	0.000	0.000	0.000	0.000
39	P	0.000	0.000	0.000	0.000	0.000
40	M	0.000	0.000	0.000	0.000	0.000
>XP_001402494.1
pos	aa	C	S	n-reg	h-reg	c-reg
1	M	0.000	1.000	1.000	0.000	0.000
2	T	0.000	1.000	1.000	0.000	0.000
3	F	0.000	1.000	0.592	0.407	0.000
4	L	0.000	1.000	0.300	0.700	0.000
5	T	0.000	1.000	0.263	0.736	0.000
6	T	0.000	1.000	0.168	0.832	0.000
7	L	0.000	1.000	0.024	0.976	0.000
8	I	0.000	1.000	0.014	0.985	0.000
9	P	0.000	1.000	0.012	0.988	0.000
10	L	0.000	1.000	0.003	0.997	0.000
11	L	0.000	1.000	0.000	0.996	0.003
12	A	0.000	1.000	0.000	0.980	0.020
13	L	0.000	1.000	0.000	0.963	0.036
14	L	0.000	1.000	0.000	0.886	0.114
15	T	0.000	0.999	0.000	0.146	0.853
16	P	0.000	0.999	0.000	0.065	0.934
17	A	0.001	0.998	0.000	0.049	0.949
18	L	0.014	0.985	0.000	0.040	0.944
19	T	0.000	0.984	0.000	0.012	0.972
20	T	0.666	0.318	0.000	0.003	0.315
21	T	0.029	0.289	0.000	0.001	0.288
22	T	0.168	0.121	0.000	0.000	0.121
23	T	0.024	0.097	0.000	0.000	0.097
24	T	0.052	0.045	0.000	0.000	0.045
25	T	0.027	0.018	0.000	0.000	0.018
26	N	0.005	0.013	0.000	0.000	0.013
27	C	0.000	0.013	0.000	0.000	0.013
28	S	0.006	0.007	0.000	0.000	0.007
29	T	0.000	0.007	0.000	0.000	0.007
30	G	0.001	0.006	0.000	0.000	0.006
31	S	0.002	0.005	0.000	0.000	0.005
32	F	0.000	0.004	0.000	0.000	0.004
33	T	0.000	0.004	0.000	0.000	0.004
34	V	0.001	0.003	0.000	0.000	0.003
35	M	0.000	0.003	0.000	0.000	0.003
36	S	0.000	0.003	0.000	0.000	0.003
37	V	0.001	0.003	0.000	0.000	0.003
38	R	0.000	0.003	0.000	0.000	0.003
39	S	0.000	0.003	0.000	0.000	0.003
40	G	0.001	0.001	0.000	0.000	0.001
>XP_001402519.4
pos	aa	C	S	n-reg	h-reg	c-reg
1	M	0.000	0.980	0.980	0.000	0.000
2	M	0.000	0.980	0.980	0.000	0.000
3	L	0.000	0.980	0.552	0.428	0.000
4	S	0.000	0.980	0.403	0.577	0.000
5	A	0.000	0.980	0.227	0.754	0.000
6	L	0.000	0.980	0.063	0.917	0.000
7	W	0.000	0.980	0.022	0.958	0.000
8	L	0.000	0.980	0.008	0.972	0.000
9	L	0.000	0.980	0.004	0.976	0.000
10	P	0.000	0.980	0.003	0.975	0.002
11	A	0.000	0.980	0.002	0.927	0.051
12	I	0.000	0.980	0.001	0.871	0.108
13	R	0.000	0.980	0.001	0.613	0.366
14	L	0.000	0.980	0.000	0.586	0.394
15	V	0.001	0.979	0.000	0.170	0.809
16	S	0.000	0.979	0.000	0.093	0.886
17	T	0.004	0.975	0.000	0.039	0.936
18	S	0.181	0.794	0.000	0.010	0.784
19	A	0.035	0.759	0.000	0.007	0.752
20	T	0.656	0.104	0.000	0.005	0.098
21	P	0.007	0.097	0.000	0.001	0.096
22	T	0.014	0.083	0.000	0.000	0.083
23	S	0.002	0.081	0.000	0.000	0.081
24	D	0.001	0.080	0.000	0.000	0.080
25	A	0.000	0.080	0.000	0.000	0.080
26	A	0.070	0.010	0.000	0.000	0.010
27	T	0.005	0.005	0.000	0.000	0.005
28	T	0.000	0.004	0.000	0.000	0.004
29	L	0.002	0.002	0.000	0.000	0.002
30	D	0.000	0.002	0.000	0.000	0.002
31	P	0.000	0.002	0.000	0.000	0.002
32	G	0.000	0.002	0.000	0.000	0.002
33	L	0.000	0.002	0.000	0.000	0.002
34	F	0.000	0.002	0.000	0.000	0.002
35	S	0.000	0.002	0.000	0.000	0.002
36	G	0.001	0.001	0.000	0.000	0.001
37	G	0.000	0.001	0.000	0.000	0.001
38	C	0.000	0.001	0.000	0.000	0.001
39	T	0.000	0.001	0.000	0.000	0.001
40	P	0.000	0.000	0.000	0.000	0.000
>XP_001402520.4
pos	aa	C	S	n-reg	h-reg	c-reg
1	M	0.000	0.015	0.015	0.000	0.000
2	E	0.000	0.017	0.017	0.000	0.000
3	I	0.000	0.017	0.017	0.000	0.000
4	E	0.000	0.017	0.017	0.000	0.000
5	V	0.000	0.017	0.017	0.000	0.000
6	L	0.000	0.017	0.017	0.000	0.000
7	R	0.000	0.017	0.017	0.000	0.000
8	Q	0.000	0.017	0.017	0.000	0.000
9	R	0.000	0.017	0.017	0.000	0.000
10	S	0.000	0.017	0.014	0.003	0.000
11	P	0.000	0.017	0.011	0.006	0.000
12	F	0.000	0.017	0.004	0.013	0.000
13	L	0.000	0.017	0.001	0.016	0.000
14	L	0.000	0.017	0.001	0.016	0.000
15	L	0.000	0.017	0.001	0.016	0.000
16	C	0.000	0.017	0.001	0.016	0.000
17	I	0.000	0.017	0.001	0.016	0.000
18	V	0.000	0.017	0.001	0.015	0.001
19	T	0.000	0.017	0.001	0.013	0.003
20	V	0.000	0.017	0.001	0.013	0.003
21	C	0.000	0.017	0.001	0.009	0.007
22	M	0.003	0.014	0.001	0.003	0.010
23	E	0.000	0.013	0.001	0.000	0.013
24	H	0.000	0.013	0.001	0.000	0.013
25	K	0.000	0.013	0.001	0.000	0.013
26	P	0.000	0.013	0.001	0.000	0.013
27	L	0.000	0.013	0.001	0.000	0.013
28	L	0.000	0.013	0.001	0.000	0.013
29	Q	0.001	0.012	0.001	0.000	0.011
30	H	0.010	0.002	0.001	0.000	0.001
31	K	0.000	0.002	0.001	0.000	0.001
32	L	0.000	0.002	0.001	0.000	0.001
33	E	0.000	0.002	0.001	0.000	0.001
34	A	0.000	0.002	0.001	0.000	0.001
35	L	0.001	0.001	0.001	0.000	0.001
36	V	0.000	0.001	0.001	0.000	0.001
37	R	0.000	0.001	0.001	0.000	0.001
38	E	0.000	0.001	0.001	0.000	0.001
39	T	0.000	0.001	0.001	0.000	0.001
40	A	0.000	0.001	0.001	0.000	0.001
>XP_001402523.3
pos	aa	C	S	n-reg	h-reg	c-reg
1	M	0.000	0.998	0.998	0.000	0.000
2	K	0.000	0.998	0.998	0.000	0.000
3	Y	0.000	0.998	0.899	0.099	0.000
4	A	0.000	0.998	0.592	0.406	0.000
5	A	0.000	0.998	0.420	0.577	0.000
6	A	0.000	0.998	0.204	0.793	0.000
7	L	0.000	0.998	0.043	0.955	0.000
8	T	0.000	0.998	0.024	0.974	0.000
9	A	0.000	0.998	0.011	0.987	0.000
10	V	0.000	0.998	0.005	0.992	0.000
11	A	0.000	0.998	0.004	0.986	0.008
12	A	0.000	0.998	0.002	0.960	0.035
13	L	0.000	0.998	0.002	0.905	0.091
14	A	0.000	0.998	0.002	0.790	0.206
15	A	0.001	0.997	0.002	0.428	0.566
16	R	0.000	0.996	0.002	0.102	0.892
17	A	0.000	0.996	0.001	0.052	0.943
18	A	0.111	0.885	0.001	0.033	0.851
19	A	0.019	0.867	0.001	0.025	0.842
20	V	0.370	0.497	0.000	0.006	0.491
21	G	0.000	0.497	0.000	0.002	0.494
22	V	0.035	0.461	0.000	0.002	0.459
23	S	0.000	0.461	0.000	0.002	0.459
24	G	0.022	0.440	0.000	0.002	0.438
25	T	0.434	0.006	0.000	0.002	0.004
26	P	0.000	0.006	0.000	0.001	0.004
27	V	0.000	0.005	0.000	0.001	0.004
28	G	0.000	0.005	0.000	0.001	0.005
29	F	0.000	0.005	0.000	0.001	0.005
30	A	0.000	0.005	0.000	0.001	0.005
31	S	0.001	0.004	0.000	0.000	0.004
32	S	0.000	0.004	0.000	0.000	0.004
33	A	0.001	0.003	0.000	0.000	0.002
34	T	0.000	0.002	0.000	0.000	0.002
35	G	0.000	0.002	0.000	0.000	0.002
36	G	0.000	0.002	0.000	0.000	0.002
37	G	0.000	0.002	0.000	0.000	0.002
38	D	0.000	0.002	0.000	0.000	0.002
39	A	0.000	0.002	0.000	0.000	0.002
40	T	0.002	0.000	0.000	0.000	0.000
>XP_003188523.1
pos	aa	C	S	n-reg	h-reg	c-reg
1	M	0.000	0.868	0.868	0.000	0.000
2	S	0.000	0.986	0.986	0.000	0.000
3	S	0.000	0.986	0.985	0.001	0.000
4	T	0.000	0.986	0.982	0.005	0.000
5	S	0.000	0.986	0.979	0.007	0.000
6	T	0.000	0.986	0.970	0.016	0.000
7	L	0.000	0.986	0.962	0.024	0.000
8	I	0.000	0.986	0.961	0.025	0.000
9	S	0.000	0.986	0.961	0.025	0.000
10	A	0.000	0.986	0.960	0.026	0.000
11	I	0.000	0.986	0.960	0.026	0.000
12	G	0.000	0.986	0.960	0.026	0.000
13	V	0.000	0.986	0.959	0.026	0.001
14	V	0.000	0.986	0.959	0.022	0.005
15	W	0.000	0.986	0.959	0.011	0.016
16	R	0.000	0.986	0.959	0.004	0.023
17	Y	0.000	0.986	0.955	0.007	0.024
18	A	0.000	0.986	0.940	0.021	0.025
19	W	0.005	0.981	0.924	0.037	0.020
20	F	0.000	0.981	0.897	0.064	0.020
21	L	0.000	0.981	0.876	0.084	0.021
22	A	0.000	0.981	0.871	0.089	0.021
23	F	0.005	0.976	0.868	0.092	0.017
24	R	0.000	0.976	0.867	0.093	0.017
25	P	0.000	0.976	0.772	0.187	0.018
26	L	0.000	0.976	0.349	0.609	0.018
27	A	0.000	0.976	0.224	0.733	0.019
28	I	0.001	0.976	0.065	0.890	0.021
29	L	0.000	0.976	0.012	0.932	0.031
30	V	0.002	0.974	0.004	0.915	0.055
31	L	0.000	0.974	0.001	0.901	0.072
32	T	0.000	0.973	0.000	0.887	0.086
33	G	0.005	0.968	0.000	0.834	0.134
34	A	0.024	0.944	0.000	0.754	0.190
35	T	0.028	0.916	0.000	0.723	0.194
36	I	0.011	0.906	0.000	0.702	0.203
37	S	0.000	0.904	0.000	0.474	0.430
38	L	0.051	0.846	0.000	0.366	0.481
39	I	0.027	0.791	0.000	0.230	0.561
40	R	0.000	0.709	0.000	0.008	0.702
>XP_003188525.1
pos	aa	C	S	n-reg	h-reg	c-reg
1	M	0.000	0.970	0.970	0.000	0.000
2	S	0.000	1.000	1.000	0.000	0.000
3	F	0.000	1.000	0.693	0.307	0.000
4	L	0.000	1.000	0.434	0.566	0.000
5	F	0.000	1.000	0.354	0.646	0.000
6	L	0.000	1.000	0.174	0.826	0.000
7	L	0.000	1.000	0.089	0.911	0.000
8	F	0.000	1.000	0.066	0.934	0.000
9	M	0.000	1.000	0.042	0.958	0.000
10	V	0.000	1.000	0.014	0.986	0.000
11	F	0.000	1.000	0.007	0.974	0.019
12	F	0.000	1.000	0.004	0.888	0.108
13	A	0.000	1.000	0.002	0.759	0.239
14	P	0.000	1.000	0.002	0.605	0.393
15	F	0.000	1.000	0.000	0.540	0.460
16	L	0.000	1.000	0.000	0.402	0.598
17	L	0.000	1.000	0.000	0.329	0.671
18	L	0.003	0.996	0.000	0.162	0.834
19	L	0.043	0.953	0.000	0.108	0.845
20	A	0.119	0.833	0.000	0.085	0.748
21	Y	0.399	0.431	0.000	0.035	0.397
22	L	0.000	0.429	0.000	0.029	0.400
23	G	0.115	0.308	0.000	0.020	0.289
24	F	0.028	0.276	0.000	0.015	0.261
25	S	0.000	0.267	0.000	0.005	0.262
26	K	0.249	0.013	0.000	0.000	0.013
27	F	0.000	0.013	0.000	0.000	0.013
28	I	0.000	0.013	0.000	0.000	0.013
29	A	0.000	0.013	0.000	0.000	0.013
30	P	0.002	0.011	0.000	0.000	0.011
31	R	0.005	0.007	0.000	0.000	0.007
32	L	0.000	0.007	0.000	0.000	0.007
33	R	0.000	0.006	0.000	0.000	0.006
34	T	0.000	0.006	0.000	0.000	0.006
35	Y	0.002	0.004	0.000	0.000	0.004
36	F	0.000	0.004	0.000	0.000	0.004
37	S	0.000	0.004	0.000	0.000	0.004
38	A	0.000	0.004	0.000	0.000	0.004
39	S	0.001	0.003	0.000	0.000	0.003
40	P	0.000	0.003	0.000	0.000	0.003
>XP_003188534.1
pos	aa	C	S	n-reg	h-reg	c-reg
1	M	0.000	0.999	0.999	0.000	0.000
2	K	0.000	0.999	0.999	0.000	0.000
3	F	0.000	0.999	0.987	0.012	0.000
4	N	0.000	0.999	0.981	0.018	0.000
5	S	0.000	0.999	0.930	0.070	0.000
6	A	0.000	0.999	0.593	0.406	0.000
7	I	0.000	0.999	0.191	0.809	0.000
8	A	0.000	0.999	0.098	0.901	0.000
9	L	0.000	0.999	0.039	0.960	0.000
10	S	0.000	0.999	0.026	0.973	0.000
11	S	0.000	0.999	0.007	0.992	0.001
12	L	0.000	0.999	0.000	0.998	0.001
13	L	0.000	0.999	0.000	0.996	0.004
14	A	0.000	0.999	0.000	0.858	0.142
15	L	0.000	0.999	0.000	0.828	0.172
16	A	0.000	0.999	0.000	0.766	0.234
17	V	0.001	0.998	0.000	0.711	0.287
18	A	0.000	0.998	0.000	0.416	0.582
19	Q	0.160	0.838	0.000	0.045	0.794
20	D	0.005	0.833	0.000	0.001	0.832
21	S	0.000	0.833	0.000	0.000	0.832
22	S	0.004	0.829	0.000	0.000	0.828
23	S	0.017	0.812	0.000	0.000	0.812
24	T	0.020	0.792	0.000	0.000	0.792
25	T	0.007	0.785	0.000	0.000	0.785
26	S	0.008	0.777	0.000	0.000	0.777
27	A	0.047	0.730	0.000	0.000	0.730
28	A	0.268	0.462	0.000	0.000	0.462
29	T	0.013	0.449	0.000	0.000	0.449
30	T	0.002	0.447	0.000	0.000	0.447
31	T	0.001	0.446	0.000	0.000	0.446
32	A	0.005	0.442	0.000	0.000	0.442
33	S	0.028	0.414	0.000	0.000	0.414
34	L	0.024	0.390	0.000	0.000	0.390
35	S	0.003	0.387	0.000	0.000	0.387
36	P	0.001	0.386	0.000	0.000	0.386
37	Q	0.002	0.385	0.000	0.000	0.385
38	A	0.002	0.383	0.000	0.000	0.383
39	S	0.001	0.382	0.000	0.000	0.382
40	C	0.000	0.381	0.000	0.000	0.381
>XP_003188551.1
pos	aa	C	S	n-reg	h-reg	c-reg
1	M	0.000	0.562	0.562	0.000	0.000
2	P	0.000	0.965	0.965	0.000	0.000
3	Y	0.000	0.965	0.692	0.273	0.000
4	L	0.000	0.965	0.411	0.554	0.000
5	L	0.000	0.965	0.405	0.559	0.000
6	F	0.000	0.965	0.404	0.561	0.000
7	F	0.000	0.965	0.403	0.562	0.000
8	A	0.000	0.965	0.403	0.562	0.000
9	L	0.000	0.965	0.403	0.562	0.000
10	L	0.000	0.965	0.403	0.561	0.001
11	P	0.000	0.965	0.403	0.372	0.190
12	R	0.000	0.965	0.403	0.040	0.522
13	L	0.000	0.965	0.403	0.035	0.526
14	I	0.000	0.965	0.403	0.026	0.535
15	T	0.000	0.965	0.403	0.018	0.543
16	A	0.037	0.928	0.403	0.001	0.524
17	G	0.471	0.457	0.403	0.000	0.054
18	S	0.016	0.441	0.403	0.000	0.038
19	V	0.013	0.428	0.403	0.000	0.025
20	S	0.000	0.428	0.403	0.000	0.025
21	K	0.024	0.403	0.403	0.000	0.000
22	E	0.000	0.403	0.403	0.000	0.000
23	Q	0.000	0.403	0.403	0.000	0.000
24	L	0.000	0.403	0.403	0.000	0.000
25	D	0.000	0.403	0.403	0.000	0.000
26	P	0.000	0.403	0.403	0.000	0.000
27	V	0.000	0.403	0.403	0.000	0.000
28	R	0.000	0.403	0.403	0.000	0.000
29	R	0.000	0.403	0.403	0.000	0.000
30	N	0.000	0.403	0.403	0.000	0.000
31	S	0.000	0.403	0.403	0.000	0.000
32	Y	0.000	0.403	0.403	0.000	0.000
33	P	0.000	0.403	0.403	0.000	0.000
34	I	0.000	0.403	0.403	0.000	0.000
35	T	0.000	0.403	0.403	0.000	0.000
36	P	0.000	0.403	0.403	0.000	0.000
37	A	0.000	0.403	0.403	0.000	0.000
38	V	0.000	0.403	0.403	0.000	0.000
39	D	0.000	0.403	0.403	0.000	0.000
40	E	0.000	0.403	0.403	0.000	0.000
>XP_003188560.1
pos	aa	C	S	n-reg	h-reg	c-reg
1	M	0.000	1.000	1.000	0.000	0.000
2	K	0.000	1.000	1.000	0.000	0.000
3	L	0.000	1.000	0.577	0.422	0.000
4	P	0.000	1.000	0.476	0.523	0.000
5	L	0.000	1.000	0.062	0.937	0.000
6	L	0.000	1.000	0.013	0.986	0.000
7	V	0.000	1.000	0.002	0.998	0.000
8	T	0.000	1.000	0.001	0.998	0.000
9	L	0.000	1.000	0.000	0.999	0.000
10	L	0.000	1.000	0.000	0.998	0.001
11	S	0.000	1.000	0.000	0.854	0.145
12	A	0.000	1.000	0.000	0.809	0.191
13	T	0.000	1.000	0.000	0.237	0.762
14	L	0.000	0.999	0.000	0.191	0.809
15	S	0.000	0.999	0.000	0.043	0.956
16	Y	0.013	0.986	0.000	0.024	0.962
17	A	0.000	0.986	0.000	0.016	0.970
18	A	0.822	0.164	0.000	0.002	0.162
19	P	0.000	0.163	0.000	0.000	0.163
20	T	0.043	0.120	0.000	0.000	0.120
21	S	0.002	0.119	0.000	0.000	0.119
22	T	0.002	0.117	0.000	0.000	0.117
23	T	0.093	0.024	0.000	0.000	0.024
24	I	0.019	0.005	0.000	0.000	0.005
25	C	0.000	0.005	0.000	0.000	0.005
26	G	0.004	0.000	0.000	0.000	0.000
27	P	0.000	0.000	0.000	0.000	0.000
28	D	0.000	0.000	0.000	0.000	0.000
29	E	0.000	0.000	0.000	0.000	0.000
30	A	0.000	0.000	0.000	0.000	0.000
31	I	0.000	0.000	0.000	0.000	0.000
32	I	0.000	0.000	0.000	0.000	0.000
33	L	0.000	0.000	0.000	0.000	0.000
34	L	0.000	0.000	0.000	0.000	0.000
35	S	0.000	0.000	0.000	0.000	0.000
36	N	0.000	0.000	0.000	0.000	0.000
37	N	0.000	0.000	0.000	0.000	0.000
38	T	0.000	0.000	0.000	0.000	0.000
39	T	0.000	0.000	0.000	0.000	0.000
40	K	0.000	0.000	0.000	0.000	0.000
>XP_003188563.1
pos	aa	C	S	n-reg	h-reg	c-reg
1	M	0.000	0.981	0.981	0.000	0.000
2	K	0.000	0.981	0.981	0.000	0.000
3	F	0.000	0.981	0.902	0.080	0.000
4	T	0.000	0.981	0.710	0.272	0.000
5	V	0.000	0.981	0.503	0.478	0.000
6	G	0.000	0.981	0.418	0.563	0.000
7	S	0.000	0.981	0.248	0.733	0.000
8	A	0.000	0.981	0.032	0.950	0.000
9	M	0.000	0.981	0.012	0.970	0.000
10	V	0.000	0.981	0.002	0.980	0.000
11	A	0.000	0.981	0.000	0.979	0.003
12	T	0.000	0.981	0.000	0.952	0.029
13	T	0.000	0.981	0.000	0.908	0.073
14	F	0.000	0.981	0.000	0.886	0.096
15	L	0.000	0.981	0.000	0.852	0.130
16	S	0.000	0.981	0.000	0.091	0.890
17	A	0.000	0.981	0.000	0.045	0.936
18	A	0.010	0.971	0.000	0.020	0.952
19	N	0.005	0.967	0.000	0.001	0.966
20	A	0.000	0.967	0.000	0.000	0.966
21	A	0.895	0.072	0.000	0.000	0.072
22	F	0.025	0.047	0.000	0.000	0.046
23	P	0.000	0.047	0.000	0.000	0.046
24	S	0.044	0.002	0.000	0.000	0.002
25	I	0.000	0.002	0.000	0.000	0.002
26	P	0.000	0.002	0.000	0.000	0.002
27	N	0.002	0.000	0.000	0.000	0.000
28	I	0.000	0.000	0.000	0.000	0.000
29	P	0.000	0.000	0.000	0.000	0.000
30	E	0.000	0.000	0.000	0.000	0.000
31	T	0.000	0.000	0.000	0.000	0.000
32	C	0.000	0.000	0.000	0.000	0.000
33	L	0.000	0.000	0.000	0.000	0.000
34	E	0.000	0.000	0.000	0.000	0.000
35	I	0.000	0.000	0.000	0.000	0.000
36	P	0.000	0.000	0.000	0.000	0.000
37	Q	0.000	0.000	0.000	0.000	0.000
38	V	0.000	0.000	0.000	0.000	0.000
39	I	0.000	0.000	0.000	0.000	0.000
40	G	0.000	0.000	0.000	0.000	0.000
>XP_003188572.1
pos	aa	C	S	n-reg	h-reg	c-reg
1	M	0.000	0.059	0.059	0.000	0.000
2	P	0.000	0.059	0.059	0.000	0.000
3	V	0.000	0.059	0.022	0.037	0.000
4	F	0.000	0.059	0.004	0.055	0.000
5	H	0.000	0.059	0.002	0.057	0.000
6	V	0.000	0.059	0.001	0.058	0.000
7	V	0.000	0.059	0.001	0.058	0.000
8	L	0.000	0.059	0.001	0.058	0.000
9	F	0.000	0.059	0.001	0.058	0.000
10	R	0.000	0.059	0.001	0.056	0.002
11	L	0.000	0.059	0.001	0.047	0.012
12	K	0.000	0.059	0.001	0.015	0.044
13	P	0.000	0.059	0.001	0.002	0.057
14	G	0.000	0.059	0.001	0.001	0.058
15	V	0.001	0.059	0.000	0.001	0.057
16	P	0.000	0.059	0.000	0.001	0.058
17	A	0.010	0.049	0.000	0.000	0.048
18	S	0.046	0.003	0.000	0.000	0.002
19	E	0.000	0.003	0.000	0.000	0.002
20	L	0.000	0.003	0.000	0.000	0.002
21	E	0.001	0.001	0.000	0.000	0.001
22	A	0.000	0.001	0.000	0.000	0.001
23	W	0.000	0.001	0.000	0.000	0.001
24	A	0.000	0.001	0.000	0.000	0.001
25	R	0.000	0.001	0.000	0.000	0.000
26	L	0.000	0.001	0.000	0.000	0.000
27	G	0.000	0.001	0.000	0.000	0.000
28	K	0.000	0.001	0.000	0.000	0.000
29	A	0.000	0.001	0.000	0.000	0.000
30	M	0.000	0.000	0.000	0.000	0.000
31	V	0.000	0.000	0.000	0.000	0.000
32	G	0.000	0.000	0.000	0.000	0.000
33	K	0.000	0.000	0.000	0.000	0.000
34	I	0.000	0.000	0.000	0.000	0.000
35	P	0.000	0.000	0.000	0.000	0.000
36	G	0.000	0.000	0.000	0.000	0.000
37	L	0.000	0.000	0.000	0.000	0.000
38	L	0.000	0.000	0.000	0.000	0.000
39	E	0.000	0.000	0.000	0.000	0.000
40	F	0.000	0.000	0.000	0.000	0.000
>XP_003188574.1
pos	aa	C	S	n-reg	h-reg	c-reg
1	M	0.000	0.602	0.602	0.000	0.000
2	S	0.000	0.712	0.712	0.000	0.000
3	R	0.000	0.712	0.711	0.001	0.000
4	N	0.000	0.712	0.687	0.025	0.000
5	W	0.000	0.712	0.559	0.153	0.000
6	I	0.000	0.712	0.187	0.525	0.000
7	P	0.000	0.712	0.131	0.580	0.000
8	A	0.000	0.712	0.061	0.651	0.000
9	L	0.000	0.712	0.023	0.688	0.000
10	M	0.000	0.712	0.012	0.700	0.000
11	A	0.000	0.712	0.005	0.706	0.001
12	I	0.000	0.712	0.001	0.707	0.003
13	G	0.000	0.712	0.001	0.673	0.038
14	M	0.000	0.712	0.000	0.318	0.394
15	G	0.000	0.712	0.000	0.165	0.546
16	V	0.015	0.696	0.000	0.139	0.557
17	W	0.000	0.696	0.000	0.131	0.566
18	T	0.000	0.696	0.000	0.113	0.583
19	G	0.487	0.208	0.000	0.110	0.098
20	Y	0.071	0.126	0.000	0.098	0.028
21	Y	0.000	0.110	0.000	0.082	0.028
22	T	0.000	0.094	0.000	0.066	0.029
23	F	0.023	0.055	0.000	0.050	0.005
24	Q	0.000	0.016	0.000	0.011	0.005
25	P	0.002	0.008	0.000	0.005	0.004
26	A	0.001	0.007	0.000	0.004	0.003
27	L	0.001	0.005	0.000	0.003	0.002
28	R	0.000	0.002	0.000	0.000	0.002
29	E	0.000	0.002	0.000	0.000	0.002
30	L	0.000	0.002	0.000	0.000	0.002
31	Q	0.001	0.001	0.000	0.000	0.001
32	T	0.000	0.001	0.000	0.000	0.001
33	E	0.001	0.000	0.000	0.000	0.000
34	K	0.000	0.000	0.000	0.000	0.000
35	T	0.000	0.000	0.000	0.000	0.000
36	G	0.000	0.000	0.000	0.000	0.000
37	P	0.000	0.000	0.000	0.000	0.000
38	Q	0.000	0.000	0.000	0.000	0.000
39	T	0.000	0.000	0.000	0.000	0.000
40	L	0.000	0.000	0.000	0.000	0.000
>XP_003188578.1
pos	aa	C	S	n-reg	h-reg	c-reg
1	M	0.000	0.900	0.900	0.000	0.000
2	A	0.000	1.000	1.000	0.000	0.000
3	N	0.000	1.000	0.999	0.001	0.000
4	G	0.000	1.000	0.982	0.018	0.000
5	W	0.000	1.000	0.869	0.130	0.000
6	S	0.000	1.000	0.515	0.485	0.000
7	L	0.000	1.000	0.120	0.880	0.000
8	I	0.000	1.000	0.045	0.955	0.000
9	I	0.000	1.000	0.010	0.990	0.000
10	G	0.000	1.000	0.006	0.994	0.000
11	L	0.000	1.000	0.003	0.997	0.000
12	I	0.000	1.000	0.001	0.998	0.000
13	F	0.000	1.000	0.001	0.997	0.002
14	V	0.000	1.000	0.001	0.987	0.012
15	V	0.000	1.000	0.001	0.957	0.041
16	V	0.000	1.000	0.001	0.880	0.119
17	A	0.000	1.000	0.001	0.177	0.822
18	S	0.004	0.996	0.001	0.114	0.881
19	V	0.002	0.993	0.001	0.101	0.891
20	L	0.000	0.992	0.001	0.099	0.891
21	A	0.005	0.982	0.001	0.093	0.888
22	W	0.884	0.093	0.001	0.087	0.005
23	I	0.000	0.086	0.001	0.080	0.005
24	F	0.000	0.068	0.001	0.062	0.005
25	S	0.000	0.027	0.001	0.021	0.005
26	P	0.004	0.005	0.001	0.002	0.001
27	K	0.000	0.002	0.001	0.000	0.001
28	G	0.000	0.002	0.001	0.000	0.001
29	E	0.001	0.001	0.001	0.000	0.000
30	N	0.000	0.001	0.001	0.000	0.000
31	Q	0.000	0.001	0.001	0.000	0.000
32	T	0.000	0.001	0.001	0.000	0.000
33	V	0.000	0.001	0.001	0.000	0.000
34	F	0.000	0.001	0.001	0.000	0.000
35	R	0.000	0.001	0.001	0.000	0.000
36	S	0.000	0.001	0.001	0.000	0.000
37	T	0.000	0.001	0.001	0.000	0.000
38	L	0.000	0.001	0.000	0.001	0.000
39	V	0.000	0.001	0.000	0.001	0.000
40	L	0.000	0.001	0.000	0.001	0.000
>XP_003188582.1
pos	aa	C	S	n-reg	h-reg	c-reg
1	M	0.000	0.113	0.113	0.000	0.000
2	F	0.000	0.113	0.113	0.000	0.000
3	R	0.000	0.113	0.113	0.000	0.000
4	A	0.000	0.113	0.095	0.018	0.000
5	F	0.000	0.113	0.083	0.030	0.000
6	L	0.000	0.113	0.081	0.032	0.000
7	K	0.000	0.113	0.080	0.033	0.000
8	S	0.000	0.113	0.056	0.057	0.000
9	A	0.000	0.113	0.040	0.073	0.000
10	F	0.000	0.113	0.034	0.079	0.000
11	L	0.000	0.113	0.032	0.081	0.000
12	L	0.000	0.113	0.032	0.077	0.004
13	R	0.000	0.113	0.032	0.059	0.022
14	P	0.000	0.113	0.031	0.057	0.025
15	L	0.001	0.112	0.030	0.057	0.025
16	E	0.000	0.111	0.029	0.032	0.050
17	E	0.000	0.111	0.028	0.019	0.064
18	W	0.000	0.111	0.013	0.032	0.066
19	L	0.000	0.111	0.003	0.041	0.067
20	T	0.000	0.111	0.003	0.040	0.069
21	A	0.009	0.102	0.003	0.031	0.069
22	R	0.018	0.084	0.002	0.029	0.053
23	L	0.000	0.084	0.000	0.031	0.053
24	L	0.008	0.076	0.000	0.030	0.045
25	A	0.003	0.073	0.000	0.029	0.044
26	S	0.029	0.044	0.000	0.019	0.025
27	R	0.008	0.036	0.000	0.007	0.029
28	S	0.000	0.036	0.000	0.006	0.030
29	F	0.009	0.027	0.000	0.005	0.022
30	H	0.000	0.027	0.000	0.003	0.025
31	K	0.000	0.027	0.000	0.000	0.027
32	L	0.000	0.027	0.000	0.000	0.027
33	V	0.000	0.027	0.000	0.000	0.027
34	G	0.000	0.027	0.000	0.000	0.027
35	G	0.017	0.011	0.000	0.000	0.011
36	I	0.011	0.000	0.000	0.000	0.000
37	H	0.000	0.000	0.000	0.000	0.000
38	R	0.000	0.000	0.000	0.000	0.000
39	K	0.000	0.000	0.000	0.000	0.000
40	V	0.000	0.000	0.000	0.000	0.000
>XP_003188584.1
pos	aa	C	S	n-reg	h-reg	c-reg
1	M	0.000	0.023	0.023	0.000	0.000
2	M	0.000	0.979	0.979	0.000	0.000
3	A	0.000	0.979	0.979	0.001	0.000
4	W	0.000	0.979	0.978	0.002	0.000
5	Y	0.000	0.979	0.977	0.003	0.000
6	S	0.000	0.979	0.976	0.003	0.000
7	L	0.000	0.979	0.976	0.003	0.000
8	L	0.000	0.979	0.976	0.003	0.000
9	P	0.000	0.979	0.976	0.003	0.000
10	P	0.000	0.979	0.976	0.003	0.000
11	T	0.000	0.979	0.976	0.003	0.000
12	L	0.000	0.979	0.976	0.003	0.000
13	S	0.000	0.979	0.976	0.000	0.003
14	Y	0.000	0.979	0.976	0.000	0.003
15	I	0.000	0.979	0.976	0.000	0.003
16	E	0.000	0.979	0.976	0.000	0.003
17	S	0.000	0.979	0.899	0.078	0.003
18	S	0.003	0.976	0.728	0.248	0.000
19	V	0.000	0.976	0.348	0.628	0.000
20	V	0.000	0.976	0.257	0.720	0.000
21	H	0.000	0.976	0.234	0.743	0.000
22	I	0.000	0.976	0.080	0.897	0.000
23	F	0.000	0.976	0.034	0.943	0.000
24	I	0.000	0.976	0.013	0.964	0.000
25	F	0.000	0.976	0.006	0.970	0.000
26	L	0.000	0.976	0.003	0.973	0.000
27	G	0.000	0.976	0.002	0.974	0.000
28	F	0.000	0.976	0.001	0.976	0.000
29	V	0.000	0.976	0.000	0.975	0.001
30	T	0.000	0.974	0.000	0.970	0.004
31	I	0.000	0.969	0.000	0.963	0.006
32	F	0.000	0.956	0.000	0.947	0.009
33	P	0.000	0.926	0.000	0.907	0.019
34	W	0.000	0.921	0.000	0.901	0.020
35	A	0.000	0.915	0.000	0.895	0.020
36	A	0.001	0.907	0.000	0.888	0.019
37	L	0.002	0.896	0.000	0.879	0.017
38	L	0.010	0.860	0.000	0.854	0.006
39	I	0.006	0.780	0.000	0.780	0.001
40	F	0.000	0.603	0.000	0.603	0.001
>XP_003188594.1
pos	aa	C	S	n-reg	h-reg	c-reg
1	M	0.000	0.089	0.089	0.000	0.000
2	L	0.000	0.995	0.995	0.000	0.000
3	F	0.000	0.995	0.995	0.000	0.000
4	T	0.000	0.995	0.995	0.000	0.000
5	W	0.000	0.995	0.995	0.000	0.000
6	S	0.000	0.995	0.995	0.000	0.000
7	T	0.000	0.995	0.995	0.000	0.000
8	K	0.000	0.995	0.995	0.000	0.000
9	N	0.000	0.995	0.995	0.000	0.000
10	L	0.000	0.995	0.995	0.000	0.000
11	C	0.000	0.995	0.995	0.000	0.000
12	I	0.000	0.995	0.995	0.000	0.000
13	V	0.000	0.995	0.995	0.000	0.000
14	F	0.000	0.995	0.995	0.000	0.000
15	P	0.000	0.995	0.995	0.000	0.000
16	Q	0.000	0.995	0.995	0.000	0.000
17	W	0.000	0.995	0.995	0.000	0.000
18	R	0.000	0.995	0.995	0.000	0.000
19	I	0.000	0.995	0.961	0.034	0.000
20	T	0.000	0.995	0.950	0.044	0.000
21	S	0.000	0.995	0.940	0.055	0.000
22	T	0.000	0.995	0.913	0.082	0.000
23	W	0.000	0.995	0.885	0.109	0.000
24	S	0.000	0.995	0.842	0.153	0.000
25	L	0.000	0.995	0.768	0.227	0.000
26	L	0.000	0.995	0.750	0.245	0.000
27	G	0.000	0.995	0.746	0.249	0.000
28	S	0.000	0.995	0.743	0.251	0.000
29	L	0.000	0.995	0.742	0.252	0.000
30	I	0.000	0.995	0.742	0.252	0.001
31	V	0.000	0.995	0.742	0.250	0.002
32	I	0.000	0.995	0.742	0.246	0.006
33	V	0.000	0.994	0.742	0.228	0.024
34	L	0.000	0.992	0.742	0.201	0.048
35	L	0.000	0.986	0.742	0.181	0.063
36	T	0.001	0.961	0.742	0.137	0.082
37	A	0.004	0.926	0.742	0.100	0.083
38	G	0.024	0.860	0.742	0.058	0.060
39	Y	0.051	0.779	0.742	0.028	0.008
40	E	0.000	0.751	0.742	0.000	0.009
>XP_003188621.1
pos	aa	C	S	n-reg	h-reg	c-reg
1	M	0.000	0.913	0.913	0.000	0.000
2	Y	0.000	0.943	0.943	0.000	0.000
3	A	0.000	0.943	0.725	0.218	0.000
4	L	0.000	0.943	0.479	0.465	0.000
5	P	0.000	0.943	0.452	0.491	0.000
6	V	0.000	0.943	0.172	0.771	0.000
7	G	0.000	0.943	0.057	0.886	0.000
8	I	0.000	0.943	0.037	0.906	0.000
9	V	0.000	0.943	0.032	0.911	0.000
10	F	0.000	0.943	0.030	0.913	0.000
11	L	0.000	0.943	0.030	0.905	0.008
12	C	0.000	0.943	0.030	0.857	0.056
13	L	0.000	0.943	0.030	0.836	0.077
14	A	0.000	0.943	0.030	0.745	0.168
15	T	0.010	0.933	0.030	0.091	0.813
16	V	0.000	0.933	0.030	0.044	0.859
17	T	0.000	0.933	0.030	0.018	0.885
18	V	0.005	0.928	0.030	0.012	0.886
19	A	0.000	0.928	0.030	0.007	0.891
20	L	0.838	0.090	0.030	0.002	0.058
21	R	0.041	0.049	0.030	0.000	0.019
22	L	0.000	0.049	0.030	0.000	0.019
23	Y	0.006	0.043	0.030	0.000	0.013
24	T	0.000	0.043	0.030	0.000	0.013
25	R	0.006	0.037	0.030	0.000	0.007
26	L	0.000	0.037	0.030	0.000	0.007
27	K	0.007	0.030	0.030	0.000	0.000
28	L	0.000	0.030	0.030	0.000	0.000
29	V	0.000	0.030	0.030	0.000	0.000
30	R	0.000	0.030	0.030	0.000	0.000
31	K	0.000	0.030	0.030	0.000	0.000
32	P	0.000	0.030	0.030	0.000	0.000
33	G	0.000	0.030	0.030	0.000	0.000
34	W	0.000	0.030	0.030	0.000	0.000
35	D	0.000	0.030	0.030	0.000	0.000
36	D	0.000	0.030	0.030	0.000	0.000
37	L	0.000	0.030	0.030	0.000	0.000
38	L	0.000	0.030	0.030	0.000	0.000
39	I	0.000	0.030	0.030	0.000	0.000
40	V	0.000	0.030	0.030	0.000	0.000
>XP_003188627.1
pos	aa	C	S	n-reg	h-reg	c-reg
1	M	0.000	0.470	0.470	0.000	0.000
2	T	0.000	0.945	0.945	0.000	0.000
3	L	0.000	0.945	0.943	0.002	0.000
4	F	0.000	0.945	0.943	0.003	0.000
5	G	0.000	0.945	0.942	0.003	0.000
6	E	0.000	0.945	0.939	0.007	0.000
7	L	0.000	0.945	0.803	0.143	0.000
8	S	0.000	0.945	0.758	0.187	0.000
9	Y	0.000	0.945	0.648	0.297	0.000
10	L	0.000	0.945	0.348	0.597	0.000
11	S	0.000	0.945	0.259	0.686	0.000
12	L	0.000	0.945	0.141	0.804	0.001
13	A	0.000	0.945	0.102	0.842	0.001
14	S	0.000	0.945	0.072	0.871	0.003
15	I	0.000	0.945	0.029	0.913	0.004
16	T	0.000	0.945	0.016	0.923	0.006
17	L	0.000	0.945	0.006	0.930	0.009
18	T	0.000	0.945	0.003	0.883	0.059
19	V	0.003	0.943	0.001	0.870	0.071
20	F	0.000	0.942	0.000	0.852	0.090
21	L	0.000	0.942	0.000	0.833	0.109
22	A	0.007	0.932	0.000	0.501	0.430
23	Y	0.040	0.889	0.000	0.474	0.415
24	V	0.000	0.885	0.000	0.468	0.417
25	I	0.000	0.876	0.000	0.458	0.418
26	G	0.000	0.853	0.000	0.435	0.418
27	C	0.398	0.437	0.000	0.416	0.021
28	I	0.020	0.389	0.000	0.388	0.001
29	V	0.000	0.321	0.000	0.319	0.001
30	Y	0.000	0.150	0.000	0.149	0.002
31	R	0.000	0.003	0.000	0.000	0.003
32	L	0.000	0.003	0.000	0.000	0.003
33	Y	0.000	0.003	0.000	0.000	0.003
34	L	0.000	0.003	0.000	0.000	0.003
35	S	0.001	0.002	0.000	0.000	0.002
36	P	0.000	0.002	0.000	0.000	0.002
37	I	0.000	0.002	0.000	0.000	0.002
38	A	0.000	0.002	0.000	0.000	0.002
39	A	0.000	0.002	0.000	0.000	0.002
40	F	0.002	0.000	0.000	0.000	0.000
>XP_003188629.1
pos	aa	C	S	n-reg	h-reg	c-reg
1	M	0.000	0.997	0.997	0.000	0.000
2	A	0.000	0.997	0.997	0.000	0.000
3	T	0.000	0.997	0.996	0.001	0.000
4	F	0.000	0.997	0.992	0.005	0.000
5	S	0.000	0.997	0.990	0.007	0.000
6	P	0.000	0.997	0.978	0.019	0.000
7	V	0.000	0.997	0.886	0.111	0.000
8	P	0.000	0.997	0.856	0.141	0.000
9	A	0.000	0.997	0.574	0.424	0.000
10	Y	0.000	0.997	0.350	0.647	0.000
11	V	0.000	0.997	0.097	0.901	0.000
12	L	0.000	0.997	0.022	0.975	0.000
13	G	0.000	0.997	0.007	0.990	0.001
14	T	0.000	0.997	0.001	0.992	0.004
15	L	0.000	0.997	0.000	0.990	0.007
16	T	0.000	0.997	0.000	0.973	0.024
17	L	0.000	0.997	0.000	0.956	0.041
18	A	0.000	0.997	0.000	0.871	0.127
19	L	0.003	0.994	0.000	0.694	0.300
20	G	0.000	0.994	0.000	0.527	0.467
21	C	0.007	0.987	0.000	0.085	0.901
22	H	0.000	0.986	0.000	0.013	0.973
23	A	0.000	0.986	0.000	0.001	0.985
24	L	0.252	0.735	0.000	0.000	0.734
25	A	0.002	0.732	0.000	0.000	0.732
26	R	0.689	0.043	0.000	0.000	0.043
27	P	0.000	0.043	0.000	0.000	0.043
28	G	0.042	0.001	0.000	0.000	0.001
29	P	0.000	0.001	0.000	0.000	0.001
30	E	0.000	0.001	0.000	0.000	0.000
31	Y	0.000	0.001	0.000	0.000	0.000
32	P	0.000	0.001	0.000	0.000	0.000
33	R	0.000	0.001	0.000	0.000	0.000
34	F	0.000	0.001	0.000	0.000	0.000
35	G	0.000	0.001	0.000	0.000	0.000
36	L	0.000	0.001	0.000	0.000	0.000
37	P	0.000	0.001	0.000	0.000	0.000
38	F	0.000	0.001	0.000	0.000	0.000
39	E	0.000	0.001	0.000	0.000	0.000
40	S	0.000	0.001	0.000	0.000	0.000
>XP_003188630.1
pos	aa	C	S	n-reg	h-reg	c-reg
1	M	0.000	0.998	0.998	0.000	0.000
2	K	0.000	0.998	0.998	0.000	0.000
3	F	0.000	0.998	0.704	0.295	0.000
4	L	0.000	0.998	0.541	0.458	0.000
5	S	0.000	0.998	0.518	0.481	0.000
6	P	0.000	0.998	0.427	0.571	0.000
7	I	0.000	0.998	0.060	0.938	0.000
8	T	0.000	0.998	0.039	0.959	0.000
9	A	0.000	0.998	0.012	0.987	0.000
10	L	0.000	0.998	0.002	0.996	0.000
11	T	0.000	0.998	0.001	0.986	0.012
12	L	0.000	0.998	0.000	0.972	0.027
13	L	0.000	0.998	0.000	0.950	0.049
14	A	0.000	0.998	0.000	0.794	0.204
15	S	0.000	0.998	0.000	0.167	0.832
16	V	0.000	0.998	0.000	0.141	0.857
17	A	0.000	0.998	0.000	0.076	0.922
18	S	0.013	0.985	0.000	0.039	0.947
19	T	0.100	0.886	0.000	0.016	0.869
20	S	0.699	0.187	0.000	0.002	0.185
21	P	0.003	0.185	0.000	0.000	0.184
22	T	0.096	0.089	0.000	0.000	0.089
23	P	0.000	0.088	0.000	0.000	0.088
24	A	0.001	0.087	0.000	0.000	0.087
25	N	0.036	0.051	0.000	0.000	0.051
26	L	0.000	0.051	0.000	0.000	0.051
27	I	0.049	0.003	0.000	0.000	0.003
28	P	0.000	0.003	0.000	0.000	0.003
29	R	0.000	0.002	0.000	0.000	0.002
30	A	0.000	0.002	0.000	0.000	0.002
31	C	0.000	0.002	0.000	0.000	0.002
32	T	0.000	0.002	0.000	0.000	0.002
33	T	0.002	0.000	0.000	0.000	0.000
34	I	0.000	0.000	0.000	0.000	0.000
35	A	0.000	0.000	0.000	0.000	0.000
36	P	0.000	0.000	0.000	0.000	0.000
37	T	0.000	0.000	0.000	0.000	0.000
38	A	0.000	0.000	0.000	0.000	0.000
39	I	0.000	0.000	0.000	0.000	0.000
40	D	0.000	0.000	0.000	0.000	0.000
>XP_003188637.1
pos	aa	C	S	n-reg	h-reg	c-reg
1	M	0.000	0.494	0.494	0.000	0.000
2	I	0.000	0.522	0.522	0.000	0.000
3	A	0.000	0.522	0.522	0.000	0.000
4	P	0.000	0.522	0.522	0.000	0.000
5	K	0.000	0.522	0.522	0.000	0.000
6	I	0.000	0.522	0.521	0.000	0.000
7	S	0.000	0.522	0.521	0.000	0.000
8	L	0.000	0.522	0.521	0.000	0.000
9	S	0.000	0.522	0.521	0.000	0.000
10	L	0.000	0.522	0.521	0.000	0.000
11	A	0.000	0.522	0.521	0.000	0.000
12	E	0.000	0.522	0.521	0.000	0.000
13	K	0.000	0.522	0.521	0.000	0.000
14	L	0.000	0.522	0.517	0.005	0.000
15	D	0.000	0.522	0.516	0.006	0.000
16	L	0.000	0.522	0.486	0.036	0.000
17	V	0.000	0.522	0.473	0.048	0.000
18	P	0.000	0.522	0.467	0.054	0.000
19	A	0.000	0.522	0.428	0.093	0.000
20	L	0.000	0.522	0.350	0.171	0.000
21	A	0.000	0.522	0.299	0.222	0.000
22	S	0.000	0.521	0.251	0.270	0.001
23	I	0.000	0.521	0.170	0.351	0.001
24	T	0.000	0.521	0.106	0.413	0.002
25	L	0.000	0.521	0.024	0.493	0.004
26	T	0.000	0.521	0.015	0.493	0.014
27	V	0.001	0.521	0.005	0.498	0.018
28	F	0.000	0.521	0.000	0.483	0.037
29	W	0.000	0.520	0.000	0.469	0.051
30	A	0.000	0.520	0.000	0.450	0.070
31	L	0.008	0.512	0.000	0.431	0.081
32	L	0.000	0.510	0.000	0.354	0.156
33	T	0.009	0.496	0.000	0.231	0.265
34	S	0.009	0.482	0.000	0.176	0.306
35	L	0.023	0.457	0.000	0.145	0.312
36	Y	0.011	0.439	0.000	0.015	0.423
37	R	0.000	0.433	0.000	0.000	0.432
38	S	0.000	0.433	0.000	0.000	0.432
39	A	0.018	0.414	0.000	0.000	0.414
40	A	0.071	0.343	0.000	0.000	0.343
>XP_003188644.1
pos	aa	C	S	n-reg	h-reg	c-reg
1	M	0.000	1.000	1.000	0.000	0.000
2	Y	0.000	1.000	1.000	0.000	0.000
3	N	0.000	1.000	0.991	0.008	0.000
4	L	0.000	1.000	0.828	0.172	0.000
5	V	0.000	1.000	0.784	0.216	0.000
6	G	0.000	1.000	0.691	0.309	0.000
7	F	0.000	1.000	0.498	0.502	0.000
8	P	0.000	1.000	0.465	0.534	0.000
9	A	0.000	1.000	0.261	0.739	0.000
10	L	0.000	1.000	0.044	0.956	0.000
11	L	0.000	1.000	0.010	0.989	0.000
12	C	0.000	1.000	0.003	0.996	0.001
13	L	0.000	1.000	0.001	0.998	0.001
14	V	0.000	1.000	0.000	0.990	0.010
15	L	0.000	1.000	0.000	0.885	0.115
16	A	0.000	1.000	0.000	0.766	0.234
17	V	0.001	0.999	0.000	0.709	0.290
18	A	0.000	0.999	0.000	0.200	0.798
19	P	0.001	0.998	0.000	0.152	0.846
20	V	0.000	0.998	0.000	0.137	0.861
21	L	0.000	0.998	0.000	0.089	0.909
22	S	0.000	0.998	0.000	0.033	0.964
23	A	0.821	0.176	0.000	0.005	0.171
24	P	0.008	0.168	0.000	0.000	0.168
25	V	0.003	0.165	0.000	0.000	0.165
26	A	0.000	0.165	0.000	0.000	0.165
27	A	0.004	0.161	0.000	0.000	0.161
28	G	0.075	0.086	0.000	0.000	0.086
29	D	0.066	0.021	0.000	0.000	0.021
30	G	0.000	0.021	0.000	0.000	0.021
31	A	0.021	0.000	0.000	0.000	0.000
32	I	0.000	0.000	0.000	0.000	0.000
33	V	0.000	0.000	0.000	0.000	0.000
34	R	0.000	0.000	0.000	0.000	0.000
35	R	0.000	0.000	0.000	0.000	0.000
36	Q	0.000	0.000	0.000	0.000	0.000
37	S	0.000	0.000	0.000	0.000	0.000
38	H	0.000	0.000	0.000	0.000	0.000
39	H	0.000	0.000	0.000	0.000	0.000
40	L	0.000	0.000	0.000	0.000	0.000
