>XP_001390072.1
pos	aa	C	S	n-reg	h-reg	c-reg
1	M	0.000	0.980	0.980	0.000	0.000
2	R	0.000	0.980	0.980	0.000	0.000
3	L	0.000	0.980	0.691	0.288	0.000
4	A	0.000	0.980	0.599	0.381	0.000
5	S	0.000	0.980	0.564	0.416	0.000
6	G	0.000	0.980	0.417	0.562	0.000
7	F	0.000	0.980	0.069	0.911	0.000
8	L	0.000	0.980	0.030	0.950	0.000
9	A	0.000	0.980	0.017	0.963	0.000
10	L	0.000	0.980	0.006	0.973	0.000
11	T	0.000	0.980	0.004	0.958	0.018
12	C	0.000	0.980	0.001	0.937	0.041
13	L	0.000	0.980	0.000	0.925	0.054
14	V	0.000	0.980	0.000	0.859	0.120
15	P	0.000	0.980	0.000	0.232	0.748
16	G	0.001	0.979	0.000	0.200	0.779
17	I	0.003	0.976	0.000	0.178	0.798
18	L	0.000	0.976	0.000	0.118	0.858
19	A	0.012	0.964	0.000	0.034	0.930
20	T	0.612	0.353	0.000	0.021	0.332
21	A	0.059	0.294	0.000	0.006	0.288
22	G	0.058	0.236	0.000	0.003	0.232
23	L	0.116	0.119	0.000	0.002	0.117
24	E	0.049	0.071	0.000	0.000	0.071
25	S	0.000	0.071	0.000	0.000	0.071
26	S	0.047	0.024	0.000	0.000	0.024
27	D	0.004	0.020	0.000	0.000	0.020
28	A	0.000	0.020	0.000	0.000	0.020
29	N	0.011	0.009	0.000	0.000	0.009
30	G	0.000	0.009	0.000	0.000	0.009
31	D	0.008	0.001	0.000	0.000	0.001
32	S	0.000	0.001	0.000	0.000	0.001
33	L	0.000	0.001	0.000	0.000	0.001
34	T	0.000	0.000	0.000	0.000	0.000
35	V	0.000	0.000	0.000	0.000	0.000
36	R	0.000	0.000	0.000	0.000	0.000
37	T	0.000	0.000	0.000	0.000	0.000
38	R	0.000	0.000	0.000	0.000	0.000
39	T	0.000	0.000	0.000	0.000	0.000
40	G	0.000	0.000	0.000	0.000	0.000
>XP_001390077.1
pos	aa	C	S	n-reg	h-reg	c-reg
1	M	0.000	0.040	0.040	0.000	0.000
2	F	0.000	0.045	0.045	0.000	0.000
3	G	0.000	0.045	0.045	0.000	0.000
4	F	0.000	0.045	0.045	0.000	0.000
5	D	0.000	0.045	0.045	0.000	0.000
6	I	0.000	0.045	0.045	0.000	0.000
7	E	0.000	0.045	0.045	0.000	0.000
8	F	0.000	0.045	0.045	0.000	0.000
9	R	0.000	0.045	0.045	0.000	0.000
10	R	0.000	0.045	0.045	0.000	0.000
11	H	0.000	0.045	0.045	0.000	0.000
12	R	0.000	0.045	0.045	0.000	0.000
13	W	0.000	0.045	0.029	0.016	0.000
14	A	0.000	0.045	0.012	0.033	0.000
15	L	0.000	0.045	0.003	0.041	0.000
16	I	0.000	0.045	0.001	0.044	0.000
17	Y	0.000	0.045	0.000	0.044	0.000
18	C	0.000	0.045	0.000	0.045	0.000
19	S	0.000	0.045	0.000	0.045	0.000
20	I	0.000	0.045	0.000	0.045	0.000
21	S	0.000	0.045	0.000	0.041	0.004
22	A	0.000	0.045	0.000	0.039	0.006
23	I	0.000	0.045	0.000	0.038	0.007
24	G	0.000	0.045	0.000	0.035	0.010
25	A	0.001	0.044	0.000	0.008	0.036
26	L	0.003	0.041	0.000	0.007	0.035
27	V	0.000	0.041	0.000	0.005	0.036
28	F	0.000	0.040	0.000	0.004	0.036
29	G	0.000	0.039	0.000	0.002	0.036
30	Y	0.036	0.001	0.000	0.001	0.000
31	D	0.000	0.000	0.000	0.000	0.000
32	N	0.000	0.000	0.000	0.000	0.000
33	T	0.000	0.000	0.000	0.000	0.000
34	Y	0.000	0.000	0.000	0.000	0.000
35	Y	0.000	0.000	0.000	0.000	0.000
36	S	0.000	0.000	0.000	0.000	0.000
37	G	0.000	0.000	0.000	0.000	0.000
38	I	0.000	0.000	0.000	0.000	0.000
39	L	0.000	0.000	0.000	0.000	0.000
40	G	0.000	0.000	0.000	0.000	0.000
>XP_001390079.2
pos	aa	C	S	n-reg	h-reg	c-reg
1	M	0.000	0.998	0.998	0.000	0.000
2	K	0.000	0.998	0.998	0.000	0.000
3	F	0.000	0.998	0.704	0.295	0.000
4	L	0.000	0.998	0.541	0.458	0.000
5	S	0.000	0.998	0.518	0.481	0.000
6	P	0.000	0.998	0.427	0.571	0.000
7	I	0.000	0.998	0.060	0.938	0.000
8	T	0.000	0.998	0.039	0.959	0.000
9	A	0.000	0.998	0.012	0.987	0.000
10	L	0.000	0.998	0.002	0.996	0.000
11	T	0.000	0.998	0.001	0.986	0.012
12	L	0.000	0.998	0.000	0.972	0.027
13	L	0.000	0.998	0.000	0.950	0.049
14	A	0.000	0.998	0.000	0.794	0.204
15	S	0.000	0.998	0.000	0.167	0.832
16	V	0.000	0.998	0.000	0.141	0.857
17	A	0.000	0.998	0.000	0.076	0.922
18	S	0.013	0.985	0.000	0.039	0.947
19	T	0.100	0.886	0.000	0.016	0.869
20	S	0.699	0.187	0.000	0.002	0.185
21	P	0.003	0.185	0.000	0.000	0.184
22	T	0.096	0.089	0.000	0.000	0.089
23	P	0.000	0.088	0.000	0.000	0.088
24	A	0.001	0.087	0.000	0.000	0.087
25	N	0.036	0.051	0.000	0.000	0.051
26	L	0.000	0.051	0.000	0.000	0.051
27	I	0.049	0.003	0.000	0.000	0.003
28	P	0.000	0.003	0.000	0.000	0.003
29	R	0.000	0.002	0.000	0.000	0.002
30	A	0.000	0.002	0.000	0.000	0.002
31	C	0.000	0.002	0.000	0.000	0.002
32	T	0.000	0.002	0.000	0.000	0.002
33	T	0.002	0.000	0.000	0.000	0.000
34	I	0.000	0.000	0.000	0.000	0.000
35	A	0.000	0.000	0.000	0.000	0.000
36	P	0.000	0.000	0.000	0.000	0.000
37	T	0.000	0.000	0.000	0.000	0.000
38	A	0.000	0.000	0.000	0.000	0.000
39	I	0.000	0.000	0.000	0.000	0.000
40	D	0.000	0.000	0.000	0.000	0.000
>XP_001390107.2
pos	aa	C	S	n-reg	h-reg	c-reg
1	M	0.000	0.796	0.796	0.000	0.000
2	A	0.000	0.796	0.796	0.000	0.000
3	P	0.000	0.796	0.793	0.003	0.000
4	I	0.000	0.796	0.749	0.047	0.000
5	A	0.000	0.796	0.724	0.072	0.000
6	L	0.000	0.796	0.680	0.116	0.000
7	K	0.000	0.796	0.673	0.124	0.000
8	I	0.000	0.796	0.213	0.584	0.000
9	L	0.000	0.796	0.026	0.771	0.000
10	L	0.000	0.796	0.005	0.791	0.000
11	F	0.000	0.796	0.003	0.794	0.000
12	T	0.000	0.796	0.002	0.790	0.005
13	S	0.000	0.796	0.001	0.785	0.011
14	L	0.000	0.796	0.000	0.782	0.015
15	I	0.000	0.796	0.000	0.769	0.027
16	V	0.000	0.796	0.000	0.579	0.217
17	P	0.000	0.796	0.000	0.227	0.569
18	S	0.001	0.796	0.000	0.082	0.714
19	I	0.006	0.789	0.000	0.069	0.720
20	S	0.000	0.789	0.000	0.018	0.772
21	L	0.150	0.639	0.000	0.011	0.628
22	S	0.062	0.577	0.000	0.002	0.575
23	D	0.431	0.146	0.000	0.000	0.146
24	Q	0.000	0.146	0.000	0.000	0.146
25	A	0.113	0.033	0.000	0.000	0.033
26	R	0.012	0.022	0.000	0.000	0.022
27	N	0.000	0.022	0.000	0.000	0.022
28	G	0.000	0.022	0.000	0.000	0.022
29	H	0.003	0.019	0.000	0.000	0.019
30	A	0.000	0.019	0.000	0.000	0.019
31	R	0.018	0.001	0.000	0.000	0.001
32	T	0.000	0.001	0.000	0.000	0.001
33	I	0.000	0.000	0.000	0.000	0.000
34	C	0.000	0.000	0.000	0.000	0.000
35	E	0.000	0.000	0.000	0.000	0.000
36	V	0.000	0.000	0.000	0.000	0.000
37	K	0.000	0.000	0.000	0.000	0.000
38	P	0.000	0.000	0.000	0.000	0.000
39	G	0.000	0.000	0.000	0.000	0.000
40	G	0.000	0.000	0.000	0.000	0.000
>XP_001390108.1
pos	aa	C	S	n-reg	h-reg	c-reg
1	M	0.000	0.547	0.547	0.000	0.000
2	E	0.000	0.547	0.547	0.000	0.000
3	P	0.000	0.547	0.498	0.048	0.000
4	V	0.000	0.547	0.139	0.408	0.000
5	L	0.000	0.547	0.025	0.521	0.000
6	I	0.000	0.547	0.007	0.539	0.000
7	V	0.000	0.547	0.001	0.546	0.000
8	G	0.000	0.547	0.001	0.546	0.000
9	A	0.000	0.547	0.000	0.547	0.000
10	G	0.000	0.547	0.000	0.547	0.000
11	I	0.000	0.547	0.000	0.545	0.002
12	V	0.000	0.547	0.000	0.508	0.039
13	G	0.000	0.547	0.000	0.210	0.337
14	L	0.000	0.547	0.000	0.196	0.351
15	T	0.000	0.547	0.000	0.027	0.519
16	L	0.000	0.546	0.000	0.020	0.527
17	G	0.000	0.546	0.000	0.000	0.545
18	Q	0.354	0.191	0.000	0.000	0.191
19	A	0.000	0.191	0.000	0.000	0.191
20	L	0.167	0.024	0.000	0.000	0.024
21	Q	0.001	0.023	0.000	0.000	0.023
22	K	0.022	0.002	0.000	0.000	0.002
23	A	0.000	0.002	0.000	0.000	0.002
24	N	0.002	0.000	0.000	0.000	0.000
25	I	0.000	0.000	0.000	0.000	0.000
26	P	0.000	0.000	0.000	0.000	0.000
27	F	0.000	0.000	0.000	0.000	0.000
28	R	0.000	0.000	0.000	0.000	0.000
29	I	0.000	0.000	0.000	0.000	0.000
30	Y	0.000	0.000	0.000	0.000	0.000
31	E	0.000	0.000	0.000	0.000	0.000
32	R	0.000	0.000	0.000	0.000	0.000
33	D	0.000	0.000	0.000	0.000	0.000
34	A	0.000	0.000	0.000	0.000	0.000
35	S	0.000	0.000	0.000	0.000	0.000
36	P	0.000	0.000	0.000	0.000	0.000
37	D	0.000	0.000	0.000	0.000	0.000
38	A	0.000	0.000	0.000	0.000	0.000
39	R	0.000	0.000	0.000	0.000	0.000
40	G	0.000	0.000	0.000	0.000	0.000
>XP_001390133.1
pos	aa	C	S	n-reg	h-reg	c-reg
1	M	0.000	0.994	0.994	0.000	0.000
2	K	0.000	0.994	0.994	0.000	0.000
3	F	0.000	0.994	0.599	0.395	0.000
4	A	0.000	0.994	0.359	0.635	0.000
5	V	0.000	0.994	0.190	0.805	0.000
6	A	0.000	0.994	0.116	0.879	0.000
7	A	0.000	0.994	0.046	0.948	0.000
8	I	0.000	0.994	0.015	0.979	0.000
9	L	0.000	0.994	0.006	0.989	0.000
10	G	0.000	0.994	0.004	0.989	0.002
11	F	0.000	0.994	0.000	0.946	0.048
12	A	0.000	0.994	0.000	0.853	0.141
13	M	0.000	0.994	0.000	0.502	0.492
14	T	0.000	0.994	0.000	0.346	0.649
15	A	0.007	0.987	0.000	0.226	0.761
16	V	0.016	0.971	0.000	0.160	0.811
17	A	0.000	0.971	0.000	0.095	0.876
18	I	0.491	0.480	0.000	0.073	0.407
19	P	0.000	0.480	0.000	0.006	0.474
20	A	0.086	0.393	0.000	0.003	0.390
21	A	0.145	0.248	0.000	0.000	0.248
22	K	0.087	0.161	0.000	0.000	0.161
23	S	0.000	0.161	0.000	0.000	0.161
24	S	0.126	0.035	0.000	0.000	0.035
25	Q	0.014	0.021	0.000	0.000	0.021
26	Q	0.018	0.003	0.000	0.000	0.003
27	K	0.003	0.000	0.000	0.000	0.000
28	L	0.000	0.000	0.000	0.000	0.000
29	S	0.000	0.000	0.000	0.000	0.000
30	I	0.000	0.000	0.000	0.000	0.000
31	D	0.000	0.000	0.000	0.000	0.000
32	D	0.000	0.000	0.000	0.000	0.000
33	A	0.000	0.000	0.000	0.000	0.000
34	S	0.000	0.000	0.000	0.000	0.000
35	G	0.000	0.000	0.000	0.000	0.000
36	Q	0.000	0.000	0.000	0.000	0.000
37	C	0.000	0.000	0.000	0.000	0.000
38	S	0.000	0.000	0.000	0.000	0.000
39	I	0.000	0.000	0.000	0.000	0.000
40	G	0.000	0.000	0.000	0.000	0.000
>XP_001390137.1
pos	aa	C	S	n-reg	h-reg	c-reg
1	M	0.000	0.998	0.998	0.000	0.000
2	Q	0.000	0.999	0.999	0.000	0.000
3	F	0.000	0.999	0.927	0.072	0.000
4	T	0.000	0.999	0.859	0.140	0.000
5	L	0.000	0.999	0.686	0.313	0.000
6	T	0.000	0.999	0.593	0.406	0.000
7	N	0.000	0.999	0.524	0.474	0.000
8	V	0.000	0.999	0.188	0.811	0.000
9	L	0.000	0.999	0.017	0.982	0.000
10	A	0.000	0.999	0.006	0.993	0.000
11	L	0.000	0.999	0.002	0.996	0.001
12	T	0.000	0.999	0.001	0.984	0.014
13	L	0.000	0.999	0.000	0.975	0.023
14	A	0.000	0.999	0.000	0.900	0.099
15	V	0.000	0.998	0.000	0.866	0.132
16	A	0.000	0.998	0.000	0.723	0.275
17	T	0.011	0.987	0.000	0.153	0.834
18	G	0.001	0.987	0.000	0.063	0.923
19	V	0.035	0.951	0.000	0.038	0.913
20	S	0.000	0.951	0.000	0.019	0.933
21	A	0.024	0.927	0.000	0.005	0.922
22	G	0.736	0.191	0.000	0.002	0.189
23	A	0.103	0.088	0.000	0.001	0.087
24	V	0.045	0.044	0.000	0.001	0.043
25	S	0.000	0.044	0.000	0.000	0.043
26	D	0.020	0.024	0.000	0.000	0.024
27	S	0.000	0.024	0.000	0.000	0.024
28	Q	0.012	0.012	0.000	0.000	0.012
29	A	0.000	0.012	0.000	0.000	0.012
30	I	0.012	0.000	0.000	0.000	0.000
31	K	0.000	0.000	0.000	0.000	0.000
32	T	0.000	0.000	0.000	0.000	0.000
33	Q	0.000	0.000	0.000	0.000	0.000
34	T	0.000	0.000	0.000	0.000	0.000
35	E	0.000	0.000	0.000	0.000	0.000
36	G	0.000	0.000	0.000	0.000	0.000
37	K	0.000	0.000	0.000	0.000	0.000
38	C	0.000	0.000	0.000	0.000	0.000
39	D	0.000	0.000	0.000	0.000	0.000
40	I	0.000	0.000	0.000	0.000	0.000
>XP_001390144.1
pos	aa	C	S	n-reg	h-reg	c-reg
1	M	0.000	0.790	0.790	0.000	0.000
2	P	0.000	0.790	0.790	0.000	0.000
3	F	0.000	0.790	0.790	0.001	0.000
4	E	0.000	0.790	0.789	0.001	0.000
5	T	0.000	0.790	0.789	0.001	0.000
6	A	0.000	0.790	0.789	0.002	0.000
7	I	0.000	0.790	0.788	0.002	0.000
8	T	0.000	0.790	0.788	0.002	0.000
9	S	0.000	0.790	0.788	0.002	0.000
10	T	0.000	0.790	0.787	0.003	0.000
11	F	0.000	0.790	0.785	0.005	0.000
12	R	0.000	0.790	0.784	0.005	0.001
13	G	0.000	0.790	0.724	0.065	0.001
14	S	0.000	0.790	0.598	0.191	0.001
15	S	0.000	0.790	0.418	0.371	0.002
16	T	0.000	0.790	0.264	0.524	0.002
17	A	0.000	0.790	0.103	0.685	0.002
18	L	0.000	0.790	0.031	0.757	0.002
19	G	0.000	0.790	0.023	0.765	0.002
20	F	0.001	0.789	0.010	0.778	0.001
21	W	0.000	0.789	0.006	0.781	0.003
22	L	0.000	0.789	0.001	0.768	0.021
23	T	0.000	0.789	0.000	0.628	0.161
24	L	0.000	0.789	0.000	0.528	0.261
25	P	0.000	0.789	0.000	0.280	0.509
26	S	0.001	0.789	0.000	0.094	0.694
27	A	0.000	0.788	0.000	0.084	0.704
28	A	0.010	0.778	0.000	0.059	0.719
29	V	0.041	0.737	0.000	0.042	0.695
30	A	0.000	0.737	0.000	0.015	0.721
31	K	0.617	0.119	0.000	0.005	0.114
32	T	0.000	0.119	0.000	0.000	0.119
33	I	0.038	0.081	0.000	0.000	0.081
34	L	0.000	0.081	0.000	0.000	0.081
35	H	0.006	0.074	0.000	0.000	0.074
36	G	0.000	0.074	0.000	0.000	0.074
37	Q	0.074	0.000	0.000	0.000	0.000
38	P	0.000	0.000	0.000	0.000	0.000
39	P	0.000	0.000	0.000	0.000	0.000
40	S	0.000	0.000	0.000	0.000	0.000
>XP_001390146.1
pos	aa	C	S	n-reg	h-reg	c-reg
1	M	0.000	0.950	0.950	0.000	0.000
2	S	0.000	0.950	0.950	0.000	0.000
3	G	0.000	0.950	0.950	0.000	0.000
4	V	0.000	0.950	0.948	0.002	0.000
5	S	0.000	0.950	0.948	0.003	0.000
6	F	0.000	0.950	0.933	0.017	0.000
7	A	0.000	0.950	0.926	0.024	0.000
8	R	0.000	0.950	0.924	0.026	0.000
9	Q	0.000	0.950	0.792	0.158	0.000
10	A	0.000	0.950	0.077	0.873	0.000
11	L	0.000	0.950	0.017	0.934	0.000
12	L	0.000	0.950	0.005	0.945	0.000
13	Q	0.000	0.950	0.004	0.946	0.000
14	A	0.000	0.950	0.002	0.947	0.001
15	A	0.000	0.950	0.001	0.947	0.002
16	L	0.000	0.950	0.000	0.947	0.003
17	L	0.000	0.950	0.000	0.939	0.011
18	S	0.000	0.950	0.000	0.156	0.794
19	I	0.000	0.950	0.000	0.114	0.836
20	V	0.000	0.950	0.000	0.046	0.904
21	S	0.000	0.950	0.000	0.019	0.931
22	A	0.001	0.949	0.000	0.012	0.937
23	I	0.858	0.091	0.000	0.005	0.085
24	P	0.000	0.091	0.000	0.000	0.091
25	A	0.051	0.039	0.000	0.000	0.039
26	P	0.005	0.035	0.000	0.000	0.035
27	T	0.000	0.034	0.000	0.000	0.034
28	A	0.013	0.021	0.000	0.000	0.021
29	F	0.021	0.000	0.000	0.000	0.000
30	V	0.000	0.000	0.000	0.000	0.000
31	N	0.000	0.000	0.000	0.000	0.000
32	N	0.000	0.000	0.000	0.000	0.000
33	V	0.000	0.000	0.000	0.000	0.000
34	A	0.000	0.000	0.000	0.000	0.000
35	P	0.000	0.000	0.000	0.000	0.000
36	P	0.000	0.000	0.000	0.000	0.000
37	E	0.000	0.000	0.000	0.000	0.000
38	P	0.000	0.000	0.000	0.000	0.000
39	I	0.000	0.000	0.000	0.000	0.000
40	I	0.000	0.000	0.000	0.000	0.000
>XP_001390159.2
pos	aa	C	S	n-reg	h-reg	c-reg
1	M	0.000	0.990	0.990	0.000	0.000
2	A	0.000	0.990	0.990	0.000	0.000
3	T	0.000	0.990	0.757	0.233	0.000
4	A	0.000	0.990	0.509	0.481	0.000
5	A	0.000	0.990	0.353	0.637	0.000
6	L	0.000	0.990	0.101	0.890	0.000
7	L	0.000	0.990	0.043	0.947	0.000
8	G	0.000	0.990	0.037	0.953	0.000
9	S	0.000	0.990	0.024	0.966	0.000
10	L	0.000	0.990	0.013	0.977	0.000
11	P	0.000	0.990	0.011	0.844	0.134
12	S	0.000	0.990	0.005	0.807	0.179
13	T	0.000	0.990	0.002	0.762	0.226
14	L	0.000	0.990	0.001	0.707	0.283
15	A	0.000	0.990	0.000	0.431	0.559
16	T	0.100	0.890	0.000	0.239	0.650
17	S	0.003	0.887	0.000	0.114	0.773
18	A	0.051	0.836	0.000	0.034	0.803
19	A	0.063	0.773	0.000	0.027	0.746
20	C	0.186	0.587	0.000	0.009	0.578
21	N	0.043	0.544	0.000	0.003	0.541
22	A	0.000	0.544	0.000	0.002	0.542
23	S	0.244	0.299	0.000	0.002	0.298
24	A	0.008	0.291	0.000	0.002	0.289
25	L	0.270	0.021	0.000	0.001	0.020
26	N	0.003	0.018	0.000	0.000	0.018
27	T	0.000	0.018	0.000	0.000	0.018
28	T	0.002	0.016	0.000	0.000	0.016
29	V	0.000	0.016	0.000	0.000	0.016
30	G	0.000	0.016	0.000	0.000	0.016
31	L	0.010	0.006	0.000	0.000	0.006
32	Y	0.005	0.001	0.000	0.000	0.001
33	P	0.000	0.001	0.000	0.000	0.001
34	I	0.001	0.000	0.000	0.000	0.000
35	T	0.000	0.000	0.000	0.000	0.000
36	V	0.000	0.000	0.000	0.000	0.000
37	E	0.000	0.000	0.000	0.000	0.000
38	N	0.000	0.000	0.000	0.000	0.000
39	T	0.000	0.000	0.000	0.000	0.000
40	T	0.000	0.000	0.000	0.000	0.000
>XP_001390163.2
pos	aa	C	S	n-reg	h-reg	c-reg
1	M	0.000	0.655	0.655	0.000	0.000
2	D	0.000	0.655	0.655	0.000	0.000
3	H	0.000	0.655	0.655	0.000	0.000
4	R	0.000	0.655	0.655	0.000	0.000
5	G	0.000	0.655	0.644	0.011	0.000
6	S	0.000	0.655	0.521	0.134	0.000
7	F	0.000	0.655	0.200	0.455	0.000
8	F	0.000	0.655	0.098	0.557	0.000
9	F	0.000	0.655	0.035	0.620	0.000
10	F	0.000	0.655	0.009	0.646	0.000
11	L	0.000	0.655	0.002	0.653	0.000
12	V	0.000	0.655	0.000	0.655	0.000
13	V	0.000	0.655	0.000	0.655	0.000
14	F	0.000	0.655	0.000	0.650	0.005
15	Y	0.000	0.655	0.000	0.629	0.026
16	L	0.000	0.655	0.000	0.613	0.042
17	L	0.000	0.655	0.000	0.572	0.083
18	L	0.000	0.655	0.000	0.289	0.366
19	S	0.000	0.655	0.000	0.112	0.542
20	S	0.006	0.648	0.000	0.030	0.618
21	Q	0.029	0.620	0.000	0.003	0.617
22	S	0.028	0.591	0.000	0.000	0.591
23	H	0.357	0.234	0.000	0.000	0.234
24	S	0.000	0.234	0.000	0.000	0.234
25	P	0.085	0.149	0.000	0.000	0.149
26	L	0.007	0.142	0.000	0.000	0.142
27	V	0.005	0.137	0.000	0.000	0.137
28	S	0.000	0.137	0.000	0.000	0.137
29	Q	0.056	0.081	0.000	0.000	0.081
30	D	0.081	0.000	0.000	0.000	0.000
31	E	0.000	0.000	0.000	0.000	0.000
32	E	0.000	0.000	0.000	0.000	0.000
33	H	0.000	0.000	0.000	0.000	0.000
34	Q	0.000	0.000	0.000	0.000	0.000
35	R	0.000	0.000	0.000	0.000	0.000
36	E	0.000	0.000	0.000	0.000	0.000
37	L	0.000	0.000	0.000	0.000	0.000
38	V	0.000	0.000	0.000	0.000	0.000
39	R	0.000	0.000	0.000	0.000	0.000
40	E	0.000	0.000	0.000	0.000	0.000
>XP_001390173.1
pos	aa	C	S	n-reg	h-reg	c-reg
1	M	0.000	0.677	0.677	0.000	0.000
2	T	0.000	0.684	0.684	0.000	0.000
3	R	0.000	0.684	0.684	0.000	0.000
4	R	0.000	0.684	0.684	0.000	0.000
5	L	0.000	0.684	0.682	0.001	0.000
6	V	0.000	0.684	0.682	0.002	0.000
7	R	0.000	0.684	0.681	0.002	0.000
8	A	0.000	0.684	0.665	0.019	0.000
9	G	0.000	0.684	0.632	0.052	0.000
10	V	0.000	0.684	0.505	0.179	0.000
11	Q	0.000	0.684	0.441	0.242	0.000
12	L	0.000	0.684	0.166	0.517	0.000
13	A	0.000	0.684	0.109	0.575	0.000
14	I	0.000	0.684	0.057	0.627	0.000
15	F	0.000	0.684	0.027	0.656	0.000
16	A	0.000	0.684	0.016	0.666	0.002
17	S	0.000	0.684	0.011	0.663	0.009
18	F	0.000	0.684	0.004	0.663	0.017
19	I	0.000	0.684	0.000	0.659	0.025
20	A	0.000	0.684	0.000	0.632	0.052
21	L	0.001	0.682	0.000	0.538	0.144
22	L	0.004	0.678	0.000	0.328	0.350
23	V	0.010	0.667	0.000	0.159	0.509
24	V	0.000	0.667	0.000	0.086	0.581
25	T	0.000	0.666	0.000	0.072	0.594
26	L	0.223	0.442	0.000	0.051	0.391
27	D	0.348	0.090	0.000	0.001	0.089
28	N	0.000	0.090	0.000	0.000	0.090
29	R	0.000	0.090	0.000	0.000	0.090
30	F	0.000	0.090	0.000	0.000	0.090
31	R	0.000	0.090	0.000	0.000	0.090
32	V	0.000	0.090	0.000	0.000	0.090
33	L	0.000	0.090	0.000	0.000	0.090
34	P	0.000	0.090	0.000	0.000	0.090
35	A	0.053	0.037	0.000	0.000	0.037
36	S	0.013	0.024	0.000	0.000	0.024
37	I	0.000	0.024	0.000	0.000	0.024
38	H	0.000	0.024	0.000	0.000	0.024
39	G	0.000	0.024	0.000	0.000	0.024
40	H	0.021	0.002	0.000	0.000	0.002
>XP_001390178.1
pos	aa	C	S	n-reg	h-reg	c-reg
1	M	0.000	0.048	0.048	0.000	0.000
2	K	0.000	0.048	0.048	0.000	0.000
3	G	0.000	0.048	0.048	0.000	0.000
4	L	0.000	0.048	0.048	0.000	0.000
5	R	0.000	0.048	0.048	0.000	0.000
6	G	0.000	0.048	0.048	0.000	0.000
7	H	0.000	0.048	0.048	0.000	0.000
8	N	0.000	0.048	0.048	0.000	0.000
9	K	0.000	0.048	0.048	0.000	0.000
10	K	0.000	0.048	0.048	0.000	0.000
11	S	0.000	0.048	0.048	0.000	0.000
12	F	0.000	0.048	0.048	0.000	0.000
13	W	0.000	0.048	0.048	0.000	0.000
14	G	0.000	0.048	0.048	0.000	0.000
15	N	0.000	0.048	0.048	0.000	0.000
16	T	0.000	0.048	0.048	0.000	0.000
17	R	0.000	0.048	0.048	0.000	0.000
18	L	0.000	0.048	0.039	0.009	0.000
19	S	0.000	0.048	0.038	0.011	0.000
20	D	0.000	0.048	0.036	0.012	0.000
21	L	0.000	0.048	0.004	0.045	0.000
22	L	0.000	0.048	0.001	0.047	0.000
23	W	0.000	0.048	0.001	0.048	0.000
24	P	0.000	0.048	0.001	0.048	0.000
25	V	0.000	0.048	0.000	0.048	0.000
26	T	0.000	0.048	0.000	0.047	0.001
27	L	0.000	0.048	0.000	0.046	0.003
28	L	0.000	0.048	0.000	0.044	0.004
29	P	0.000	0.048	0.000	0.017	0.032
30	G	0.000	0.048	0.000	0.003	0.045
31	L	0.000	0.048	0.000	0.003	0.045
32	I	0.000	0.048	0.000	0.002	0.046
33	S	0.000	0.048	0.000	0.001	0.048
34	A	0.011	0.037	0.000	0.001	0.037
35	Y	0.035	0.003	0.000	0.000	0.002
36	Q	0.000	0.003	0.000	0.000	0.002
37	P	0.000	0.002	0.000	0.000	0.002
38	V	0.000	0.002	0.000	0.000	0.002
39	Y	0.000	0.002	0.000	0.000	0.002
40	L	0.000	0.002	0.000	0.000	0.002
>XP_001390179.2
pos	aa	C	S	n-reg	h-reg	c-reg
1	M	0.000	0.008	0.008	0.000	0.000
2	F	0.000	0.008	0.008	0.000	0.000
3	I	0.000	0.008	0.003	0.005	0.000
4	I	0.000	0.008	0.000	0.008	0.000
5	T	0.000	0.008	0.000	0.008	0.000
6	V	0.000	0.008	0.000	0.008	0.000
7	L	0.000	0.008	0.000	0.008	0.000
8	H	0.000	0.008	0.000	0.008	0.000
9	W	0.000	0.008	0.000	0.008	0.000
10	I	0.000	0.008	0.000	0.008	0.000
11	A	0.000	0.008	0.000	0.007	0.001
12	D	0.000	0.008	0.000	0.000	0.008
13	Y	0.000	0.008	0.000	0.000	0.008
14	L	0.000	0.008	0.000	0.000	0.008
15	L	0.000	0.008	0.000	0.000	0.008
16	S	0.000	0.008	0.000	0.000	0.008
17	S	0.007	0.001	0.000	0.000	0.001
18	I	0.001	0.000	0.000	0.000	0.000
19	K	0.000	0.000	0.000	0.000	0.000
20	M	0.000	0.000	0.000	0.000	0.000
21	V	0.000	0.000	0.000	0.000	0.000
22	Q	0.000	0.000	0.000	0.000	0.000
23	N	0.000	0.000	0.000	0.000	0.000
24	R	0.000	0.000	0.000	0.000	0.000
25	E	0.000	0.000	0.000	0.000	0.000
26	V	0.000	0.000	0.000	0.000	0.000
27	G	0.000	0.000	0.000	0.000	0.000
28	W	0.000	0.000	0.000	0.000	0.000
29	I	0.000	0.000	0.000	0.000	0.000
30	T	0.000	0.000	0.000	0.000	0.000
31	I	0.000	0.000	0.000	0.000	0.000
32	E	0.000	0.000	0.000	0.000	0.000
33	R	0.000	0.000	0.000	0.000	0.000
34	K	0.000	0.000	0.000	0.000	0.000
35	T	0.000	0.000	0.000	0.000	0.000
36	G	0.000	0.000	0.000	0.000	0.000
37	K	0.000	0.000	0.000	0.000	0.000
38	H	0.000	0.000	0.000	0.000	0.000
39	M	0.000	0.000	0.000	0.000	0.000
40	R	0.000	0.000	0.000	0.000	0.000
>XP_001390184.2
pos	aa	C	S	n-reg	h-reg	c-reg
1	M	0.000	0.746	0.746	0.000	0.000
2	I	0.000	0.795	0.795	0.000	0.000
3	R	0.000	0.795	0.795	0.000	0.000
4	G	0.000	0.795	0.795	0.000	0.000
5	K	0.000	0.795	0.795	0.000	0.000
6	S	0.000	0.795	0.795	0.000	0.000
7	R	0.000	0.795	0.795	0.000	0.000
8	F	0.000	0.795	0.795	0.000	0.000
9	T	0.000	0.795	0.795	0.000	0.000
10	K	0.000	0.795	0.795	0.000	0.000
11	Y	0.000	0.795	0.717	0.078	0.000
12	I	0.000	0.795	0.529	0.266	0.000
13	V	0.000	0.795	0.449	0.346	0.000
14	A	0.000	0.795	0.384	0.411	0.000
15	A	0.000	0.795	0.224	0.571	0.000
16	F	0.000	0.795	0.101	0.694	0.000
17	A	0.000	0.795	0.072	0.723	0.000
18	S	0.000	0.795	0.048	0.747	0.000
19	Y	0.000	0.795	0.004	0.790	0.001
20	I	0.000	0.795	0.000	0.794	0.001
21	I	0.000	0.795	0.000	0.792	0.003
22	L	0.000	0.795	0.000	0.786	0.009
23	T	0.000	0.795	0.000	0.622	0.173
24	L	0.000	0.793	0.000	0.524	0.269
25	L	0.000	0.791	0.000	0.472	0.319
26	F	0.003	0.781	0.000	0.391	0.389
27	S	0.000	0.765	0.000	0.036	0.729
28	G	0.060	0.697	0.000	0.016	0.681
29	T	0.002	0.690	0.000	0.010	0.680
30	G	0.004	0.681	0.000	0.006	0.676
31	G	0.059	0.619	0.000	0.002	0.617
32	K	0.617	0.000	0.000	0.000	0.000
33	Y	0.000	0.000	0.000	0.000	0.000
34	W	0.000	0.000	0.000	0.000	0.000
35	K	0.000	0.000	0.000	0.000	0.000
36	Q	0.000	0.000	0.000	0.000	0.000
37	D	0.000	0.000	0.000	0.000	0.000
38	W	0.000	0.000	0.000	0.000	0.000
39	V	0.000	0.000	0.000	0.000	0.000
40	R	0.000	0.000	0.000	0.000	0.000
>XP_001390192.2
pos	aa	C	S	n-reg	h-reg	c-reg
1	M	0.000	1.000	1.000	0.000	0.000
2	L	0.000	1.000	1.000	0.000	0.000
3	L	0.000	1.000	0.997	0.003	0.000
4	P	0.000	1.000	0.994	0.005	0.000
5	R	0.000	1.000	0.984	0.016	0.000
6	L	0.000	1.000	0.310	0.689	0.000
7	W	0.000	1.000	0.153	0.847	0.000
8	L	0.000	1.000	0.009	0.991	0.000
9	A	0.000	1.000	0.003	0.997	0.000
10	C	0.000	1.000	0.001	0.999	0.000
11	L	0.000	1.000	0.000	0.999	0.000
12	T	0.000	1.000	0.000	0.999	0.000
13	L	0.000	1.000	0.000	0.998	0.001
14	L	0.000	1.000	0.000	0.935	0.065
15	V	0.000	1.000	0.000	0.808	0.192
16	A	0.000	1.000	0.000	0.139	0.861
17	G	0.000	0.999	0.000	0.035	0.964
18	A	0.004	0.995	0.000	0.008	0.987
19	A	0.033	0.963	0.000	0.005	0.958
20	A	0.063	0.900	0.000	0.004	0.896
21	V	0.861	0.039	0.000	0.000	0.039
22	K	0.000	0.039	0.000	0.000	0.039
23	V	0.000	0.039	0.000	0.000	0.039
24	N	0.000	0.039	0.000	0.000	0.039
25	P	0.000	0.039	0.000	0.000	0.039
26	L	0.039	0.000	0.000	0.000	0.000
27	P	0.000	0.000	0.000	0.000	0.000
28	A	0.000	0.000	0.000	0.000	0.000
29	P	0.000	0.000	0.000	0.000	0.000
30	R	0.000	0.000	0.000	0.000	0.000
31	N	0.000	0.000	0.000	0.000	0.000
32	I	0.000	0.000	0.000	0.000	0.000
33	T	0.000	0.000	0.000	0.000	0.000
34	W	0.000	0.000	0.000	0.000	0.000
35	A	0.000	0.000	0.000	0.000	0.000
36	S	0.000	0.000	0.000	0.000	0.000
37	S	0.000	0.000	0.000	0.000	0.000
38	G	0.000	0.000	0.000	0.000	0.000
39	P	0.000	0.000	0.000	0.000	0.000
40	K	0.000	0.000	0.000	0.000	0.000
>XP_001390199.1
pos	aa	C	S	n-reg	h-reg	c-reg
1	M	0.000	0.000	0.000	0.000	0.000
2	S	0.000	0.000	0.000	0.000	0.000
3	F	0.000	0.000	0.000	0.000	0.000
4	T	0.000	0.000	0.000	0.000	0.000
5	H	0.000	0.000	0.000	0.000	0.000
6	R	0.000	0.000	0.000	0.000	0.000
7	D	0.000	0.000	0.000	0.000	0.000
8	Y	0.000	0.000	0.000	0.000	0.000
9	T	0.000	0.000	0.000	0.000	0.000
10	V	0.000	0.000	0.000	0.000	0.000
11	A	0.000	0.000	0.000	0.000	0.000
12	W	0.000	0.000	0.000	0.000	0.000
13	I	0.000	0.000	0.000	0.000	0.000
14	C	0.000	0.000	0.000	0.000	0.000
15	A	0.000	0.000	0.000	0.000	0.000
16	L	0.000	0.000	0.000	0.000	0.000
17	P	0.000	0.000	0.000	0.000	0.000
18	L	0.000	0.000	0.000	0.000	0.000
19	E	0.000	0.000	0.000	0.000	0.000
20	L	0.000	0.000	0.000	0.000	0.000
21	A	0.000	0.000	0.000	0.000	0.000
22	A	0.000	0.000	0.000	0.000	0.000
23	A	0.000	0.000	0.000	0.000	0.000
24	K	0.000	0.000	0.000	0.000	0.000
25	A	0.000	0.000	0.000	0.000	0.000
26	M	0.000	0.000	0.000	0.000	0.000
27	L	0.000	0.000	0.000	0.000	0.000
28	D	0.000	0.000	0.000	0.000	0.000
29	D	0.000	0.000	0.000	0.000	0.000
30	V	0.000	0.000	0.000	0.000	0.000
31	H	0.000	0.000	0.000	0.000	0.000
32	P	0.000	0.000	0.000	0.000	0.000
33	P	0.000	0.000	0.000	0.000	0.000
34	L	0.000	0.000	0.000	0.000	0.000
35	P	0.000	0.000	0.000	0.000	0.000
36	Q	0.000	0.000	0.000	0.000	0.000
37	P	0.000	0.000	0.000	0.000	0.000
38	E	0.000	0.000	0.000	0.000	0.000
39	S	0.000	0.000	0.000	0.000	0.000
40	D	0.000	0.000	0.000	0.000	0.000
>XP_001390213.1
pos	aa	C	S	n-reg	h-reg	c-reg
1	M	0.000	0.784	0.784	0.000	0.000
2	L	0.000	0.784	0.784	0.000	0.000
3	V	0.000	0.784	0.755	0.029	0.000
4	S	0.000	0.784	0.725	0.059	0.000
5	F	0.000	0.784	0.569	0.215	0.000
6	S	0.000	0.784	0.417	0.367	0.000
7	V	0.000	0.784	0.281	0.503	0.000
8	P	0.000	0.784	0.248	0.536	0.000
9	F	0.000	0.784	0.007	0.777	0.000
10	Y	0.000	0.784	0.001	0.783	0.000
11	L	0.000	0.784	0.000	0.784	0.000
12	V	0.000	0.784	0.000	0.784	0.000
13	S	0.000	0.784	0.000	0.767	0.017
14	L	0.000	0.784	0.000	0.747	0.037
15	L	0.000	0.784	0.000	0.714	0.070
16	F	0.000	0.784	0.000	0.661	0.123
17	S	0.000	0.784	0.000	0.030	0.753
18	P	0.000	0.784	0.000	0.004	0.779
19	V	0.000	0.784	0.000	0.000	0.783
20	R	0.000	0.784	0.000	0.000	0.784
21	A	0.000	0.784	0.000	0.000	0.784
22	V	0.757	0.026	0.000	0.000	0.026
23	L	0.000	0.026	0.000	0.000	0.026
24	E	0.026	0.000	0.000	0.000	0.000
25	V	0.000	0.000	0.000	0.000	0.000
26	F	0.000	0.000	0.000	0.000	0.000
27	E	0.000	0.000	0.000	0.000	0.000
28	V	0.000	0.000	0.000	0.000	0.000
29	Y	0.000	0.000	0.000	0.000	0.000
30	Q	0.000	0.000	0.000	0.000	0.000
31	P	0.000	0.000	0.000	0.000	0.000
32	V	0.000	0.000	0.000	0.000	0.000
33	P	0.000	0.000	0.000	0.000	0.000
34	T	0.000	0.000	0.000	0.000	0.000
35	G	0.000	0.000	0.000	0.000	0.000
36	H	0.000	0.000	0.000	0.000	0.000
37	G	0.000	0.000	0.000	0.000	0.000
38	S	0.000	0.000	0.000	0.000	0.000
39	V	0.000	0.000	0.000	0.000	0.000
40	G	0.000	0.000	0.000	0.000	0.000
>XP_001390222.1
pos	aa	C	S	n-reg	h-reg	c-reg
1	M	0.000	0.992	0.992	0.000	0.000
2	Y	0.000	0.992	0.992	0.000	0.000
3	P	0.000	0.992	0.992	0.000	0.000
4	P	0.000	0.992	0.991	0.000	0.000
5	T	0.000	0.992	0.988	0.004	0.000
6	L	0.000	0.992	0.958	0.034	0.000
7	S	0.000	0.992	0.936	0.056	0.000
8	W	0.000	0.992	0.911	0.081	0.000
9	S	0.000	0.992	0.877	0.115	0.000
10	H	0.000	0.992	0.795	0.197	0.000
11	A	0.000	0.992	0.283	0.709	0.000
12	A	0.000	0.992	0.124	0.868	0.000
13	L	0.000	0.992	0.025	0.967	0.000
14	L	0.000	0.992	0.001	0.990	0.001
15	F	0.000	0.992	0.000	0.990	0.002
16	L	0.000	0.992	0.000	0.987	0.005
17	S	0.000	0.992	0.000	0.978	0.014
18	L	0.000	0.992	0.000	0.940	0.052
19	S	0.000	0.992	0.000	0.630	0.362
20	S	0.001	0.991	0.000	0.521	0.470
21	F	0.001	0.990	0.000	0.473	0.517
22	Q	0.000	0.990	0.000	0.047	0.943
23	F	0.002	0.988	0.000	0.033	0.956
24	G	0.000	0.988	0.000	0.003	0.985
25	T	0.006	0.982	0.000	0.001	0.981
26	A	0.000	0.982	0.000	0.001	0.981
27	T	0.881	0.101	0.000	0.000	0.101
28	P	0.002	0.099	0.000	0.000	0.099
29	I	0.060	0.039	0.000	0.000	0.039
30	D	0.000	0.039	0.000	0.000	0.039
31	G	0.000	0.039	0.000	0.000	0.039
32	Q	0.039	0.000	0.000	0.000	0.000
33	L	0.000	0.000	0.000	0.000	0.000
34	V	0.000	0.000	0.000	0.000	0.000
35	E	0.000	0.000	0.000	0.000	0.000
36	R	0.000	0.000	0.000	0.000	0.000
37	S	0.000	0.000	0.000	0.000	0.000
38	G	0.000	0.000	0.000	0.000	0.000
39	I	0.000	0.000	0.000	0.000	0.000
40	S	0.000	0.000	0.000	0.000	0.000
>XP_001390230.2
pos	aa	C	S	n-reg	h-reg	c-reg
1	M	0.000	0.201	0.201	0.000	0.000
2	M	0.000	0.202	0.202	0.000	0.000
3	P	0.000	0.202	0.186	0.016	0.000
4	F	0.000	0.202	0.081	0.121	0.000
5	I	0.000	0.202	0.067	0.135	0.000
6	P	0.000	0.202	0.058	0.143	0.000
7	L	0.000	0.202	0.007	0.195	0.000
8	L	0.000	0.202	0.002	0.200	0.000
9	F	0.000	0.202	0.001	0.201	0.000
10	V	0.000	0.202	0.000	0.202	0.000
11	L	0.000	0.202	0.000	0.199	0.003
12	A	0.000	0.202	0.000	0.129	0.073
13	S	0.000	0.202	0.000	0.110	0.091
14	I	0.000	0.201	0.000	0.105	0.096
15	T	0.000	0.201	0.000	0.036	0.165
16	L	0.016	0.186	0.000	0.033	0.153
17	F	0.047	0.138	0.000	0.026	0.113
18	F	0.000	0.138	0.000	0.014	0.124
19	S	0.000	0.138	0.000	0.006	0.133
20	R	0.105	0.033	0.000	0.000	0.032
21	R	0.000	0.033	0.000	0.000	0.033
22	R	0.000	0.033	0.000	0.000	0.033
23	Y	0.000	0.033	0.000	0.000	0.033
24	K	0.000	0.033	0.000	0.000	0.033
25	A	0.000	0.033	0.000	0.000	0.033
26	I	0.018	0.015	0.000	0.000	0.015
27	E	0.000	0.015	0.000	0.000	0.015
28	S	0.000	0.015	0.000	0.000	0.015
29	A	0.013	0.002	0.000	0.000	0.002
30	E	0.001	0.000	0.000	0.000	0.000
31	P	0.000	0.000	0.000	0.000	0.000
32	P	0.000	0.000	0.000	0.000	0.000
33	V	0.000	0.000	0.000	0.000	0.000
34	V	0.000	0.000	0.000	0.000	0.000
35	V	0.000	0.000	0.000	0.000	0.000
36	K	0.000	0.000	0.000	0.000	0.000
37	G	0.000	0.000	0.000	0.000	0.000
38	H	0.000	0.000	0.000	0.000	0.000
39	T	0.000	0.000	0.000	0.000	0.000
40	Y	0.000	0.000	0.000	0.000	0.000
>XP_001390256.1
pos	aa	C	S	n-reg	h-reg	c-reg
1	M	0.000	0.817	0.817	0.000	0.000
2	K	0.000	0.817	0.817	0.000	0.000
3	W	0.000	0.817	0.817	0.000	0.000
4	S	0.000	0.817	0.817	0.001	0.000
5	H	0.000	0.817	0.816	0.001	0.000
6	P	0.000	0.817	0.806	0.011	0.000
7	N	0.000	0.817	0.703	0.114	0.000
8	A	0.000	0.817	0.280	0.537	0.000
9	L	0.000	0.817	0.070	0.747	0.000
10	V	0.000	0.817	0.018	0.799	0.000
11	L	0.000	0.817	0.000	0.817	0.000
12	P	0.000	0.817	0.000	0.817	0.000
13	V	0.000	0.817	0.000	0.817	0.000
14	L	0.000	0.817	0.000	0.817	0.000
15	S	0.000	0.817	0.000	0.799	0.018
16	W	0.000	0.817	0.000	0.719	0.098
17	L	0.000	0.817	0.000	0.683	0.134
18	V	0.000	0.817	0.000	0.547	0.270
19	Q	0.000	0.817	0.000	0.009	0.808
20	S	0.000	0.817	0.000	0.001	0.816
21	S	0.052	0.765	0.000	0.000	0.765
22	S	0.001	0.764	0.000	0.000	0.764
23	S	0.108	0.656	0.000	0.000	0.656
24	R	0.656	0.000	0.000	0.000	0.000
25	I	0.000	0.000	0.000	0.000	0.000
26	V	0.000	0.000	0.000	0.000	0.000
27	D	0.000	0.000	0.000	0.000	0.000
28	F	0.000	0.000	0.000	0.000	0.000
29	R	0.000	0.000	0.000	0.000	0.000
30	L	0.000	0.000	0.000	0.000	0.000
31	D	0.000	0.000	0.000	0.000	0.000
32	L	0.000	0.000	0.000	0.000	0.000
33	T	0.000	0.000	0.000	0.000	0.000
34	W	0.000	0.000	0.000	0.000	0.000
35	E	0.000	0.000	0.000	0.000	0.000
36	D	0.000	0.000	0.000	0.000	0.000
37	S	0.000	0.000	0.000	0.000	0.000
38	N	0.000	0.000	0.000	0.000	0.000
39	V	0.000	0.000	0.000	0.000	0.000
40	A	0.000	0.000	0.000	0.000	0.000
>XP_001390258.1
pos	aa	C	S	n-reg	h-reg	c-reg
1	M	0.000	0.758	0.758	0.000	0.000
2	P	0.000	0.758	0.758	0.000	0.000
3	F	0.000	0.758	0.741	0.017	0.000
4	A	0.000	0.758	0.698	0.059	0.000
5	Y	0.000	0.758	0.642	0.115	0.000
6	L	0.000	0.758	0.421	0.337	0.000
7	P	0.000	0.758	0.357	0.401	0.000
8	F	0.000	0.758	0.155	0.603	0.000
9	L	0.000	0.758	0.070	0.688	0.000
10	P	0.000	0.758	0.057	0.701	0.000
11	V	0.000	0.758	0.006	0.752	0.000
12	L	0.000	0.758	0.001	0.755	0.001
13	S	0.000	0.758	0.000	0.748	0.009
14	I	0.000	0.758	0.000	0.745	0.012
15	L	0.000	0.758	0.000	0.726	0.031
16	T	0.000	0.757	0.000	0.578	0.179
17	S	0.000	0.757	0.000	0.339	0.418
18	L	0.006	0.751	0.000	0.243	0.508
19	D	0.002	0.748	0.000	0.042	0.706
20	L	0.000	0.748	0.000	0.031	0.717
21	S	0.004	0.745	0.000	0.002	0.742
22	T	0.005	0.739	0.000	0.001	0.738
23	S	0.002	0.738	0.000	0.000	0.738
24	A	0.127	0.611	0.000	0.000	0.610
25	A	0.288	0.323	0.000	0.000	0.323
26	N	0.284	0.039	0.000	0.000	0.039
27	P	0.000	0.039	0.000	0.000	0.039
28	L	0.009	0.030	0.000	0.000	0.030
29	R	0.000	0.030	0.000	0.000	0.030
30	S	0.000	0.030	0.000	0.000	0.030
31	P	0.000	0.030	0.000	0.000	0.030
32	A	0.000	0.030	0.000	0.000	0.030
33	S	0.002	0.028	0.000	0.000	0.028
34	K	0.000	0.028	0.000	0.000	0.028
35	M	0.000	0.028	0.000	0.000	0.028
36	A	0.000	0.028	0.000	0.000	0.028
37	A	0.002	0.025	0.000	0.000	0.025
38	A	0.001	0.024	0.000	0.000	0.024
39	V	0.002	0.022	0.000	0.000	0.022
40	A	0.000	0.022	0.000	0.000	0.022
>XP_001390270.2
pos	aa	C	S	n-reg	h-reg	c-reg
1	M	0.000	0.550	0.550	0.000	0.000
2	A	0.000	0.562	0.562	0.000	0.000
3	L	0.000	0.562	0.562	0.000	0.000
4	P	0.000	0.562	0.562	0.000	0.000
5	E	0.000	0.562	0.562	0.000	0.000
6	T	0.000	0.562	0.559	0.003	0.000
7	P	0.000	0.562	0.552	0.010	0.000
8	V	0.000	0.562	0.534	0.028	0.000
9	S	0.000	0.562	0.521	0.041	0.000
10	S	0.000	0.562	0.485	0.077	0.000
11	Q	0.000	0.562	0.432	0.130	0.000
12	A	0.000	0.562	0.276	0.286	0.000
13	I	0.000	0.562	0.113	0.449	0.000
14	L	0.000	0.562	0.052	0.510	0.000
15	L	0.000	0.562	0.045	0.514	0.003
16	P	0.000	0.562	0.043	0.511	0.009
17	V	0.000	0.562	0.033	0.520	0.009
18	L	0.000	0.562	0.030	0.517	0.015
19	A	0.000	0.562	0.029	0.496	0.037
20	F	0.009	0.553	0.028	0.470	0.056
21	V	0.000	0.553	0.026	0.345	0.182
22	S	0.000	0.553	0.026	0.143	0.385
23	V	0.000	0.553	0.025	0.127	0.401
24	L	0.000	0.553	0.025	0.113	0.415
25	L	0.004	0.549	0.025	0.051	0.473
26	S	0.150	0.398	0.025	0.025	0.349
27	I	0.247	0.151	0.025	0.022	0.104
28	I	0.000	0.150	0.025	0.018	0.107
29	P	0.000	0.148	0.025	0.014	0.110
30	L	0.069	0.079	0.025	0.013	0.041
31	V	0.011	0.067	0.025	0.012	0.030
32	L	0.000	0.066	0.025	0.009	0.032
33	H	0.024	0.037	0.025	0.002	0.010
34	W	0.000	0.037	0.025	0.001	0.011
35	K	0.000	0.036	0.025	0.000	0.011
36	N	0.000	0.036	0.025	0.000	0.011
37	R	0.000	0.036	0.025	0.000	0.011
38	N	0.000	0.036	0.025	0.000	0.011
39	F	0.000	0.036	0.023	0.002	0.011
40	A	0.000	0.036	0.021	0.004	0.011
>XP_001390274.2
pos	aa	C	S	n-reg	h-reg	c-reg
1	M	0.000	0.855	0.855	0.000	0.000
2	R	0.000	0.855	0.855	0.000	0.000
3	L	0.000	0.855	0.294	0.562	0.000
4	L	0.000	0.855	0.096	0.760	0.000
5	L	0.000	0.855	0.053	0.802	0.000
6	V	0.000	0.855	0.025	0.830	0.000
7	F	0.000	0.855	0.009	0.846	0.000
8	A	0.000	0.855	0.004	0.851	0.000
9	L	0.000	0.855	0.001	0.854	0.000
10	A	0.000	0.855	0.001	0.855	0.000
11	A	0.000	0.855	0.000	0.848	0.007
12	F	0.000	0.855	0.000	0.834	0.021
13	L	0.000	0.855	0.000	0.789	0.066
14	A	0.001	0.855	0.000	0.496	0.359
15	P	0.000	0.855	0.000	0.136	0.718
16	G	0.001	0.854	0.000	0.065	0.789
17	L	0.021	0.833	0.000	0.034	0.799
18	F	0.000	0.833	0.000	0.022	0.811
19	V	0.000	0.833	0.000	0.003	0.830
20	T	0.000	0.833	0.000	0.000	0.833
21	A	0.025	0.808	0.000	0.000	0.808
22	Q	0.456	0.352	0.000	0.000	0.352
23	T	0.026	0.326	0.000	0.000	0.326
24	S	0.318	0.009	0.000	0.000	0.009
25	V	0.004	0.004	0.000	0.000	0.004
26	P	0.000	0.004	0.000	0.000	0.004
27	G	0.002	0.003	0.000	0.000	0.003
28	R	0.002	0.000	0.000	0.000	0.000
29	H	0.000	0.000	0.000	0.000	0.000
30	E	0.000	0.000	0.000	0.000	0.000
31	L	0.000	0.000	0.000	0.000	0.000
32	N	0.000	0.000	0.000	0.000	0.000
33	N	0.000	0.000	0.000	0.000	0.000
34	L	0.000	0.000	0.000	0.000	0.000
35	R	0.000	0.000	0.000	0.000	0.000
36	E	0.000	0.000	0.000	0.000	0.000
37	R	0.000	0.000	0.000	0.000	0.000
38	E	0.000	0.000	0.000	0.000	0.000
39	A	0.000	0.000	0.000	0.000	0.000
40	T	0.000	0.000	0.000	0.000	0.000
>XP_001390300.1
pos	aa	C	S	n-reg	h-reg	c-reg
1	M	0.000	0.978	0.978	0.000	0.000
2	K	0.000	0.978	0.978	0.000	0.000
3	Y	0.000	0.978	0.975	0.004	0.000
4	R	0.000	0.978	0.966	0.013	0.000
5	C	0.000	0.978	0.616	0.363	0.000
6	L	0.000	0.978	0.177	0.801	0.000
7	A	0.000	0.978	0.074	0.904	0.000
8	S	0.000	0.978	0.052	0.926	0.000
9	L	0.000	0.978	0.012	0.967	0.000
10	G	0.000	0.978	0.002	0.976	0.000
11	I	0.000	0.978	0.000	0.978	0.000
12	A	0.000	0.978	0.000	0.978	0.001
13	A	0.000	0.978	0.000	0.945	0.034
14	L	0.000	0.978	0.000	0.859	0.119
15	G	0.000	0.978	0.000	0.587	0.391
16	A	0.000	0.978	0.000	0.475	0.502
17	A	0.000	0.977	0.000	0.349	0.628
18	A	0.032	0.945	0.000	0.014	0.931
19	T	0.025	0.920	0.000	0.003	0.917
20	V	0.016	0.904	0.000	0.000	0.904
21	S	0.000	0.904	0.000	0.000	0.904
22	A	0.054	0.850	0.000	0.000	0.850
23	N	0.847	0.003	0.000	0.000	0.003
24	P	0.000	0.003	0.000	0.000	0.003
25	L	0.002	0.001	0.000	0.000	0.001
26	L	0.000	0.001	0.000	0.000	0.001
27	N	0.000	0.001	0.000	0.000	0.001
28	R	0.000	0.001	0.000	0.000	0.001
29	E	0.000	0.001	0.000	0.000	0.001
30	A	0.000	0.001	0.000	0.000	0.001
31	E	0.000	0.001	0.000	0.000	0.001
32	G	0.000	0.001	0.000	0.000	0.001
33	Q	0.001	0.000	0.000	0.000	0.000
34	C	0.000	0.000	0.000	0.000	0.000
35	P	0.000	0.000	0.000	0.000	0.000
36	Q	0.000	0.000	0.000	0.000	0.000
37	G	0.000	0.000	0.000	0.000	0.000
38	Y	0.000	0.000	0.000	0.000	0.000
39	T	0.000	0.000	0.000	0.000	0.000
40	Q	0.000	0.000	0.000	0.000	0.000
>XP_001390312.1
pos	aa	C	S	n-reg	h-reg	c-reg
1	M	0.000	0.825	0.825	0.000	0.000
2	A	0.000	0.890	0.890	0.000	0.000
3	F	0.000	0.890	0.833	0.057	0.000
4	L	0.000	0.890	0.806	0.084	0.000
5	L	0.000	0.890	0.801	0.089	0.000
6	S	0.000	0.890	0.797	0.093	0.000
7	R	0.000	0.890	0.793	0.097	0.000
8	T	0.000	0.890	0.656	0.234	0.000
9	T	0.000	0.890	0.485	0.405	0.000
10	T	0.000	0.890	0.319	0.571	0.000
11	T	0.000	0.890	0.206	0.681	0.002
12	L	0.000	0.890	0.066	0.820	0.005
13	L	0.000	0.890	0.052	0.829	0.008
14	G	0.000	0.890	0.047	0.771	0.072
15	T	0.000	0.890	0.039	0.769	0.082
16	G	0.000	0.890	0.032	0.739	0.118
17	L	0.003	0.886	0.016	0.731	0.139
18	G	0.000	0.886	0.012	0.566	0.308
19	V	0.060	0.826	0.008	0.530	0.288
20	G	0.000	0.825	0.006	0.210	0.609
21	L	0.030	0.794	0.004	0.186	0.605
22	S	0.002	0.788	0.004	0.144	0.640
23	L	0.159	0.626	0.003	0.116	0.507
24	S	0.012	0.605	0.003	0.089	0.512
25	L	0.408	0.192	0.003	0.081	0.108
26	Y	0.023	0.154	0.003	0.046	0.104
27	P	0.000	0.141	0.003	0.028	0.109
28	L	0.034	0.105	0.003	0.024	0.078
29	S	0.001	0.099	0.003	0.008	0.087
30	P	0.000	0.096	0.003	0.003	0.090
31	F	0.041	0.054	0.003	0.001	0.050
32	R	0.000	0.054	0.003	0.000	0.050
33	A	0.000	0.054	0.003	0.000	0.050
34	P	0.018	0.035	0.003	0.000	0.032
35	P	0.000	0.035	0.003	0.000	0.032
36	M	0.009	0.026	0.003	0.000	0.023
37	Q	0.000	0.026	0.003	0.000	0.023
38	C	0.000	0.026	0.003	0.000	0.023
39	Q	0.022	0.004	0.003	0.000	0.001
40	Y	0.000	0.004	0.003	0.000	0.001
>XP_001390322.1
pos	aa	C	S	n-reg	h-reg	c-reg
1	M	0.000	0.182	0.182	0.000	0.000
2	A	0.000	0.589	0.589	0.000	0.000
3	E	0.000	0.589	0.589	0.000	0.000
4	G	0.000	0.589	0.584	0.006	0.000
5	A	0.000	0.589	0.581	0.008	0.000
6	F	0.000	0.589	0.576	0.013	0.000
7	L	0.000	0.589	0.576	0.014	0.000
8	G	0.000	0.589	0.576	0.014	0.000
9	T	0.000	0.589	0.576	0.014	0.000
10	C	0.000	0.589	0.575	0.014	0.000
11	V	0.000	0.589	0.575	0.014	0.000
12	H	0.000	0.589	0.575	0.010	0.004
13	C	0.000	0.589	0.575	0.010	0.004
14	A	0.000	0.589	0.575	0.003	0.012
15	E	0.000	0.589	0.575	0.002	0.013
16	L	0.000	0.589	0.544	0.032	0.013
17	L	0.002	0.588	0.533	0.043	0.011
18	A	0.000	0.587	0.528	0.048	0.012
19	N	0.010	0.578	0.522	0.054	0.002
20	V	0.000	0.578	0.430	0.146	0.002
21	P	0.000	0.578	0.406	0.170	0.002
22	L	0.000	0.578	0.234	0.342	0.002
23	S	0.000	0.578	0.171	0.405	0.002
24	V	0.000	0.578	0.048	0.527	0.002
25	L	0.000	0.578	0.020	0.555	0.002
26	L	0.001	0.577	0.009	0.566	0.002
27	I	0.001	0.576	0.004	0.567	0.006
28	T	0.000	0.576	0.002	0.549	0.025
29	L	0.000	0.576	0.001	0.546	0.029
30	V	0.000	0.576	0.001	0.516	0.059
31	A	0.000	0.576	0.000	0.473	0.103
32	T	0.001	0.575	0.000	0.444	0.130
33	L	0.005	0.570	0.000	0.435	0.135
34	A	0.002	0.568	0.000	0.425	0.142
35	G	0.042	0.525	0.000	0.408	0.117
36	L	0.050	0.475	0.000	0.407	0.067
37	S	0.017	0.457	0.000	0.406	0.051
38	V	0.011	0.445	0.000	0.405	0.039
39	L	0.000	0.443	0.000	0.404	0.040
40	F	0.038	0.401	0.000	0.400	0.001
