>XP_001391529.1
pos	aa	C	S	n-reg	h-reg	c-reg
1	M	0.000	0.928	0.928	0.000	0.000
2	L	0.000	0.928	0.928	0.000	0.000
3	L	0.000	0.928	0.860	0.068	0.000
4	R	0.000	0.928	0.846	0.082	0.000
5	L	0.000	0.928	0.315	0.613	0.000
6	C	0.000	0.928	0.028	0.901	0.000
7	V	0.000	0.928	0.006	0.922	0.000
8	I	0.000	0.928	0.003	0.926	0.000
9	A	0.000	0.928	0.001	0.927	0.000
10	T	0.000	0.928	0.001	0.927	0.000
11	L	0.000	0.928	0.000	0.925	0.003
12	F	0.000	0.928	0.000	0.916	0.012
13	V	0.000	0.928	0.000	0.817	0.111
14	T	0.000	0.928	0.000	0.154	0.774
15	Q	0.000	0.928	0.000	0.090	0.838
16	G	0.001	0.927	0.000	0.054	0.873
17	V	0.062	0.865	0.000	0.020	0.845
18	A	0.000	0.865	0.000	0.010	0.855
19	V	0.614	0.251	0.000	0.003	0.247
20	P	0.000	0.251	0.000	0.000	0.251
21	A	0.056	0.195	0.000	0.000	0.195
22	S	0.154	0.041	0.000	0.000	0.041
23	P	0.001	0.040	0.000	0.000	0.040
24	A	0.023	0.017	0.000	0.000	0.017
25	T	0.016	0.001	0.000	0.000	0.001
26	R	0.000	0.000	0.000	0.000	0.000
27	D	0.000	0.000	0.000	0.000	0.000
28	T	0.000	0.000	0.000	0.000	0.000
29	N	0.000	0.000	0.000	0.000	0.000
30	G	0.000	0.000	0.000	0.000	0.000
31	E	0.000	0.000	0.000	0.000	0.000
32	G	0.000	0.000	0.000	0.000	0.000
33	L	0.000	0.000	0.000	0.000	0.000
34	L	0.000	0.000	0.000	0.000	0.000
35	V	0.000	0.000	0.000	0.000	0.000
36	Q	0.000	0.000	0.000	0.000	0.000
37	T	0.000	0.000	0.000	0.000	0.000
38	S	0.000	0.000	0.000	0.000	0.000
39	S	0.000	0.000	0.000	0.000	0.000
40	G	0.000	0.000	0.000	0.000	0.000
>XP_001391544.1
pos	aa	C	S	n-reg	h-reg	c-reg
1	M	0.000	0.998	0.998	0.000	0.000
2	R	0.000	0.999	0.999	0.000	0.000
3	S	0.000	0.999	0.999	0.000	0.000
4	F	0.000	0.999	0.999	0.000	0.000
5	S	0.000	0.999	0.999	0.000	0.000
6	D	0.000	0.999	0.999	0.000	0.000
7	S	0.000	0.999	0.998	0.001	0.000
8	I	0.000	0.999	0.996	0.003	0.000
9	S	0.000	0.999	0.992	0.007	0.000
10	R	0.000	0.999	0.985	0.014	0.000
11	W	0.000	0.999	0.784	0.215	0.000
12	T	0.000	0.999	0.490	0.509	0.000
13	A	0.000	0.999	0.076	0.923	0.000
14	A	0.000	0.999	0.033	0.966	0.000
15	L	0.000	0.999	0.003	0.995	0.000
16	T	0.000	0.999	0.001	0.998	0.000
17	L	0.000	0.999	0.000	0.998	0.000
18	L	0.000	0.999	0.000	0.997	0.001
19	W	0.000	0.999	0.000	0.982	0.016
20	L	0.000	0.999	0.000	0.964	0.034
21	G	0.000	0.999	0.000	0.217	0.782
22	L	0.000	0.999	0.000	0.184	0.815
23	V	0.000	0.998	0.000	0.060	0.939
24	N	0.000	0.998	0.000	0.015	0.984
25	A	0.000	0.998	0.000	0.011	0.987
26	H	0.866	0.132	0.000	0.000	0.132
27	T	0.000	0.132	0.000	0.000	0.132
28	V	0.065	0.067	0.000	0.000	0.067
29	I	0.000	0.067	0.000	0.000	0.067
30	T	0.000	0.067	0.000	0.000	0.067
31	Y	0.064	0.002	0.000	0.000	0.002
32	P	0.000	0.002	0.000	0.000	0.002
33	G	0.002	0.000	0.000	0.000	0.000
34	Y	0.000	0.000	0.000	0.000	0.000
35	R	0.000	0.000	0.000	0.000	0.000
36	G	0.000	0.000	0.000	0.000	0.000
37	N	0.000	0.000	0.000	0.000	0.000
38	N	0.000	0.000	0.000	0.000	0.000
39	L	0.000	0.000	0.000	0.000	0.000
40	H	0.000	0.000	0.000	0.000	0.000
>XP_001391556.2
pos	aa	C	S	n-reg	h-reg	c-reg
1	M	0.000	0.027	0.027	0.000	0.000
2	A	0.000	0.945	0.945	0.000	0.000
3	R	0.000	0.945	0.945	0.000	0.000
4	P	0.000	0.945	0.945	0.000	0.000
5	D	0.000	0.945	0.945	0.000	0.000
6	R	0.000	0.945	0.945	0.000	0.000
7	R	0.000	0.945	0.945	0.000	0.000
8	V	0.000	0.945	0.945	0.000	0.000
9	N	0.000	0.945	0.945	0.000	0.000
10	L	0.000	0.945	0.944	0.001	0.000
11	A	0.000	0.945	0.943	0.002	0.000
12	V	0.000	0.945	0.942	0.003	0.000
13	A	0.000	0.945	0.942	0.003	0.000
14	R	0.000	0.945	0.941	0.004	0.000
15	A	0.000	0.945	0.931	0.014	0.000
16	I	0.000	0.945	0.928	0.017	0.000
17	P	0.000	0.945	0.927	0.018	0.000
18	P	0.000	0.945	0.926	0.019	0.000
19	F	0.000	0.945	0.920	0.025	0.000
20	L	0.000	0.945	0.917	0.028	0.000
21	L	0.000	0.945	0.916	0.028	0.001
22	C	0.000	0.945	0.916	0.028	0.001
23	V	0.000	0.945	0.916	0.018	0.011
24	C	0.000	0.945	0.916	0.015	0.014
25	V	0.000	0.945	0.916	0.013	0.015
26	Y	0.000	0.945	0.916	0.012	0.016
27	A	0.000	0.945	0.916	0.011	0.018
28	C	0.015	0.930	0.916	0.004	0.010
29	Y	0.000	0.930	0.916	0.003	0.011
30	I	0.000	0.930	0.916	0.002	0.011
31	V	0.000	0.930	0.916	0.002	0.012
32	T	0.000	0.929	0.916	0.001	0.012
33	K	0.010	0.918	0.916	0.000	0.002
34	P	0.000	0.918	0.916	0.000	0.002
35	L	0.001	0.917	0.916	0.000	0.001
36	C	0.000	0.917	0.916	0.000	0.001
37	I	0.001	0.916	0.916	0.000	0.000
38	D	0.000	0.916	0.916	0.000	0.000
39	Y	0.000	0.916	0.916	0.000	0.000
40	L	0.000	0.916	0.916	0.000	0.000
>XP_001391573.1
pos	aa	C	S	n-reg	h-reg	c-reg
1	M	0.000	0.627	0.627	0.000	0.000
2	P	0.000	0.722	0.722	0.000	0.000
3	V	0.000	0.722	0.699	0.023	0.000
4	I	0.000	0.722	0.681	0.041	0.000
5	S	0.000	0.722	0.676	0.046	0.000
6	R	0.000	0.722	0.670	0.052	0.000
7	L	0.000	0.722	0.310	0.412	0.000
8	I	0.000	0.722	0.217	0.506	0.000
9	S	0.000	0.722	0.188	0.534	0.000
10	I	0.000	0.722	0.158	0.564	0.000
11	V	0.000	0.722	0.148	0.571	0.003
12	F	0.000	0.722	0.143	0.566	0.013
13	R	0.000	0.722	0.142	0.550	0.030
14	V	0.000	0.722	0.099	0.592	0.032
15	A	0.000	0.722	0.086	0.535	0.100
16	Q	0.004	0.718	0.076	0.285	0.356
17	I	0.003	0.715	0.050	0.300	0.365
18	V	0.000	0.715	0.045	0.278	0.392
19	C	0.000	0.715	0.043	0.237	0.435
20	G	0.018	0.697	0.043	0.120	0.534
21	A	0.316	0.380	0.042	0.104	0.234
22	V	0.027	0.353	0.042	0.099	0.212
23	V	0.000	0.353	0.042	0.096	0.215
24	A	0.000	0.353	0.042	0.079	0.232
25	G	0.164	0.189	0.042	0.074	0.073
26	I	0.044	0.143	0.042	0.071	0.030
27	I	0.000	0.138	0.042	0.065	0.032
28	G	0.000	0.125	0.042	0.038	0.046
29	H	0.026	0.085	0.042	0.020	0.023
30	Y	0.000	0.082	0.042	0.018	0.023
31	L	0.000	0.080	0.042	0.016	0.023
32	A	0.001	0.074	0.042	0.010	0.022
33	Q	0.017	0.050	0.042	0.003	0.005
34	Y	0.002	0.046	0.042	0.002	0.003
35	S	0.000	0.045	0.042	0.001	0.003
36	G	0.000	0.045	0.042	0.000	0.003
37	D	0.002	0.043	0.042	0.000	0.001
38	A	0.000	0.043	0.042	0.000	0.001
39	W	0.001	0.042	0.042	0.000	0.000
40	P	0.000	0.042	0.042	0.000	0.000
>XP_001391577.1
pos	aa	C	S	n-reg	h-reg	c-reg
1	M	0.000	0.996	0.996	0.000	0.000
2	L	0.000	0.997	0.997	0.000	0.000
3	T	0.000	0.997	0.997	0.000	0.000
4	F	0.000	0.997	0.997	0.000	0.000
5	R	0.000	0.997	0.997	0.000	0.000
6	K	0.000	0.997	0.997	0.001	0.000
7	S	0.000	0.997	0.834	0.163	0.000
8	L	0.000	0.997	0.500	0.497	0.000
9	L	0.000	0.997	0.313	0.685	0.000
10	A	0.000	0.997	0.187	0.810	0.000
11	A	0.000	0.997	0.090	0.907	0.000
12	A	0.000	0.997	0.046	0.952	0.000
13	L	0.000	0.997	0.009	0.988	0.000
14	L	0.000	0.997	0.000	0.997	0.000
15	I	0.000	0.997	0.000	0.993	0.004
16	T	0.000	0.997	0.000	0.953	0.044
17	F	0.000	0.997	0.000	0.929	0.068
18	I	0.000	0.997	0.000	0.898	0.099
19	V	0.000	0.997	0.000	0.690	0.307
20	Y	0.000	0.997	0.000	0.461	0.536
21	L	0.000	0.997	0.000	0.310	0.687
22	R	0.027	0.969	0.000	0.015	0.955
23	S	0.000	0.969	0.000	0.006	0.964
24	S	0.211	0.759	0.000	0.003	0.756
25	H	0.032	0.727	0.000	0.000	0.727
26	T	0.000	0.727	0.000	0.000	0.727
27	A	0.149	0.578	0.000	0.000	0.578
28	S	0.038	0.540	0.000	0.000	0.540
29	S	0.032	0.508	0.000	0.000	0.508
30	L	0.387	0.121	0.000	0.000	0.121
31	P	0.001	0.120	0.000	0.000	0.120
32	S	0.012	0.108	0.000	0.000	0.108
33	P	0.000	0.107	0.000	0.000	0.107
34	D	0.000	0.107	0.000	0.000	0.107
35	T	0.000	0.107	0.000	0.000	0.107
36	S	0.000	0.107	0.000	0.000	0.107
37	S	0.002	0.105	0.000	0.000	0.105
38	A	0.006	0.099	0.000	0.000	0.099
39	G	0.094	0.005	0.000	0.000	0.005
40	H	0.005	0.001	0.000	0.000	0.001
>XP_001391586.1
pos	aa	C	S	n-reg	h-reg	c-reg
1	M	0.000	0.816	0.816	0.000	0.000
2	I	0.000	0.816	0.816	0.000	0.000
3	P	0.000	0.816	0.787	0.029	0.000
4	P	0.000	0.816	0.619	0.197	0.000
5	L	0.000	0.816	0.259	0.557	0.000
6	I	0.000	0.816	0.063	0.753	0.000
7	W	0.000	0.816	0.002	0.814	0.000
8	A	0.000	0.816	0.000	0.816	0.000
9	C	0.000	0.816	0.000	0.816	0.000
10	I	0.000	0.816	0.000	0.816	0.000
11	A	0.000	0.816	0.000	0.813	0.003
12	A	0.000	0.816	0.000	0.778	0.038
13	L	0.000	0.816	0.000	0.735	0.081
14	A	0.000	0.816	0.000	0.523	0.293
15	Q	0.005	0.811	0.000	0.013	0.798
16	T	0.000	0.811	0.000	0.003	0.808
17	A	0.024	0.787	0.000	0.001	0.787
18	C	0.001	0.786	0.000	0.000	0.786
19	G	0.150	0.636	0.000	0.000	0.636
20	D	0.634	0.002	0.000	0.000	0.002
21	Y	0.000	0.002	0.000	0.000	0.002
22	V	0.000	0.002	0.000	0.000	0.002
23	S	0.000	0.002	0.000	0.000	0.002
24	T	0.000	0.002	0.000	0.000	0.002
25	N	0.002	0.000	0.000	0.000	0.000
26	Y	0.000	0.000	0.000	0.000	0.000
27	Q	0.000	0.000	0.000	0.000	0.000
28	E	0.000	0.000	0.000	0.000	0.000
29	Y	0.000	0.000	0.000	0.000	0.000
30	N	0.000	0.000	0.000	0.000	0.000
31	D	0.000	0.000	0.000	0.000	0.000
32	G	0.000	0.000	0.000	0.000	0.000
33	A	0.000	0.000	0.000	0.000	0.000
34	L	0.000	0.000	0.000	0.000	0.000
35	G	0.000	0.000	0.000	0.000	0.000
36	H	0.000	0.000	0.000	0.000	0.000
37	R	0.000	0.000	0.000	0.000	0.000
38	P	0.000	0.000	0.000	0.000	0.000
39	H	0.000	0.000	0.000	0.000	0.000
40	L	0.000	0.000	0.000	0.000	0.000
>XP_001391635.1
pos	aa	C	S	n-reg	h-reg	c-reg
1	M	0.000	0.175	0.175	0.000	0.000
2	D	0.000	0.213	0.213	0.000	0.000
3	P	0.000	0.213	0.213	0.000	0.000
4	E	0.000	0.213	0.213	0.000	0.000
5	T	0.000	0.213	0.213	0.000	0.000
6	D	0.000	0.213	0.213	0.000	0.000
7	P	0.000	0.213	0.213	0.000	0.000
8	S	0.000	0.213	0.213	0.000	0.000
9	N	0.000	0.213	0.213	0.000	0.000
10	P	0.000	0.213	0.211	0.001	0.000
11	P	0.000	0.213	0.196	0.017	0.000
12	V	0.000	0.213	0.113	0.099	0.000
13	I	0.000	0.213	0.096	0.117	0.000
14	N	0.000	0.213	0.090	0.123	0.000
15	Y	0.000	0.213	0.024	0.188	0.000
16	I	0.000	0.213	0.008	0.205	0.000
17	L	0.000	0.213	0.003	0.209	0.000
18	S	0.000	0.213	0.002	0.210	0.000
19	F	0.000	0.213	0.001	0.212	0.000
20	L	0.000	0.213	0.000	0.209	0.004
21	L	0.000	0.213	0.000	0.205	0.008
22	V	0.000	0.213	0.000	0.197	0.016
23	G	0.000	0.213	0.000	0.054	0.159
24	V	0.000	0.212	0.000	0.047	0.165
25	A	0.000	0.212	0.000	0.040	0.171
26	W	0.000	0.210	0.000	0.039	0.172
27	G	0.000	0.207	0.000	0.034	0.173
28	F	0.166	0.038	0.000	0.031	0.007
29	T	0.000	0.030	0.000	0.022	0.008
30	T	0.004	0.019	0.000	0.015	0.004
31	P	0.000	0.012	0.000	0.008	0.004
32	F	0.002	0.009	0.000	0.007	0.003
33	I	0.000	0.007	0.000	0.005	0.003
34	R	0.000	0.003	0.000	0.000	0.003
35	R	0.000	0.003	0.000	0.000	0.003
36	A	0.000	0.003	0.000	0.000	0.003
37	A	0.001	0.002	0.000	0.000	0.002
38	A	0.000	0.002	0.000	0.000	0.002
39	D	0.002	0.000	0.000	0.000	0.000
40	F	0.000	0.000	0.000	0.000	0.000
>XP_001391645.2
pos	aa	C	S	n-reg	h-reg	c-reg
1	M	0.000	0.978	0.978	0.000	0.000
2	K	0.000	0.978	0.978	0.000	0.000
3	A	0.000	0.978	0.770	0.208	0.000
4	S	0.000	0.978	0.543	0.435	0.000
5	I	0.000	0.978	0.177	0.800	0.000
6	L	0.000	0.978	0.055	0.923	0.000
7	T	0.000	0.978	0.031	0.947	0.000
8	A	0.000	0.978	0.019	0.959	0.000
9	L	0.000	0.978	0.004	0.973	0.000
10	T	0.000	0.978	0.002	0.976	0.001
11	L	0.000	0.978	0.000	0.959	0.019
12	A	0.000	0.978	0.000	0.901	0.077
13	A	0.000	0.978	0.000	0.344	0.634
14	C	0.000	0.978	0.000	0.269	0.708
15	S	0.001	0.977	0.000	0.190	0.788
16	F	0.002	0.975	0.000	0.178	0.797
17	A	0.000	0.975	0.000	0.099	0.876
18	S	0.717	0.258	0.000	0.017	0.241
19	P	0.000	0.258	0.000	0.008	0.250
20	V	0.011	0.246	0.000	0.007	0.240
21	G	0.000	0.246	0.000	0.000	0.246
22	Q	0.006	0.240	0.000	0.000	0.240
23	L	0.035	0.205	0.000	0.000	0.205
24	H	0.015	0.190	0.000	0.000	0.190
25	A	0.000	0.190	0.000	0.000	0.190
26	R	0.187	0.004	0.000	0.000	0.004
27	D	0.000	0.004	0.000	0.000	0.004
28	G	0.000	0.004	0.000	0.000	0.004
29	E	0.001	0.003	0.000	0.000	0.003
30	C	0.000	0.003	0.000	0.000	0.003
31	T	0.000	0.002	0.000	0.000	0.002
32	C	0.000	0.002	0.000	0.000	0.002
33	Q	0.002	0.000	0.000	0.000	0.000
34	P	0.000	0.000	0.000	0.000	0.000
35	N	0.000	0.000	0.000	0.000	0.000
36	G	0.000	0.000	0.000	0.000	0.000
37	G	0.000	0.000	0.000	0.000	0.000
38	S	0.000	0.000	0.000	0.000	0.000
39	S	0.000	0.000	0.000	0.000	0.000
40	S	0.000	0.000	0.000	0.000	0.000
>XP_001391646.1
pos	aa	C	S	n-reg	h-reg	c-reg
1	M	0.000	0.998	0.998	0.000	0.000
2	G	0.000	0.998	0.998	0.000	0.000
3	V	0.000	0.998	0.997	0.001	0.000
4	K	0.000	0.998	0.996	0.002	0.000
5	P	0.000	0.998	0.930	0.068	0.000
6	L	0.000	0.998	0.188	0.810	0.000
7	L	0.000	0.998	0.021	0.977	0.000
8	L	0.000	0.998	0.007	0.991	0.000
9	S	0.000	0.998	0.005	0.993	0.000
10	S	0.000	0.998	0.002	0.996	0.000
11	L	0.000	0.998	0.000	0.998	0.000
12	L	0.000	0.998	0.000	0.998	0.000
13	W	0.000	0.998	0.000	0.992	0.006
14	A	0.000	0.998	0.000	0.836	0.162
15	A	0.000	0.998	0.000	0.572	0.426
16	S	0.000	0.998	0.000	0.381	0.617
17	S	0.001	0.997	0.000	0.277	0.721
18	T	0.003	0.994	0.000	0.027	0.967
19	T	0.004	0.990	0.000	0.002	0.988
20	A	0.009	0.981	0.000	0.001	0.980
21	T	0.050	0.930	0.000	0.000	0.930
22	A	0.026	0.904	0.000	0.000	0.904
23	A	0.698	0.206	0.000	0.000	0.206
24	S	0.163	0.043	0.000	0.000	0.043
25	P	0.006	0.038	0.000	0.000	0.038
26	S	0.025	0.013	0.000	0.000	0.013
27	T	0.000	0.012	0.000	0.000	0.012
28	T	0.000	0.012	0.000	0.000	0.012
29	Q	0.004	0.008	0.000	0.000	0.008
30	Y	0.000	0.008	0.000	0.000	0.008
31	A	0.000	0.008	0.000	0.000	0.008
32	N	0.000	0.007	0.000	0.000	0.007
33	H	0.000	0.007	0.000	0.000	0.007
34	I	0.000	0.007	0.000	0.000	0.007
35	F	0.000	0.007	0.000	0.000	0.007
36	N	0.000	0.007	0.000	0.000	0.007
37	S	0.000	0.007	0.000	0.000	0.007
38	I	0.000	0.007	0.000	0.000	0.007
39	H	0.000	0.007	0.000	0.000	0.007
40	S	0.000	0.007	0.000	0.000	0.007
>XP_001391650.2
pos	aa	C	S	n-reg	h-reg	c-reg
1	M	0.000	0.994	0.994	0.000	0.000
2	R	0.000	0.994	0.994	0.000	0.000
3	L	0.000	0.994	0.265	0.729	0.000
4	A	0.000	0.994	0.024	0.971	0.000
5	T	0.000	0.994	0.012	0.982	0.000
6	L	0.000	0.994	0.000	0.994	0.000
7	A	0.000	0.994	0.000	0.994	0.000
8	C	0.000	0.994	0.000	0.994	0.000
9	F	0.000	0.994	0.000	0.994	0.000
10	C	0.000	0.994	0.000	0.992	0.002
11	I	0.000	0.994	0.000	0.836	0.158
12	S	0.000	0.994	0.000	0.078	0.916
13	A	0.000	0.994	0.000	0.044	0.950
14	A	0.011	0.984	0.000	0.004	0.980
15	S	0.020	0.964	0.000	0.002	0.962
16	A	0.071	0.893	0.000	0.002	0.891
17	V	0.884	0.009	0.000	0.000	0.009
18	K	0.000	0.009	0.000	0.000	0.009
19	H	0.000	0.009	0.000	0.000	0.009
20	Y	0.000	0.009	0.000	0.000	0.009
21	G	0.000	0.009	0.000	0.000	0.009
22	M	0.009	0.000	0.000	0.000	0.000
23	D	0.000	0.000	0.000	0.000	0.000
24	P	0.000	0.000	0.000	0.000	0.000
25	S	0.000	0.000	0.000	0.000	0.000
26	E	0.000	0.000	0.000	0.000	0.000
27	D	0.000	0.000	0.000	0.000	0.000
28	T	0.000	0.000	0.000	0.000	0.000
29	R	0.000	0.000	0.000	0.000	0.000
30	N	0.000	0.000	0.000	0.000	0.000
31	L	0.000	0.000	0.000	0.000	0.000
32	I	0.000	0.000	0.000	0.000	0.000
33	E	0.000	0.000	0.000	0.000	0.000
34	E	0.000	0.000	0.000	0.000	0.000
35	H	0.000	0.000	0.000	0.000	0.000
36	A	0.000	0.000	0.000	0.000	0.000
37	R	0.000	0.000	0.000	0.000	0.000
38	K	0.000	0.000	0.000	0.000	0.000
39	L	0.000	0.000	0.000	0.000	0.000
40	L	0.000	0.000	0.000	0.000	0.000
>XP_001391679.1
pos	aa	C	S	n-reg	h-reg	c-reg
1	M	0.000	0.454	0.454	0.000	0.000
2	R	0.000	0.454	0.454	0.000	0.000
3	S	0.000	0.454	0.442	0.012	0.000
4	Q	0.000	0.454	0.425	0.029	0.000
5	S	0.000	0.454	0.355	0.099	0.000
6	L	0.000	0.454	0.105	0.349	0.000
7	W	0.000	0.454	0.098	0.356	0.000
8	R	0.000	0.454	0.093	0.361	0.000
9	S	0.000	0.454	0.030	0.424	0.000
10	L	0.000	0.454	0.003	0.451	0.000
11	A	0.000	0.454	0.001	0.452	0.001
12	L	0.000	0.454	0.000	0.452	0.002
13	L	0.000	0.454	0.000	0.435	0.019
14	Q	0.000	0.454	0.000	0.144	0.310
15	S	0.000	0.454	0.000	0.136	0.318
16	A	0.001	0.453	0.000	0.099	0.354
17	S	0.001	0.451	0.000	0.045	0.407
18	T	0.008	0.444	0.000	0.016	0.428
19	R	0.243	0.201	0.000	0.008	0.194
20	S	0.000	0.201	0.000	0.002	0.200
21	F	0.134	0.068	0.000	0.001	0.066
22	V	0.000	0.068	0.000	0.001	0.067
23	N	0.000	0.068	0.000	0.000	0.068
24	T	0.000	0.068	0.000	0.000	0.068
25	G	0.062	0.005	0.000	0.000	0.005
26	P	0.000	0.005	0.000	0.000	0.005
27	G	0.000	0.005	0.000	0.000	0.005
28	R	0.003	0.001	0.000	0.000	0.001
29	R	0.000	0.001	0.000	0.000	0.001
30	A	0.000	0.001	0.000	0.000	0.001
31	F	0.001	0.000	0.000	0.000	0.000
32	Q	0.000	0.000	0.000	0.000	0.000
33	T	0.000	0.000	0.000	0.000	0.000
34	A	0.000	0.000	0.000	0.000	0.000
35	N	0.000	0.000	0.000	0.000	0.000
36	S	0.000	0.000	0.000	0.000	0.000
37	R	0.000	0.000	0.000	0.000	0.000
38	V	0.000	0.000	0.000	0.000	0.000
39	P	0.000	0.000	0.000	0.000	0.000
40	D	0.000	0.000	0.000	0.000	0.000
>XP_001391697.2
pos	aa	C	S	n-reg	h-reg	c-reg
1	M	0.000	0.905	0.905	0.000	0.000
2	R	0.000	0.905	0.905	0.000	0.000
3	P	0.000	0.905	0.905	0.000	0.000
4	P	0.000	0.905	0.905	0.000	0.000
5	R	0.000	0.905	0.902	0.004	0.000
6	L	0.000	0.905	0.450	0.456	0.000
7	I	0.000	0.905	0.330	0.575	0.000
8	L	0.000	0.905	0.214	0.692	0.000
9	V	0.000	0.905	0.110	0.795	0.000
10	V	0.000	0.905	0.060	0.845	0.000
11	F	0.000	0.905	0.032	0.873	0.000
12	C	0.000	0.905	0.011	0.894	0.000
13	L	0.000	0.905	0.003	0.903	0.000
14	I	0.000	0.905	0.001	0.899	0.005
15	F	0.000	0.905	0.001	0.887	0.018
16	L	0.000	0.905	0.000	0.868	0.037
17	P	0.000	0.905	0.000	0.463	0.442
18	I	0.000	0.905	0.000	0.441	0.464
19	I	0.000	0.905	0.000	0.393	0.512
20	L	0.000	0.905	0.000	0.252	0.653
21	T	0.010	0.895	0.000	0.081	0.814
22	F	0.384	0.511	0.000	0.049	0.462
23	F	0.000	0.511	0.000	0.023	0.488
24	S	0.000	0.511	0.000	0.004	0.507
25	A	0.017	0.494	0.000	0.001	0.492
26	L	0.028	0.465	0.000	0.001	0.465
27	T	0.004	0.462	0.000	0.000	0.461
28	S	0.141	0.321	0.000	0.000	0.321
29	S	0.182	0.139	0.000	0.000	0.139
30	P	0.045	0.094	0.000	0.000	0.094
31	R	0.020	0.073	0.000	0.000	0.073
32	V	0.000	0.073	0.000	0.000	0.073
33	S	0.000	0.073	0.000	0.000	0.073
34	T	0.008	0.065	0.000	0.000	0.065
35	P	0.007	0.058	0.000	0.000	0.058
36	D	0.032	0.027	0.000	0.000	0.027
37	S	0.000	0.027	0.000	0.000	0.027
38	L	0.000	0.026	0.000	0.000	0.026
39	A	0.000	0.026	0.000	0.000	0.026
40	G	0.005	0.022	0.000	0.000	0.022
>XP_001391708.1
pos	aa	C	S	n-reg	h-reg	c-reg
1	M	0.000	0.903	0.903	0.000	0.000
2	Q	0.000	0.903	0.903	0.000	0.000
3	G	0.000	0.903	0.903	0.000	0.000
4	L	0.000	0.903	0.903	0.000	0.000
5	K	0.000	0.903	0.903	0.000	0.000
6	Q	0.000	0.903	0.903	0.000	0.000
7	H	0.000	0.903	0.903	0.000	0.000
8	L	0.000	0.903	0.903	0.000	0.000
9	T	0.000	0.903	0.903	0.000	0.000
10	L	0.000	0.903	0.903	0.000	0.000
11	F	0.000	0.903	0.903	0.000	0.000
12	R	0.000	0.903	0.903	0.000	0.000
13	K	0.000	0.903	0.903	0.000	0.000
14	L	0.000	0.903	0.838	0.065	0.000
15	T	0.000	0.903	0.822	0.081	0.000
16	L	0.000	0.903	0.804	0.099	0.000
17	K	0.000	0.903	0.797	0.106	0.000
18	L	0.000	0.903	0.096	0.807	0.000
19	L	0.000	0.903	0.023	0.881	0.000
20	C	0.000	0.903	0.006	0.897	0.000
21	A	0.000	0.903	0.000	0.903	0.000
22	A	0.000	0.903	0.000	0.901	0.002
23	I	0.000	0.903	0.000	0.899	0.004
24	C	0.000	0.903	0.000	0.895	0.008
25	F	0.000	0.903	0.000	0.874	0.029
26	G	0.000	0.903	0.000	0.615	0.288
27	L	0.002	0.901	0.000	0.552	0.350
28	S	0.000	0.901	0.000	0.479	0.423
29	G	0.001	0.900	0.000	0.020	0.879
30	A	0.010	0.890	0.000	0.004	0.886
31	A	0.107	0.783	0.000	0.001	0.782
32	R	0.049	0.733	0.000	0.000	0.733
33	G	0.000	0.733	0.000	0.000	0.733
34	L	0.710	0.023	0.000	0.000	0.023
35	D	0.001	0.023	0.000	0.000	0.023
36	S	0.000	0.023	0.000	0.000	0.023
37	G	0.010	0.013	0.000	0.000	0.013
38	L	0.002	0.011	0.000	0.000	0.011
39	I	0.000	0.011	0.000	0.000	0.011
40	A	0.000	0.011	0.000	0.000	0.011
>XP_001391720.1
pos	aa	C	S	n-reg	h-reg	c-reg
1	M	0.000	0.003	0.003	0.000	0.000
2	V	0.000	0.003	0.003	0.000	0.000
3	S	0.000	0.003	0.003	0.000	0.000
4	G	0.000	0.003	0.003	0.000	0.000
5	L	0.000	0.003	0.003	0.000	0.000
6	A	0.000	0.003	0.003	0.000	0.000
7	N	0.000	0.003	0.003	0.000	0.000
8	F	0.000	0.003	0.003	0.000	0.000
9	A	0.000	0.003	0.003	0.000	0.000
10	S	0.000	0.003	0.003	0.000	0.000
11	W	0.000	0.003	0.003	0.000	0.000
12	R	0.000	0.003	0.003	0.000	0.000
13	L	0.000	0.003	0.001	0.002	0.000
14	A	0.000	0.003	0.001	0.002	0.000
15	S	0.000	0.003	0.000	0.003	0.000
16	V	0.000	0.003	0.000	0.003	0.000
17	L	0.000	0.003	0.000	0.003	0.000
18	I	0.000	0.003	0.000	0.003	0.000
19	A	0.000	0.003	0.000	0.003	0.000
20	G	0.000	0.003	0.000	0.003	0.000
21	L	0.000	0.003	0.000	0.003	0.000
22	L	0.000	0.003	0.000	0.003	0.000
23	A	0.000	0.003	0.000	0.003	0.000
24	I	0.000	0.003	0.000	0.001	0.002
25	Q	0.000	0.003	0.000	0.000	0.003
26	G	0.000	0.003	0.000	0.000	0.003
27	R	0.000	0.003	0.000	0.000	0.003
28	A	0.000	0.003	0.000	0.000	0.003
29	S	0.003	0.000	0.000	0.000	0.000
30	P	0.000	0.000	0.000	0.000	0.000
31	S	0.000	0.000	0.000	0.000	0.000
32	V	0.000	0.000	0.000	0.000	0.000
33	N	0.000	0.000	0.000	0.000	0.000
34	V	0.000	0.000	0.000	0.000	0.000
35	A	0.000	0.000	0.000	0.000	0.000
36	L	0.000	0.000	0.000	0.000	0.000
37	Q	0.000	0.000	0.000	0.000	0.000
38	A	0.000	0.000	0.000	0.000	0.000
39	S	0.000	0.000	0.000	0.000	0.000
40	F	0.000	0.000	0.000	0.000	0.000
>XP_001391725.2
pos	aa	C	S	n-reg	h-reg	c-reg
1	M	0.000	0.570	0.570	0.000	0.000
2	L	0.000	0.570	0.570	0.000	0.000
3	A	0.000	0.570	0.330	0.240	0.000
4	V	0.000	0.570	0.105	0.465	0.000
5	V	0.000	0.570	0.027	0.543	0.000
6	V	0.000	0.570	0.004	0.566	0.000
7	G	0.000	0.570	0.002	0.568	0.000
8	F	0.000	0.570	0.000	0.569	0.000
9	T	0.000	0.570	0.000	0.570	0.000
10	F	0.000	0.570	0.000	0.570	0.000
11	L	0.000	0.570	0.000	0.556	0.014
12	V	0.000	0.570	0.000	0.517	0.053
13	S	0.000	0.570	0.000	0.235	0.335
14	W	0.000	0.570	0.000	0.060	0.510
15	I	0.000	0.570	0.000	0.019	0.550
16	V	0.000	0.570	0.000	0.001	0.568
17	A	0.000	0.570	0.000	0.001	0.569
18	S	0.329	0.241	0.000	0.001	0.240
19	I	0.240	0.001	0.000	0.001	0.001
20	H	0.000	0.001	0.000	0.000	0.001
21	R	0.000	0.001	0.000	0.000	0.001
22	N	0.000	0.001	0.000	0.000	0.001
23	R	0.000	0.001	0.000	0.000	0.001
24	N	0.000	0.001	0.000	0.000	0.001
25	S	0.000	0.001	0.000	0.000	0.001
26	S	0.000	0.001	0.000	0.000	0.001
27	L	0.000	0.001	0.000	0.000	0.001
28	K	0.001	0.000	0.000	0.000	0.000
29	D	0.000	0.000	0.000	0.000	0.000
30	I	0.000	0.000	0.000	0.000	0.000
31	P	0.000	0.000	0.000	0.000	0.000
32	N	0.000	0.000	0.000	0.000	0.000
33	A	0.000	0.000	0.000	0.000	0.000
34	H	0.000	0.000	0.000	0.000	0.000
35	F	0.000	0.000	0.000	0.000	0.000
36	S	0.000	0.000	0.000	0.000	0.000
37	A	0.000	0.000	0.000	0.000	0.000
38	P	0.000	0.000	0.000	0.000	0.000
39	Y	0.000	0.000	0.000	0.000	0.000
40	S	0.000	0.000	0.000	0.000	0.000
>XP_001391730.1
pos	aa	C	S	n-reg	h-reg	c-reg
1	M	0.000	0.952	0.952	0.000	0.000
2	A	0.000	0.999	0.999	0.000	0.000
3	L	0.000	0.999	0.999	0.000	0.000
4	S	0.000	0.999	0.999	0.001	0.000
5	R	0.000	0.999	0.998	0.001	0.000
6	V	0.000	0.999	0.962	0.037	0.000
7	A	0.000	0.999	0.938	0.062	0.000
8	M	0.000	0.999	0.922	0.077	0.000
9	G	0.000	0.999	0.897	0.102	0.000
10	F	0.000	0.999	0.763	0.237	0.000
11	L	0.000	0.999	0.579	0.420	0.000
12	G	0.000	0.999	0.521	0.479	0.000
13	L	0.000	0.999	0.374	0.625	0.000
14	F	0.000	0.999	0.273	0.722	0.005
15	F	0.000	0.999	0.210	0.775	0.014
16	T	0.000	0.999	0.184	0.790	0.025
17	A	0.000	0.999	0.144	0.813	0.042
18	G	0.000	0.999	0.099	0.843	0.057
19	A	0.002	0.998	0.037	0.901	0.060
20	L	0.006	0.991	0.007	0.927	0.057
21	L	0.001	0.990	0.001	0.909	0.080
22	L	0.010	0.980	0.000	0.775	0.205
23	M	0.006	0.974	0.000	0.546	0.427
24	F	0.000	0.974	0.000	0.488	0.486
25	L	0.000	0.973	0.000	0.420	0.553
26	T	0.002	0.969	0.000	0.251	0.718
27	L	0.001	0.967	0.000	0.196	0.770
28	L	0.002	0.960	0.000	0.159	0.801
29	G	0.017	0.929	0.000	0.102	0.827
30	G	0.149	0.771	0.000	0.020	0.750
31	A	0.402	0.362	0.000	0.011	0.351
32	R	0.198	0.156	0.000	0.000	0.156
33	N	0.000	0.156	0.000	0.000	0.156
34	S	0.000	0.156	0.000	0.000	0.156
35	R	0.140	0.016	0.000	0.000	0.015
36	P	0.000	0.016	0.000	0.000	0.015
37	L	0.014	0.001	0.000	0.000	0.001
38	N	0.000	0.001	0.000	0.000	0.001
39	E	0.000	0.001	0.000	0.000	0.001
40	I	0.000	0.001	0.000	0.000	0.001
>XP_001391776.1
pos	aa	C	S	n-reg	h-reg	c-reg
1	M	0.000	0.931	0.931	0.000	0.000
2	S	0.000	0.931	0.931	0.000	0.000
3	T	0.000	0.931	0.766	0.165	0.000
4	I	0.000	0.931	0.428	0.503	0.000
5	A	0.000	0.931	0.308	0.623	0.000
6	I	0.000	0.931	0.120	0.810	0.000
7	G	0.000	0.931	0.067	0.864	0.000
8	L	0.000	0.931	0.017	0.914	0.000
9	G	0.000	0.931	0.005	0.926	0.000
10	V	0.000	0.931	0.001	0.929	0.000
11	A	0.000	0.931	0.001	0.890	0.041
12	T	0.000	0.931	0.000	0.774	0.156
13	A	0.000	0.931	0.000	0.738	0.192
14	A	0.017	0.914	0.000	0.699	0.215
15	F	0.011	0.903	0.000	0.479	0.424
16	L	0.000	0.903	0.000	0.277	0.626
17	G	0.046	0.857	0.000	0.037	0.820
18	R	0.005	0.852	0.000	0.012	0.840
19	A	0.000	0.852	0.000	0.002	0.850
20	G	0.427	0.425	0.000	0.001	0.424
21	L	0.082	0.343	0.000	0.001	0.343
22	V	0.109	0.234	0.000	0.001	0.233
23	A	0.000	0.234	0.000	0.000	0.234
24	Y	0.230	0.004	0.000	0.000	0.004
25	R	0.000	0.004	0.000	0.000	0.004
26	R	0.000	0.004	0.000	0.000	0.004
27	S	0.000	0.004	0.000	0.000	0.004
28	K	0.003	0.001	0.000	0.000	0.001
29	G	0.000	0.001	0.000	0.000	0.001
30	G	0.001	0.001	0.000	0.000	0.001
31	V	0.000	0.000	0.000	0.000	0.000
32	N	0.000	0.000	0.000	0.000	0.000
33	A	0.000	0.000	0.000	0.000	0.000
34	M	0.000	0.000	0.000	0.000	0.000
35	G	0.000	0.000	0.000	0.000	0.000
36	K	0.000	0.000	0.000	0.000	0.000
37	A	0.000	0.000	0.000	0.000	0.000
38	F	0.000	0.000	0.000	0.000	0.000
39	Y	0.000	0.000	0.000	0.000	0.000
40	K	0.000	0.000	0.000	0.000	0.000
