>XP_001393179.2
pos	aa	C	S	n-reg	h-reg	c-reg
1	M	0.000	0.788	0.788	0.000	0.000
2	P	0.000	0.788	0.788	0.000	0.000
3	P	0.000	0.788	0.788	0.000	0.000
4	R	0.000	0.788	0.788	0.000	0.000
5	P	0.000	0.788	0.788	0.001	0.000
6	W	0.000	0.788	0.762	0.026	0.000
7	N	0.000	0.788	0.719	0.069	0.000
8	A	0.000	0.788	0.547	0.242	0.000
9	L	0.000	0.788	0.293	0.496	0.000
10	T	0.000	0.788	0.233	0.556	0.000
11	G	0.000	0.788	0.199	0.589	0.000
12	G	0.000	0.788	0.136	0.653	0.000
13	I	0.000	0.788	0.040	0.748	0.000
14	L	0.000	0.788	0.020	0.768	0.000
15	P	0.000	0.788	0.016	0.768	0.004
16	L	0.000	0.788	0.004	0.776	0.009
17	L	0.000	0.788	0.001	0.760	0.028
18	A	0.000	0.788	0.000	0.514	0.274
19	V	0.000	0.788	0.000	0.471	0.318
20	V	0.000	0.788	0.000	0.311	0.477
21	N	0.000	0.788	0.000	0.107	0.681
22	A	0.000	0.788	0.000	0.082	0.706
23	A	0.284	0.505	0.000	0.061	0.444
24	A	0.012	0.493	0.000	0.039	0.453
25	T	0.167	0.326	0.000	0.023	0.303
26	S	0.077	0.249	0.000	0.005	0.244
27	T	0.014	0.234	0.000	0.003	0.231
28	T	0.013	0.221	0.000	0.001	0.220
29	S	0.061	0.160	0.000	0.000	0.160
30	S	0.048	0.112	0.000	0.000	0.112
31	L	0.062	0.050	0.000	0.000	0.050
32	P	0.000	0.050	0.000	0.000	0.050
33	T	0.002	0.048	0.000	0.000	0.048
34	T	0.000	0.048	0.000	0.000	0.048
35	A	0.000	0.048	0.000	0.000	0.048
36	A	0.017	0.031	0.000	0.000	0.031
37	Y	0.029	0.002	0.000	0.000	0.002
38	Y	0.000	0.002	0.000	0.000	0.002
39	V	0.000	0.002	0.000	0.000	0.002
40	N	0.000	0.002	0.000	0.000	0.002
>XP_001393180.1
pos	aa	C	S	n-reg	h-reg	c-reg
1	M	0.000	0.896	0.896	0.000	0.000
2	L	0.000	0.896	0.896	0.000	0.000
3	A	0.000	0.896	0.387	0.509	0.000
4	F	0.000	0.896	0.073	0.823	0.000
5	L	0.000	0.896	0.028	0.867	0.000
6	V	0.000	0.896	0.008	0.888	0.000
7	L	0.000	0.896	0.001	0.894	0.000
8	A	0.000	0.896	0.001	0.895	0.000
9	A	0.000	0.896	0.000	0.895	0.000
10	L	0.000	0.896	0.000	0.892	0.004
11	G	0.000	0.896	0.000	0.582	0.313
12	A	0.000	0.896	0.000	0.206	0.690
13	A	0.000	0.895	0.000	0.155	0.740
14	T	0.112	0.783	0.000	0.116	0.668
15	V	0.206	0.577	0.000	0.103	0.474
16	T	0.000	0.577	0.000	0.031	0.545
17	V	0.394	0.183	0.000	0.015	0.168
18	H	0.000	0.183	0.000	0.001	0.182
19	D	0.000	0.183	0.000	0.000	0.183
20	S	0.000	0.183	0.000	0.000	0.183
21	S	0.110	0.073	0.000	0.000	0.073
22	D	0.015	0.058	0.000	0.000	0.058
23	F	0.000	0.058	0.000	0.000	0.058
24	A	0.000	0.058	0.000	0.000	0.058
25	D	0.018	0.039	0.000	0.000	0.039
26	L	0.000	0.039	0.000	0.000	0.039
27	T	0.001	0.038	0.000	0.000	0.038
28	A	0.000	0.038	0.000	0.000	0.038
29	D	0.005	0.033	0.000	0.000	0.033
30	A	0.000	0.033	0.000	0.000	0.033
31	A	0.025	0.008	0.000	0.000	0.008
32	D	0.001	0.007	0.000	0.000	0.007
33	D	0.000	0.007	0.000	0.000	0.007
34	A	0.000	0.007	0.000	0.000	0.007
35	L	0.000	0.006	0.000	0.000	0.006
36	T	0.000	0.006	0.000	0.000	0.006
37	S	0.006	0.001	0.000	0.000	0.001
38	D	0.000	0.000	0.000	0.000	0.000
39	W	0.000	0.000	0.000	0.000	0.000
40	D	0.000	0.000	0.000	0.000	0.000
>XP_001393182.2
pos	aa	C	S	n-reg	h-reg	c-reg
1	M	0.000	0.922	0.922	0.000	0.000
2	L	0.000	0.922	0.922	0.000	0.000
3	A	0.000	0.922	0.832	0.090	0.000
4	H	0.000	0.922	0.751	0.172	0.000
5	V	0.000	0.922	0.261	0.661	0.000
6	L	0.000	0.922	0.032	0.890	0.000
7	L	0.000	0.922	0.014	0.908	0.000
8	A	0.000	0.922	0.012	0.910	0.000
9	S	0.000	0.922	0.009	0.913	0.000
10	V	0.000	0.922	0.005	0.918	0.000
11	A	0.000	0.922	0.004	0.912	0.006
12	I	0.000	0.922	0.003	0.901	0.019
13	A	0.000	0.922	0.002	0.593	0.327
14	N	0.001	0.922	0.002	0.230	0.689
15	V	0.000	0.922	0.001	0.209	0.711
16	A	0.000	0.922	0.000	0.096	0.825
17	T	0.001	0.921	0.000	0.034	0.886
18	A	0.122	0.798	0.000	0.014	0.785
19	S	0.238	0.560	0.000	0.011	0.549
20	L	0.020	0.540	0.000	0.010	0.529
21	Q	0.415	0.125	0.000	0.003	0.122
22	I	0.053	0.073	0.000	0.003	0.070
23	V	0.000	0.073	0.000	0.003	0.070
24	P	0.000	0.073	0.000	0.001	0.071
25	G	0.001	0.072	0.000	0.001	0.071
26	A	0.058	0.014	0.000	0.001	0.014
27	T	0.000	0.014	0.000	0.000	0.014
28	W	0.002	0.012	0.000	0.000	0.012
29	T	0.000	0.012	0.000	0.000	0.012
30	A	0.006	0.006	0.000	0.000	0.006
31	A	0.000	0.006	0.000	0.000	0.006
32	G	0.004	0.002	0.000	0.000	0.002
33	T	0.001	0.001	0.000	0.000	0.001
34	N	0.000	0.001	0.000	0.000	0.001
35	Q	0.000	0.001	0.000	0.000	0.001
36	H	0.000	0.001	0.000	0.000	0.001
37	I	0.000	0.001	0.000	0.000	0.001
38	Q	0.000	0.001	0.000	0.000	0.001
39	A	0.000	0.001	0.000	0.000	0.001
40	H	0.000	0.000	0.000	0.000	0.000
>XP_001393184.2
pos	aa	C	S	n-reg	h-reg	c-reg
1	M	0.000	0.449	0.449	0.000	0.000
2	P	0.000	0.450	0.450	0.000	0.000
3	R	0.000	0.450	0.450	0.000	0.000
4	Y	0.000	0.450	0.449	0.000	0.000
5	N	0.000	0.450	0.449	0.000	0.000
6	W	0.000	0.450	0.442	0.007	0.000
7	W	0.000	0.450	0.433	0.016	0.000
8	Y	0.000	0.450	0.425	0.024	0.000
9	S	0.000	0.450	0.391	0.058	0.000
10	P	0.000	0.450	0.315	0.134	0.000
11	L	0.000	0.450	0.058	0.392	0.000
12	V	0.000	0.450	0.019	0.431	0.000
13	L	0.000	0.450	0.002	0.447	0.000
14	G	0.000	0.450	0.000	0.448	0.001
15	V	0.000	0.450	0.000	0.448	0.001
16	I	0.000	0.450	0.000	0.448	0.002
17	Y	0.000	0.450	0.000	0.437	0.013
18	S	0.000	0.450	0.000	0.412	0.038
19	A	0.001	0.448	0.000	0.371	0.077
20	L	0.000	0.448	0.000	0.358	0.090
21	V	0.000	0.448	0.000	0.197	0.252
22	G	0.000	0.448	0.000	0.010	0.438
23	A	0.004	0.445	0.000	0.001	0.444
24	V	0.023	0.422	0.000	0.000	0.422
25	S	0.000	0.422	0.000	0.000	0.422
26	Q	0.233	0.189	0.000	0.000	0.189
27	H	0.188	0.000	0.000	0.000	0.000
28	P	0.000	0.000	0.000	0.000	0.000
29	P	0.000	0.000	0.000	0.000	0.000
30	R	0.000	0.000	0.000	0.000	0.000
31	E	0.000	0.000	0.000	0.000	0.000
32	V	0.000	0.000	0.000	0.000	0.000
33	H	0.000	0.000	0.000	0.000	0.000
34	R	0.000	0.000	0.000	0.000	0.000
35	H	0.000	0.000	0.000	0.000	0.000
36	V	0.000	0.000	0.000	0.000	0.000
37	L	0.000	0.000	0.000	0.000	0.000
38	N	0.000	0.000	0.000	0.000	0.000
39	F	0.000	0.000	0.000	0.000	0.000
40	Q	0.000	0.000	0.000	0.000	0.000
>XP_001393206.1
pos	aa	C	S	n-reg	h-reg	c-reg
1	M	0.000	0.999	0.999	0.000	0.000
2	P	0.000	0.999	0.999	0.000	0.000
3	R	0.000	0.999	0.996	0.003	0.000
4	T	0.000	0.999	0.758	0.241	0.000
5	S	0.000	0.999	0.627	0.372	0.000
6	L	0.000	0.999	0.134	0.865	0.000
7	L	0.000	0.999	0.008	0.991	0.000
8	T	0.000	0.999	0.005	0.994	0.000
9	L	0.000	0.999	0.001	0.998	0.000
10	A	0.000	0.999	0.001	0.999	0.000
11	C	0.000	0.999	0.000	0.999	0.000
12	A	0.000	0.999	0.000	0.969	0.030
13	L	0.000	0.999	0.000	0.948	0.051
14	A	0.000	0.999	0.000	0.830	0.170
15	T	0.000	0.999	0.000	0.125	0.875
16	G	0.000	0.999	0.000	0.076	0.923
17	A	0.006	0.993	0.000	0.040	0.952
18	S	0.003	0.990	0.000	0.012	0.978
19	A	0.011	0.979	0.000	0.004	0.975
20	F	0.858	0.121	0.000	0.003	0.118
21	S	0.000	0.121	0.000	0.000	0.121
22	Y	0.015	0.106	0.000	0.000	0.106
23	G	0.000	0.106	0.000	0.000	0.106
24	A	0.049	0.057	0.000	0.000	0.057
25	A	0.001	0.056	0.000	0.000	0.056
26	I	0.052	0.005	0.000	0.000	0.005
27	P	0.000	0.005	0.000	0.000	0.005
28	Q	0.004	0.000	0.000	0.000	0.000
29	S	0.000	0.000	0.000	0.000	0.000
30	T	0.000	0.000	0.000	0.000	0.000
31	Q	0.000	0.000	0.000	0.000	0.000
32	E	0.000	0.000	0.000	0.000	0.000
33	K	0.000	0.000	0.000	0.000	0.000
34	Q	0.000	0.000	0.000	0.000	0.000
35	F	0.000	0.000	0.000	0.000	0.000
36	S	0.000	0.000	0.000	0.000	0.000
37	Q	0.000	0.000	0.000	0.000	0.000
38	E	0.000	0.000	0.000	0.000	0.000
39	F	0.000	0.000	0.000	0.000	0.000
40	R	0.000	0.000	0.000	0.000	0.000
>XP_001393209.2
pos	aa	C	S	n-reg	h-reg	c-reg
1	M	0.000	0.461	0.461	0.000	0.000
2	K	0.000	0.461	0.461	0.000	0.000
3	L	0.000	0.461	0.143	0.317	0.000
4	Q	0.000	0.461	0.115	0.345	0.000
5	T	0.000	0.461	0.091	0.370	0.000
6	A	0.000	0.461	0.046	0.415	0.000
7	S	0.000	0.461	0.026	0.434	0.000
8	V	0.000	0.461	0.008	0.452	0.000
9	L	0.000	0.461	0.001	0.460	0.000
10	L	0.000	0.461	0.000	0.460	0.000
11	G	0.000	0.461	0.000	0.208	0.252
12	S	0.000	0.461	0.000	0.131	0.330
13	A	0.000	0.461	0.000	0.117	0.343
14	A	0.001	0.460	0.000	0.091	0.368
15	A	0.005	0.454	0.000	0.078	0.376
16	A	0.241	0.213	0.000	0.061	0.152
17	S	0.090	0.123	0.000	0.018	0.105
18	P	0.005	0.118	0.000	0.006	0.112
19	S	0.019	0.100	0.000	0.005	0.095
20	M	0.010	0.089	0.000	0.001	0.089
21	Q	0.000	0.089	0.000	0.000	0.089
22	T	0.023	0.066	0.000	0.000	0.066
23	R	0.010	0.056	0.000	0.000	0.056
24	A	0.000	0.056	0.000	0.000	0.056
25	S	0.053	0.003	0.000	0.000	0.003
26	V	0.003	0.000	0.000	0.000	0.000
27	V	0.000	0.000	0.000	0.000	0.000
28	I	0.000	0.000	0.000	0.000	0.000
29	D	0.000	0.000	0.000	0.000	0.000
30	Y	0.000	0.000	0.000	0.000	0.000
31	N	0.000	0.000	0.000	0.000	0.000
32	V	0.000	0.000	0.000	0.000	0.000
33	A	0.000	0.000	0.000	0.000	0.000
34	P	0.000	0.000	0.000	0.000	0.000
35	P	0.000	0.000	0.000	0.000	0.000
36	N	0.000	0.000	0.000	0.000	0.000
37	L	0.000	0.000	0.000	0.000	0.000
38	S	0.000	0.000	0.000	0.000	0.000
39	T	0.000	0.000	0.000	0.000	0.000
40	L	0.000	0.000	0.000	0.000	0.000
>XP_001393220.2
pos	aa	C	S	n-reg	h-reg	c-reg
1	M	0.000	0.000	0.000	0.000	0.000
2	T	0.000	0.000	0.000	0.000	0.000
3	F	0.000	0.000	0.000	0.000	0.000
4	A	0.000	0.000	0.000	0.000	0.000
5	H	0.000	0.000	0.000	0.000	0.000
6	N	0.000	0.000	0.000	0.000	0.000
7	D	0.000	0.000	0.000	0.000	0.000
8	Y	0.000	0.000	0.000	0.000	0.000
9	M	0.000	0.000	0.000	0.000	0.000
10	V	0.000	0.000	0.000	0.000	0.000
11	A	0.000	0.000	0.000	0.000	0.000
12	W	0.000	0.000	0.000	0.000	0.000
13	I	0.000	0.000	0.000	0.000	0.000
14	C	0.000	0.000	0.000	0.000	0.000
15	A	0.000	0.000	0.000	0.000	0.000
16	L	0.000	0.000	0.000	0.000	0.000
17	S	0.000	0.000	0.000	0.000	0.000
18	L	0.000	0.000	0.000	0.000	0.000
19	E	0.000	0.000	0.000	0.000	0.000
20	L	0.000	0.000	0.000	0.000	0.000
21	A	0.000	0.000	0.000	0.000	0.000
22	A	0.000	0.000	0.000	0.000	0.000
23	A	0.000	0.000	0.000	0.000	0.000
24	K	0.000	0.000	0.000	0.000	0.000
25	A	0.000	0.000	0.000	0.000	0.000
26	I	0.000	0.000	0.000	0.000	0.000
27	L	0.000	0.000	0.000	0.000	0.000
28	D	0.000	0.000	0.000	0.000	0.000
29	E	0.000	0.000	0.000	0.000	0.000
30	V	0.000	0.000	0.000	0.000	0.000
31	H	0.000	0.000	0.000	0.000	0.000
32	P	0.000	0.000	0.000	0.000	0.000
33	P	0.000	0.000	0.000	0.000	0.000
34	L	0.000	0.000	0.000	0.000	0.000
35	S	0.000	0.000	0.000	0.000	0.000
36	Q	0.000	0.000	0.000	0.000	0.000
37	P	0.000	0.000	0.000	0.000	0.000
38	A	0.000	0.000	0.000	0.000	0.000
39	S	0.000	0.000	0.000	0.000	0.000
40	D	0.000	0.000	0.000	0.000	0.000
>XP_001393258.2
pos	aa	C	S	n-reg	h-reg	c-reg
1	M	0.000	0.993	0.993	0.000	0.000
2	F	0.000	0.993	0.993	0.000	0.000
3	Q	0.000	0.993	0.984	0.009	0.000
4	Q	0.000	0.993	0.931	0.061	0.000
5	V	0.000	0.993	0.659	0.334	0.000
6	A	0.000	0.993	0.393	0.600	0.000
7	F	0.000	0.993	0.232	0.760	0.000
8	L	0.000	0.993	0.204	0.789	0.000
9	P	0.000	0.993	0.193	0.800	0.000
10	A	0.000	0.993	0.131	0.862	0.000
11	L	0.000	0.993	0.099	0.894	0.000
12	L	0.000	0.993	0.084	0.904	0.004
13	S	0.000	0.993	0.070	0.807	0.116
14	M	0.000	0.993	0.046	0.707	0.240
15	A	0.000	0.993	0.032	0.649	0.312
16	A	0.002	0.991	0.020	0.612	0.359
17	L	0.002	0.989	0.008	0.449	0.532
18	P	0.000	0.989	0.007	0.176	0.806
19	A	0.009	0.979	0.003	0.166	0.811
20	L	0.022	0.957	0.001	0.163	0.793
21	S	0.001	0.957	0.001	0.133	0.823
22	C	0.445	0.511	0.000	0.112	0.399
23	V	0.212	0.299	0.000	0.099	0.200
24	L	0.000	0.299	0.000	0.086	0.213
25	P	0.002	0.297	0.000	0.016	0.281
26	P	0.028	0.269	0.000	0.010	0.259
27	S	0.001	0.268	0.000	0.009	0.258
28	L	0.000	0.268	0.000	0.009	0.259
29	T	0.001	0.267	0.000	0.005	0.262
30	S	0.104	0.163	0.000	0.001	0.162
31	H	0.056	0.107	0.000	0.000	0.107
32	D	0.000	0.107	0.000	0.000	0.107
33	G	0.000	0.107	0.000	0.000	0.107
34	T	0.000	0.107	0.000	0.000	0.107
35	A	0.000	0.107	0.000	0.000	0.107
36	V	0.002	0.104	0.000	0.000	0.104
37	A	0.000	0.104	0.000	0.000	0.104
38	Q	0.089	0.015	0.000	0.000	0.015
39	H	0.001	0.014	0.000	0.000	0.014
40	T	0.000	0.014	0.000	0.000	0.014
>XP_001393259.2
pos	aa	C	S	n-reg	h-reg	c-reg
1	M	0.000	0.679	0.679	0.000	0.000
2	K	0.000	0.679	0.679	0.000	0.000
3	I	0.000	0.679	0.288	0.392	0.000
4	L	0.000	0.679	0.076	0.603	0.000
5	W	0.000	0.679	0.029	0.651	0.000
6	V	0.000	0.679	0.006	0.673	0.000
7	V	0.000	0.679	0.001	0.678	0.000
8	C	0.000	0.679	0.001	0.679	0.000
9	S	0.000	0.679	0.000	0.679	0.000
10	S	0.000	0.679	0.000	0.678	0.001
11	I	0.000	0.679	0.000	0.651	0.028
12	I	0.000	0.679	0.000	0.571	0.109
13	T	0.000	0.679	0.000	0.106	0.573
14	Y	0.000	0.679	0.000	0.053	0.626
15	T	0.000	0.679	0.000	0.024	0.655
16	A	0.015	0.664	0.000	0.016	0.648
17	A	0.016	0.648	0.000	0.009	0.639
18	H	0.582	0.066	0.000	0.000	0.066
19	I	0.000	0.066	0.000	0.000	0.066
20	Q	0.000	0.066	0.000	0.000	0.066
21	M	0.000	0.065	0.000	0.000	0.065
22	S	0.000	0.065	0.000	0.000	0.065
23	D	0.048	0.017	0.000	0.000	0.017
24	P	0.000	0.017	0.000	0.000	0.017
25	L	0.017	0.000	0.000	0.000	0.000
26	P	0.000	0.000	0.000	0.000	0.000
27	I	0.000	0.000	0.000	0.000	0.000
28	R	0.000	0.000	0.000	0.000	0.000
29	S	0.000	0.000	0.000	0.000	0.000
30	P	0.000	0.000	0.000	0.000	0.000
31	L	0.000	0.000	0.000	0.000	0.000
32	N	0.000	0.000	0.000	0.000	0.000
33	T	0.000	0.000	0.000	0.000	0.000
34	N	0.000	0.000	0.000	0.000	0.000
35	S	0.000	0.000	0.000	0.000	0.000
36	S	0.000	0.000	0.000	0.000	0.000
37	I	0.000	0.000	0.000	0.000	0.000
38	K	0.000	0.000	0.000	0.000	0.000
39	D	0.000	0.000	0.000	0.000	0.000
40	Y	0.000	0.000	0.000	0.000	0.000
>XP_001393261.2
pos	aa	C	S	n-reg	h-reg	c-reg
1	M	0.000	0.001	0.001	0.000	0.000
2	T	0.000	0.001	0.001	0.000	0.000
3	F	0.000	0.001	0.001	0.000	0.000
4	T	0.000	0.001	0.001	0.000	0.000
5	H	0.000	0.001	0.001	0.000	0.000
6	H	0.000	0.001	0.001	0.000	0.000
7	D	0.000	0.001	0.001	0.000	0.000
8	Y	0.000	0.001	0.001	0.000	0.000
9	T	0.000	0.001	0.000	0.000	0.000
10	V	0.000	0.001	0.000	0.001	0.000
11	A	0.000	0.001	0.000	0.001	0.000
12	W	0.000	0.001	0.000	0.001	0.000
13	I	0.000	0.001	0.000	0.001	0.000
14	C	0.000	0.001	0.000	0.001	0.000
15	A	0.000	0.001	0.000	0.001	0.000
16	L	0.000	0.001	0.000	0.001	0.000
17	P	0.000	0.001	0.000	0.001	0.000
18	L	0.000	0.001	0.000	0.001	0.000
19	E	0.000	0.001	0.000	0.000	0.001
20	L	0.000	0.001	0.000	0.000	0.001
21	A	0.000	0.001	0.000	0.000	0.001
22	A	0.000	0.001	0.000	0.000	0.001
23	A	0.000	0.001	0.000	0.000	0.001
24	K	0.000	0.000	0.000	0.000	0.000
25	A	0.000	0.000	0.000	0.000	0.000
26	M	0.000	0.000	0.000	0.000	0.000
27	L	0.000	0.000	0.000	0.000	0.000
28	D	0.000	0.000	0.000	0.000	0.000
29	D	0.000	0.000	0.000	0.000	0.000
30	V	0.000	0.000	0.000	0.000	0.000
31	H	0.000	0.000	0.000	0.000	0.000
32	P	0.000	0.000	0.000	0.000	0.000
33	P	0.000	0.000	0.000	0.000	0.000
34	L	0.000	0.000	0.000	0.000	0.000
35	P	0.000	0.000	0.000	0.000	0.000
36	Q	0.000	0.000	0.000	0.000	0.000
37	P	0.000	0.000	0.000	0.000	0.000
38	E	0.000	0.000	0.000	0.000	0.000
39	S	0.000	0.000	0.000	0.000	0.000
40	D	0.000	0.000	0.000	0.000	0.000
>XP_001393286.1
pos	aa	C	S	n-reg	h-reg	c-reg
1	M	0.000	0.734	0.734	0.000	0.000
2	H	0.000	0.734	0.734	0.000	0.000
3	W	0.000	0.734	0.728	0.006	0.000
4	E	0.000	0.734	0.714	0.020	0.000
5	Y	0.000	0.734	0.599	0.135	0.000
6	S	0.000	0.734	0.377	0.357	0.000
7	L	0.000	0.734	0.055	0.679	0.000
8	V	0.000	0.734	0.007	0.727	0.000
9	I	0.000	0.734	0.001	0.733	0.000
10	L	0.000	0.734	0.000	0.734	0.000
11	L	0.000	0.734	0.000	0.732	0.002
12	G	0.000	0.734	0.000	0.726	0.008
13	A	0.000	0.734	0.000	0.688	0.045
14	C	0.000	0.734	0.000	0.645	0.089
15	A	0.000	0.734	0.000	0.574	0.160
16	V	0.008	0.726	0.000	0.183	0.543
17	S	0.000	0.726	0.000	0.070	0.656
18	V	0.020	0.706	0.000	0.018	0.688
19	D	0.000	0.706	0.000	0.000	0.706
20	G	0.000	0.706	0.000	0.000	0.706
21	S	0.658	0.048	0.000	0.000	0.048
22	P	0.002	0.046	0.000	0.000	0.046
23	Q	0.019	0.027	0.000	0.000	0.027
24	V	0.021	0.006	0.000	0.000	0.006
25	D	0.000	0.006	0.000	0.000	0.006
26	L	0.000	0.006	0.000	0.000	0.006
27	G	0.003	0.003	0.000	0.000	0.003
28	Y	0.001	0.001	0.000	0.000	0.001
29	A	0.000	0.001	0.000	0.000	0.001
30	R	0.001	0.000	0.000	0.000	0.000
31	Y	0.000	0.000	0.000	0.000	0.000
32	R	0.000	0.000	0.000	0.000	0.000
33	G	0.000	0.000	0.000	0.000	0.000
34	V	0.000	0.000	0.000	0.000	0.000
35	R	0.000	0.000	0.000	0.000	0.000
36	L	0.000	0.000	0.000	0.000	0.000
37	P	0.000	0.000	0.000	0.000	0.000
38	A	0.000	0.000	0.000	0.000	0.000
39	G	0.000	0.000	0.000	0.000	0.000
40	V	0.000	0.000	0.000	0.000	0.000
>XP_001393301.2
pos	aa	C	S	n-reg	h-reg	c-reg
1	M	0.000	0.252	0.252	0.000	0.000
2	A	0.000	0.252	0.252	0.000	0.000
3	W	0.000	0.252	0.229	0.024	0.000
4	Y	0.000	0.252	0.199	0.053	0.000
5	S	0.000	0.252	0.161	0.091	0.000
6	A	0.000	0.252	0.046	0.206	0.000
7	L	0.000	0.252	0.004	0.248	0.000
8	L	0.000	0.252	0.002	0.250	0.000
9	P	0.000	0.252	0.002	0.250	0.000
10	C	0.000	0.252	0.001	0.251	0.000
11	M	0.000	0.252	0.000	0.249	0.003
12	L	0.000	0.252	0.000	0.246	0.006
13	W	0.000	0.252	0.000	0.224	0.028
14	W	0.000	0.252	0.000	0.103	0.149
15	R	0.000	0.252	0.000	0.022	0.230
16	N	0.000	0.252	0.000	0.016	0.236
17	L	0.000	0.252	0.000	0.016	0.236
18	L	0.029	0.223	0.000	0.010	0.212
19	W	0.125	0.097	0.000	0.001	0.097
20	R	0.000	0.097	0.000	0.000	0.097
21	N	0.000	0.097	0.000	0.000	0.097
22	S	0.000	0.097	0.000	0.000	0.097
23	T	0.061	0.036	0.000	0.000	0.036
24	N	0.034	0.002	0.000	0.000	0.002
25	R	0.000	0.002	0.000	0.000	0.002
26	Y	0.000	0.002	0.000	0.000	0.002
27	R	0.000	0.002	0.000	0.000	0.002
28	Q	0.000	0.002	0.000	0.000	0.002
29	S	0.000	0.002	0.000	0.000	0.002
30	T	0.001	0.001	0.000	0.000	0.001
31	D	0.000	0.000	0.000	0.000	0.000
32	D	0.000	0.000	0.000	0.000	0.000
33	L	0.000	0.000	0.000	0.000	0.000
34	T	0.000	0.000	0.000	0.000	0.000
35	S	0.000	0.000	0.000	0.000	0.000
36	L	0.000	0.000	0.000	0.000	0.000
37	T	0.000	0.000	0.000	0.000	0.000
38	D	0.000	0.000	0.000	0.000	0.000
39	K	0.000	0.000	0.000	0.000	0.000
40	I	0.000	0.000	0.000	0.000	0.000
>XP_001393317.2
pos	aa	C	S	n-reg	h-reg	c-reg
1	M	0.000	0.000	0.000	0.000	0.000
2	K	0.000	0.000	0.000	0.000	0.000
3	Y	0.000	0.000	0.000	0.000	0.000
4	F	0.000	0.000	0.000	0.000	0.000
5	L	0.000	0.000	0.000	0.000	0.000
6	S	0.000	0.000	0.000	0.000	0.000
7	R	0.000	0.000	0.000	0.000	0.000
8	L	0.000	0.000	0.000	0.000	0.000
9	L	0.000	0.000	0.000	0.000	0.000
10	L	0.000	0.000	0.000	0.000	0.000
11	R	0.000	0.000	0.000	0.000	0.000
12	Y	0.000	0.000	0.000	0.000	0.000
13	G	0.000	0.000	0.000	0.000	0.000
14	L	0.000	0.000	0.000	0.000	0.000
15	G	0.000	0.000	0.000	0.000	0.000
16	V	0.000	0.000	0.000	0.000	0.000
17	G	0.000	0.000	0.000	0.000	0.000
18	S	0.000	0.000	0.000	0.000	0.000
19	F	0.000	0.000	0.000	0.000	0.000
20	N	0.000	0.000	0.000	0.000	0.000
21	L	0.000	0.000	0.000	0.000	0.000
22	I	0.000	0.000	0.000	0.000	0.000
23	L	0.000	0.000	0.000	0.000	0.000
24	R	0.000	0.000	0.000	0.000	0.000
25	M	0.000	0.000	0.000	0.000	0.000
26	L	0.000	0.000	0.000	0.000	0.000
27	K	0.000	0.000	0.000	0.000	0.000
28	S	0.000	0.000	0.000	0.000	0.000
29	D	0.000	0.000	0.000	0.000	0.000
30	L	0.000	0.000	0.000	0.000	0.000
31	E	0.000	0.000	0.000	0.000	0.000
32	S	0.000	0.000	0.000	0.000	0.000
33	S	0.000	0.000	0.000	0.000	0.000
34	T	0.000	0.000	0.000	0.000	0.000
35	S	0.000	0.000	0.000	0.000	0.000
36	R	0.000	0.000	0.000	0.000	0.000
37	V	0.000	0.000	0.000	0.000	0.000
38	K	0.000	0.000	0.000	0.000	0.000
39	S	0.000	0.000	0.000	0.000	0.000
40	H	0.000	0.000	0.000	0.000	0.000
>XP_001393324.2
pos	aa	C	S	n-reg	h-reg	c-reg
1	M	0.000	0.009	0.009	0.000	0.000
2	A	0.000	0.009	0.009	0.000	0.000
3	Y	0.000	0.009	0.007	0.002	0.000
4	M	0.000	0.009	0.004	0.005	0.000
5	L	0.000	0.009	0.001	0.008	0.000
6	Y	0.000	0.009	0.000	0.009	0.000
7	A	0.000	0.009	0.000	0.009	0.000
8	W	0.000	0.009	0.000	0.009	0.000
9	L	0.000	0.009	0.000	0.009	0.000
10	A	0.000	0.009	0.000	0.009	0.000
11	L	0.000	0.009	0.000	0.009	0.000
12	V	0.000	0.009	0.000	0.009	0.000
13	A	0.000	0.009	0.000	0.007	0.003
14	E	0.000	0.009	0.000	0.000	0.009
15	E	0.000	0.009	0.000	0.000	0.009
16	A	0.000	0.009	0.000	0.000	0.009
17	G	0.000	0.009	0.000	0.000	0.009
18	A	0.000	0.009	0.000	0.000	0.009
19	S	0.005	0.003	0.000	0.000	0.003
20	L	0.000	0.003	0.000	0.000	0.003
21	L	0.001	0.002	0.000	0.000	0.002
22	Y	0.002	0.000	0.000	0.000	0.000
23	D	0.000	0.000	0.000	0.000	0.000
24	A	0.000	0.000	0.000	0.000	0.000
25	T	0.000	0.000	0.000	0.000	0.000
26	R	0.000	0.000	0.000	0.000	0.000
27	P	0.000	0.000	0.000	0.000	0.000
28	R	0.000	0.000	0.000	0.000	0.000
29	Q	0.000	0.000	0.000	0.000	0.000
30	L	0.000	0.000	0.000	0.000	0.000
31	T	0.000	0.000	0.000	0.000	0.000
32	A	0.000	0.000	0.000	0.000	0.000
33	A	0.000	0.000	0.000	0.000	0.000
34	S	0.000	0.000	0.000	0.000	0.000
35	T	0.000	0.000	0.000	0.000	0.000
36	P	0.000	0.000	0.000	0.000	0.000
37	R	0.000	0.000	0.000	0.000	0.000
38	R	0.000	0.000	0.000	0.000	0.000
39	P	0.000	0.000	0.000	0.000	0.000
40	S	0.000	0.000	0.000	0.000	0.000
>XP_001393331.2
pos	aa	C	S	n-reg	h-reg	c-reg
1	M	0.000	0.000	0.000	0.000	0.000
2	D	0.000	0.000	0.000	0.000	0.000
3	N	0.000	0.000	0.000	0.000	0.000
4	D	0.000	0.000	0.000	0.000	0.000
5	V	0.000	0.000	0.000	0.000	0.000
6	S	0.000	0.000	0.000	0.000	0.000
7	H	0.000	0.000	0.000	0.000	0.000
8	H	0.000	0.000	0.000	0.000	0.000
9	W	0.000	0.000	0.000	0.000	0.000
10	L	0.000	0.000	0.000	0.000	0.000
11	Q	0.000	0.000	0.000	0.000	0.000
12	G	0.000	0.000	0.000	0.000	0.000
13	R	0.000	0.000	0.000	0.000	0.000
14	E	0.000	0.000	0.000	0.000	0.000
15	D	0.000	0.000	0.000	0.000	0.000
16	T	0.000	0.000	0.000	0.000	0.000
17	I	0.000	0.000	0.000	0.000	0.000
18	A	0.000	0.000	0.000	0.000	0.000
19	I	0.000	0.000	0.000	0.000	0.000
20	V	0.000	0.000	0.000	0.000	0.000
21	L	0.000	0.000	0.000	0.000	0.000
22	G	0.000	0.000	0.000	0.000	0.000
23	F	0.000	0.000	0.000	0.000	0.000
24	L	0.000	0.000	0.000	0.000	0.000
25	F	0.000	0.000	0.000	0.000	0.000
26	L	0.000	0.000	0.000	0.000	0.000
27	V	0.000	0.000	0.000	0.000	0.000
28	T	0.000	0.000	0.000	0.000	0.000
29	A	0.000	0.000	0.000	0.000	0.000
30	G	0.000	0.000	0.000	0.000	0.000
31	V	0.000	0.000	0.000	0.000	0.000
32	R	0.000	0.000	0.000	0.000	0.000
33	I	0.000	0.000	0.000	0.000	0.000
34	V	0.000	0.000	0.000	0.000	0.000
35	Y	0.000	0.000	0.000	0.000	0.000
36	L	0.000	0.000	0.000	0.000	0.000
37	A	0.000	0.000	0.000	0.000	0.000
38	R	0.000	0.000	0.000	0.000	0.000
39	K	0.000	0.000	0.000	0.000	0.000
40	S	0.000	0.000	0.000	0.000	0.000
>XP_001393335.2
pos	aa	C	S	n-reg	h-reg	c-reg
1	M	0.000	0.845	0.845	0.000	0.000
2	A	0.000	0.974	0.974	0.000	0.000
3	V	0.000	0.974	0.974	0.000	0.000
4	V	0.000	0.974	0.974	0.000	0.000
5	F	0.000	0.974	0.974	0.000	0.000
6	G	0.000	0.974	0.974	0.000	0.000
7	R	0.000	0.974	0.974	0.000	0.000
8	P	0.000	0.974	0.974	0.000	0.000
9	R	0.000	0.974	0.973	0.000	0.000
10	Q	0.000	0.974	0.929	0.045	0.000
11	L	0.000	0.974	0.561	0.412	0.000
12	A	0.000	0.974	0.457	0.517	0.000
13	V	0.000	0.974	0.325	0.649	0.000
14	A	0.000	0.974	0.162	0.811	0.000
15	V	0.000	0.974	0.039	0.935	0.000
16	I	0.000	0.974	0.015	0.959	0.000
17	F	0.000	0.974	0.005	0.968	0.000
18	S	0.000	0.974	0.001	0.972	0.001
19	F	0.000	0.974	0.000	0.954	0.020
20	I	0.000	0.974	0.000	0.945	0.029
21	I	0.000	0.974	0.000	0.930	0.044
22	F	0.000	0.973	0.000	0.788	0.185
23	A	0.000	0.969	0.000	0.573	0.396
24	I	0.033	0.929	0.000	0.515	0.413
25	F	0.000	0.908	0.000	0.417	0.491
26	Q	0.000	0.859	0.000	0.051	0.807
27	F	0.070	0.781	0.000	0.041	0.740
28	S	0.000	0.763	0.000	0.022	0.742
29	Y	0.011	0.744	0.000	0.013	0.731
30	T	0.000	0.737	0.000	0.006	0.731
31	D	0.659	0.073	0.000	0.000	0.073
32	D	0.000	0.073	0.000	0.000	0.073
33	F	0.000	0.073	0.000	0.000	0.073
34	S	0.000	0.073	0.000	0.000	0.073
35	L	0.001	0.072	0.000	0.000	0.072
36	T	0.000	0.072	0.000	0.000	0.072
37	G	0.002	0.069	0.000	0.000	0.069
38	H	0.000	0.069	0.000	0.000	0.069
39	L	0.000	0.069	0.000	0.000	0.069
40	S	0.000	0.068	0.000	0.000	0.068
>XP_001393337.1
pos	aa	C	S	n-reg	h-reg	c-reg
1	M	0.000	0.998	0.998	0.000	0.000
2	K	0.000	0.998	0.998	0.000	0.000
3	Q	0.000	0.998	0.997	0.001	0.000
4	F	0.000	0.998	0.991	0.007	0.000
5	S	0.000	0.998	0.987	0.011	0.000
6	A	0.000	0.998	0.973	0.025	0.000
7	K	0.000	0.998	0.968	0.030	0.000
8	Y	0.000	0.998	0.702	0.295	0.000
9	A	0.000	0.998	0.071	0.927	0.000
10	L	0.000	0.998	0.009	0.989	0.000
11	I	0.000	0.998	0.002	0.996	0.000
12	L	0.000	0.998	0.000	0.997	0.000
13	L	0.000	0.998	0.000	0.997	0.001
14	A	0.000	0.998	0.000	0.989	0.008
15	T	0.000	0.998	0.000	0.982	0.015
16	A	0.000	0.998	0.000	0.931	0.066
17	G	0.000	0.998	0.000	0.128	0.870
18	Q	0.000	0.998	0.000	0.062	0.936
19	A	0.000	0.998	0.000	0.050	0.948
20	L	0.002	0.995	0.000	0.041	0.954
21	A	0.000	0.995	0.000	0.027	0.969
22	A	0.879	0.117	0.000	0.001	0.116
23	S	0.014	0.102	0.000	0.000	0.102
24	T	0.005	0.097	0.000	0.000	0.097
25	Q	0.023	0.074	0.000	0.000	0.074
26	G	0.002	0.072	0.000	0.000	0.072
27	I	0.067	0.005	0.000	0.000	0.005
28	S	0.000	0.005	0.000	0.000	0.005
29	E	0.005	0.000	0.000	0.000	0.000
30	D	0.000	0.000	0.000	0.000	0.000
31	L	0.000	0.000	0.000	0.000	0.000
32	Y	0.000	0.000	0.000	0.000	0.000
33	N	0.000	0.000	0.000	0.000	0.000
34	R	0.000	0.000	0.000	0.000	0.000
35	L	0.000	0.000	0.000	0.000	0.000
36	V	0.000	0.000	0.000	0.000	0.000
37	E	0.000	0.000	0.000	0.000	0.000
38	M	0.000	0.000	0.000	0.000	0.000
39	A	0.000	0.000	0.000	0.000	0.000
40	T	0.000	0.000	0.000	0.000	0.000
>XP_001393350.2
pos	aa	C	S	n-reg	h-reg	c-reg
1	M	0.000	0.787	0.787	0.000	0.000
2	I	0.000	0.787	0.787	0.000	0.000
3	G	0.000	0.787	0.785	0.002	0.000
4	S	0.000	0.787	0.779	0.008	0.000
5	S	0.000	0.787	0.768	0.019	0.000
6	H	0.000	0.787	0.697	0.090	0.000
7	A	0.000	0.787	0.236	0.551	0.000
8	V	0.000	0.787	0.087	0.701	0.000
9	V	0.000	0.787	0.027	0.760	0.000
10	A	0.000	0.787	0.007	0.780	0.000
11	L	0.000	0.787	0.001	0.786	0.000
12	G	0.000	0.787	0.001	0.786	0.000
13	L	0.000	0.787	0.000	0.786	0.001
14	F	0.000	0.787	0.000	0.778	0.009
15	T	0.000	0.787	0.000	0.698	0.089
16	L	0.000	0.787	0.000	0.638	0.149
17	Y	0.000	0.787	0.000	0.525	0.262
18	G	0.000	0.787	0.000	0.155	0.632
19	H	0.003	0.784	0.000	0.016	0.768
20	S	0.000	0.784	0.000	0.005	0.780
21	A	0.036	0.748	0.000	0.002	0.746
22	A	0.014	0.734	0.000	0.002	0.732
23	A	0.451	0.283	0.000	0.001	0.283
24	P	0.056	0.227	0.000	0.000	0.227
25	A	0.009	0.218	0.000	0.000	0.218
26	I	0.039	0.180	0.000	0.000	0.179
27	G	0.000	0.180	0.000	0.000	0.180
28	A	0.122	0.058	0.000	0.000	0.058
29	S	0.016	0.041	0.000	0.000	0.041
30	N	0.008	0.033	0.000	0.000	0.033
31	S	0.000	0.033	0.000	0.000	0.033
32	Q	0.032	0.001	0.000	0.000	0.001
33	T	0.000	0.001	0.000	0.000	0.001
34	I	0.001	0.001	0.000	0.000	0.001
35	V	0.000	0.001	0.000	0.000	0.001
36	T	0.000	0.001	0.000	0.000	0.001
37	N	0.000	0.000	0.000	0.000	0.000
38	G	0.000	0.000	0.000	0.000	0.000
39	T	0.000	0.000	0.000	0.000	0.000
40	S	0.000	0.000	0.000	0.000	0.000
>XP_001393355.1
pos	aa	C	S	n-reg	h-reg	c-reg
1	M	0.000	0.979	0.979	0.000	0.000
2	S	0.000	0.979	0.979	0.000	0.000
3	G	0.000	0.979	0.975	0.005	0.000
4	S	0.000	0.979	0.928	0.052	0.000
5	L	0.000	0.979	0.846	0.133	0.000
6	G	0.000	0.979	0.811	0.169	0.000
7	Q	0.000	0.979	0.693	0.286	0.000
8	T	0.000	0.979	0.344	0.636	0.000
9	I	0.000	0.979	0.107	0.872	0.000
10	F	0.000	0.979	0.037	0.942	0.000
11	A	0.000	0.979	0.002	0.977	0.000
12	S	0.000	0.979	0.000	0.978	0.001
13	L	0.000	0.979	0.000	0.978	0.001
14	L	0.000	0.979	0.000	0.978	0.002
15	L	0.000	0.979	0.000	0.950	0.030
16	A	0.000	0.979	0.000	0.709	0.270
17	G	0.000	0.979	0.000	0.569	0.410
18	I	0.000	0.979	0.000	0.512	0.467
19	S	0.000	0.979	0.000	0.025	0.954
20	G	0.000	0.979	0.000	0.003	0.976
21	V	0.033	0.946	0.000	0.001	0.945
22	N	0.000	0.946	0.000	0.000	0.945
23	A	0.000	0.946	0.000	0.000	0.946
24	Q	0.942	0.003	0.000	0.000	0.003
25	V	0.000	0.003	0.000	0.000	0.003
26	L	0.000	0.003	0.000	0.000	0.003
27	A	0.000	0.003	0.000	0.000	0.003
28	P	0.003	0.000	0.000	0.000	0.000
29	T	0.000	0.000	0.000	0.000	0.000
30	N	0.000	0.000	0.000	0.000	0.000
31	D	0.000	0.000	0.000	0.000	0.000
32	I	0.000	0.000	0.000	0.000	0.000
33	L	0.000	0.000	0.000	0.000	0.000
34	S	0.000	0.000	0.000	0.000	0.000
35	P	0.000	0.000	0.000	0.000	0.000
36	S	0.000	0.000	0.000	0.000	0.000
37	T	0.000	0.000	0.000	0.000	0.000
38	S	0.000	0.000	0.000	0.000	0.000
39	I	0.000	0.000	0.000	0.000	0.000
40	N	0.000	0.000	0.000	0.000	0.000
>XP_001393371.1
pos	aa	C	S	n-reg	h-reg	c-reg
1	M	0.000	0.651	0.651	0.000	0.000
2	A	0.000	0.658	0.658	0.000	0.000
3	S	0.000	0.658	0.656	0.002	0.000
4	T	0.000	0.658	0.651	0.007	0.000
5	N	0.000	0.658	0.649	0.009	0.000
6	V	0.000	0.658	0.609	0.049	0.000
7	L	0.000	0.658	0.588	0.070	0.000
8	T	0.000	0.658	0.586	0.072	0.000
9	V	0.000	0.658	0.582	0.075	0.000
10	L	0.000	0.658	0.581	0.076	0.000
11	L	0.000	0.658	0.581	0.077	0.000
12	K	0.000	0.658	0.581	0.072	0.005
13	Y	0.000	0.658	0.565	0.088	0.005
14	A	0.000	0.658	0.515	0.134	0.008
15	S	0.000	0.658	0.471	0.164	0.022
16	L	0.000	0.658	0.409	0.219	0.030
17	S	0.003	0.655	0.384	0.219	0.052
18	V	0.001	0.654	0.278	0.320	0.056
19	T	0.000	0.654	0.232	0.351	0.071
20	I	0.001	0.653	0.149	0.433	0.071
21	A	0.000	0.653	0.103	0.478	0.072
22	V	0.015	0.638	0.058	0.519	0.061
23	A	0.000	0.638	0.031	0.536	0.071
24	L	0.053	0.585	0.010	0.546	0.029
25	Y	0.000	0.585	0.007	0.513	0.065
26	A	0.000	0.585	0.003	0.437	0.144
27	T	0.007	0.578	0.000	0.405	0.173
28	L	0.000	0.578	0.000	0.392	0.186
29	L	0.002	0.576	0.000	0.355	0.220
30	G	0.006	0.569	0.000	0.219	0.350
31	L	0.075	0.493	0.000	0.194	0.299
32	L	0.006	0.487	0.000	0.114	0.373
33	T	0.007	0.478	0.000	0.070	0.409
34	T	0.058	0.418	0.000	0.048	0.371
35	E	0.164	0.253	0.000	0.000	0.253
36	T	0.000	0.253	0.000	0.000	0.253
37	V	0.038	0.215	0.000	0.000	0.215
38	Q	0.000	0.215	0.000	0.000	0.215
39	S	0.019	0.196	0.000	0.000	0.196
40	H	0.183	0.013	0.000	0.000	0.013
>XP_001393375.1
pos	aa	C	S	n-reg	h-reg	c-reg
1	M	0.000	0.998	0.998	0.000	0.000
2	K	0.000	0.998	0.998	0.000	0.000
3	A	0.000	0.998	0.970	0.028	0.000
4	P	0.000	0.998	0.939	0.059	0.000
5	F	0.000	0.998	0.681	0.317	0.000
6	T	0.000	0.998	0.431	0.567	0.000
7	T	0.000	0.998	0.280	0.718	0.000
8	T	0.000	0.998	0.175	0.823	0.000
9	I	0.000	0.998	0.004	0.994	0.000
10	L	0.000	0.998	0.000	0.998	0.000
11	S	0.000	0.998	0.000	0.997	0.001
12	A	0.000	0.998	0.000	0.996	0.002
13	L	0.000	0.998	0.000	0.977	0.021
14	A	0.000	0.998	0.000	0.860	0.138
15	A	0.000	0.998	0.000	0.781	0.217
16	I	0.000	0.997	0.000	0.681	0.316
17	G	0.000	0.997	0.000	0.027	0.971
18	T	0.001	0.996	0.000	0.007	0.989
19	V	0.000	0.996	0.000	0.002	0.994
20	A	0.000	0.996	0.000	0.001	0.995
21	A	0.072	0.924	0.000	0.000	0.924
22	N	0.919	0.005	0.000	0.000	0.005
23	P	0.000	0.005	0.000	0.000	0.005
24	L	0.003	0.002	0.000	0.000	0.002
25	R	0.000	0.001	0.000	0.000	0.001
26	P	0.000	0.001	0.000	0.000	0.001
27	L	0.001	0.001	0.000	0.000	0.001
28	G	0.000	0.001	0.000	0.000	0.001
29	D	0.001	0.000	0.000	0.000	0.000
30	L	0.000	0.000	0.000	0.000	0.000
31	V	0.000	0.000	0.000	0.000	0.000
32	K	0.000	0.000	0.000	0.000	0.000
33	R	0.000	0.000	0.000	0.000	0.000
34	S	0.000	0.000	0.000	0.000	0.000
35	P	0.000	0.000	0.000	0.000	0.000
36	D	0.000	0.000	0.000	0.000	0.000
37	G	0.000	0.000	0.000	0.000	0.000
38	N	0.000	0.000	0.000	0.000	0.000
39	F	0.000	0.000	0.000	0.000	0.000
40	T	0.000	0.000	0.000	0.000	0.000
>XP_001393377.1
pos	aa	C	S	n-reg	h-reg	c-reg
1	M	0.000	0.114	0.114	0.000	0.000
2	A	0.000	0.114	0.114	0.000	0.000
3	P	0.000	0.114	0.114	0.000	0.000
4	P	0.000	0.114	0.114	0.000	0.000
5	K	0.000	0.114	0.113	0.001	0.000
6	I	0.000	0.114	0.036	0.078	0.000
7	A	0.000	0.114	0.005	0.109	0.000
8	I	0.000	0.114	0.002	0.112	0.000
9	I	0.000	0.114	0.001	0.113	0.000
10	G	0.000	0.114	0.001	0.113	0.000
11	A	0.000	0.114	0.001	0.113	0.000
12	G	0.000	0.114	0.001	0.113	0.000
13	P	0.000	0.114	0.001	0.112	0.001
14	A	0.000	0.114	0.000	0.100	0.013
15	G	0.000	0.114	0.000	0.025	0.089
16	L	0.000	0.114	0.000	0.023	0.091
17	T	0.000	0.114	0.000	0.007	0.107
18	L	0.000	0.114	0.000	0.005	0.108
19	A	0.001	0.113	0.000	0.001	0.112
20	R	0.093	0.020	0.000	0.001	0.019
21	L	0.000	0.020	0.000	0.001	0.019
22	L	0.013	0.007	0.000	0.001	0.007
23	Q	0.001	0.006	0.000	0.000	0.006
24	H	0.004	0.002	0.000	0.000	0.002
25	N	0.000	0.002	0.000	0.000	0.002
26	G	0.000	0.002	0.000	0.000	0.002
27	I	0.001	0.001	0.000	0.000	0.001
28	P	0.000	0.001	0.000	0.000	0.001
29	C	0.000	0.000	0.000	0.000	0.000
30	I	0.000	0.000	0.000	0.000	0.000
31	V	0.000	0.000	0.000	0.000	0.000
32	Y	0.000	0.000	0.000	0.000	0.000
33	E	0.000	0.000	0.000	0.000	0.000
34	A	0.000	0.000	0.000	0.000	0.000
35	E	0.000	0.000	0.000	0.000	0.000
36	E	0.000	0.000	0.000	0.000	0.000
37	N	0.000	0.000	0.000	0.000	0.000
38	R	0.000	0.000	0.000	0.000	0.000
39	H	0.000	0.000	0.000	0.000	0.000
40	A	0.000	0.000	0.000	0.000	0.000
>XP_001393378.1
pos	aa	C	S	n-reg	h-reg	c-reg
1	M	0.000	0.985	0.985	0.000	0.000
2	Y	0.000	0.985	0.985	0.000	0.000
3	F	0.000	0.985	0.721	0.264	0.000
4	P	0.000	0.985	0.546	0.439	0.000
5	L	0.000	0.985	0.153	0.832	0.000
6	A	0.000	0.985	0.058	0.927	0.000
7	F	0.000	0.985	0.023	0.962	0.000
8	A	0.000	0.985	0.015	0.971	0.000
9	T	0.000	0.985	0.007	0.978	0.000
10	F	0.000	0.985	0.001	0.984	0.000
11	V	0.000	0.985	0.000	0.963	0.022
12	F	0.000	0.985	0.000	0.721	0.264
13	S	0.000	0.985	0.000	0.365	0.620
14	A	0.000	0.985	0.000	0.190	0.795
15	L	0.000	0.985	0.000	0.177	0.808
16	A	0.001	0.983	0.000	0.134	0.849
17	L	0.711	0.272	0.000	0.056	0.216
18	P	0.001	0.271	0.000	0.012	0.260
19	T	0.058	0.214	0.000	0.005	0.209
20	G	0.003	0.211	0.000	0.002	0.209
21	G	0.026	0.185	0.000	0.001	0.184
22	N	0.133	0.052	0.000	0.000	0.052
23	H	0.000	0.052	0.000	0.000	0.052
24	K	0.000	0.052	0.000	0.000	0.052
25	A	0.000	0.052	0.000	0.000	0.052
26	L	0.011	0.041	0.000	0.000	0.041
27	P	0.000	0.041	0.000	0.000	0.041
28	A	0.006	0.035	0.000	0.000	0.035
29	C	0.001	0.034	0.000	0.000	0.034
30	D	0.000	0.034	0.000	0.000	0.034
31	A	0.000	0.034	0.000	0.000	0.034
32	T	0.030	0.004	0.000	0.000	0.004
33	P	0.000	0.004	0.000	0.000	0.004
34	R	0.001	0.003	0.000	0.000	0.003
35	P	0.000	0.003	0.000	0.000	0.003
36	C	0.000	0.003	0.000	0.000	0.003
37	S	0.000	0.003	0.000	0.000	0.003
38	C	0.000	0.003	0.000	0.000	0.003
39	P	0.001	0.002	0.000	0.000	0.002
40	T	0.000	0.002	0.000	0.000	0.002
>XP_001393380.2
pos	aa	C	S	n-reg	h-reg	c-reg
1	M	0.000	0.053	0.053	0.000	0.000
2	D	0.000	0.053	0.053	0.000	0.000
3	T	0.000	0.053	0.051	0.002	0.000
4	T	0.000	0.053	0.038	0.016	0.000
5	I	0.000	0.053	0.021	0.032	0.000
6	L	0.000	0.053	0.011	0.042	0.000
7	L	0.000	0.053	0.008	0.045	0.000
8	A	0.000	0.053	0.008	0.046	0.000
9	G	0.000	0.053	0.007	0.046	0.000
10	Q	0.000	0.053	0.006	0.047	0.000
11	A	0.000	0.053	0.003	0.050	0.000
12	V	0.000	0.053	0.001	0.052	0.000
13	L	0.000	0.053	0.000	0.053	0.001
14	I	0.000	0.053	0.000	0.050	0.003
15	V	0.000	0.053	0.000	0.046	0.007
16	V	0.000	0.053	0.000	0.017	0.037
17	I	0.000	0.053	0.000	0.012	0.042
18	L	0.000	0.053	0.000	0.009	0.045
19	V	0.002	0.051	0.000	0.008	0.043
20	A	0.000	0.051	0.000	0.007	0.044
21	V	0.042	0.009	0.000	0.005	0.004
22	K	0.000	0.008	0.000	0.001	0.008
23	F	0.000	0.008	0.000	0.001	0.008
24	R	0.000	0.008	0.000	0.000	0.008
25	T	0.000	0.008	0.000	0.000	0.008
26	L	0.003	0.005	0.000	0.000	0.005
27	I	0.002	0.003	0.000	0.000	0.003
28	T	0.000	0.003	0.000	0.000	0.003
29	N	0.003	0.001	0.000	0.000	0.001
30	T	0.000	0.001	0.000	0.000	0.001
31	I	0.001	0.000	0.000	0.000	0.000
32	N	0.000	0.000	0.000	0.000	0.000
33	R	0.000	0.000	0.000	0.000	0.000
34	L	0.000	0.000	0.000	0.000	0.000
35	I	0.000	0.000	0.000	0.000	0.000
36	S	0.000	0.000	0.000	0.000	0.000
37	A	0.000	0.000	0.000	0.000	0.000
38	I	0.000	0.000	0.000	0.000	0.000
39	L	0.000	0.000	0.000	0.000	0.000
40	R	0.000	0.000	0.000	0.000	0.000
>XP_001393383.1
pos	aa	C	S	n-reg	h-reg	c-reg
1	M	0.000	0.814	0.814	0.000	0.000
2	S	0.000	0.814	0.814	0.000	0.000
3	T	0.000	0.814	0.774	0.041	0.000
4	H	0.000	0.814	0.720	0.094	0.000
5	V	0.000	0.814	0.426	0.388	0.000
6	A	0.000	0.814	0.217	0.597	0.000
7	I	0.000	0.814	0.111	0.704	0.000
8	I	0.000	0.814	0.075	0.739	0.000
9	G	0.000	0.814	0.063	0.751	0.000
10	A	0.000	0.814	0.042	0.773	0.000
11	G	0.000	0.814	0.026	0.781	0.007
12	L	0.000	0.814	0.006	0.793	0.015
13	S	0.000	0.814	0.004	0.728	0.082
14	G	0.000	0.814	0.001	0.444	0.369
15	L	0.000	0.814	0.000	0.426	0.388
16	A	0.000	0.814	0.000	0.220	0.594
17	L	0.004	0.811	0.000	0.188	0.622
18	A	0.001	0.810	0.000	0.142	0.668
19	L	0.350	0.460	0.000	0.078	0.382
20	S	0.000	0.460	0.000	0.037	0.422
21	L	0.233	0.227	0.000	0.021	0.206
22	H	0.004	0.222	0.000	0.006	0.217
23	Q	0.000	0.222	0.000	0.001	0.222
24	Q	0.131	0.091	0.000	0.000	0.091
25	S	0.015	0.076	0.000	0.000	0.076
26	I	0.033	0.044	0.000	0.000	0.043
27	P	0.000	0.044	0.000	0.000	0.044
28	C	0.015	0.029	0.000	0.000	0.029
29	T	0.012	0.017	0.000	0.000	0.017
30	L	0.001	0.016	0.000	0.000	0.016
31	Y	0.006	0.010	0.000	0.000	0.010
32	E	0.000	0.010	0.000	0.000	0.010
33	A	0.000	0.010	0.000	0.000	0.010
34	R	0.001	0.010	0.000	0.000	0.010
35	S	0.000	0.010	0.000	0.000	0.010
36	A	0.008	0.002	0.000	0.000	0.002
37	P	0.000	0.001	0.000	0.000	0.001
38	L	0.001	0.001	0.000	0.000	0.001
39	N	0.000	0.001	0.000	0.000	0.001
40	I	0.000	0.001	0.000	0.000	0.001
>XP_001393391.1
pos	aa	C	S	n-reg	h-reg	c-reg
1	M	0.000	0.952	0.952	0.000	0.000
2	K	0.000	0.952	0.952	0.000	0.000
3	L	0.000	0.952	0.481	0.471	0.000
4	A	0.000	0.952	0.331	0.621	0.000
5	A	0.000	0.952	0.282	0.670	0.000
6	S	0.000	0.952	0.192	0.760	0.000
7	A	0.000	0.952	0.010	0.942	0.000
8	V	0.000	0.952	0.004	0.948	0.000
9	A	0.000	0.952	0.002	0.950	0.000
10	A	0.000	0.952	0.001	0.951	0.000
11	A	0.000	0.952	0.000	0.927	0.025
12	A	0.000	0.952	0.000	0.884	0.068
13	L	0.000	0.952	0.000	0.863	0.089
14	V	0.000	0.952	0.000	0.792	0.160
15	D	0.000	0.952	0.000	0.027	0.925
16	V	0.000	0.952	0.000	0.022	0.930
17	A	0.000	0.952	0.000	0.018	0.933
18	V	0.001	0.950	0.000	0.015	0.935
19	A	0.000	0.950	0.000	0.001	0.950
20	S	0.853	0.097	0.000	0.000	0.097
21	V	0.028	0.069	0.000	0.000	0.069
22	P	0.000	0.069	0.000	0.000	0.069
23	A	0.006	0.062	0.000	0.000	0.062
24	I	0.062	0.000	0.000	0.000	0.000
25	V	0.000	0.000	0.000	0.000	0.000
26	I	0.000	0.000	0.000	0.000	0.000
27	K	0.000	0.000	0.000	0.000	0.000
28	G	0.000	0.000	0.000	0.000	0.000
29	S	0.000	0.000	0.000	0.000	0.000
30	K	0.000	0.000	0.000	0.000	0.000
31	F	0.000	0.000	0.000	0.000	0.000
32	F	0.000	0.000	0.000	0.000	0.000
33	Y	0.000	0.000	0.000	0.000	0.000
34	E	0.000	0.000	0.000	0.000	0.000
35	N	0.000	0.000	0.000	0.000	0.000
36	N	0.000	0.000	0.000	0.000	0.000
37	G	0.000	0.000	0.000	0.000	0.000
38	T	0.000	0.000	0.000	0.000	0.000
39	E	0.000	0.000	0.000	0.000	0.000
40	F	0.000	0.000	0.000	0.000	0.000
>XP_001393399.1
pos	aa	C	S	n-reg	h-reg	c-reg
1	M	0.000	0.999	0.999	0.000	0.000
2	F	0.000	0.999	0.999	0.000	0.000
3	R	0.000	0.999	0.999	0.000	0.000
4	N	0.000	0.999	0.953	0.047	0.000
5	I	0.000	0.999	0.518	0.482	0.000
6	V	0.000	0.999	0.205	0.795	0.000
7	T	0.000	0.999	0.126	0.873	0.000
8	A	0.000	0.999	0.063	0.936	0.000
9	A	0.000	0.999	0.017	0.982	0.000
10	L	0.000	0.999	0.002	0.997	0.000
11	L	0.000	0.999	0.001	0.999	0.000
12	S	0.000	0.999	0.000	0.992	0.006
13	F	0.000	0.999	0.000	0.969	0.030
14	A	0.000	0.999	0.000	0.842	0.157
15	L	0.000	0.999	0.000	0.807	0.192
16	A	0.000	0.999	0.000	0.497	0.502
17	S	0.004	0.996	0.000	0.096	0.900
18	A	0.001	0.995	0.000	0.043	0.952
19	S	0.112	0.883	0.000	0.019	0.864
20	T	0.005	0.878	0.000	0.016	0.861
21	A	0.260	0.618	0.000	0.001	0.617
22	H	0.405	0.213	0.000	0.000	0.213
23	T	0.000	0.213	0.000	0.000	0.213
24	N	0.063	0.150	0.000	0.000	0.150
25	G	0.000	0.150	0.000	0.000	0.150
26	Q	0.138	0.011	0.000	0.000	0.011
27	A	0.003	0.009	0.000	0.000	0.009
28	P	0.001	0.007	0.000	0.000	0.007
29	C	0.000	0.007	0.000	0.000	0.007
30	A	0.005	0.003	0.000	0.000	0.003
31	K	0.000	0.003	0.000	0.000	0.003
32	V	0.000	0.003	0.000	0.000	0.003
33	H	0.000	0.003	0.000	0.000	0.003
34	M	0.000	0.003	0.000	0.000	0.003
35	M	0.000	0.003	0.000	0.000	0.003
36	L	0.000	0.003	0.000	0.000	0.003
37	A	0.000	0.003	0.000	0.000	0.003
38	R	0.001	0.001	0.000	0.000	0.001
39	G	0.000	0.001	0.000	0.000	0.001
40	T	0.000	0.001	0.000	0.000	0.001
>XP_001393404.2
pos	aa	C	S	n-reg	h-reg	c-reg
1	M	0.000	0.999	0.999	0.000	0.000
2	I	0.000	0.999	0.999	0.000	0.000
3	C	0.000	0.999	0.885	0.114	0.000
4	N	0.000	0.999	0.854	0.145	0.000
5	T	0.000	0.999	0.654	0.345	0.000
6	L	0.000	0.999	0.012	0.987	0.000
7	L	0.000	0.999	0.001	0.998	0.000
8	V	0.000	0.999	0.000	0.999	0.000
9	V	0.000	0.999	0.000	0.999	0.000
10	A	0.000	0.999	0.000	0.999	0.000
11	L	0.000	0.999	0.000	0.993	0.006
12	S	0.000	0.999	0.000	0.983	0.016
13	L	0.000	0.999	0.000	0.971	0.028
14	G	0.000	0.999	0.000	0.069	0.930
15	L	0.000	0.999	0.000	0.045	0.954
16	V	0.000	0.999	0.000	0.003	0.996
17	Q	0.000	0.999	0.000	0.001	0.998
18	A	0.000	0.999	0.000	0.000	0.998
19	S	0.992	0.007	0.000	0.000	0.007
20	P	0.000	0.007	0.000	0.000	0.007
21	I	0.005	0.002	0.000	0.000	0.002
22	A	0.000	0.002	0.000	0.000	0.002
23	K	0.001	0.001	0.000	0.000	0.001
24	R	0.000	0.001	0.000	0.000	0.001
25	D	0.000	0.001	0.000	0.000	0.001
26	A	0.000	0.001	0.000	0.000	0.001
27	A	0.001	0.000	0.000	0.000	0.000
28	T	0.000	0.000	0.000	0.000	0.000
29	V	0.000	0.000	0.000	0.000	0.000
30	L	0.000	0.000	0.000	0.000	0.000
31	S	0.000	0.000	0.000	0.000	0.000
32	D	0.000	0.000	0.000	0.000	0.000
33	L	0.000	0.000	0.000	0.000	0.000
34	E	0.000	0.000	0.000	0.000	0.000
35	T	0.000	0.000	0.000	0.000	0.000
36	I	0.000	0.000	0.000	0.000	0.000
37	G	0.000	0.000	0.000	0.000	0.000
38	N	0.000	0.000	0.000	0.000	0.000
39	D	0.000	0.000	0.000	0.000	0.000
40	V	0.000	0.000	0.000	0.000	0.000
>XP_001393409.1
pos	aa	C	S	n-reg	h-reg	c-reg
1	M	0.000	0.911	0.911	0.000	0.000
2	R	0.000	0.911	0.911	0.000	0.000
3	Q	0.000	0.911	0.911	0.000	0.000
4	Y	0.000	0.911	0.908	0.003	0.000
5	S	0.000	0.911	0.904	0.007	0.000
6	R	0.000	0.911	0.894	0.017	0.000
7	A	0.000	0.911	0.389	0.522	0.000
8	A	0.000	0.911	0.144	0.768	0.000
9	A	0.000	0.911	0.089	0.822	0.000
10	A	0.000	0.911	0.067	0.844	0.000
11	T	0.000	0.911	0.054	0.858	0.000
12	V	0.000	0.911	0.051	0.860	0.000
13	A	0.000	0.911	0.050	0.860	0.001
14	L	0.000	0.911	0.050	0.859	0.003
15	A	0.000	0.911	0.050	0.761	0.100
16	A	0.000	0.911	0.050	0.271	0.590
17	S	0.000	0.911	0.050	0.177	0.685
18	A	0.001	0.911	0.050	0.121	0.740
19	R	0.008	0.903	0.050	0.015	0.838
20	A	0.000	0.903	0.049	0.010	0.844
21	A	0.543	0.359	0.047	0.007	0.305
22	N	0.010	0.350	0.046	0.005	0.299
23	S	0.000	0.350	0.039	0.011	0.300
24	S	0.077	0.272	0.028	0.022	0.222
25	S	0.001	0.271	0.009	0.041	0.221
26	L	0.003	0.268	0.001	0.049	0.218
27	A	0.015	0.253	0.001	0.049	0.203
28	S	0.043	0.209	0.000	0.050	0.160
29	L	0.001	0.208	0.000	0.050	0.158
30	C	0.003	0.205	0.000	0.049	0.156
31	T	0.003	0.202	0.000	0.048	0.155
32	V	0.001	0.201	0.000	0.045	0.156
33	S	0.000	0.201	0.000	0.017	0.184
34	H	0.003	0.199	0.000	0.007	0.192
35	V	0.000	0.199	0.000	0.006	0.193
36	Q	0.000	0.199	0.000	0.001	0.198
37	S	0.000	0.199	0.000	0.000	0.198
38	A	0.101	0.098	0.000	0.000	0.097
39	L	0.010	0.088	0.000	0.000	0.088
40	P	0.000	0.088	0.000	0.000	0.088
>XP_001393418.1
pos	aa	C	S	n-reg	h-reg	c-reg
1	M	0.000	0.831	0.831	0.000	0.000
2	L	0.000	0.831	0.831	0.000	0.000
3	S	0.000	0.831	0.830	0.001	0.000
4	R	0.000	0.831	0.820	0.010	0.000
5	I	0.000	0.831	0.465	0.365	0.000
6	V	0.000	0.831	0.251	0.580	0.000
7	T	0.000	0.831	0.159	0.671	0.000
8	T	0.000	0.831	0.091	0.740	0.000
9	L	0.000	0.831	0.056	0.774	0.000
10	T	0.000	0.831	0.049	0.782	0.000
11	F	0.000	0.831	0.046	0.785	0.000
12	N	0.000	0.831	0.042	0.786	0.003
13	A	0.000	0.831	0.014	0.803	0.013
14	L	0.000	0.831	0.003	0.803	0.024
15	L	0.000	0.831	0.001	0.780	0.050
16	G	0.000	0.831	0.000	0.281	0.550
17	F	0.002	0.829	0.000	0.208	0.622
18	S	0.000	0.829	0.000	0.079	0.750
19	R	0.006	0.823	0.000	0.053	0.770
20	A	0.000	0.823	0.000	0.051	0.772
21	T	0.509	0.314	0.000	0.045	0.270
22	L	0.001	0.313	0.000	0.044	0.270
23	L	0.069	0.244	0.000	0.042	0.202
24	N	0.053	0.191	0.000	0.001	0.190
25	S	0.000	0.191	0.000	0.000	0.191
26	T	0.101	0.090	0.000	0.000	0.090
27	D	0.002	0.089	0.000	0.000	0.089
28	C	0.000	0.089	0.000	0.000	0.089
29	A	0.077	0.012	0.000	0.000	0.012
30	D	0.002	0.010	0.000	0.000	0.010
31	I	0.000	0.010	0.000	0.000	0.010
32	H	0.000	0.010	0.000	0.000	0.010
33	F	0.000	0.010	0.000	0.000	0.010
34	M	0.000	0.010	0.000	0.000	0.010
35	L	0.000	0.010	0.000	0.000	0.010
36	A	0.000	0.010	0.000	0.000	0.010
37	R	0.006	0.004	0.000	0.000	0.004
38	G	0.000	0.004	0.000	0.000	0.004
39	T	0.002	0.002	0.000	0.000	0.002
40	T	0.000	0.002	0.000	0.000	0.002
>XP_001393422.2
pos	aa	C	S	n-reg	h-reg	c-reg
1	M	0.000	0.998	0.998	0.000	0.000
2	I	0.000	0.998	0.998	0.000	0.000
3	R	0.000	0.998	0.986	0.012	0.000
4	L	0.000	0.998	0.157	0.841	0.000
5	L	0.000	0.998	0.065	0.933	0.000
6	L	0.000	0.998	0.019	0.979	0.000
7	H	0.000	0.998	0.007	0.991	0.000
8	T	0.000	0.998	0.004	0.994	0.000
9	V	0.000	0.998	0.000	0.998	0.000
10	I	0.000	0.998	0.000	0.998	0.000
11	F	0.000	0.998	0.000	0.997	0.001
12	L	0.000	0.998	0.000	0.946	0.052
13	F	0.000	0.998	0.000	0.888	0.110
14	V	0.000	0.998	0.000	0.835	0.163
15	G	0.000	0.998	0.000	0.044	0.954
16	L	0.000	0.998	0.000	0.017	0.981
17	S	0.000	0.998	0.000	0.001	0.997
18	R	0.001	0.997	0.000	0.000	0.996
19	A	0.000	0.997	0.000	0.000	0.997
20	A	0.988	0.009	0.000	0.000	0.009
21	I	0.003	0.006	0.000	0.000	0.006
22	V	0.000	0.006	0.000	0.000	0.006
23	P	0.000	0.006	0.000	0.000	0.006
24	L	0.005	0.001	0.000	0.000	0.001
25	P	0.000	0.001	0.000	0.000	0.001
26	P	0.000	0.001	0.000	0.000	0.001
27	G	0.000	0.000	0.000	0.000	0.000
28	T	0.000	0.000	0.000	0.000	0.000
29	G	0.000	0.000	0.000	0.000	0.000
30	P	0.000	0.000	0.000	0.000	0.000
31	C	0.000	0.000	0.000	0.000	0.000
32	D	0.000	0.000	0.000	0.000	0.000
33	V	0.000	0.000	0.000	0.000	0.000
34	T	0.000	0.000	0.000	0.000	0.000
35	L	0.000	0.000	0.000	0.000	0.000
36	Q	0.000	0.000	0.000	0.000	0.000
37	A	0.000	0.000	0.000	0.000	0.000
38	S	0.000	0.000	0.000	0.000	0.000
39	E	0.000	0.000	0.000	0.000	0.000
40	L	0.000	0.000	0.000	0.000	0.000
>XP_001393431.1
pos	aa	C	S	n-reg	h-reg	c-reg
1	M	0.000	0.367	0.367	0.000	0.000
2	T	0.000	0.372	0.372	0.000	0.000
3	S	0.000	0.372	0.342	0.030	0.000
4	S	0.000	0.372	0.281	0.091	0.000
5	P	0.000	0.372	0.196	0.176	0.000
6	S	0.000	0.372	0.127	0.245	0.000
7	V	0.000	0.372	0.047	0.325	0.000
8	L	0.000	0.372	0.024	0.348	0.000
9	V	0.000	0.372	0.010	0.362	0.000
10	F	0.000	0.372	0.005	0.367	0.000
11	G	0.000	0.372	0.004	0.360	0.008
12	V	0.000	0.372	0.002	0.343	0.027
13	G	0.000	0.372	0.000	0.198	0.173
14	S	0.000	0.372	0.000	0.160	0.211
15	V	0.000	0.371	0.000	0.139	0.233
16	G	0.000	0.371	0.000	0.088	0.283
17	A	0.020	0.351	0.000	0.082	0.270
18	I	0.192	0.159	0.000	0.068	0.091
19	Y	0.000	0.159	0.000	0.039	0.120
20	L	0.000	0.158	0.000	0.029	0.129
21	H	0.068	0.087	0.000	0.002	0.084
22	Q	0.000	0.086	0.000	0.001	0.085
23	L	0.005	0.081	0.000	0.001	0.081
24	Q	0.005	0.076	0.000	0.000	0.076
25	Q	0.001	0.076	0.000	0.000	0.076
26	A	0.032	0.044	0.000	0.000	0.044
27	G	0.013	0.031	0.000	0.000	0.031
28	C	0.002	0.029	0.000	0.000	0.029
29	N	0.020	0.009	0.000	0.000	0.009
30	V	0.000	0.009	0.000	0.000	0.009
31	T	0.000	0.009	0.000	0.000	0.009
32	A	0.002	0.008	0.000	0.000	0.008
33	V	0.005	0.003	0.000	0.000	0.003
34	C	0.000	0.003	0.000	0.000	0.003
35	R	0.002	0.002	0.000	0.000	0.002
36	S	0.000	0.002	0.000	0.000	0.002
37	N	0.001	0.000	0.000	0.000	0.000
38	Y	0.000	0.000	0.000	0.000	0.000
39	D	0.000	0.000	0.000	0.000	0.000
40	V	0.000	0.000	0.000	0.000	0.000
>XP_001393437.1
pos	aa	C	S	n-reg	h-reg	c-reg
1	M	0.000	0.987	0.987	0.000	0.000
2	Y	0.000	0.987	0.987	0.000	0.000
3	R	0.000	0.987	0.977	0.010	0.000
4	L	0.000	0.987	0.316	0.671	0.000
5	L	0.000	0.987	0.200	0.787	0.000
6	S	0.000	0.987	0.132	0.855	0.000
7	V	0.000	0.987	0.031	0.955	0.000
8	A	0.000	0.987	0.022	0.964	0.000
9	S	0.000	0.987	0.012	0.975	0.000
10	V	0.000	0.987	0.005	0.982	0.000
11	P	0.000	0.987	0.004	0.982	0.001
12	L	0.000	0.987	0.000	0.956	0.030
13	L	0.000	0.987	0.000	0.919	0.068
14	A	0.000	0.987	0.000	0.833	0.154
15	S	0.000	0.986	0.000	0.201	0.786
16	L	0.000	0.986	0.000	0.165	0.821
17	V	0.001	0.985	0.000	0.051	0.934
18	H	0.000	0.985	0.000	0.016	0.969
19	G	0.000	0.985	0.000	0.009	0.976
20	Y	0.737	0.249	0.000	0.005	0.244
21	A	0.000	0.249	0.000	0.002	0.247
22	D	0.197	0.051	0.000	0.000	0.051
23	P	0.000	0.051	0.000	0.000	0.051
24	G	0.009	0.043	0.000	0.000	0.043
25	A	0.000	0.043	0.000	0.000	0.043
26	C	0.000	0.042	0.000	0.000	0.042
27	S	0.012	0.030	0.000	0.000	0.030
28	G	0.008	0.022	0.000	0.000	0.022
29	V	0.019	0.003	0.000	0.000	0.003
30	C	0.000	0.003	0.000	0.000	0.003
31	T	0.000	0.002	0.000	0.000	0.002
32	T	0.001	0.002	0.000	0.000	0.002
33	H	0.002	0.000	0.000	0.000	0.000
34	D	0.000	0.000	0.000	0.000	0.000
35	P	0.000	0.000	0.000	0.000	0.000
36	G	0.000	0.000	0.000	0.000	0.000
37	L	0.000	0.000	0.000	0.000	0.000
38	I	0.000	0.000	0.000	0.000	0.000
39	R	0.000	0.000	0.000	0.000	0.000
40	R	0.000	0.000	0.000	0.000	0.000
>XP_001393442.1
pos	aa	C	S	n-reg	h-reg	c-reg
1	M	0.000	0.874	0.874	0.000	0.000
2	K	0.000	0.874	0.874	0.000	0.000
3	L	0.000	0.874	0.351	0.524	0.000
4	P	0.000	0.874	0.191	0.684	0.000
5	L	0.000	0.874	0.074	0.801	0.000
6	F	0.000	0.874	0.012	0.862	0.000
7	A	0.000	0.874	0.007	0.867	0.000
8	A	0.000	0.874	0.005	0.869	0.000
9	A	0.000	0.874	0.004	0.870	0.000
10	A	0.000	0.874	0.002	0.871	0.001
11	A	0.000	0.874	0.001	0.795	0.078
12	G	0.000	0.874	0.001	0.344	0.530
13	L	0.000	0.874	0.000	0.310	0.564
14	A	0.000	0.874	0.000	0.043	0.831
15	N	0.001	0.873	0.000	0.017	0.856
16	A	0.000	0.873	0.000	0.013	0.860
17	A	0.591	0.282	0.000	0.012	0.271
18	S	0.003	0.279	0.000	0.007	0.272
19	L	0.239	0.040	0.000	0.005	0.035
20	P	0.004	0.037	0.000	0.003	0.034
21	V	0.006	0.031	0.000	0.003	0.028
22	E	0.000	0.031	0.000	0.000	0.031
23	R	0.000	0.031	0.000	0.000	0.031
24	A	0.000	0.031	0.000	0.000	0.031
25	E	0.002	0.029	0.000	0.000	0.029
26	A	0.000	0.029	0.000	0.000	0.029
27	E	0.027	0.003	0.000	0.000	0.003
28	V	0.000	0.003	0.000	0.000	0.003
29	A	0.000	0.003	0.000	0.000	0.003
30	S	0.000	0.003	0.000	0.000	0.003
31	V	0.000	0.003	0.000	0.000	0.003
32	A	0.000	0.003	0.000	0.000	0.003
33	A	0.000	0.002	0.000	0.000	0.002
34	D	0.002	0.000	0.000	0.000	0.000
35	L	0.000	0.000	0.000	0.000	0.000
36	I	0.000	0.000	0.000	0.000	0.000
37	V	0.000	0.000	0.000	0.000	0.000
38	R	0.000	0.000	0.000	0.000	0.000
39	A	0.000	0.000	0.000	0.000	0.000
40	L	0.000	0.000	0.000	0.000	0.000
>XP_001393445.2
pos	aa	C	S	n-reg	h-reg	c-reg
1	M	0.000	0.969	0.969	0.000	0.000
2	S	0.000	0.969	0.969	0.000	0.000
3	W	0.000	0.969	0.897	0.072	0.000
4	S	0.000	0.969	0.734	0.235	0.000
5	A	0.000	0.969	0.567	0.401	0.000
6	A	0.000	0.969	0.294	0.675	0.000
7	C	0.000	0.969	0.062	0.907	0.000
8	L	0.000	0.969	0.029	0.939	0.000
9	S	0.000	0.969	0.021	0.947	0.000
10	L	0.000	0.969	0.009	0.960	0.000
11	A	0.000	0.969	0.005	0.957	0.006
12	T	0.000	0.969	0.003	0.927	0.038
13	F	0.000	0.969	0.001	0.893	0.075
14	F	0.000	0.969	0.000	0.819	0.149
15	S	0.000	0.969	0.000	0.434	0.535
16	A	0.001	0.968	0.000	0.244	0.724
17	L	0.003	0.965	0.000	0.179	0.786
18	V	0.003	0.962	0.000	0.062	0.900
19	A	0.000	0.962	0.000	0.029	0.933
20	L	0.385	0.577	0.000	0.019	0.558
21	Q	0.288	0.289	0.000	0.008	0.281
22	L	0.128	0.160	0.000	0.006	0.154
23	Y	0.117	0.044	0.000	0.001	0.043
24	R	0.000	0.044	0.000	0.000	0.044
25	I	0.000	0.044	0.000	0.000	0.044
26	V	0.000	0.044	0.000	0.000	0.044
27	S	0.000	0.044	0.000	0.000	0.044
28	R	0.034	0.010	0.000	0.000	0.010
29	S	0.000	0.010	0.000	0.000	0.010
30	Y	0.010	0.000	0.000	0.000	0.000
31	R	0.000	0.000	0.000	0.000	0.000
32	S	0.000	0.000	0.000	0.000	0.000
33	R	0.000	0.000	0.000	0.000	0.000
34	K	0.000	0.000	0.000	0.000	0.000
35	L	0.000	0.000	0.000	0.000	0.000
36	S	0.000	0.000	0.000	0.000	0.000
37	K	0.000	0.000	0.000	0.000	0.000
38	Q	0.000	0.000	0.000	0.000	0.000
39	W	0.000	0.000	0.000	0.000	0.000
40	N	0.000	0.000	0.000	0.000	0.000
>XP_001393450.1
pos	aa	C	S	n-reg	h-reg	c-reg
1	M	0.000	0.799	0.799	0.000	0.000
2	L	0.000	0.799	0.799	0.000	0.000
3	L	0.000	0.799	0.793	0.006	0.000
4	R	0.000	0.799	0.792	0.007	0.000
5	R	0.000	0.799	0.727	0.072	0.000
6	L	0.000	0.799	0.071	0.728	0.000
7	L	0.000	0.799	0.009	0.790	0.000
8	L	0.000	0.799	0.002	0.797	0.000
9	L	0.000	0.799	0.000	0.799	0.000
10	A	0.000	0.799	0.000	0.799	0.000
11	G	0.000	0.799	0.000	0.797	0.002
12	A	0.000	0.799	0.000	0.796	0.003
13	Q	0.000	0.799	0.000	0.662	0.137
14	S	0.000	0.799	0.000	0.458	0.341
15	A	0.000	0.798	0.000	0.370	0.429
16	F	0.000	0.798	0.000	0.348	0.450
17	A	0.000	0.798	0.000	0.027	0.771
18	K	0.203	0.595	0.000	0.001	0.594
19	C	0.000	0.595	0.000	0.000	0.595
20	K	0.062	0.532	0.000	0.000	0.532
21	C	0.000	0.532	0.000	0.000	0.532
22	S	0.519	0.013	0.000	0.000	0.013
23	P	0.001	0.012	0.000	0.000	0.012
24	T	0.010	0.002	0.000	0.000	0.002
25	D	0.002	0.000	0.000	0.000	0.000
26	D	0.000	0.000	0.000	0.000	0.000
27	C	0.000	0.000	0.000	0.000	0.000
28	W	0.000	0.000	0.000	0.000	0.000
29	P	0.000	0.000	0.000	0.000	0.000
30	S	0.000	0.000	0.000	0.000	0.000
31	A	0.000	0.000	0.000	0.000	0.000
32	D	0.000	0.000	0.000	0.000	0.000
33	T	0.000	0.000	0.000	0.000	0.000
34	W	0.000	0.000	0.000	0.000	0.000
35	N	0.000	0.000	0.000	0.000	0.000
36	A	0.000	0.000	0.000	0.000	0.000
37	L	0.000	0.000	0.000	0.000	0.000
38	N	0.000	0.000	0.000	0.000	0.000
39	S	0.000	0.000	0.000	0.000	0.000
40	S	0.000	0.000	0.000	0.000	0.000
>XP_001393452.2
pos	aa	C	S	n-reg	h-reg	c-reg
1	M	0.000	0.211	0.211	0.000	0.000
2	W	0.000	0.358	0.358	0.000	0.000
3	K	0.000	0.358	0.358	0.000	0.000
4	T	0.000	0.358	0.358	0.000	0.000
5	Q	0.000	0.358	0.358	0.000	0.000
6	P	0.000	0.358	0.357	0.001	0.000
7	G	0.000	0.358	0.352	0.006	0.000
8	S	0.000	0.358	0.348	0.010	0.000
9	N	0.000	0.358	0.339	0.019	0.000
10	S	0.000	0.358	0.255	0.103	0.000
11	I	0.000	0.358	0.146	0.212	0.000
12	I	0.000	0.358	0.113	0.245	0.000
13	T	0.000	0.358	0.104	0.254	0.000
14	I	0.000	0.358	0.096	0.261	0.000
15	M	0.000	0.358	0.094	0.262	0.001
16	F	0.000	0.358	0.092	0.264	0.002
17	G	0.000	0.358	0.091	0.262	0.005
18	A	0.000	0.358	0.090	0.224	0.045
19	A	0.000	0.358	0.087	0.210	0.060
20	C	0.000	0.358	0.086	0.183	0.089
21	Y	0.001	0.357	0.084	0.177	0.097
22	A	0.000	0.357	0.072	0.168	0.117
23	L	0.046	0.311	0.057	0.181	0.073
24	T	0.000	0.311	0.052	0.184	0.075
25	Q	0.036	0.275	0.045	0.191	0.040
26	C	0.000	0.275	0.012	0.223	0.040
27	L	0.033	0.242	0.004	0.231	0.007
28	Y	0.000	0.242	0.003	0.232	0.007
29	L	0.000	0.242	0.000	0.234	0.008
30	I	0.001	0.241	0.000	0.233	0.008
31	A	0.000	0.240	0.000	0.231	0.010
32	V	0.001	0.239	0.000	0.230	0.009
33	L	0.000	0.238	0.000	0.227	0.011
34	L	0.001	0.235	0.000	0.196	0.039
35	L	0.001	0.226	0.000	0.175	0.051
36	V	0.003	0.201	0.000	0.140	0.061
37	Q	0.000	0.146	0.000	0.061	0.085
38	C	0.000	0.137	0.000	0.051	0.087
39	L	0.052	0.073	0.000	0.037	0.036
40	R	0.000	0.037	0.000	0.000	0.036
>XP_001393465.1
pos	aa	C	S	n-reg	h-reg	c-reg
1	M	0.000	0.975	0.975	0.000	0.000
2	Y	0.000	0.975	0.975	0.000	0.000
3	S	0.000	0.975	0.975	0.000	0.000
4	H	0.000	0.975	0.975	0.000	0.000
5	T	0.000	0.975	0.973	0.002	0.000
6	I	0.000	0.975	0.957	0.018	0.000
7	S	0.000	0.975	0.936	0.038	0.000
8	W	0.000	0.975	0.913	0.062	0.000
9	G	0.000	0.975	0.883	0.092	0.000
10	H	0.000	0.975	0.798	0.177	0.000
11	A	0.000	0.975	0.273	0.702	0.000
12	A	0.000	0.975	0.118	0.856	0.000
13	L	0.000	0.975	0.024	0.951	0.000
14	L	0.000	0.975	0.000	0.974	0.000
15	F	0.000	0.975	0.000	0.974	0.001
16	L	0.000	0.975	0.000	0.972	0.003
17	S	0.000	0.975	0.000	0.967	0.008
18	L	0.000	0.975	0.000	0.938	0.037
19	S	0.000	0.975	0.000	0.625	0.350
20	S	0.000	0.974	0.000	0.516	0.458
21	F	0.001	0.973	0.000	0.467	0.506
22	Q	0.000	0.973	0.000	0.024	0.949
23	F	0.002	0.972	0.000	0.018	0.954
24	G	0.000	0.972	0.000	0.000	0.972
25	T	0.006	0.966	0.000	0.000	0.966
26	A	0.000	0.966	0.000	0.000	0.966
27	T	0.902	0.064	0.000	0.000	0.064
28	P	0.001	0.062	0.000	0.000	0.062
29	I	0.062	0.000	0.000	0.000	0.000
30	D	0.000	0.000	0.000	0.000	0.000
31	N	0.000	0.000	0.000	0.000	0.000
32	Q	0.000	0.000	0.000	0.000	0.000
33	L	0.000	0.000	0.000	0.000	0.000
34	V	0.000	0.000	0.000	0.000	0.000
35	E	0.000	0.000	0.000	0.000	0.000
36	R	0.000	0.000	0.000	0.000	0.000
37	S	0.000	0.000	0.000	0.000	0.000
38	G	0.000	0.000	0.000	0.000	0.000
39	V	0.000	0.000	0.000	0.000	0.000
40	A	0.000	0.000	0.000	0.000	0.000
>XP_001393473.2
pos	aa	C	S	n-reg	h-reg	c-reg
1	M	0.000	0.861	0.861	0.000	0.000
2	G	0.000	0.894	0.894	0.000	0.000
3	R	0.000	0.894	0.894	0.000	0.000
4	E	0.000	0.894	0.894	0.000	0.000
5	P	0.000	0.894	0.894	0.000	0.000
6	V	0.000	0.894	0.894	0.000	0.000
7	P	0.000	0.894	0.894	0.000	0.000
8	R	0.000	0.894	0.894	0.000	0.000
9	R	0.000	0.894	0.894	0.000	0.000
10	R	0.000	0.894	0.894	0.000	0.000
11	A	0.000	0.894	0.894	0.000	0.000
12	Y	0.000	0.894	0.894	0.000	0.000
13	W	0.000	0.894	0.894	0.000	0.000
14	A	0.000	0.894	0.894	0.000	0.000
15	I	0.000	0.894	0.894	0.000	0.000
16	P	0.000	0.894	0.894	0.000	0.000
17	S	0.000	0.894	0.894	0.000	0.000
18	R	0.000	0.894	0.894	0.000	0.000
19	K	0.000	0.894	0.891	0.003	0.000
20	V	0.000	0.894	0.624	0.270	0.000
21	T	0.000	0.894	0.531	0.364	0.000
22	N	0.000	0.894	0.438	0.456	0.000
23	I	0.000	0.894	0.091	0.803	0.000
24	L	0.000	0.894	0.038	0.856	0.000
25	A	0.000	0.894	0.026	0.868	0.000
26	L	0.000	0.894	0.005	0.889	0.000
27	I	0.000	0.894	0.001	0.893	0.000
28	L	0.000	0.894	0.000	0.884	0.009
29	F	0.000	0.894	0.000	0.801	0.093
30	V	0.000	0.894	0.000	0.608	0.286
31	V	0.000	0.894	0.000	0.277	0.617
32	V	0.000	0.894	0.000	0.161	0.733
33	A	0.000	0.894	0.000	0.143	0.750
34	A	0.256	0.637	0.000	0.111	0.525
35	S	0.380	0.252	0.000	0.064	0.188
36	V	0.107	0.143	0.000	0.057	0.086
37	F	0.000	0.136	0.000	0.040	0.096
38	K	0.000	0.118	0.000	0.000	0.118
39	L	0.000	0.118	0.000	0.000	0.118
40	E	0.004	0.115	0.000	0.000	0.115
>XP_001393480.2
pos	aa	C	S	n-reg	h-reg	c-reg
1	M	0.000	0.701	0.701	0.000	0.000
2	I	0.000	0.701	0.701	0.000	0.000
3	T	0.000	0.701	0.701	0.000	0.000
4	S	0.000	0.701	0.701	0.000	0.000
5	I	0.000	0.701	0.700	0.000	0.000
6	Y	0.000	0.701	0.700	0.001	0.000
7	Q	0.000	0.701	0.699	0.001	0.000
8	G	0.000	0.701	0.696	0.005	0.000
9	L	0.000	0.701	0.648	0.053	0.000
10	L	0.000	0.701	0.605	0.096	0.000
11	D	0.000	0.701	0.594	0.106	0.000
12	M	0.000	0.701	0.447	0.254	0.000
13	I	0.000	0.701	0.182	0.519	0.000
14	S	0.000	0.701	0.083	0.618	0.000
15	V	0.000	0.701	0.024	0.677	0.000
16	L	0.000	0.701	0.005	0.696	0.000
17	F	0.000	0.701	0.000	0.699	0.002
18	S	0.000	0.701	0.000	0.697	0.004
19	L	0.000	0.701	0.000	0.696	0.005
20	L	0.000	0.701	0.000	0.690	0.011
21	L	0.000	0.701	0.000	0.602	0.099
22	S	0.000	0.701	0.000	0.359	0.342
23	A	0.001	0.700	0.000	0.285	0.415
24	G	0.002	0.698	0.000	0.227	0.470
25	N	0.006	0.692	0.000	0.004	0.688
26	P	0.000	0.692	0.000	0.000	0.692
27	A	0.005	0.687	0.000	0.000	0.687
28	L	0.002	0.685	0.000	0.000	0.685
29	A	0.000	0.685	0.000	0.000	0.685
30	A	0.649	0.036	0.000	0.000	0.036
31	R	0.036	0.000	0.000	0.000	0.000
32	D	0.000	0.000	0.000	0.000	0.000
33	T	0.000	0.000	0.000	0.000	0.000
34	F	0.000	0.000	0.000	0.000	0.000
35	Y	0.000	0.000	0.000	0.000	0.000
36	P	0.000	0.000	0.000	0.000	0.000
37	P	0.000	0.000	0.000	0.000	0.000
38	L	0.000	0.000	0.000	0.000	0.000
39	N	0.000	0.000	0.000	0.000	0.000
40	H	0.000	0.000	0.000	0.000	0.000
>XP_001393498.2
pos	aa	C	S	n-reg	h-reg	c-reg
1	M	0.000	0.966	0.966	0.000	0.000
2	Q	0.000	0.967	0.967	0.000	0.000
3	L	0.000	0.967	0.598	0.369	0.000
4	S	0.000	0.966	0.451	0.515	0.000
5	G	0.000	0.966	0.362	0.604	0.000
6	L	0.000	0.967	0.066	0.901	0.000
7	L	0.000	0.967	0.014	0.952	0.000
8	S	0.000	0.967	0.009	0.957	0.000
9	W	0.000	0.967	0.002	0.964	0.000
10	L	0.000	0.967	0.000	0.966	0.000
11	L	0.000	0.967	0.000	0.948	0.018
12	S	0.000	0.967	0.000	0.637	0.329
13	W	0.000	0.966	0.000	0.600	0.366
14	L	0.000	0.967	0.000	0.492	0.474
15	W	0.000	0.966	0.000	0.281	0.685
16	A	0.000	0.966	0.000	0.186	0.780
17	S	0.338	0.628	0.000	0.024	0.604
18	Q	0.014	0.615	0.000	0.004	0.611
19	T	0.092	0.523	0.000	0.001	0.522
20	T	0.152	0.371	0.000	0.001	0.370
21	L	0.050	0.321	0.000	0.000	0.321
22	D	0.205	0.116	0.000	0.000	0.116
23	L	0.000	0.116	0.000	0.000	0.116
24	Q	0.060	0.056	0.000	0.000	0.056
25	G	0.005	0.051	0.000	0.000	0.051
26	L	0.023	0.028	0.000	0.000	0.028
27	Y	0.000	0.028	0.000	0.000	0.028
28	G	0.000	0.028	0.000	0.000	0.028
29	P	0.005	0.023	0.000	0.000	0.023
30	S	0.000	0.023	0.000	0.000	0.023
31	L	0.001	0.022	0.000	0.000	0.022
32	S	0.000	0.022	0.000	0.000	0.022
33	P	0.002	0.019	0.000	0.000	0.019
34	N	0.000	0.019	0.000	0.000	0.019
35	A	0.000	0.019	0.000	0.000	0.019
36	K	0.000	0.019	0.000	0.000	0.019
37	I	0.000	0.019	0.000	0.000	0.019
38	V	0.000	0.019	0.000	0.000	0.019
39	L	0.000	0.019	0.000	0.000	0.019
40	A	0.000	0.019	0.000	0.000	0.019
>XP_001393500.1
pos	aa	C	S	n-reg	h-reg	c-reg
1	M	0.000	0.684	0.684	0.000	0.000
2	E	0.000	0.686	0.686	0.000	0.000
3	S	0.000	0.686	0.658	0.028	0.000
4	L	0.000	0.686	0.510	0.176	0.000
5	A	0.000	0.686	0.481	0.205	0.000
6	H	0.000	0.686	0.456	0.230	0.000
7	L	0.000	0.686	0.289	0.397	0.000
8	P	0.000	0.686	0.256	0.429	0.000
9	G	0.000	0.686	0.173	0.513	0.000
10	I	0.000	0.686	0.068	0.618	0.000
11	F	0.000	0.686	0.035	0.651	0.000
12	L	0.000	0.686	0.019	0.656	0.011
13	P	0.000	0.686	0.017	0.615	0.054
14	L	0.000	0.686	0.012	0.609	0.065
15	A	0.000	0.686	0.011	0.554	0.122
16	G	0.000	0.686	0.007	0.296	0.383
17	C	0.000	0.685	0.002	0.290	0.394
18	V	0.001	0.684	0.001	0.243	0.440
19	L	0.000	0.684	0.000	0.227	0.457
20	A	0.002	0.682	0.000	0.073	0.608
21	L	0.383	0.299	0.000	0.046	0.253
22	S	0.001	0.298	0.000	0.020	0.279
23	L	0.063	0.235	0.000	0.018	0.216
24	T	0.005	0.230	0.000	0.016	0.214
25	T	0.183	0.046	0.000	0.013	0.033
26	I	0.026	0.020	0.000	0.012	0.008
27	V	0.000	0.020	0.000	0.010	0.009
28	Y	0.000	0.019	0.000	0.002	0.018
29	R	0.000	0.019	0.000	0.000	0.018
30	T	0.000	0.019	0.000	0.000	0.019
31	V	0.001	0.018	0.000	0.000	0.018
32	T	0.000	0.018	0.000	0.000	0.018
33	N	0.016	0.002	0.000	0.000	0.002
34	P	0.000	0.002	0.000	0.000	0.002
35	L	0.001	0.000	0.000	0.000	0.000
36	S	0.000	0.000	0.000	0.000	0.000
37	H	0.000	0.000	0.000	0.000	0.000
38	I	0.000	0.000	0.000	0.000	0.000
39	P	0.000	0.000	0.000	0.000	0.000
40	G	0.000	0.000	0.000	0.000	0.000
>XP_001393507.1
pos	aa	C	S	n-reg	h-reg	c-reg
1	M	0.000	0.996	0.996	0.000	0.000
2	F	0.000	0.996	0.996	0.000	0.000
3	W	0.000	0.996	0.818	0.178	0.000
4	T	0.000	0.996	0.521	0.475	0.000
5	I	0.000	0.996	0.206	0.789	0.000
6	L	0.000	0.996	0.020	0.976	0.000
7	L	0.000	0.996	0.003	0.993	0.000
8	C	0.000	0.996	0.000	0.996	0.000
9	S	0.000	0.996	0.000	0.996	0.000
10	L	0.000	0.996	0.000	0.996	0.000
11	G	0.000	0.996	0.000	0.969	0.027
12	L	0.000	0.996	0.000	0.943	0.053
13	A	0.000	0.996	0.000	0.830	0.166
14	T	0.000	0.996	0.000	0.382	0.614
15	L	0.000	0.995	0.000	0.325	0.671
16	S	0.001	0.995	0.000	0.013	0.981
17	S	0.005	0.990	0.000	0.002	0.988
18	A	0.039	0.950	0.000	0.000	0.950
19	A	0.565	0.385	0.000	0.000	0.385
20	T	0.053	0.332	0.000	0.000	0.332
21	H	0.329	0.003	0.000	0.000	0.003
22	N	0.000	0.003	0.000	0.000	0.003
23	I	0.000	0.003	0.000	0.000	0.003
24	T	0.000	0.003	0.000	0.000	0.003
25	S	0.001	0.002	0.000	0.000	0.002
26	I	0.001	0.001	0.000	0.000	0.001
27	F	0.000	0.001	0.000	0.000	0.001
28	R	0.000	0.001	0.000	0.000	0.001
29	S	0.000	0.001	0.000	0.000	0.001
30	S	0.000	0.001	0.000	0.000	0.001
31	L	0.000	0.001	0.000	0.000	0.001
32	S	0.000	0.001	0.000	0.000	0.001
33	P	0.000	0.001	0.000	0.000	0.001
34	G	0.000	0.001	0.000	0.000	0.001
35	A	0.000	0.000	0.000	0.000	0.000
36	Q	0.000	0.000	0.000	0.000	0.000
37	I	0.000	0.000	0.000	0.000	0.000
38	F	0.000	0.000	0.000	0.000	0.000
39	L	0.000	0.000	0.000	0.000	0.000
40	P	0.000	0.000	0.000	0.000	0.000
>XP_001393515.2
pos	aa	C	S	n-reg	h-reg	c-reg
1	M	0.000	0.559	0.559	0.000	0.000
2	A	0.000	0.560	0.560	0.000	0.000
3	F	0.000	0.560	0.559	0.001	0.000
4	V	0.000	0.560	0.558	0.002	0.000
5	S	0.000	0.560	0.557	0.003	0.000
6	T	0.000	0.560	0.556	0.004	0.000
7	F	0.000	0.560	0.553	0.007	0.000
8	Q	0.000	0.560	0.551	0.009	0.000
9	A	0.000	0.560	0.536	0.024	0.000
10	S	0.000	0.560	0.527	0.033	0.000
11	W	0.000	0.560	0.511	0.048	0.000
12	Q	0.000	0.560	0.487	0.071	0.001
13	S	0.000	0.560	0.432	0.126	0.002
14	G	0.000	0.560	0.289	0.269	0.002
15	I	0.000	0.560	0.071	0.486	0.002
16	L	0.000	0.560	0.021	0.537	0.003
17	A	0.000	0.560	0.010	0.545	0.005
18	V	0.001	0.559	0.002	0.551	0.006
19	F	0.000	0.559	0.002	0.545	0.012
20	G	0.000	0.559	0.002	0.504	0.053
21	A	0.002	0.557	0.001	0.494	0.062
22	A	0.000	0.557	0.001	0.448	0.109
23	I	0.001	0.556	0.000	0.416	0.140
24	A	0.000	0.556	0.000	0.344	0.212
25	S	0.048	0.508	0.000	0.289	0.218
26	T	0.007	0.501	0.000	0.019	0.482
27	F	0.052	0.449	0.000	0.010	0.439
28	V	0.000	0.449	0.000	0.004	0.444
29	Y	0.000	0.449	0.000	0.003	0.446
30	A	0.000	0.449	0.000	0.003	0.446
31	I	0.429	0.019	0.000	0.002	0.017
32	Y	0.000	0.019	0.000	0.001	0.018
33	H	0.000	0.019	0.000	0.001	0.018
34	L	0.000	0.019	0.000	0.001	0.018
35	F	0.000	0.019	0.000	0.001	0.018
36	F	0.000	0.019	0.000	0.001	0.018
37	H	0.000	0.018	0.000	0.000	0.018
38	P	0.000	0.018	0.000	0.000	0.018
39	L	0.000	0.018	0.000	0.000	0.018
40	A	0.000	0.018	0.000	0.000	0.018
>XP_001393516.2
pos	aa	C	S	n-reg	h-reg	c-reg
1	M	0.000	0.000	0.000	0.000	0.000
2	A	0.000	0.000	0.000	0.000	0.000
3	P	0.000	0.000	0.000	0.000	0.000
4	K	0.000	0.000	0.000	0.000	0.000
5	E	0.000	0.000	0.000	0.000	0.000
6	K	0.000	0.000	0.000	0.000	0.000
7	M	0.000	0.000	0.000	0.000	0.000
8	H	0.000	0.000	0.000	0.000	0.000
9	P	0.000	0.000	0.000	0.000	0.000
10	R	0.000	0.000	0.000	0.000	0.000
11	V	0.000	0.000	0.000	0.000	0.000
12	Q	0.000	0.000	0.000	0.000	0.000
13	R	0.000	0.000	0.000	0.000	0.000
14	E	0.000	0.000	0.000	0.000	0.000
15	L	0.000	0.000	0.000	0.000	0.000
16	A	0.000	0.000	0.000	0.000	0.000
17	Y	0.000	0.000	0.000	0.000	0.000
18	V	0.000	0.000	0.000	0.000	0.000
19	L	0.000	0.000	0.000	0.000	0.000
20	L	0.000	0.000	0.000	0.000	0.000
21	T	0.000	0.000	0.000	0.000	0.000
22	E	0.000	0.000	0.000	0.000	0.000
23	L	0.000	0.000	0.000	0.000	0.000
24	L	0.000	0.000	0.000	0.000	0.000
25	A	0.000	0.000	0.000	0.000	0.000
26	Y	0.000	0.000	0.000	0.000	0.000
27	Q	0.000	0.000	0.000	0.000	0.000
28	F	0.000	0.000	0.000	0.000	0.000
29	A	0.000	0.000	0.000	0.000	0.000
30	S	0.000	0.000	0.000	0.000	0.000
31	P	0.000	0.000	0.000	0.000	0.000
32	V	0.000	0.000	0.000	0.000	0.000
33	R	0.000	0.000	0.000	0.000	0.000
34	W	0.000	0.000	0.000	0.000	0.000
35	I	0.000	0.000	0.000	0.000	0.000
36	E	0.000	0.000	0.000	0.000	0.000
37	T	0.000	0.000	0.000	0.000	0.000
38	Q	0.000	0.000	0.000	0.000	0.000
39	D	0.000	0.000	0.000	0.000	0.000
40	V	0.000	0.000	0.000	0.000	0.000
