>XP_001395749.2
pos	aa	C	S	n-reg	h-reg	c-reg
1	M	0.000	0.987	0.987	0.000	0.000
2	M	0.000	0.987	0.987	0.000	0.000
3	V	0.000	0.987	0.855	0.131	0.000
4	A	0.000	0.987	0.796	0.191	0.000
5	W	0.000	0.987	0.711	0.276	0.000
6	W	0.000	0.987	0.431	0.555	0.000
7	S	0.000	0.987	0.244	0.742	0.000
8	L	0.000	0.987	0.067	0.920	0.000
9	F	0.000	0.987	0.009	0.978	0.000
10	L	0.000	0.987	0.002	0.985	0.000
11	Y	0.000	0.987	0.002	0.980	0.005
12	G	0.000	0.987	0.001	0.976	0.010
13	L	0.000	0.987	0.000	0.955	0.032
14	Q	0.000	0.987	0.000	0.732	0.255
15	V	0.000	0.987	0.000	0.699	0.287
16	A	0.000	0.987	0.000	0.603	0.384
17	A	0.002	0.985	0.000	0.145	0.840
18	P	0.001	0.984	0.000	0.016	0.968
19	A	0.008	0.976	0.000	0.010	0.966
20	L	0.005	0.971	0.000	0.007	0.964
21	A	0.000	0.971	0.000	0.001	0.970
22	A	0.786	0.184	0.000	0.000	0.184
23	T	0.151	0.034	0.000	0.000	0.034
24	P	0.003	0.031	0.000	0.000	0.031
25	A	0.015	0.016	0.000	0.000	0.016
26	D	0.014	0.002	0.000	0.000	0.002
27	W	0.000	0.002	0.000	0.000	0.002
28	R	0.000	0.002	0.000	0.000	0.002
29	S	0.000	0.002	0.000	0.000	0.002
30	Q	0.001	0.001	0.000	0.000	0.001
31	S	0.000	0.001	0.000	0.000	0.000
32	I	0.000	0.000	0.000	0.000	0.000
33	Y	0.000	0.000	0.000	0.000	0.000
34	F	0.000	0.000	0.000	0.000	0.000
35	L	0.000	0.000	0.000	0.000	0.000
36	L	0.000	0.000	0.000	0.000	0.000
37	T	0.000	0.000	0.000	0.000	0.000
38	D	0.000	0.000	0.000	0.000	0.000
39	R	0.000	0.000	0.000	0.000	0.000
40	F	0.000	0.000	0.000	0.000	0.000
>XP_001395756.2
pos	aa	C	S	n-reg	h-reg	c-reg
1	M	0.000	0.779	0.779	0.000	0.000
2	L	0.000	0.941	0.941	0.000	0.000
3	P	0.000	0.941	0.941	0.000	0.000
4	S	0.000	0.941	0.941	0.000	0.000
5	T	0.000	0.941	0.941	0.000	0.000
6	L	0.000	0.941	0.941	0.000	0.000
7	K	0.000	0.941	0.941	0.000	0.000
8	S	0.000	0.941	0.941	0.000	0.000
9	S	0.000	0.941	0.941	0.000	0.000
10	R	0.000	0.941	0.941	0.000	0.000
11	Y	0.000	0.941	0.941	0.000	0.000
12	G	0.000	0.941	0.940	0.001	0.000
13	R	0.000	0.941	0.937	0.004	0.000
14	F	0.000	0.941	0.679	0.262	0.000
15	V	0.000	0.941	0.553	0.388	0.000
16	I	0.000	0.941	0.497	0.444	0.000
17	L	0.000	0.941	0.459	0.482	0.000
18	T	0.000	0.941	0.438	0.503	0.000
19	I	0.000	0.941	0.375	0.566	0.000
20	P	0.000	0.941	0.334	0.607	0.000
21	L	0.000	0.941	0.065	0.876	0.000
22	L	0.000	0.941	0.013	0.923	0.006
23	V	0.000	0.941	0.004	0.914	0.023
24	F	0.000	0.941	0.001	0.865	0.075
25	S	0.000	0.941	0.000	0.780	0.161
26	C	0.004	0.937	0.000	0.707	0.229
27	L	0.001	0.935	0.000	0.675	0.260
28	L	0.007	0.926	0.000	0.651	0.275
29	F	0.041	0.879	0.000	0.606	0.273
30	L	0.000	0.863	0.000	0.544	0.319
31	T	0.044	0.774	0.000	0.385	0.389
32	W	0.017	0.719	0.000	0.201	0.518
33	D	0.000	0.667	0.000	0.002	0.664
34	P	0.000	0.666	0.000	0.001	0.665
35	L	0.041	0.625	0.000	0.001	0.625
36	P	0.000	0.625	0.000	0.000	0.625
37	G	0.004	0.621	0.000	0.000	0.621
38	R	0.114	0.507	0.000	0.000	0.507
39	L	0.000	0.507	0.000	0.000	0.507
40	A	0.219	0.288	0.000	0.000	0.288
>XP_001395765.2
pos	aa	C	S	n-reg	h-reg	c-reg
1	M	0.000	0.857	0.857	0.000	0.000
2	S	0.000	0.858	0.858	0.000	0.000
3	M	0.000	0.858	0.858	0.000	0.000
4	F	0.000	0.858	0.858	0.000	0.000
5	S	0.000	0.858	0.858	0.000	0.000
6	I	0.000	0.858	0.858	0.000	0.000
7	R	0.000	0.858	0.858	0.000	0.000
8	N	0.000	0.858	0.858	0.000	0.000
9	L	0.000	0.858	0.857	0.001	0.000
10	G	0.000	0.858	0.857	0.001	0.000
11	T	0.000	0.858	0.856	0.002	0.000
12	A	0.000	0.858	0.856	0.002	0.000
13	I	0.000	0.858	0.856	0.002	0.000
14	T	0.000	0.858	0.856	0.002	0.000
15	S	0.000	0.858	0.856	0.002	0.000
16	T	0.000	0.858	0.855	0.003	0.000
17	M	0.000	0.858	0.854	0.003	0.001
18	T	0.000	0.858	0.852	0.005	0.001
19	E	0.000	0.858	0.849	0.008	0.001
20	A	0.000	0.858	0.761	0.096	0.001
21	L	0.000	0.858	0.364	0.492	0.001
22	C	0.000	0.858	0.226	0.630	0.002
23	S	0.000	0.858	0.176	0.680	0.002
24	W	0.000	0.857	0.105	0.751	0.002
25	L	0.000	0.857	0.013	0.842	0.002
26	L	0.000	0.857	0.002	0.854	0.002
27	A	0.000	0.857	0.000	0.855	0.002
28	V	0.001	0.857	0.000	0.854	0.003
29	A	0.000	0.857	0.000	0.838	0.018
30	C	0.001	0.856	0.000	0.824	0.032
31	V	0.000	0.856	0.000	0.806	0.050
32	L	0.000	0.856	0.000	0.771	0.084
33	L	0.001	0.855	0.000	0.208	0.647
34	I	0.006	0.849	0.000	0.078	0.771
35	A	0.000	0.849	0.000	0.002	0.847
36	N	0.016	0.832	0.000	0.001	0.832
37	A	0.000	0.832	0.000	0.000	0.832
38	L	0.829	0.004	0.000	0.000	0.004
39	Y	0.001	0.003	0.000	0.000	0.003
40	Y	0.000	0.003	0.000	0.000	0.003
>XP_001395770.1
pos	aa	C	S	n-reg	h-reg	c-reg
1	M	0.000	0.012	0.012	0.000	0.000
2	A	0.000	0.013	0.013	0.000	0.000
3	A	0.000	0.013	0.013	0.000	0.000
4	V	0.000	0.013	0.013	0.000	0.000
5	E	0.000	0.013	0.013	0.000	0.000
6	L	0.000	0.013	0.013	0.000	0.000
7	V	0.000	0.013	0.013	0.000	0.000
8	T	0.000	0.013	0.013	0.000	0.000
9	Q	0.000	0.013	0.013	0.000	0.000
10	G	0.000	0.013	0.012	0.001	0.000
11	T	0.000	0.013	0.012	0.001	0.000
12	A	0.000	0.013	0.010	0.003	0.000
13	Y	0.000	0.013	0.009	0.004	0.000
14	G	0.000	0.013	0.007	0.006	0.000
15	L	0.000	0.013	0.001	0.012	0.000
16	L	0.000	0.013	0.000	0.013	0.000
17	I	0.000	0.013	0.000	0.013	0.000
18	G	0.000	0.013	0.000	0.013	0.000
19	L	0.000	0.013	0.000	0.013	0.000
20	G	0.000	0.013	0.000	0.013	0.000
21	V	0.000	0.013	0.000	0.013	0.000
22	F	0.000	0.013	0.000	0.012	0.001
23	F	0.000	0.013	0.000	0.010	0.003
24	C	0.000	0.013	0.000	0.008	0.005
25	G	0.000	0.013	0.000	0.007	0.006
26	V	0.000	0.013	0.000	0.002	0.011
27	I	0.000	0.013	0.000	0.001	0.012
28	L	0.000	0.013	0.000	0.001	0.012
29	I	0.002	0.011	0.000	0.001	0.010
30	A	0.000	0.011	0.000	0.001	0.010
31	I	0.010	0.001	0.000	0.000	0.000
32	K	0.000	0.000	0.000	0.000	0.000
33	V	0.000	0.000	0.000	0.000	0.000
34	Q	0.000	0.000	0.000	0.000	0.000
35	K	0.000	0.000	0.000	0.000	0.000
36	A	0.000	0.000	0.000	0.000	0.000
37	Y	0.000	0.000	0.000	0.000	0.000
38	L	0.000	0.000	0.000	0.000	0.000
39	S	0.000	0.000	0.000	0.000	0.000
40	E	0.000	0.000	0.000	0.000	0.000
>XP_001395775.2
pos	aa	C	S	n-reg	h-reg	c-reg
1	M	0.000	0.042	0.042	0.000	0.000
2	H	0.000	0.042	0.042	0.000	0.000
3	L	0.000	0.042	0.042	0.000	0.000
4	I	0.000	0.042	0.042	0.000	0.000
5	P	0.000	0.042	0.042	0.000	0.000
6	P	0.000	0.042	0.042	0.000	0.000
7	I	0.000	0.042	0.040	0.002	0.000
8	T	0.000	0.042	0.040	0.002	0.000
9	K	0.000	0.042	0.040	0.002	0.000
10	L	0.000	0.042	0.006	0.036	0.000
11	L	0.000	0.042	0.002	0.040	0.000
12	M	0.000	0.042	0.002	0.041	0.000
13	T	0.000	0.042	0.001	0.041	0.000
14	L	0.000	0.042	0.001	0.041	0.000
15	N	0.000	0.042	0.001	0.041	0.001
16	I	0.000	0.042	0.000	0.041	0.001
17	I	0.000	0.042	0.000	0.041	0.001
18	T	0.000	0.042	0.000	0.022	0.021
19	T	0.000	0.042	0.000	0.016	0.026
20	T	0.000	0.042	0.000	0.011	0.031
21	M	0.000	0.042	0.000	0.007	0.035
22	S	0.000	0.042	0.000	0.002	0.040
23	S	0.017	0.025	0.000	0.001	0.024
24	T	0.002	0.023	0.000	0.001	0.023
25	T	0.003	0.020	0.000	0.000	0.020
26	S	0.001	0.019	0.000	0.000	0.019
27	T	0.007	0.013	0.000	0.000	0.012
28	T	0.003	0.010	0.000	0.000	0.010
29	L	0.004	0.006	0.000	0.000	0.006
30	V	0.000	0.006	0.000	0.000	0.006
31	L	0.000	0.006	0.000	0.000	0.006
32	T	0.000	0.006	0.000	0.000	0.006
33	R	0.006	0.000	0.000	0.000	0.000
34	D	0.000	0.000	0.000	0.000	0.000
35	V	0.000	0.000	0.000	0.000	0.000
36	C	0.000	0.000	0.000	0.000	0.000
37	I	0.000	0.000	0.000	0.000	0.000
38	I	0.000	0.000	0.000	0.000	0.000
39	G	0.000	0.000	0.000	0.000	0.000
40	G	0.000	0.000	0.000	0.000	0.000
>XP_001395793.1
pos	aa	C	S	n-reg	h-reg	c-reg
1	M	0.000	0.978	0.978	0.000	0.000
2	V	0.000	0.978	0.978	0.000	0.000
3	Q	0.000	0.978	0.964	0.014	0.000
4	L	0.000	0.978	0.777	0.201	0.000
5	N	0.000	0.978	0.742	0.236	0.000
6	T	0.000	0.978	0.442	0.536	0.000
7	L	0.000	0.978	0.056	0.922	0.000
8	L	0.000	0.978	0.002	0.976	0.000
9	T	0.000	0.978	0.001	0.977	0.000
10	G	0.000	0.978	0.000	0.978	0.000
11	L	0.000	0.978	0.000	0.978	0.000
12	A	0.000	0.978	0.000	0.958	0.021
13	G	0.000	0.978	0.000	0.928	0.050
14	L	0.000	0.978	0.000	0.893	0.085
15	A	0.000	0.978	0.000	0.696	0.282
16	S	0.001	0.977	0.000	0.064	0.913
17	V	0.000	0.977	0.000	0.037	0.940
18	V	0.000	0.977	0.000	0.003	0.974
19	S	0.000	0.977	0.000	0.001	0.977
20	A	0.089	0.888	0.000	0.000	0.888
21	H	0.865	0.023	0.000	0.000	0.023
22	P	0.000	0.023	0.000	0.000	0.023
23	G	0.021	0.002	0.000	0.000	0.002
24	H	0.001	0.001	0.000	0.000	0.001
25	D	0.000	0.001	0.000	0.000	0.001
26	I	0.000	0.001	0.000	0.000	0.001
27	R	0.000	0.001	0.000	0.000	0.001
28	A	0.000	0.001	0.000	0.000	0.001
29	E	0.001	0.000	0.000	0.000	0.000
30	A	0.000	0.000	0.000	0.000	0.000
31	A	0.000	0.000	0.000	0.000	0.000
32	E	0.000	0.000	0.000	0.000	0.000
33	R	0.000	0.000	0.000	0.000	0.000
34	A	0.000	0.000	0.000	0.000	0.000
35	A	0.000	0.000	0.000	0.000	0.000
36	F	0.000	0.000	0.000	0.000	0.000
37	M	0.000	0.000	0.000	0.000	0.000
38	K	0.000	0.000	0.000	0.000	0.000
39	R	0.000	0.000	0.000	0.000	0.000
40	A	0.000	0.000	0.000	0.000	0.000
>XP_001395799.1
pos	aa	C	S	n-reg	h-reg	c-reg
1	M	0.000	0.963	0.963	0.000	0.000
2	R	0.000	0.963	0.963	0.000	0.000
3	L	0.000	0.963	0.934	0.029	0.000
4	T	0.000	0.963	0.918	0.045	0.000
5	H	0.000	0.963	0.896	0.067	0.000
6	V	0.000	0.963	0.427	0.536	0.000
7	L	0.000	0.963	0.248	0.715	0.000
8	S	0.000	0.963	0.231	0.732	0.000
9	H	0.000	0.963	0.201	0.762	0.000
10	T	0.000	0.963	0.038	0.925	0.000
11	L	0.000	0.963	0.006	0.956	0.000
12	G	0.000	0.963	0.002	0.959	0.002
13	L	0.000	0.963	0.000	0.958	0.004
14	L	0.000	0.963	0.000	0.933	0.029
15	A	0.000	0.963	0.000	0.837	0.126
16	L	0.000	0.963	0.000	0.745	0.218
17	G	0.000	0.963	0.000	0.608	0.355
18	A	0.009	0.954	0.000	0.079	0.875
19	T	0.001	0.953	0.000	0.040	0.913
20	A	0.016	0.937	0.000	0.010	0.927
21	E	0.158	0.779	0.000	0.002	0.777
22	A	0.000	0.779	0.000	0.001	0.778
23	F	0.703	0.075	0.000	0.000	0.075
24	S	0.000	0.075	0.000	0.000	0.075
25	R	0.053	0.022	0.000	0.000	0.022
26	S	0.000	0.022	0.000	0.000	0.022
27	R	0.013	0.009	0.000	0.000	0.009
28	E	0.000	0.009	0.000	0.000	0.009
29	A	0.000	0.009	0.000	0.000	0.009
30	A	0.007	0.002	0.000	0.000	0.002
31	C	0.000	0.002	0.000	0.000	0.002
32	S	0.001	0.000	0.000	0.000	0.000
33	P	0.000	0.000	0.000	0.000	0.000
34	K	0.000	0.000	0.000	0.000	0.000
35	K	0.000	0.000	0.000	0.000	0.000
36	P	0.000	0.000	0.000	0.000	0.000
37	F	0.000	0.000	0.000	0.000	0.000
38	R	0.000	0.000	0.000	0.000	0.000
39	P	0.000	0.000	0.000	0.000	0.000
40	L	0.000	0.000	0.000	0.000	0.000
>XP_001395804.2
pos	aa	C	S	n-reg	h-reg	c-reg
1	M	0.000	0.732	0.732	0.000	0.000
2	S	0.000	0.872	0.872	0.000	0.000
3	R	0.000	0.872	0.872	0.000	0.000
4	A	0.000	0.872	0.870	0.002	0.000
5	G	0.000	0.872	0.868	0.003	0.000
6	T	0.000	0.872	0.863	0.009	0.000
7	W	0.000	0.872	0.857	0.015	0.000
8	M	0.000	0.872	0.851	0.020	0.000
9	K	0.000	0.872	0.847	0.024	0.000
10	M	0.000	0.872	0.425	0.446	0.000
11	L	0.000	0.872	0.091	0.781	0.000
12	G	0.000	0.872	0.056	0.815	0.000
13	V	0.000	0.872	0.028	0.843	0.000
14	G	0.000	0.872	0.017	0.851	0.003
15	I	0.000	0.872	0.004	0.864	0.004
16	V	0.000	0.872	0.001	0.860	0.010
17	I	0.000	0.872	0.000	0.858	0.013
18	C	0.000	0.872	0.000	0.700	0.172
19	V	0.002	0.869	0.000	0.321	0.548
20	G	0.000	0.869	0.000	0.229	0.640
21	G	0.065	0.804	0.000	0.211	0.593
22	P	0.009	0.772	0.000	0.157	0.615
23	A	0.129	0.637	0.000	0.137	0.500
24	F	0.448	0.182	0.000	0.125	0.057
25	V	0.000	0.162	0.000	0.102	0.060
26	Q	0.000	0.110	0.000	0.032	0.078
27	Y	0.006	0.096	0.000	0.024	0.073
28	I	0.000	0.089	0.000	0.017	0.073
29	R	0.000	0.073	0.000	0.000	0.073
30	P	0.000	0.073	0.000	0.000	0.073
31	T	0.073	0.000	0.000	0.000	0.000
32	D	0.000	0.000	0.000	0.000	0.000
33	E	0.000	0.000	0.000	0.000	0.000
34	E	0.000	0.000	0.000	0.000	0.000
35	L	0.000	0.000	0.000	0.000	0.000
36	F	0.000	0.000	0.000	0.000	0.000
37	K	0.000	0.000	0.000	0.000	0.000
38	R	0.000	0.000	0.000	0.000	0.000
39	Y	0.000	0.000	0.000	0.000	0.000
40	N	0.000	0.000	0.000	0.000	0.000
>XP_001395826.1
pos	aa	C	S	n-reg	h-reg	c-reg
1	M	0.000	0.974	0.974	0.000	0.000
2	K	0.000	0.974	0.974	0.000	0.000
3	L	0.000	0.974	0.585	0.389	0.000
4	P	0.000	0.974	0.447	0.528	0.000
5	I	0.000	0.974	0.017	0.957	0.000
6	L	0.000	0.974	0.002	0.972	0.000
7	Y	0.000	0.974	0.001	0.974	0.000
8	L	0.000	0.974	0.000	0.974	0.000
9	A	0.000	0.974	0.000	0.974	0.000
10	S	0.000	0.974	0.000	0.973	0.002
11	L	0.000	0.974	0.000	0.941	0.033
12	A	0.000	0.974	0.000	0.737	0.238
13	P	0.000	0.974	0.000	0.042	0.932
14	L	0.000	0.974	0.000	0.026	0.948
15	V	0.000	0.974	0.000	0.006	0.968
16	A	0.000	0.974	0.000	0.005	0.970
17	A	0.183	0.791	0.000	0.001	0.790
18	H	0.785	0.006	0.000	0.000	0.006
19	F	0.000	0.006	0.000	0.000	0.006
20	E	0.000	0.006	0.000	0.000	0.006
21	L	0.000	0.006	0.000	0.000	0.006
22	K	0.003	0.003	0.000	0.000	0.003
23	Y	0.000	0.003	0.000	0.000	0.003
24	P	0.000	0.003	0.000	0.000	0.003
25	T	0.003	0.001	0.000	0.000	0.001
26	S	0.000	0.001	0.000	0.000	0.001
27	R	0.000	0.000	0.000	0.000	0.000
28	D	0.000	0.000	0.000	0.000	0.000
29	G	0.000	0.000	0.000	0.000	0.000
30	S	0.000	0.000	0.000	0.000	0.000
31	E	0.000	0.000	0.000	0.000	0.000
32	E	0.000	0.000	0.000	0.000	0.000
33	E	0.000	0.000	0.000	0.000	0.000
34	M	0.000	0.000	0.000	0.000	0.000
35	T	0.000	0.000	0.000	0.000	0.000
36	Q	0.000	0.000	0.000	0.000	0.000
37	F	0.000	0.000	0.000	0.000	0.000
38	P	0.000	0.000	0.000	0.000	0.000
39	C	0.000	0.000	0.000	0.000	0.000
40	G	0.000	0.000	0.000	0.000	0.000
>XP_001395876.1
pos	aa	C	S	n-reg	h-reg	c-reg
1	M	0.000	0.466	0.466	0.000	0.000
2	A	0.000	0.930	0.930	0.000	0.000
3	S	0.000	0.930	0.930	0.000	0.000
4	N	0.000	0.930	0.930	0.000	0.000
5	Q	0.000	0.930	0.930	0.000	0.000
6	K	0.000	0.930	0.930	0.000	0.000
7	V	0.000	0.930	0.930	0.000	0.000
8	R	0.000	0.930	0.930	0.000	0.000
9	R	0.000	0.930	0.926	0.004	0.000
10	I	0.000	0.930	0.368	0.562	0.000
11	V	0.000	0.930	0.129	0.801	0.000
12	L	0.000	0.930	0.057	0.874	0.000
13	T	0.000	0.930	0.043	0.887	0.000
14	G	0.000	0.930	0.029	0.901	0.000
15	A	0.000	0.930	0.008	0.922	0.000
16	V	0.000	0.930	0.003	0.927	0.000
17	T	0.000	0.930	0.001	0.928	0.000
18	V	0.000	0.930	0.000	0.890	0.040
19	I	0.000	0.930	0.000	0.858	0.072
20	T	0.000	0.930	0.000	0.774	0.156
21	I	0.000	0.930	0.000	0.744	0.186
22	A	0.000	0.891	0.000	0.610	0.281
23	G	0.053	0.778	0.000	0.379	0.399
24	S	0.024	0.711	0.000	0.331	0.380
25	L	0.049	0.641	0.000	0.307	0.334
26	Y	0.006	0.574	0.000	0.242	0.332
27	G	0.000	0.521	0.000	0.188	0.333
28	A	0.283	0.201	0.000	0.150	0.051
29	G	0.002	0.155	0.000	0.105	0.049
30	I	0.043	0.080	0.000	0.074	0.006
31	K	0.000	0.006	0.000	0.000	0.006
32	T	0.000	0.006	0.000	0.000	0.006
33	G	0.001	0.005	0.000	0.000	0.005
34	Q	0.005	0.001	0.000	0.000	0.001
35	Q	0.000	0.001	0.000	0.000	0.001
36	V	0.000	0.000	0.000	0.000	0.000
37	T	0.000	0.000	0.000	0.000	0.000
38	Q	0.000	0.000	0.000	0.000	0.000
39	Q	0.000	0.000	0.000	0.000	0.000
40	A	0.000	0.000	0.000	0.000	0.000
>XP_001395879.1
pos	aa	C	S	n-reg	h-reg	c-reg
1	M	0.000	0.958	0.958	0.000	0.000
2	A	0.000	0.958	0.958	0.000	0.000
3	R	0.000	0.958	0.956	0.002	0.000
4	L	0.000	0.958	0.825	0.133	0.000
5	L	0.000	0.958	0.812	0.147	0.000
6	K	0.000	0.958	0.805	0.153	0.000
7	A	0.000	0.958	0.025	0.933	0.000
8	V	0.000	0.958	0.005	0.954	0.000
9	T	0.000	0.958	0.000	0.958	0.000
10	V	0.000	0.958	0.000	0.958	0.000
11	C	0.000	0.958	0.000	0.958	0.000
12	A	0.000	0.958	0.000	0.942	0.016
13	L	0.000	0.958	0.000	0.936	0.022
14	A	0.000	0.958	0.000	0.924	0.034
15	G	0.000	0.958	0.000	0.053	0.905
16	I	0.000	0.958	0.000	0.025	0.933
17	A	0.000	0.958	0.000	0.000	0.958
18	H	0.001	0.957	0.000	0.000	0.957
19	A	0.000	0.957	0.000	0.000	0.957
20	F	0.957	0.000	0.000	0.000	0.000
21	N	0.000	0.000	0.000	0.000	0.000
22	Y	0.000	0.000	0.000	0.000	0.000
23	D	0.000	0.000	0.000	0.000	0.000
24	Q	0.000	0.000	0.000	0.000	0.000
25	P	0.000	0.000	0.000	0.000	0.000
26	Y	0.000	0.000	0.000	0.000	0.000
27	R	0.000	0.000	0.000	0.000	0.000
28	G	0.000	0.000	0.000	0.000	0.000
29	Q	0.000	0.000	0.000	0.000	0.000
30	Y	0.000	0.000	0.000	0.000	0.000
31	H	0.000	0.000	0.000	0.000	0.000
32	F	0.000	0.000	0.000	0.000	0.000
33	S	0.000	0.000	0.000	0.000	0.000
34	P	0.000	0.000	0.000	0.000	0.000
35	Q	0.000	0.000	0.000	0.000	0.000
36	K	0.000	0.000	0.000	0.000	0.000
37	N	0.000	0.000	0.000	0.000	0.000
38	W	0.000	0.000	0.000	0.000	0.000
39	M	0.000	0.000	0.000	0.000	0.000
40	N	0.000	0.000	0.000	0.000	0.000
>XP_001395889.1
pos	aa	C	S	n-reg	h-reg	c-reg
1	M	0.000	0.801	0.801	0.000	0.000
2	S	0.000	0.801	0.801	0.000	0.000
3	Q	0.000	0.801	0.800	0.001	0.000
4	S	0.000	0.801	0.794	0.007	0.000
5	L	0.000	0.801	0.782	0.019	0.000
6	R	0.000	0.801	0.780	0.021	0.000
7	P	0.000	0.801	0.726	0.075	0.000
8	Y	0.000	0.801	0.586	0.216	0.000
9	L	0.000	0.801	0.224	0.578	0.000
10	L	0.000	0.801	0.204	0.598	0.000
11	A	0.000	0.801	0.198	0.603	0.000
12	V	0.000	0.801	0.194	0.607	0.001
13	R	0.000	0.801	0.192	0.595	0.014
14	S	0.000	0.801	0.141	0.644	0.016
15	S	0.000	0.801	0.070	0.700	0.031
16	L	0.000	0.801	0.004	0.755	0.042
17	T	0.000	0.801	0.002	0.308	0.491
18	A	0.002	0.799	0.000	0.286	0.512
19	A	0.001	0.798	0.000	0.240	0.558
20	L	0.015	0.784	0.000	0.230	0.554
21	A	0.003	0.781	0.000	0.212	0.569
22	I	0.487	0.294	0.000	0.183	0.110
23	S	0.000	0.294	0.000	0.123	0.171
24	N	0.047	0.246	0.000	0.025	0.221
25	F	0.000	0.246	0.000	0.016	0.230
26	A	0.000	0.246	0.000	0.005	0.241
27	S	0.064	0.183	0.000	0.000	0.182
28	Q	0.024	0.158	0.000	0.000	0.158
29	T	0.098	0.060	0.000	0.000	0.060
30	S	0.033	0.027	0.000	0.000	0.027
31	E	0.018	0.009	0.000	0.000	0.009
32	R	0.000	0.009	0.000	0.000	0.009
33	H	0.000	0.009	0.000	0.000	0.009
34	N	0.000	0.009	0.000	0.000	0.009
35	V	0.000	0.009	0.000	0.000	0.009
36	P	0.000	0.009	0.000	0.000	0.009
37	E	0.000	0.009	0.000	0.000	0.009
38	I	0.000	0.009	0.000	0.000	0.009
39	E	0.000	0.009	0.000	0.000	0.009
40	A	0.000	0.009	0.000	0.000	0.009
>XP_001395914.1
pos	aa	C	S	n-reg	h-reg	c-reg
1	M	0.000	0.965	0.965	0.000	0.000
2	L	0.000	0.966	0.966	0.000	0.000
3	A	0.000	0.966	0.966	0.000	0.000
4	Q	0.000	0.966	0.966	0.000	0.000
5	I	0.000	0.966	0.965	0.000	0.000
6	G	0.000	0.966	0.965	0.000	0.000
7	W	0.000	0.966	0.965	0.000	0.000
8	Q	0.000	0.966	0.965	0.000	0.000
9	A	0.000	0.966	0.964	0.001	0.000
10	L	0.000	0.966	0.964	0.002	0.000
11	S	0.000	0.966	0.963	0.002	0.000
12	V	0.000	0.966	0.962	0.004	0.000
13	T	0.000	0.966	0.961	0.005	0.000
14	R	0.000	0.966	0.959	0.006	0.000
15	L	0.000	0.966	0.596	0.369	0.000
16	G	0.000	0.966	0.506	0.459	0.000
17	W	0.000	0.966	0.414	0.551	0.000
18	G	0.000	0.966	0.288	0.677	0.001
19	L	0.000	0.966	0.007	0.958	0.001
20	L	0.000	0.966	0.001	0.964	0.001
21	A	0.000	0.966	0.000	0.964	0.002
22	L	0.000	0.965	0.000	0.964	0.001
23	L	0.000	0.965	0.000	0.955	0.010
24	V	0.000	0.965	0.000	0.937	0.028
25	G	0.000	0.965	0.000	0.909	0.056
26	L	0.001	0.964	0.000	0.887	0.077
27	S	0.000	0.964	0.000	0.058	0.905
28	L	0.012	0.952	0.000	0.036	0.916
29	I	0.006	0.947	0.000	0.003	0.944
30	Y	0.000	0.946	0.000	0.001	0.945
31	A	0.000	0.946	0.000	0.000	0.946
32	T	0.941	0.005	0.000	0.000	0.005
33	Y	0.001	0.004	0.000	0.000	0.004
34	N	0.000	0.004	0.000	0.000	0.004
35	R	0.000	0.004	0.000	0.000	0.004
36	F	0.000	0.004	0.000	0.000	0.004
37	F	0.000	0.004	0.000	0.000	0.004
38	H	0.000	0.004	0.000	0.000	0.004
39	P	0.000	0.004	0.000	0.000	0.004
40	L	0.000	0.003	0.000	0.000	0.003
>XP_001395940.2
pos	aa	C	S	n-reg	h-reg	c-reg
1	M	0.000	0.997	0.997	0.000	0.000
2	M	0.000	0.999	0.999	0.000	0.000
3	A	0.000	0.999	0.999	0.000	0.000
4	R	0.000	0.999	0.999	0.000	0.000
5	P	0.000	0.999	0.995	0.004	0.000
6	L	0.000	0.999	0.833	0.166	0.000
7	I	0.000	0.999	0.762	0.236	0.000
8	T	0.000	0.999	0.746	0.253	0.000
9	T	0.000	0.999	0.700	0.299	0.000
10	F	0.000	0.999	0.477	0.521	0.000
11	F	0.000	0.999	0.315	0.683	0.000
12	S	0.000	0.999	0.252	0.747	0.000
13	A	0.000	0.999	0.133	0.866	0.000
14	L	0.000	0.999	0.025	0.973	0.001
15	V	0.000	0.999	0.008	0.989	0.002
16	L	0.000	0.999	0.002	0.991	0.007
17	L	0.000	0.999	0.000	0.974	0.025
18	T	0.000	0.999	0.000	0.786	0.212
19	Y	0.000	0.998	0.000	0.724	0.274
20	L	0.000	0.998	0.000	0.710	0.288
21	L	0.003	0.995	0.000	0.669	0.326
22	L	0.001	0.994	0.000	0.321	0.673
23	H	0.030	0.963	0.000	0.143	0.820
24	V	0.000	0.963	0.000	0.110	0.853
25	G	0.000	0.963	0.000	0.027	0.936
26	A	0.010	0.953	0.000	0.008	0.945
27	S	0.612	0.340	0.000	0.005	0.336
28	P	0.030	0.311	0.000	0.000	0.311
29	L	0.062	0.249	0.000	0.000	0.249
30	A	0.023	0.226	0.000	0.000	0.226
31	E	0.051	0.176	0.000	0.000	0.176
32	Q	0.000	0.176	0.000	0.000	0.176
33	A	0.170	0.006	0.000	0.000	0.006
34	P	0.001	0.005	0.000	0.000	0.005
35	L	0.000	0.005	0.000	0.000	0.005
36	T	0.001	0.004	0.000	0.000	0.004
37	D	0.000	0.004	0.000	0.000	0.004
38	T	0.000	0.004	0.000	0.000	0.004
39	I	0.003	0.000	0.000	0.000	0.000
40	T	0.000	0.000	0.000	0.000	0.000
>XP_001395970.2
pos	aa	C	S	n-reg	h-reg	c-reg
1	M	0.000	1.000	1.000	0.000	0.000
2	R	0.000	1.000	1.000	0.000	0.000
3	S	0.000	1.000	0.697	0.303	0.000
4	L	0.000	1.000	0.128	0.872	0.000
5	L	0.000	1.000	0.027	0.973	0.000
6	L	0.000	1.000	0.001	0.998	0.000
7	L	0.000	1.000	0.000	1.000	0.000
8	L	0.000	1.000	0.000	1.000	0.000
9	A	0.000	1.000	0.000	1.000	0.000
10	A	0.000	1.000	0.000	0.999	0.001
11	I	0.000	1.000	0.000	0.985	0.015
12	A	0.000	1.000	0.000	0.830	0.169
13	L	0.000	1.000	0.000	0.439	0.561
14	T	0.000	1.000	0.000	0.115	0.885
15	T	0.008	0.992	0.000	0.004	0.988
16	T	0.001	0.991	0.000	0.000	0.990
17	A	0.104	0.886	0.000	0.000	0.886
18	Q	0.830	0.056	0.000	0.000	0.056
19	Y	0.051	0.005	0.000	0.000	0.005
20	L	0.000	0.005	0.000	0.000	0.005
21	K	0.004	0.001	0.000	0.000	0.001
22	D	0.000	0.001	0.000	0.000	0.001
23	I	0.000	0.001	0.000	0.000	0.001
24	N	0.000	0.001	0.000	0.000	0.001
25	P	0.000	0.001	0.000	0.000	0.001
26	T	0.001	0.000	0.000	0.000	0.000
27	P	0.000	0.000	0.000	0.000	0.000
28	V	0.000	0.000	0.000	0.000	0.000
29	D	0.000	0.000	0.000	0.000	0.000
30	Y	0.000	0.000	0.000	0.000	0.000
31	P	0.000	0.000	0.000	0.000	0.000
32	V	0.000	0.000	0.000	0.000	0.000
33	H	0.000	0.000	0.000	0.000	0.000
34	V	0.000	0.000	0.000	0.000	0.000
35	E	0.000	0.000	0.000	0.000	0.000
36	F	0.000	0.000	0.000	0.000	0.000
37	V	0.000	0.000	0.000	0.000	0.000
38	P	0.000	0.000	0.000	0.000	0.000
39	D	0.000	0.000	0.000	0.000	0.000
40	S	0.000	0.000	0.000	0.000	0.000
>XP_001395983.1
pos	aa	C	S	n-reg	h-reg	c-reg
1	M	0.000	0.986	0.986	0.000	0.000
2	H	0.000	0.986	0.986	0.000	0.000
3	A	0.000	0.986	0.202	0.785	0.000
4	F	0.000	0.986	0.044	0.943	0.000
5	L	0.000	0.986	0.026	0.961	0.000
6	L	0.000	0.986	0.014	0.973	0.000
7	S	0.000	0.986	0.007	0.979	0.000
8	L	0.000	0.986	0.001	0.985	0.000
9	L	0.000	0.986	0.000	0.986	0.000
10	V	0.000	0.986	0.000	0.985	0.001
11	A	0.000	0.986	0.000	0.295	0.692
12	P	0.000	0.986	0.000	0.137	0.849
13	V	0.000	0.986	0.000	0.129	0.858
14	L	0.000	0.986	0.000	0.124	0.863
15	A	0.000	0.986	0.000	0.048	0.939
16	A	0.779	0.207	0.000	0.023	0.184
17	V	0.075	0.132	0.000	0.018	0.114
18	G	0.000	0.132	0.000	0.012	0.119
19	P	0.004	0.128	0.000	0.000	0.128
20	E	0.066	0.062	0.000	0.000	0.062
21	S	0.000	0.062	0.000	0.000	0.062
22	L	0.002	0.060	0.000	0.000	0.060
23	G	0.001	0.060	0.000	0.000	0.060
24	S	0.058	0.002	0.000	0.000	0.002
25	D	0.002	0.000	0.000	0.000	0.000
26	I	0.000	0.000	0.000	0.000	0.000
27	F	0.000	0.000	0.000	0.000	0.000
28	L	0.000	0.000	0.000	0.000	0.000
29	L	0.000	0.000	0.000	0.000	0.000
30	L	0.000	0.000	0.000	0.000	0.000
31	H	0.000	0.000	0.000	0.000	0.000
32	N	0.000	0.000	0.000	0.000	0.000
33	D	0.000	0.000	0.000	0.000	0.000
34	L	0.000	0.000	0.000	0.000	0.000
35	L	0.000	0.000	0.000	0.000	0.000
36	E	0.000	0.000	0.000	0.000	0.000
37	G	0.000	0.000	0.000	0.000	0.000
38	D	0.000	0.000	0.000	0.000	0.000
39	S	0.000	0.000	0.000	0.000	0.000
40	P	0.000	0.000	0.000	0.000	0.000
>XP_001396004.1
pos	aa	C	S	n-reg	h-reg	c-reg
1	M	0.000	0.873	0.873	0.000	0.000
2	A	0.000	0.883	0.883	0.000	0.000
3	N	0.000	0.883	0.883	0.000	0.000
4	F	0.000	0.883	0.883	0.000	0.000
5	I	0.000	0.883	0.883	0.000	0.000
6	R	0.000	0.883	0.883	0.000	0.000
7	H	0.000	0.883	0.882	0.000	0.000
8	R	0.000	0.883	0.881	0.002	0.000
9	P	0.000	0.883	0.773	0.110	0.000
10	F	0.000	0.883	0.216	0.667	0.000
11	L	0.000	0.883	0.052	0.831	0.000
12	T	0.000	0.883	0.032	0.851	0.000
13	G	0.000	0.883	0.006	0.877	0.000
14	A	0.000	0.883	0.002	0.881	0.000
15	L	0.000	0.883	0.000	0.882	0.000
16	T	0.000	0.883	0.000	0.882	0.000
17	I	0.000	0.883	0.000	0.878	0.005
18	V	0.000	0.883	0.000	0.749	0.134
19	T	0.000	0.883	0.000	0.487	0.395
20	V	0.000	0.883	0.000	0.443	0.440
21	S	0.000	0.883	0.000	0.036	0.846
22	S	0.003	0.880	0.000	0.018	0.862
23	A	0.110	0.769	0.000	0.009	0.760
24	V	0.208	0.561	0.000	0.009	0.552
25	A	0.000	0.560	0.000	0.008	0.552
26	Y	0.531	0.028	0.000	0.007	0.021
27	L	0.000	0.027	0.000	0.006	0.021
28	T	0.020	0.003	0.000	0.003	0.001
29	K	0.001	0.000	0.000	0.000	0.000
30	R	0.000	0.000	0.000	0.000	0.000
31	R	0.000	0.000	0.000	0.000	0.000
32	L	0.000	0.000	0.000	0.000	0.000
33	N	0.000	0.000	0.000	0.000	0.000
34	Q	0.000	0.000	0.000	0.000	0.000
35	S	0.000	0.000	0.000	0.000	0.000
36	C	0.000	0.000	0.000	0.000	0.000
37	P	0.000	0.000	0.000	0.000	0.000
38	T	0.000	0.000	0.000	0.000	0.000
39	I	0.000	0.000	0.000	0.000	0.000
40	A	0.000	0.000	0.000	0.000	0.000
>XP_001396008.1
pos	aa	C	S	n-reg	h-reg	c-reg
1	M	0.000	0.006	0.006	0.000	0.000
2	I	0.000	0.008	0.008	0.000	0.000
3	H	0.000	0.008	0.008	0.000	0.000
4	E	0.000	0.008	0.008	0.000	0.000
5	N	0.000	0.008	0.008	0.000	0.000
6	L	0.000	0.008	0.008	0.000	0.000
7	H	0.000	0.008	0.008	0.000	0.000
8	E	0.000	0.008	0.008	0.000	0.000
9	A	0.000	0.008	0.008	0.000	0.000
10	L	0.000	0.008	0.008	0.000	0.000
11	Q	0.000	0.008	0.008	0.000	0.000
12	G	0.000	0.008	0.008	0.000	0.000
13	R	0.000	0.008	0.008	0.000	0.000
14	Y	0.000	0.008	0.005	0.003	0.000
15	L	0.000	0.008	0.001	0.007	0.000
16	I	0.000	0.008	0.000	0.008	0.000
17	L	0.000	0.008	0.000	0.008	0.000
18	T	0.000	0.008	0.000	0.008	0.000
19	A	0.000	0.008	0.000	0.008	0.000
20	G	0.000	0.008	0.000	0.008	0.000
21	L	0.000	0.008	0.000	0.008	0.000
22	L	0.000	0.008	0.000	0.008	0.000
23	F	0.000	0.008	0.000	0.008	0.000
24	F	0.000	0.008	0.000	0.006	0.002
25	S	0.000	0.008	0.000	0.005	0.003
26	L	0.000	0.008	0.000	0.003	0.005
27	V	0.000	0.008	0.000	0.002	0.006
28	G	0.000	0.007	0.000	0.001	0.006
29	K	0.003	0.003	0.000	0.000	0.003
30	C	0.000	0.003	0.000	0.000	0.003
31	L	0.003	0.001	0.000	0.000	0.001
32	Y	0.001	0.000	0.000	0.000	0.000
33	E	0.000	0.000	0.000	0.000	0.000
34	L	0.000	0.000	0.000	0.000	0.000
35	Y	0.000	0.000	0.000	0.000	0.000
36	I	0.000	0.000	0.000	0.000	0.000
37	N	0.000	0.000	0.000	0.000	0.000
38	P	0.000	0.000	0.000	0.000	0.000
39	L	0.000	0.000	0.000	0.000	0.000
40	C	0.000	0.000	0.000	0.000	0.000
>XP_001396027.1
pos	aa	C	S	n-reg	h-reg	c-reg
1	M	0.000	0.989	0.989	0.000	0.000
2	R	0.000	0.989	0.989	0.000	0.000
3	S	0.000	0.989	0.954	0.035	0.000
4	P	0.000	0.989	0.875	0.114	0.000
5	W	0.000	0.989	0.709	0.281	0.000
6	L	0.000	0.989	0.152	0.837	0.000
7	I	0.000	0.989	0.002	0.987	0.000
8	A	0.000	0.989	0.001	0.988	0.000
9	A	0.000	0.989	0.000	0.989	0.000
10	T	0.000	0.989	0.000	0.989	0.000
11	A	0.000	0.989	0.000	0.988	0.001
12	M	0.000	0.989	0.000	0.982	0.007
13	L	0.000	0.989	0.000	0.977	0.013
14	L	0.000	0.989	0.000	0.873	0.116
15	P	0.000	0.989	0.000	0.040	0.949
16	L	0.000	0.989	0.000	0.027	0.962
17	V	0.000	0.989	0.000	0.004	0.985
18	A	0.000	0.989	0.000	0.001	0.989
19	A	0.123	0.866	0.000	0.000	0.866
20	D	0.861	0.005	0.000	0.000	0.005
21	W	0.000	0.005	0.000	0.000	0.005
22	Q	0.000	0.005	0.000	0.000	0.005
23	F	0.005	0.001	0.000	0.000	0.001
24	K	0.000	0.001	0.000	0.000	0.001
25	S	0.000	0.001	0.000	0.000	0.001
26	R	0.001	0.000	0.000	0.000	0.000
27	P	0.000	0.000	0.000	0.000	0.000
28	D	0.000	0.000	0.000	0.000	0.000
29	L	0.000	0.000	0.000	0.000	0.000
30	A	0.000	0.000	0.000	0.000	0.000
31	P	0.000	0.000	0.000	0.000	0.000
32	P	0.000	0.000	0.000	0.000	0.000
33	K	0.000	0.000	0.000	0.000	0.000
34	L	0.000	0.000	0.000	0.000	0.000
35	N	0.000	0.000	0.000	0.000	0.000
36	I	0.000	0.000	0.000	0.000	0.000
37	T	0.000	0.000	0.000	0.000	0.000
38	I	0.000	0.000	0.000	0.000	0.000
39	P	0.000	0.000	0.000	0.000	0.000
40	A	0.000	0.000	0.000	0.000	0.000
>XP_001396052.2
pos	aa	C	S	n-reg	h-reg	c-reg
1	M	0.000	0.697	0.697	0.000	0.000
2	M	0.000	0.702	0.702	0.000	0.000
3	F	0.000	0.702	0.702	0.000	0.000
4	Q	0.000	0.702	0.702	0.000	0.000
5	R	0.000	0.702	0.702	0.000	0.000
6	D	0.000	0.702	0.702	0.000	0.000
7	S	0.000	0.702	0.702	0.000	0.000
8	G	0.000	0.702	0.701	0.001	0.000
9	R	0.000	0.702	0.694	0.008	0.000
10	I	0.000	0.702	0.322	0.380	0.000
11	A	0.000	0.702	0.238	0.464	0.000
12	Y	0.000	0.702	0.166	0.537	0.000
13	Y	0.000	0.702	0.044	0.659	0.000
14	V	0.000	0.702	0.009	0.693	0.000
15	C	0.000	0.702	0.002	0.701	0.000
16	I	0.000	0.702	0.000	0.702	0.000
17	L	0.000	0.702	0.000	0.702	0.000
18	L	0.000	0.702	0.000	0.701	0.001
19	V	0.000	0.702	0.000	0.699	0.003
20	L	0.000	0.702	0.000	0.632	0.070
21	Q	0.000	0.702	0.000	0.114	0.588
22	Y	0.001	0.698	0.000	0.049	0.649
23	R	0.000	0.696	0.000	0.022	0.673
24	C	0.000	0.696	0.000	0.011	0.684
25	L	0.001	0.694	0.000	0.009	0.685
26	V	0.004	0.691	0.000	0.001	0.690
27	Q	0.000	0.691	0.000	0.000	0.691
28	A	0.004	0.686	0.000	0.000	0.686
29	E	0.660	0.027	0.000	0.000	0.027
30	S	0.000	0.027	0.000	0.000	0.027
31	F	0.024	0.002	0.000	0.000	0.002
32	T	0.000	0.002	0.000	0.000	0.002
33	H	0.001	0.001	0.000	0.000	0.001
34	P	0.000	0.001	0.000	0.000	0.001
35	T	0.000	0.001	0.000	0.000	0.001
36	A	0.000	0.001	0.000	0.000	0.001
37	T	0.000	0.001	0.000	0.000	0.001
38	E	0.000	0.000	0.000	0.000	0.000
39	Y	0.000	0.000	0.000	0.000	0.000
40	E	0.000	0.000	0.000	0.000	0.000
