>XP_001396911.1
pos	aa	C	S	n-reg	h-reg	c-reg
1	M	0.000	0.719	0.719	0.000	0.000
2	Q	0.000	0.719	0.719	0.000	0.000
3	L	0.000	0.719	0.499	0.220	0.000
4	P	0.000	0.719	0.481	0.239	0.000
5	T	0.000	0.719	0.396	0.323	0.000
6	A	0.000	0.719	0.224	0.495	0.000
7	L	0.000	0.719	0.078	0.641	0.000
8	T	0.000	0.719	0.053	0.666	0.000
9	L	0.000	0.719	0.025	0.694	0.000
10	A	0.000	0.719	0.018	0.700	0.000
11	P	0.000	0.719	0.013	0.545	0.161
12	I	0.000	0.719	0.003	0.550	0.166
13	L	0.000	0.719	0.001	0.500	0.218
14	H	0.000	0.719	0.000	0.352	0.367
15	A	0.000	0.719	0.000	0.322	0.397
16	I	0.164	0.555	0.000	0.257	0.297
17	C	0.000	0.555	0.000	0.212	0.342
18	I	0.022	0.533	0.000	0.162	0.371
19	T	0.000	0.533	0.000	0.041	0.492
20	A	0.028	0.505	0.000	0.019	0.486
21	Q	0.303	0.202	0.000	0.009	0.193
22	N	0.009	0.193	0.000	0.000	0.192
23	L	0.000	0.193	0.000	0.000	0.192
24	S	0.001	0.192	0.000	0.000	0.192
25	L	0.006	0.186	0.000	0.000	0.186
26	G	0.001	0.185	0.000	0.000	0.185
27	A	0.177	0.008	0.000	0.000	0.008
28	D	0.007	0.001	0.000	0.000	0.001
29	N	0.000	0.001	0.000	0.000	0.001
30	F	0.000	0.001	0.000	0.000	0.001
31	Y	0.000	0.001	0.000	0.000	0.001
32	R	0.000	0.001	0.000	0.000	0.001
33	S	0.000	0.001	0.000	0.000	0.001
34	N	0.000	0.001	0.000	0.000	0.001
35	L	0.000	0.001	0.000	0.000	0.001
36	V	0.000	0.001	0.000	0.000	0.001
37	T	0.000	0.001	0.000	0.000	0.001
38	L	0.000	0.001	0.000	0.000	0.001
39	Q	0.001	0.000	0.000	0.000	0.000
40	P	0.000	0.000	0.000	0.000	0.000
>XP_001396913.2
pos	aa	C	S	n-reg	h-reg	c-reg
1	M	0.000	0.368	0.368	0.000	0.000
2	R	0.000	0.368	0.368	0.000	0.000
3	F	0.000	0.368	0.367	0.001	0.000
4	F	0.000	0.368	0.366	0.002	0.000
5	Y	0.000	0.368	0.365	0.003	0.000
6	D	0.000	0.368	0.350	0.018	0.000
7	V	0.000	0.368	0.066	0.302	0.000
8	L	0.000	0.368	0.032	0.336	0.000
9	Y	0.000	0.368	0.021	0.347	0.000
10	V	0.000	0.368	0.000	0.368	0.000
11	V	0.000	0.368	0.000	0.368	0.000
12	C	0.000	0.368	0.000	0.368	0.000
13	T	0.000	0.368	0.000	0.368	0.000
14	F	0.000	0.368	0.000	0.368	0.000
15	I	0.000	0.368	0.000	0.361	0.007
16	L	0.000	0.368	0.000	0.346	0.022
17	I	0.000	0.368	0.000	0.322	0.046
18	Q	0.000	0.368	0.000	0.004	0.364
19	N	0.000	0.368	0.000	0.000	0.368
20	V	0.000	0.368	0.000	0.000	0.368
21	L	0.000	0.368	0.000	0.000	0.368
22	G	0.000	0.368	0.000	0.000	0.368
23	H	0.363	0.005	0.000	0.000	0.005
24	S	0.000	0.005	0.000	0.000	0.005
25	V	0.005	0.000	0.000	0.000	0.000
26	R	0.000	0.000	0.000	0.000	0.000
27	N	0.000	0.000	0.000	0.000	0.000
28	P	0.000	0.000	0.000	0.000	0.000
29	A	0.000	0.000	0.000	0.000	0.000
30	T	0.000	0.000	0.000	0.000	0.000
31	E	0.000	0.000	0.000	0.000	0.000
32	Y	0.000	0.000	0.000	0.000	0.000
33	A	0.000	0.000	0.000	0.000	0.000
34	A	0.000	0.000	0.000	0.000	0.000
35	R	0.000	0.000	0.000	0.000	0.000
36	L	0.000	0.000	0.000	0.000	0.000
37	E	0.000	0.000	0.000	0.000	0.000
38	Q	0.000	0.000	0.000	0.000	0.000
39	V	0.000	0.000	0.000	0.000	0.000
40	V	0.000	0.000	0.000	0.000	0.000
>XP_001396918.1
pos	aa	C	S	n-reg	h-reg	c-reg
1	M	0.000	0.998	0.998	0.000	0.000
2	Q	0.000	0.998	0.998	0.000	0.000
3	F	0.000	0.998	0.786	0.212	0.000
4	T	0.000	0.998	0.638	0.360	0.000
5	T	0.000	0.998	0.485	0.513	0.000
6	A	0.000	0.998	0.193	0.805	0.000
7	L	0.000	0.998	0.038	0.960	0.000
8	S	0.000	0.998	0.018	0.980	0.000
9	I	0.000	0.998	0.006	0.993	0.000
10	L	0.000	0.998	0.001	0.997	0.000
11	A	0.000	0.998	0.001	0.985	0.013
12	I	0.000	0.998	0.000	0.971	0.028
13	A	0.000	0.998	0.000	0.883	0.115
14	T	0.000	0.998	0.000	0.569	0.429
15	T	0.000	0.998	0.000	0.414	0.584
16	A	0.005	0.993	0.000	0.116	0.877
17	V	0.003	0.990	0.000	0.084	0.906
18	A	0.000	0.990	0.000	0.033	0.956
19	S	0.277	0.713	0.000	0.008	0.705
20	A	0.108	0.605	0.000	0.004	0.601
21	I	0.503	0.103	0.000	0.002	0.100
22	P	0.000	0.102	0.000	0.001	0.102
23	A	0.035	0.068	0.000	0.000	0.067
24	A	0.037	0.030	0.000	0.000	0.030
25	Q	0.012	0.018	0.000	0.000	0.018
26	D	0.013	0.005	0.000	0.000	0.005
27	S	0.000	0.005	0.000	0.000	0.005
28	T	0.000	0.005	0.000	0.000	0.005
29	A	0.000	0.004	0.000	0.000	0.004
30	S	0.002	0.002	0.000	0.000	0.002
31	L	0.001	0.001	0.000	0.000	0.001
32	E	0.000	0.001	0.000	0.000	0.001
33	D	0.000	0.001	0.000	0.000	0.001
34	Q	0.000	0.001	0.000	0.000	0.001
35	V	0.000	0.001	0.000	0.000	0.001
36	K	0.000	0.001	0.000	0.000	0.001
37	Q	0.000	0.001	0.000	0.000	0.001
38	V	0.000	0.001	0.000	0.000	0.001
39	A	0.000	0.001	0.000	0.000	0.001
40	A	0.000	0.001	0.000	0.000	0.001
>XP_001396927.2
pos	aa	C	S	n-reg	h-reg	c-reg
1	M	0.000	0.162	0.162	0.000	0.000
2	G	0.000	0.163	0.163	0.000	0.000
3	L	0.000	0.163	0.163	0.000	0.000
4	S	0.000	0.163	0.163	0.000	0.000
5	K	0.000	0.163	0.163	0.000	0.000
6	T	0.000	0.163	0.162	0.000	0.000
7	N	0.000	0.163	0.162	0.001	0.000
8	R	0.000	0.163	0.160	0.002	0.000
9	I	0.000	0.163	0.114	0.049	0.000
10	L	0.000	0.163	0.073	0.089	0.000
11	I	0.000	0.163	0.026	0.137	0.000
12	L	0.000	0.163	0.009	0.154	0.000
13	L	0.000	0.163	0.006	0.156	0.000
14	A	0.000	0.163	0.006	0.156	0.000
15	I	0.000	0.163	0.005	0.157	0.000
16	D	0.000	0.163	0.005	0.155	0.002
17	T	0.000	0.163	0.004	0.154	0.004
18	A	0.000	0.162	0.002	0.154	0.007
19	F	0.000	0.162	0.001	0.149	0.013
20	F	0.000	0.162	0.000	0.127	0.035
21	L	0.000	0.162	0.000	0.108	0.054
22	L	0.000	0.162	0.000	0.084	0.078
23	E	0.000	0.162	0.000	0.006	0.156
24	L	0.000	0.162	0.000	0.006	0.156
25	I	0.001	0.161	0.000	0.005	0.156
26	A	0.000	0.161	0.000	0.004	0.157
27	G	0.016	0.146	0.000	0.003	0.142
28	Y	0.118	0.028	0.000	0.002	0.026
29	S	0.000	0.028	0.000	0.001	0.027
30	V	0.006	0.022	0.000	0.001	0.022
31	H	0.000	0.022	0.000	0.000	0.022
32	S	0.000	0.022	0.000	0.000	0.022
33	L	0.003	0.019	0.000	0.000	0.019
34	A	0.000	0.019	0.000	0.000	0.019
35	L	0.006	0.014	0.000	0.000	0.014
36	V	0.000	0.013	0.000	0.000	0.013
37	A	0.000	0.013	0.000	0.000	0.013
38	D	0.001	0.012	0.000	0.000	0.012
39	S	0.000	0.012	0.000	0.000	0.012
40	F	0.003	0.009	0.000	0.000	0.009
>XP_001396934.2
pos	aa	C	S	n-reg	h-reg	c-reg
1	M	0.000	0.854	0.854	0.000	0.000
2	K	0.000	0.854	0.854	0.000	0.000
3	P	0.000	0.854	0.854	0.000	0.000
4	S	0.000	0.854	0.845	0.009	0.000
5	T	0.000	0.854	0.825	0.029	0.000
6	L	0.000	0.854	0.763	0.091	0.000
7	Y	0.000	0.854	0.741	0.113	0.000
8	S	0.000	0.854	0.673	0.181	0.000
9	S	0.000	0.854	0.517	0.338	0.000
10	L	0.000	0.854	0.337	0.517	0.000
11	P	0.000	0.854	0.299	0.555	0.000
12	W	0.000	0.854	0.099	0.755	0.000
13	V	0.000	0.854	0.018	0.836	0.000
14	I	0.000	0.854	0.003	0.850	0.001
15	T	0.000	0.854	0.001	0.848	0.005
16	S	0.000	0.854	0.000	0.809	0.045
17	L	0.000	0.854	0.000	0.768	0.086
18	F	0.000	0.854	0.000	0.716	0.138
19	T	0.000	0.854	0.000	0.682	0.172
20	V	0.001	0.853	0.000	0.256	0.597
21	A	0.000	0.853	0.000	0.115	0.738
22	V	0.002	0.851	0.000	0.035	0.816
23	H	0.000	0.851	0.000	0.007	0.844
24	G	0.000	0.851	0.000	0.002	0.848
25	A	0.806	0.044	0.000	0.001	0.044
26	P	0.001	0.044	0.000	0.000	0.044
27	T	0.002	0.042	0.000	0.000	0.042
28	G	0.012	0.030	0.000	0.000	0.030
29	T	0.000	0.030	0.000	0.000	0.030
30	K	0.006	0.024	0.000	0.000	0.024
31	S	0.000	0.024	0.000	0.000	0.024
32	N	0.024	0.000	0.000	0.000	0.000
33	P	0.000	0.000	0.000	0.000	0.000
34	P	0.000	0.000	0.000	0.000	0.000
35	L	0.000	0.000	0.000	0.000	0.000
36	R	0.000	0.000	0.000	0.000	0.000
37	G	0.000	0.000	0.000	0.000	0.000
38	S	0.000	0.000	0.000	0.000	0.000
39	E	0.000	0.000	0.000	0.000	0.000
40	N	0.000	0.000	0.000	0.000	0.000
>XP_001396935.2
pos	aa	C	S	n-reg	h-reg	c-reg
1	M	0.000	0.765	0.765	0.000	0.000
2	S	0.000	0.765	0.765	0.000	0.000
3	I	0.000	0.765	0.557	0.209	0.000
4	L	0.000	0.765	0.378	0.388	0.000
5	T	0.000	0.765	0.350	0.416	0.000
6	A	0.000	0.765	0.291	0.474	0.000
7	V	0.000	0.765	0.220	0.546	0.000
8	A	0.000	0.765	0.196	0.569	0.000
9	F	0.000	0.765	0.160	0.606	0.000
10	T	0.000	0.765	0.112	0.654	0.000
11	C	0.000	0.765	0.029	0.735	0.001
12	L	0.000	0.765	0.005	0.755	0.005
13	I	0.000	0.765	0.002	0.756	0.008
14	L	0.000	0.765	0.000	0.744	0.022
15	L	0.000	0.765	0.000	0.400	0.365
16	P	0.000	0.765	0.000	0.251	0.513
17	V	0.004	0.761	0.000	0.245	0.516
18	Y	0.000	0.761	0.000	0.235	0.525
19	L	0.000	0.761	0.000	0.214	0.546
20	L	0.457	0.304	0.000	0.180	0.124
21	I	0.049	0.254	0.000	0.145	0.109
22	N	0.000	0.254	0.000	0.049	0.205
23	H	0.000	0.254	0.000	0.000	0.254
24	Q	0.000	0.254	0.000	0.000	0.254
25	I	0.002	0.252	0.000	0.000	0.252
26	A	0.000	0.252	0.000	0.000	0.252
27	S	0.019	0.233	0.000	0.000	0.233
28	L	0.176	0.057	0.000	0.000	0.057
29	P	0.004	0.053	0.000	0.000	0.053
30	L	0.051	0.002	0.000	0.000	0.002
31	P	0.001	0.001	0.000	0.000	0.001
32	P	0.000	0.001	0.000	0.000	0.001
33	G	0.000	0.001	0.000	0.000	0.001
34	P	0.000	0.001	0.000	0.000	0.001
35	K	0.000	0.001	0.000	0.000	0.001
36	G	0.000	0.001	0.000	0.000	0.001
37	K	0.001	0.000	0.000	0.000	0.000
38	P	0.000	0.000	0.000	0.000	0.000
39	I	0.000	0.000	0.000	0.000	0.000
40	I	0.000	0.000	0.000	0.000	0.000
>XP_001396948.2
pos	aa	C	S	n-reg	h-reg	c-reg
1	M	0.000	0.713	0.713	0.000	0.000
2	K	0.000	0.792	0.792	0.000	0.000
3	H	0.000	0.792	0.792	0.000	0.000
4	I	0.000	0.792	0.792	0.000	0.000
5	G	0.000	0.792	0.792	0.000	0.000
6	K	0.000	0.792	0.792	0.000	0.000
7	T	0.000	0.792	0.792	0.000	0.000
8	G	0.000	0.792	0.792	0.000	0.000
9	R	0.000	0.792	0.792	0.000	0.000
10	D	0.000	0.792	0.792	0.001	0.000
11	N	0.000	0.792	0.771	0.022	0.000
12	L	0.000	0.792	0.561	0.232	0.000
13	G	0.000	0.792	0.521	0.271	0.000
14	A	0.000	0.792	0.457	0.336	0.000
15	A	0.000	0.792	0.404	0.388	0.000
16	I	0.000	0.792	0.372	0.421	0.000
17	A	0.000	0.792	0.355	0.438	0.000
18	M	0.000	0.792	0.343	0.449	0.000
19	L	0.000	0.792	0.333	0.458	0.001
20	A	0.000	0.792	0.329	0.440	0.023
21	L	0.000	0.792	0.324	0.431	0.037
22	A	0.000	0.792	0.324	0.406	0.063
23	V	0.003	0.790	0.323	0.219	0.247
24	V	0.000	0.789	0.323	0.124	0.342
25	S	0.000	0.789	0.323	0.086	0.380
26	V	0.009	0.780	0.323	0.076	0.381
27	A	0.000	0.779	0.323	0.060	0.397
28	L	0.276	0.501	0.323	0.042	0.136
29	R	0.076	0.422	0.323	0.011	0.088
30	L	0.000	0.422	0.323	0.010	0.090
31	V	0.006	0.416	0.323	0.008	0.085
32	V	0.000	0.416	0.323	0.004	0.089
33	R	0.000	0.416	0.323	0.001	0.093
34	I	0.000	0.416	0.323	0.000	0.093
35	M	0.000	0.416	0.323	0.000	0.093
36	T	0.000	0.416	0.323	0.000	0.093
37	R	0.031	0.385	0.323	0.000	0.062
38	Q	0.000	0.385	0.323	0.000	0.062
39	W	0.000	0.385	0.323	0.000	0.062
40	S	0.000	0.385	0.322	0.000	0.062
>XP_001396952.2
pos	aa	C	S	n-reg	h-reg	c-reg
1	M	0.000	0.999	0.999	0.000	0.000
2	H	0.000	0.999	0.999	0.000	0.000
3	L	0.000	0.999	0.542	0.457	0.000
4	S	0.000	0.999	0.465	0.534	0.000
5	T	0.000	0.999	0.359	0.640	0.000
6	L	0.000	0.999	0.006	0.993	0.000
7	F	0.000	0.999	0.000	0.999	0.000
8	L	0.000	0.999	0.000	0.999	0.000
9	T	0.000	0.999	0.000	0.999	0.000
10	F	0.000	0.999	0.000	0.999	0.000
11	L	0.000	0.999	0.000	0.981	0.018
12	T	0.000	0.999	0.000	0.956	0.043
13	L	0.000	0.999	0.000	0.938	0.061
14	S	0.000	0.999	0.000	0.045	0.954
15	P	0.000	0.999	0.000	0.007	0.992
16	T	0.000	0.999	0.000	0.002	0.997
17	L	0.001	0.998	0.000	0.002	0.996
18	S	0.000	0.998	0.000	0.001	0.997
19	Q	0.968	0.030	0.000	0.000	0.030
20	P	0.001	0.029	0.000	0.000	0.029
21	T	0.023	0.007	0.000	0.000	0.007
22	S	0.000	0.007	0.000	0.000	0.007
23	P	0.000	0.007	0.000	0.000	0.007
24	I	0.006	0.001	0.000	0.000	0.001
25	S	0.000	0.001	0.000	0.000	0.001
26	V	0.000	0.001	0.000	0.000	0.001
27	T	0.000	0.001	0.000	0.000	0.001
28	Q	0.000	0.000	0.000	0.000	0.000
29	L	0.000	0.000	0.000	0.000	0.000
30	F	0.000	0.000	0.000	0.000	0.000
31	N	0.000	0.000	0.000	0.000	0.000
32	F	0.000	0.000	0.000	0.000	0.000
33	S	0.000	0.000	0.000	0.000	0.000
34	I	0.000	0.000	0.000	0.000	0.000
35	S	0.000	0.000	0.000	0.000	0.000
36	T	0.000	0.000	0.000	0.000	0.000
37	D	0.000	0.000	0.000	0.000	0.000
38	I	0.000	0.000	0.000	0.000	0.000
39	E	0.000	0.000	0.000	0.000	0.000
40	N	0.000	0.000	0.000	0.000	0.000
>XP_001396973.1
pos	aa	C	S	n-reg	h-reg	c-reg
1	M	0.000	0.047	0.047	0.000	0.000
2	V	0.000	0.052	0.052	0.000	0.000
3	A	0.000	0.052	0.052	0.000	0.000
4	L	0.000	0.052	0.052	0.000	0.000
5	L	0.000	0.052	0.052	0.000	0.000
6	D	0.000	0.052	0.052	0.001	0.000
7	Y	0.000	0.052	0.051	0.001	0.000
8	Y	0.000	0.052	0.050	0.003	0.000
9	W	0.000	0.052	0.046	0.006	0.000
10	P	0.000	0.052	0.045	0.008	0.000
11	F	0.000	0.052	0.038	0.014	0.000
12	N	0.000	0.052	0.036	0.017	0.000
13	L	0.000	0.052	0.007	0.046	0.000
14	V	0.000	0.052	0.002	0.050	0.000
15	I	0.000	0.052	0.001	0.051	0.000
16	V	0.000	0.052	0.000	0.051	0.001
17	S	0.000	0.052	0.000	0.048	0.004
18	V	0.000	0.052	0.000	0.048	0.005
19	V	0.000	0.052	0.000	0.047	0.006
20	A	0.000	0.052	0.000	0.045	0.008
21	A	0.001	0.052	0.000	0.024	0.027
22	G	0.004	0.048	0.000	0.022	0.026
23	V	0.001	0.047	0.000	0.018	0.029
24	L	0.000	0.047	0.000	0.017	0.030
25	T	0.000	0.047	0.000	0.006	0.040
26	I	0.022	0.024	0.000	0.005	0.019
27	A	0.000	0.024	0.000	0.005	0.019
28	I	0.008	0.016	0.000	0.005	0.012
29	L	0.000	0.016	0.000	0.004	0.012
30	S	0.009	0.005	0.000	0.003	0.002
31	Y	0.001	0.003	0.000	0.002	0.001
32	L	0.000	0.002	0.000	0.002	0.001
33	R	0.001	0.000	0.000	0.000	0.000
34	Y	0.000	0.000	0.000	0.000	0.000
35	L	0.000	0.000	0.000	0.000	0.000
36	Y	0.000	0.000	0.000	0.000	0.000
37	V	0.000	0.000	0.000	0.000	0.000
38	D	0.000	0.000	0.000	0.000	0.000
39	F	0.000	0.000	0.000	0.000	0.000
40	P	0.000	0.000	0.000	0.000	0.000
>XP_001396984.2
pos	aa	C	S	n-reg	h-reg	c-reg
1	M	0.000	0.000	0.000	0.000	0.000
2	S	0.000	0.000	0.000	0.000	0.000
3	L	0.000	0.000	0.000	0.000	0.000
4	T	0.000	0.000	0.000	0.000	0.000
5	L	0.000	0.000	0.000	0.000	0.000
6	K	0.000	0.000	0.000	0.000	0.000
7	L	0.000	0.000	0.000	0.000	0.000
8	S	0.000	0.000	0.000	0.000	0.000
9	S	0.000	0.000	0.000	0.000	0.000
10	L	0.000	0.000	0.000	0.000	0.000
11	V	0.000	0.000	0.000	0.000	0.000
12	I	0.000	0.000	0.000	0.000	0.000
13	R	0.000	0.000	0.000	0.000	0.000
14	T	0.000	0.000	0.000	0.000	0.000
15	L	0.000	0.000	0.000	0.000	0.000
16	S	0.000	0.000	0.000	0.000	0.000
17	K	0.000	0.000	0.000	0.000	0.000
18	P	0.000	0.000	0.000	0.000	0.000
19	I	0.000	0.000	0.000	0.000	0.000
20	A	0.000	0.000	0.000	0.000	0.000
21	N	0.000	0.000	0.000	0.000	0.000
22	Q	0.000	0.000	0.000	0.000	0.000
23	I	0.000	0.000	0.000	0.000	0.000
24	K	0.000	0.000	0.000	0.000	0.000
25	A	0.000	0.000	0.000	0.000	0.000
26	Q	0.000	0.000	0.000	0.000	0.000
27	A	0.000	0.000	0.000	0.000	0.000
28	R	0.000	0.000	0.000	0.000	0.000
29	E	0.000	0.000	0.000	0.000	0.000
30	H	0.000	0.000	0.000	0.000	0.000
31	E	0.000	0.000	0.000	0.000	0.000
32	R	0.000	0.000	0.000	0.000	0.000
33	F	0.000	0.000	0.000	0.000	0.000
34	R	0.000	0.000	0.000	0.000	0.000
35	R	0.000	0.000	0.000	0.000	0.000
36	I	0.000	0.000	0.000	0.000	0.000
37	C	0.000	0.000	0.000	0.000	0.000
38	V	0.000	0.000	0.000	0.000	0.000
39	S	0.000	0.000	0.000	0.000	0.000
40	M	0.000	0.000	0.000	0.000	0.000
>XP_001396990.1
pos	aa	C	S	n-reg	h-reg	c-reg
1	M	0.000	0.999	0.999	0.000	0.000
2	V	0.000	0.999	0.999	0.000	0.000
3	S	0.000	0.999	0.999	0.000	0.000
4	F	0.000	0.999	0.998	0.001	0.000
5	L	0.000	0.999	0.998	0.001	0.000
6	G	0.000	0.999	0.998	0.001	0.000
7	Q	0.000	0.999	0.997	0.002	0.000
8	A	0.000	0.999	0.992	0.007	0.000
9	R	0.000	0.999	0.986	0.012	0.000
10	L	0.000	0.999	0.668	0.330	0.000
11	A	0.000	0.999	0.449	0.550	0.000
12	V	0.000	0.999	0.274	0.725	0.000
13	P	0.000	0.999	0.238	0.760	0.000
14	I	0.000	0.999	0.074	0.925	0.000
15	L	0.000	0.999	0.004	0.994	0.000
16	S	0.000	0.999	0.002	0.996	0.001
17	A	0.000	0.999	0.000	0.997	0.001
18	F	0.000	0.999	0.000	0.990	0.009
19	A	0.000	0.999	0.000	0.915	0.084
20	C	0.000	0.999	0.000	0.807	0.192
21	M	0.000	0.999	0.000	0.714	0.284
22	L	0.000	0.999	0.000	0.629	0.370
23	A	0.000	0.999	0.000	0.054	0.945
24	A	0.006	0.993	0.000	0.022	0.971
25	S	0.002	0.991	0.000	0.001	0.989
26	S	0.009	0.982	0.000	0.001	0.981
27	A	0.073	0.909	0.000	0.001	0.908
28	I	0.898	0.010	0.000	0.000	0.010
29	P	0.000	0.010	0.000	0.000	0.010
30	P	0.007	0.003	0.000	0.000	0.003
31	P	0.000	0.003	0.000	0.000	0.003
32	P	0.000	0.003	0.000	0.000	0.003
33	R	0.000	0.003	0.000	0.000	0.003
34	G	0.000	0.003	0.000	0.000	0.003
35	A	0.001	0.002	0.000	0.000	0.002
36	L	0.001	0.000	0.000	0.000	0.000
37	S	0.000	0.000	0.000	0.000	0.000
38	P	0.000	0.000	0.000	0.000	0.000
39	E	0.000	0.000	0.000	0.000	0.000
40	R	0.000	0.000	0.000	0.000	0.000
>XP_001396992.1
pos	aa	C	S	n-reg	h-reg	c-reg
1	M	0.000	0.991	0.991	0.000	0.000
2	K	0.000	0.991	0.991	0.000	0.000
3	Y	0.000	0.991	0.906	0.085	0.000
4	L	0.000	0.991	0.511	0.480	0.000
5	P	0.000	0.991	0.441	0.550	0.000
6	L	0.000	0.991	0.105	0.886	0.000
7	V	0.000	0.991	0.020	0.971	0.000
8	V	0.000	0.991	0.000	0.991	0.000
9	A	0.000	0.991	0.000	0.991	0.000
10	A	0.000	0.991	0.000	0.991	0.000
11	T	0.000	0.991	0.000	0.985	0.005
12	A	0.000	0.991	0.000	0.920	0.071
13	S	0.000	0.991	0.000	0.827	0.164
14	L	0.000	0.991	0.000	0.773	0.218
15	A	0.000	0.990	0.000	0.589	0.401
16	P	0.001	0.989	0.000	0.011	0.978
17	T	0.000	0.989	0.000	0.003	0.986
18	A	0.003	0.986	0.000	0.000	0.985
19	S	0.000	0.985	0.000	0.000	0.985
20	A	0.091	0.895	0.000	0.000	0.894
21	H	0.892	0.002	0.000	0.000	0.002
22	Y	0.000	0.002	0.000	0.000	0.002
23	I	0.000	0.003	0.000	0.000	0.002
24	F	0.000	0.003	0.000	0.000	0.002
25	S	0.000	0.002	0.000	0.000	0.002
26	K	0.002	0.000	0.000	0.000	0.000
27	L	0.000	0.000	0.000	0.000	0.000
28	V	0.000	0.000	0.000	0.000	0.000
29	L	0.000	0.000	0.000	0.000	0.000
30	N	0.000	0.000	0.000	0.000	0.000
31	G	0.000	0.000	0.000	0.000	0.000
32	E	0.000	0.000	0.000	0.000	0.000
33	A	0.000	0.000	0.000	0.000	0.000
34	S	0.000	0.000	0.000	0.000	0.000
35	A	0.000	0.000	0.000	0.000	0.000
36	D	0.000	0.000	0.000	0.000	0.000
37	W	0.000	0.000	0.000	0.000	0.000
38	Q	0.000	0.000	0.000	0.000	0.000
39	Y	0.000	0.000	0.000	0.000	0.000
40	I	0.000	0.000	0.000	0.000	0.000
>XP_001396994.2
pos	aa	C	S	n-reg	h-reg	c-reg
1	M	0.000	0.609	0.609	0.000	0.000
2	Q	0.000	0.610	0.610	0.000	0.000
3	R	0.000	0.610	0.610	0.000	0.000
4	P	0.000	0.610	0.610	0.000	0.000
5	H	0.000	0.610	0.610	0.000	0.000
6	D	0.000	0.610	0.609	0.001	0.000
7	V	0.000	0.610	0.581	0.029	0.000
8	D	0.000	0.610	0.574	0.036	0.000
9	L	0.000	0.610	0.417	0.193	0.000
10	P	0.000	0.610	0.376	0.234	0.000
11	W	0.000	0.610	0.209	0.401	0.000
12	L	0.000	0.610	0.054	0.556	0.000
13	A	0.000	0.610	0.022	0.587	0.000
14	L	0.000	0.610	0.003	0.607	0.000
15	L	0.000	0.610	0.001	0.608	0.002
16	F	0.000	0.610	0.000	0.606	0.004
17	A	0.000	0.610	0.000	0.576	0.034
18	L	0.000	0.610	0.000	0.518	0.092
19	C	0.000	0.610	0.000	0.416	0.194
20	S	0.002	0.608	0.000	0.319	0.288
21	L	0.002	0.606	0.000	0.235	0.371
22	S	0.020	0.586	0.000	0.089	0.497
23	L	0.151	0.435	0.000	0.054	0.380
24	N	0.036	0.398	0.000	0.010	0.388
25	T	0.000	0.398	0.000	0.003	0.396
26	L	0.135	0.263	0.000	0.002	0.261
27	D	0.080	0.183	0.000	0.000	0.183
28	E	0.000	0.183	0.000	0.000	0.183
29	S	0.000	0.183	0.000	0.000	0.183
30	D	0.080	0.103	0.000	0.000	0.103
31	P	0.000	0.103	0.000	0.000	0.103
32	R	0.020	0.083	0.000	0.000	0.083
33	L	0.000	0.083	0.000	0.000	0.083
34	A	0.000	0.083	0.000	0.000	0.083
35	C	0.011	0.072	0.000	0.000	0.072
36	V	0.003	0.069	0.000	0.000	0.069
37	W	0.000	0.069	0.000	0.000	0.069
38	S	0.000	0.069	0.000	0.000	0.069
39	Q	0.045	0.024	0.000	0.000	0.024
40	L	0.000	0.024	0.000	0.000	0.024
>XP_001397003.1
pos	aa	C	S	n-reg	h-reg	c-reg
1	M	0.000	0.018	0.018	0.000	0.000
2	P	0.000	0.018	0.018	0.000	0.000
3	I	0.000	0.018	0.009	0.009	0.000
4	A	0.000	0.018	0.005	0.013	0.000
5	A	0.000	0.018	0.003	0.015	0.000
6	L	0.000	0.018	0.001	0.017	0.000
7	P	0.000	0.018	0.001	0.017	0.000
8	L	0.000	0.018	0.000	0.017	0.000
9	A	0.000	0.018	0.000	0.018	0.000
10	A	0.000	0.018	0.000	0.018	0.000
11	V	0.000	0.018	0.000	0.015	0.003
12	R	0.000	0.018	0.000	0.009	0.008
13	A	0.000	0.018	0.000	0.007	0.011
14	I	0.000	0.017	0.000	0.006	0.011
15	G	0.000	0.017	0.000	0.004	0.014
16	S	0.002	0.015	0.000	0.003	0.013
17	A	0.003	0.013	0.000	0.000	0.013
18	S	0.005	0.007	0.000	0.000	0.007
19	V	0.001	0.007	0.000	0.000	0.007
20	I	0.000	0.007	0.000	0.000	0.007
21	S	0.000	0.007	0.000	0.000	0.007
22	D	0.007	0.000	0.000	0.000	0.000
23	P	0.000	0.000	0.000	0.000	0.000
24	C	0.000	0.000	0.000	0.000	0.000
25	S	0.000	0.000	0.000	0.000	0.000
26	I	0.000	0.000	0.000	0.000	0.000
27	V	0.000	0.000	0.000	0.000	0.000
28	K	0.000	0.000	0.000	0.000	0.000
29	E	0.000	0.000	0.000	0.000	0.000
30	L	0.000	0.000	0.000	0.000	0.000
31	L	0.000	0.000	0.000	0.000	0.000
32	D	0.000	0.000	0.000	0.000	0.000
33	N	0.000	0.000	0.000	0.000	0.000
34	A	0.000	0.000	0.000	0.000	0.000
35	L	0.000	0.000	0.000	0.000	0.000
36	D	0.000	0.000	0.000	0.000	0.000
37	A	0.000	0.000	0.000	0.000	0.000
38	A	0.000	0.000	0.000	0.000	0.000
39	A	0.000	0.000	0.000	0.000	0.000
40	T	0.000	0.000	0.000	0.000	0.000
>XP_001397004.2
pos	aa	C	S	n-reg	h-reg	c-reg
1	M	0.000	0.329	0.329	0.000	0.000
2	A	0.000	0.683	0.683	0.000	0.000
3	S	0.000	0.683	0.683	0.000	0.000
4	S	0.000	0.683	0.683	0.000	0.000
5	S	0.000	0.683	0.683	0.000	0.000
6	F	0.000	0.683	0.682	0.000	0.000
7	R	0.000	0.683	0.682	0.001	0.000
8	L	0.000	0.683	0.672	0.011	0.000
9	S	0.000	0.683	0.665	0.017	0.000
10	Q	0.000	0.683	0.642	0.040	0.000
11	L	0.000	0.683	0.513	0.170	0.000
12	A	0.000	0.683	0.468	0.215	0.000
13	I	0.000	0.683	0.435	0.248	0.000
14	P	0.000	0.683	0.427	0.256	0.000
15	S	0.000	0.683	0.398	0.285	0.000
16	V	0.000	0.683	0.353	0.330	0.000
17	C	0.000	0.683	0.351	0.331	0.001
18	I	0.000	0.683	0.351	0.331	0.001
19	L	0.000	0.683	0.351	0.323	0.009
20	I	0.000	0.683	0.351	0.304	0.028
21	S	0.000	0.683	0.351	0.274	0.058
22	F	0.000	0.682	0.351	0.181	0.151
23	L	0.000	0.682	0.351	0.127	0.205
24	A	0.006	0.676	0.351	0.011	0.314
25	Y	0.014	0.661	0.351	0.005	0.305
26	S	0.000	0.660	0.351	0.003	0.307
27	S	0.204	0.456	0.351	0.002	0.103
28	Q	0.013	0.443	0.351	0.002	0.090
29	Y	0.084	0.359	0.351	0.002	0.007
30	F	0.000	0.359	0.351	0.002	0.007
31	F	0.000	0.359	0.351	0.001	0.007
32	L	0.000	0.359	0.351	0.001	0.007
33	Y	0.002	0.357	0.351	0.001	0.005
34	F	0.000	0.357	0.351	0.001	0.005
35	E	0.000	0.356	0.351	0.000	0.005
36	P	0.000	0.356	0.351	0.000	0.005
37	A	0.001	0.355	0.351	0.000	0.004
38	P	0.000	0.355	0.351	0.000	0.004
39	L	0.000	0.355	0.351	0.000	0.004
40	R	0.003	0.352	0.351	0.000	0.001
>XP_001397009.2
pos	aa	C	S	n-reg	h-reg	c-reg
1	M	0.000	0.675	0.675	0.000	0.000
2	P	0.000	0.676	0.676	0.000	0.000
3	Q	0.000	0.676	0.675	0.000	0.000
4	W	0.000	0.676	0.673	0.003	0.000
5	I	0.000	0.676	0.670	0.006	0.000
6	P	0.000	0.676	0.662	0.014	0.000
7	P	0.000	0.676	0.627	0.048	0.000
8	A	0.000	0.676	0.568	0.108	0.000
9	Q	0.000	0.676	0.508	0.168	0.000
10	F	0.000	0.676	0.189	0.487	0.000
11	L	0.000	0.676	0.166	0.509	0.000
12	A	0.000	0.676	0.163	0.513	0.000
13	I	0.000	0.676	0.160	0.515	0.001
14	Q	0.000	0.676	0.159	0.512	0.004
15	L	0.000	0.676	0.157	0.512	0.007
16	L	0.000	0.676	0.156	0.506	0.014
17	T	0.000	0.676	0.156	0.488	0.032
18	G	0.000	0.676	0.156	0.084	0.435
19	T	0.002	0.674	0.156	0.055	0.462
20	T	0.001	0.673	0.156	0.043	0.474
21	V	0.002	0.671	0.156	0.038	0.477
22	A	0.000	0.671	0.156	0.010	0.504
23	F	0.430	0.241	0.156	0.007	0.078
24	T	0.000	0.241	0.156	0.002	0.082
25	P	0.005	0.235	0.156	0.002	0.078
26	A	0.001	0.235	0.156	0.001	0.078
27	N	0.059	0.176	0.156	0.000	0.020
28	S	0.000	0.176	0.156	0.000	0.020
29	P	0.008	0.168	0.156	0.000	0.012
30	L	0.001	0.167	0.154	0.002	0.011
31	R	0.001	0.166	0.153	0.003	0.010
32	S	0.000	0.166	0.117	0.039	0.010
33	I	0.000	0.166	0.057	0.099	0.010
34	A	0.000	0.166	0.035	0.121	0.010
35	S	0.004	0.162	0.021	0.135	0.006
36	L	0.000	0.162	0.004	0.152	0.005
37	V	0.000	0.161	0.001	0.155	0.005
38	V	0.000	0.161	0.000	0.156	0.005
39	L	0.000	0.161	0.000	0.156	0.006
40	I	0.000	0.161	0.000	0.152	0.010
>XP_001397010.2
pos	aa	C	S	n-reg	h-reg	c-reg
1	M	0.000	0.994	0.994	0.000	0.000
2	A	0.000	0.994	0.994	0.000	0.000
3	N	0.000	0.994	0.973	0.021	0.000
4	I	0.000	0.994	0.458	0.536	0.000
5	I	0.000	0.994	0.255	0.739	0.000
6	W	0.000	0.994	0.148	0.846	0.000
7	L	0.000	0.994	0.026	0.968	0.000
8	A	0.000	0.994	0.008	0.986	0.000
9	L	0.000	0.994	0.000	0.994	0.000
10	V	0.000	0.994	0.000	0.994	0.000
11	L	0.000	0.994	0.000	0.992	0.002
12	V	0.000	0.994	0.000	0.971	0.023
13	A	0.000	0.994	0.000	0.887	0.107
14	L	0.000	0.994	0.000	0.851	0.143
15	S	0.000	0.994	0.000	0.733	0.261
16	I	0.020	0.974	0.000	0.173	0.802
17	H	0.000	0.974	0.000	0.016	0.958
18	V	0.000	0.974	0.000	0.003	0.972
19	Q	0.000	0.974	0.000	0.000	0.974
20	A	0.003	0.972	0.000	0.000	0.971
21	K	0.955	0.017	0.000	0.000	0.017
22	D	0.000	0.017	0.000	0.000	0.017
23	V	0.000	0.017	0.000	0.000	0.017
24	F	0.000	0.017	0.000	0.000	0.017
25	A	0.000	0.017	0.000	0.000	0.017
26	H	0.015	0.001	0.000	0.000	0.001
27	F	0.000	0.001	0.000	0.000	0.001
28	I	0.000	0.001	0.000	0.000	0.001
29	L	0.000	0.001	0.000	0.000	0.001
30	A	0.000	0.001	0.000	0.000	0.001
31	N	0.000	0.001	0.000	0.000	0.001
32	A	0.000	0.001	0.000	0.000	0.001
33	E	0.001	0.000	0.000	0.000	0.000
34	N	0.000	0.000	0.000	0.000	0.000
35	F	0.000	0.000	0.000	0.000	0.000
36	T	0.000	0.000	0.000	0.000	0.000
37	Q	0.000	0.000	0.000	0.000	0.000
38	T	0.000	0.000	0.000	0.000	0.000
39	H	0.000	0.000	0.000	0.000	0.000
40	W	0.000	0.000	0.000	0.000	0.000
>XP_001397014.1
pos	aa	C	S	n-reg	h-reg	c-reg
1	M	0.000	0.907	0.907	0.000	0.000
2	K	0.000	0.907	0.907	0.000	0.000
3	V	0.000	0.907	0.907	0.000	0.000
4	P	0.000	0.907	0.907	0.000	0.000
5	A	0.000	0.907	0.904	0.003	0.000
6	D	0.000	0.907	0.896	0.011	0.000
7	H	0.000	0.907	0.765	0.142	0.000
8	A	0.000	0.907	0.437	0.470	0.000
9	L	0.000	0.907	0.066	0.840	0.000
10	L	0.000	0.907	0.002	0.905	0.000
11	L	0.000	0.907	0.001	0.906	0.000
12	S	0.000	0.907	0.000	0.906	0.000
13	S	0.000	0.907	0.000	0.907	0.000
14	L	0.000	0.907	0.000	0.907	0.000
15	L	0.000	0.907	0.000	0.901	0.006
16	L	0.000	0.907	0.000	0.867	0.040
17	A	0.000	0.907	0.000	0.567	0.340
18	P	0.000	0.907	0.000	0.068	0.839
19	S	0.000	0.907	0.000	0.040	0.867
20	V	0.000	0.907	0.000	0.025	0.881
21	G	0.000	0.907	0.000	0.001	0.905
22	A	0.210	0.696	0.000	0.000	0.696
23	S	0.522	0.174	0.000	0.000	0.174
24	T	0.025	0.149	0.000	0.000	0.149
25	C	0.023	0.126	0.000	0.000	0.126
26	Q	0.122	0.004	0.000	0.000	0.004
27	E	0.004	0.000	0.000	0.000	0.000
28	P	0.000	0.000	0.000	0.000	0.000
29	I	0.000	0.000	0.000	0.000	0.000
30	N	0.000	0.000	0.000	0.000	0.000
31	H	0.000	0.000	0.000	0.000	0.000
32	P	0.000	0.000	0.000	0.000	0.000
33	G	0.000	0.000	0.000	0.000	0.000
34	E	0.000	0.000	0.000	0.000	0.000
35	P	0.000	0.000	0.000	0.000	0.000
36	F	0.000	0.000	0.000	0.000	0.000
37	S	0.000	0.000	0.000	0.000	0.000
38	F	0.000	0.000	0.000	0.000	0.000
39	V	0.000	0.000	0.000	0.000	0.000
40	Q	0.000	0.000	0.000	0.000	0.000
>XP_001397016.2
pos	aa	C	S	n-reg	h-reg	c-reg
1	M	0.000	0.995	0.995	0.000	0.000
2	L	0.000	0.995	0.995	0.000	0.000
3	S	0.000	0.995	0.955	0.041	0.000
4	T	0.000	0.995	0.693	0.302	0.000
5	I	0.000	0.995	0.418	0.578	0.000
6	T	0.000	0.995	0.303	0.692	0.000
7	S	0.000	0.995	0.166	0.830	0.000
8	F	0.000	0.995	0.006	0.990	0.000
9	L	0.000	0.995	0.000	0.995	0.000
10	I	0.000	0.995	0.000	0.995	0.000
11	L	0.000	0.995	0.000	0.995	0.000
12	L	0.000	0.995	0.000	0.986	0.009
13	F	0.000	0.995	0.000	0.930	0.066
14	F	0.000	0.995	0.000	0.876	0.119
15	V	0.000	0.995	0.000	0.791	0.205
16	T	0.000	0.995	0.000	0.036	0.960
17	T	0.000	0.995	0.000	0.009	0.987
18	V	0.000	0.995	0.000	0.001	0.994
19	S	0.000	0.995	0.000	0.000	0.995
20	A	0.014	0.981	0.000	0.000	0.981
21	Y	0.977	0.004	0.000	0.000	0.004
22	P	0.000	0.004	0.000	0.000	0.004
23	F	0.004	0.000	0.000	0.000	0.000
24	E	0.000	0.000	0.000	0.000	0.000
25	E	0.000	0.000	0.000	0.000	0.000
26	N	0.000	0.000	0.000	0.000	0.000
27	S	0.000	0.000	0.000	0.000	0.000
28	F	0.000	0.000	0.000	0.000	0.000
29	P	0.000	0.000	0.000	0.000	0.000
30	R	0.000	0.000	0.000	0.000	0.000
31	L	0.000	0.000	0.000	0.000	0.000
32	Q	0.000	0.000	0.000	0.000	0.000
33	D	0.000	0.000	0.000	0.000	0.000
34	T	0.000	0.000	0.000	0.000	0.000
35	L	0.000	0.000	0.000	0.000	0.000
36	A	0.000	0.000	0.000	0.000	0.000
37	T	0.000	0.000	0.000	0.000	0.000
38	G	0.000	0.000	0.000	0.000	0.000
39	T	0.000	0.000	0.000	0.000	0.000
40	K	0.000	0.000	0.000	0.000	0.000
>XP_001397023.2
pos	aa	C	S	n-reg	h-reg	c-reg
1	M	0.000	0.970	0.970	0.000	0.000
2	K	0.000	0.970	0.970	0.000	0.000
3	T	0.000	0.970	0.915	0.055	0.000
4	T	0.000	0.970	0.779	0.191	0.000
5	T	0.000	0.970	0.660	0.311	0.000
6	Y	0.000	0.970	0.497	0.474	0.000
7	S	0.000	0.970	0.245	0.725	0.000
8	L	0.000	0.970	0.010	0.961	0.000
9	L	0.000	0.970	0.003	0.967	0.000
10	A	0.000	0.970	0.001	0.969	0.000
11	L	0.000	0.970	0.000	0.968	0.002
12	A	0.000	0.970	0.000	0.936	0.035
13	A	0.000	0.970	0.000	0.866	0.104
14	A	0.000	0.970	0.000	0.779	0.191
15	S	0.001	0.969	0.000	0.628	0.341
16	K	0.001	0.968	0.000	0.070	0.899
17	L	0.000	0.968	0.000	0.067	0.902
18	A	0.002	0.966	0.000	0.037	0.929
19	S	0.015	0.951	0.000	0.006	0.945
20	A	0.062	0.889	0.000	0.002	0.887
21	H	0.786	0.103	0.000	0.001	0.102
22	T	0.000	0.103	0.000	0.000	0.103
23	T	0.024	0.079	0.000	0.000	0.079
24	V	0.000	0.079	0.000	0.000	0.079
25	Q	0.000	0.079	0.000	0.000	0.079
26	A	0.006	0.073	0.000	0.000	0.073
27	V	0.072	0.001	0.000	0.000	0.001
28	W	0.000	0.001	0.000	0.000	0.001
29	I	0.000	0.001	0.000	0.000	0.001
30	N	0.000	0.001	0.000	0.000	0.001
31	G	0.000	0.001	0.000	0.000	0.001
32	E	0.001	0.000	0.000	0.000	0.000
33	D	0.000	0.000	0.000	0.000	0.000
34	Q	0.000	0.000	0.000	0.000	0.000
35	G	0.000	0.000	0.000	0.000	0.000
36	L	0.000	0.000	0.000	0.000	0.000
37	G	0.000	0.000	0.000	0.000	0.000
38	N	0.000	0.000	0.000	0.000	0.000
39	S	0.000	0.000	0.000	0.000	0.000
40	A	0.000	0.000	0.000	0.000	0.000
>XP_001397034.1
pos	aa	C	S	n-reg	h-reg	c-reg
1	M	0.000	0.999	0.999	0.000	0.000
2	K	0.000	0.999	0.999	0.000	0.000
3	L	0.000	0.999	0.533	0.466	0.000
4	S	0.000	0.999	0.385	0.614	0.000
5	T	0.000	0.999	0.287	0.712	0.000
6	F	0.000	0.999	0.088	0.911	0.000
7	L	0.000	0.999	0.001	0.998	0.000
8	F	0.000	0.999	0.000	0.999	0.000
9	S	0.000	0.999	0.000	0.999	0.000
10	L	0.000	0.999	0.000	0.999	0.000
11	L	0.000	0.999	0.000	0.961	0.038
12	A	0.000	0.999	0.000	0.799	0.200
13	T	0.000	0.999	0.000	0.698	0.301
14	S	0.000	0.999	0.000	0.562	0.437
15	Q	0.002	0.997	0.000	0.012	0.985
16	V	0.000	0.997	0.000	0.008	0.989
17	T	0.000	0.997	0.000	0.000	0.996
18	L	0.000	0.996	0.000	0.000	0.996
19	A	0.013	0.983	0.000	0.000	0.983
20	T	0.935	0.048	0.000	0.000	0.048
21	P	0.000	0.048	0.000	0.000	0.048
22	I	0.048	0.000	0.000	0.000	0.000
23	P	0.000	0.000	0.000	0.000	0.000
24	I	0.000	0.000	0.000	0.000	0.000
25	V	0.000	0.000	0.000	0.000	0.000
26	D	0.000	0.000	0.000	0.000	0.000
27	V	0.000	0.000	0.000	0.000	0.000
28	A	0.000	0.000	0.000	0.000	0.000
29	E	0.000	0.000	0.000	0.000	0.000
30	L	0.000	0.000	0.000	0.000	0.000
31	P	0.000	0.000	0.000	0.000	0.000
32	S	0.000	0.000	0.000	0.000	0.000
33	D	0.000	0.000	0.000	0.000	0.000
34	T	0.000	0.000	0.000	0.000	0.000
35	G	0.000	0.000	0.000	0.000	0.000
36	L	0.000	0.000	0.000	0.000	0.000
37	E	0.000	0.000	0.000	0.000	0.000
38	I	0.000	0.000	0.000	0.000	0.000
39	R	0.000	0.000	0.000	0.000	0.000
40	S	0.000	0.000	0.000	0.000	0.000
>XP_001397042.2
pos	aa	C	S	n-reg	h-reg	c-reg
1	M	0.000	0.278	0.278	0.000	0.000
2	E	0.000	0.280	0.280	0.000	0.000
3	N	0.000	0.280	0.280	0.000	0.000
4	M	0.000	0.280	0.280	0.000	0.000
5	L	0.000	0.280	0.279	0.001	0.000
6	G	0.000	0.280	0.279	0.001	0.000
7	Y	0.000	0.280	0.278	0.002	0.000
8	T	0.000	0.280	0.277	0.004	0.000
9	S	0.000	0.280	0.274	0.006	0.000
10	M	0.000	0.280	0.269	0.011	0.000
11	P	0.000	0.280	0.262	0.018	0.000
12	V	0.000	0.280	0.228	0.052	0.000
13	P	0.000	0.280	0.207	0.073	0.000
14	V	0.000	0.280	0.078	0.202	0.000
15	L	0.000	0.280	0.021	0.259	0.000
16	V	0.000	0.280	0.009	0.271	0.001
17	S	0.000	0.280	0.005	0.273	0.002
18	L	0.000	0.280	0.001	0.277	0.002
19	A	0.000	0.280	0.000	0.272	0.008
20	L	0.000	0.280	0.000	0.270	0.010
21	G	0.000	0.280	0.000	0.256	0.024
22	L	0.001	0.279	0.000	0.245	0.034
23	A	0.000	0.279	0.000	0.201	0.077
24	F	0.009	0.270	0.000	0.188	0.082
25	L	0.000	0.270	0.000	0.096	0.174
26	L	0.006	0.264	0.000	0.042	0.222
27	L	0.000	0.263	0.000	0.007	0.256
28	Q	0.037	0.225	0.000	0.001	0.224
29	S	0.008	0.217	0.000	0.001	0.216
30	F	0.207	0.009	0.000	0.000	0.009
31	R	0.000	0.009	0.000	0.000	0.009
32	Y	0.000	0.009	0.000	0.000	0.009
33	K	0.000	0.009	0.000	0.000	0.009
34	D	0.000	0.009	0.000	0.000	0.009
35	P	0.000	0.009	0.000	0.000	0.009
36	A	0.009	0.001	0.000	0.000	0.001
37	L	0.001	0.000	0.000	0.000	0.000
38	N	0.000	0.000	0.000	0.000	0.000
39	P	0.000	0.000	0.000	0.000	0.000
40	K	0.000	0.000	0.000	0.000	0.000
>XP_001397044.2
pos	aa	C	S	n-reg	h-reg	c-reg
1	M	0.000	0.868	0.868	0.000	0.000
2	R	0.000	0.868	0.868	0.000	0.000
3	S	0.000	0.869	0.628	0.240	0.000
4	L	0.000	0.869	0.155	0.713	0.000
5	V	0.000	0.868	0.110	0.759	0.000
6	Y	0.000	0.868	0.073	0.795	0.000
7	L	0.000	0.869	0.001	0.868	0.000
8	L	0.000	0.868	0.000	0.868	0.000
9	A	0.000	0.868	0.000	0.868	0.000
10	L	0.000	0.868	0.000	0.868	0.000
11	A	0.000	0.868	0.000	0.820	0.048
12	G	0.000	0.869	0.000	0.733	0.136
13	L	0.000	0.868	0.000	0.703	0.165
14	T	0.000	0.868	0.000	0.645	0.223
15	T	0.002	0.866	0.000	0.024	0.842
16	K	0.038	0.828	0.000	0.000	0.828
17	S	0.000	0.828	0.000	0.000	0.828
18	L	0.021	0.808	0.000	0.000	0.808
19	G	0.003	0.805	0.000	0.000	0.805
20	Q	0.790	0.015	0.000	0.000	0.015
21	Q	0.006	0.009	0.000	0.000	0.009
22	K	0.008	0.002	0.000	0.000	0.002
23	Q	0.000	0.002	0.000	0.000	0.002
24	Q	0.000	0.002	0.000	0.000	0.002
25	Q	0.001	0.001	0.000	0.000	0.001
26	P	0.000	0.001	0.000	0.000	0.001
27	L	0.000	0.001	0.000	0.000	0.001
28	S	0.000	0.001	0.000	0.000	0.001
29	A	0.000	0.001	0.000	0.000	0.001
30	T	0.000	0.001	0.000	0.000	0.001
31	A	0.000	0.001	0.000	0.000	0.001
32	K	0.001	0.000	0.000	0.000	0.000
33	P	0.000	0.000	0.000	0.000	0.000
34	N	0.000	0.000	0.000	0.000	0.000
35	V	0.000	0.000	0.000	0.000	0.000
36	V	0.000	0.000	0.000	0.000	0.000
37	F	0.000	0.000	0.000	0.000	0.000
38	I	0.000	0.000	0.000	0.000	0.000
39	L	0.000	0.000	0.000	0.000	0.000
40	T	0.000	0.000	0.000	0.000	0.000
>XP_001397053.1
pos	aa	C	S	n-reg	h-reg	c-reg
1	M	0.000	0.980	0.980	0.000	0.000
2	K	0.000	0.980	0.980	0.000	0.000
3	I	0.000	0.980	0.965	0.016	0.000
4	H	0.000	0.980	0.958	0.022	0.000
5	P	0.000	0.980	0.910	0.070	0.000
6	S	0.000	0.980	0.406	0.574	0.000
7	L	0.000	0.980	0.061	0.919	0.000
8	L	0.000	0.980	0.017	0.964	0.000
9	G	0.000	0.980	0.005	0.975	0.000
10	T	0.000	0.980	0.003	0.978	0.000
11	L	0.000	0.980	0.000	0.980	0.000
12	A	0.000	0.980	0.000	0.979	0.001
13	L	0.000	0.980	0.000	0.970	0.010
14	S	0.000	0.980	0.000	0.711	0.270
15	A	0.000	0.980	0.000	0.589	0.391
16	S	0.000	0.980	0.000	0.479	0.501
17	T	0.001	0.979	0.000	0.065	0.914
18	L	0.003	0.975	0.000	0.041	0.934
19	V	0.006	0.969	0.000	0.002	0.967
20	S	0.000	0.969	0.000	0.000	0.969
21	A	0.062	0.908	0.000	0.000	0.908
22	E	0.886	0.022	0.000	0.000	0.022
23	L	0.000	0.022	0.000	0.000	0.022
24	N	0.021	0.001	0.000	0.000	0.001
25	V	0.000	0.001	0.000	0.000	0.001
26	R	0.000	0.001	0.000	0.000	0.001
27	T	0.000	0.001	0.000	0.000	0.001
28	I	0.001	0.000	0.000	0.000	0.000
29	Y	0.000	0.000	0.000	0.000	0.000
30	Q	0.000	0.000	0.000	0.000	0.000
31	F	0.000	0.000	0.000	0.000	0.000
32	A	0.000	0.000	0.000	0.000	0.000
33	S	0.000	0.000	0.000	0.000	0.000
34	N	0.000	0.000	0.000	0.000	0.000
35	D	0.000	0.000	0.000	0.000	0.000
36	T	0.000	0.000	0.000	0.000	0.000
37	W	0.000	0.000	0.000	0.000	0.000
38	L	0.000	0.000	0.000	0.000	0.000
39	E	0.000	0.000	0.000	0.000	0.000
40	N	0.000	0.000	0.000	0.000	0.000
>XP_001397057.1
pos	aa	C	S	n-reg	h-reg	c-reg
1	M	0.000	0.989	0.989	0.000	0.000
2	A	0.000	0.989	0.989	0.000	0.000
3	A	0.000	0.989	0.706	0.284	0.000
4	M	0.000	0.989	0.470	0.520	0.000
5	A	0.000	0.989	0.264	0.725	0.000
6	S	0.000	0.989	0.115	0.874	0.000
7	L	0.000	0.989	0.014	0.975	0.000
8	L	0.000	0.989	0.000	0.989	0.000
9	L	0.000	0.989	0.000	0.989	0.000
10	L	0.000	0.989	0.000	0.989	0.000
11	A	0.000	0.989	0.000	0.903	0.087
12	L	0.000	0.989	0.000	0.807	0.183
13	P	0.000	0.989	0.000	0.538	0.452
14	A	0.000	0.989	0.000	0.293	0.696
15	G	0.000	0.989	0.000	0.223	0.766
16	A	0.001	0.988	0.000	0.018	0.970
17	K	0.023	0.965	0.000	0.001	0.964
18	A	0.000	0.965	0.000	0.000	0.965
19	S	0.540	0.425	0.000	0.000	0.425
20	S	0.005	0.420	0.000	0.000	0.420
21	A	0.406	0.014	0.000	0.000	0.014
22	P	0.008	0.006	0.000	0.000	0.006
23	T	0.002	0.004	0.000	0.000	0.004
24	S	0.001	0.003	0.000	0.000	0.003
25	L	0.000	0.003	0.000	0.000	0.003
26	L	0.000	0.002	0.000	0.000	0.002
27	F	0.001	0.001	0.000	0.000	0.001
28	Q	0.000	0.001	0.000	0.000	0.001
29	N	0.000	0.001	0.000	0.000	0.001
30	D	0.000	0.001	0.000	0.000	0.001
31	G	0.000	0.001	0.000	0.000	0.001
32	N	0.000	0.001	0.000	0.000	0.001
33	W	0.000	0.001	0.000	0.000	0.001
34	T	0.000	0.001	0.000	0.000	0.001
35	A	0.000	0.001	0.000	0.000	0.001
36	H	0.000	0.001	0.000	0.000	0.001
37	G	0.000	0.001	0.000	0.000	0.001
38	E	0.001	0.000	0.000	0.000	0.000
39	R	0.000	0.000	0.000	0.000	0.000
40	P	0.000	0.000	0.000	0.000	0.000
>XP_001397058.1
pos	aa	C	S	n-reg	h-reg	c-reg
1	M	0.000	0.998	0.998	0.000	0.000
2	A	0.000	0.998	0.998	0.000	0.000
3	L	0.000	0.998	0.980	0.018	0.000
4	Q	0.000	0.998	0.964	0.034	0.000
5	F	0.000	0.998	0.553	0.446	0.000
6	L	0.000	0.998	0.127	0.871	0.000
7	Y	0.000	0.998	0.079	0.919	0.000
8	L	0.000	0.998	0.022	0.976	0.000
9	V	0.000	0.998	0.000	0.998	0.000
10	T	0.000	0.998	0.000	0.998	0.000
11	F	0.000	0.998	0.000	0.998	0.000
12	L	0.000	0.998	0.000	0.998	0.000
13	L	0.000	0.998	0.000	0.995	0.004
14	A	0.000	0.998	0.000	0.971	0.028
15	V	0.000	0.998	0.000	0.960	0.038
16	L	0.000	0.998	0.000	0.930	0.068
17	P	0.000	0.998	0.000	0.007	0.991
18	P	0.000	0.998	0.000	0.000	0.998
19	T	0.000	0.998	0.000	0.000	0.998
20	L	0.000	0.998	0.000	0.000	0.998
21	A	0.000	0.998	0.000	0.000	0.998
22	R	0.997	0.001	0.000	0.000	0.001
23	N	0.000	0.001	0.000	0.000	0.001
24	N	0.000	0.001	0.000	0.000	0.001
25	C	0.000	0.001	0.000	0.000	0.001
26	S	0.000	0.000	0.000	0.000	0.000
27	I	0.000	0.000	0.000	0.000	0.000
28	E	0.000	0.000	0.000	0.000	0.000
29	T	0.000	0.000	0.000	0.000	0.000
30	F	0.000	0.000	0.000	0.000	0.000
31	Q	0.000	0.000	0.000	0.000	0.000
32	A	0.000	0.000	0.000	0.000	0.000
33	F	0.000	0.000	0.000	0.000	0.000
34	L	0.000	0.000	0.000	0.000	0.000
35	D	0.000	0.000	0.000	0.000	0.000
36	A	0.000	0.000	0.000	0.000	0.000
37	N	0.000	0.000	0.000	0.000	0.000
38	G	0.000	0.000	0.000	0.000	0.000
39	T	0.000	0.000	0.000	0.000	0.000
40	A	0.000	0.000	0.000	0.000	0.000
>XP_001397065.2
pos	aa	C	S	n-reg	h-reg	c-reg
1	M	0.000	0.986	0.986	0.000	0.000
2	L	0.000	0.986	0.986	0.000	0.000
3	Y	0.000	0.986	0.981	0.005	0.000
4	L	0.000	0.986	0.970	0.016	0.000
5	R	0.000	0.986	0.969	0.017	0.000
6	H	0.000	0.986	0.845	0.141	0.000
7	A	0.000	0.986	0.047	0.939	0.000
8	W	0.000	0.986	0.027	0.959	0.000
9	L	0.000	0.986	0.003	0.982	0.000
10	L	0.000	0.986	0.001	0.985	0.000
11	G	0.000	0.986	0.001	0.984	0.001
12	A	0.000	0.986	0.000	0.983	0.002
13	L	0.000	0.986	0.000	0.983	0.003
14	A	0.000	0.986	0.000	0.953	0.033
15	N	0.000	0.986	0.000	0.068	0.918
16	L	0.000	0.986	0.000	0.058	0.927
17	V	0.000	0.986	0.000	0.035	0.951
18	A	0.000	0.986	0.000	0.025	0.960
19	A	0.011	0.975	0.000	0.020	0.955
20	D	0.935	0.039	0.000	0.000	0.039
21	E	0.000	0.039	0.000	0.000	0.039
22	T	0.000	0.039	0.000	0.000	0.039
23	D	0.005	0.034	0.000	0.000	0.034
24	C	0.000	0.034	0.000	0.000	0.034
25	N	0.032	0.002	0.000	0.000	0.002
26	P	0.000	0.002	0.000	0.000	0.002
27	L	0.001	0.000	0.000	0.000	0.000
28	N	0.000	0.000	0.000	0.000	0.000
29	T	0.000	0.000	0.000	0.000	0.000
30	T	0.000	0.000	0.000	0.000	0.000
31	C	0.000	0.000	0.000	0.000	0.000
32	P	0.000	0.000	0.000	0.000	0.000
33	A	0.000	0.000	0.000	0.000	0.000
34	D	0.000	0.000	0.000	0.000	0.000
35	A	0.000	0.000	0.000	0.000	0.000
36	A	0.000	0.000	0.000	0.000	0.000
37	L	0.000	0.000	0.000	0.000	0.000
38	S	0.000	0.000	0.000	0.000	0.000
39	T	0.000	0.000	0.000	0.000	0.000
40	E	0.000	0.000	0.000	0.000	0.000
>XP_001397067.1
pos	aa	C	S	n-reg	h-reg	c-reg
1	M	0.000	0.994	0.994	0.000	0.000
2	H	0.000	0.994	0.994	0.000	0.000
3	S	0.000	0.994	0.882	0.112	0.000
4	F	0.000	0.994	0.653	0.341	0.000
5	A	0.000	0.994	0.529	0.465	0.000
6	S	0.000	0.994	0.298	0.695	0.000
7	L	0.000	0.994	0.047	0.947	0.000
8	L	0.000	0.994	0.019	0.975	0.000
9	A	0.000	0.994	0.011	0.983	0.000
10	Y	0.000	0.994	0.008	0.986	0.000
11	G	0.000	0.994	0.004	0.986	0.004
12	L	0.000	0.994	0.001	0.986	0.007
13	V	0.000	0.994	0.000	0.963	0.031
14	A	0.000	0.994	0.000	0.738	0.256
15	G	0.000	0.994	0.000	0.468	0.526
16	A	0.004	0.990	0.000	0.393	0.597
17	T	0.002	0.988	0.000	0.110	0.878
18	F	0.000	0.988	0.000	0.074	0.914
19	A	0.000	0.988	0.000	0.013	0.975
20	S	0.114	0.874	0.000	0.006	0.867
21	A	0.002	0.872	0.000	0.005	0.867
22	S	0.753	0.119	0.000	0.000	0.119
23	P	0.000	0.119	0.000	0.000	0.118
24	I	0.022	0.096	0.000	0.000	0.096
25	E	0.000	0.096	0.000	0.000	0.096
26	A	0.000	0.096	0.000	0.000	0.096
27	R	0.092	0.004	0.000	0.000	0.004
28	D	0.000	0.004	0.000	0.000	0.004
29	S	0.000	0.004	0.000	0.000	0.004
30	C	0.000	0.004	0.000	0.000	0.004
31	T	0.000	0.004	0.000	0.000	0.004
32	F	0.000	0.004	0.000	0.000	0.004
33	T	0.000	0.004	0.000	0.000	0.004
34	T	0.000	0.004	0.000	0.000	0.004
35	A	0.000	0.004	0.000	0.000	0.004
36	A	0.000	0.003	0.000	0.000	0.003
37	A	0.000	0.003	0.000	0.000	0.003
38	A	0.003	0.001	0.000	0.000	0.001
39	K	0.000	0.000	0.000	0.000	0.000
40	A	0.000	0.000	0.000	0.000	0.000
>XP_001397073.1
pos	aa	C	S	n-reg	h-reg	c-reg
1	M	0.000	0.169	0.169	0.000	0.000
2	Q	0.000	0.170	0.170	0.000	0.000
3	P	0.000	0.170	0.170	0.000	0.000
4	Y	0.000	0.170	0.170	0.000	0.000
5	F	0.000	0.170	0.170	0.000	0.000
6	G	0.000	0.170	0.170	0.000	0.000
7	L	0.000	0.170	0.170	0.000	0.000
8	R	0.000	0.170	0.170	0.000	0.000
9	G	0.000	0.170	0.166	0.004	0.000
10	A	0.000	0.170	0.159	0.012	0.000
11	L	0.000	0.170	0.152	0.019	0.000
12	L	0.000	0.170	0.150	0.020	0.000
13	N	0.000	0.170	0.150	0.020	0.000
14	R	0.000	0.170	0.148	0.022	0.000
15	A	0.000	0.170	0.073	0.097	0.000
16	I	0.000	0.170	0.028	0.143	0.000
17	I	0.000	0.170	0.009	0.161	0.000
18	W	0.000	0.170	0.004	0.165	0.001
19	L	0.000	0.170	0.001	0.168	0.002
20	V	0.000	0.170	0.000	0.161	0.009
21	V	0.000	0.170	0.000	0.158	0.012
22	C	0.000	0.170	0.000	0.151	0.020
23	P	0.000	0.170	0.000	0.131	0.039
24	A	0.002	0.168	0.000	0.125	0.043
25	F	0.011	0.158	0.000	0.084	0.074
26	V	0.000	0.158	0.000	0.051	0.106
27	C	0.000	0.157	0.000	0.019	0.139
28	Y	0.003	0.154	0.000	0.008	0.145
29	G	0.000	0.154	0.000	0.002	0.152
30	Y	0.129	0.025	0.000	0.001	0.024
31	N	0.000	0.024	0.000	0.000	0.024
32	Q	0.000	0.024	0.000	0.000	0.024
33	G	0.001	0.024	0.000	0.000	0.024
34	V	0.009	0.015	0.000	0.000	0.015
35	T	0.000	0.015	0.000	0.000	0.015
36	G	0.001	0.014	0.000	0.000	0.014
37	G	0.012	0.002	0.000	0.000	0.002
38	L	0.001	0.001	0.000	0.000	0.001
39	L	0.000	0.001	0.000	0.000	0.001
40	T	0.000	0.001	0.000	0.000	0.001
>XP_001397079.2
pos	aa	C	S	n-reg	h-reg	c-reg
1	M	0.000	0.442	0.442	0.000	0.000
2	K	0.000	0.442	0.442	0.000	0.000
3	S	0.000	0.442	0.401	0.041	0.000
4	S	0.000	0.442	0.346	0.095	0.000
5	W	0.000	0.442	0.274	0.168	0.000
6	A	0.000	0.442	0.072	0.370	0.000
7	I	0.000	0.442	0.014	0.428	0.000
8	L	0.000	0.442	0.004	0.438	0.000
9	A	0.000	0.442	0.002	0.439	0.000
10	L	0.000	0.442	0.000	0.441	0.000
11	A	0.000	0.442	0.000	0.433	0.008
12	F	0.000	0.442	0.000	0.419	0.022
13	G	0.000	0.442	0.000	0.378	0.064
14	S	0.002	0.440	0.000	0.123	0.316
15	H	0.000	0.440	0.000	0.101	0.339
16	V	0.000	0.440	0.000	0.082	0.357
17	V	0.000	0.440	0.000	0.077	0.363
18	A	0.000	0.440	0.000	0.036	0.404
19	K	0.272	0.167	0.000	0.001	0.166
20	G	0.000	0.167	0.000	0.001	0.167
21	F	0.087	0.081	0.000	0.000	0.080
22	S	0.000	0.081	0.000	0.000	0.081
23	P	0.003	0.078	0.000	0.000	0.078
24	T	0.000	0.078	0.000	0.000	0.078
25	D	0.000	0.077	0.000	0.000	0.077
26	A	0.000	0.077	0.000	0.000	0.077
27	A	0.077	0.001	0.000	0.000	0.001
28	E	0.001	0.000	0.000	0.000	0.000
29	Y	0.000	0.000	0.000	0.000	0.000
30	C	0.000	0.000	0.000	0.000	0.000
31	M	0.000	0.000	0.000	0.000	0.000
32	Y	0.000	0.000	0.000	0.000	0.000
33	A	0.000	0.000	0.000	0.000	0.000
34	I	0.000	0.000	0.000	0.000	0.000
35	Y	0.000	0.000	0.000	0.000	0.000
36	E	0.000	0.000	0.000	0.000	0.000
37	S	0.000	0.000	0.000	0.000	0.000
38	L	0.000	0.000	0.000	0.000	0.000
39	S	0.000	0.000	0.000	0.000	0.000
40	E	0.000	0.000	0.000	0.000	0.000
>XP_001397080.1
pos	aa	C	S	n-reg	h-reg	c-reg
1	M	0.000	0.350	0.350	0.000	0.000
2	V	0.000	0.350	0.350	0.000	0.000
3	N	0.000	0.350	0.349	0.002	0.000
4	V	0.000	0.350	0.328	0.022	0.000
5	F	0.000	0.350	0.322	0.028	0.000
6	A	0.000	0.350	0.318	0.032	0.000
7	V	0.000	0.350	0.316	0.034	0.000
8	Q	0.000	0.350	0.316	0.034	0.000
9	V	0.000	0.350	0.316	0.034	0.000
10	F	0.000	0.350	0.316	0.034	0.000
11	F	0.000	0.350	0.316	0.034	0.000
12	I	0.000	0.350	0.316	0.034	0.001
13	V	0.000	0.350	0.316	0.028	0.006
14	F	0.000	0.350	0.316	0.020	0.014
15	R	0.000	0.350	0.316	0.008	0.027
16	E	0.000	0.350	0.315	0.001	0.034
17	C	0.000	0.350	0.291	0.025	0.034
18	L	0.005	0.346	0.280	0.036	0.030
19	E	0.000	0.346	0.278	0.038	0.030
20	A	0.000	0.346	0.140	0.176	0.030
21	V	0.029	0.317	0.029	0.287	0.001
22	I	0.000	0.317	0.011	0.305	0.001
23	I	0.000	0.317	0.004	0.312	0.001
24	V	0.000	0.317	0.000	0.316	0.001
25	S	0.000	0.317	0.000	0.316	0.001
26	V	0.000	0.317	0.000	0.316	0.001
27	L	0.000	0.317	0.000	0.315	0.001
28	L	0.000	0.317	0.000	0.307	0.010
29	S	0.000	0.317	0.000	0.259	0.058
30	F	0.000	0.316	0.000	0.252	0.064
31	L	0.000	0.316	0.000	0.243	0.073
32	K	0.000	0.316	0.000	0.000	0.315
33	Q	0.000	0.316	0.000	0.000	0.316
34	S	0.000	0.316	0.000	0.000	0.316
35	L	0.000	0.316	0.000	0.000	0.316
36	G	0.000	0.316	0.000	0.000	0.315
37	Q	0.315	0.001	0.000	0.000	0.001
38	P	0.000	0.001	0.000	0.000	0.001
39	H	0.001	0.000	0.000	0.000	0.000
40	Q	0.000	0.000	0.000	0.000	0.000
>XP_001397081.2
pos	aa	C	S	n-reg	h-reg	c-reg
1	M	0.000	0.951	0.951	0.000	0.000
2	L	0.000	0.951	0.951	0.000	0.000
3	S	0.000	0.951	0.594	0.357	0.000
4	I	0.000	0.951	0.164	0.787	0.000
5	L	0.000	0.951	0.060	0.891	0.000
6	C	0.000	0.951	0.005	0.946	0.000
7	Y	0.000	0.951	0.000	0.950	0.000
8	L	0.000	0.951	0.000	0.951	0.000
9	L	0.000	0.951	0.000	0.951	0.000
10	L	0.000	0.951	0.000	0.950	0.000
11	A	0.000	0.951	0.000	0.855	0.095
12	A	0.000	0.951	0.000	0.736	0.214
13	S	0.000	0.951	0.000	0.658	0.292
14	V	0.002	0.948	0.000	0.164	0.784
15	P	0.000	0.948	0.000	0.011	0.938
16	V	0.001	0.947	0.000	0.000	0.947
17	F	0.000	0.947	0.000	0.000	0.947
18	A	0.000	0.947	0.000	0.000	0.947
19	K	0.947	0.000	0.000	0.000	0.000
20	E	0.000	0.000	0.000	0.000	0.000
21	V	0.000	0.000	0.000	0.000	0.000
22	V	0.000	0.000	0.000	0.000	0.000
23	Y	0.000	0.000	0.000	0.000	0.000
24	D	0.000	0.000	0.000	0.000	0.000
25	F	0.000	0.000	0.000	0.000	0.000
26	N	0.000	0.000	0.000	0.000	0.000
27	V	0.000	0.000	0.000	0.000	0.000
28	T	0.000	0.000	0.000	0.000	0.000
29	W	0.000	0.000	0.000	0.000	0.000
30	V	0.000	0.000	0.000	0.000	0.000
31	T	0.000	0.000	0.000	0.000	0.000
32	A	0.000	0.000	0.000	0.000	0.000
33	N	0.000	0.000	0.000	0.000	0.000
34	P	0.000	0.000	0.000	0.000	0.000
35	D	0.000	0.000	0.000	0.000	0.000
36	G	0.000	0.000	0.000	0.000	0.000
37	L	0.000	0.000	0.000	0.000	0.000
38	A	0.000	0.000	0.000	0.000	0.000
39	D	0.000	0.000	0.000	0.000	0.000
40	R	0.000	0.000	0.000	0.000	0.000
>XP_001397102.1
pos	aa	C	S	n-reg	h-reg	c-reg
1	M	0.000	0.525	0.525	0.000	0.000
2	G	0.000	0.857	0.857	0.000	0.000
3	L	0.000	0.857	0.581	0.276	0.000
4	L	0.000	0.857	0.527	0.330	0.000
5	Y	0.000	0.857	0.519	0.338	0.000
6	P	0.000	0.857	0.489	0.368	0.000
7	A	0.000	0.857	0.318	0.539	0.000
8	G	0.000	0.857	0.211	0.646	0.000
9	V	0.000	0.857	0.070	0.787	0.000
10	V	0.000	0.857	0.034	0.822	0.001
11	I	0.000	0.857	0.013	0.789	0.055
12	V	0.000	0.857	0.005	0.750	0.103
13	A	0.000	0.857	0.003	0.727	0.127
14	A	0.001	0.856	0.002	0.536	0.318
15	A	0.066	0.790	0.001	0.465	0.324
16	V	0.031	0.759	0.001	0.453	0.306
17	V	0.000	0.759	0.001	0.449	0.310
18	G	0.000	0.759	0.001	0.436	0.322
19	L	0.242	0.513	0.001	0.420	0.092
20	Y	0.065	0.425	0.001	0.355	0.069
21	Y	0.000	0.397	0.001	0.305	0.091
22	L	0.000	0.372	0.001	0.276	0.094
23	F	0.007	0.288	0.001	0.180	0.107
24	R	0.000	0.113	0.001	0.000	0.112
25	G	0.000	0.113	0.001	0.000	0.112
26	E	0.021	0.091	0.001	0.000	0.091
27	G	0.000	0.091	0.001	0.000	0.091
28	E	0.085	0.006	0.001	0.000	0.005
29	Q	0.000	0.006	0.001	0.000	0.005
30	I	0.005	0.001	0.001	0.000	0.000
31	N	0.000	0.001	0.001	0.000	0.000
32	I	0.000	0.001	0.001	0.000	0.000
33	G	0.000	0.001	0.001	0.000	0.000
34	Y	0.000	0.001	0.001	0.000	0.000
35	F	0.000	0.001	0.001	0.000	0.000
36	L	0.000	0.001	0.001	0.000	0.000
37	E	0.000	0.001	0.001	0.000	0.000
38	S	0.000	0.001	0.001	0.000	0.000
39	V	0.000	0.001	0.001	0.000	0.000
40	S	0.000	0.001	0.001	0.000	0.000
>XP_001397104.2
pos	aa	C	S	n-reg	h-reg	c-reg
1	M	0.000	0.136	0.136	0.000	0.000
2	G	0.000	0.372	0.372	0.000	0.000
3	L	0.000	0.372	0.372	0.000	0.000
4	S	0.000	0.372	0.372	0.000	0.000
5	R	0.000	0.372	0.372	0.000	0.000
6	L	0.000	0.372	0.372	0.000	0.000
7	L	0.000	0.372	0.372	0.000	0.000
8	R	0.000	0.372	0.372	0.000	0.000
9	I	0.000	0.372	0.372	0.000	0.000
10	P	0.000	0.372	0.372	0.000	0.000
11	R	0.000	0.372	0.372	0.000	0.000
12	P	0.000	0.372	0.371	0.001	0.000
13	E	0.000	0.372	0.368	0.004	0.000
14	T	0.000	0.372	0.314	0.059	0.000
15	F	0.000	0.372	0.284	0.088	0.000
16	L	0.000	0.372	0.273	0.099	0.000
17	Y	0.000	0.372	0.269	0.103	0.000
18	V	0.000	0.372	0.265	0.107	0.000
19	M	0.000	0.372	0.264	0.108	0.000
20	S	0.000	0.372	0.263	0.109	0.000
21	L	0.000	0.372	0.260	0.111	0.001
22	Q	0.000	0.372	0.259	0.083	0.030
23	T	0.000	0.372	0.246	0.084	0.042
24	G	0.000	0.372	0.231	0.096	0.045
25	A	0.000	0.372	0.217	0.108	0.046
26	S	0.006	0.366	0.206	0.117	0.043
27	L	0.020	0.346	0.183	0.138	0.026
28	I	0.013	0.333	0.182	0.137	0.013
29	T	0.000	0.332	0.182	0.135	0.015
30	L	0.002	0.329	0.182	0.134	0.013
31	S	0.001	0.325	0.182	0.130	0.013
32	L	0.005	0.319	0.182	0.128	0.008
33	L	0.000	0.315	0.182	0.123	0.009
34	L	0.005	0.298	0.182	0.107	0.009
35	N	0.000	0.262	0.182	0.004	0.075
36	K	0.000	0.261	0.182	0.001	0.078
37	I	0.000	0.261	0.152	0.032	0.078
38	S	0.000	0.261	0.143	0.040	0.079
39	G	0.001	0.260	0.125	0.058	0.078
40	L	0.053	0.207	0.104	0.079	0.025
>XP_001397113.2
pos	aa	C	S	n-reg	h-reg	c-reg
1	M	0.000	0.161	0.161	0.000	0.000
2	A	0.000	0.161	0.161	0.000	0.000
3	V	0.000	0.161	0.158	0.003	0.000
4	I	0.000	0.161	0.157	0.004	0.000
5	Y	0.000	0.161	0.157	0.004	0.000
6	G	0.000	0.161	0.156	0.004	0.000
7	L	0.000	0.161	0.155	0.005	0.000
8	P	0.000	0.161	0.155	0.005	0.000
9	T	0.000	0.161	0.154	0.006	0.000
10	V	0.000	0.161	0.151	0.010	0.000
11	A	0.000	0.161	0.149	0.011	0.001
12	S	0.000	0.161	0.147	0.012	0.003
13	T	0.000	0.161	0.133	0.024	0.003
14	V	0.000	0.161	0.100	0.057	0.003
15	A	0.000	0.161	0.079	0.077	0.005
16	A	0.000	0.160	0.058	0.098	0.004
17	A	0.002	0.159	0.033	0.123	0.003
18	C	0.000	0.158	0.013	0.142	0.003
19	A	0.000	0.158	0.006	0.149	0.003
20	I	0.002	0.156	0.002	0.153	0.002
21	I	0.000	0.156	0.001	0.153	0.003
22	A	0.000	0.156	0.000	0.147	0.009
23	I	0.001	0.155	0.000	0.145	0.010
24	I	0.000	0.155	0.000	0.141	0.014
25	L	0.000	0.155	0.000	0.115	0.040
26	G	0.000	0.155	0.000	0.084	0.071
27	A	0.005	0.150	0.000	0.053	0.097
28	L	0.002	0.149	0.000	0.039	0.110
29	S	0.000	0.149	0.000	0.008	0.140
30	W	0.028	0.121	0.000	0.005	0.115
31	S	0.000	0.121	0.000	0.000	0.120
32	R	0.031	0.089	0.000	0.000	0.089
33	T	0.000	0.089	0.000	0.000	0.089
34	A	0.038	0.051	0.000	0.000	0.051
35	S	0.003	0.049	0.000	0.000	0.049
36	L	0.038	0.011	0.000	0.000	0.011
37	Y	0.003	0.008	0.000	0.000	0.007
38	L	0.000	0.008	0.000	0.000	0.007
39	P	0.000	0.008	0.000	0.000	0.007
40	L	0.000	0.007	0.000	0.000	0.007
>XP_001397114.2
pos	aa	C	S	n-reg	h-reg	c-reg
1	M	0.000	0.775	0.775	0.000	0.000
2	K	0.000	0.775	0.775	0.000	0.000
3	P	0.000	0.775	0.772	0.003	0.000
4	Y	0.000	0.775	0.748	0.028	0.000
5	I	0.000	0.775	0.729	0.046	0.000
6	G	0.000	0.775	0.714	0.062	0.000
7	I	0.000	0.775	0.680	0.095	0.000
8	P	0.000	0.775	0.680	0.095	0.000
9	A	0.000	0.775	0.680	0.096	0.000
10	V	0.000	0.775	0.680	0.096	0.000
11	I	0.000	0.775	0.680	0.096	0.000
12	V	0.000	0.775	0.680	0.095	0.001
13	L	0.000	0.775	0.680	0.092	0.003
14	V	0.000	0.775	0.680	0.086	0.009
15	H	0.000	0.775	0.680	0.002	0.094
16	R	0.000	0.775	0.680	0.000	0.095
17	A	0.000	0.775	0.680	0.000	0.095
18	W	0.000	0.775	0.680	0.000	0.095
19	S	0.000	0.775	0.680	0.000	0.095
20	R	0.087	0.688	0.680	0.000	0.008
21	K	0.000	0.688	0.679	0.000	0.008
22	S	0.000	0.688	0.616	0.063	0.008
23	L	0.001	0.687	0.393	0.286	0.008
24	T	0.000	0.687	0.343	0.337	0.007
25	T	0.000	0.687	0.307	0.372	0.007
26	P	0.000	0.687	0.267	0.413	0.007
27	G	0.000	0.687	0.059	0.620	0.007
28	L	0.000	0.687	0.007	0.672	0.007
29	I	0.000	0.687	0.002	0.677	0.007
30	A	0.000	0.687	0.001	0.672	0.014
31	A	0.000	0.686	0.001	0.650	0.035
32	A	0.001	0.686	0.001	0.621	0.064
33	L	0.000	0.686	0.001	0.586	0.099
34	T	0.000	0.686	0.001	0.520	0.165
35	A	0.003	0.683	0.001	0.096	0.586
36	S	0.001	0.682	0.001	0.040	0.641
37	A	0.005	0.677	0.001	0.023	0.653
38	H	0.052	0.624	0.001	0.004	0.620
39	A	0.000	0.624	0.001	0.002	0.621
40	L	0.541	0.083	0.001	0.001	0.081
>XP_001397142.2
pos	aa	C	S	n-reg	h-reg	c-reg
1	M	0.000	0.999	0.999	0.000	0.000
2	A	0.000	0.999	0.999	0.000	0.000
3	P	0.000	0.999	0.999	0.000	0.000
4	R	0.000	0.999	0.999	0.000	0.000
5	M	0.000	0.999	0.999	0.000	0.000
6	S	0.000	0.999	0.999	0.000	0.000
7	L	0.000	0.999	0.997	0.002	0.000
8	G	0.000	0.999	0.996	0.004	0.000
9	T	0.000	0.999	0.976	0.023	0.000
10	H	0.000	0.999	0.933	0.067	0.000
11	A	0.000	0.999	0.497	0.502	0.000
12	L	0.000	0.999	0.094	0.905	0.000
13	L	0.000	0.999	0.017	0.982	0.000
14	V	0.000	0.999	0.005	0.995	0.000
15	L	0.000	0.999	0.001	0.999	0.000
16	G	0.000	0.999	0.000	0.999	0.000
17	L	0.000	0.999	0.000	0.999	0.000
18	L	0.000	0.999	0.000	0.999	0.000
19	L	0.000	0.999	0.000	0.998	0.001
20	V	0.000	0.999	0.000	0.974	0.026
21	L	0.000	0.999	0.000	0.823	0.176
22	L	0.000	0.999	0.000	0.600	0.399
23	P	0.000	0.999	0.000	0.161	0.838
24	T	0.000	0.999	0.000	0.004	0.996
25	Q	0.000	0.999	0.000	0.000	0.998
26	T	0.000	0.999	0.000	0.000	0.999
27	W	0.018	0.981	0.000	0.000	0.981
28	A	0.000	0.981	0.000	0.000	0.981
29	F	0.918	0.063	0.000	0.000	0.063
30	G	0.000	0.063	0.000	0.000	0.063
31	A	0.048	0.015	0.000	0.000	0.015
32	G	0.000	0.014	0.000	0.000	0.014
33	N	0.003	0.011	0.000	0.000	0.011
34	I	0.000	0.011	0.000	0.000	0.011
35	A	0.000	0.011	0.000	0.000	0.011
36	S	0.000	0.011	0.000	0.000	0.011
37	I	0.001	0.010	0.000	0.000	0.010
38	S	0.000	0.010	0.000	0.000	0.010
39	A	0.000	0.010	0.000	0.000	0.010
40	V	0.005	0.005	0.000	0.000	0.005
>XP_001397155.1
pos	aa	C	S	n-reg	h-reg	c-reg
1	M	0.000	0.018	0.018	0.000	0.000
2	D	0.000	0.019	0.019	0.000	0.000
3	W	0.000	0.019	0.019	0.000	0.000
4	D	0.000	0.019	0.019	0.000	0.000
5	A	0.000	0.019	0.018	0.002	0.000
6	L	0.000	0.019	0.015	0.004	0.000
7	W	0.000	0.019	0.013	0.006	0.000
8	F	0.000	0.019	0.011	0.008	0.000
9	N	0.000	0.019	0.010	0.009	0.000
10	V	0.000	0.019	0.004	0.016	0.000
11	A	0.000	0.019	0.001	0.018	0.000
12	T	0.000	0.019	0.001	0.018	0.000
13	L	0.000	0.019	0.000	0.018	0.001
14	I	0.000	0.019	0.000	0.018	0.001
15	A	0.000	0.019	0.000	0.017	0.002
16	G	0.000	0.019	0.000	0.016	0.003
17	V	0.001	0.018	0.000	0.016	0.002
18	F	0.000	0.018	0.000	0.015	0.003
19	V	0.000	0.018	0.000	0.006	0.012
20	L	0.000	0.018	0.000	0.004	0.014
21	D	0.000	0.017	0.000	0.000	0.017
22	Y	0.000	0.017	0.000	0.000	0.017
23	G	0.000	0.017	0.000	0.000	0.017
24	A	0.016	0.001	0.000	0.000	0.001
25	D	0.001	0.000	0.000	0.000	0.000
26	K	0.000	0.000	0.000	0.000	0.000
27	F	0.000	0.000	0.000	0.000	0.000
28	I	0.000	0.000	0.000	0.000	0.000
29	D	0.000	0.000	0.000	0.000	0.000
30	H	0.000	0.000	0.000	0.000	0.000
31	T	0.000	0.000	0.000	0.000	0.000
32	V	0.000	0.000	0.000	0.000	0.000
33	I	0.000	0.000	0.000	0.000	0.000
34	V	0.000	0.000	0.000	0.000	0.000
35	G	0.000	0.000	0.000	0.000	0.000
36	R	0.000	0.000	0.000	0.000	0.000
37	R	0.000	0.000	0.000	0.000	0.000
38	L	0.000	0.000	0.000	0.000	0.000
39	G	0.000	0.000	0.000	0.000	0.000
40	I	0.000	0.000	0.000	0.000	0.000
>XP_001397175.1
pos	aa	C	S	n-reg	h-reg	c-reg
1	M	0.000	1.000	1.000	0.000	0.000
2	G	0.000	1.000	1.000	0.000	0.000
3	R	0.000	1.000	0.997	0.002	0.000
4	F	0.000	1.000	0.773	0.227	0.000
5	G	0.000	1.000	0.713	0.287	0.000
6	F	0.000	1.000	0.416	0.584	0.000
7	L	0.000	1.000	0.097	0.902	0.000
8	S	0.000	1.000	0.060	0.940	0.000
9	L	0.000	1.000	0.019	0.981	0.000
10	A	0.000	1.000	0.009	0.991	0.000
11	L	0.000	1.000	0.000	0.999	0.000
12	L	0.000	1.000	0.000	0.988	0.011
13	S	0.000	1.000	0.000	0.977	0.023
14	V	0.000	1.000	0.000	0.968	0.032
15	Q	0.000	1.000	0.000	0.571	0.429
16	A	0.000	1.000	0.000	0.455	0.545
17	L	0.019	0.981	0.000	0.404	0.578
18	I	0.000	0.981	0.000	0.309	0.672
19	G	0.000	0.981	0.000	0.012	0.969
20	G	0.008	0.973	0.000	0.002	0.971
21	S	0.001	0.971	0.000	0.001	0.970
22	L	0.001	0.970	0.000	0.000	0.970
23	A	0.002	0.968	0.000	0.000	0.968
24	A	0.936	0.033	0.000	0.000	0.033
25	D	0.010	0.022	0.000	0.000	0.022
26	A	0.000	0.022	0.000	0.000	0.022
27	A	0.021	0.001	0.000	0.000	0.001
28	E	0.001	0.000	0.000	0.000	0.000
29	K	0.000	0.000	0.000	0.000	0.000
30	E	0.000	0.000	0.000	0.000	0.000
31	D	0.000	0.000	0.000	0.000	0.000
32	L	0.000	0.000	0.000	0.000	0.000
33	P	0.000	0.000	0.000	0.000	0.000
34	E	0.000	0.000	0.000	0.000	0.000
35	T	0.000	0.000	0.000	0.000	0.000
36	Q	0.000	0.000	0.000	0.000	0.000
37	L	0.000	0.000	0.000	0.000	0.000
38	L	0.000	0.000	0.000	0.000	0.000
39	S	0.000	0.000	0.000	0.000	0.000
40	V	0.000	0.000	0.000	0.000	0.000
