>XP_001393823.2
pos	aa	C	S	n-reg	h-reg	c-reg
1	M	0.000	0.990	0.990	0.000	0.000
2	A	0.000	0.990	0.990	0.000	0.000
3	S	0.000	0.990	0.923	0.067	0.000
4	S	0.000	0.990	0.685	0.306	0.000
5	V	0.000	0.990	0.322	0.668	0.000
6	F	0.000	0.990	0.117	0.873	0.000
7	L	0.000	0.990	0.041	0.950	0.000
8	P	0.000	0.990	0.031	0.959	0.000
9	L	0.000	0.990	0.002	0.988	0.000
10	L	0.000	0.990	0.001	0.989	0.000
11	A	0.000	0.990	0.000	0.987	0.003
12	A	0.000	0.990	0.000	0.975	0.016
13	S	0.000	0.990	0.000	0.876	0.114
14	L	0.000	0.990	0.000	0.778	0.212
15	L	0.000	0.990	0.000	0.553	0.436
16	P	0.000	0.990	0.000	0.200	0.790
17	T	0.001	0.989	0.000	0.025	0.965
18	L	0.000	0.989	0.000	0.017	0.972
19	A	0.000	0.989	0.000	0.011	0.978
20	S	0.175	0.814	0.000	0.001	0.813
21	T	0.036	0.778	0.000	0.000	0.778
22	Q	0.726	0.052	0.000	0.000	0.052
23	N	0.001	0.051	0.000	0.000	0.051
24	A	0.000	0.051	0.000	0.000	0.051
25	D	0.047	0.005	0.000	0.000	0.005
26	T	0.000	0.005	0.000	0.000	0.005
27	P	0.000	0.004	0.000	0.000	0.004
28	T	0.000	0.004	0.000	0.000	0.004
29	S	0.000	0.004	0.000	0.000	0.004
30	A	0.001	0.004	0.000	0.000	0.004
31	P	0.003	0.001	0.000	0.000	0.001
32	T	0.000	0.001	0.000	0.000	0.001
33	V	0.001	0.000	0.000	0.000	0.000
34	Q	0.000	0.000	0.000	0.000	0.000
35	V	0.000	0.000	0.000	0.000	0.000
36	R	0.000	0.000	0.000	0.000	0.000
37	N	0.000	0.000	0.000	0.000	0.000
38	G	0.000	0.000	0.000	0.000	0.000
39	T	0.000	0.000	0.000	0.000	0.000
40	Y	0.000	0.000	0.000	0.000	0.000
>XP_001393824.1
pos	aa	C	S	n-reg	h-reg	c-reg
1	M	0.000	0.977	0.977	0.000	0.000
2	Q	0.000	0.977	0.977	0.000	0.000
3	L	0.000	0.977	0.946	0.031	0.000
4	K	0.000	0.977	0.936	0.041	0.000
5	W	0.000	0.977	0.678	0.299	0.000
6	L	0.000	0.977	0.140	0.837	0.000
7	T	0.000	0.977	0.003	0.974	0.000
8	L	0.000	0.977	0.000	0.976	0.000
9	V	0.000	0.977	0.000	0.977	0.000
10	C	0.000	0.977	0.000	0.977	0.000
11	L	0.000	0.977	0.000	0.972	0.004
12	S	0.000	0.977	0.000	0.947	0.030
13	S	0.000	0.977	0.000	0.839	0.138
14	W	0.000	0.977	0.000	0.718	0.258
15	P	0.000	0.977	0.000	0.017	0.960
16	S	0.000	0.977	0.000	0.006	0.970
17	A	0.000	0.976	0.000	0.002	0.974
18	R	0.003	0.973	0.000	0.000	0.973
19	A	0.000	0.973	0.000	0.000	0.973
20	L	0.967	0.006	0.000	0.000	0.006
21	Y	0.001	0.004	0.000	0.000	0.004
22	N	0.000	0.004	0.000	0.000	0.004
23	Q	0.000	0.004	0.000	0.000	0.004
24	S	0.000	0.004	0.000	0.000	0.004
25	T	0.000	0.004	0.000	0.000	0.004
26	G	0.000	0.004	0.000	0.000	0.004
27	F	0.004	0.000	0.000	0.000	0.000
28	P	0.000	0.000	0.000	0.000	0.000
29	E	0.000	0.000	0.000	0.000	0.000
30	Q	0.000	0.000	0.000	0.000	0.000
31	D	0.000	0.000	0.000	0.000	0.000
32	L	0.000	0.000	0.000	0.000	0.000
33	D	0.000	0.000	0.000	0.000	0.000
34	N	0.000	0.000	0.000	0.000	0.000
35	G	0.000	0.000	0.000	0.000	0.000
36	V	0.000	0.000	0.000	0.000	0.000
37	A	0.000	0.000	0.000	0.000	0.000
38	L	0.000	0.000	0.000	0.000	0.000
39	Q	0.000	0.000	0.000	0.000	0.000
40	Q	0.000	0.000	0.000	0.000	0.000
>XP_001393826.2
pos	aa	C	S	n-reg	h-reg	c-reg
1	M	0.000	0.999	0.999	0.000	0.000
2	K	0.000	0.999	0.999	0.000	0.000
3	S	0.000	0.999	0.675	0.324	0.000
4	L	0.000	0.999	0.204	0.795	0.000
5	L	0.000	0.999	0.081	0.918	0.000
6	L	0.000	0.999	0.017	0.982	0.000
7	G	0.000	0.999	0.014	0.986	0.000
8	S	0.000	0.999	0.009	0.990	0.000
9	A	0.000	0.999	0.001	0.998	0.000
10	F	0.000	0.999	0.000	0.999	0.000
11	L	0.000	0.999	0.000	0.984	0.015
12	L	0.000	0.999	0.000	0.930	0.069
13	A	0.000	0.999	0.000	0.839	0.161
14	S	0.000	0.999	0.000	0.192	0.808
15	F	0.000	0.999	0.000	0.154	0.845
16	I	0.000	0.999	0.000	0.074	0.925
17	H	0.000	0.999	0.000	0.005	0.994
18	A	0.000	0.999	0.000	0.003	0.996
19	H	0.861	0.138	0.000	0.001	0.137
20	P	0.000	0.138	0.000	0.000	0.138
21	G	0.032	0.106	0.000	0.000	0.106
22	P	0.000	0.106	0.000	0.000	0.106
23	H	0.000	0.106	0.000	0.000	0.106
24	A	0.000	0.106	0.000	0.000	0.106
25	Q	0.097	0.009	0.000	0.000	0.009
26	P	0.000	0.009	0.000	0.000	0.009
27	D	0.007	0.002	0.000	0.000	0.002
28	P	0.000	0.002	0.000	0.000	0.002
29	V	0.000	0.002	0.000	0.000	0.002
30	H	0.000	0.002	0.000	0.000	0.002
31	L	0.000	0.002	0.000	0.000	0.002
32	A	0.001	0.001	0.000	0.000	0.001
33	R	0.000	0.001	0.000	0.000	0.001
34	R	0.000	0.001	0.000	0.000	0.001
35	G	0.000	0.001	0.000	0.000	0.001
36	A	0.000	0.001	0.000	0.000	0.001
37	L	0.000	0.001	0.000	0.000	0.001
38	A	0.000	0.001	0.000	0.000	0.001
39	K	0.001	0.000	0.000	0.000	0.000
40	R	0.000	0.000	0.000	0.000	0.000
>XP_001393828.1
pos	aa	C	S	n-reg	h-reg	c-reg
1	M	0.000	0.994	0.994	0.000	0.000
2	F	0.000	0.994	0.994	0.000	0.000
3	S	0.000	0.995	0.994	0.001	0.000
4	K	0.000	0.994	0.991	0.004	0.000
5	S	0.000	0.994	0.727	0.268	0.000
6	I	0.000	0.994	0.193	0.801	0.000
7	L	0.000	0.995	0.030	0.964	0.000
8	A	0.000	0.994	0.004	0.990	0.000
9	A	0.000	0.994	0.002	0.993	0.000
10	A	0.000	0.995	0.001	0.994	0.000
11	A	0.000	0.994	0.000	0.994	0.000
12	L	0.000	0.994	0.000	0.994	0.000
13	L	0.000	0.994	0.000	0.949	0.045
14	G	0.000	0.994	0.000	0.761	0.234
15	I	0.000	0.994	0.000	0.682	0.312
16	S	0.000	0.994	0.000	0.082	0.913
17	A	0.001	0.993	0.000	0.042	0.951
18	V	0.042	0.951	0.000	0.011	0.941
19	E	0.000	0.951	0.000	0.001	0.951
20	A	0.000	0.951	0.000	0.001	0.951
21	H	0.921	0.031	0.000	0.000	0.031
22	M	0.000	0.031	0.000	0.000	0.031
23	I	0.000	0.031	0.000	0.000	0.031
24	M	0.000	0.031	0.000	0.000	0.031
25	T	0.000	0.031	0.000	0.000	0.031
26	E	0.030	0.001	0.000	0.000	0.001
27	P	0.000	0.001	0.000	0.000	0.001
28	I	0.001	0.000	0.000	0.000	0.000
29	P	0.000	0.000	0.000	0.000	0.000
30	Y	0.000	0.000	0.000	0.000	0.000
31	G	0.000	0.000	0.000	0.000	0.000
32	K	0.000	0.000	0.000	0.000	0.000
33	D	0.000	0.000	0.000	0.000	0.000
34	T	0.000	0.000	0.000	0.000	0.000
35	L	0.000	0.000	0.000	0.000	0.000
36	N	0.000	0.000	0.000	0.000	0.000
37	N	0.000	0.000	0.000	0.000	0.000
38	S	0.000	0.000	0.000	0.000	0.000
39	P	0.000	0.000	0.000	0.000	0.000
40	L	0.000	0.000	0.000	0.000	0.000
>XP_001393843.1
pos	aa	C	S	n-reg	h-reg	c-reg
1	M	0.000	0.993	0.993	0.000	0.000
2	L	0.000	0.994	0.994	0.000	0.000
3	F	0.000	0.994	0.994	0.000	0.000
4	R	0.000	0.994	0.993	0.001	0.000
5	N	0.000	0.994	0.973	0.021	0.000
6	I	0.000	0.994	0.632	0.362	0.000
7	A	0.000	0.994	0.318	0.676	0.000
8	F	0.000	0.994	0.156	0.838	0.000
9	Y	0.000	0.994	0.103	0.891	0.000
10	L	0.000	0.994	0.025	0.969	0.000
11	T	0.000	0.994	0.005	0.989	0.000
12	A	0.000	0.994	0.001	0.992	0.000
13	G	0.000	0.994	0.001	0.986	0.007
14	A	0.000	0.994	0.000	0.981	0.013
15	C	0.000	0.994	0.000	0.931	0.063
16	L	0.000	0.994	0.000	0.845	0.149
17	A	0.000	0.994	0.000	0.674	0.320
18	V	0.011	0.983	0.000	0.541	0.442
19	S	0.000	0.983	0.000	0.041	0.942
20	P	0.001	0.982	0.000	0.005	0.977
21	V	0.001	0.981	0.000	0.003	0.978
22	L	0.000	0.981	0.000	0.002	0.978
23	G	0.000	0.980	0.000	0.001	0.979
24	A	0.894	0.086	0.000	0.001	0.085
25	S	0.051	0.035	0.000	0.000	0.035
26	D	0.033	0.002	0.000	0.000	0.002
27	I	0.000	0.002	0.000	0.000	0.002
28	N	0.000	0.002	0.000	0.000	0.002
29	Q	0.000	0.002	0.000	0.000	0.002
30	A	0.000	0.001	0.000	0.000	0.001
31	V	0.001	0.001	0.000	0.000	0.001
32	S	0.000	0.001	0.000	0.000	0.001
33	D	0.001	0.000	0.000	0.000	0.000
34	M	0.000	0.000	0.000	0.000	0.000
35	N	0.000	0.000	0.000	0.000	0.000
36	A	0.000	0.000	0.000	0.000	0.000
37	L	0.000	0.000	0.000	0.000	0.000
38	T	0.000	0.000	0.000	0.000	0.000
39	T	0.000	0.000	0.000	0.000	0.000
40	A	0.000	0.000	0.000	0.000	0.000
>XP_001393845.1
pos	aa	C	S	n-reg	h-reg	c-reg
1	M	0.000	0.484	0.484	0.000	0.000
2	K	0.000	0.484	0.484	0.000	0.000
3	S	0.000	0.484	0.287	0.196	0.000
4	T	0.000	0.484	0.054	0.430	0.000
5	T	0.000	0.484	0.039	0.445	0.000
6	P	0.000	0.484	0.023	0.461	0.000
7	L	0.000	0.484	0.001	0.482	0.000
8	L	0.000	0.484	0.000	0.483	0.000
9	A	0.000	0.484	0.000	0.484	0.000
10	A	0.000	0.484	0.000	0.483	0.000
11	A	0.000	0.484	0.000	0.360	0.123
12	G	0.000	0.484	0.000	0.068	0.416
13	V	0.000	0.484	0.000	0.051	0.432
14	A	0.000	0.484	0.000	0.030	0.453
15	A	0.001	0.483	0.000	0.011	0.472
16	A	0.136	0.347	0.000	0.003	0.344
17	K	0.315	0.032	0.000	0.001	0.032
18	N	0.000	0.032	0.000	0.000	0.032
19	C	0.000	0.032	0.000	0.000	0.032
20	S	0.021	0.011	0.000	0.000	0.011
21	V	0.008	0.003	0.000	0.000	0.003
22	D	0.000	0.003	0.000	0.000	0.003
23	T	0.000	0.003	0.000	0.000	0.003
24	I	0.001	0.002	0.000	0.000	0.002
25	A	0.000	0.002	0.000	0.000	0.002
26	K	0.002	0.000	0.000	0.000	0.000
27	Y	0.000	0.000	0.000	0.000	0.000
28	L	0.000	0.000	0.000	0.000	0.000
29	P	0.000	0.000	0.000	0.000	0.000
30	K	0.000	0.000	0.000	0.000	0.000
31	N	0.000	0.000	0.000	0.000	0.000
32	A	0.000	0.000	0.000	0.000	0.000
33	T	0.000	0.000	0.000	0.000	0.000
34	V	0.000	0.000	0.000	0.000	0.000
35	F	0.000	0.000	0.000	0.000	0.000
36	Y	0.000	0.000	0.000	0.000	0.000
37	A	0.000	0.000	0.000	0.000	0.000
38	N	0.000	0.000	0.000	0.000	0.000
39	H	0.000	0.000	0.000	0.000	0.000
40	Y	0.000	0.000	0.000	0.000	0.000
>XP_001393852.1
pos	aa	C	S	n-reg	h-reg	c-reg
1	M	0.000	0.771	0.771	0.000	0.000
2	H	0.000	0.989	0.989	0.000	0.000
3	S	0.000	0.989	0.989	0.000	0.000
4	T	0.000	0.989	0.989	0.000	0.000
5	L	0.000	0.989	0.989	0.000	0.000
6	N	0.000	0.989	0.989	0.000	0.000
7	R	0.000	0.989	0.989	0.000	0.000
8	A	0.000	0.989	0.967	0.022	0.000
9	Q	0.000	0.989	0.947	0.042	0.000
10	G	0.000	0.989	0.806	0.183	0.000
11	V	0.000	0.989	0.424	0.565	0.000
12	F	0.000	0.989	0.282	0.707	0.000
13	G	0.000	0.989	0.227	0.762	0.000
14	F	0.000	0.989	0.128	0.861	0.000
15	F	0.000	0.989	0.081	0.908	0.000
16	T	0.000	0.989	0.063	0.926	0.000
17	T	0.000	0.989	0.038	0.951	0.000
18	V	0.000	0.989	0.014	0.974	0.001
19	A	0.000	0.989	0.007	0.960	0.022
20	L	0.000	0.989	0.002	0.936	0.051
21	F	0.000	0.989	0.001	0.892	0.096
22	V	0.000	0.989	0.000	0.750	0.238
23	A	0.000	0.988	0.000	0.408	0.580
24	G	0.000	0.987	0.000	0.349	0.637
25	L	0.003	0.983	0.000	0.315	0.669
26	A	0.002	0.979	0.000	0.283	0.697
27	A	0.126	0.851	0.000	0.268	0.583
28	L	0.437	0.411	0.000	0.233	0.178
29	S	0.023	0.378	0.000	0.206	0.172
30	V	0.045	0.329	0.000	0.195	0.134
31	F	0.000	0.317	0.000	0.183	0.134
32	L	0.000	0.291	0.000	0.156	0.135
33	Y	0.122	0.092	0.000	0.079	0.013
34	P	0.000	0.028	0.000	0.015	0.013
35	T	0.011	0.009	0.000	0.007	0.003
36	D	0.001	0.002	0.000	0.000	0.002
37	D	0.000	0.002	0.000	0.000	0.002
38	V	0.000	0.002	0.000	0.000	0.002
39	T	0.000	0.002	0.000	0.000	0.002
40	S	0.000	0.002	0.000	0.000	0.002
>XP_001393858.2
pos	aa	C	S	n-reg	h-reg	c-reg
1	M	0.000	1.000	1.000	0.000	0.000
2	R	0.000	1.000	1.000	0.000	0.000
3	F	0.000	1.000	0.783	0.217	0.000
4	A	0.000	1.000	0.492	0.508	0.000
5	A	0.000	1.000	0.292	0.708	0.000
6	L	0.000	1.000	0.071	0.929	0.000
7	V	0.000	1.000	0.020	0.980	0.000
8	I	0.000	1.000	0.006	0.993	0.000
9	G	0.000	1.000	0.003	0.996	0.000
10	L	0.000	1.000	0.001	0.999	0.000
11	L	0.000	1.000	0.000	0.996	0.004
12	A	0.000	1.000	0.000	0.928	0.071
13	T	0.000	1.000	0.000	0.812	0.188
14	F	0.000	1.000	0.000	0.733	0.267
15	V	0.000	1.000	0.000	0.581	0.418
16	S	0.000	1.000	0.000	0.145	0.855
17	S	0.000	1.000	0.000	0.060	0.940
18	V	0.019	0.980	0.000	0.014	0.966
19	A	0.000	0.980	0.000	0.008	0.973
20	A	0.088	0.893	0.000	0.001	0.892
21	T	0.615	0.278	0.000	0.000	0.278
22	A	0.067	0.211	0.000	0.000	0.210
23	L	0.135	0.076	0.000	0.000	0.076
24	T	0.007	0.068	0.000	0.000	0.068
25	Y	0.068	0.000	0.000	0.000	0.000
26	R	0.000	0.000	0.000	0.000	0.000
27	L	0.000	0.000	0.000	0.000	0.000
28	E	0.000	0.000	0.000	0.000	0.000
29	A	0.000	0.000	0.000	0.000	0.000
30	N	0.000	0.000	0.000	0.000	0.000
31	E	0.000	0.000	0.000	0.000	0.000
32	K	0.000	0.000	0.000	0.000	0.000
33	A	0.000	0.000	0.000	0.000	0.000
34	C	0.000	0.000	0.000	0.000	0.000
35	F	0.000	0.000	0.000	0.000	0.000
36	Y	0.000	0.000	0.000	0.000	0.000
37	N	0.000	0.000	0.000	0.000	0.000
38	Y	0.000	0.000	0.000	0.000	0.000
39	V	0.000	0.000	0.000	0.000	0.000
40	D	0.000	0.000	0.000	0.000	0.000
>XP_001393862.1
pos	aa	C	S	n-reg	h-reg	c-reg
1	M	0.000	0.988	0.988	0.000	0.000
2	L	0.000	0.988	0.988	0.000	0.000
3	L	0.000	0.988	0.984	0.004	0.000
4	K	0.000	0.988	0.982	0.006	0.000
5	I	0.000	0.988	0.477	0.511	0.000
6	L	0.000	0.988	0.102	0.886	0.000
7	T	0.000	0.988	0.055	0.932	0.000
8	L	0.000	0.988	0.019	0.969	0.000
9	T	0.000	0.988	0.006	0.982	0.000
10	T	0.000	0.988	0.005	0.983	0.000
11	T	0.000	0.988	0.004	0.984	0.000
12	L	0.000	0.988	0.002	0.985	0.001
13	T	0.000	0.988	0.002	0.910	0.076
14	T	0.000	0.988	0.001	0.874	0.113
15	L	0.000	0.988	0.000	0.853	0.135
16	L	0.000	0.988	0.000	0.810	0.178
17	T	0.001	0.987	0.000	0.035	0.952
18	Q	0.060	0.926	0.000	0.010	0.917
19	T	0.003	0.924	0.000	0.006	0.918
20	T	0.041	0.882	0.000	0.005	0.878
21	C	0.001	0.881	0.000	0.004	0.877
22	I	0.823	0.058	0.000	0.004	0.054
23	P	0.000	0.058	0.000	0.002	0.056
24	L	0.025	0.033	0.000	0.002	0.031
25	S	0.002	0.030	0.000	0.000	0.030
26	P	0.000	0.030	0.000	0.000	0.030
27	S	0.001	0.030	0.000	0.000	0.030
28	S	0.005	0.024	0.000	0.000	0.024
29	S	0.000	0.024	0.000	0.000	0.024
30	S	0.006	0.018	0.000	0.000	0.018
31	P	0.001	0.018	0.000	0.000	0.018
32	S	0.003	0.015	0.000	0.000	0.015
33	S	0.000	0.014	0.000	0.000	0.014
34	P	0.000	0.014	0.000	0.000	0.014
35	S	0.000	0.014	0.000	0.000	0.014
36	S	0.000	0.014	0.000	0.000	0.014
37	S	0.001	0.013	0.000	0.000	0.013
38	S	0.002	0.011	0.000	0.000	0.011
39	T	0.003	0.008	0.000	0.000	0.008
40	P	0.000	0.008	0.000	0.000	0.008
>XP_001393864.1
pos	aa	C	S	n-reg	h-reg	c-reg
1	M	0.000	0.321	0.321	0.000	0.000
2	V	0.000	0.321	0.321	0.000	0.000
3	N	0.000	0.321	0.321	0.000	0.000
4	P	0.000	0.321	0.320	0.000	0.000
5	L	0.000	0.321	0.319	0.001	0.000
6	H	0.000	0.321	0.319	0.002	0.000
7	N	0.000	0.321	0.314	0.006	0.000
8	G	0.000	0.321	0.243	0.078	0.000
9	V	0.000	0.321	0.088	0.232	0.000
10	A	0.000	0.321	0.059	0.261	0.000
11	T	0.000	0.321	0.036	0.285	0.000
12	G	0.000	0.321	0.003	0.318	0.000
13	L	0.000	0.321	0.000	0.320	0.000
14	L	0.000	0.321	0.000	0.320	0.000
15	A	0.000	0.321	0.000	0.320	0.000
16	S	0.000	0.321	0.000	0.312	0.008
17	F	0.000	0.321	0.000	0.297	0.024
18	L	0.000	0.321	0.000	0.286	0.034
19	I	0.000	0.321	0.000	0.263	0.057
20	Q	0.000	0.321	0.000	0.006	0.314
21	Q	0.000	0.321	0.000	0.001	0.319
22	G	0.000	0.320	0.000	0.001	0.319
23	L	0.000	0.320	0.000	0.001	0.319
24	A	0.000	0.320	0.000	0.001	0.319
25	L	0.313	0.007	0.000	0.000	0.007
26	E	0.001	0.006	0.000	0.000	0.006
27	L	0.000	0.006	0.000	0.000	0.006
28	T	0.000	0.006	0.000	0.000	0.006
29	A	0.000	0.005	0.000	0.000	0.005
30	F	0.003	0.002	0.000	0.000	0.002
31	N	0.000	0.002	0.000	0.000	0.002
32	P	0.000	0.002	0.000	0.000	0.002
33	S	0.000	0.002	0.000	0.000	0.002
34	T	0.000	0.002	0.000	0.000	0.002
35	T	0.000	0.002	0.000	0.000	0.002
36	T	0.001	0.001	0.000	0.000	0.001
37	N	0.000	0.001	0.000	0.000	0.001
38	T	0.000	0.001	0.000	0.000	0.001
39	Q	0.000	0.001	0.000	0.000	0.001
40	V	0.000	0.001	0.000	0.000	0.001
>XP_001393899.1
pos	aa	C	S	n-reg	h-reg	c-reg
1	M	0.000	0.663	0.663	0.000	0.000
2	S	0.000	0.663	0.663	0.000	0.000
3	N	0.000	0.663	0.663	0.000	0.000
4	R	0.000	0.663	0.662	0.001	0.000
5	W	0.000	0.663	0.601	0.062	0.000
6	T	0.000	0.663	0.369	0.294	0.000
7	L	0.000	0.663	0.084	0.579	0.000
8	L	0.000	0.663	0.025	0.638	0.000
9	L	0.000	0.663	0.006	0.657	0.000
10	S	0.000	0.663	0.004	0.659	0.000
11	L	0.000	0.663	0.001	0.662	0.000
12	V	0.000	0.663	0.000	0.663	0.000
13	I	0.000	0.663	0.000	0.661	0.002
14	L	0.000	0.663	0.000	0.646	0.017
15	L	0.000	0.663	0.000	0.612	0.051
16	G	0.000	0.663	0.000	0.542	0.120
17	C	0.001	0.662	0.000	0.300	0.361
18	L	0.007	0.654	0.000	0.150	0.504
19	V	0.011	0.644	0.000	0.056	0.588
20	I	0.000	0.644	0.000	0.007	0.637
21	P	0.000	0.644	0.000	0.000	0.644
22	G	0.325	0.319	0.000	0.000	0.319
23	V	0.161	0.158	0.000	0.000	0.158
24	T	0.000	0.158	0.000	0.000	0.158
25	V	0.158	0.000	0.000	0.000	0.000
26	K	0.000	0.000	0.000	0.000	0.000
27	H	0.000	0.000	0.000	0.000	0.000
28	E	0.000	0.000	0.000	0.000	0.000
29	N	0.000	0.000	0.000	0.000	0.000
30	F	0.000	0.000	0.000	0.000	0.000
31	K	0.000	0.000	0.000	0.000	0.000
32	T	0.000	0.000	0.000	0.000	0.000
33	C	0.000	0.000	0.000	0.000	0.000
34	S	0.000	0.000	0.000	0.000	0.000
35	Q	0.000	0.000	0.000	0.000	0.000
36	S	0.000	0.000	0.000	0.000	0.000
37	G	0.000	0.000	0.000	0.000	0.000
38	F	0.000	0.000	0.000	0.000	0.000
39	C	0.000	0.000	0.000	0.000	0.000
40	K	0.000	0.000	0.000	0.000	0.000
>XP_001393903.2
pos	aa	C	S	n-reg	h-reg	c-reg
1	M	0.000	0.908	0.908	0.000	0.000
2	T	0.000	0.908	0.908	0.000	0.000
3	L	0.000	0.908	0.905	0.002	0.000
4	L	0.000	0.908	0.904	0.003	0.000
5	K	0.000	0.908	0.904	0.003	0.000
6	N	0.000	0.908	0.823	0.085	0.000
7	I	0.000	0.908	0.119	0.789	0.000
8	L	0.000	0.908	0.042	0.866	0.000
9	A	0.000	0.908	0.021	0.886	0.000
10	F	0.000	0.908	0.001	0.907	0.000
11	S	0.000	0.908	0.000	0.907	0.001
12	M	0.000	0.908	0.000	0.907	0.001
13	G	0.000	0.908	0.000	0.907	0.001
14	L	0.000	0.908	0.000	0.903	0.005
15	A	0.000	0.908	0.000	0.783	0.125
16	S	0.000	0.907	0.000	0.726	0.181
17	L	0.000	0.907	0.000	0.711	0.196
18	G	0.000	0.907	0.000	0.020	0.887
19	G	0.004	0.903	0.000	0.002	0.901
20	A	0.013	0.890	0.000	0.000	0.890
21	Y	0.013	0.877	0.000	0.000	0.877
22	A	0.000	0.877	0.000	0.000	0.877
23	K	0.874	0.003	0.000	0.000	0.003
24	L	0.000	0.003	0.000	0.000	0.003
25	D	0.002	0.001	0.000	0.000	0.001
26	L	0.000	0.001	0.000	0.000	0.001
27	S	0.000	0.001	0.000	0.000	0.001
28	S	0.000	0.000	0.000	0.000	0.000
29	S	0.000	0.000	0.000	0.000	0.000
30	N	0.000	0.000	0.000	0.000	0.000
31	N	0.000	0.000	0.000	0.000	0.000
32	V	0.000	0.000	0.000	0.000	0.000
33	V	0.000	0.000	0.000	0.000	0.000
34	V	0.000	0.000	0.000	0.000	0.000
35	Y	0.000	0.000	0.000	0.000	0.000
36	W	0.000	0.000	0.000	0.000	0.000
37	G	0.000	0.000	0.000	0.000	0.000
38	Q	0.000	0.000	0.000	0.000	0.000
39	N	0.000	0.000	0.000	0.000	0.000
40	S	0.000	0.000	0.000	0.000	0.000
>XP_001393905.1
pos	aa	C	S	n-reg	h-reg	c-reg
1	M	0.000	0.950	0.950	0.000	0.000
2	A	0.000	0.950	0.950	0.000	0.000
3	P	0.000	0.950	0.949	0.001	0.000
4	K	0.000	0.950	0.945	0.005	0.000
5	S	0.000	0.950	0.757	0.193	0.000
6	L	0.000	0.950	0.177	0.773	0.000
7	F	0.000	0.950	0.039	0.911	0.000
8	Y	0.000	0.950	0.028	0.922	0.000
9	S	0.000	0.950	0.010	0.940	0.000
10	L	0.000	0.950	0.002	0.948	0.000
11	F	0.000	0.950	0.000	0.950	0.000
12	S	0.000	0.950	0.000	0.946	0.004
13	T	0.000	0.950	0.000	0.903	0.047
14	I	0.000	0.950	0.000	0.818	0.132
15	S	0.000	0.950	0.000	0.282	0.668
16	V	0.000	0.950	0.000	0.245	0.704
17	A	0.000	0.950	0.000	0.042	0.908
18	L	0.003	0.947	0.000	0.027	0.920
19	A	0.001	0.946	0.000	0.003	0.942
20	S	0.646	0.299	0.000	0.001	0.298
21	S	0.005	0.294	0.000	0.000	0.294
22	I	0.268	0.026	0.000	0.000	0.026
23	P	0.000	0.026	0.000	0.000	0.026
24	Q	0.020	0.006	0.000	0.000	0.006
25	T	0.003	0.002	0.000	0.000	0.002
26	D	0.002	0.000	0.000	0.000	0.000
27	Y	0.000	0.000	0.000	0.000	0.000
28	D	0.000	0.000	0.000	0.000	0.000
29	V	0.000	0.000	0.000	0.000	0.000
30	I	0.000	0.000	0.000	0.000	0.000
31	V	0.000	0.000	0.000	0.000	0.000
32	V	0.000	0.000	0.000	0.000	0.000
33	G	0.000	0.000	0.000	0.000	0.000
34	G	0.000	0.000	0.000	0.000	0.000
35	G	0.000	0.000	0.000	0.000	0.000
36	P	0.000	0.000	0.000	0.000	0.000
37	A	0.000	0.000	0.000	0.000	0.000
38	G	0.000	0.000	0.000	0.000	0.000
39	L	0.000	0.000	0.000	0.000	0.000
40	S	0.000	0.000	0.000	0.000	0.000
>XP_001393925.1
pos	aa	C	S	n-reg	h-reg	c-reg
1	M	0.000	1.000	1.000	0.000	0.000
2	F	0.000	1.000	1.000	0.000	0.000
3	S	0.000	1.000	0.996	0.004	0.000
4	W	0.000	1.000	0.967	0.033	0.000
5	I	0.000	1.000	0.933	0.067	0.000
6	R	0.000	1.000	0.918	0.082	0.000
7	L	0.000	1.000	0.129	0.871	0.000
8	L	0.000	1.000	0.005	0.995	0.000
9	G	0.000	1.000	0.002	0.998	0.000
10	A	0.000	1.000	0.000	1.000	0.000
11	L	0.000	1.000	0.000	1.000	0.000
12	L	0.000	1.000	0.000	1.000	0.000
13	L	0.000	1.000	0.000	0.996	0.004
14	L	0.000	1.000	0.000	0.991	0.009
15	A	0.000	1.000	0.000	0.849	0.151
16	S	0.000	1.000	0.000	0.071	0.929
17	V	0.000	1.000	0.000	0.046	0.954
18	A	0.000	1.000	0.000	0.006	0.994
19	H	0.003	0.997	0.000	0.000	0.997
20	A	0.000	0.997	0.000	0.000	0.997
21	Q	0.982	0.015	0.000	0.000	0.015
22	F	0.000	0.015	0.000	0.000	0.015
23	Q	0.000	0.015	0.000	0.000	0.015
24	F	0.001	0.014	0.000	0.000	0.014
25	F	0.000	0.014	0.000	0.000	0.014
26	E	0.000	0.014	0.000	0.000	0.014
27	H	0.000	0.014	0.000	0.000	0.014
28	M	0.000	0.014	0.000	0.000	0.014
29	F	0.000	0.014	0.000	0.000	0.014
30	G	0.000	0.014	0.000	0.000	0.014
31	G	0.000	0.014	0.000	0.000	0.014
32	G	0.000	0.014	0.000	0.000	0.014
33	G	0.000	0.014	0.000	0.000	0.014
34	G	0.000	0.013	0.000	0.000	0.013
35	G	0.005	0.009	0.000	0.000	0.009
36	G	0.004	0.005	0.000	0.000	0.005
37	G	0.002	0.002	0.000	0.000	0.002
38	H	0.001	0.001	0.000	0.000	0.001
39	Q	0.000	0.001	0.000	0.000	0.001
40	G	0.000	0.000	0.000	0.000	0.000
>XP_001393932.2
pos	aa	C	S	n-reg	h-reg	c-reg
1	M	0.000	0.077	0.077	0.000	0.000
2	M	0.000	0.084	0.084	0.000	0.000
3	D	0.000	0.084	0.084	0.000	0.000
4	S	0.000	0.084	0.084	0.000	0.000
5	H	0.000	0.084	0.084	0.000	0.000
6	N	0.000	0.084	0.084	0.000	0.000
7	H	0.000	0.084	0.084	0.000	0.000
8	F	0.000	0.084	0.084	0.000	0.000
9	A	0.000	0.084	0.084	0.000	0.000
10	R	0.000	0.084	0.084	0.000	0.000
11	T	0.000	0.084	0.084	0.000	0.000
12	D	0.000	0.084	0.084	0.000	0.000
13	D	0.000	0.084	0.084	0.000	0.000
14	G	0.000	0.084	0.084	0.000	0.000
15	A	0.000	0.084	0.084	0.000	0.000
16	H	0.000	0.084	0.084	0.000	0.000
17	G	0.000	0.084	0.084	0.000	0.000
18	S	0.000	0.084	0.084	0.000	0.000
19	Y	0.000	0.084	0.084	0.000	0.000
20	M	0.000	0.084	0.084	0.000	0.000
21	S	0.000	0.084	0.084	0.000	0.000
22	P	0.000	0.084	0.084	0.000	0.000
23	R	0.000	0.084	0.084	0.000	0.000
24	G	0.000	0.084	0.083	0.000	0.000
25	G	0.000	0.084	0.083	0.000	0.000
26	R	0.000	0.084	0.083	0.001	0.000
27	A	0.000	0.084	0.044	0.039	0.000
28	L	0.000	0.084	0.013	0.071	0.000
29	A	0.000	0.084	0.008	0.076	0.000
30	V	0.000	0.084	0.005	0.079	0.000
31	S	0.000	0.084	0.003	0.080	0.000
32	V	0.000	0.084	0.003	0.081	0.000
33	V	0.000	0.084	0.003	0.081	0.000
34	F	0.000	0.084	0.003	0.081	0.000
35	T	0.000	0.084	0.003	0.074	0.007
36	S	0.000	0.084	0.003	0.063	0.018
37	L	0.000	0.084	0.003	0.060	0.021
38	A	0.000	0.084	0.003	0.053	0.028
39	T	0.001	0.082	0.003	0.015	0.065
40	C	0.000	0.082	0.003	0.005	0.074
>XP_001393938.2
pos	aa	C	S	n-reg	h-reg	c-reg
1	M	0.000	0.988	0.988	0.000	0.000
2	L	0.000	0.988	0.988	0.000	0.000
3	I	0.000	0.988	0.893	0.095	0.000
4	D	0.000	0.988	0.866	0.123	0.000
5	C	0.000	0.988	0.411	0.577	0.000
6	L	0.000	0.988	0.021	0.967	0.000
7	I	0.000	0.988	0.004	0.984	0.000
8	L	0.000	0.988	0.002	0.987	0.000
9	W	0.000	0.988	0.001	0.987	0.000
10	F	0.000	0.988	0.000	0.988	0.000
11	L	0.000	0.988	0.000	0.986	0.003
12	V	0.000	0.988	0.000	0.982	0.007
13	A	0.000	0.988	0.000	0.868	0.120
14	T	0.000	0.988	0.000	0.088	0.900
15	P	0.000	0.988	0.000	0.049	0.939
16	V	0.000	0.988	0.000	0.037	0.951
17	L	0.000	0.988	0.000	0.032	0.957
18	A	0.000	0.988	0.000	0.014	0.973
19	R	0.873	0.115	0.000	0.001	0.114
20	T	0.000	0.115	0.000	0.000	0.114
21	G	0.076	0.038	0.000	0.000	0.038
22	P	0.000	0.038	0.000	0.000	0.038
23	Q	0.014	0.024	0.000	0.000	0.024
24	T	0.000	0.024	0.000	0.000	0.024
25	V	0.000	0.023	0.000	0.000	0.023
26	F	0.000	0.023	0.000	0.000	0.023
27	A	0.000	0.023	0.000	0.000	0.023
28	H	0.023	0.001	0.000	0.000	0.001
29	F	0.000	0.001	0.000	0.000	0.001
30	I	0.000	0.001	0.000	0.000	0.001
31	V	0.000	0.001	0.000	0.000	0.001
32	G	0.000	0.001	0.000	0.000	0.001
33	N	0.000	0.001	0.000	0.000	0.001
34	A	0.000	0.001	0.000	0.000	0.001
35	A	0.000	0.001	0.000	0.000	0.001
36	A	0.000	0.000	0.000	0.000	0.000
37	M	0.000	0.000	0.000	0.000	0.000
38	T	0.000	0.000	0.000	0.000	0.000
39	P	0.000	0.000	0.000	0.000	0.000
40	E	0.000	0.000	0.000	0.000	0.000
>XP_001393954.2
pos	aa	C	S	n-reg	h-reg	c-reg
1	M	0.000	0.228	0.228	0.000	0.000
2	V	0.000	0.228	0.228	0.000	0.000
3	F	0.000	0.228	0.228	0.000	0.000
4	K	0.000	0.228	0.228	0.000	0.000
5	P	0.000	0.228	0.212	0.016	0.000
6	L	0.000	0.228	0.044	0.184	0.000
7	T	0.000	0.228	0.025	0.203	0.000
8	I	0.000	0.228	0.010	0.218	0.000
9	A	0.000	0.228	0.001	0.227	0.000
10	A	0.000	0.228	0.001	0.227	0.000
11	A	0.000	0.228	0.000	0.228	0.000
12	I	0.000	0.228	0.000	0.228	0.000
13	A	0.000	0.228	0.000	0.226	0.001
14	G	0.000	0.228	0.000	0.203	0.025
15	L	0.000	0.228	0.000	0.197	0.031
16	T	0.000	0.228	0.000	0.184	0.044
17	P	0.000	0.228	0.000	0.006	0.222
18	F	0.000	0.228	0.000	0.004	0.224
19	V	0.000	0.228	0.000	0.002	0.226
20	S	0.000	0.228	0.000	0.001	0.227
21	A	0.000	0.228	0.000	0.001	0.227
22	F	0.224	0.004	0.000	0.000	0.004
23	D	0.000	0.004	0.000	0.000	0.004
24	A	0.000	0.004	0.000	0.000	0.004
25	Q	0.001	0.002	0.000	0.000	0.002
26	A	0.000	0.002	0.000	0.000	0.002
27	K	0.002	0.000	0.000	0.000	0.000
28	S	0.000	0.000	0.000	0.000	0.000
29	N	0.000	0.000	0.000	0.000	0.000
30	V	0.000	0.000	0.000	0.000	0.000
31	A	0.000	0.000	0.000	0.000	0.000
32	V	0.000	0.000	0.000	0.000	0.000
33	Y	0.000	0.000	0.000	0.000	0.000
34	Y	0.000	0.000	0.000	0.000	0.000
35	G	0.000	0.000	0.000	0.000	0.000
36	Q	0.000	0.000	0.000	0.000	0.000
37	G	0.000	0.000	0.000	0.000	0.000
38	Y	0.000	0.000	0.000	0.000	0.000
39	G	0.000	0.000	0.000	0.000	0.000
40	Q	0.000	0.000	0.000	0.000	0.000
>XP_001393955.2
pos	aa	C	S	n-reg	h-reg	c-reg
1	M	0.000	0.747	0.747	0.000	0.000
2	P	0.000	0.894	0.894	0.000	0.000
3	H	0.000	0.894	0.894	0.000	0.000
4	P	0.000	0.894	0.886	0.008	0.000
5	F	0.000	0.894	0.820	0.074	0.000
6	C	0.000	0.894	0.731	0.163	0.000
7	W	0.000	0.894	0.673	0.221	0.000
8	P	0.000	0.894	0.613	0.281	0.000
9	F	0.000	0.894	0.282	0.612	0.000
10	L	0.000	0.894	0.161	0.733	0.000
11	F	0.000	0.894	0.131	0.762	0.000
12	P	0.000	0.894	0.122	0.771	0.001
13	F	0.000	0.894	0.074	0.817	0.003
14	F	0.000	0.894	0.050	0.837	0.007
15	F	0.000	0.894	0.038	0.843	0.013
16	F	0.000	0.894	0.031	0.809	0.053
17	F	0.000	0.894	0.029	0.666	0.199
18	L	0.000	0.894	0.028	0.557	0.310
19	P	0.000	0.894	0.027	0.375	0.492
20	S	0.001	0.892	0.024	0.231	0.637
21	S	0.004	0.888	0.019	0.186	0.683
22	Y	0.012	0.876	0.010	0.173	0.693
23	F	0.000	0.876	0.002	0.176	0.698
24	A	0.000	0.876	0.001	0.167	0.708
25	F	0.391	0.484	0.000	0.165	0.319
26	L	0.000	0.483	0.000	0.156	0.327
27	Y	0.089	0.389	0.000	0.147	0.243
28	T	0.000	0.386	0.000	0.141	0.244
29	Y	0.099	0.283	0.000	0.138	0.146
30	T	0.000	0.280	0.000	0.135	0.146
31	L	0.044	0.234	0.000	0.131	0.103
32	Y	0.000	0.226	0.000	0.122	0.104
33	I	0.000	0.218	0.000	0.114	0.104
34	L	0.000	0.200	0.000	0.095	0.105
35	S	0.000	0.142	0.000	0.036	0.105
36	H	0.042	0.070	0.000	0.007	0.064
37	P	0.000	0.066	0.000	0.002	0.064
38	T	0.009	0.056	0.000	0.002	0.055
39	F	0.000	0.056	0.000	0.001	0.054
40	P	0.000	0.055	0.000	0.000	0.054
>XP_001393987.2
pos	aa	C	S	n-reg	h-reg	c-reg
1	M	0.000	0.249	0.249	0.000	0.000
2	A	0.000	0.848	0.848	0.000	0.000
3	V	0.000	0.848	0.848	0.000	0.000
4	N	0.000	0.848	0.848	0.000	0.000
5	F	0.000	0.848	0.848	0.000	0.000
6	P	0.000	0.848	0.848	0.000	0.000
7	W	0.000	0.848	0.847	0.000	0.000
8	I	0.000	0.848	0.847	0.001	0.000
9	Y	0.000	0.848	0.847	0.001	0.000
10	P	0.000	0.848	0.847	0.001	0.000
11	V	0.000	0.848	0.844	0.004	0.000
12	R	0.000	0.848	0.842	0.005	0.000
13	V	0.000	0.848	0.484	0.363	0.000
14	I	0.000	0.848	0.387	0.461	0.000
15	Q	0.000	0.848	0.355	0.493	0.000
16	A	0.000	0.848	0.201	0.647	0.000
17	I	0.000	0.848	0.091	0.756	0.000
18	F	0.000	0.848	0.058	0.790	0.000
19	G	0.000	0.848	0.043	0.804	0.001
20	I	0.000	0.847	0.018	0.828	0.001
21	I	0.000	0.847	0.011	0.830	0.006
22	V	0.000	0.847	0.009	0.814	0.025
23	L	0.000	0.847	0.008	0.798	0.041
24	A	0.000	0.847	0.008	0.757	0.082
25	L	0.006	0.836	0.008	0.722	0.105
26	T	0.000	0.815	0.008	0.662	0.145
27	A	0.029	0.768	0.008	0.619	0.141
28	Y	0.033	0.707	0.008	0.555	0.143
29	Y	0.000	0.679	0.008	0.513	0.157
30	I	0.000	0.655	0.008	0.486	0.161
31	S	0.000	0.596	0.008	0.420	0.167
32	W	0.002	0.565	0.008	0.381	0.176
33	F	0.000	0.528	0.008	0.342	0.177
34	A	0.000	0.441	0.008	0.255	0.178
35	Y	0.006	0.331	0.008	0.151	0.171
36	S	0.000	0.243	0.008	0.064	0.171
37	S	0.039	0.163	0.008	0.022	0.133
38	D	0.000	0.142	0.008	0.002	0.132
39	S	0.000	0.142	0.008	0.002	0.132
40	P	0.000	0.142	0.008	0.002	0.132
>XP_001393990.1
pos	aa	C	S	n-reg	h-reg	c-reg
1	M	0.000	1.000	1.000	0.000	0.000
2	H	0.000	1.000	1.000	0.000	0.000
3	L	0.000	1.000	0.651	0.349	0.000
4	S	0.000	1.000	0.492	0.508	0.000
5	L	0.000	1.000	0.274	0.726	0.000
6	F	0.000	1.000	0.174	0.826	0.000
7	S	0.000	1.000	0.101	0.899	0.000
8	L	0.000	1.000	0.027	0.973	0.000
9	F	0.000	1.000	0.014	0.986	0.000
10	S	0.000	1.000	0.009	0.991	0.000
11	L	0.000	1.000	0.001	0.992	0.007
12	L	0.000	1.000	0.000	0.959	0.041
13	S	0.000	1.000	0.000	0.812	0.187
14	A	0.000	1.000	0.000	0.679	0.320
15	S	0.000	1.000	0.000	0.420	0.579
16	T	0.000	0.999	0.000	0.218	0.781
17	L	0.002	0.997	0.000	0.174	0.823
18	A	0.002	0.995	0.000	0.117	0.878
19	T	0.076	0.919	0.000	0.024	0.895
20	A	0.004	0.915	0.000	0.002	0.913
21	A	0.274	0.641	0.000	0.001	0.640
22	S	0.017	0.623	0.000	0.000	0.623
23	A	0.070	0.554	0.000	0.000	0.554
24	A	0.468	0.086	0.000	0.000	0.086
25	R	0.075	0.011	0.000	0.000	0.011
26	H	0.000	0.011	0.000	0.000	0.011
27	L	0.000	0.011	0.000	0.000	0.011
28	T	0.000	0.011	0.000	0.000	0.011
29	I	0.001	0.010	0.000	0.000	0.010
30	T	0.000	0.010	0.000	0.000	0.010
31	I	0.009	0.001	0.000	0.000	0.001
32	P	0.000	0.001	0.000	0.000	0.001
33	P	0.000	0.001	0.000	0.000	0.001
34	S	0.000	0.001	0.000	0.000	0.001
35	T	0.000	0.000	0.000	0.000	0.000
36	I	0.000	0.000	0.000	0.000	0.000
37	L	0.000	0.000	0.000	0.000	0.000
38	P	0.000	0.000	0.000	0.000	0.000
39	N	0.000	0.000	0.000	0.000	0.000
40	P	0.000	0.000	0.000	0.000	0.000
>XP_001394008.1
pos	aa	C	S	n-reg	h-reg	c-reg
1	M	0.000	0.999	0.999	0.000	0.000
2	Q	0.000	1.000	1.000	0.000	0.000
3	S	0.000	1.000	0.858	0.141	0.000
4	T	0.000	1.000	0.437	0.563	0.000
5	L	0.000	1.000	0.150	0.850	0.000
6	L	0.000	1.000	0.041	0.959	0.000
7	L	0.000	1.000	0.013	0.987	0.000
8	S	0.000	1.000	0.011	0.989	0.000
9	A	0.000	1.000	0.005	0.995	0.000
10	L	0.000	1.000	0.001	0.999	0.000
11	I	0.000	1.000	0.000	0.993	0.007
12	A	0.000	1.000	0.000	0.860	0.140
13	M	0.000	1.000	0.000	0.769	0.230
14	V	0.000	1.000	0.000	0.727	0.273
15	I	0.000	1.000	0.000	0.311	0.689
16	S	0.000	1.000	0.000	0.089	0.911
17	V	0.007	0.993	0.000	0.020	0.972
18	V	0.000	0.993	0.000	0.014	0.979
19	A	0.000	0.992	0.000	0.010	0.982
20	L	0.917	0.075	0.000	0.009	0.066
21	P	0.009	0.065	0.000	0.001	0.065
22	T	0.043	0.023	0.000	0.000	0.022
23	G	0.005	0.018	0.000	0.000	0.018
24	D	0.004	0.014	0.000	0.000	0.014
25	T	0.000	0.014	0.000	0.000	0.014
26	R	0.011	0.003	0.000	0.000	0.003
27	L	0.000	0.003	0.000	0.000	0.003
28	A	0.001	0.002	0.000	0.000	0.002
29	Q	0.001	0.000	0.000	0.000	0.000
30	L	0.000	0.000	0.000	0.000	0.000
31	R	0.000	0.000	0.000	0.000	0.000
32	L	0.000	0.000	0.000	0.000	0.000
33	F	0.000	0.000	0.000	0.000	0.000
34	G	0.000	0.000	0.000	0.000	0.000
35	E	0.000	0.000	0.000	0.000	0.000
36	P	0.000	0.000	0.000	0.000	0.000
37	G	0.000	0.000	0.000	0.000	0.000
38	C	0.000	0.000	0.000	0.000	0.000
39	Y	0.000	0.000	0.000	0.000	0.000
40	N	0.000	0.000	0.000	0.000	0.000
>XP_001394012.2
pos	aa	C	S	n-reg	h-reg	c-reg
1	M	0.000	0.340	0.340	0.000	0.000
2	P	0.000	0.616	0.616	0.000	0.000
3	L	0.000	0.616	0.616	0.000	0.000
4	E	0.000	0.616	0.616	0.000	0.000
5	G	0.000	0.616	0.616	0.000	0.000
6	R	0.000	0.616	0.616	0.000	0.000
7	S	0.000	0.616	0.613	0.004	0.000
8	E	0.000	0.616	0.608	0.008	0.000
9	A	0.000	0.616	0.379	0.238	0.000
10	L	0.000	0.616	0.138	0.479	0.000
11	V	0.000	0.616	0.057	0.560	0.000
12	A	0.000	0.616	0.033	0.584	0.000
13	V	0.000	0.616	0.016	0.600	0.000
14	S	0.000	0.616	0.011	0.605	0.000
15	V	0.000	0.616	0.005	0.611	0.000
16	V	0.000	0.616	0.004	0.611	0.001
17	V	0.000	0.616	0.004	0.581	0.031
18	M	0.000	0.616	0.004	0.555	0.057
19	V	0.000	0.616	0.004	0.541	0.071
20	I	0.000	0.616	0.004	0.519	0.094
21	S	0.000	0.612	0.004	0.455	0.152
22	L	0.046	0.562	0.004	0.311	0.247
23	V	0.012	0.537	0.004	0.268	0.265
24	T	0.000	0.503	0.004	0.223	0.276
25	V	0.016	0.458	0.004	0.191	0.263
26	S	0.000	0.384	0.004	0.116	0.264
27	F	0.255	0.095	0.004	0.081	0.010
28	R	0.000	0.014	0.004	0.000	0.010
29	C	0.000	0.014	0.004	0.000	0.010
30	F	0.006	0.008	0.004	0.000	0.004
31	V	0.000	0.008	0.004	0.000	0.004
32	R	0.000	0.008	0.004	0.000	0.004
33	W	0.000	0.008	0.004	0.000	0.004
34	R	0.000	0.008	0.004	0.000	0.004
35	I	0.000	0.008	0.004	0.000	0.004
36	L	0.000	0.008	0.004	0.000	0.004
37	K	0.000	0.008	0.004	0.000	0.004
38	A	0.000	0.008	0.004	0.000	0.004
39	F	0.001	0.007	0.004	0.000	0.003
40	G	0.000	0.007	0.004	0.000	0.003
>XP_001394013.2
pos	aa	C	S	n-reg	h-reg	c-reg
1	M	0.000	0.059	0.059	0.000	0.000
2	A	0.000	0.188	0.188	0.000	0.000
3	R	0.000	0.188	0.188	0.000	0.000
4	P	0.000	0.188	0.187	0.000	0.000
5	D	0.000	0.188	0.186	0.001	0.000
6	V	0.000	0.188	0.157	0.031	0.000
7	G	0.000	0.188	0.135	0.053	0.000
8	Q	0.000	0.188	0.113	0.075	0.000
9	V	0.000	0.188	0.038	0.150	0.000
10	V	0.000	0.188	0.021	0.167	0.000
11	A	0.000	0.188	0.016	0.171	0.000
12	W	0.000	0.188	0.013	0.174	0.000
13	Y	0.000	0.188	0.010	0.178	0.000
14	I	0.000	0.188	0.006	0.175	0.006
15	C	0.000	0.188	0.006	0.160	0.022
16	T	0.000	0.188	0.006	0.135	0.047
17	V	0.000	0.188	0.006	0.131	0.051
18	A	0.000	0.188	0.005	0.129	0.054
19	A	0.009	0.179	0.005	0.127	0.047
20	C	0.018	0.161	0.005	0.127	0.029
21	I	0.027	0.134	0.005	0.126	0.002
22	F	0.000	0.132	0.005	0.124	0.003
23	L	0.000	0.128	0.005	0.120	0.003
24	V	0.002	0.113	0.005	0.108	0.001
25	F	0.000	0.082	0.005	0.076	0.001
26	R	0.000	0.008	0.005	0.001	0.002
27	L	0.000	0.008	0.005	0.001	0.002
28	I	0.001	0.007	0.005	0.001	0.002
29	I	0.000	0.007	0.005	0.000	0.002
30	R	0.000	0.007	0.005	0.000	0.002
31	W	0.000	0.007	0.005	0.000	0.002
32	R	0.000	0.007	0.005	0.000	0.002
33	L	0.000	0.007	0.005	0.000	0.002
34	L	0.001	0.007	0.005	0.000	0.001
35	K	0.001	0.005	0.005	0.000	0.000
36	K	0.000	0.005	0.005	0.000	0.000
37	L	0.000	0.005	0.005	0.000	0.000
38	Y	0.000	0.005	0.005	0.000	0.000
39	L	0.000	0.005	0.005	0.000	0.000
40	D	0.000	0.005	0.005	0.000	0.000
>XP_001394014.2
pos	aa	C	S	n-reg	h-reg	c-reg
1	M	0.000	0.969	0.969	0.000	0.000
2	G	0.000	0.969	0.969	0.000	0.000
3	V	0.000	0.969	0.969	0.000	0.000
4	M	0.000	0.969	0.969	0.000	0.000
5	R	0.000	0.969	0.969	0.000	0.000
6	K	0.000	0.969	0.969	0.000	0.000
7	T	0.000	0.969	0.969	0.001	0.000
8	A	0.000	0.969	0.967	0.002	0.000
9	D	0.000	0.969	0.965	0.004	0.000
10	Q	0.000	0.969	0.929	0.040	0.000
11	A	0.000	0.969	0.499	0.471	0.000
12	L	0.000	0.969	0.151	0.819	0.000
13	G	0.000	0.969	0.108	0.861	0.000
14	L	0.000	0.969	0.027	0.942	0.000
15	T	0.000	0.969	0.007	0.962	0.000
16	A	0.000	0.969	0.004	0.965	0.000
17	T	0.000	0.969	0.002	0.967	0.000
18	A	0.000	0.969	0.001	0.967	0.001
19	L	0.000	0.969	0.000	0.955	0.014
20	A	0.000	0.969	0.000	0.845	0.124
21	L	0.000	0.969	0.000	0.804	0.165
22	V	0.000	0.969	0.000	0.703	0.267
23	S	0.000	0.969	0.000	0.043	0.926
24	A	0.000	0.969	0.000	0.021	0.948
25	A	0.065	0.904	0.000	0.010	0.894
26	Q	0.029	0.874	0.000	0.002	0.872
27	A	0.011	0.864	0.000	0.002	0.862
28	T	0.794	0.070	0.000	0.001	0.069
29	S	0.001	0.069	0.000	0.000	0.069
30	P	0.013	0.055	0.000	0.000	0.055
31	S	0.034	0.021	0.000	0.000	0.021
32	V	0.005	0.017	0.000	0.000	0.017
33	T	0.000	0.017	0.000	0.000	0.017
34	V	0.001	0.015	0.000	0.000	0.015
35	S	0.000	0.015	0.000	0.000	0.015
36	Q	0.008	0.007	0.000	0.000	0.007
37	G	0.000	0.006	0.000	0.000	0.006
38	L	0.006	0.000	0.000	0.000	0.000
39	I	0.000	0.000	0.000	0.000	0.000
40	R	0.000	0.000	0.000	0.000	0.000
>XP_001394015.1
pos	aa	C	S	n-reg	h-reg	c-reg
1	M	0.000	0.995	0.995	0.000	0.000
2	K	0.000	0.995	0.995	0.000	0.000
3	L	0.000	0.995	0.712	0.283	0.000
4	P	0.000	0.995	0.627	0.368	0.000
5	Y	0.000	0.995	0.548	0.447	0.000
6	F	0.000	0.995	0.151	0.844	0.000
7	L	0.000	0.995	0.016	0.979	0.000
8	L	0.000	0.995	0.007	0.988	0.000
9	G	0.000	0.995	0.004	0.991	0.000
10	L	0.000	0.995	0.000	0.995	0.000
11	A	0.000	0.995	0.000	0.927	0.068
12	G	0.000	0.995	0.000	0.702	0.293
13	L	0.000	0.995	0.000	0.686	0.309
14	A	0.000	0.995	0.000	0.508	0.487
15	A	0.003	0.992	0.000	0.364	0.628
16	A	0.035	0.957	0.000	0.304	0.653
17	S	0.331	0.626	0.000	0.240	0.386
18	P	0.001	0.625	0.000	0.002	0.623
19	M	0.039	0.586	0.000	0.000	0.585
20	G	0.000	0.586	0.000	0.000	0.586
21	L	0.007	0.579	0.000	0.000	0.579
22	A	0.021	0.558	0.000	0.000	0.558
23	E	0.553	0.005	0.000	0.000	0.005
24	R	0.000	0.005	0.000	0.000	0.005
25	Q	0.000	0.005	0.000	0.000	0.005
26	L	0.000	0.005	0.000	0.000	0.005
27	S	0.000	0.004	0.000	0.000	0.004
28	D	0.001	0.003	0.000	0.000	0.003
29	G	0.000	0.003	0.000	0.000	0.003
30	N	0.003	0.000	0.000	0.000	0.000
31	E	0.000	0.000	0.000	0.000	0.000
32	L	0.000	0.000	0.000	0.000	0.000
33	R	0.000	0.000	0.000	0.000	0.000
34	D	0.000	0.000	0.000	0.000	0.000
35	G	0.000	0.000	0.000	0.000	0.000
36	S	0.000	0.000	0.000	0.000	0.000
37	C	0.000	0.000	0.000	0.000	0.000
38	K	0.000	0.000	0.000	0.000	0.000
39	P	0.000	0.000	0.000	0.000	0.000
40	I	0.000	0.000	0.000	0.000	0.000
>XP_001394016.1
pos	aa	C	S	n-reg	h-reg	c-reg
1	M	0.000	0.554	0.554	0.000	0.000
2	T	0.000	0.555	0.555	0.000	0.000
3	A	0.000	0.555	0.555	0.000	0.000
4	P	0.000	0.555	0.555	0.000	0.000
5	M	0.000	0.555	0.555	0.000	0.000
6	S	0.000	0.555	0.555	0.000	0.000
7	A	0.000	0.555	0.555	0.000	0.000
8	T	0.000	0.555	0.555	0.000	0.000
9	A	0.000	0.555	0.555	0.000	0.000
10	A	0.000	0.555	0.555	0.000	0.000
11	A	0.000	0.555	0.555	0.000	0.000
12	R	0.000	0.555	0.554	0.000	0.000
13	A	0.000	0.555	0.554	0.001	0.000
14	D	0.000	0.555	0.553	0.001	0.000
15	W	0.000	0.555	0.547	0.008	0.000
16	R	0.000	0.555	0.537	0.018	0.000
17	A	0.000	0.555	0.208	0.346	0.000
18	I	0.000	0.555	0.070	0.485	0.000
19	A	0.000	0.555	0.034	0.521	0.000
20	I	0.000	0.555	0.006	0.549	0.000
21	C	0.000	0.555	0.001	0.553	0.000
22	L	0.000	0.555	0.000	0.554	0.000
23	F	0.000	0.555	0.000	0.553	0.002
24	I	0.000	0.555	0.000	0.544	0.011
25	T	0.000	0.555	0.000	0.409	0.146
26	I	0.000	0.555	0.000	0.319	0.236
27	A	0.000	0.555	0.000	0.278	0.277
28	A	0.040	0.514	0.000	0.095	0.419
29	F	0.129	0.385	0.000	0.041	0.345
30	Q	0.000	0.385	0.000	0.011	0.374
31	F	0.097	0.288	0.000	0.008	0.281
32	G	0.000	0.288	0.000	0.001	0.287
33	F	0.183	0.105	0.000	0.000	0.105
34	D	0.000	0.105	0.000	0.000	0.105
35	S	0.000	0.105	0.000	0.000	0.105
36	S	0.016	0.088	0.000	0.000	0.088
37	Y	0.083	0.005	0.000	0.000	0.005
38	Y	0.000	0.005	0.000	0.000	0.005
39	S	0.000	0.005	0.000	0.000	0.005
40	G	0.002	0.003	0.000	0.000	0.003
>XP_001394024.1
pos	aa	C	S	n-reg	h-reg	c-reg
1	M	0.000	0.975	0.975	0.000	0.000
2	H	0.000	0.975	0.975	0.000	0.000
3	S	0.000	0.975	0.837	0.138	0.000
4	I	0.000	0.975	0.486	0.489	0.000
5	S	0.000	0.975	0.424	0.551	0.000
6	A	0.000	0.975	0.204	0.771	0.000
7	L	0.000	0.975	0.007	0.968	0.000
8	L	0.000	0.975	0.002	0.973	0.000
9	S	0.000	0.975	0.000	0.974	0.000
10	L	0.000	0.975	0.000	0.975	0.000
11	L	0.000	0.975	0.000	0.969	0.006
12	G	0.000	0.975	0.000	0.898	0.077
13	G	0.000	0.975	0.000	0.872	0.103
14	L	0.000	0.975	0.000	0.852	0.122
15	A	0.000	0.975	0.000	0.137	0.838
16	L	0.001	0.973	0.000	0.089	0.884
17	S	0.000	0.973	0.000	0.019	0.954
18	S	0.008	0.965	0.000	0.001	0.964
19	A	0.002	0.963	0.000	0.000	0.962
20	A	0.917	0.045	0.000	0.000	0.045
21	P	0.003	0.042	0.000	0.000	0.042
22	T	0.010	0.032	0.000	0.000	0.032
23	Q	0.031	0.001	0.000	0.000	0.001
24	N	0.000	0.001	0.000	0.000	0.001
25	I	0.000	0.001	0.000	0.000	0.001
26	T	0.000	0.001	0.000	0.000	0.001
27	S	0.001	0.001	0.000	0.000	0.001
28	D	0.000	0.000	0.000	0.000	0.000
29	A	0.000	0.000	0.000	0.000	0.000
30	Y	0.000	0.000	0.000	0.000	0.000
31	F	0.000	0.000	0.000	0.000	0.000
32	Y	0.000	0.000	0.000	0.000	0.000
33	G	0.000	0.000	0.000	0.000	0.000
34	Q	0.000	0.000	0.000	0.000	0.000
35	S	0.000	0.000	0.000	0.000	0.000
36	P	0.000	0.000	0.000	0.000	0.000
37	A	0.000	0.000	0.000	0.000	0.000
38	V	0.000	0.000	0.000	0.000	0.000
39	Y	0.000	0.000	0.000	0.000	0.000
40	P	0.000	0.000	0.000	0.000	0.000
>XP_001394026.2
pos	aa	C	S	n-reg	h-reg	c-reg
1	M	0.000	0.931	0.931	0.000	0.000
2	L	0.000	0.931	0.931	0.000	0.000
3	S	0.000	0.931	0.838	0.093	0.000
4	T	0.000	0.931	0.718	0.212	0.000
5	S	0.000	0.931	0.600	0.331	0.000
6	W	0.000	0.931	0.075	0.855	0.000
7	L	0.000	0.931	0.008	0.923	0.000
8	F	0.000	0.931	0.001	0.929	0.000
9	L	0.000	0.931	0.000	0.930	0.000
10	L	0.000	0.931	0.000	0.931	0.000
11	V	0.000	0.931	0.000	0.928	0.003
12	Y	0.000	0.931	0.000	0.909	0.022
13	L	0.000	0.931	0.000	0.898	0.033
14	G	0.000	0.931	0.000	0.130	0.800
15	L	0.000	0.931	0.000	0.086	0.844
16	A	0.000	0.931	0.000	0.026	0.905
17	F	0.007	0.924	0.000	0.021	0.902
18	A	0.000	0.924	0.000	0.009	0.915
19	G	0.886	0.038	0.000	0.001	0.037
20	R	0.010	0.028	0.000	0.000	0.028
21	P	0.000	0.028	0.000	0.000	0.028
22	P	0.003	0.025	0.000	0.000	0.025
23	T	0.007	0.018	0.000	0.000	0.018
24	D	0.004	0.014	0.000	0.000	0.014
25	E	0.000	0.014	0.000	0.000	0.014
26	G	0.000	0.014	0.000	0.000	0.014
27	C	0.012	0.002	0.000	0.000	0.002
28	V	0.000	0.002	0.000	0.000	0.002
29	T	0.000	0.002	0.000	0.000	0.002
30	A	0.000	0.002	0.000	0.000	0.002
31	V	0.001	0.001	0.000	0.000	0.001
32	Y	0.000	0.001	0.000	0.000	0.001
33	T	0.000	0.001	0.000	0.000	0.001
34	A	0.000	0.000	0.000	0.000	0.000
35	L	0.000	0.000	0.000	0.000	0.000
36	G	0.000	0.000	0.000	0.000	0.000
37	Y	0.000	0.000	0.000	0.000	0.000
38	L	0.000	0.000	0.000	0.000	0.000
39	S	0.000	0.000	0.000	0.000	0.000
40	F	0.000	0.000	0.000	0.000	0.000
>XP_001394031.1
pos	aa	C	S	n-reg	h-reg	c-reg
1	M	0.000	0.587	0.587	0.000	0.000
2	W	0.000	0.588	0.588	0.000	0.000
3	R	0.000	0.588	0.587	0.001	0.000
4	I	0.000	0.588	0.528	0.060	0.000
5	P	0.000	0.588	0.507	0.081	0.000
6	V	0.000	0.588	0.189	0.399	0.000
7	I	0.000	0.588	0.039	0.549	0.000
8	V	0.000	0.588	0.014	0.574	0.000
9	A	0.000	0.588	0.006	0.582	0.000
10	L	0.000	0.588	0.001	0.587	0.000
11	V	0.000	0.588	0.000	0.587	0.000
12	A	0.000	0.588	0.000	0.583	0.005
13	G	0.000	0.588	0.000	0.580	0.008
14	L	0.000	0.588	0.000	0.566	0.021
15	L	0.001	0.586	0.000	0.489	0.097
16	Y	0.005	0.581	0.000	0.374	0.208
17	W	0.000	0.581	0.000	0.301	0.280
18	V	0.000	0.581	0.000	0.059	0.522
19	R	0.000	0.581	0.000	0.000	0.580
20	K	0.000	0.581	0.000	0.000	0.581
21	Q	0.000	0.581	0.000	0.000	0.581
22	G	0.018	0.562	0.000	0.000	0.562
23	S	0.425	0.137	0.000	0.000	0.137
24	Q	0.122	0.014	0.000	0.000	0.014
25	P	0.002	0.013	0.000	0.000	0.013
26	S	0.012	0.000	0.000	0.000	0.000
27	R	0.000	0.000	0.000	0.000	0.000
28	K	0.000	0.000	0.000	0.000	0.000
29	I	0.000	0.000	0.000	0.000	0.000
30	P	0.000	0.000	0.000	0.000	0.000
31	Q	0.000	0.000	0.000	0.000	0.000
32	P	0.000	0.000	0.000	0.000	0.000
33	R	0.000	0.000	0.000	0.000	0.000
34	I	0.000	0.000	0.000	0.000	0.000
35	G	0.000	0.000	0.000	0.000	0.000
36	L	0.000	0.000	0.000	0.000	0.000
37	P	0.000	0.000	0.000	0.000	0.000
38	V	0.000	0.000	0.000	0.000	0.000
39	V	0.000	0.000	0.000	0.000	0.000
40	G	0.000	0.000	0.000	0.000	0.000
>XP_001394034.1
pos	aa	C	S	n-reg	h-reg	c-reg
1	M	0.000	0.250	0.250	0.000	0.000
2	S	0.000	0.250	0.250	0.000	0.000
3	T	0.000	0.250	0.225	0.025	0.000
4	Q	0.000	0.250	0.202	0.048	0.000
5	V	0.000	0.250	0.099	0.151	0.000
6	L	0.000	0.250	0.009	0.241	0.000
7	I	0.000	0.250	0.005	0.245	0.000
8	V	0.000	0.250	0.004	0.246	0.000
9	G	0.000	0.250	0.003	0.247	0.000
10	G	0.000	0.250	0.003	0.247	0.000
11	G	0.000	0.250	0.002	0.246	0.003
12	I	0.000	0.250	0.001	0.245	0.005
13	G	0.000	0.250	0.000	0.221	0.028
14	G	0.000	0.250	0.000	0.048	0.202
15	L	0.000	0.250	0.000	0.041	0.209
16	T	0.000	0.250	0.000	0.028	0.221
17	L	0.000	0.249	0.000	0.012	0.238
18	A	0.003	0.247	0.000	0.005	0.241
19	A	0.207	0.039	0.000	0.003	0.036
20	M	0.003	0.036	0.000	0.002	0.034
21	C	0.000	0.036	0.000	0.001	0.035
22	R	0.030	0.006	0.000	0.000	0.006
23	R	0.000	0.006	0.000	0.000	0.006
24	I	0.000	0.006	0.000	0.000	0.006
25	G	0.000	0.006	0.000	0.000	0.006
26	V	0.001	0.005	0.000	0.000	0.005
27	S	0.000	0.005	0.000	0.000	0.005
28	C	0.001	0.004	0.000	0.000	0.004
29	R	0.004	0.000	0.000	0.000	0.000
30	V	0.000	0.000	0.000	0.000	0.000
31	L	0.000	0.000	0.000	0.000	0.000
32	E	0.000	0.000	0.000	0.000	0.000
33	R	0.000	0.000	0.000	0.000	0.000
34	S	0.000	0.000	0.000	0.000	0.000
35	A	0.000	0.000	0.000	0.000	0.000
36	A	0.000	0.000	0.000	0.000	0.000
37	L	0.000	0.000	0.000	0.000	0.000
38	E	0.000	0.000	0.000	0.000	0.000
39	P	0.000	0.000	0.000	0.000	0.000
40	V	0.000	0.000	0.000	0.000	0.000
>XP_001394035.1
pos	aa	C	S	n-reg	h-reg	c-reg
1	M	0.000	0.996	0.996	0.000	0.000
2	F	0.000	0.996	0.996	0.000	0.000
3	P	0.000	0.996	0.994	0.002	0.000
4	C	0.000	0.996	0.977	0.019	0.000
5	S	0.000	0.996	0.974	0.023	0.000
6	R	0.000	0.996	0.961	0.035	0.000
7	I	0.000	0.996	0.321	0.676	0.000
8	W	0.000	0.996	0.277	0.720	0.000
9	S	0.000	0.996	0.172	0.824	0.000
10	L	0.000	0.996	0.021	0.975	0.000
11	L	0.000	0.996	0.006	0.991	0.000
12	V	0.000	0.996	0.002	0.993	0.001
13	A	0.000	0.996	0.001	0.991	0.005
14	A	0.000	0.996	0.000	0.985	0.011
15	A	0.000	0.996	0.000	0.516	0.480
16	T	0.000	0.996	0.000	0.472	0.525
17	A	0.000	0.996	0.000	0.401	0.595
18	S	0.005	0.991	0.000	0.223	0.769
19	A	0.005	0.986	0.000	0.181	0.804
20	V	0.505	0.481	0.000	0.157	0.324
21	P	0.000	0.481	0.000	0.012	0.469
22	T	0.005	0.476	0.000	0.003	0.473
23	S	0.005	0.471	0.000	0.001	0.469
24	L	0.001	0.469	0.000	0.001	0.468
25	A	0.032	0.437	0.000	0.000	0.437
26	T	0.394	0.043	0.000	0.000	0.043
27	T	0.014	0.030	0.000	0.000	0.030
28	H	0.002	0.027	0.000	0.000	0.027
29	L	0.000	0.027	0.000	0.000	0.027
30	Q	0.023	0.005	0.000	0.000	0.005
31	S	0.000	0.005	0.000	0.000	0.005
32	V	0.001	0.004	0.000	0.000	0.004
33	D	0.000	0.004	0.000	0.000	0.004
34	L	0.000	0.004	0.000	0.000	0.004
35	L	0.000	0.004	0.000	0.000	0.004
36	L	0.000	0.004	0.000	0.000	0.004
37	T	0.000	0.004	0.000	0.000	0.004
38	R	0.001	0.003	0.000	0.000	0.003
39	S	0.000	0.003	0.000	0.000	0.003
40	S	0.000	0.003	0.000	0.000	0.003
>XP_001394039.1
pos	aa	C	S	n-reg	h-reg	c-reg
1	M	0.000	0.996	0.996	0.000	0.000
2	R	0.000	0.996	0.996	0.000	0.000
3	L	0.000	0.996	0.994	0.002	0.000
4	S	0.000	0.996	0.993	0.003	0.000
5	A	0.000	0.996	0.990	0.006	0.000
6	R	0.000	0.996	0.986	0.010	0.000
7	G	0.000	0.996	0.762	0.234	0.000
8	F	0.000	0.996	0.465	0.531	0.000
9	V	0.000	0.996	0.311	0.685	0.000
10	W	0.000	0.996	0.248	0.748	0.000
11	S	0.000	0.996	0.164	0.832	0.000
12	A	0.000	0.996	0.065	0.931	0.000
13	L	0.000	0.996	0.013	0.983	0.000
14	L	0.000	0.996	0.001	0.994	0.001
15	A	0.000	0.996	0.000	0.960	0.036
16	C	0.000	0.996	0.000	0.836	0.160
17	T	0.000	0.996	0.000	0.710	0.286
18	A	0.000	0.996	0.000	0.585	0.411
19	S	0.004	0.992	0.000	0.465	0.527
20	A	0.009	0.983	0.000	0.268	0.715
21	L	0.073	0.910	0.000	0.203	0.707
22	S	0.003	0.907	0.000	0.054	0.853
23	E	0.064	0.843	0.000	0.008	0.835
24	A	0.000	0.843	0.000	0.001	0.841
25	A	0.331	0.512	0.000	0.000	0.511
26	A	0.005	0.507	0.000	0.000	0.506
27	T	0.154	0.353	0.000	0.000	0.353
28	A	0.049	0.304	0.000	0.000	0.304
29	S	0.143	0.161	0.000	0.000	0.161
30	N	0.040	0.121	0.000	0.000	0.121
31	S	0.000	0.121	0.000	0.000	0.121
32	S	0.020	0.101	0.000	0.000	0.101
33	Q	0.002	0.098	0.000	0.000	0.098
34	T	0.001	0.098	0.000	0.000	0.098
35	L	0.012	0.086	0.000	0.000	0.086
36	R	0.000	0.086	0.000	0.000	0.086
37	T	0.000	0.086	0.000	0.000	0.086
38	C	0.003	0.083	0.000	0.000	0.083
39	V	0.001	0.082	0.000	0.000	0.082
40	S	0.000	0.082	0.000	0.000	0.082
>XP_001394043.2
pos	aa	C	S	n-reg	h-reg	c-reg
1	M	0.000	0.833	0.833	0.000	0.000
2	R	0.000	0.833	0.833	0.000	0.000
3	L	0.000	0.833	0.748	0.085	0.000
4	L	0.000	0.833	0.716	0.117	0.000
5	H	0.000	0.833	0.711	0.122	0.000
6	P	0.000	0.833	0.630	0.203	0.000
7	L	0.000	0.833	0.200	0.634	0.000
8	I	0.000	0.833	0.169	0.664	0.000
9	P	0.000	0.833	0.156	0.677	0.000
10	A	0.000	0.833	0.091	0.742	0.000
11	S	0.000	0.833	0.045	0.787	0.002
12	L	0.000	0.833	0.009	0.821	0.003
13	L	0.000	0.833	0.002	0.827	0.004
14	L	0.000	0.833	0.000	0.818	0.015
15	T	0.000	0.833	0.000	0.436	0.397
16	L	0.000	0.833	0.000	0.396	0.437
17	T	0.000	0.833	0.000	0.285	0.548
18	S	0.002	0.831	0.000	0.221	0.610
19	A	0.009	0.822	0.000	0.134	0.689
20	T	0.382	0.441	0.000	0.114	0.327
21	L	0.023	0.417	0.000	0.100	0.317
22	H	0.074	0.343	0.000	0.004	0.340
23	T	0.000	0.343	0.000	0.002	0.341
24	S	0.115	0.228	0.000	0.000	0.228
25	Q	0.026	0.202	0.000	0.000	0.202
26	T	0.019	0.183	0.000	0.000	0.183
27	N	0.157	0.025	0.000	0.000	0.025
28	T	0.000	0.025	0.000	0.000	0.025
29	T	0.019	0.007	0.000	0.000	0.007
30	I	0.003	0.004	0.000	0.000	0.004
31	T	0.000	0.004	0.000	0.000	0.004
32	L	0.001	0.003	0.000	0.000	0.003
33	T	0.000	0.002	0.000	0.000	0.002
34	N	0.001	0.001	0.000	0.000	0.001
35	N	0.000	0.001	0.000	0.000	0.001
36	R	0.000	0.001	0.000	0.000	0.001
37	L	0.000	0.001	0.000	0.000	0.001
38	T	0.000	0.001	0.000	0.000	0.001
39	A	0.000	0.001	0.000	0.000	0.001
40	N	0.000	0.001	0.000	0.000	0.001
