>XP_001394071.1
pos	aa	C	S	n-reg	h-reg	c-reg
1	M	0.000	0.889	0.889	0.000	0.000
2	R	0.000	0.889	0.889	0.000	0.000
3	I	0.000	0.889	0.882	0.007	0.000
4	S	0.000	0.889	0.880	0.009	0.000
5	K	0.000	0.889	0.876	0.013	0.000
6	L	0.000	0.889	0.117	0.772	0.000
7	L	0.000	0.889	0.021	0.868	0.000
8	C	0.000	0.889	0.009	0.879	0.000
9	F	0.000	0.889	0.005	0.884	0.000
10	G	0.000	0.889	0.003	0.886	0.000
11	A	0.000	0.889	0.001	0.887	0.001
12	L	0.000	0.889	0.000	0.887	0.001
13	S	0.000	0.889	0.000	0.881	0.008
14	G	0.000	0.889	0.000	0.386	0.502
15	V	0.000	0.889	0.000	0.363	0.526
16	A	0.000	0.889	0.000	0.310	0.579
17	L	0.001	0.888	0.000	0.251	0.637
18	A	0.009	0.879	0.000	0.060	0.819
19	S	0.500	0.378	0.000	0.005	0.373
20	T	0.004	0.375	0.000	0.004	0.371
21	G	0.046	0.329	0.000	0.000	0.329
22	S	0.048	0.281	0.000	0.000	0.281
23	G	0.079	0.202	0.000	0.000	0.202
24	I	0.093	0.109	0.000	0.000	0.109
25	A	0.000	0.109	0.000	0.000	0.109
26	K	0.108	0.001	0.000	0.000	0.001
27	R	0.000	0.001	0.000	0.000	0.001
28	S	0.000	0.001	0.000	0.000	0.001
29	T	0.000	0.000	0.000	0.000	0.000
30	V	0.000	0.000	0.000	0.000	0.000
31	S	0.000	0.000	0.000	0.000	0.000
32	E	0.000	0.000	0.000	0.000	0.000
33	I	0.000	0.000	0.000	0.000	0.000
34	L	0.000	0.000	0.000	0.000	0.000
35	T	0.000	0.000	0.000	0.000	0.000
36	D	0.000	0.000	0.000	0.000	0.000
37	I	0.000	0.000	0.000	0.000	0.000
38	E	0.000	0.000	0.000	0.000	0.000
39	D	0.000	0.000	0.000	0.000	0.000
40	A	0.000	0.000	0.000	0.000	0.000
>XP_001394075.1
pos	aa	C	S	n-reg	h-reg	c-reg
1	M	0.000	0.999	0.999	0.000	0.000
2	Q	0.000	0.999	0.999	0.000	0.000
3	L	0.000	0.999	0.586	0.413	0.000
4	F	0.000	0.999	0.496	0.503	0.000
5	N	0.000	0.999	0.469	0.530	0.000
6	A	0.000	0.999	0.050	0.949	0.000
7	L	0.000	0.999	0.006	0.993	0.000
8	F	0.000	0.999	0.001	0.998	0.000
9	V	0.000	0.999	0.000	0.999	0.000
10	L	0.000	0.999	0.000	0.999	0.000
11	L	0.000	0.999	0.000	0.949	0.050
12	A	0.000	0.999	0.000	0.854	0.145
13	S	0.000	0.999	0.000	0.797	0.202
14	T	0.000	0.999	0.000	0.118	0.881
15	L	0.000	0.998	0.000	0.077	0.921
16	A	0.001	0.997	0.000	0.015	0.982
17	T	0.041	0.957	0.000	0.008	0.949
18	A	0.020	0.937	0.000	0.003	0.933
19	Q	0.884	0.052	0.000	0.000	0.052
20	L	0.009	0.044	0.000	0.000	0.043
21	P	0.030	0.014	0.000	0.000	0.014
22	N	0.005	0.010	0.000	0.000	0.010
23	I	0.000	0.010	0.000	0.000	0.010
24	P	0.000	0.010	0.000	0.000	0.010
25	S	0.000	0.009	0.000	0.000	0.009
26	C	0.003	0.007	0.000	0.000	0.007
27	S	0.005	0.002	0.000	0.000	0.002
28	I	0.002	0.000	0.000	0.000	0.000
29	N	0.000	0.000	0.000	0.000	0.000
30	C	0.000	0.000	0.000	0.000	0.000
31	F	0.000	0.000	0.000	0.000	0.000
32	I	0.000	0.000	0.000	0.000	0.000
33	S	0.000	0.000	0.000	0.000	0.000
34	A	0.000	0.000	0.000	0.000	0.000
35	F	0.000	0.000	0.000	0.000	0.000
36	E	0.000	0.000	0.000	0.000	0.000
37	R	0.000	0.000	0.000	0.000	0.000
38	D	0.000	0.000	0.000	0.000	0.000
39	G	0.000	0.000	0.000	0.000	0.000
40	C	0.000	0.000	0.000	0.000	0.000
>XP_001394100.1
pos	aa	C	S	n-reg	h-reg	c-reg
1	M	0.000	0.835	0.835	0.000	0.000
2	H	0.000	0.835	0.835	0.000	0.000
3	M	0.000	0.835	0.799	0.036	0.000
4	L	0.000	0.835	0.740	0.095	0.000
5	R	0.000	0.835	0.735	0.101	0.000
6	L	0.000	0.835	0.154	0.681	0.000
7	V	0.000	0.835	0.007	0.828	0.000
8	V	0.000	0.835	0.002	0.833	0.000
9	S	0.000	0.835	0.001	0.834	0.000
10	G	0.000	0.835	0.001	0.835	0.000
11	L	0.000	0.835	0.000	0.834	0.002
12	G	0.000	0.835	0.000	0.813	0.022
13	F	0.000	0.835	0.000	0.808	0.027
14	V	0.000	0.835	0.000	0.713	0.123
15	A	0.000	0.835	0.000	0.104	0.731
16	C	0.000	0.835	0.000	0.060	0.775
17	T	0.007	0.828	0.000	0.008	0.820
18	T	0.002	0.826	0.000	0.003	0.823
19	A	0.027	0.799	0.000	0.002	0.797
20	R	0.775	0.024	0.000	0.000	0.024
21	N	0.000	0.024	0.000	0.000	0.024
22	I	0.000	0.024	0.000	0.000	0.024
23	F	0.000	0.024	0.000	0.000	0.024
24	S	0.000	0.024	0.000	0.000	0.024
25	L	0.019	0.005	0.000	0.000	0.005
26	Q	0.000	0.005	0.000	0.000	0.005
27	L	0.000	0.004	0.000	0.000	0.004
28	D	0.000	0.004	0.000	0.000	0.004
29	R	0.000	0.004	0.000	0.000	0.004
30	Q	0.000	0.004	0.000	0.000	0.004
31	G	0.000	0.004	0.000	0.000	0.004
32	T	0.000	0.004	0.000	0.000	0.004
33	H	0.000	0.004	0.000	0.000	0.004
34	L	0.000	0.004	0.000	0.000	0.004
35	L	0.001	0.003	0.000	0.000	0.003
36	P	0.000	0.003	0.000	0.000	0.003
37	L	0.000	0.003	0.000	0.000	0.003
38	T	0.000	0.003	0.000	0.000	0.003
39	H	0.000	0.003	0.000	0.000	0.003
40	G	0.000	0.003	0.000	0.000	0.003
>XP_001394117.2
pos	aa	C	S	n-reg	h-reg	c-reg
1	M	0.000	0.239	0.239	0.000	0.000
2	A	0.000	0.240	0.240	0.000	0.000
3	I	0.000	0.240	0.235	0.004	0.000
4	G	0.000	0.240	0.232	0.007	0.000
5	N	0.000	0.240	0.221	0.018	0.000
6	L	0.000	0.240	0.063	0.177	0.000
7	Y	0.000	0.240	0.043	0.197	0.000
8	F	0.000	0.240	0.020	0.220	0.000
9	I	0.000	0.240	0.004	0.236	0.000
10	A	0.000	0.240	0.002	0.237	0.000
11	A	0.000	0.240	0.001	0.238	0.001
12	I	0.000	0.240	0.000	0.238	0.001
13	A	0.000	0.240	0.000	0.234	0.005
14	V	0.000	0.240	0.000	0.224	0.016
15	V	0.000	0.240	0.000	0.213	0.026
16	G	0.000	0.240	0.000	0.192	0.047
17	G	0.002	0.238	0.000	0.013	0.224
18	G	0.008	0.230	0.000	0.008	0.223
19	L	0.006	0.224	0.000	0.007	0.217
20	F	0.003	0.221	0.000	0.006	0.215
21	G	0.000	0.221	0.000	0.003	0.219
22	F	0.211	0.010	0.000	0.001	0.009
23	D	0.000	0.010	0.000	0.000	0.010
24	I	0.000	0.010	0.000	0.000	0.010
25	S	0.000	0.010	0.000	0.000	0.010
26	S	0.000	0.010	0.000	0.000	0.010
27	M	0.000	0.009	0.000	0.000	0.009
28	S	0.000	0.009	0.000	0.000	0.009
29	A	0.003	0.006	0.000	0.000	0.006
30	I	0.006	0.001	0.000	0.000	0.001
31	I	0.000	0.001	0.000	0.000	0.001
32	E	0.000	0.001	0.000	0.000	0.001
33	T	0.000	0.001	0.000	0.000	0.001
34	D	0.000	0.001	0.000	0.000	0.001
35	A	0.000	0.001	0.000	0.000	0.001
36	Y	0.001	0.000	0.000	0.000	0.000
37	L	0.000	0.000	0.000	0.000	0.000
38	C	0.000	0.000	0.000	0.000	0.000
39	Y	0.000	0.000	0.000	0.000	0.000
40	F	0.000	0.000	0.000	0.000	0.000
>XP_001394118.1
pos	aa	C	S	n-reg	h-reg	c-reg
1	M	0.000	0.932	0.932	0.000	0.000
2	H	0.000	0.932	0.932	0.000	0.000
3	V	0.000	0.932	0.066	0.866	0.000
4	S	0.000	0.932	0.028	0.903	0.000
5	L	0.000	0.932	0.002	0.930	0.000
6	F	0.000	0.932	0.000	0.931	0.000
7	L	0.000	0.932	0.000	0.932	0.000
8	L	0.000	0.932	0.000	0.932	0.000
9	S	0.000	0.932	0.000	0.932	0.000
10	V	0.000	0.932	0.000	0.931	0.001
11	T	0.000	0.932	0.000	0.114	0.818
12	A	0.000	0.932	0.000	0.071	0.860
13	A	0.000	0.932	0.000	0.010	0.922
14	F	0.002	0.930	0.000	0.007	0.924
15	A	0.000	0.930	0.000	0.000	0.930
16	S	0.885	0.046	0.000	0.000	0.046
17	P	0.000	0.045	0.000	0.000	0.045
18	T	0.043	0.002	0.000	0.000	0.002
19	P	0.000	0.002	0.000	0.000	0.002
20	H	0.002	0.000	0.000	0.000	0.000
21	N	0.000	0.000	0.000	0.000	0.000
22	Y	0.000	0.000	0.000	0.000	0.000
23	V	0.000	0.000	0.000	0.000	0.000
24	V	0.000	0.000	0.000	0.000	0.000
25	H	0.000	0.000	0.000	0.000	0.000
26	E	0.000	0.000	0.000	0.000	0.000
27	R	0.000	0.000	0.000	0.000	0.000
28	R	0.000	0.000	0.000	0.000	0.000
29	D	0.000	0.000	0.000	0.000	0.000
30	A	0.000	0.000	0.000	0.000	0.000
31	L	0.000	0.000	0.000	0.000	0.000
32	P	0.000	0.000	0.000	0.000	0.000
33	S	0.000	0.000	0.000	0.000	0.000
34	V	0.000	0.000	0.000	0.000	0.000
35	W	0.000	0.000	0.000	0.000	0.000
36	V	0.000	0.000	0.000	0.000	0.000
37	E	0.000	0.000	0.000	0.000	0.000
38	E	0.000	0.000	0.000	0.000	0.000
39	S	0.000	0.000	0.000	0.000	0.000
40	R	0.000	0.000	0.000	0.000	0.000
>XP_001394125.2
pos	aa	C	S	n-reg	h-reg	c-reg
1	M	0.000	0.960	0.960	0.000	0.000
2	S	0.000	0.997	0.997	0.000	0.000
3	K	0.000	0.997	0.997	0.000	0.000
4	R	0.000	0.997	0.997	0.000	0.000
5	R	0.000	0.997	0.997	0.000	0.000
6	L	0.000	0.997	0.997	0.000	0.000
7	F	0.000	0.997	0.997	0.000	0.000
8	R	0.000	0.997	0.997	0.000	0.000
9	W	0.000	0.997	0.997	0.000	0.000
10	P	0.000	0.997	0.997	0.000	0.000
11	A	0.000	0.997	0.997	0.000	0.000
12	R	0.000	0.997	0.997	0.000	0.000
13	R	0.000	0.997	0.994	0.003	0.000
14	T	0.000	0.997	0.825	0.171	0.000
15	A	0.000	0.997	0.664	0.333	0.000
16	G	0.000	0.997	0.547	0.450	0.000
17	L	0.000	0.997	0.269	0.727	0.000
18	G	0.000	0.997	0.188	0.809	0.000
19	C	0.000	0.997	0.056	0.941	0.000
20	L	0.000	0.997	0.023	0.974	0.000
21	A	0.000	0.997	0.010	0.986	0.000
22	L	0.000	0.997	0.001	0.980	0.015
23	L	0.000	0.997	0.000	0.960	0.036
24	V	0.000	0.997	0.000	0.914	0.083
25	T	0.000	0.997	0.000	0.629	0.368
26	S	0.001	0.995	0.000	0.486	0.508
27	M	0.049	0.945	0.000	0.388	0.557
28	V	0.000	0.944	0.000	0.356	0.588
29	S	0.000	0.940	0.000	0.232	0.708
30	W	0.301	0.637	0.000	0.066	0.571
31	Y	0.000	0.634	0.000	0.041	0.594
32	L	0.000	0.632	0.000	0.036	0.596
33	Y	0.022	0.602	0.000	0.016	0.587
34	G	0.000	0.596	0.000	0.009	0.587
35	T	0.445	0.147	0.000	0.004	0.143
36	R	0.007	0.136	0.000	0.000	0.136
37	P	0.000	0.136	0.000	0.000	0.136
38	Y	0.130	0.005	0.000	0.000	0.005
39	E	0.000	0.005	0.000	0.000	0.005
40	P	0.000	0.005	0.000	0.000	0.005
>XP_001394126.1
pos	aa	C	S	n-reg	h-reg	c-reg
1	M	0.000	0.922	0.922	0.000	0.000
2	I	0.000	0.922	0.922	0.000	0.000
3	P	0.000	0.922	0.922	0.000	0.000
4	T	0.000	0.922	0.922	0.000	0.000
5	Q	0.000	0.922	0.922	0.000	0.000
6	S	0.000	0.922	0.922	0.000	0.000
7	H	0.000	0.922	0.922	0.000	0.000
8	L	0.000	0.922	0.922	0.000	0.000
9	N	0.000	0.922	0.922	0.000	0.000
10	S	0.000	0.922	0.922	0.000	0.000
11	Y	0.000	0.922	0.922	0.000	0.000
12	T	0.000	0.922	0.918	0.004	0.000
13	R	0.000	0.922	0.914	0.008	0.000
14	Y	0.000	0.922	0.767	0.155	0.000
15	S	0.000	0.922	0.521	0.401	0.000
16	L	0.000	0.922	0.031	0.892	0.000
17	L	0.000	0.922	0.003	0.919	0.000
18	V	0.000	0.922	0.000	0.922	0.000
19	L	0.000	0.922	0.000	0.922	0.000
20	G	0.000	0.922	0.000	0.922	0.000
21	L	0.000	0.922	0.000	0.922	0.000
22	L	0.000	0.922	0.000	0.920	0.003
23	L	0.000	0.922	0.000	0.903	0.019
24	H	0.000	0.922	0.000	0.232	0.690
25	A	0.000	0.922	0.000	0.106	0.816
26	H	0.003	0.919	0.000	0.039	0.880
27	V	0.000	0.919	0.000	0.031	0.888
28	P	0.000	0.919	0.000	0.000	0.919
29	L	0.001	0.918	0.000	0.000	0.918
30	V	0.001	0.917	0.000	0.000	0.917
31	A	0.000	0.917	0.000	0.000	0.917
32	G	0.037	0.880	0.000	0.000	0.880
33	D	0.880	0.000	0.000	0.000	0.000
34	D	0.000	0.000	0.000	0.000	0.000
35	N	0.000	0.000	0.000	0.000	0.000
36	S	0.000	0.000	0.000	0.000	0.000
37	N	0.000	0.000	0.000	0.000	0.000
38	C	0.000	0.000	0.000	0.000	0.000
39	S	0.000	0.000	0.000	0.000	0.000
40	S	0.000	0.000	0.000	0.000	0.000
>XP_001394129.1
pos	aa	C	S	n-reg	h-reg	c-reg
1	M	0.000	0.965	0.965	0.000	0.000
2	A	0.000	0.965	0.965	0.000	0.000
3	L	0.000	0.965	0.965	0.000	0.000
4	R	0.000	0.965	0.965	0.000	0.000
5	S	0.000	0.965	0.958	0.007	0.000
6	M	0.000	0.965	0.909	0.057	0.000
7	P	0.000	0.965	0.839	0.126	0.000
8	W	0.000	0.965	0.682	0.284	0.000
9	A	0.000	0.965	0.438	0.527	0.000
10	S	0.000	0.965	0.263	0.702	0.000
11	M	0.000	0.965	0.123	0.842	0.000
12	S	0.000	0.965	0.063	0.902	0.000
13	I	0.000	0.965	0.015	0.950	0.000
14	L	0.000	0.965	0.003	0.961	0.002
15	S	0.000	0.965	0.001	0.946	0.018
16	L	0.000	0.965	0.000	0.932	0.033
17	F	0.000	0.965	0.000	0.840	0.125
18	G	0.000	0.965	0.000	0.518	0.447
19	V	0.000	0.965	0.000	0.266	0.699
20	G	0.000	0.965	0.000	0.134	0.831
21	A	0.001	0.964	0.000	0.084	0.880
22	A	0.088	0.876	0.000	0.038	0.838
23	S	0.314	0.563	0.000	0.022	0.540
24	S	0.372	0.191	0.000	0.017	0.173
25	P	0.059	0.132	0.000	0.000	0.132
26	C	0.018	0.114	0.000	0.000	0.114
27	T	0.020	0.094	0.000	0.000	0.094
28	E	0.003	0.091	0.000	0.000	0.091
29	G	0.000	0.091	0.000	0.000	0.091
30	T	0.088	0.003	0.000	0.000	0.003
31	F	0.000	0.003	0.000	0.000	0.003
32	S	0.000	0.003	0.000	0.000	0.003
33	S	0.001	0.002	0.000	0.000	0.002
34	L	0.000	0.001	0.000	0.000	0.001
35	N	0.000	0.001	0.000	0.000	0.001
36	L	0.000	0.001	0.000	0.000	0.001
37	S	0.000	0.001	0.000	0.000	0.001
38	N	0.000	0.001	0.000	0.000	0.001
39	I	0.000	0.001	0.000	0.000	0.001
40	D	0.000	0.001	0.000	0.000	0.001
>XP_001394131.2
pos	aa	C	S	n-reg	h-reg	c-reg
1	M	0.000	0.958	0.958	0.000	0.000
2	L	0.000	0.958	0.958	0.000	0.000
3	R	0.000	0.958	0.958	0.000	0.000
4	P	0.000	0.958	0.957	0.001	0.000
5	A	0.000	0.958	0.952	0.006	0.000
6	W	0.000	0.958	0.944	0.014	0.000
7	N	0.000	0.958	0.923	0.036	0.000
8	Q	0.000	0.958	0.816	0.142	0.000
9	A	0.000	0.958	0.530	0.428	0.000
10	W	0.000	0.958	0.330	0.628	0.000
11	T	0.000	0.958	0.050	0.908	0.000
12	S	0.000	0.958	0.017	0.941	0.000
13	L	0.000	0.958	0.001	0.957	0.000
14	L	0.000	0.958	0.000	0.958	0.000
15	L	0.000	0.958	0.000	0.955	0.003
16	G	0.000	0.958	0.000	0.911	0.047
17	F	0.000	0.958	0.000	0.849	0.109
18	S	0.000	0.958	0.000	0.751	0.207
19	A	0.000	0.958	0.000	0.120	0.838
20	T	0.000	0.958	0.000	0.041	0.917
21	V	0.001	0.957	0.000	0.010	0.947
22	S	0.000	0.957	0.000	0.005	0.952
23	A	0.017	0.940	0.000	0.004	0.936
24	L	0.918	0.023	0.000	0.004	0.019
25	D	0.009	0.014	0.000	0.000	0.014
26	L	0.000	0.014	0.000	0.000	0.014
27	E	0.008	0.006	0.000	0.000	0.006
28	I	0.000	0.006	0.000	0.000	0.006
29	N	0.000	0.006	0.000	0.000	0.006
30	S	0.000	0.006	0.000	0.000	0.006
31	T	0.001	0.005	0.000	0.000	0.005
32	Q	0.001	0.004	0.000	0.000	0.004
33	S	0.000	0.004	0.000	0.000	0.004
34	I	0.004	0.000	0.000	0.000	0.000
35	K	0.000	0.000	0.000	0.000	0.000
36	D	0.000	0.000	0.000	0.000	0.000
37	A	0.000	0.000	0.000	0.000	0.000
38	A	0.000	0.000	0.000	0.000	0.000
39	T	0.000	0.000	0.000	0.000	0.000
40	V	0.000	0.000	0.000	0.000	0.000
>XP_001394145.2
pos	aa	C	S	n-reg	h-reg	c-reg
1	M	0.000	0.002	0.002	0.000	0.000
2	I	0.000	0.511	0.511	0.000	0.000
3	Y	0.000	0.511	0.511	0.000	0.000
4	Q	0.000	0.511	0.511	0.000	0.000
5	N	0.000	0.511	0.511	0.000	0.000
6	R	0.000	0.511	0.511	0.000	0.000
7	N	0.000	0.511	0.510	0.001	0.000
8	L	0.000	0.511	0.472	0.039	0.000
9	I	0.000	0.511	0.456	0.055	0.000
10	L	0.000	0.511	0.452	0.059	0.000
11	Q	0.000	0.511	0.450	0.061	0.000
12	S	0.000	0.511	0.440	0.071	0.000
13	P	0.000	0.511	0.416	0.095	0.000
14	I	0.000	0.511	0.217	0.294	0.000
15	T	0.000	0.511	0.157	0.354	0.000
16	T	0.000	0.511	0.106	0.405	0.000
17	T	0.000	0.511	0.065	0.446	0.000
18	T	0.000	0.511	0.031	0.480	0.000
19	I	0.000	0.511	0.007	0.504	0.000
20	I	0.000	0.511	0.001	0.510	0.000
21	I	0.000	0.511	0.000	0.511	0.000
22	I	0.000	0.511	0.000	0.511	0.000
23	T	0.000	0.511	0.000	0.511	0.000
24	I	0.000	0.510	0.000	0.510	0.000
25	I	0.000	0.510	0.000	0.510	0.000
26	I	0.000	0.506	0.000	0.506	0.000
27	I	0.000	0.495	0.000	0.495	0.000
28	T	0.000	0.464	0.000	0.462	0.002
29	I	0.000	0.434	0.000	0.432	0.002
30	T	0.000	0.355	0.000	0.353	0.002
31	I	0.000	0.281	0.000	0.279	0.002
32	S	0.000	0.097	0.000	0.095	0.002
33	D	0.002	0.011	0.000	0.011	0.000
34	I	0.000	0.010	0.000	0.010	0.000
35	I	0.000	0.007	0.000	0.007	0.000
36	K	0.000	0.000	0.000	0.000	0.000
37	P	0.000	0.000	0.000	0.000	0.000
38	P	0.000	0.000	0.000	0.000	0.000
39	K	0.000	0.000	0.000	0.000	0.000
40	M	0.000	0.000	0.000	0.000	0.000
>XP_001394158.2
pos	aa	C	S	n-reg	h-reg	c-reg
1	M	0.000	0.997	0.997	0.000	0.000
2	R	0.000	0.997	0.997	0.000	0.000
3	L	0.000	0.997	0.723	0.275	0.000
4	P	0.000	0.997	0.658	0.339	0.000
5	L	0.000	0.997	0.303	0.694	0.000
6	V	0.000	0.997	0.121	0.877	0.000
7	S	0.000	0.997	0.095	0.902	0.000
8	S	0.000	0.997	0.073	0.924	0.000
9	T	0.000	0.997	0.025	0.972	0.000
10	I	0.000	0.997	0.008	0.989	0.000
11	A	0.000	0.997	0.003	0.993	0.002
12	L	0.000	0.997	0.000	0.993	0.004
13	L	0.000	0.997	0.000	0.913	0.085
14	S	0.000	0.997	0.000	0.432	0.565
15	S	0.000	0.997	0.000	0.323	0.675
16	A	0.000	0.997	0.000	0.275	0.722
17	S	0.002	0.995	0.000	0.053	0.942
18	L	0.001	0.994	0.000	0.045	0.949
19	V	0.004	0.990	0.000	0.029	0.961
20	A	0.000	0.990	0.000	0.018	0.971
21	A	0.027	0.963	0.000	0.004	0.959
22	Q	0.907	0.056	0.000	0.001	0.054
23	T	0.004	0.052	0.000	0.000	0.052
24	Y	0.022	0.030	0.000	0.000	0.030
25	T	0.000	0.030	0.000	0.000	0.030
26	N	0.015	0.015	0.000	0.000	0.015
27	C	0.000	0.015	0.000	0.000	0.015
28	N	0.015	0.000	0.000	0.000	0.000
29	P	0.000	0.000	0.000	0.000	0.000
30	L	0.000	0.000	0.000	0.000	0.000
31	K	0.000	0.000	0.000	0.000	0.000
32	K	0.000	0.000	0.000	0.000	0.000
33	S	0.000	0.000	0.000	0.000	0.000
34	C	0.000	0.000	0.000	0.000	0.000
35	P	0.000	0.000	0.000	0.000	0.000
36	A	0.000	0.000	0.000	0.000	0.000
37	D	0.000	0.000	0.000	0.000	0.000
38	P	0.000	0.000	0.000	0.000	0.000
39	A	0.000	0.000	0.000	0.000	0.000
40	L	0.000	0.000	0.000	0.000	0.000
>XP_001394170.1
pos	aa	C	S	n-reg	h-reg	c-reg
1	M	0.000	0.994	0.994	0.000	0.000
2	V	0.000	0.995	0.995	0.000	0.000
3	S	0.000	0.995	0.992	0.003	0.000
4	F	0.000	0.995	0.985	0.009	0.000
5	K	0.000	0.995	0.984	0.010	0.000
6	S	0.000	0.995	0.698	0.296	0.000
7	L	0.000	0.995	0.096	0.898	0.000
8	L	0.000	0.995	0.066	0.929	0.000
9	T	0.000	0.995	0.052	0.943	0.000
10	A	0.000	0.995	0.033	0.962	0.000
11	T	0.000	0.995	0.021	0.973	0.000
12	T	0.000	0.995	0.012	0.981	0.002
13	L	0.000	0.995	0.001	0.991	0.002
14	A	0.000	0.995	0.000	0.941	0.054
15	T	0.000	0.995	0.000	0.287	0.707
16	A	0.000	0.995	0.000	0.264	0.730
17	V	0.000	0.994	0.000	0.241	0.753
18	L	0.000	0.994	0.000	0.199	0.795
19	A	0.006	0.988	0.000	0.076	0.911
20	I	0.737	0.251	0.000	0.055	0.196
21	P	0.000	0.251	0.000	0.017	0.233
22	H	0.010	0.241	0.000	0.001	0.240
23	S	0.000	0.241	0.000	0.000	0.240
24	G	0.009	0.232	0.000	0.000	0.232
25	H	0.004	0.229	0.000	0.000	0.229
26	G	0.000	0.229	0.000	0.000	0.229
27	H	0.216	0.013	0.000	0.000	0.013
28	G	0.000	0.013	0.000	0.000	0.013
29	S	0.012	0.000	0.000	0.000	0.000
30	H	0.000	0.000	0.000	0.000	0.000
31	K	0.000	0.000	0.000	0.000	0.000
32	H	0.000	0.000	0.000	0.000	0.000
33	R	0.000	0.000	0.000	0.000	0.000
34	S	0.000	0.000	0.000	0.000	0.000
35	T	0.000	0.000	0.000	0.000	0.000
36	H	0.000	0.000	0.000	0.000	0.000
37	V	0.000	0.000	0.000	0.000	0.000
38	A	0.000	0.000	0.000	0.000	0.000
39	S	0.000	0.000	0.000	0.000	0.000
40	K	0.000	0.000	0.000	0.000	0.000
>XP_001394183.1
pos	aa	C	S	n-reg	h-reg	c-reg
1	M	0.000	0.001	0.001	0.000	0.000
2	A	0.000	0.001	0.001	0.000	0.000
3	G	0.000	0.001	0.001	0.000	0.000
4	I	0.000	0.001	0.000	0.000	0.000
5	F	0.000	0.001	0.000	0.000	0.000
6	R	0.000	0.001	0.000	0.000	0.000
7	T	0.000	0.001	0.000	0.000	0.000
8	I	0.000	0.001	0.000	0.000	0.000
9	Y	0.000	0.001	0.000	0.000	0.000
10	D	0.000	0.001	0.000	0.000	0.000
11	W	0.000	0.001	0.000	0.000	0.000
12	L	0.000	0.001	0.000	0.001	0.000
13	L	0.000	0.001	0.000	0.001	0.000
14	R	0.000	0.001	0.000	0.000	0.000
15	M	0.000	0.001	0.000	0.000	0.000
16	F	0.000	0.001	0.000	0.000	0.000
17	W	0.000	0.001	0.000	0.000	0.000
18	A	0.000	0.001	0.000	0.000	0.000
19	T	0.000	0.000	0.000	0.000	0.000
20	E	0.000	0.000	0.000	0.000	0.000
21	M	0.000	0.000	0.000	0.000	0.000
22	D	0.000	0.000	0.000	0.000	0.000
23	V	0.000	0.000	0.000	0.000	0.000
24	T	0.000	0.000	0.000	0.000	0.000
25	M	0.000	0.000	0.000	0.000	0.000
26	I	0.000	0.000	0.000	0.000	0.000
27	G	0.000	0.000	0.000	0.000	0.000
28	L	0.000	0.000	0.000	0.000	0.000
29	Q	0.000	0.000	0.000	0.000	0.000
30	N	0.000	0.000	0.000	0.000	0.000
31	A	0.000	0.000	0.000	0.000	0.000
32	G	0.000	0.000	0.000	0.000	0.000
33	K	0.000	0.000	0.000	0.000	0.000
34	S	0.000	0.000	0.000	0.000	0.000
35	S	0.000	0.000	0.000	0.000	0.000
36	L	0.000	0.000	0.000	0.000	0.000
37	L	0.000	0.000	0.000	0.000	0.000
38	R	0.000	0.000	0.000	0.000	0.000
39	V	0.000	0.000	0.000	0.000	0.000
40	L	0.000	0.000	0.000	0.000	0.000
>XP_001394202.2
pos	aa	C	S	n-reg	h-reg	c-reg
1	M	0.000	0.049	0.049	0.000	0.000
2	A	0.000	0.051	0.051	0.000	0.000
3	V	0.000	0.051	0.051	0.000	0.000
4	I	0.000	0.051	0.051	0.000	0.000
5	L	0.000	0.051	0.051	0.000	0.000
6	E	0.000	0.051	0.051	0.000	0.000
7	V	0.000	0.051	0.051	0.000	0.000
8	L	0.000	0.051	0.051	0.000	0.000
9	D	0.000	0.051	0.051	0.000	0.000
10	N	0.000	0.051	0.051	0.000	0.000
11	Q	0.000	0.051	0.050	0.000	0.000
12	H	0.000	0.051	0.047	0.003	0.000
13	L	0.000	0.051	0.022	0.028	0.000
14	L	0.000	0.051	0.018	0.033	0.000
15	Q	0.000	0.051	0.016	0.034	0.000
16	G	0.000	0.051	0.010	0.040	0.000
17	V	0.000	0.051	0.003	0.047	0.000
18	V	0.000	0.051	0.001	0.050	0.000
19	L	0.000	0.051	0.000	0.050	0.000
20	A	0.000	0.051	0.000	0.050	0.000
21	L	0.000	0.051	0.000	0.050	0.000
22	V	0.000	0.051	0.000	0.050	0.000
23	L	0.000	0.051	0.000	0.050	0.001
24	V	0.000	0.051	0.000	0.022	0.029
25	F	0.000	0.050	0.000	0.014	0.036
26	V	0.000	0.050	0.000	0.009	0.042
27	S	0.000	0.050	0.000	0.008	0.043
28	S	0.000	0.050	0.000	0.004	0.046
29	F	0.041	0.009	0.000	0.001	0.007
30	Y	0.000	0.009	0.000	0.000	0.008
31	H	0.000	0.008	0.000	0.000	0.008
32	E	0.000	0.008	0.000	0.000	0.008
33	I	0.000	0.008	0.000	0.000	0.008
34	A	0.000	0.008	0.000	0.000	0.008
35	D	0.001	0.007	0.000	0.000	0.007
36	S	0.000	0.007	0.000	0.000	0.007
37	F	0.007	0.000	0.000	0.000	0.000
38	P	0.000	0.000	0.000	0.000	0.000
39	Y	0.000	0.000	0.000	0.000	0.000
40	K	0.000	0.000	0.000	0.000	0.000
>XP_001394212.2
pos	aa	C	S	n-reg	h-reg	c-reg
1	M	0.000	0.793	0.793	0.000	0.000
2	F	0.000	0.943	0.943	0.000	0.000
3	L	0.000	0.943	0.943	0.000	0.000
4	F	0.000	0.943	0.943	0.000	0.000
5	T	0.000	0.943	0.943	0.000	0.000
6	S	0.000	0.943	0.943	0.000	0.000
7	Q	0.000	0.943	0.943	0.000	0.000
8	K	0.000	0.943	0.943	0.000	0.000
9	R	0.000	0.943	0.943	0.000	0.000
10	F	0.000	0.943	0.942	0.001	0.000
11	G	0.000	0.943	0.941	0.001	0.000
12	R	0.000	0.943	0.941	0.002	0.000
13	L	0.000	0.943	0.733	0.210	0.000
14	I	0.000	0.943	0.607	0.336	0.000
15	L	0.000	0.943	0.514	0.429	0.000
16	Y	0.000	0.943	0.460	0.483	0.000
17	A	0.000	0.943	0.250	0.693	0.000
18	L	0.000	0.943	0.094	0.848	0.001
19	G	0.000	0.943	0.068	0.874	0.001
20	V	0.000	0.943	0.018	0.924	0.001
21	L	0.000	0.943	0.002	0.938	0.003
22	G	0.000	0.943	0.001	0.934	0.008
23	I	0.001	0.942	0.000	0.933	0.008
24	I	0.000	0.942	0.000	0.926	0.015
25	L	0.000	0.940	0.000	0.829	0.111
26	I	0.002	0.934	0.000	0.739	0.194
27	L	0.000	0.921	0.000	0.631	0.290
28	W	0.002	0.881	0.000	0.459	0.422
29	Q	0.000	0.827	0.000	0.066	0.761
30	L	0.061	0.758	0.000	0.055	0.703
31	P	0.000	0.734	0.000	0.008	0.726
32	Y	0.003	0.728	0.000	0.005	0.723
33	A	0.000	0.726	0.000	0.003	0.723
34	R	0.580	0.144	0.000	0.000	0.144
35	P	0.000	0.144	0.000	0.000	0.144
36	T	0.140	0.003	0.000	0.000	0.003
37	V	0.002	0.001	0.000	0.000	0.001
38	R	0.000	0.001	0.000	0.000	0.001
39	I	0.000	0.001	0.000	0.000	0.001
40	G	0.000	0.001	0.000	0.000	0.001
>XP_001394213.1
pos	aa	C	S	n-reg	h-reg	c-reg
1	M	0.000	0.989	0.989	0.000	0.000
2	H	0.000	0.989	0.989	0.000	0.000
3	P	0.000	0.989	0.971	0.018	0.000
4	H	0.000	0.989	0.852	0.136	0.000
5	V	0.000	0.989	0.263	0.725	0.000
6	L	0.000	0.989	0.042	0.946	0.000
7	C	0.000	0.989	0.010	0.979	0.000
8	L	0.000	0.989	0.006	0.982	0.000
9	G	0.000	0.989	0.005	0.984	0.000
10	L	0.000	0.989	0.001	0.988	0.000
11	L	0.000	0.989	0.000	0.988	0.001
12	L	0.000	0.989	0.000	0.977	0.011
13	A	0.000	0.989	0.000	0.572	0.416
14	S	0.000	0.989	0.000	0.334	0.654
15	S	0.000	0.989	0.000	0.135	0.854
16	N	0.001	0.988	0.000	0.038	0.950
17	A	0.000	0.988	0.000	0.020	0.968
18	A	0.348	0.640	0.000	0.011	0.630
19	A	0.045	0.595	0.000	0.008	0.588
20	V	0.128	0.467	0.000	0.006	0.460
21	S	0.000	0.467	0.000	0.002	0.465
22	S	0.041	0.426	0.000	0.000	0.426
23	T	0.080	0.346	0.000	0.000	0.346
24	A	0.071	0.275	0.000	0.000	0.275
25	S	0.051	0.224	0.000	0.000	0.224
26	S	0.012	0.213	0.000	0.000	0.212
27	T	0.005	0.207	0.000	0.000	0.207
28	A	0.004	0.203	0.000	0.000	0.203
29	A	0.024	0.180	0.000	0.000	0.180
30	S	0.120	0.060	0.000	0.000	0.060
31	P	0.002	0.058	0.000	0.000	0.058
32	L	0.012	0.045	0.000	0.000	0.045
33	V	0.000	0.045	0.000	0.000	0.045
34	T	0.000	0.045	0.000	0.000	0.045
35	T	0.001	0.044	0.000	0.000	0.044
36	L	0.038	0.006	0.000	0.000	0.006
37	N	0.005	0.001	0.000	0.000	0.001
38	I	0.000	0.001	0.000	0.000	0.001
39	T	0.000	0.001	0.000	0.000	0.001
40	V	0.000	0.001	0.000	0.000	0.001
>XP_001394224.1
pos	aa	C	S	n-reg	h-reg	c-reg
1	M	0.000	0.823	0.823	0.000	0.000
2	A	0.000	0.823	0.823	0.000	0.000
3	L	0.000	0.823	0.529	0.294	0.000
4	L	0.000	0.823	0.473	0.351	0.000
5	A	0.000	0.823	0.457	0.366	0.000
6	V	0.000	0.823	0.426	0.398	0.000
7	A	0.000	0.823	0.416	0.407	0.000
8	G	0.000	0.823	0.409	0.415	0.000
9	V	0.000	0.823	0.366	0.458	0.000
10	Y	0.000	0.823	0.276	0.547	0.001
11	A	0.000	0.823	0.122	0.644	0.057
12	F	0.000	0.823	0.059	0.680	0.085
13	A	0.000	0.823	0.029	0.686	0.108
14	A	0.007	0.817	0.001	0.482	0.334
15	L	0.000	0.816	0.000	0.463	0.353
16	L	0.004	0.812	0.000	0.450	0.363
17	V	0.008	0.804	0.000	0.426	0.379
18	A	0.000	0.804	0.000	0.415	0.390
19	I	0.343	0.461	0.000	0.408	0.052
20	V	0.000	0.461	0.000	0.391	0.070
21	L	0.000	0.461	0.000	0.365	0.096
22	N	0.036	0.425	0.000	0.009	0.416
23	V	0.000	0.425	0.000	0.004	0.420
24	T	0.000	0.425	0.000	0.000	0.424
25	R	0.025	0.400	0.000	0.000	0.400
26	Q	0.000	0.400	0.000	0.000	0.400
27	L	0.378	0.022	0.000	0.000	0.022
28	L	0.005	0.017	0.000	0.000	0.017
29	F	0.017	0.000	0.000	0.000	0.000
30	R	0.000	0.000	0.000	0.000	0.000
31	N	0.000	0.000	0.000	0.000	0.000
32	E	0.000	0.000	0.000	0.000	0.000
33	K	0.000	0.000	0.000	0.000	0.000
34	E	0.000	0.000	0.000	0.000	0.000
35	P	0.000	0.000	0.000	0.000	0.000
36	P	0.000	0.000	0.000	0.000	0.000
37	V	0.000	0.000	0.000	0.000	0.000
38	V	0.000	0.000	0.000	0.000	0.000
39	F	0.000	0.000	0.000	0.000	0.000
40	H	0.000	0.000	0.000	0.000	0.000
>XP_001394239.2
pos	aa	C	S	n-reg	h-reg	c-reg
1	M	0.000	0.001	0.001	0.000	0.000
2	G	0.000	0.001	0.001	0.000	0.000
3	A	0.000	0.001	0.001	0.000	0.000
4	I	0.000	0.001	0.001	0.000	0.000
5	R	0.000	0.001	0.001	0.000	0.000
6	T	0.000	0.001	0.001	0.000	0.000
7	I	0.000	0.001	0.001	0.000	0.000
8	A	0.000	0.001	0.000	0.000	0.000
9	L	0.000	0.001	0.000	0.001	0.000
10	V	0.000	0.001	0.000	0.001	0.000
11	I	0.000	0.001	0.000	0.001	0.000
12	L	0.000	0.001	0.000	0.001	0.000
13	G	0.000	0.001	0.000	0.001	0.000
14	I	0.000	0.001	0.000	0.001	0.000
15	S	0.000	0.001	0.000	0.001	0.000
16	G	0.000	0.001	0.000	0.001	0.000
17	F	0.000	0.001	0.000	0.001	0.000
18	V	0.000	0.001	0.000	0.001	0.000
19	F	0.000	0.001	0.000	0.001	0.000
20	V	0.000	0.001	0.000	0.000	0.000
21	A	0.000	0.001	0.000	0.000	0.001
22	L	0.000	0.001	0.000	0.000	0.001
23	F	0.000	0.001	0.000	0.000	0.001
24	G	0.000	0.001	0.000	0.000	0.001
25	R	0.000	0.000	0.000	0.000	0.000
26	L	0.000	0.000	0.000	0.000	0.000
27	P	0.000	0.000	0.000	0.000	0.000
28	A	0.000	0.000	0.000	0.000	0.000
29	F	0.000	0.000	0.000	0.000	0.000
30	R	0.000	0.000	0.000	0.000	0.000
31	K	0.000	0.000	0.000	0.000	0.000
32	T	0.000	0.000	0.000	0.000	0.000
33	P	0.000	0.000	0.000	0.000	0.000
34	I	0.000	0.000	0.000	0.000	0.000
35	G	0.000	0.000	0.000	0.000	0.000
36	W	0.000	0.000	0.000	0.000	0.000
37	L	0.000	0.000	0.000	0.000	0.000
38	Y	0.000	0.000	0.000	0.000	0.000
39	R	0.000	0.000	0.000	0.000	0.000
40	A	0.000	0.000	0.000	0.000	0.000
>XP_001394245.2
pos	aa	C	S	n-reg	h-reg	c-reg
1	M	0.000	0.005	0.005	0.000	0.000
2	H	0.000	0.005	0.005	0.000	0.000
3	L	0.000	0.005	0.005	0.000	0.000
4	S	0.000	0.005	0.005	0.000	0.000
5	Y	0.000	0.005	0.005	0.000	0.000
6	R	0.000	0.005	0.005	0.000	0.000
7	L	0.000	0.005	0.000	0.005	0.000
8	I	0.000	0.005	0.000	0.005	0.000
9	N	0.000	0.005	0.000	0.005	0.000
10	T	0.000	0.005	0.000	0.005	0.000
11	A	0.000	0.005	0.000	0.005	0.000
12	L	0.000	0.005	0.000	0.005	0.000
13	L	0.000	0.005	0.000	0.005	0.000
14	V	0.000	0.005	0.000	0.005	0.000
15	Q	0.000	0.005	0.000	0.000	0.005
16	S	0.000	0.005	0.000	0.000	0.005
17	V	0.000	0.005	0.000	0.000	0.005
18	F	0.000	0.005	0.000	0.000	0.005
19	A	0.000	0.005	0.000	0.000	0.005
20	T	0.005	0.000	0.000	0.000	0.000
21	G	0.000	0.000	0.000	0.000	0.000
22	T	0.000	0.000	0.000	0.000	0.000
23	N	0.000	0.000	0.000	0.000	0.000
24	D	0.000	0.000	0.000	0.000	0.000
25	Q	0.000	0.000	0.000	0.000	0.000
26	V	0.000	0.000	0.000	0.000	0.000
27	E	0.000	0.000	0.000	0.000	0.000
28	P	0.000	0.000	0.000	0.000	0.000
29	D	0.000	0.000	0.000	0.000	0.000
30	I	0.000	0.000	0.000	0.000	0.000
31	D	0.000	0.000	0.000	0.000	0.000
32	Y	0.000	0.000	0.000	0.000	0.000
33	G	0.000	0.000	0.000	0.000	0.000
34	S	0.000	0.000	0.000	0.000	0.000
35	F	0.000	0.000	0.000	0.000	0.000
36	Q	0.000	0.000	0.000	0.000	0.000
37	N	0.000	0.000	0.000	0.000	0.000
38	P	0.000	0.000	0.000	0.000	0.000
39	S	0.000	0.000	0.000	0.000	0.000
40	S	0.000	0.000	0.000	0.000	0.000
>XP_001394247.1
pos	aa	C	S	n-reg	h-reg	c-reg
1	M	0.000	0.350	0.350	0.000	0.000
2	S	0.000	0.356	0.356	0.000	0.000
3	S	0.000	0.356	0.351	0.006	0.000
4	P	0.000	0.356	0.345	0.012	0.000
5	T	0.000	0.356	0.324	0.032	0.000
6	I	0.000	0.356	0.301	0.056	0.000
7	Y	0.000	0.356	0.298	0.058	0.000
8	L	0.000	0.356	0.297	0.059	0.000
9	I	0.000	0.356	0.296	0.060	0.000
10	T	0.000	0.356	0.296	0.060	0.000
11	G	0.000	0.356	0.296	0.057	0.003
12	A	0.000	0.356	0.296	0.055	0.006
13	S	0.000	0.356	0.296	0.038	0.023
14	R	0.000	0.356	0.295	0.013	0.048
15	G	0.000	0.356	0.257	0.048	0.052
16	I	0.002	0.354	0.137	0.167	0.050
17	G	0.000	0.354	0.095	0.203	0.056
18	L	0.005	0.349	0.026	0.271	0.051
19	A	0.002	0.347	0.010	0.286	0.050
20	L	0.013	0.334	0.002	0.294	0.038
21	T	0.000	0.334	0.001	0.294	0.038
22	Q	0.035	0.299	0.001	0.295	0.003
23	T	0.000	0.299	0.000	0.295	0.004
24	L	0.001	0.298	0.000	0.294	0.004
25	L	0.000	0.298	0.000	0.294	0.004
26	L	0.001	0.297	0.000	0.274	0.023
27	L	0.001	0.295	0.000	0.168	0.128
28	P	0.000	0.291	0.000	0.045	0.246
29	N	0.002	0.289	0.000	0.023	0.266
30	T	0.000	0.289	0.000	0.002	0.286
31	T	0.002	0.286	0.000	0.001	0.285
32	V	0.012	0.274	0.000	0.001	0.273
33	I	0.000	0.274	0.000	0.001	0.273
34	A	0.000	0.274	0.000	0.001	0.273
35	T	0.244	0.030	0.000	0.000	0.030
36	M	0.029	0.001	0.000	0.000	0.001
37	R	0.000	0.001	0.000	0.000	0.001
38	N	0.000	0.001	0.000	0.000	0.001
39	P	0.000	0.001	0.000	0.000	0.001
40	T	0.000	0.001	0.000	0.000	0.001
>XP_001394249.2
pos	aa	C	S	n-reg	h-reg	c-reg
1	M	0.000	0.238	0.238	0.000	0.000
2	A	0.000	0.238	0.238	0.000	0.000
3	N	0.000	0.238	0.238	0.000	0.000
4	T	0.000	0.238	0.238	0.000	0.000
5	Q	0.000	0.238	0.238	0.000	0.000
6	Q	0.000	0.238	0.238	0.000	0.000
7	P	0.000	0.238	0.238	0.000	0.000
8	Q	0.000	0.238	0.236	0.002	0.000
9	F	0.000	0.238	0.227	0.011	0.000
10	R	0.000	0.238	0.224	0.015	0.000
11	V	0.000	0.238	0.057	0.181	0.000
12	L	0.000	0.238	0.005	0.233	0.000
13	I	0.000	0.238	0.002	0.237	0.000
14	V	0.000	0.238	0.000	0.238	0.000
15	G	0.000	0.238	0.000	0.238	0.000
16	G	0.000	0.238	0.000	0.238	0.001
17	S	0.000	0.238	0.000	0.237	0.002
18	V	0.000	0.238	0.000	0.236	0.002
19	A	0.000	0.238	0.000	0.210	0.029
20	G	0.000	0.238	0.000	0.086	0.152
21	L	0.000	0.238	0.000	0.081	0.157
22	T	0.000	0.238	0.000	0.005	0.233
23	L	0.000	0.238	0.000	0.002	0.236
24	A	0.002	0.236	0.000	0.000	0.236
25	H	0.150	0.086	0.000	0.000	0.086
26	C	0.000	0.086	0.000	0.000	0.086
27	L	0.086	0.000	0.000	0.000	0.000
28	E	0.000	0.000	0.000	0.000	0.000
29	R	0.000	0.000	0.000	0.000	0.000
30	A	0.000	0.000	0.000	0.000	0.000
31	N	0.000	0.000	0.000	0.000	0.000
32	I	0.000	0.000	0.000	0.000	0.000
33	E	0.000	0.000	0.000	0.000	0.000
34	Y	0.000	0.000	0.000	0.000	0.000
35	L	0.000	0.000	0.000	0.000	0.000
36	I	0.000	0.000	0.000	0.000	0.000
37	L	0.000	0.000	0.000	0.000	0.000
38	E	0.000	0.000	0.000	0.000	0.000
39	K	0.000	0.000	0.000	0.000	0.000
40	G	0.000	0.000	0.000	0.000	0.000
>XP_001394251.1
pos	aa	C	S	n-reg	h-reg	c-reg
1	M	0.000	0.080	0.080	0.000	0.000
2	A	0.000	0.098	0.098	0.000	0.000
3	A	0.000	0.098	0.097	0.001	0.000
4	L	0.000	0.098	0.095	0.003	0.000
5	P	0.000	0.098	0.095	0.003	0.000
6	D	0.000	0.098	0.093	0.005	0.000
7	V	0.000	0.098	0.049	0.049	0.000
8	A	0.000	0.098	0.042	0.056	0.000
9	S	0.000	0.098	0.037	0.061	0.000
10	I	0.000	0.098	0.033	0.065	0.000
11	P	0.000	0.098	0.032	0.066	0.000
12	L	0.000	0.098	0.028	0.069	0.000
13	P	0.000	0.098	0.027	0.070	0.001
14	L	0.000	0.098	0.014	0.082	0.002
15	V	0.000	0.098	0.011	0.065	0.022
16	A	0.000	0.098	0.010	0.059	0.029
17	T	0.000	0.098	0.008	0.047	0.043
18	L	0.001	0.097	0.003	0.046	0.048
19	G	0.001	0.095	0.002	0.035	0.058
20	I	0.026	0.070	0.001	0.036	0.033
21	A	0.000	0.070	0.000	0.035	0.034
22	P	0.015	0.054	0.000	0.034	0.020
23	L	0.009	0.045	0.000	0.033	0.012
24	V	0.009	0.036	0.000	0.033	0.004
25	F	0.000	0.036	0.000	0.029	0.007
26	Y	0.000	0.036	0.000	0.026	0.010
27	L	0.000	0.035	0.000	0.025	0.010
28	V	0.001	0.033	0.000	0.024	0.010
29	L	0.000	0.030	0.000	0.017	0.012
30	D	0.008	0.011	0.000	0.000	0.011
31	R	0.000	0.011	0.000	0.000	0.011
32	F	0.000	0.011	0.000	0.000	0.011
33	G	0.000	0.011	0.000	0.000	0.011
34	P	0.002	0.009	0.000	0.000	0.009
35	L	0.001	0.008	0.000	0.000	0.008
36	W	0.001	0.008	0.000	0.000	0.008
37	P	0.000	0.008	0.000	0.000	0.008
38	N	0.007	0.000	0.000	0.000	0.000
39	S	0.000	0.000	0.000	0.000	0.000
40	K	0.000	0.000	0.000	0.000	0.000
>XP_001394252.2
pos	aa	C	S	n-reg	h-reg	c-reg
1	M	0.000	0.195	0.195	0.000	0.000
2	T	0.000	0.196	0.196	0.000	0.000
3	P	0.000	0.196	0.192	0.004	0.000
4	P	0.000	0.196	0.160	0.036	0.000
5	L	0.000	0.196	0.091	0.105	0.000
6	L	0.000	0.196	0.061	0.135	0.000
7	P	0.000	0.196	0.054	0.142	0.000
8	T	0.000	0.196	0.037	0.159	0.000
9	S	0.000	0.196	0.023	0.173	0.000
10	L	0.000	0.196	0.008	0.188	0.000
11	I	0.000	0.196	0.004	0.192	0.000
12	S	0.000	0.196	0.002	0.178	0.016
13	A	0.000	0.196	0.002	0.170	0.025
14	I	0.000	0.196	0.001	0.161	0.034
15	L	0.000	0.196	0.001	0.114	0.081
16	G	0.000	0.196	0.001	0.066	0.129
17	I	0.010	0.186	0.001	0.046	0.139
18	T	0.000	0.186	0.001	0.032	0.153
19	A	0.010	0.176	0.001	0.022	0.153
20	H	0.108	0.068	0.001	0.006	0.061
21	L	0.000	0.068	0.001	0.005	0.062
22	T	0.020	0.048	0.001	0.004	0.043
23	Y	0.014	0.033	0.001	0.001	0.032
24	F	0.000	0.033	0.001	0.001	0.032
25	I	0.000	0.033	0.001	0.000	0.032
26	H	0.000	0.033	0.001	0.000	0.032
27	A	0.000	0.033	0.001	0.000	0.032
28	D	0.031	0.002	0.001	0.000	0.001
29	L	0.000	0.002	0.001	0.000	0.001
30	E	0.001	0.001	0.001	0.000	0.000
31	K	0.000	0.001	0.001	0.000	0.000
32	H	0.000	0.001	0.001	0.000	0.000
33	V	0.000	0.001	0.000	0.001	0.000
34	V	0.000	0.001	0.000	0.001	0.000
35	F	0.000	0.001	0.000	0.001	0.000
36	L	0.000	0.001	0.000	0.001	0.000
37	V	0.000	0.001	0.000	0.001	0.000
38	N	0.000	0.001	0.000	0.001	0.000
39	C	0.000	0.001	0.000	0.001	0.000
40	L	0.000	0.001	0.000	0.001	0.000
>XP_001394259.2
pos	aa	C	S	n-reg	h-reg	c-reg
1	M	0.000	0.002	0.002	0.000	0.000
2	L	0.000	0.003	0.003	0.000	0.000
3	H	0.000	0.003	0.003	0.000	0.000
4	P	0.000	0.003	0.003	0.000	0.000
5	I	0.000	0.003	0.003	0.000	0.000
6	L	0.000	0.003	0.003	0.000	0.000
7	D	0.000	0.003	0.003	0.000	0.000
8	I	0.000	0.003	0.003	0.000	0.000
9	S	0.000	0.003	0.003	0.000	0.000
10	N	0.000	0.003	0.003	0.000	0.000
11	F	0.000	0.003	0.003	0.000	0.000
12	N	0.000	0.003	0.003	0.000	0.000
13	L	0.000	0.003	0.001	0.001	0.000
14	V	0.000	0.003	0.001	0.002	0.000
15	L	0.000	0.003	0.000	0.003	0.000
16	S	0.000	0.003	0.000	0.003	0.000
17	V	0.000	0.003	0.000	0.003	0.000
18	T	0.000	0.003	0.000	0.003	0.000
19	G	0.000	0.003	0.000	0.003	0.000
20	F	0.000	0.003	0.000	0.003	0.000
21	Y	0.000	0.003	0.000	0.003	0.000
22	I	0.000	0.003	0.000	0.003	0.000
23	L	0.000	0.003	0.000	0.003	0.000
24	L	0.000	0.003	0.000	0.002	0.000
25	F	0.000	0.003	0.000	0.002	0.001
26	G	0.000	0.003	0.000	0.001	0.002
27	F	0.000	0.003	0.000	0.001	0.002
28	V	0.000	0.003	0.000	0.001	0.002
29	S	0.000	0.002	0.000	0.000	0.002
30	L	0.000	0.002	0.000	0.000	0.002
31	K	0.002	0.000	0.000	0.000	0.000
32	V	0.000	0.000	0.000	0.000	0.000
33	K	0.000	0.000	0.000	0.000	0.000
34	Q	0.000	0.000	0.000	0.000	0.000
35	R	0.000	0.000	0.000	0.000	0.000
36	W	0.000	0.000	0.000	0.000	0.000
37	Y	0.000	0.000	0.000	0.000	0.000
38	L	0.000	0.000	0.000	0.000	0.000
39	G	0.000	0.000	0.000	0.000	0.000
40	E	0.000	0.000	0.000	0.000	0.000
>XP_001394265.1
pos	aa	C	S	n-reg	h-reg	c-reg
1	M	0.000	0.275	0.275	0.000	0.000
2	R	0.000	0.283	0.283	0.000	0.000
3	F	0.000	0.283	0.277	0.006	0.000
4	Q	0.000	0.283	0.273	0.010	0.000
5	G	0.000	0.283	0.254	0.029	0.000
6	L	0.000	0.283	0.169	0.114	0.000
7	I	0.000	0.283	0.151	0.131	0.000
8	P	0.000	0.283	0.148	0.135	0.000
9	A	0.000	0.283	0.133	0.150	0.000
10	L	0.000	0.283	0.126	0.157	0.000
11	R	0.000	0.283	0.125	0.154	0.003
12	T	0.000	0.283	0.106	0.172	0.004
13	I	0.000	0.283	0.106	0.172	0.005
14	T	0.000	0.283	0.106	0.163	0.014
15	L	0.002	0.281	0.106	0.152	0.023
16	P	0.000	0.281	0.106	0.114	0.061
17	L	0.002	0.279	0.106	0.072	0.101
18	R	0.000	0.279	0.106	0.026	0.147
19	S	0.000	0.279	0.106	0.024	0.149
20	H	0.013	0.266	0.106	0.001	0.159
21	S	0.000	0.266	0.106	0.000	0.160
22	V	0.019	0.247	0.106	0.000	0.141
23	R	0.000	0.247	0.106	0.000	0.141
24	A	0.000	0.247	0.106	0.000	0.141
25	L	0.135	0.112	0.106	0.000	0.007
26	Q	0.001	0.111	0.106	0.000	0.006
27	R	0.006	0.106	0.106	0.000	0.000
28	P	0.000	0.106	0.105	0.000	0.000
29	P	0.000	0.106	0.105	0.000	0.000
30	L	0.000	0.106	0.105	0.001	0.000
31	P	0.000	0.106	0.105	0.001	0.000
32	I	0.000	0.106	0.105	0.001	0.000
33	P	0.000	0.106	0.105	0.001	0.000
34	S	0.000	0.106	0.105	0.001	0.000
35	A	0.000	0.106	0.105	0.001	0.000
36	T	0.000	0.106	0.105	0.001	0.000
37	V	0.000	0.106	0.104	0.001	0.000
38	L	0.000	0.106	0.104	0.001	0.000
39	K	0.000	0.106	0.104	0.001	0.001
40	A	0.000	0.106	0.093	0.012	0.001
>XP_001394274.2
pos	aa	C	S	n-reg	h-reg	c-reg
1	M	0.000	0.981	0.981	0.000	0.000
2	R	0.000	0.990	0.990	0.000	0.000
3	F	0.000	0.990	0.787	0.203	0.000
4	L	0.000	0.990	0.660	0.330	0.000
5	N	0.000	0.990	0.641	0.348	0.000
6	I	0.000	0.990	0.314	0.675	0.000
7	V	0.000	0.990	0.136	0.854	0.000
8	I	0.000	0.990	0.103	0.887	0.000
9	S	0.000	0.990	0.084	0.905	0.000
10	M	0.000	0.990	0.056	0.934	0.000
11	M	0.000	0.990	0.033	0.920	0.036
12	A	0.000	0.990	0.015	0.898	0.077
13	F	0.000	0.990	0.001	0.890	0.099
14	A	0.000	0.990	0.001	0.819	0.170
15	V	0.001	0.989	0.000	0.450	0.539
16	T	0.000	0.989	0.000	0.366	0.624
17	A	0.001	0.988	0.000	0.282	0.706
18	L	0.023	0.965	0.000	0.212	0.753
19	A	0.013	0.952	0.000	0.094	0.858
20	I	0.563	0.388	0.000	0.081	0.307
21	T	0.000	0.387	0.000	0.016	0.371
22	I	0.031	0.355	0.000	0.012	0.343
23	T	0.000	0.352	0.000	0.007	0.346
24	Q	0.137	0.212	0.000	0.000	0.212
25	P	0.000	0.211	0.000	0.000	0.211
26	Q	0.206	0.006	0.000	0.000	0.006
27	N	0.000	0.006	0.000	0.000	0.006
28	G	0.000	0.006	0.000	0.000	0.006
29	D	0.005	0.001	0.000	0.000	0.001
30	Q	0.000	0.001	0.000	0.000	0.001
31	V	0.001	0.000	0.000	0.000	0.000
32	D	0.000	0.000	0.000	0.000	0.000
33	F	0.000	0.000	0.000	0.000	0.000
34	S	0.000	0.000	0.000	0.000	0.000
35	K	0.000	0.000	0.000	0.000	0.000
36	P	0.000	0.000	0.000	0.000	0.000
37	Y	0.000	0.000	0.000	0.000	0.000
38	T	0.000	0.000	0.000	0.000	0.000
39	I	0.000	0.000	0.000	0.000	0.000
40	K	0.000	0.000	0.000	0.000	0.000
>XP_001394308.2
pos	aa	C	S	n-reg	h-reg	c-reg
1	M	0.000	0.230	0.230	0.000	0.000
2	A	0.000	0.235	0.235	0.000	0.000
3	L	0.000	0.235	0.235	0.000	0.000
4	R	0.000	0.235	0.235	0.000	0.000
5	P	0.000	0.235	0.233	0.002	0.000
6	C	0.000	0.235	0.223	0.011	0.000
7	K	0.000	0.235	0.221	0.013	0.000
8	V	0.000	0.235	0.085	0.150	0.000
9	I	0.000	0.235	0.016	0.219	0.000
10	V	0.000	0.235	0.013	0.222	0.000
11	A	0.000	0.235	0.012	0.222	0.000
12	G	0.000	0.235	0.011	0.223	0.000
13	G	0.000	0.235	0.009	0.225	0.001
14	G	0.000	0.235	0.006	0.226	0.002
15	V	0.000	0.235	0.002	0.230	0.003
16	A	0.000	0.235	0.001	0.206	0.028
17	G	0.000	0.235	0.000	0.040	0.195
18	L	0.001	0.234	0.000	0.035	0.199
19	S	0.000	0.234	0.000	0.023	0.211
20	L	0.001	0.233	0.000	0.020	0.213
21	A	0.002	0.230	0.000	0.017	0.213
22	L	0.204	0.026	0.000	0.016	0.010
23	M	0.000	0.025	0.000	0.014	0.011
24	L	0.000	0.024	0.000	0.008	0.016
25	E	0.005	0.017	0.000	0.000	0.016
26	K	0.000	0.017	0.000	0.000	0.017
27	H	0.000	0.017	0.000	0.000	0.017
28	G	0.000	0.017	0.000	0.000	0.017
29	I	0.011	0.006	0.000	0.000	0.006
30	D	0.000	0.006	0.000	0.000	0.006
31	F	0.000	0.006	0.000	0.000	0.006
32	L	0.000	0.006	0.000	0.000	0.006
33	L	0.000	0.006	0.000	0.000	0.006
34	L	0.000	0.006	0.000	0.000	0.006
35	E	0.000	0.005	0.000	0.000	0.005
36	A	0.000	0.005	0.000	0.000	0.005
37	Y	0.001	0.004	0.000	0.000	0.004
38	P	0.000	0.004	0.000	0.000	0.004
39	D	0.000	0.004	0.000	0.000	0.004
40	V	0.000	0.004	0.000	0.000	0.004
>XP_001394309.2
pos	aa	C	S	n-reg	h-reg	c-reg
1	M	0.000	0.995	0.995	0.000	0.000
2	F	0.000	0.995	0.995	0.000	0.000
3	I	0.000	0.995	0.441	0.554	0.000
4	F	0.000	0.995	0.155	0.840	0.000
5	A	0.000	0.995	0.058	0.938	0.000
6	L	0.000	0.995	0.012	0.983	0.000
7	T	0.000	0.995	0.001	0.994	0.000
8	F	0.000	0.995	0.000	0.995	0.000
9	T	0.000	0.995	0.000	0.995	0.000
10	L	0.000	0.995	0.000	0.995	0.000
11	F	0.000	0.995	0.000	0.939	0.056
12	I	0.000	0.995	0.000	0.857	0.138
13	S	0.000	0.995	0.000	0.395	0.601
14	L	0.000	0.995	0.000	0.352	0.643
15	S	0.000	0.995	0.000	0.019	0.977
16	S	0.004	0.992	0.000	0.002	0.990
17	A	0.023	0.968	0.000	0.000	0.968
18	R	0.621	0.347	0.000	0.000	0.347
19	T	0.000	0.347	0.000	0.000	0.347
20	C	0.318	0.029	0.000	0.000	0.029
21	Y	0.023	0.006	0.000	0.000	0.006
22	H	0.000	0.006	0.000	0.000	0.006
23	P	0.000	0.006	0.000	0.000	0.006
24	D	0.000	0.006	0.000	0.000	0.006
25	Q	0.000	0.006	0.000	0.000	0.006
26	S	0.000	0.006	0.000	0.000	0.006
27	I	0.000	0.005	0.000	0.000	0.005
28	A	0.000	0.005	0.000	0.000	0.005
29	T	0.002	0.004	0.000	0.000	0.004
30	G	0.000	0.003	0.000	0.000	0.003
31	N	0.001	0.002	0.000	0.000	0.002
32	V	0.000	0.002	0.000	0.000	0.002
33	P	0.000	0.002	0.000	0.000	0.002
34	C	0.000	0.002	0.000	0.000	0.002
35	T	0.000	0.002	0.000	0.000	0.002
36	S	0.000	0.002	0.000	0.000	0.002
37	A	0.000	0.002	0.000	0.000	0.002
38	D	0.002	0.000	0.000	0.000	0.000
39	T	0.000	0.000	0.000	0.000	0.000
40	T	0.000	0.000	0.000	0.000	0.000
>XP_001394317.2
pos	aa	C	S	n-reg	h-reg	c-reg
1	M	0.000	0.108	0.108	0.000	0.000
2	E	0.000	0.110	0.110	0.000	0.000
3	Q	0.000	0.110	0.110	0.000	0.000
4	A	0.000	0.110	0.110	0.000	0.000
5	K	0.000	0.110	0.110	0.000	0.000
6	T	0.000	0.110	0.102	0.007	0.000
7	P	0.000	0.110	0.091	0.019	0.000
8	L	0.000	0.110	0.058	0.052	0.000
9	Q	0.000	0.110	0.051	0.059	0.000
10	V	0.000	0.110	0.019	0.091	0.000
11	I	0.000	0.110	0.006	0.103	0.000
12	V	0.000	0.110	0.004	0.106	0.000
13	V	0.000	0.110	0.003	0.106	0.000
14	G	0.000	0.110	0.003	0.105	0.002
15	A	0.000	0.110	0.002	0.103	0.004
16	G	0.000	0.110	0.001	0.099	0.009
17	I	0.000	0.110	0.001	0.095	0.014
18	G	0.000	0.110	0.000	0.072	0.037
19	G	0.000	0.109	0.000	0.031	0.078
20	M	0.000	0.109	0.000	0.019	0.089
21	A	0.000	0.109	0.000	0.014	0.095
22	A	0.009	0.100	0.000	0.010	0.090
23	A	0.016	0.084	0.000	0.005	0.079
24	L	0.037	0.047	0.000	0.005	0.043
25	T	0.000	0.047	0.000	0.004	0.043
26	L	0.006	0.041	0.000	0.003	0.039
27	G	0.000	0.041	0.000	0.001	0.039
28	L	0.031	0.010	0.000	0.001	0.009
29	R	0.000	0.009	0.000	0.000	0.009
30	G	0.000	0.009	0.000	0.000	0.009
31	H	0.007	0.002	0.000	0.000	0.002
32	H	0.000	0.002	0.000	0.000	0.002
33	V	0.000	0.002	0.000	0.000	0.002
34	T	0.000	0.002	0.000	0.000	0.002
35	I	0.000	0.002	0.000	0.000	0.002
36	L	0.000	0.002	0.000	0.000	0.002
37	E	0.000	0.001	0.000	0.000	0.001
38	S	0.000	0.001	0.000	0.000	0.001
39	A	0.001	0.000	0.000	0.000	0.000
40	P	0.000	0.000	0.000	0.000	0.000
>XP_001394322.1
pos	aa	C	S	n-reg	h-reg	c-reg
1	M	0.000	0.631	0.631	0.000	0.000
2	L	0.000	0.631	0.631	0.000	0.000
3	N	0.000	0.631	0.631	0.000	0.000
4	P	0.000	0.631	0.631	0.000	0.000
5	K	0.000	0.631	0.630	0.000	0.000
6	V	0.000	0.631	0.472	0.159	0.000
7	A	0.000	0.631	0.362	0.269	0.000
8	Y	0.000	0.631	0.294	0.337	0.000
9	M	0.000	0.631	0.173	0.458	0.000
10	V	0.000	0.631	0.064	0.567	0.000
11	W	0.000	0.631	0.032	0.599	0.000
12	M	0.000	0.631	0.007	0.624	0.000
13	T	0.000	0.631	0.000	0.630	0.000
14	C	0.000	0.631	0.000	0.627	0.004
15	L	0.000	0.631	0.000	0.619	0.012
16	G	0.000	0.631	0.000	0.582	0.049
17	L	0.001	0.630	0.000	0.540	0.090
18	T	0.000	0.630	0.000	0.364	0.266
19	L	0.003	0.627	0.000	0.179	0.448
20	P	0.000	0.627	0.000	0.044	0.584
21	S	0.011	0.616	0.000	0.001	0.615
22	Q	0.001	0.615	0.000	0.000	0.615
23	A	0.001	0.615	0.000	0.000	0.615
24	Q	0.324	0.291	0.000	0.000	0.291
25	S	0.001	0.290	0.000	0.000	0.290
26	N	0.290	0.000	0.000	0.000	0.000
27	D	0.000	0.000	0.000	0.000	0.000
28	Y	0.000	0.000	0.000	0.000	0.000
29	R	0.000	0.000	0.000	0.000	0.000
30	P	0.000	0.000	0.000	0.000	0.000
31	S	0.000	0.000	0.000	0.000	0.000
32	Y	0.000	0.000	0.000	0.000	0.000
33	H	0.000	0.000	0.000	0.000	0.000
34	F	0.000	0.000	0.000	0.000	0.000
35	T	0.000	0.000	0.000	0.000	0.000
36	P	0.000	0.000	0.000	0.000	0.000
37	D	0.000	0.000	0.000	0.000	0.000
38	Q	0.000	0.000	0.000	0.000	0.000
39	Y	0.000	0.000	0.000	0.000	0.000
40	W	0.000	0.000	0.000	0.000	0.000
>XP_001394330.1
pos	aa	C	S	n-reg	h-reg	c-reg
1	M	0.000	0.783	0.783	0.000	0.000
2	A	0.000	0.783	0.783	0.000	0.000
3	I	0.000	0.783	0.783	0.000	0.000
4	S	0.000	0.783	0.783	0.000	0.000
5	P	0.000	0.783	0.783	0.000	0.000
6	A	0.000	0.783	0.783	0.000	0.000
7	T	0.000	0.783	0.783	0.000	0.000
8	R	0.000	0.783	0.783	0.000	0.000
9	I	0.000	0.783	0.782	0.002	0.000
10	L	0.000	0.783	0.781	0.002	0.000
11	A	0.000	0.783	0.781	0.002	0.000
12	A	0.000	0.783	0.781	0.002	0.000
13	R	0.000	0.783	0.781	0.002	0.000
14	P	0.000	0.783	0.774	0.009	0.000
15	L	0.000	0.783	0.644	0.139	0.000
16	V	0.000	0.783	0.492	0.291	0.000
17	L	0.000	0.783	0.418	0.365	0.000
18	G	0.000	0.783	0.405	0.378	0.000
19	L	0.000	0.783	0.365	0.418	0.001
20	A	0.000	0.783	0.355	0.427	0.001
21	K	0.000	0.783	0.352	0.429	0.002
22	L	0.000	0.783	0.085	0.696	0.002
23	F	0.000	0.783	0.007	0.772	0.004
24	F	0.000	0.783	0.003	0.773	0.008
25	L	0.000	0.783	0.001	0.771	0.011
26	A	0.000	0.783	0.001	0.753	0.029
27	V	0.000	0.783	0.001	0.660	0.122
28	A	0.000	0.783	0.001	0.427	0.356
29	N	0.009	0.774	0.000	0.383	0.390
30	L	0.000	0.774	0.000	0.367	0.407
31	P	0.004	0.770	0.000	0.047	0.723
32	V	0.001	0.769	0.000	0.042	0.727
33	I	0.000	0.769	0.000	0.036	0.733
34	S	0.000	0.769	0.000	0.008	0.761
35	A	0.018	0.752	0.000	0.002	0.749
36	A	0.701	0.050	0.000	0.001	0.049
37	P	0.008	0.042	0.000	0.000	0.042
38	T	0.003	0.040	0.000	0.000	0.039
39	F	0.009	0.030	0.000	0.000	0.030
40	V	0.000	0.030	0.000	0.000	0.030
>XP_001394335.1
pos	aa	C	S	n-reg	h-reg	c-reg
1	M	0.000	0.947	0.947	0.000	0.000
2	R	0.000	0.947	0.947	0.000	0.000
3	L	0.000	0.947	0.918	0.029	0.000
4	S	0.000	0.947	0.892	0.055	0.000
5	T	0.000	0.947	0.816	0.131	0.000
6	S	0.000	0.947	0.639	0.309	0.000
7	S	0.000	0.947	0.429	0.518	0.000
8	L	0.000	0.947	0.150	0.797	0.000
9	F	0.000	0.947	0.041	0.906	0.000
10	L	0.000	0.947	0.014	0.933	0.000
11	S	0.000	0.947	0.010	0.935	0.002
12	V	0.000	0.947	0.003	0.940	0.004
13	S	0.000	0.947	0.001	0.935	0.011
14	L	0.000	0.947	0.000	0.923	0.023
15	L	0.000	0.947	0.000	0.880	0.066
16	G	0.001	0.946	0.000	0.665	0.281
17	K	0.001	0.944	0.000	0.223	0.721
18	L	0.000	0.944	0.000	0.201	0.743
19	A	0.000	0.944	0.000	0.158	0.786
20	L	0.029	0.915	0.000	0.094	0.821
21	G	0.003	0.912	0.000	0.004	0.908
22	L	0.288	0.624	0.000	0.002	0.622
23	S	0.000	0.624	0.000	0.001	0.623
24	A	0.042	0.582	0.000	0.001	0.581
25	A	0.389	0.193	0.000	0.000	0.193
26	E	0.187	0.006	0.000	0.000	0.006
27	W	0.000	0.006	0.000	0.000	0.006
28	R	0.000	0.006	0.000	0.000	0.006
29	T	0.000	0.006	0.000	0.000	0.006
30	Q	0.002	0.004	0.000	0.000	0.004
31	S	0.000	0.003	0.000	0.000	0.003
32	I	0.003	0.001	0.000	0.000	0.001
33	Y	0.000	0.001	0.000	0.000	0.001
34	F	0.000	0.001	0.000	0.000	0.001
35	L	0.000	0.001	0.000	0.000	0.001
36	L	0.000	0.001	0.000	0.000	0.001
37	T	0.000	0.001	0.000	0.000	0.001
38	D	0.000	0.000	0.000	0.000	0.000
39	R	0.000	0.000	0.000	0.000	0.000
40	F	0.000	0.000	0.000	0.000	0.000
>XP_001394343.2
pos	aa	C	S	n-reg	h-reg	c-reg
1	M	0.000	0.731	0.731	0.000	0.000
2	P	0.000	0.741	0.741	0.000	0.000
3	A	0.000	0.741	0.714	0.027	0.000
4	S	0.000	0.741	0.683	0.058	0.000
5	L	0.000	0.741	0.575	0.165	0.000
6	W	0.000	0.741	0.484	0.257	0.000
7	T	0.000	0.741	0.362	0.379	0.000
8	T	0.000	0.741	0.293	0.448	0.000
9	T	0.000	0.741	0.191	0.550	0.000
10	M	0.000	0.741	0.105	0.636	0.000
11	L	0.000	0.741	0.057	0.683	0.001
12	S	0.000	0.741	0.052	0.685	0.004
13	I	0.000	0.741	0.042	0.690	0.009
14	A	0.000	0.741	0.035	0.655	0.051
15	S	0.000	0.741	0.027	0.626	0.087
16	L	0.001	0.740	0.014	0.625	0.100
17	L	0.002	0.738	0.009	0.412	0.316
18	V	0.001	0.737	0.007	0.203	0.527
19	G	0.000	0.737	0.005	0.081	0.650
20	L	0.008	0.729	0.002	0.082	0.645
21	A	0.013	0.715	0.001	0.081	0.633
22	S	0.503	0.213	0.001	0.066	0.146
23	I	0.127	0.086	0.000	0.060	0.026
24	Y	0.000	0.086	0.000	0.050	0.036
25	V	0.000	0.086	0.000	0.047	0.039
26	L	0.000	0.086	0.000	0.034	0.052
27	Y	0.002	0.083	0.000	0.026	0.057
28	V	0.000	0.083	0.000	0.023	0.060
29	F	0.000	0.082	0.000	0.017	0.065
30	L	0.000	0.081	0.000	0.013	0.068
31	G	0.054	0.023	0.000	0.006	0.017
32	P	0.001	0.019	0.000	0.001	0.019
33	K	0.002	0.016	0.000	0.000	0.016
34	K	0.000	0.016	0.000	0.000	0.016
35	T	0.000	0.016	0.000	0.000	0.016
36	S	0.001	0.016	0.000	0.000	0.016
37	A	0.007	0.009	0.000	0.000	0.009
38	P	0.008	0.001	0.000	0.000	0.001
39	L	0.001	0.000	0.000	0.000	0.000
40	P	0.000	0.000	0.000	0.000	0.000
>XP_001394344.1
pos	aa	C	S	n-reg	h-reg	c-reg
1	M	0.000	0.996	0.996	0.000	0.000
2	M	0.000	0.996	0.996	0.000	0.000
3	K	0.000	0.996	0.992	0.003	0.000
4	S	0.000	0.996	0.614	0.381	0.000
5	I	0.000	0.996	0.099	0.897	0.000
6	L	0.000	0.996	0.017	0.979	0.000
7	S	0.000	0.996	0.003	0.993	0.000
8	L	0.000	0.996	0.001	0.995	0.000
9	A	0.000	0.996	0.000	0.996	0.000
10	L	0.000	0.996	0.000	0.996	0.000
11	Y	0.000	0.996	0.000	0.993	0.003
12	T	0.000	0.996	0.000	0.931	0.065
13	A	0.000	0.996	0.000	0.271	0.725
14	T	0.000	0.996	0.000	0.196	0.800
15	A	0.000	0.996	0.000	0.035	0.961
16	L	0.006	0.990	0.000	0.021	0.969
17	A	0.003	0.987	0.000	0.001	0.986
18	Q	0.758	0.229	0.000	0.001	0.228
19	G	0.002	0.227	0.000	0.001	0.226
20	I	0.225	0.002	0.000	0.001	0.002
21	Y	0.000	0.002	0.000	0.000	0.002
22	I	0.000	0.002	0.000	0.000	0.002
23	N	0.000	0.002	0.000	0.000	0.002
24	S	0.000	0.002	0.000	0.000	0.002
25	P	0.000	0.002	0.000	0.000	0.002
26	A	0.000	0.002	0.000	0.000	0.002
27	A	0.000	0.001	0.000	0.000	0.001
28	G	0.000	0.001	0.000	0.000	0.001
29	T	0.001	0.000	0.000	0.000	0.000
30	E	0.000	0.000	0.000	0.000	0.000
31	L	0.000	0.000	0.000	0.000	0.000
32	Q	0.000	0.000	0.000	0.000	0.000
33	A	0.000	0.000	0.000	0.000	0.000
34	G	0.000	0.000	0.000	0.000	0.000
35	E	0.000	0.000	0.000	0.000	0.000
36	T	0.000	0.000	0.000	0.000	0.000
37	V	0.000	0.000	0.000	0.000	0.000
38	T	0.000	0.000	0.000	0.000	0.000
39	V	0.000	0.000	0.000	0.000	0.000
40	Q	0.000	0.000	0.000	0.000	0.000
