>XP_001400213.2
pos	aa	C	S	n-reg	h-reg	c-reg
1	M	0.000	0.984	0.984	0.000	0.000
2	A	0.000	0.984	0.984	0.000	0.000
3	L	0.000	0.984	0.576	0.408	0.000
4	L	0.000	0.984	0.293	0.691	0.000
5	L	0.000	0.984	0.141	0.844	0.000
6	T	0.000	0.984	0.069	0.916	0.000
7	L	0.000	0.984	0.021	0.963	0.000
8	T	0.000	0.984	0.013	0.971	0.000
9	L	0.000	0.984	0.001	0.984	0.000
10	I	0.000	0.984	0.000	0.984	0.000
11	I	0.000	0.984	0.000	0.976	0.009
12	L	0.000	0.984	0.000	0.966	0.018
13	T	0.000	0.984	0.000	0.878	0.107
14	L	0.001	0.984	0.000	0.714	0.270
15	L	0.000	0.983	0.000	0.509	0.474
16	I	0.015	0.968	0.000	0.294	0.673
17	K	0.000	0.968	0.000	0.003	0.965
18	T	0.000	0.968	0.000	0.002	0.966
19	L	0.036	0.932	0.000	0.002	0.930
20	L	0.014	0.918	0.000	0.001	0.917
21	T	0.133	0.786	0.000	0.000	0.785
22	Y	0.778	0.008	0.000	0.000	0.008
23	F	0.000	0.008	0.000	0.000	0.008
24	T	0.000	0.008	0.000	0.000	0.008
25	T	0.001	0.007	0.000	0.000	0.007
26	K	0.002	0.005	0.000	0.000	0.005
27	T	0.000	0.005	0.000	0.000	0.005
28	L	0.000	0.005	0.000	0.000	0.005
29	T	0.000	0.005	0.000	0.000	0.005
30	K	0.005	0.000	0.000	0.000	0.000
31	Y	0.000	0.000	0.000	0.000	0.000
32	P	0.000	0.000	0.000	0.000	0.000
33	P	0.000	0.000	0.000	0.000	0.000
34	L	0.000	0.000	0.000	0.000	0.000
35	N	0.000	0.000	0.000	0.000	0.000
36	P	0.000	0.000	0.000	0.000	0.000
37	L	0.000	0.000	0.000	0.000	0.000
38	S	0.000	0.000	0.000	0.000	0.000
39	N	0.000	0.000	0.000	0.000	0.000
40	L	0.000	0.000	0.000	0.000	0.000
>XP_001400223.2
pos	aa	C	S	n-reg	h-reg	c-reg
1	M	0.000	0.928	0.928	0.000	0.000
2	A	0.000	0.928	0.928	0.000	0.000
3	F	0.000	0.928	0.771	0.158	0.000
4	I	0.000	0.928	0.671	0.258	0.000
5	N	0.000	0.928	0.633	0.296	0.000
6	L	0.000	0.928	0.124	0.804	0.000
7	L	0.000	0.928	0.021	0.907	0.000
8	L	0.000	0.928	0.009	0.919	0.000
9	T	0.000	0.928	0.005	0.923	0.000
10	I	0.000	0.928	0.001	0.928	0.000
11	C	0.000	0.928	0.000	0.891	0.037
12	L	0.000	0.928	0.000	0.864	0.065
13	P	0.000	0.928	0.000	0.751	0.177
14	V	0.000	0.928	0.000	0.631	0.297
15	V	0.000	0.928	0.000	0.575	0.353
16	V	0.000	0.928	0.000	0.424	0.505
17	S	0.000	0.928	0.000	0.304	0.624
18	A	0.071	0.857	0.000	0.017	0.839
19	V	0.247	0.610	0.000	0.009	0.601
20	A	0.000	0.610	0.000	0.006	0.604
21	Y	0.210	0.400	0.000	0.000	0.400
22	G	0.000	0.400	0.000	0.000	0.400
23	L	0.337	0.063	0.000	0.000	0.063
24	H	0.000	0.063	0.000	0.000	0.063
25	A	0.000	0.063	0.000	0.000	0.063
26	L	0.063	0.000	0.000	0.000	0.000
27	Y	0.000	0.000	0.000	0.000	0.000
28	Q	0.000	0.000	0.000	0.000	0.000
29	H	0.000	0.000	0.000	0.000	0.000
30	R	0.000	0.000	0.000	0.000	0.000
31	S	0.000	0.000	0.000	0.000	0.000
32	K	0.000	0.000	0.000	0.000	0.000
33	I	0.000	0.000	0.000	0.000	0.000
34	N	0.000	0.000	0.000	0.000	0.000
35	Q	0.000	0.000	0.000	0.000	0.000
36	L	0.000	0.000	0.000	0.000	0.000
37	R	0.000	0.000	0.000	0.000	0.000
38	K	0.000	0.000	0.000	0.000	0.000
39	Q	0.000	0.000	0.000	0.000	0.000
40	G	0.000	0.000	0.000	0.000	0.000
>XP_001400244.1
pos	aa	C	S	n-reg	h-reg	c-reg
1	M	0.000	0.989	0.989	0.000	0.000
2	R	0.000	0.989	0.989	0.000	0.000
3	W	0.000	0.989	0.746	0.243	0.000
4	L	0.000	0.989	0.117	0.871	0.000
5	L	0.000	0.989	0.044	0.945	0.000
6	T	0.000	0.989	0.033	0.956	0.000
7	S	0.000	0.989	0.021	0.968	0.000
8	S	0.000	0.989	0.009	0.980	0.000
9	A	0.000	0.989	0.003	0.986	0.000
10	L	0.000	0.989	0.000	0.989	0.000
11	L	0.000	0.989	0.000	0.979	0.009
12	V	0.000	0.989	0.000	0.526	0.463
13	P	0.000	0.989	0.000	0.249	0.740
14	A	0.000	0.989	0.000	0.207	0.782
15	A	0.006	0.983	0.000	0.173	0.809
16	A	0.003	0.980	0.000	0.019	0.961
17	L	0.518	0.462	0.000	0.013	0.449
18	V	0.074	0.388	0.000	0.004	0.385
19	R	0.000	0.388	0.000	0.001	0.387
20	P	0.000	0.388	0.000	0.000	0.388
21	D	0.381	0.007	0.000	0.000	0.007
22	G	0.000	0.007	0.000	0.000	0.007
23	V	0.002	0.006	0.000	0.000	0.006
24	G	0.000	0.006	0.000	0.000	0.006
25	R	0.004	0.001	0.000	0.000	0.001
26	T	0.000	0.001	0.000	0.000	0.001
27	P	0.000	0.001	0.000	0.000	0.001
28	A	0.000	0.001	0.000	0.000	0.001
29	L	0.001	0.000	0.000	0.000	0.000
30	G	0.000	0.000	0.000	0.000	0.000
31	W	0.000	0.000	0.000	0.000	0.000
32	N	0.000	0.000	0.000	0.000	0.000
33	S	0.000	0.000	0.000	0.000	0.000
34	W	0.000	0.000	0.000	0.000	0.000
35	N	0.000	0.000	0.000	0.000	0.000
36	A	0.000	0.000	0.000	0.000	0.000
37	Y	0.000	0.000	0.000	0.000	0.000
38	S	0.000	0.000	0.000	0.000	0.000
39	C	0.000	0.000	0.000	0.000	0.000
40	D	0.000	0.000	0.000	0.000	0.000
>XP_001400247.1
pos	aa	C	S	n-reg	h-reg	c-reg
1	M	0.000	0.993	0.993	0.000	0.000
2	W	0.000	0.994	0.994	0.000	0.000
3	L	0.000	0.994	0.993	0.000	0.000
4	K	0.000	0.994	0.993	0.000	0.000
5	S	0.000	0.994	0.991	0.002	0.000
6	K	0.000	0.994	0.983	0.011	0.000
7	Y	0.000	0.994	0.115	0.879	0.000
8	I	0.000	0.994	0.014	0.979	0.000
9	V	0.000	0.994	0.003	0.990	0.000
10	V	0.000	0.994	0.000	0.993	0.000
11	A	0.000	0.994	0.000	0.993	0.000
12	L	0.000	0.994	0.000	0.994	0.000
13	L	0.000	0.994	0.000	0.993	0.000
14	A	0.000	0.994	0.000	0.989	0.005
15	A	0.000	0.994	0.000	0.183	0.810
16	P	0.000	0.994	0.000	0.062	0.931
17	A	0.000	0.994	0.000	0.046	0.947
18	A	0.009	0.984	0.000	0.007	0.978
19	A	0.009	0.975	0.000	0.003	0.973
20	V	0.881	0.094	0.000	0.000	0.094
21	T	0.000	0.094	0.000	0.000	0.094
22	P	0.010	0.085	0.000	0.000	0.085
23	I	0.083	0.002	0.000	0.000	0.002
24	S	0.000	0.002	0.000	0.000	0.002
25	N	0.002	0.000	0.000	0.000	0.000
26	D	0.000	0.000	0.000	0.000	0.000
27	E	0.000	0.000	0.000	0.000	0.000
28	M	0.000	0.000	0.000	0.000	0.000
29	T	0.000	0.000	0.000	0.000	0.000
30	N	0.000	0.000	0.000	0.000	0.000
31	F	0.000	0.000	0.000	0.000	0.000
32	L	0.000	0.000	0.000	0.000	0.000
33	S	0.000	0.000	0.000	0.000	0.000
34	Q	0.000	0.000	0.000	0.000	0.000
35	G	0.000	0.000	0.000	0.000	0.000
36	A	0.000	0.000	0.000	0.000	0.000
37	V	0.000	0.000	0.000	0.000	0.000
38	E	0.000	0.000	0.000	0.000	0.000
39	L	0.000	0.000	0.000	0.000	0.000
40	A	0.000	0.000	0.000	0.000	0.000
>XP_001400255.1
pos	aa	C	S	n-reg	h-reg	c-reg
1	M	0.000	0.535	0.535	0.000	0.000
2	P	0.000	0.536	0.536	0.000	0.000
3	K	0.000	0.536	0.536	0.000	0.000
4	L	0.000	0.536	0.489	0.048	0.000
5	N	0.000	0.536	0.479	0.057	0.000
6	L	0.000	0.536	0.272	0.264	0.000
7	F	0.000	0.536	0.224	0.312	0.000
8	G	0.000	0.536	0.204	0.332	0.000
9	T	0.000	0.536	0.159	0.378	0.000
10	G	0.000	0.536	0.121	0.416	0.000
11	F	0.000	0.536	0.063	0.473	0.000
12	V	0.000	0.536	0.038	0.496	0.003
13	L	0.000	0.536	0.035	0.493	0.008
14	Q	0.000	0.536	0.034	0.423	0.079
15	A	0.000	0.536	0.032	0.351	0.153
16	A	0.001	0.535	0.027	0.331	0.177
17	I	0.000	0.535	0.015	0.301	0.219
18	W	0.000	0.535	0.011	0.207	0.318
19	A	0.000	0.535	0.006	0.183	0.346
20	A	0.105	0.430	0.003	0.065	0.362
21	C	0.005	0.425	0.000	0.054	0.371
22	G	0.020	0.405	0.000	0.039	0.365
23	M	0.061	0.344	0.000	0.037	0.307
24	A	0.000	0.344	0.000	0.037	0.307
25	F	0.281	0.062	0.000	0.035	0.027
26	I	0.000	0.062	0.000	0.034	0.028
27	L	0.000	0.062	0.000	0.032	0.030
28	F	0.000	0.062	0.000	0.023	0.038
29	G	0.000	0.061	0.000	0.005	0.056
30	Y	0.021	0.040	0.000	0.002	0.038
31	D	0.000	0.040	0.000	0.000	0.040
32	Q	0.000	0.040	0.000	0.000	0.040
33	G	0.000	0.040	0.000	0.000	0.040
34	V	0.007	0.033	0.000	0.000	0.033
35	F	0.000	0.033	0.000	0.000	0.033
36	S	0.000	0.033	0.000	0.000	0.033
37	G	0.033	0.000	0.000	0.000	0.000
38	I	0.000	0.000	0.000	0.000	0.000
39	V	0.000	0.000	0.000	0.000	0.000
40	E	0.000	0.000	0.000	0.000	0.000
>XP_001400262.1
pos	aa	C	S	n-reg	h-reg	c-reg
1	M	0.000	0.040	0.040	0.000	0.000
2	G	0.000	0.999	0.999	0.000	0.000
3	Q	0.000	0.999	0.999	0.000	0.000
4	G	0.000	0.999	0.999	0.000	0.000
5	E	0.000	0.999	0.999	0.000	0.000
6	H	0.000	0.999	0.999	0.000	0.000
7	V	0.000	0.999	0.999	0.000	0.000
8	R	0.000	0.999	0.999	0.000	0.000
9	D	0.000	0.999	0.999	0.000	0.000
10	R	0.000	0.999	0.999	0.000	0.000
11	R	0.000	0.999	0.999	0.000	0.000
12	C	0.000	0.999	0.999	0.000	0.000
13	L	0.000	0.999	0.999	0.000	0.000
14	Q	0.000	0.999	0.999	0.000	0.000
15	S	0.000	0.999	0.999	0.000	0.000
16	R	0.000	0.999	0.999	0.000	0.000
17	R	0.000	0.999	0.999	0.000	0.000
18	S	0.000	0.999	0.999	0.000	0.000
19	R	0.000	0.999	0.999	0.000	0.000
20	L	0.000	0.999	0.391	0.608	0.000
21	I	0.000	0.999	0.143	0.856	0.000
22	L	0.000	0.999	0.066	0.933	0.000
23	A	0.000	0.999	0.034	0.965	0.000
24	I	0.000	0.999	0.009	0.990	0.000
25	L	0.000	0.999	0.003	0.996	0.000
26	V	0.000	0.999	0.001	0.998	0.000
27	F	0.000	0.999	0.000	0.999	0.000
28	I	0.000	0.999	0.000	0.996	0.003
29	A	0.000	0.999	0.000	0.994	0.005
30	L	0.000	0.999	0.000	0.992	0.006
31	L	0.000	0.999	0.000	0.991	0.008
32	A	0.000	0.989	0.000	0.971	0.017
33	V	0.005	0.967	0.000	0.952	0.015
34	V	0.000	0.923	0.000	0.904	0.019
35	I	0.000	0.809	0.000	0.784	0.026
36	P	0.000	0.531	0.000	0.498	0.034
37	P	0.008	0.489	0.000	0.463	0.026
38	A	0.005	0.480	0.000	0.459	0.022
39	V	0.002	0.473	0.000	0.454	0.019
40	V	0.000	0.461	0.000	0.442	0.019
>XP_001400267.2
pos	aa	C	S	n-reg	h-reg	c-reg
1	M	0.000	0.000	0.000	0.000	0.000
2	V	0.000	0.000	0.000	0.000	0.000
3	E	0.000	0.000	0.000	0.000	0.000
4	I	0.000	0.000	0.000	0.000	0.000
5	L	0.000	0.000	0.000	0.000	0.000
6	D	0.000	0.000	0.000	0.000	0.000
7	V	0.000	0.000	0.000	0.000	0.000
8	S	0.000	0.000	0.000	0.000	0.000
9	P	0.000	0.000	0.000	0.000	0.000
10	V	0.000	0.000	0.000	0.000	0.000
11	G	0.000	0.000	0.000	0.000	0.000
12	W	0.000	0.000	0.000	0.000	0.000
13	V	0.000	0.000	0.000	0.000	0.000
14	F	0.000	0.000	0.000	0.000	0.000
15	M	0.000	0.000	0.000	0.000	0.000
16	K	0.000	0.000	0.000	0.000	0.000
17	E	0.000	0.000	0.000	0.000	0.000
18	F	0.000	0.000	0.000	0.000	0.000
19	W	0.000	0.000	0.000	0.000	0.000
20	W	0.000	0.000	0.000	0.000	0.000
21	Q	0.000	0.000	0.000	0.000	0.000
22	Y	0.000	0.000	0.000	0.000	0.000
23	V	0.000	0.000	0.000	0.000	0.000
24	L	0.000	0.000	0.000	0.000	0.000
25	I	0.000	0.000	0.000	0.000	0.000
26	A	0.000	0.000	0.000	0.000	0.000
27	I	0.000	0.000	0.000	0.000	0.000
28	L	0.000	0.000	0.000	0.000	0.000
29	L	0.000	0.000	0.000	0.000	0.000
30	A	0.000	0.000	0.000	0.000	0.000
31	S	0.000	0.000	0.000	0.000	0.000
32	V	0.000	0.000	0.000	0.000	0.000
33	V	0.000	0.000	0.000	0.000	0.000
34	C	0.000	0.000	0.000	0.000	0.000
35	G	0.000	0.000	0.000	0.000	0.000
36	C	0.000	0.000	0.000	0.000	0.000
37	S	0.000	0.000	0.000	0.000	0.000
38	Y	0.000	0.000	0.000	0.000	0.000
39	L	0.000	0.000	0.000	0.000	0.000
40	T	0.000	0.000	0.000	0.000	0.000
>XP_001400283.1
pos	aa	C	S	n-reg	h-reg	c-reg
1	M	0.000	0.869	0.869	0.000	0.000
2	M	0.000	0.869	0.869	0.000	0.000
3	M	0.000	0.869	0.763	0.106	0.000
4	Q	0.000	0.869	0.666	0.202	0.000
5	I	0.000	0.869	0.306	0.562	0.000
6	L	0.000	0.869	0.020	0.849	0.000
7	G	0.000	0.869	0.010	0.859	0.000
8	T	0.000	0.869	0.001	0.868	0.000
9	L	0.000	0.869	0.000	0.868	0.000
10	L	0.000	0.869	0.000	0.869	0.000
11	T	0.000	0.869	0.000	0.853	0.016
12	L	0.000	0.869	0.000	0.835	0.033
13	A	0.000	0.869	0.000	0.757	0.112
14	A	0.000	0.868	0.000	0.143	0.726
15	L	0.000	0.868	0.000	0.098	0.770
16	A	0.001	0.867	0.000	0.004	0.863
17	I	0.031	0.836	0.000	0.003	0.833
18	A	0.000	0.836	0.000	0.001	0.835
19	H	0.831	0.005	0.000	0.000	0.005
20	D	0.000	0.005	0.000	0.000	0.005
21	G	0.000	0.005	0.000	0.000	0.005
22	P	0.002	0.004	0.000	0.000	0.004
23	D	0.001	0.002	0.000	0.000	0.002
24	L	0.000	0.002	0.000	0.000	0.002
25	N	0.000	0.002	0.000	0.000	0.002
26	L	0.000	0.002	0.000	0.000	0.002
27	F	0.002	0.000	0.000	0.000	0.000
28	D	0.000	0.000	0.000	0.000	0.000
29	Y	0.000	0.000	0.000	0.000	0.000
30	D	0.000	0.000	0.000	0.000	0.000
31	Q	0.000	0.000	0.000	0.000	0.000
32	R	0.000	0.000	0.000	0.000	0.000
33	G	0.000	0.000	0.000	0.000	0.000
34	P	0.000	0.000	0.000	0.000	0.000
35	L	0.000	0.000	0.000	0.000	0.000
36	L	0.000	0.000	0.000	0.000	0.000
37	G	0.000	0.000	0.000	0.000	0.000
38	T	0.000	0.000	0.000	0.000	0.000
39	W	0.000	0.000	0.000	0.000	0.000
40	F	0.000	0.000	0.000	0.000	0.000
>XP_001400289.2
pos	aa	C	S	n-reg	h-reg	c-reg
1	M	0.000	0.031	0.031	0.000	0.000
2	A	0.000	0.032	0.032	0.000	0.000
3	Y	0.000	0.032	0.032	0.000	0.000
4	R	0.000	0.032	0.032	0.000	0.000
5	L	0.000	0.032	0.032	0.000	0.000
6	Q	0.000	0.032	0.032	0.000	0.000
7	H	0.000	0.032	0.032	0.000	0.000
8	P	0.000	0.032	0.032	0.000	0.000
9	R	0.000	0.032	0.032	0.000	0.000
10	R	0.000	0.032	0.032	0.000	0.000
11	S	0.000	0.032	0.032	0.000	0.000
12	F	0.000	0.032	0.032	0.000	0.000
13	H	0.000	0.032	0.032	0.000	0.000
14	R	0.000	0.032	0.032	0.000	0.000
15	L	0.000	0.032	0.032	0.000	0.000
16	R	0.000	0.032	0.032	0.000	0.000
17	L	0.000	0.032	0.032	0.000	0.000
18	R	0.000	0.032	0.032	0.000	0.000
19	L	0.000	0.032	0.029	0.003	0.000
20	Q	0.000	0.032	0.029	0.003	0.000
21	L	0.000	0.032	0.028	0.004	0.000
22	R	0.000	0.032	0.028	0.004	0.000
23	I	0.000	0.032	0.027	0.005	0.000
24	F	0.000	0.032	0.027	0.005	0.000
25	V	0.000	0.032	0.027	0.005	0.000
26	L	0.000	0.032	0.027	0.005	0.000
27	K	0.000	0.032	0.027	0.003	0.002
28	L	0.000	0.032	0.027	0.003	0.002
29	I	0.000	0.032	0.027	0.003	0.002
30	P	0.000	0.032	0.027	0.000	0.004
31	S	0.000	0.032	0.027	0.000	0.004
32	A	0.000	0.032	0.027	0.000	0.004
33	L	0.000	0.032	0.027	0.000	0.004
34	Q	0.000	0.032	0.027	0.000	0.004
35	H	0.004	0.028	0.027	0.000	0.000
36	S	0.000	0.028	0.027	0.000	0.000
37	C	0.000	0.027	0.027	0.000	0.000
38	R	0.000	0.027	0.027	0.000	0.000
39	R	0.000	0.027	0.027	0.000	0.000
40	F	0.000	0.027	0.027	0.000	0.000
>XP_001400317.1
pos	aa	C	S	n-reg	h-reg	c-reg
1	M	0.000	0.985	0.985	0.000	0.000
2	H	0.000	0.985	0.985	0.000	0.000
3	H	0.000	0.985	0.983	0.001	0.000
4	H	0.000	0.985	0.972	0.012	0.000
5	P	0.000	0.985	0.897	0.088	0.000
6	I	0.000	0.985	0.225	0.760	0.000
7	T	0.000	0.985	0.104	0.881	0.000
8	L	0.000	0.985	0.015	0.970	0.000
9	L	0.000	0.985	0.000	0.984	0.000
10	S	0.000	0.985	0.000	0.984	0.000
11	L	0.000	0.985	0.000	0.985	0.000
12	L	0.000	0.985	0.000	0.984	0.000
13	L	0.000	0.985	0.000	0.974	0.011
14	G	0.000	0.985	0.000	0.693	0.292
15	A	0.000	0.985	0.000	0.613	0.371
16	A	0.000	0.985	0.000	0.363	0.622
17	Q	0.007	0.978	0.000	0.007	0.970
18	S	0.001	0.977	0.000	0.001	0.975
19	I	0.075	0.902	0.000	0.000	0.902
20	A	0.000	0.902	0.000	0.000	0.902
21	A	0.330	0.572	0.000	0.000	0.572
22	H	0.562	0.010	0.000	0.000	0.010
23	P	0.000	0.010	0.000	0.000	0.010
24	T	0.006	0.004	0.000	0.000	0.004
25	A	0.001	0.003	0.000	0.000	0.003
26	H	0.001	0.002	0.000	0.000	0.002
27	D	0.000	0.002	0.000	0.000	0.002
28	E	0.000	0.002	0.000	0.000	0.002
29	R	0.000	0.002	0.000	0.000	0.002
30	R	0.000	0.002	0.000	0.000	0.002
31	S	0.000	0.002	0.000	0.000	0.002
32	S	0.000	0.002	0.000	0.000	0.002
33	S	0.000	0.002	0.000	0.000	0.002
34	S	0.000	0.001	0.000	0.000	0.001
35	I	0.000	0.001	0.000	0.000	0.001
36	G	0.000	0.001	0.000	0.000	0.001
37	V	0.000	0.001	0.000	0.000	0.001
38	S	0.000	0.001	0.000	0.000	0.001
39	A	0.000	0.001	0.000	0.000	0.001
40	S	0.001	0.001	0.000	0.000	0.001
>XP_001400344.1
pos	aa	C	S	n-reg	h-reg	c-reg
1	M	0.000	0.952	0.952	0.000	0.000
2	P	0.000	0.955	0.955	0.000	0.000
3	Q	0.000	0.955	0.955	0.000	0.000
4	A	0.000	0.955	0.955	0.000	0.000
5	A	0.000	0.955	0.955	0.000	0.000
6	R	0.000	0.955	0.955	0.000	0.000
7	W	0.000	0.955	0.955	0.000	0.000
8	V	0.000	0.955	0.955	0.000	0.000
9	G	0.000	0.955	0.955	0.000	0.000
10	T	0.000	0.955	0.955	0.000	0.000
11	P	0.000	0.955	0.955	0.000	0.000
12	S	0.000	0.955	0.955	0.000	0.000
13	I	0.000	0.955	0.955	0.000	0.000
14	K	0.000	0.955	0.955	0.000	0.000
15	G	0.000	0.955	0.955	0.000	0.000
16	R	0.000	0.955	0.955	0.000	0.000
17	R	0.000	0.955	0.955	0.000	0.000
18	E	0.000	0.955	0.955	0.000	0.000
19	W	0.000	0.955	0.951	0.003	0.000
20	V	0.000	0.955	0.946	0.009	0.000
21	R	0.000	0.955	0.936	0.019	0.000
22	M	0.000	0.955	0.440	0.515	0.000
23	V	0.000	0.955	0.149	0.806	0.000
24	L	0.000	0.955	0.037	0.918	0.000
25	L	0.000	0.955	0.005	0.950	0.000
26	T	0.000	0.955	0.004	0.951	0.000
27	F	0.000	0.955	0.004	0.951	0.000
28	S	0.000	0.955	0.003	0.951	0.000
29	L	0.000	0.955	0.003	0.951	0.001
30	L	0.000	0.955	0.003	0.925	0.027
31	G	0.000	0.955	0.003	0.870	0.081
32	L	0.000	0.955	0.003	0.848	0.104
33	Q	0.000	0.955	0.003	0.038	0.914
34	F	0.002	0.953	0.003	0.026	0.923
35	T	0.000	0.953	0.003	0.006	0.944
36	W	0.003	0.949	0.003	0.001	0.945
37	G	0.000	0.949	0.003	0.001	0.945
38	I	0.922	0.028	0.003	0.001	0.024
39	E	0.000	0.028	0.003	0.000	0.024
40	M	0.000	0.028	0.003	0.000	0.024
>XP_001400363.2
pos	aa	C	S	n-reg	h-reg	c-reg
1	M	0.000	0.702	0.702	0.000	0.000
2	V	0.000	0.702	0.702	0.000	0.000
3	W	0.000	0.702	0.660	0.042	0.000
4	H	0.000	0.702	0.576	0.126	0.000
5	L	0.000	0.702	0.365	0.337	0.000
6	S	0.000	0.702	0.248	0.454	0.000
7	L	0.000	0.702	0.002	0.700	0.000
8	I	0.000	0.702	0.000	0.702	0.000
9	A	0.000	0.702	0.000	0.702	0.000
10	I	0.000	0.702	0.000	0.702	0.000
11	L	0.000	0.702	0.000	0.701	0.001
12	S	0.000	0.702	0.000	0.694	0.008
13	L	0.000	0.702	0.000	0.686	0.016
14	L	0.000	0.702	0.000	0.667	0.035
15	P	0.000	0.702	0.000	0.025	0.677
16	G	0.000	0.702	0.000	0.013	0.688
17	A	0.000	0.702	0.000	0.001	0.700
18	L	0.000	0.702	0.000	0.001	0.701
19	A	0.000	0.701	0.000	0.000	0.701
20	T	0.675	0.026	0.000	0.000	0.026
21	G	0.003	0.023	0.000	0.000	0.023
22	W	0.023	0.000	0.000	0.000	0.000
23	D	0.000	0.000	0.000	0.000	0.000
24	D	0.000	0.000	0.000	0.000	0.000
25	F	0.000	0.000	0.000	0.000	0.000
26	A	0.000	0.000	0.000	0.000	0.000
27	D	0.000	0.000	0.000	0.000	0.000
28	D	0.000	0.000	0.000	0.000	0.000
29	L	0.000	0.000	0.000	0.000	0.000
30	A	0.000	0.000	0.000	0.000	0.000
31	T	0.000	0.000	0.000	0.000	0.000
32	D	0.000	0.000	0.000	0.000	0.000
33	L	0.000	0.000	0.000	0.000	0.000
34	A	0.000	0.000	0.000	0.000	0.000
35	P	0.000	0.000	0.000	0.000	0.000
36	L	0.000	0.000	0.000	0.000	0.000
37	I	0.000	0.000	0.000	0.000	0.000
38	S	0.000	0.000	0.000	0.000	0.000
39	L	0.000	0.000	0.000	0.000	0.000
40	F	0.000	0.000	0.000	0.000	0.000
>XP_001400380.1
pos	aa	C	S	n-reg	h-reg	c-reg
1	M	0.000	0.996	0.996	0.000	0.000
2	L	0.000	0.996	0.996	0.000	0.000
3	L	0.000	0.996	0.844	0.152	0.000
4	H	0.000	0.996	0.808	0.188	0.000
5	G	0.000	0.996	0.668	0.328	0.000
6	L	0.000	0.996	0.126	0.870	0.000
7	L	0.000	0.996	0.008	0.988	0.000
8	L	0.000	0.996	0.002	0.994	0.000
9	A	0.000	0.996	0.001	0.995	0.000
10	L	0.000	0.996	0.000	0.995	0.000
11	Q	0.000	0.996	0.000	0.944	0.052
12	A	0.000	0.996	0.000	0.939	0.056
13	I	0.000	0.996	0.000	0.929	0.067
14	L	0.000	0.996	0.000	0.766	0.230
15	A	0.000	0.996	0.000	0.269	0.726
16	S	0.013	0.983	0.000	0.145	0.838
17	S	0.000	0.982	0.000	0.021	0.961
18	A	0.027	0.956	0.000	0.009	0.947
19	A	0.266	0.690	0.000	0.001	0.689
20	I	0.417	0.273	0.000	0.001	0.272
21	T	0.000	0.273	0.000	0.000	0.273
22	S	0.150	0.123	0.000	0.000	0.122
23	P	0.006	0.116	0.000	0.000	0.116
24	S	0.094	0.022	0.000	0.000	0.022
25	S	0.005	0.017	0.000	0.000	0.017
26	N	0.006	0.011	0.000	0.000	0.011
27	H	0.000	0.011	0.000	0.000	0.011
28	L	0.000	0.011	0.000	0.000	0.011
29	S	0.000	0.011	0.000	0.000	0.011
30	T	0.000	0.011	0.000	0.000	0.011
31	A	0.000	0.010	0.000	0.000	0.010
32	A	0.007	0.004	0.000	0.000	0.004
33	R	0.003	0.001	0.000	0.000	0.001
34	E	0.000	0.001	0.000	0.000	0.001
35	K	0.000	0.001	0.000	0.000	0.001
36	C	0.000	0.001	0.000	0.000	0.001
37	Q	0.000	0.001	0.000	0.000	0.001
38	T	0.000	0.001	0.000	0.000	0.001
39	T	0.000	0.001	0.000	0.000	0.001
40	L	0.000	0.001	0.000	0.000	0.001
>XP_001400421.2
pos	aa	C	S	n-reg	h-reg	c-reg
1	M	0.000	0.985	0.985	0.000	0.000
2	R	0.000	0.986	0.986	0.000	0.000
3	I	0.000	0.986	0.505	0.481	0.000
4	L	0.000	0.986	0.381	0.605	0.000
5	P	0.000	0.986	0.354	0.632	0.000
6	L	0.000	0.986	0.004	0.982	0.000
7	L	0.000	0.986	0.000	0.986	0.000
8	I	0.000	0.986	0.000	0.986	0.000
9	T	0.000	0.986	0.000	0.986	0.000
10	Y	0.000	0.986	0.000	0.986	0.000
11	L	0.000	0.986	0.000	0.976	0.010
12	F	0.000	0.986	0.000	0.961	0.024
13	L	0.000	0.986	0.000	0.941	0.045
14	P	0.000	0.986	0.000	0.024	0.962
15	I	0.000	0.986	0.000	0.011	0.975
16	I	0.000	0.986	0.000	0.005	0.981
17	T	0.000	0.986	0.000	0.002	0.984
18	A	0.020	0.965	0.000	0.001	0.965
19	K	0.959	0.006	0.000	0.000	0.006
20	F	0.000	0.006	0.000	0.000	0.006
21	S	0.000	0.006	0.000	0.000	0.006
22	P	0.003	0.002	0.000	0.000	0.002
23	I	0.001	0.001	0.000	0.000	0.001
24	C	0.000	0.001	0.000	0.000	0.001
25	I	0.000	0.001	0.000	0.000	0.001
26	R	0.000	0.001	0.000	0.000	0.001
27	V	0.000	0.001	0.000	0.000	0.001
28	L	0.000	0.001	0.000	0.000	0.001
29	G	0.000	0.001	0.000	0.000	0.001
30	A	0.001	0.000	0.000	0.000	0.000
31	L	0.000	0.000	0.000	0.000	0.000
32	T	0.000	0.000	0.000	0.000	0.000
33	G	0.000	0.000	0.000	0.000	0.000
34	R	0.000	0.000	0.000	0.000	0.000
35	P	0.000	0.000	0.000	0.000	0.000
36	N	0.000	0.000	0.000	0.000	0.000
37	D	0.000	0.000	0.000	0.000	0.000
38	L	0.000	0.000	0.000	0.000	0.000
39	F	0.000	0.000	0.000	0.000	0.000
40	T	0.000	0.000	0.000	0.000	0.000
>XP_001400424.2
pos	aa	C	S	n-reg	h-reg	c-reg
1	M	0.000	0.967	0.967	0.000	0.000
2	E	0.000	0.967	0.967	0.000	0.000
3	T	0.000	0.967	0.967	0.000	0.000
4	H	0.000	0.967	0.967	0.000	0.000
5	P	0.000	0.967	0.967	0.000	0.000
6	H	0.000	0.967	0.967	0.000	0.000
7	P	0.000	0.967	0.967	0.000	0.000
8	P	0.000	0.967	0.967	0.000	0.000
9	Y	0.000	0.967	0.967	0.000	0.000
10	K	0.000	0.967	0.967	0.000	0.000
11	H	0.000	0.967	0.966	0.001	0.000
12	P	0.000	0.967	0.957	0.010	0.000
13	I	0.000	0.967	0.837	0.131	0.000
14	T	0.000	0.967	0.607	0.360	0.000
15	F	0.000	0.967	0.310	0.657	0.000
16	W	0.000	0.967	0.227	0.740	0.000
17	L	0.000	0.967	0.055	0.912	0.000
18	V	0.000	0.967	0.010	0.957	0.000
19	F	0.000	0.967	0.004	0.963	0.000
20	L	0.000	0.967	0.001	0.966	0.000
21	S	0.000	0.967	0.000	0.964	0.003
22	L	0.000	0.967	0.000	0.960	0.008
23	C	0.000	0.967	0.000	0.935	0.032
24	L	0.000	0.967	0.000	0.918	0.050
25	L	0.000	0.967	0.000	0.827	0.141
26	S	0.001	0.966	0.000	0.157	0.809
27	F	0.000	0.966	0.000	0.118	0.848
28	V	0.000	0.966	0.000	0.089	0.877
29	S	0.000	0.966	0.000	0.007	0.958
30	A	0.001	0.965	0.000	0.004	0.961
31	L	0.620	0.344	0.000	0.002	0.342
32	D	0.003	0.341	0.000	0.000	0.341
33	G	0.000	0.341	0.000	0.000	0.341
34	A	0.317	0.024	0.000	0.000	0.024
35	I	0.004	0.021	0.000	0.000	0.021
36	I	0.000	0.021	0.000	0.000	0.021
37	S	0.000	0.021	0.000	0.000	0.021
38	T	0.006	0.015	0.000	0.000	0.015
39	A	0.002	0.013	0.000	0.000	0.013
40	L	0.007	0.006	0.000	0.000	0.006
>XP_001400443.2
pos	aa	C	S	n-reg	h-reg	c-reg
1	M	0.000	0.354	0.354	0.000	0.000
2	V	0.000	0.354	0.354	0.000	0.000
3	F	0.000	0.354	0.245	0.109	0.000
4	S	0.000	0.354	0.174	0.180	0.000
5	L	0.000	0.354	0.036	0.319	0.000
6	V	0.000	0.354	0.017	0.337	0.000
7	M	0.000	0.354	0.013	0.341	0.000
8	M	0.000	0.354	0.010	0.345	0.000
9	S	0.000	0.354	0.004	0.350	0.000
10	T	0.000	0.354	0.002	0.351	0.000
11	L	0.000	0.354	0.000	0.344	0.010
12	V	0.000	0.354	0.000	0.324	0.031
13	P	0.000	0.354	0.000	0.084	0.270
14	T	0.000	0.354	0.000	0.068	0.286
15	I	0.001	0.353	0.000	0.065	0.288
16	I	0.000	0.353	0.000	0.057	0.296
17	G	0.000	0.353	0.000	0.011	0.342
18	L	0.259	0.094	0.000	0.007	0.087
19	N	0.017	0.077	0.000	0.003	0.074
20	E	0.000	0.077	0.000	0.000	0.077
21	A	0.000	0.077	0.000	0.000	0.077
22	T	0.055	0.022	0.000	0.000	0.022
23	K	0.000	0.022	0.000	0.000	0.022
24	G	0.000	0.022	0.000	0.000	0.022
25	A	0.019	0.002	0.000	0.000	0.002
26	R	0.002	0.000	0.000	0.000	0.000
27	D	0.000	0.000	0.000	0.000	0.000
28	Q	0.000	0.000	0.000	0.000	0.000
29	E	0.000	0.000	0.000	0.000	0.000
30	E	0.000	0.000	0.000	0.000	0.000
31	S	0.000	0.000	0.000	0.000	0.000
32	R	0.000	0.000	0.000	0.000	0.000
33	R	0.000	0.000	0.000	0.000	0.000
34	A	0.000	0.000	0.000	0.000	0.000
35	E	0.000	0.000	0.000	0.000	0.000
36	S	0.000	0.000	0.000	0.000	0.000
37	R	0.000	0.000	0.000	0.000	0.000
38	S	0.000	0.000	0.000	0.000	0.000
39	R	0.000	0.000	0.000	0.000	0.000
40	R	0.000	0.000	0.000	0.000	0.000
>XP_001400446.1
pos	aa	C	S	n-reg	h-reg	c-reg
1	M	0.000	0.997	0.997	0.000	0.000
2	L	0.000	0.998	0.998	0.000	0.000
3	L	0.000	0.998	0.998	0.000	0.000
4	K	0.000	0.998	0.998	0.000	0.000
5	P	0.000	0.998	0.997	0.000	0.000
6	A	0.000	0.998	0.993	0.005	0.000
7	T	0.000	0.998	0.984	0.013	0.000
8	P	0.000	0.998	0.973	0.025	0.000
9	L	0.000	0.998	0.802	0.196	0.000
10	T	0.000	0.998	0.572	0.425	0.000
11	I	0.000	0.998	0.155	0.842	0.000
12	L	0.000	0.998	0.032	0.966	0.000
13	L	0.000	0.998	0.008	0.989	0.000
14	L	0.000	0.998	0.002	0.996	0.000
15	I	0.000	0.998	0.001	0.996	0.001
16	A	0.000	0.998	0.000	0.995	0.002
17	F	0.000	0.998	0.000	0.994	0.004
18	A	0.000	0.998	0.000	0.981	0.017
19	L	0.001	0.997	0.000	0.957	0.040
20	L	0.000	0.997	0.000	0.916	0.081
21	L	0.001	0.996	0.000	0.852	0.144
22	I	0.001	0.995	0.000	0.261	0.734
23	S	0.000	0.995	0.000	0.033	0.962
24	V	0.006	0.989	0.000	0.005	0.984
25	I	0.000	0.989	0.000	0.003	0.986
26	S	0.000	0.989	0.000	0.001	0.988
27	T	0.876	0.113	0.000	0.000	0.112
28	P	0.085	0.028	0.000	0.000	0.028
29	I	0.022	0.006	0.000	0.000	0.006
30	V	0.000	0.006	0.000	0.000	0.006
31	K	0.000	0.006	0.000	0.000	0.006
32	S	0.000	0.006	0.000	0.000	0.006
33	I	0.003	0.003	0.000	0.000	0.003
34	A	0.000	0.003	0.000	0.000	0.003
35	L	0.002	0.001	0.000	0.000	0.001
36	A	0.000	0.001	0.000	0.000	0.001
37	R	0.001	0.000	0.000	0.000	0.000
38	H	0.000	0.000	0.000	0.000	0.000
39	D	0.000	0.000	0.000	0.000	0.000
40	N	0.000	0.000	0.000	0.000	0.000
>XP_001400453.1
pos	aa	C	S	n-reg	h-reg	c-reg
1	M	0.000	0.839	0.839	0.000	0.000
2	K	0.000	0.839	0.839	0.000	0.000
3	F	0.000	0.839	0.788	0.051	0.000
4	N	0.000	0.839	0.763	0.076	0.000
5	A	0.000	0.839	0.502	0.336	0.000
6	L	0.000	0.839	0.053	0.785	0.000
7	L	0.000	0.839	0.013	0.826	0.000
8	T	0.000	0.839	0.008	0.830	0.000
9	T	0.000	0.839	0.000	0.838	0.000
10	L	0.000	0.839	0.000	0.839	0.000
11	A	0.000	0.839	0.000	0.838	0.001
12	A	0.000	0.839	0.000	0.836	0.002
13	L	0.000	0.839	0.000	0.806	0.033
14	G	0.000	0.839	0.000	0.494	0.344
15	Y	0.001	0.838	0.000	0.410	0.428
16	I	0.000	0.838	0.000	0.363	0.475
17	Q	0.000	0.838	0.000	0.004	0.834
18	G	0.000	0.838	0.000	0.001	0.838
19	G	0.044	0.794	0.000	0.000	0.794
20	A	0.001	0.793	0.000	0.000	0.793
21	A	0.023	0.770	0.000	0.000	0.770
22	V	0.765	0.005	0.000	0.000	0.005
23	P	0.000	0.005	0.000	0.000	0.005
24	T	0.003	0.002	0.000	0.000	0.002
25	T	0.001	0.001	0.000	0.000	0.001
26	V	0.000	0.001	0.000	0.000	0.001
27	D	0.000	0.001	0.000	0.000	0.001
28	L	0.000	0.001	0.000	0.000	0.001
29	T	0.000	0.001	0.000	0.000	0.001
30	Y	0.000	0.001	0.000	0.000	0.001
31	A	0.000	0.001	0.000	0.000	0.001
32	D	0.001	0.000	0.000	0.000	0.000
33	I	0.000	0.000	0.000	0.000	0.000
34	S	0.000	0.000	0.000	0.000	0.000
35	P	0.000	0.000	0.000	0.000	0.000
36	R	0.000	0.000	0.000	0.000	0.000
37	A	0.000	0.000	0.000	0.000	0.000
38	L	0.000	0.000	0.000	0.000	0.000
39	D	0.000	0.000	0.000	0.000	0.000
40	N	0.000	0.000	0.000	0.000	0.000
>XP_001400456.1
pos	aa	C	S	n-reg	h-reg	c-reg
1	M	0.000	0.747	0.747	0.000	0.000
2	F	0.000	0.749	0.749	0.000	0.000
3	L	0.000	0.749	0.749	0.000	0.000
4	N	0.000	0.749	0.749	0.000	0.000
5	T	0.000	0.749	0.749	0.000	0.000
6	G	0.000	0.749	0.749	0.000	0.000
7	L	0.000	0.749	0.749	0.000	0.000
8	S	0.000	0.749	0.749	0.000	0.000
9	R	0.000	0.749	0.749	0.000	0.000
10	K	0.000	0.749	0.749	0.000	0.000
11	F	0.000	0.749	0.749	0.000	0.000
12	L	0.000	0.749	0.749	0.000	0.000
13	K	0.000	0.749	0.749	0.000	0.000
14	P	0.000	0.749	0.748	0.001	0.000
15	Y	0.000	0.749	0.739	0.010	0.000
16	V	0.000	0.749	0.717	0.032	0.000
17	A	0.000	0.749	0.699	0.050	0.000
18	E	0.000	0.749	0.658	0.091	0.000
19	F	0.000	0.749	0.191	0.558	0.000
20	L	0.000	0.749	0.083	0.666	0.000
21	G	0.000	0.749	0.056	0.694	0.000
22	T	0.000	0.749	0.002	0.747	0.000
23	A	0.000	0.749	0.001	0.748	0.000
24	L	0.000	0.749	0.000	0.748	0.001
25	L	0.000	0.749	0.000	0.745	0.005
26	I	0.000	0.749	0.000	0.741	0.009
27	V	0.000	0.749	0.000	0.699	0.050
28	I	0.000	0.749	0.000	0.666	0.083
29	G	0.000	0.749	0.000	0.586	0.164
30	D	0.012	0.737	0.000	0.006	0.731
31	G	0.000	0.737	0.000	0.004	0.733
32	V	0.032	0.705	0.000	0.004	0.701
33	V	0.000	0.705	0.000	0.003	0.702
34	A	0.000	0.705	0.000	0.002	0.703
35	Q	0.669	0.035	0.000	0.001	0.034
36	C	0.004	0.031	0.000	0.001	0.030
37	L	0.017	0.014	0.000	0.001	0.013
38	L	0.000	0.014	0.000	0.001	0.013
39	S	0.007	0.007	0.000	0.000	0.006
40	D	0.000	0.006	0.000	0.000	0.006
>XP_001400458.2
pos	aa	C	S	n-reg	h-reg	c-reg
1	M	0.000	0.290	0.290	0.000	0.000
2	L	0.000	0.290	0.290	0.000	0.000
3	Y	0.000	0.290	0.194	0.096	0.000
4	L	0.000	0.290	0.069	0.221	0.000
5	V	0.000	0.290	0.061	0.229	0.000
6	L	0.000	0.290	0.052	0.238	0.000
7	A	0.000	0.290	0.049	0.241	0.000
8	L	0.000	0.290	0.048	0.242	0.000
9	S	0.000	0.290	0.047	0.243	0.000
10	V	0.000	0.290	0.045	0.245	0.000
11	P	0.000	0.290	0.044	0.185	0.061
12	G	0.000	0.290	0.041	0.070	0.179
13	Y	0.000	0.290	0.026	0.079	0.185
14	L	0.000	0.290	0.004	0.094	0.191
15	I	0.002	0.288	0.002	0.079	0.207
16	A	0.000	0.288	0.001	0.060	0.227
17	L	0.169	0.119	0.000	0.056	0.063
18	T	0.002	0.117	0.000	0.049	0.068
19	C	0.016	0.101	0.000	0.048	0.054
20	Y	0.020	0.082	0.000	0.047	0.035
21	N	0.000	0.082	0.000	0.041	0.041
22	L	0.000	0.082	0.000	0.039	0.043
23	F	0.001	0.081	0.000	0.036	0.045
24	F	0.000	0.081	0.000	0.032	0.049
25	H	0.000	0.081	0.000	0.000	0.081
26	P	0.000	0.081	0.000	0.000	0.081
27	L	0.000	0.081	0.000	0.000	0.081
28	R	0.000	0.081	0.000	0.000	0.081
29	S	0.000	0.081	0.000	0.000	0.081
30	F	0.071	0.010	0.000	0.000	0.010
31	P	0.000	0.010	0.000	0.000	0.010
32	G	0.008	0.002	0.000	0.000	0.002
33	P	0.000	0.002	0.000	0.000	0.002
34	P	0.000	0.002	0.000	0.000	0.002
35	L	0.000	0.002	0.000	0.000	0.002
36	A	0.000	0.002	0.000	0.000	0.002
37	K	0.002	0.000	0.000	0.000	0.000
38	V	0.000	0.000	0.000	0.000	0.000
39	S	0.000	0.000	0.000	0.000	0.000
40	K	0.000	0.000	0.000	0.000	0.000
>XP_001400461.2
pos	aa	C	S	n-reg	h-reg	c-reg
1	M	0.000	0.645	0.645	0.000	0.000
2	G	0.000	0.645	0.645	0.000	0.000
3	I	0.000	0.645	0.312	0.333	0.000
4	L	0.000	0.645	0.126	0.519	0.000
5	L	0.000	0.645	0.083	0.562	0.000
6	R	0.000	0.645	0.081	0.564	0.000
7	I	0.000	0.645	0.003	0.642	0.000
8	L	0.000	0.645	0.001	0.644	0.000
9	P	0.000	0.645	0.000	0.645	0.000
10	L	0.000	0.645	0.000	0.645	0.000
11	L	0.000	0.645	0.000	0.636	0.009
12	L	0.000	0.645	0.000	0.613	0.032
13	P	0.000	0.645	0.000	0.157	0.488
14	F	0.000	0.645	0.000	0.139	0.506
15	T	0.000	0.645	0.000	0.013	0.632
16	H	0.000	0.645	0.000	0.006	0.638
17	A	0.000	0.645	0.000	0.001	0.643
18	T	0.509	0.136	0.000	0.000	0.136
19	T	0.000	0.136	0.000	0.000	0.136
20	F	0.101	0.035	0.000	0.000	0.035
21	S	0.000	0.035	0.000	0.000	0.035
22	T	0.030	0.005	0.000	0.000	0.005
23	K	0.005	0.000	0.000	0.000	0.000
24	H	0.000	0.000	0.000	0.000	0.000
25	F	0.000	0.000	0.000	0.000	0.000
26	T	0.000	0.000	0.000	0.000	0.000
27	G	0.000	0.000	0.000	0.000	0.000
28	V	0.000	0.000	0.000	0.000	0.000
29	L	0.000	0.000	0.000	0.000	0.000
30	D	0.000	0.000	0.000	0.000	0.000
31	D	0.000	0.000	0.000	0.000	0.000
32	D	0.000	0.000	0.000	0.000	0.000
33	S	0.000	0.000	0.000	0.000	0.000
34	G	0.000	0.000	0.000	0.000	0.000
35	V	0.000	0.000	0.000	0.000	0.000
36	L	0.000	0.000	0.000	0.000	0.000
37	K	0.000	0.000	0.000	0.000	0.000
38	S	0.000	0.000	0.000	0.000	0.000
39	L	0.000	0.000	0.000	0.000	0.000
40	K	0.000	0.000	0.000	0.000	0.000
>XP_001400465.1
pos	aa	C	S	n-reg	h-reg	c-reg
1	M	0.000	0.525	0.525	0.000	0.000
2	K	0.000	0.525	0.525	0.000	0.000
3	L	0.000	0.525	0.145	0.380	0.000
4	L	0.000	0.525	0.011	0.514	0.000
5	I	0.000	0.525	0.006	0.519	0.000
6	W	0.000	0.525	0.004	0.521	0.000
7	G	0.000	0.525	0.003	0.522	0.000
8	P	0.000	0.525	0.001	0.524	0.000
9	V	0.000	0.525	0.000	0.525	0.000
10	L	0.000	0.525	0.000	0.524	0.000
11	A	0.000	0.525	0.000	0.450	0.075
12	S	0.000	0.525	0.000	0.074	0.451
13	A	0.000	0.525	0.000	0.050	0.475
14	A	0.013	0.512	0.000	0.027	0.485
15	Y	0.006	0.506	0.000	0.019	0.487
16	G	0.000	0.506	0.000	0.001	0.504
17	R	0.434	0.071	0.000	0.000	0.071
18	V	0.000	0.071	0.000	0.000	0.071
19	I	0.000	0.071	0.000	0.000	0.071
20	G	0.000	0.071	0.000	0.000	0.071
21	T	0.068	0.003	0.000	0.000	0.003
22	R	0.001	0.003	0.000	0.000	0.003
23	T	0.000	0.003	0.000	0.000	0.003
24	Q	0.002	0.000	0.000	0.000	0.000
25	S	0.000	0.000	0.000	0.000	0.000
26	K	0.000	0.000	0.000	0.000	0.000
27	S	0.000	0.000	0.000	0.000	0.000
28	T	0.000	0.000	0.000	0.000	0.000
29	L	0.000	0.000	0.000	0.000	0.000
30	S	0.000	0.000	0.000	0.000	0.000
31	S	0.000	0.000	0.000	0.000	0.000
32	P	0.000	0.000	0.000	0.000	0.000
33	V	0.000	0.000	0.000	0.000	0.000
34	A	0.000	0.000	0.000	0.000	0.000
35	S	0.000	0.000	0.000	0.000	0.000
36	V	0.000	0.000	0.000	0.000	0.000
37	Q	0.000	0.000	0.000	0.000	0.000
38	S	0.000	0.000	0.000	0.000	0.000
39	P	0.000	0.000	0.000	0.000	0.000
40	T	0.000	0.000	0.000	0.000	0.000
>XP_001400471.1
pos	aa	C	S	n-reg	h-reg	c-reg
1	M	0.000	0.088	0.088	0.000	0.000
2	R	0.000	0.089	0.089	0.000	0.000
3	S	0.000	0.089	0.068	0.021	0.000
4	S	0.000	0.089	0.051	0.038	0.000
5	T	0.000	0.089	0.040	0.048	0.000
6	R	0.000	0.089	0.027	0.062	0.000
7	L	0.000	0.089	0.002	0.087	0.000
8	I	0.000	0.089	0.001	0.088	0.000
9	L	0.000	0.089	0.000	0.088	0.000
10	L	0.000	0.089	0.000	0.088	0.000
11	T	0.000	0.089	0.000	0.074	0.015
12	T	0.000	0.089	0.000	0.060	0.028
13	P	0.000	0.089	0.000	0.048	0.040
14	P	0.000	0.089	0.000	0.021	0.067
15	P	0.000	0.089	0.000	0.010	0.079
16	I	0.000	0.089	0.000	0.007	0.081
17	L	0.000	0.089	0.000	0.006	0.083
18	T	0.000	0.088	0.000	0.002	0.086
19	Y	0.073	0.015	0.000	0.001	0.014
20	T	0.000	0.015	0.000	0.000	0.015
21	T	0.012	0.004	0.000	0.000	0.003
22	H	0.000	0.003	0.000	0.000	0.003
23	R	0.000	0.003	0.000	0.000	0.003
24	Y	0.000	0.003	0.000	0.000	0.003
25	L	0.000	0.003	0.000	0.000	0.003
26	S	0.000	0.003	0.000	0.000	0.003
27	T	0.000	0.003	0.000	0.000	0.003
28	L	0.001	0.002	0.000	0.000	0.002
29	E	0.000	0.002	0.000	0.000	0.002
30	A	0.000	0.002	0.000	0.000	0.002
31	K	0.002	0.000	0.000	0.000	0.000
32	Y	0.000	0.000	0.000	0.000	0.000
33	P	0.000	0.000	0.000	0.000	0.000
34	P	0.000	0.000	0.000	0.000	0.000
35	I	0.000	0.000	0.000	0.000	0.000
36	D	0.000	0.000	0.000	0.000	0.000
37	P	0.000	0.000	0.000	0.000	0.000
38	T	0.000	0.000	0.000	0.000	0.000
39	T	0.000	0.000	0.000	0.000	0.000
40	T	0.000	0.000	0.000	0.000	0.000
>XP_001400475.1
pos	aa	C	S	n-reg	h-reg	c-reg
1	M	0.000	0.000	0.000	0.000	0.000
2	F	0.000	0.000	0.000	0.000	0.000
3	S	0.000	0.000	0.000	0.000	0.000
4	I	0.000	0.000	0.000	0.000	0.000
5	V	0.000	0.000	0.000	0.000	0.000
6	Y	0.000	0.000	0.000	0.000	0.000
7	L	0.000	0.000	0.000	0.000	0.000
8	Y	0.000	0.000	0.000	0.000	0.000
9	Y	0.000	0.000	0.000	0.000	0.000
10	K	0.000	0.000	0.000	0.000	0.000
11	V	0.000	0.000	0.000	0.000	0.000
12	L	0.000	0.000	0.000	0.000	0.000
13	A	0.000	0.000	0.000	0.000	0.000
14	F	0.000	0.000	0.000	0.000	0.000
15	L	0.000	0.000	0.000	0.000	0.000
16	I	0.000	0.000	0.000	0.000	0.000
17	R	0.000	0.000	0.000	0.000	0.000
18	R	0.000	0.000	0.000	0.000	0.000
19	F	0.000	0.000	0.000	0.000	0.000
20	I	0.000	0.000	0.000	0.000	0.000
21	A	0.000	0.000	0.000	0.000	0.000
22	P	0.000	0.000	0.000	0.000	0.000
23	K	0.000	0.000	0.000	0.000	0.000
24	K	0.000	0.000	0.000	0.000	0.000
25	N	0.000	0.000	0.000	0.000	0.000
26	T	0.000	0.000	0.000	0.000	0.000
27	Q	0.000	0.000	0.000	0.000	0.000
28	A	0.000	0.000	0.000	0.000	0.000
29	T	0.000	0.000	0.000	0.000	0.000
30	P	0.000	0.000	0.000	0.000	0.000
31	D	0.000	0.000	0.000	0.000	0.000
32	D	0.000	0.000	0.000	0.000	0.000
33	V	0.000	0.000	0.000	0.000	0.000
34	Y	0.000	0.000	0.000	0.000	0.000
35	Q	0.000	0.000	0.000	0.000	0.000
36	I	0.000	0.000	0.000	0.000	0.000
37	P	0.000	0.000	0.000	0.000	0.000
38	S	0.000	0.000	0.000	0.000	0.000
39	R	0.000	0.000	0.000	0.000	0.000
40	D	0.000	0.000	0.000	0.000	0.000
>XP_001400478.1
pos	aa	C	S	n-reg	h-reg	c-reg
1	M	0.000	0.005	0.005	0.000	0.000
2	A	0.000	0.007	0.007	0.000	0.000
3	N	0.000	0.007	0.007	0.000	0.000
4	D	0.000	0.007	0.007	0.000	0.000
5	G	0.000	0.007	0.007	0.000	0.000
6	G	0.000	0.007	0.007	0.000	0.000
7	G	0.000	0.007	0.007	0.000	0.000
8	S	0.000	0.007	0.007	0.000	0.000
9	P	0.000	0.007	0.007	0.000	0.000
10	H	0.000	0.007	0.007	0.000	0.000
11	D	0.000	0.007	0.007	0.000	0.000
12	L	0.000	0.007	0.006	0.001	0.000
13	V	0.000	0.007	0.006	0.001	0.000
14	V	0.000	0.007	0.006	0.001	0.000
15	Q	0.000	0.007	0.006	0.002	0.000
16	T	0.000	0.007	0.005	0.002	0.000
17	W	0.000	0.007	0.004	0.003	0.000
18	I	0.000	0.007	0.002	0.005	0.000
19	M	0.000	0.007	0.002	0.005	0.000
20	Y	0.000	0.007	0.002	0.005	0.000
21	S	0.000	0.007	0.001	0.006	0.000
22	I	0.000	0.007	0.001	0.006	0.000
23	A	0.000	0.007	0.001	0.006	0.000
24	I	0.000	0.007	0.001	0.006	0.000
25	L	0.000	0.007	0.001	0.006	0.000
26	L	0.000	0.007	0.001	0.006	0.000
27	F	0.000	0.007	0.001	0.006	0.000
28	L	0.000	0.007	0.001	0.006	0.000
29	V	0.000	0.006	0.001	0.002	0.004
30	R	0.000	0.005	0.001	0.000	0.005
31	L	0.000	0.005	0.001	0.000	0.005
32	F	0.000	0.005	0.001	0.000	0.005
33	A	0.000	0.005	0.001	0.000	0.005
34	R	0.005	0.001	0.001	0.000	0.000
35	Y	0.000	0.001	0.001	0.000	0.000
36	K	0.000	0.001	0.001	0.000	0.000
37	R	0.000	0.001	0.001	0.000	0.000
38	L	0.000	0.001	0.001	0.000	0.000
39	G	0.000	0.001	0.001	0.000	0.000
40	F	0.000	0.001	0.001	0.000	0.000
>XP_001400483.2
pos	aa	C	S	n-reg	h-reg	c-reg
1	M	0.000	0.872	0.872	0.000	0.000
2	A	0.000	0.908	0.908	0.000	0.000
3	I	0.000	0.908	0.908	0.000	0.000
4	R	0.000	0.908	0.908	0.000	0.000
5	R	0.000	0.908	0.908	0.000	0.000
6	F	0.000	0.908	0.908	0.000	0.000
7	R	0.000	0.908	0.908	0.000	0.000
8	R	0.000	0.908	0.907	0.001	0.000
9	I	0.000	0.908	0.701	0.207	0.000
10	T	0.000	0.908	0.458	0.451	0.000
11	I	0.000	0.908	0.131	0.778	0.000
12	L	0.000	0.908	0.053	0.855	0.000
13	A	0.000	0.908	0.033	0.876	0.000
14	S	0.000	0.908	0.015	0.894	0.000
15	L	0.000	0.908	0.003	0.906	0.000
16	L	0.000	0.908	0.001	0.907	0.001
17	G	0.000	0.908	0.001	0.889	0.019
18	V	0.000	0.908	0.000	0.887	0.022
19	F	0.000	0.908	0.000	0.880	0.029
20	L	0.000	0.908	0.000	0.869	0.040
21	L	0.015	0.892	0.000	0.683	0.209
22	Y	0.005	0.881	0.000	0.142	0.738
23	H	0.000	0.874	0.000	0.044	0.830
24	F	0.000	0.873	0.000	0.041	0.832
25	L	0.000	0.871	0.000	0.028	0.843
26	S	0.019	0.844	0.000	0.014	0.830
27	I	0.156	0.685	0.000	0.009	0.676
28	R	0.000	0.677	0.000	0.000	0.677
29	P	0.000	0.677	0.000	0.000	0.677
30	E	0.644	0.032	0.000	0.000	0.032
31	L	0.000	0.032	0.000	0.000	0.032
32	Y	0.001	0.032	0.000	0.000	0.032
33	T	0.000	0.032	0.000	0.000	0.032
34	R	0.014	0.018	0.000	0.000	0.018
35	S	0.000	0.018	0.000	0.000	0.018
36	A	0.005	0.013	0.000	0.000	0.013
37	T	0.002	0.012	0.000	0.000	0.012
38	Q	0.004	0.008	0.000	0.000	0.008
39	L	0.002	0.006	0.000	0.000	0.006
40	R	0.003	0.003	0.000	0.000	0.003
>XP_001400484.2
pos	aa	C	S	n-reg	h-reg	c-reg
1	M	0.000	0.989	0.989	0.000	0.000
2	V	0.000	0.990	0.990	0.000	0.000
3	T	0.000	0.990	0.990	0.000	0.000
4	C	0.000	0.990	0.990	0.000	0.000
5	K	0.000	0.990	0.990	0.000	0.000
6	R	0.000	0.990	0.984	0.006	0.000
7	P	0.000	0.990	0.731	0.259	0.000
8	V	0.000	0.990	0.245	0.744	0.000
9	I	0.000	0.990	0.042	0.948	0.000
10	L	0.000	0.990	0.002	0.988	0.000
11	L	0.000	0.990	0.000	0.989	0.000
12	I	0.000	0.990	0.000	0.989	0.000
13	L	0.000	0.990	0.000	0.990	0.000
14	I	0.000	0.990	0.000	0.989	0.000
15	T	0.000	0.990	0.000	0.921	0.069
16	F	0.000	0.990	0.000	0.760	0.230
17	V	0.000	0.990	0.000	0.401	0.589
18	T	0.000	0.990	0.000	0.056	0.933
19	S	0.000	0.990	0.000	0.011	0.979
20	A	0.047	0.943	0.000	0.004	0.939
21	A	0.242	0.701	0.000	0.002	0.699
22	T	0.386	0.315	0.000	0.001	0.314
23	H	0.288	0.027	0.000	0.001	0.026
24	V	0.000	0.027	0.000	0.000	0.026
25	F	0.000	0.027	0.000	0.000	0.026
26	F	0.000	0.027	0.000	0.000	0.027
27	P	0.000	0.027	0.000	0.000	0.027
28	S	0.002	0.024	0.000	0.000	0.024
29	N	0.000	0.024	0.000	0.000	0.024
30	T	0.000	0.024	0.000	0.000	0.024
31	T	0.001	0.023	0.000	0.000	0.023
32	S	0.000	0.022	0.000	0.000	0.022
33	S	0.013	0.009	0.000	0.000	0.009
34	N	0.005	0.005	0.000	0.000	0.005
35	T	0.000	0.005	0.000	0.000	0.005
36	T	0.001	0.003	0.000	0.000	0.003
37	G	0.000	0.003	0.000	0.000	0.003
38	T	0.003	0.000	0.000	0.000	0.000
39	P	0.000	0.000	0.000	0.000	0.000
40	Y	0.000	0.000	0.000	0.000	0.000
>XP_001400489.2
pos	aa	C	S	n-reg	h-reg	c-reg
1	M	0.000	0.755	0.755	0.000	0.000
2	K	0.000	0.755	0.755	0.000	0.000
3	L	0.000	0.755	0.236	0.518	0.000
4	I	0.000	0.755	0.036	0.719	0.000
5	A	0.000	0.755	0.020	0.735	0.000
6	L	0.000	0.755	0.007	0.748	0.000
7	S	0.000	0.755	0.004	0.751	0.000
8	L	0.000	0.755	0.000	0.755	0.000
9	M	0.000	0.755	0.000	0.755	0.000
10	S	0.000	0.755	0.000	0.754	0.001
11	L	0.000	0.755	0.000	0.638	0.117
12	Q	0.000	0.755	0.000	0.132	0.622
13	C	0.000	0.755	0.000	0.116	0.639
14	V	0.001	0.753	0.000	0.104	0.650
15	A	0.000	0.753	0.000	0.073	0.680
16	S	0.169	0.585	0.000	0.002	0.582
17	M	0.431	0.153	0.000	0.001	0.153
18	R	0.000	0.153	0.000	0.000	0.153
19	F	0.000	0.153	0.000	0.000	0.153
20	A	0.000	0.153	0.000	0.000	0.153
21	M	0.151	0.002	0.000	0.000	0.002
22	Y	0.000	0.002	0.000	0.000	0.002
23	V	0.000	0.002	0.000	0.000	0.002
24	D	0.000	0.002	0.000	0.000	0.002
25	E	0.000	0.002	0.000	0.000	0.002
26	Y	0.000	0.002	0.000	0.000	0.002
27	H	0.000	0.002	0.000	0.000	0.002
28	T	0.000	0.002	0.000	0.000	0.002
29	S	0.000	0.002	0.000	0.000	0.002
30	G	0.000	0.002	0.000	0.000	0.002
31	L	0.000	0.002	0.000	0.000	0.002
32	P	0.000	0.002	0.000	0.000	0.002
33	G	0.000	0.002	0.000	0.000	0.002
34	A	0.000	0.001	0.000	0.000	0.001
35	N	0.000	0.001	0.000	0.000	0.001
36	Q	0.000	0.001	0.000	0.000	0.001
37	T	0.000	0.001	0.000	0.000	0.001
38	Q	0.000	0.001	0.000	0.000	0.001
39	G	0.000	0.001	0.000	0.000	0.001
40	I	0.000	0.001	0.000	0.000	0.001
>XP_001400494.1
pos	aa	C	S	n-reg	h-reg	c-reg
1	M	0.000	0.972	0.972	0.000	0.000
2	R	0.000	0.972	0.972	0.000	0.000
3	F	0.000	0.972	0.525	0.447	0.000
4	L	0.000	0.972	0.307	0.665	0.000
5	G	0.000	0.972	0.259	0.713	0.000
6	C	0.000	0.972	0.181	0.791	0.000
7	L	0.000	0.972	0.085	0.887	0.000
8	P	0.000	0.972	0.072	0.901	0.000
9	F	0.000	0.972	0.026	0.946	0.000
10	L	0.000	0.972	0.006	0.965	0.001
11	S	0.000	0.972	0.000	0.812	0.160
12	A	0.000	0.972	0.000	0.743	0.229
13	G	0.000	0.972	0.000	0.384	0.589
14	L	0.000	0.972	0.000	0.361	0.610
15	T	0.000	0.972	0.000	0.262	0.710
16	L	0.008	0.964	0.000	0.237	0.727
17	A	0.003	0.961	0.000	0.197	0.764
18	L	0.621	0.340	0.000	0.177	0.164
19	P	0.000	0.340	0.000	0.004	0.336
20	H	0.035	0.305	0.000	0.001	0.304
21	G	0.000	0.305	0.000	0.000	0.305
22	Q	0.018	0.287	0.000	0.000	0.287
23	A	0.000	0.286	0.000	0.000	0.286
24	S	0.261	0.025	0.000	0.000	0.025
25	S	0.010	0.015	0.000	0.000	0.015
26	N	0.014	0.001	0.000	0.000	0.001
27	K	0.000	0.001	0.000	0.000	0.001
28	S	0.000	0.001	0.000	0.000	0.001
29	I	0.000	0.001	0.000	0.000	0.001
30	L	0.000	0.001	0.000	0.000	0.001
31	S	0.000	0.001	0.000	0.000	0.001
32	Y	0.001	0.000	0.000	0.000	0.000
33	P	0.000	0.000	0.000	0.000	0.000
34	T	0.000	0.000	0.000	0.000	0.000
35	K	0.000	0.000	0.000	0.000	0.000
36	P	0.000	0.000	0.000	0.000	0.000
37	R	0.000	0.000	0.000	0.000	0.000
38	I	0.000	0.000	0.000	0.000	0.000
39	F	0.000	0.000	0.000	0.000	0.000
40	I	0.000	0.000	0.000	0.000	0.000
>XP_001400495.2
pos	aa	C	S	n-reg	h-reg	c-reg
1	M	0.000	1.000	1.000	0.000	0.000
2	A	0.000	1.000	1.000	0.000	0.000
3	A	0.000	1.000	0.870	0.130	0.000
4	H	0.000	1.000	0.733	0.267	0.000
5	L	0.000	1.000	0.288	0.712	0.000
6	L	0.000	1.000	0.058	0.942	0.000
7	V	0.000	1.000	0.003	0.997	0.000
8	L	0.000	1.000	0.001	0.999	0.000
9	V	0.000	1.000	0.000	1.000	0.000
10	A	0.000	1.000	0.000	1.000	0.000
11	M	0.000	1.000	0.000	0.993	0.007
12	L	0.000	1.000	0.000	0.983	0.017
13	L	0.000	1.000	0.000	0.932	0.068
14	A	0.000	1.000	0.000	0.782	0.218
15	T	0.000	1.000	0.000	0.139	0.861
16	T	0.000	1.000	0.000	0.074	0.925
17	A	0.002	0.998	0.000	0.010	0.988
18	S	0.004	0.994	0.000	0.004	0.990
19	A	0.033	0.961	0.000	0.000	0.961
20	Q	0.804	0.158	0.000	0.000	0.158
21	S	0.003	0.154	0.000	0.000	0.154
22	H	0.083	0.072	0.000	0.000	0.072
23	S	0.000	0.072	0.000	0.000	0.072
24	S	0.052	0.020	0.000	0.000	0.020
25	T	0.001	0.019	0.000	0.000	0.019
26	T	0.002	0.018	0.000	0.000	0.018
27	G	0.001	0.017	0.000	0.000	0.017
28	I	0.004	0.013	0.000	0.000	0.013
29	S	0.000	0.013	0.000	0.000	0.013
30	T	0.001	0.012	0.000	0.000	0.012
31	T	0.002	0.010	0.000	0.000	0.010
32	S	0.001	0.009	0.000	0.000	0.009
33	T	0.000	0.009	0.000	0.000	0.009
34	T	0.002	0.007	0.000	0.000	0.007
35	R	0.000	0.007	0.000	0.000	0.007
36	A	0.000	0.007	0.000	0.000	0.007
37	I	0.003	0.004	0.000	0.000	0.004
38	T	0.000	0.004	0.000	0.000	0.004
39	T	0.000	0.004	0.000	0.000	0.004
40	S	0.000	0.004	0.000	0.000	0.004
>XP_001400496.2
pos	aa	C	S	n-reg	h-reg	c-reg
1	M	0.000	1.000	1.000	0.000	0.000
2	Q	0.000	1.000	1.000	0.000	0.000
3	T	0.000	1.000	0.997	0.003	0.000
4	K	0.000	1.000	0.993	0.006	0.000
5	S	0.000	1.000	0.817	0.183	0.000
6	L	0.000	1.000	0.129	0.871	0.000
7	L	0.000	1.000	0.033	0.966	0.000
8	T	0.000	1.000	0.023	0.976	0.000
9	I	0.000	1.000	0.007	0.993	0.000
10	L	0.000	1.000	0.001	0.999	0.000
11	L	0.000	1.000	0.000	0.999	0.000
12	S	0.000	1.000	0.000	0.994	0.006
13	A	0.000	1.000	0.000	0.947	0.052
14	A	0.000	1.000	0.000	0.547	0.453
15	L	0.000	1.000	0.000	0.477	0.523
16	A	0.000	1.000	0.000	0.387	0.613
17	A	0.023	0.976	0.000	0.292	0.685
18	A	0.038	0.938	0.000	0.034	0.904
19	T	0.442	0.496	0.000	0.013	0.483
20	V	0.034	0.463	0.000	0.010	0.452
21	D	0.000	0.462	0.000	0.000	0.462
22	P	0.000	0.462	0.000	0.000	0.462
23	A	0.292	0.170	0.000	0.000	0.170
24	T	0.015	0.155	0.000	0.000	0.155
25	S	0.000	0.155	0.000	0.000	0.155
26	N	0.149	0.006	0.000	0.000	0.006
27	T	0.000	0.006	0.000	0.000	0.006
28	K	0.005	0.000	0.000	0.000	0.000
29	G	0.000	0.000	0.000	0.000	0.000
30	K	0.000	0.000	0.000	0.000	0.000
31	C	0.000	0.000	0.000	0.000	0.000
32	P	0.000	0.000	0.000	0.000	0.000
33	G	0.000	0.000	0.000	0.000	0.000
34	T	0.000	0.000	0.000	0.000	0.000
35	Y	0.000	0.000	0.000	0.000	0.000
36	N	0.000	0.000	0.000	0.000	0.000
37	C	0.000	0.000	0.000	0.000	0.000
38	S	0.000	0.000	0.000	0.000	0.000
39	A	0.000	0.000	0.000	0.000	0.000
40	A	0.000	0.000	0.000	0.000	0.000
