>XP_001390365.1
pos	aa	C	S	n-reg	h-reg	c-reg
1	M	0.000	0.993	0.993	0.000	0.000
2	A	0.000	0.993	0.993	0.000	0.000
3	G	0.000	0.993	0.993	0.000	0.000
4	P	0.000	0.993	0.993	0.000	0.000
5	I	0.000	0.993	0.993	0.000	0.000
6	G	0.000	0.993	0.993	0.000	0.000
7	M	0.000	0.993	0.993	0.000	0.000
8	G	0.000	0.993	0.993	0.000	0.000
9	A	0.000	0.993	0.993	0.000	0.000
10	I	0.000	0.993	0.992	0.001	0.000
11	L	0.000	0.993	0.992	0.001	0.000
12	R	0.000	0.993	0.992	0.001	0.000
13	S	0.000	0.993	0.962	0.030	0.000
14	Y	0.000	0.993	0.813	0.180	0.000
15	L	0.000	0.993	0.558	0.435	0.000
16	N	0.000	0.993	0.525	0.468	0.000
17	A	0.000	0.993	0.249	0.743	0.000
18	F	0.000	0.993	0.018	0.975	0.000
19	V	0.000	0.993	0.004	0.989	0.000
20	L	0.000	0.993	0.001	0.992	0.000
21	L	0.000	0.993	0.000	0.992	0.001
22	L	0.000	0.993	0.000	0.990	0.002
23	V	0.000	0.993	0.000	0.980	0.013
24	I	0.000	0.993	0.000	0.960	0.033
25	G	0.000	0.993	0.000	0.833	0.159
26	S	0.001	0.991	0.000	0.066	0.925
27	P	0.000	0.991	0.000	0.031	0.960
28	A	0.003	0.988	0.000	0.025	0.963
29	I	0.003	0.984	0.000	0.021	0.964
30	A	0.000	0.984	0.000	0.007	0.977
31	Q	0.884	0.101	0.000	0.001	0.100
32	F	0.003	0.097	0.000	0.001	0.097
33	C	0.000	0.097	0.000	0.000	0.097
34	S	0.001	0.097	0.000	0.000	0.096
35	F	0.001	0.095	0.000	0.000	0.095
36	W	0.000	0.095	0.000	0.000	0.095
37	S	0.000	0.095	0.000	0.000	0.095
38	G	0.001	0.095	0.000	0.000	0.094
39	S	0.001	0.094	0.000	0.000	0.094
40	C	0.000	0.094	0.000	0.000	0.093
>XP_001390367.1
pos	aa	C	S	n-reg	h-reg	c-reg
1	M	0.000	0.981	0.981	0.000	0.000
2	V	0.000	0.985	0.985	0.000	0.000
3	A	0.000	0.985	0.985	0.000	0.000
4	K	0.000	0.985	0.985	0.000	0.000
5	A	0.000	0.985	0.985	0.000	0.000
6	I	0.000	0.985	0.985	0.000	0.000
7	Q	0.000	0.985	0.985	0.000	0.000
8	L	0.000	0.985	0.985	0.000	0.000
9	G	0.000	0.985	0.985	0.000	0.000
10	L	0.000	0.985	0.984	0.000	0.000
11	R	0.000	0.985	0.984	0.001	0.000
12	I	0.000	0.985	0.981	0.004	0.000
13	W	0.000	0.985	0.978	0.007	0.000
14	E	0.000	0.985	0.952	0.033	0.000
15	F	0.000	0.985	0.408	0.577	0.000
16	I	0.000	0.985	0.217	0.767	0.000
17	W	0.000	0.985	0.166	0.819	0.000
18	T	0.000	0.985	0.075	0.910	0.000
19	L	0.000	0.985	0.004	0.980	0.000
20	L	0.000	0.985	0.001	0.983	0.000
21	I	0.000	0.985	0.001	0.983	0.001
22	M	0.000	0.985	0.001	0.982	0.003
23	A	0.000	0.985	0.001	0.976	0.008
24	L	0.000	0.985	0.001	0.971	0.013
25	I	0.000	0.985	0.001	0.960	0.024
26	G	0.000	0.985	0.001	0.538	0.446
27	N	0.001	0.981	0.001	0.056	0.925
28	M	0.000	0.981	0.001	0.035	0.946
29	I	0.000	0.981	0.001	0.029	0.951
30	A	0.000	0.981	0.001	0.002	0.978
31	E	0.042	0.938	0.001	0.000	0.938
32	A	0.000	0.938	0.001	0.000	0.938
33	F	0.033	0.905	0.001	0.000	0.905
34	A	0.000	0.905	0.001	0.000	0.905
35	G	0.892	0.013	0.001	0.000	0.013
36	N	0.001	0.012	0.001	0.000	0.011
37	P	0.000	0.012	0.001	0.000	0.011
38	A	0.001	0.011	0.001	0.000	0.011
39	T	0.000	0.011	0.001	0.000	0.010
40	I	0.000	0.011	0.000	0.000	0.010
>XP_001390381.2
pos	aa	C	S	n-reg	h-reg	c-reg
1	M	0.000	1.000	1.000	0.000	0.000
2	A	0.000	1.000	1.000	0.000	0.000
3	P	0.000	1.000	1.000	0.000	0.000
4	S	0.000	1.000	1.000	0.000	0.000
5	F	0.000	1.000	1.000	0.000	0.000
6	L	0.000	1.000	1.000	0.000	0.000
7	A	0.000	1.000	1.000	0.000	0.000
8	P	0.000	1.000	1.000	0.000	0.000
9	A	0.000	1.000	1.000	0.000	0.000
10	R	0.000	1.000	1.000	0.000	0.000
11	R	0.000	1.000	0.998	0.002	0.000
12	M	0.000	1.000	0.871	0.129	0.000
13	G	0.000	1.000	0.627	0.372	0.000
14	L	0.000	1.000	0.173	0.827	0.000
15	A	0.000	1.000	0.095	0.905	0.000
16	L	0.000	1.000	0.036	0.963	0.000
17	A	0.000	1.000	0.021	0.979	0.000
18	A	0.000	1.000	0.013	0.987	0.000
19	G	0.000	1.000	0.008	0.992	0.000
20	L	0.000	1.000	0.002	0.998	0.000
21	V	0.000	1.000	0.000	0.993	0.006
22	L	0.000	1.000	0.000	0.930	0.069
23	F	0.000	1.000	0.000	0.759	0.240
24	S	0.000	1.000	0.000	0.596	0.403
25	A	0.000	0.999	0.000	0.092	0.907
26	L	0.000	0.999	0.000	0.060	0.939
27	A	0.002	0.997	0.000	0.036	0.961
28	V	0.159	0.838	0.000	0.022	0.815
29	A	0.000	0.838	0.000	0.011	0.827
30	H	0.754	0.083	0.000	0.000	0.083
31	D	0.000	0.083	0.000	0.000	0.083
32	A	0.000	0.083	0.000	0.000	0.083
33	I	0.047	0.036	0.000	0.000	0.036
34	S	0.000	0.036	0.000	0.000	0.036
35	V	0.019	0.017	0.000	0.000	0.017
36	G	0.000	0.017	0.000	0.000	0.017
37	D	0.017	0.000	0.000	0.000	0.000
38	M	0.000	0.000	0.000	0.000	0.000
39	S	0.000	0.000	0.000	0.000	0.000
40	V	0.000	0.000	0.000	0.000	0.000
>XP_001390382.2
pos	aa	C	S	n-reg	h-reg	c-reg
1	M	0.000	1.000	1.000	0.000	0.000
2	A	0.000	1.000	1.000	0.000	0.000
3	V	0.000	1.000	1.000	0.000	0.000
4	A	0.000	1.000	1.000	0.000	0.000
5	R	0.000	1.000	1.000	0.000	0.000
6	S	0.000	1.000	1.000	0.000	0.000
7	M	0.000	1.000	1.000	0.000	0.000
8	R	0.000	1.000	1.000	0.000	0.000
9	R	0.000	1.000	1.000	0.000	0.000
10	T	0.000	1.000	0.995	0.005	0.000
11	S	0.000	1.000	0.986	0.014	0.000
12	P	0.000	1.000	0.967	0.033	0.000
13	I	0.000	1.000	0.861	0.139	0.000
14	T	0.000	1.000	0.814	0.186	0.000
15	V	0.000	1.000	0.715	0.285	0.000
16	F	0.000	1.000	0.637	0.363	0.000
17	L	0.000	1.000	0.547	0.453	0.000
18	A	0.000	1.000	0.473	0.527	0.000
19	A	0.000	1.000	0.279	0.720	0.001
20	L	0.000	1.000	0.059	0.938	0.002
21	L	0.000	1.000	0.019	0.968	0.014
22	A	0.000	1.000	0.010	0.944	0.046
23	F	0.000	1.000	0.003	0.915	0.082
24	G	0.000	1.000	0.001	0.847	0.151
25	F	0.000	1.000	0.000	0.805	0.194
26	L	0.000	1.000	0.000	0.769	0.231
27	C	0.000	1.000	0.000	0.701	0.299
28	F	0.000	1.000	0.000	0.655	0.345
29	L	0.000	1.000	0.000	0.583	0.416
30	L	0.001	0.999	0.000	0.464	0.535
31	S	0.000	0.999	0.000	0.128	0.871
32	P	0.000	0.998	0.000	0.013	0.985
33	S	0.000	0.998	0.000	0.004	0.994
34	S	0.001	0.998	0.000	0.002	0.996
35	S	0.000	0.997	0.000	0.000	0.997
36	A	0.027	0.971	0.000	0.000	0.971
37	A	0.068	0.903	0.000	0.000	0.903
38	A	0.235	0.669	0.000	0.000	0.669
39	A	0.167	0.501	0.000	0.000	0.501
40	A	0.433	0.068	0.000	0.000	0.068
>XP_001390388.2
pos	aa	C	S	n-reg	h-reg	c-reg
1	M	0.000	0.994	0.994	0.000	0.000
2	Y	0.000	0.994	0.994	0.000	0.000
3	R	0.000	0.994	0.980	0.014	0.000
4	L	0.000	0.994	0.223	0.771	0.000
5	I	0.000	0.994	0.059	0.935	0.000
6	A	0.000	0.994	0.004	0.990	0.000
7	A	0.000	0.994	0.000	0.994	0.000
8	A	0.000	0.994	0.000	0.994	0.000
9	I	0.000	0.994	0.000	0.994	0.000
10	L	0.000	0.994	0.000	0.994	0.000
11	L	0.000	0.994	0.000	0.993	0.001
12	I	0.000	0.994	0.000	0.917	0.077
13	L	0.000	0.994	0.000	0.369	0.625
14	P	0.000	0.994	0.000	0.048	0.946
15	A	0.000	0.994	0.000	0.001	0.993
16	Y	0.001	0.993	0.000	0.000	0.993
17	A	0.000	0.993	0.000	0.000	0.993
18	R	0.992	0.001	0.000	0.000	0.001
19	D	0.000	0.001	0.000	0.000	0.001
20	I	0.000	0.001	0.000	0.000	0.001
21	V	0.000	0.001	0.000	0.000	0.001
22	F	0.000	0.001	0.000	0.000	0.001
23	P	0.000	0.001	0.000	0.000	0.001
24	P	0.000	0.001	0.000	0.000	0.001
25	V	0.000	0.001	0.000	0.000	0.001
26	A	0.000	0.001	0.000	0.000	0.001
27	A	0.000	0.001	0.000	0.000	0.001
28	I	0.001	0.000	0.000	0.000	0.000
29	H	0.000	0.000	0.000	0.000	0.000
30	N	0.000	0.000	0.000	0.000	0.000
31	N	0.000	0.000	0.000	0.000	0.000
32	P	0.000	0.000	0.000	0.000	0.000
33	S	0.000	0.000	0.000	0.000	0.000
34	S	0.000	0.000	0.000	0.000	0.000
35	H	0.000	0.000	0.000	0.000	0.000
36	Q	0.000	0.000	0.000	0.000	0.000
37	Y	0.000	0.000	0.000	0.000	0.000
38	P	0.000	0.000	0.000	0.000	0.000
39	L	0.000	0.000	0.000	0.000	0.000
40	A	0.000	0.000	0.000	0.000	0.000
>XP_001390401.1
pos	aa	C	S	n-reg	h-reg	c-reg
1	M	0.000	0.978	0.978	0.000	0.000
2	Y	0.000	0.978	0.978	0.000	0.000
3	Y	0.000	0.978	0.852	0.126	0.000
4	S	0.000	0.979	0.533	0.446	0.000
5	L	0.000	0.979	0.320	0.659	0.000
6	W	0.000	0.978	0.206	0.773	0.000
7	V	0.000	0.978	0.002	0.977	0.000
8	A	0.000	0.978	0.000	0.978	0.000
9	A	0.000	0.978	0.000	0.978	0.000
10	L	0.000	0.978	0.000	0.978	0.000
11	V	0.000	0.978	0.000	0.976	0.002
12	A	0.000	0.978	0.000	0.945	0.033
13	A	0.000	0.978	0.000	0.920	0.059
14	L	0.000	0.978	0.000	0.899	0.079
15	P	0.000	0.978	0.000	0.019	0.959
16	V	0.000	0.978	0.000	0.007	0.970
17	S	0.000	0.978	0.000	0.000	0.978
18	R	0.000	0.978	0.000	0.000	0.978
19	A	0.000	0.978	0.000	0.000	0.978
20	Q	0.976	0.002	0.000	0.000	0.002
21	F	0.001	0.001	0.000	0.000	0.001
22	V	0.000	0.001	0.000	0.000	0.001
23	A	0.000	0.001	0.000	0.000	0.001
24	P	0.000	0.001	0.000	0.000	0.001
25	P	0.000	0.000	0.000	0.000	0.000
26	T	0.000	0.000	0.000	0.000	0.000
27	D	0.000	0.000	0.000	0.000	0.000
28	L	0.000	0.000	0.000	0.000	0.000
29	I	0.000	0.000	0.000	0.000	0.000
30	P	0.000	0.000	0.000	0.000	0.000
31	T	0.000	0.000	0.000	0.000	0.000
32	K	0.000	0.000	0.000	0.000	0.000
33	G	0.000	0.000	0.000	0.000	0.000
34	Y	0.000	0.000	0.000	0.000	0.000
35	L	0.000	0.000	0.000	0.000	0.000
36	D	0.000	0.000	0.000	0.000	0.000
37	I	0.000	0.000	0.000	0.000	0.000
38	P	0.000	0.000	0.000	0.000	0.000
39	V	0.000	0.000	0.000	0.000	0.000
40	R	0.000	0.000	0.000	0.000	0.000
>XP_001390407.2
pos	aa	C	S	n-reg	h-reg	c-reg
1	M	0.000	0.997	0.997	0.000	0.000
2	A	0.000	0.997	0.997	0.000	0.000
3	F	0.000	0.997	0.996	0.001	0.000
4	K	0.000	0.997	0.994	0.004	0.000
5	T	0.000	0.997	0.795	0.202	0.000
6	T	0.000	0.997	0.532	0.465	0.000
7	A	0.000	0.997	0.201	0.797	0.000
8	G	0.000	0.997	0.024	0.973	0.000
9	L	0.000	0.997	0.002	0.995	0.000
10	A	0.000	0.997	0.000	0.997	0.000
11	F	0.000	0.997	0.000	0.997	0.000
12	L	0.000	0.997	0.000	0.997	0.000
13	A	0.000	0.997	0.000	0.973	0.024
14	L	0.000	0.997	0.000	0.939	0.058
15	A	0.000	0.997	0.000	0.833	0.164
16	G	0.001	0.996	0.000	0.065	0.931
17	S	0.000	0.996	0.000	0.027	0.970
18	V	0.002	0.994	0.000	0.004	0.990
19	K	0.000	0.994	0.000	0.001	0.993
20	A	0.000	0.994	0.000	0.001	0.994
21	Q	0.963	0.031	0.000	0.000	0.031
22	S	0.001	0.030	0.000	0.000	0.030
23	V	0.025	0.005	0.000	0.000	0.005
24	D	0.000	0.005	0.000	0.000	0.005
25	G	0.000	0.005	0.000	0.000	0.005
26	S	0.005	0.000	0.000	0.000	0.000
27	K	0.000	0.000	0.000	0.000	0.000
28	Y	0.000	0.000	0.000	0.000	0.000
29	N	0.000	0.000	0.000	0.000	0.000
30	S	0.000	0.000	0.000	0.000	0.000
31	P	0.000	0.000	0.000	0.000	0.000
32	S	0.000	0.000	0.000	0.000	0.000
33	N	0.000	0.000	0.000	0.000	0.000
34	G	0.000	0.000	0.000	0.000	0.000
35	P	0.000	0.000	0.000	0.000	0.000
36	P	0.000	0.000	0.000	0.000	0.000
37	A	0.000	0.000	0.000	0.000	0.000
38	S	0.000	0.000	0.000	0.000	0.000
39	Y	0.000	0.000	0.000	0.000	0.000
40	F	0.000	0.000	0.000	0.000	0.000
>XP_001390410.1
pos	aa	C	S	n-reg	h-reg	c-reg
1	M	0.000	0.938	0.938	0.000	0.000
2	L	0.000	0.938	0.938	0.000	0.000
3	S	0.000	0.938	0.938	0.000	0.000
4	K	0.000	0.938	0.938	0.000	0.000
5	M	0.000	0.938	0.916	0.022	0.000
6	Q	0.000	0.938	0.796	0.142	0.000
7	L	0.000	0.938	0.268	0.670	0.000
8	A	0.000	0.938	0.229	0.709	0.000
9	Q	0.000	0.938	0.195	0.743	0.000
10	L	0.000	0.938	0.005	0.933	0.000
11	A	0.000	0.938	0.001	0.937	0.000
12	A	0.000	0.938	0.000	0.938	0.000
13	F	0.000	0.938	0.000	0.937	0.001
14	A	0.000	0.938	0.000	0.909	0.029
15	M	0.000	0.938	0.000	0.807	0.130
16	T	0.000	0.938	0.000	0.758	0.180
17	L	0.000	0.938	0.000	0.744	0.194
18	A	0.000	0.938	0.000	0.058	0.880
19	T	0.019	0.919	0.000	0.008	0.911
20	S	0.001	0.918	0.000	0.002	0.916
21	E	0.032	0.886	0.000	0.000	0.886
22	A	0.000	0.886	0.000	0.000	0.886
23	A	0.870	0.015	0.000	0.000	0.015
24	Y	0.006	0.009	0.000	0.000	0.009
25	Q	0.000	0.009	0.000	0.000	0.009
26	G	0.005	0.004	0.000	0.000	0.004
27	F	0.004	0.000	0.000	0.000	0.000
28	N	0.000	0.000	0.000	0.000	0.000
29	Y	0.000	0.000	0.000	0.000	0.000
30	G	0.000	0.000	0.000	0.000	0.000
31	N	0.000	0.000	0.000	0.000	0.000
32	K	0.000	0.000	0.000	0.000	0.000
33	F	0.000	0.000	0.000	0.000	0.000
34	S	0.000	0.000	0.000	0.000	0.000
35	D	0.000	0.000	0.000	0.000	0.000
36	E	0.000	0.000	0.000	0.000	0.000
37	S	0.000	0.000	0.000	0.000	0.000
38	S	0.000	0.000	0.000	0.000	0.000
39	K	0.000	0.000	0.000	0.000	0.000
40	F	0.000	0.000	0.000	0.000	0.000
>XP_001390411.1
pos	aa	C	S	n-reg	h-reg	c-reg
1	M	0.000	0.975	0.975	0.000	0.000
2	S	0.000	0.975	0.975	0.000	0.000
3	K	0.000	0.975	0.970	0.005	0.000
4	F	0.000	0.975	0.287	0.688	0.000
5	L	0.000	0.975	0.047	0.928	0.000
6	L	0.000	0.975	0.012	0.963	0.000
7	W	0.000	0.975	0.004	0.971	0.000
8	T	0.000	0.975	0.001	0.974	0.000
9	V	0.000	0.975	0.000	0.975	0.000
10	S	0.000	0.975	0.000	0.975	0.000
11	A	0.000	0.975	0.000	0.972	0.003
12	A	0.000	0.975	0.000	0.889	0.086
13	A	0.000	0.975	0.000	0.421	0.554
14	L	0.000	0.975	0.000	0.378	0.597
15	A	0.000	0.975	0.000	0.166	0.809
16	R	0.008	0.967	0.000	0.002	0.965
17	A	0.000	0.967	0.000	0.001	0.966
18	A	0.621	0.346	0.000	0.001	0.345
19	T	0.004	0.342	0.000	0.001	0.341
20	L	0.122	0.220	0.000	0.001	0.219
21	E	0.209	0.011	0.000	0.000	0.011
22	D	0.000	0.011	0.000	0.000	0.011
23	V	0.000	0.011	0.000	0.000	0.011
24	C	0.000	0.011	0.000	0.000	0.011
25	T	0.000	0.011	0.000	0.000	0.011
26	T	0.000	0.011	0.000	0.000	0.010
27	A	0.002	0.009	0.000	0.000	0.009
28	H	0.001	0.008	0.000	0.000	0.008
29	A	0.000	0.008	0.000	0.000	0.008
30	K	0.004	0.004	0.000	0.000	0.004
31	A	0.000	0.004	0.000	0.000	0.004
32	A	0.001	0.003	0.000	0.000	0.002
33	V	0.001	0.002	0.000	0.000	0.002
34	P	0.000	0.002	0.000	0.000	0.002
35	V	0.000	0.002	0.000	0.000	0.002
36	S	0.000	0.002	0.000	0.000	0.002
37	G	0.000	0.002	0.000	0.000	0.002
38	L	0.001	0.000	0.000	0.000	0.000
39	V	0.000	0.000	0.000	0.000	0.000
40	Q	0.000	0.000	0.000	0.000	0.000
>XP_001390412.2
pos	aa	C	S	n-reg	h-reg	c-reg
1	M	0.000	0.062	0.062	0.000	0.000
2	K	0.000	0.062	0.062	0.000	0.000
3	I	0.000	0.062	0.002	0.060	0.000
4	I	0.000	0.062	0.000	0.062	0.000
5	I	0.000	0.062	0.000	0.062	0.000
6	I	0.000	0.062	0.000	0.062	0.000
7	G	0.000	0.062	0.000	0.062	0.000
8	A	0.000	0.062	0.000	0.062	0.000
9	G	0.000	0.062	0.000	0.062	0.000
10	I	0.000	0.062	0.000	0.062	0.000
11	S	0.000	0.062	0.000	0.005	0.057
12	G	0.000	0.062	0.000	0.001	0.061
13	C	0.000	0.062	0.000	0.001	0.061
14	A	0.000	0.062	0.000	0.000	0.061
15	A	0.004	0.058	0.000	0.000	0.058
16	Y	0.057	0.001	0.000	0.000	0.001
17	L	0.000	0.001	0.000	0.000	0.001
18	T	0.000	0.001	0.000	0.000	0.001
19	L	0.000	0.001	0.000	0.000	0.001
20	R	0.001	0.000	0.000	0.000	0.000
21	K	0.000	0.000	0.000	0.000	0.000
22	H	0.000	0.000	0.000	0.000	0.000
23	L	0.000	0.000	0.000	0.000	0.000
24	P	0.000	0.000	0.000	0.000	0.000
25	P	0.000	0.000	0.000	0.000	0.000
26	P	0.000	0.000	0.000	0.000	0.000
27	P	0.000	0.000	0.000	0.000	0.000
28	P	0.000	0.000	0.000	0.000	0.000
29	S	0.000	0.000	0.000	0.000	0.000
30	S	0.000	0.000	0.000	0.000	0.000
31	S	0.000	0.000	0.000	0.000	0.000
32	P	0.000	0.000	0.000	0.000	0.000
33	T	0.000	0.000	0.000	0.000	0.000
34	Q	0.000	0.000	0.000	0.000	0.000
35	D	0.000	0.000	0.000	0.000	0.000
36	H	0.000	0.000	0.000	0.000	0.000
37	E	0.000	0.000	0.000	0.000	0.000
38	Y	0.000	0.000	0.000	0.000	0.000
39	T	0.000	0.000	0.000	0.000	0.000
40	I	0.000	0.000	0.000	0.000	0.000
>XP_001390419.1
pos	aa	C	S	n-reg	h-reg	c-reg
1	M	0.000	0.999	0.999	0.000	0.000
2	F	0.000	0.999	0.999	0.000	0.000
3	A	0.000	0.999	0.980	0.019	0.000
4	P	0.000	0.999	0.959	0.040	0.000
5	T	0.000	0.999	0.857	0.141	0.000
6	T	0.000	0.999	0.652	0.347	0.000
7	L	0.000	0.999	0.269	0.729	0.000
8	L	0.000	0.999	0.211	0.788	0.000
9	P	0.000	0.999	0.189	0.810	0.000
10	L	0.000	0.999	0.058	0.941	0.000
11	L	0.000	0.999	0.021	0.976	0.002
12	A	0.000	0.999	0.014	0.974	0.010
13	S	0.000	0.999	0.011	0.888	0.100
14	S	0.000	0.999	0.006	0.867	0.125
15	A	0.000	0.999	0.000	0.834	0.165
16	L	0.001	0.998	0.000	0.821	0.176
17	A	0.000	0.997	0.000	0.709	0.288
18	L	0.098	0.899	0.000	0.449	0.450
19	P	0.000	0.899	0.000	0.178	0.721
20	A	0.032	0.867	0.000	0.148	0.719
21	L	0.005	0.862	0.000	0.081	0.781
22	T	0.000	0.862	0.000	0.036	0.826
23	T	0.127	0.735	0.000	0.002	0.733
24	R	0.026	0.708	0.000	0.000	0.708
25	A	0.000	0.708	0.000	0.000	0.708
26	Q	0.531	0.177	0.000	0.000	0.177
27	T	0.002	0.175	0.000	0.000	0.175
28	Q	0.150	0.025	0.000	0.000	0.025
29	S	0.000	0.025	0.000	0.000	0.025
30	S	0.008	0.017	0.000	0.000	0.017
31	T	0.001	0.016	0.000	0.000	0.016
32	S	0.003	0.013	0.000	0.000	0.013
33	L	0.001	0.011	0.000	0.000	0.011
34	C	0.000	0.011	0.000	0.000	0.011
35	G	0.009	0.002	0.000	0.000	0.002
36	D	0.002	0.000	0.000	0.000	0.000
37	Y	0.000	0.000	0.000	0.000	0.000
38	D	0.000	0.000	0.000	0.000	0.000
39	Y	0.000	0.000	0.000	0.000	0.000
40	I	0.000	0.000	0.000	0.000	0.000
>XP_001390433.1
pos	aa	C	S	n-reg	h-reg	c-reg
1	M	0.000	0.975	0.975	0.000	0.000
2	N	0.000	0.975	0.975	0.000	0.000
3	R	0.000	0.975	0.974	0.001	0.000
4	Y	0.000	0.975	0.817	0.158	0.000
5	L	0.000	0.975	0.638	0.337	0.000
6	S	0.000	0.975	0.553	0.422	0.000
7	I	0.000	0.975	0.292	0.683	0.000
8	P	0.000	0.975	0.236	0.739	0.000
9	L	0.000	0.975	0.055	0.920	0.000
10	C	0.000	0.975	0.015	0.960	0.000
11	L	0.000	0.975	0.001	0.974	0.000
12	A	0.000	0.975	0.000	0.940	0.035
13	S	0.000	0.975	0.000	0.894	0.081
14	A	0.000	0.975	0.000	0.870	0.105
15	V	0.003	0.972	0.000	0.744	0.228
16	P	0.000	0.972	0.000	0.530	0.442
17	A	0.004	0.968	0.000	0.483	0.485
18	L	0.010	0.958	0.000	0.360	0.598
19	A	0.000	0.958	0.000	0.051	0.908
20	G	0.164	0.794	0.000	0.005	0.789
21	L	0.043	0.751	0.000	0.002	0.749
22	A	0.016	0.735	0.000	0.001	0.735
23	A	0.302	0.433	0.000	0.000	0.432
24	R	0.429	0.004	0.000	0.000	0.004
25	D	0.000	0.004	0.000	0.000	0.004
26	P	0.000	0.004	0.000	0.000	0.004
27	I	0.001	0.003	0.000	0.000	0.003
28	G	0.000	0.003	0.000	0.000	0.003
29	T	0.001	0.002	0.000	0.000	0.002
30	I	0.001	0.001	0.000	0.000	0.001
31	C	0.000	0.001	0.000	0.000	0.001
32	T	0.001	0.000	0.000	0.000	0.000
33	K	0.000	0.000	0.000	0.000	0.000
34	N	0.000	0.000	0.000	0.000	0.000
35	N	0.000	0.000	0.000	0.000	0.000
36	I	0.000	0.000	0.000	0.000	0.000
37	I	0.000	0.000	0.000	0.000	0.000
38	T	0.000	0.000	0.000	0.000	0.000
39	T	0.000	0.000	0.000	0.000	0.000
40	D	0.000	0.000	0.000	0.000	0.000
>XP_001390436.1
pos	aa	C	S	n-reg	h-reg	c-reg
1	M	0.000	0.999	0.999	0.000	0.000
2	F	0.000	0.999	0.999	0.000	0.000
3	G	0.000	0.999	0.999	0.000	0.000
4	T	0.000	0.999	0.999	0.000	0.000
5	T	0.000	0.999	0.999	0.000	0.000
6	A	0.000	0.999	0.997	0.003	0.000
7	S	0.000	0.999	0.992	0.007	0.000
8	R	0.000	0.999	0.985	0.014	0.000
9	L	0.000	0.999	0.277	0.722	0.000
10	I	0.000	0.999	0.084	0.915	0.000
11	L	0.000	0.999	0.030	0.970	0.000
12	G	0.000	0.999	0.021	0.978	0.000
13	M	0.000	0.999	0.007	0.992	0.000
14	L	0.000	0.999	0.000	0.999	0.000
15	S	0.000	0.999	0.000	0.999	0.000
16	C	0.000	0.999	0.000	0.999	0.000
17	V	0.000	0.999	0.000	0.997	0.002
18	A	0.000	0.999	0.000	0.912	0.087
19	L	0.000	0.999	0.000	0.791	0.208
20	L	0.000	0.999	0.000	0.537	0.462
21	P	0.000	0.999	0.000	0.106	0.893
22	S	0.000	0.999	0.000	0.003	0.996
23	Q	0.000	0.999	0.000	0.000	0.999
24	A	0.000	0.999	0.000	0.000	0.999
25	L	0.044	0.955	0.000	0.000	0.955
26	A	0.001	0.954	0.000	0.000	0.954
27	A	0.929	0.025	0.000	0.000	0.025
28	H	0.012	0.013	0.000	0.000	0.013
29	Q	0.000	0.013	0.000	0.000	0.013
30	H	0.007	0.006	0.000	0.000	0.006
31	I	0.000	0.006	0.000	0.000	0.006
32	G	0.000	0.006	0.000	0.000	0.006
33	H	0.000	0.006	0.000	0.000	0.006
34	R	0.000	0.006	0.000	0.000	0.006
35	H	0.000	0.006	0.000	0.000	0.006
36	H	0.000	0.006	0.000	0.000	0.006
37	H	0.000	0.006	0.000	0.000	0.006
38	P	0.000	0.006	0.000	0.000	0.006
39	F	0.000	0.006	0.000	0.000	0.006
40	N	0.000	0.006	0.000	0.000	0.006
>XP_001390441.1
pos	aa	C	S	n-reg	h-reg	c-reg
1	M	0.000	0.859	0.859	0.000	0.000
2	A	0.000	0.859	0.859	0.000	0.000
3	S	0.000	0.859	0.058	0.801	0.000
4	A	0.000	0.859	0.014	0.845	0.000
5	P	0.000	0.859	0.011	0.848	0.000
6	T	0.000	0.859	0.007	0.852	0.000
7	I	0.000	0.859	0.004	0.855	0.000
8	V	0.000	0.859	0.003	0.856	0.000
9	L	0.000	0.859	0.002	0.857	0.000
10	V	0.000	0.859	0.001	0.857	0.001
11	P	0.000	0.859	0.001	0.047	0.811
12	G	0.000	0.859	0.001	0.019	0.839
13	A	0.000	0.859	0.000	0.011	0.848
14	W	0.000	0.859	0.000	0.009	0.849
15	C	0.000	0.859	0.000	0.007	0.852
16	T	0.843	0.016	0.000	0.006	0.010
17	P	0.000	0.016	0.000	0.005	0.010
18	V	0.008	0.008	0.000	0.005	0.003
19	V	0.000	0.008	0.000	0.004	0.004
20	Y	0.000	0.008	0.000	0.002	0.006
21	D	0.000	0.008	0.000	0.000	0.008
22	T	0.000	0.008	0.000	0.000	0.008
23	L	0.001	0.007	0.000	0.000	0.007
24	R	0.000	0.007	0.000	0.000	0.007
25	A	0.000	0.007	0.000	0.000	0.007
26	T	0.004	0.003	0.000	0.000	0.002
27	L	0.000	0.003	0.000	0.000	0.002
28	T	0.000	0.003	0.000	0.000	0.002
29	S	0.000	0.002	0.000	0.000	0.002
30	R	0.000	0.002	0.000	0.000	0.002
31	G	0.000	0.002	0.000	0.000	0.002
32	L	0.000	0.002	0.000	0.000	0.002
33	P	0.000	0.002	0.000	0.000	0.002
34	S	0.000	0.002	0.000	0.000	0.002
35	T	0.000	0.002	0.000	0.000	0.002
36	A	0.000	0.002	0.000	0.000	0.002
37	I	0.000	0.002	0.000	0.000	0.002
38	A	0.000	0.002	0.000	0.000	0.002
39	H	0.002	0.001	0.000	0.000	0.000
40	P	0.000	0.001	0.000	0.000	0.001
>XP_001390471.1
pos	aa	C	S	n-reg	h-reg	c-reg
1	M	0.000	0.951	0.951	0.000	0.000
2	R	0.000	0.951	0.951	0.000	0.000
3	F	0.000	0.951	0.405	0.545	0.000
4	L	0.000	0.951	0.111	0.839	0.000
5	T	0.000	0.951	0.046	0.905	0.000
6	G	0.000	0.951	0.011	0.940	0.000
7	L	0.000	0.951	0.001	0.950	0.000
8	L	0.000	0.951	0.000	0.951	0.000
9	V	0.000	0.951	0.000	0.951	0.000
10	A	0.000	0.951	0.000	0.950	0.001
11	T	0.000	0.951	0.000	0.872	0.079
12	L	0.000	0.951	0.000	0.794	0.157
13	S	0.000	0.951	0.000	0.242	0.708
14	T	0.004	0.947	0.000	0.044	0.903
15	T	0.002	0.945	0.000	0.019	0.926
16	T	0.015	0.930	0.000	0.001	0.929
17	A	0.081	0.849	0.000	0.001	0.848
18	S	0.591	0.258	0.000	0.000	0.258
19	Y	0.212	0.046	0.000	0.000	0.046
20	Q	0.000	0.046	0.000	0.000	0.046
21	F	0.041	0.006	0.000	0.000	0.006
22	N	0.000	0.006	0.000	0.000	0.006
23	P	0.000	0.006	0.000	0.000	0.006
24	L	0.000	0.005	0.000	0.000	0.005
25	H	0.000	0.005	0.000	0.000	0.005
26	H	0.000	0.005	0.000	0.000	0.005
27	L	0.000	0.005	0.000	0.000	0.005
28	A	0.000	0.005	0.000	0.000	0.005
29	G	0.001	0.005	0.000	0.000	0.005
30	I	0.001	0.004	0.000	0.000	0.004
31	A	0.000	0.004	0.000	0.000	0.004
32	P	0.000	0.004	0.000	0.000	0.004
33	Y	0.001	0.003	0.000	0.000	0.003
34	F	0.000	0.003	0.000	0.000	0.003
35	S	0.000	0.003	0.000	0.000	0.003
36	S	0.001	0.002	0.000	0.000	0.002
37	H	0.001	0.001	0.000	0.000	0.001
38	D	0.000	0.001	0.000	0.000	0.001
39	P	0.000	0.001	0.000	0.000	0.001
40	P	0.000	0.001	0.000	0.000	0.001
>XP_001390474.1
pos	aa	C	S	n-reg	h-reg	c-reg
1	M	0.000	0.042	0.042	0.000	0.000
2	T	0.000	0.042	0.042	0.000	0.000
3	A	0.000	0.042	0.042	0.000	0.000
4	K	0.000	0.042	0.041	0.001	0.000
5	W	0.000	0.042	0.039	0.003	0.000
6	Q	0.000	0.042	0.038	0.004	0.000
7	V	0.000	0.042	0.034	0.008	0.000
8	T	0.000	0.042	0.034	0.009	0.000
9	R	0.000	0.042	0.033	0.009	0.000
10	L	0.000	0.042	0.027	0.015	0.000
11	L	0.000	0.042	0.026	0.016	0.000
12	H	0.000	0.042	0.026	0.014	0.002
13	G	0.000	0.042	0.026	0.014	0.002
14	V	0.000	0.042	0.026	0.013	0.003
15	R	0.000	0.042	0.026	0.009	0.007
16	A	0.000	0.042	0.026	0.009	0.008
17	I	0.002	0.040	0.024	0.011	0.006
18	V	0.000	0.040	0.022	0.006	0.012
19	G	0.000	0.040	0.022	0.005	0.013
20	G	0.001	0.039	0.021	0.005	0.012
21	Q	0.004	0.034	0.020	0.006	0.008
22	G	0.000	0.034	0.017	0.009	0.008
23	P	0.007	0.027	0.015	0.011	0.001
24	P	0.000	0.027	0.010	0.016	0.001
25	V	0.000	0.027	0.000	0.026	0.001
26	V	0.000	0.027	0.000	0.026	0.001
27	L	0.000	0.027	0.000	0.026	0.001
28	I	0.001	0.026	0.000	0.026	0.001
29	P	0.000	0.026	0.000	0.022	0.004
30	G	0.000	0.026	0.000	0.019	0.008
31	W	0.000	0.026	0.000	0.017	0.009
32	P	0.000	0.026	0.000	0.013	0.014
33	Q	0.001	0.026	0.000	0.001	0.025
34	T	0.000	0.026	0.000	0.001	0.025
35	A	0.000	0.025	0.000	0.000	0.025
36	E	0.000	0.025	0.000	0.000	0.025
37	A	0.000	0.025	0.000	0.000	0.025
38	W	0.023	0.002	0.000	0.000	0.002
39	S	0.000	0.002	0.000	0.000	0.002
40	D	0.002	0.000	0.000	0.000	0.000
>XP_001390486.2
pos	aa	C	S	n-reg	h-reg	c-reg
1	M	0.000	0.579	0.579	0.000	0.000
2	S	0.000	0.977	0.977	0.000	0.000
3	S	0.000	0.977	0.977	0.000	0.000
4	S	0.000	0.977	0.977	0.000	0.000
5	Y	0.000	0.977	0.977	0.000	0.000
6	E	0.000	0.977	0.977	0.000	0.000
7	L	0.000	0.977	0.977	0.000	0.000
8	Y	0.000	0.977	0.977	0.000	0.000
9	R	0.000	0.977	0.977	0.000	0.000
10	Y	0.000	0.977	0.966	0.011	0.000
11	T	0.000	0.977	0.956	0.022	0.000
12	P	0.000	0.977	0.942	0.035	0.000
13	S	0.000	0.977	0.775	0.202	0.000
14	L	0.000	0.977	0.389	0.588	0.000
15	A	0.000	0.977	0.263	0.714	0.000
16	A	0.000	0.977	0.166	0.811	0.000
17	A	0.000	0.977	0.094	0.883	0.000
18	I	0.000	0.977	0.033	0.944	0.000
19	L	0.000	0.977	0.007	0.970	0.000
20	F	0.000	0.977	0.003	0.974	0.000
21	L	0.000	0.977	0.001	0.975	0.001
22	V	0.000	0.977	0.000	0.971	0.006
23	L	0.000	0.977	0.000	0.961	0.016
24	F	0.000	0.977	0.000	0.936	0.041
25	I	0.000	0.975	0.000	0.678	0.297
26	F	0.000	0.967	0.000	0.560	0.406
27	I	0.000	0.941	0.000	0.461	0.479
28	T	0.000	0.870	0.000	0.359	0.511
29	A	0.003	0.800	0.000	0.277	0.523
30	Y	0.432	0.284	0.000	0.153	0.130
31	H	0.000	0.212	0.000	0.070	0.142
32	V	0.000	0.202	0.000	0.059	0.143
33	Y	0.000	0.177	0.000	0.033	0.144
34	Q	0.000	0.156	0.000	0.012	0.144
35	M	0.009	0.144	0.000	0.009	0.135
36	A	0.000	0.141	0.000	0.005	0.135
37	Q	0.007	0.130	0.000	0.001	0.129
38	A	0.001	0.128	0.000	0.001	0.127
39	R	0.062	0.065	0.000	0.000	0.065
40	A	0.000	0.065	0.000	0.000	0.065
>XP_001390497.2
pos	aa	C	S	n-reg	h-reg	c-reg
1	M	0.000	0.955	0.955	0.000	0.000
2	K	0.000	0.955	0.955	0.000	0.000
3	L	0.000	0.955	0.453	0.502	0.000
4	S	0.000	0.955	0.286	0.669	0.000
5	L	0.000	0.955	0.007	0.948	0.000
6	A	0.000	0.955	0.001	0.954	0.000
7	V	0.000	0.955	0.000	0.955	0.000
8	G	0.000	0.955	0.000	0.955	0.000
9	A	0.000	0.955	0.000	0.955	0.000
10	A	0.000	0.955	0.000	0.954	0.001
11	L	0.000	0.955	0.000	0.915	0.040
12	M	0.000	0.955	0.000	0.851	0.104
13	G	0.000	0.955	0.000	0.047	0.908
14	S	0.000	0.955	0.000	0.011	0.944
15	A	0.000	0.955	0.000	0.000	0.955
16	L	0.013	0.942	0.000	0.000	0.942
17	A	0.003	0.939	0.000	0.000	0.939
18	V	0.939	0.001	0.000	0.000	0.001
19	D	0.000	0.001	0.000	0.000	0.001
20	I	0.000	0.001	0.000	0.000	0.001
21	D	0.000	0.001	0.000	0.000	0.001
22	P	0.000	0.001	0.000	0.000	0.001
23	I	0.001	0.000	0.000	0.000	0.000
24	V	0.000	0.000	0.000	0.000	0.000
25	I	0.000	0.000	0.000	0.000	0.000
26	K	0.000	0.000	0.000	0.000	0.000
27	G	0.000	0.000	0.000	0.000	0.000
28	S	0.000	0.000	0.000	0.000	0.000
29	K	0.000	0.000	0.000	0.000	0.000
30	F	0.000	0.000	0.000	0.000	0.000
31	F	0.000	0.000	0.000	0.000	0.000
32	Y	0.000	0.000	0.000	0.000	0.000
33	S	0.000	0.000	0.000	0.000	0.000
34	S	0.000	0.000	0.000	0.000	0.000
35	N	0.000	0.000	0.000	0.000	0.000
36	N	0.000	0.000	0.000	0.000	0.000
37	T	0.000	0.000	0.000	0.000	0.000
38	Q	0.000	0.000	0.000	0.000	0.000
39	F	0.000	0.000	0.000	0.000	0.000
40	Y	0.000	0.000	0.000	0.000	0.000
>XP_001390502.1
pos	aa	C	S	n-reg	h-reg	c-reg
1	M	0.000	0.989	0.989	0.000	0.000
2	L	0.000	0.989	0.989	0.000	0.000
3	A	0.000	0.989	0.947	0.041	0.000
4	P	0.000	0.989	0.900	0.088	0.000
5	T	0.000	0.989	0.710	0.279	0.000
6	L	0.000	0.989	0.216	0.773	0.000
7	W	0.000	0.989	0.130	0.859	0.000
8	T	0.000	0.989	0.088	0.900	0.000
9	S	0.000	0.989	0.038	0.951	0.000
10	L	0.000	0.989	0.011	0.977	0.000
11	L	0.000	0.989	0.003	0.985	0.001
12	A	0.000	0.989	0.001	0.980	0.007
13	L	0.000	0.989	0.000	0.961	0.027
14	T	0.000	0.989	0.000	0.790	0.198
15	A	0.000	0.989	0.000	0.502	0.486
16	T	0.000	0.988	0.000	0.392	0.596
17	A	0.002	0.986	0.000	0.098	0.888
18	S	0.010	0.977	0.000	0.054	0.923
19	A	0.048	0.929	0.000	0.031	0.897
20	S	0.306	0.622	0.000	0.016	0.606
21	A	0.063	0.560	0.000	0.013	0.546
22	I	0.399	0.160	0.000	0.008	0.152
23	S	0.000	0.160	0.000	0.001	0.159
24	S	0.047	0.114	0.000	0.000	0.114
25	N	0.058	0.056	0.000	0.000	0.056
26	S	0.000	0.056	0.000	0.000	0.056
27	S	0.015	0.040	0.000	0.000	0.040
28	C	0.007	0.033	0.000	0.000	0.033
29	R	0.005	0.028	0.000	0.000	0.028
30	C	0.000	0.028	0.000	0.000	0.028
31	F	0.022	0.005	0.000	0.000	0.005
32	P	0.000	0.005	0.000	0.000	0.005
33	G	0.001	0.004	0.000	0.000	0.004
34	D	0.000	0.004	0.000	0.000	0.004
35	A	0.000	0.004	0.000	0.000	0.004
36	C	0.001	0.003	0.000	0.000	0.003
37	W	0.001	0.002	0.000	0.000	0.002
38	P	0.000	0.002	0.000	0.000	0.002
39	S	0.001	0.001	0.000	0.000	0.001
40	Q	0.000	0.001	0.000	0.000	0.001
>XP_001390505.1
pos	aa	C	S	n-reg	h-reg	c-reg
1	M	0.000	0.985	0.985	0.000	0.000
2	F	0.000	0.985	0.985	0.000	0.000
3	S	0.000	0.985	0.985	0.000	0.000
4	S	0.000	0.985	0.984	0.000	0.000
5	K	0.000	0.985	0.984	0.001	0.000
6	T	0.000	0.985	0.860	0.125	0.000
7	A	0.000	0.985	0.423	0.562	0.000
8	A	0.000	0.985	0.200	0.785	0.000
9	F	0.000	0.985	0.097	0.887	0.000
10	A	0.000	0.985	0.051	0.934	0.000
11	G	0.000	0.985	0.007	0.978	0.000
12	L	0.000	0.985	0.001	0.984	0.000
13	M	0.000	0.985	0.001	0.984	0.000
14	A	0.000	0.985	0.000	0.979	0.005
15	L	0.000	0.985	0.000	0.941	0.043
16	S	0.000	0.985	0.000	0.812	0.173
17	A	0.000	0.985	0.000	0.773	0.212
18	L	0.001	0.984	0.000	0.703	0.281
19	S	0.001	0.983	0.000	0.027	0.956
20	G	0.010	0.973	0.000	0.005	0.968
21	V	0.011	0.962	0.000	0.003	0.959
22	A	0.000	0.962	0.000	0.002	0.959
23	A	0.093	0.869	0.000	0.002	0.868
24	K	0.865	0.005	0.000	0.000	0.005
25	Y	0.000	0.005	0.000	0.000	0.005
26	N	0.000	0.005	0.000	0.000	0.005
27	Y	0.000	0.005	0.000	0.000	0.005
28	A	0.000	0.005	0.000	0.000	0.005
29	V	0.003	0.001	0.000	0.000	0.001
30	T	0.000	0.001	0.000	0.000	0.001
31	D	0.001	0.000	0.000	0.000	0.000
32	P	0.000	0.000	0.000	0.000	0.000
33	Y	0.000	0.000	0.000	0.000	0.000
34	G	0.000	0.000	0.000	0.000	0.000
35	L	0.000	0.000	0.000	0.000	0.000
36	P	0.000	0.000	0.000	0.000	0.000
37	E	0.000	0.000	0.000	0.000	0.000
38	P	0.000	0.000	0.000	0.000	0.000
39	V	0.000	0.000	0.000	0.000	0.000
40	M	0.000	0.000	0.000	0.000	0.000
>XP_001390506.1
pos	aa	C	S	n-reg	h-reg	c-reg
1	M	0.000	0.991	0.991	0.000	0.000
2	V	0.000	0.991	0.991	0.000	0.000
3	K	0.000	0.991	0.989	0.002	0.000
4	S	0.000	0.991	0.677	0.314	0.000
5	I	0.000	0.991	0.224	0.767	0.000
6	L	0.000	0.991	0.077	0.914	0.000
7	A	0.000	0.991	0.046	0.945	0.000
8	S	0.000	0.991	0.032	0.959	0.000
9	V	0.000	0.991	0.010	0.981	0.000
10	F	0.000	0.991	0.003	0.988	0.000
11	F	0.000	0.991	0.001	0.989	0.001
12	A	0.000	0.991	0.000	0.935	0.056
13	A	0.000	0.991	0.000	0.418	0.573
14	T	0.000	0.991	0.000	0.280	0.711
15	A	0.000	0.991	0.000	0.186	0.805
16	L	0.004	0.987	0.000	0.160	0.828
17	A	0.002	0.986	0.000	0.110	0.875
18	A	0.592	0.394	0.000	0.046	0.348
19	S	0.091	0.302	0.000	0.016	0.286
20	R	0.084	0.219	0.000	0.001	0.217
21	M	0.000	0.219	0.000	0.001	0.218
22	T	0.000	0.219	0.000	0.001	0.218
23	A	0.091	0.128	0.000	0.000	0.127
24	P	0.011	0.116	0.000	0.000	0.116
25	S	0.009	0.107	0.000	0.000	0.107
26	G	0.007	0.100	0.000	0.000	0.100
27	A	0.009	0.092	0.000	0.000	0.091
28	I	0.054	0.038	0.000	0.000	0.038
29	V	0.000	0.038	0.000	0.000	0.038
30	V	0.000	0.038	0.000	0.000	0.038
31	A	0.000	0.038	0.000	0.000	0.038
32	K	0.033	0.005	0.000	0.000	0.005
33	S	0.000	0.005	0.000	0.000	0.005
34	G	0.003	0.002	0.000	0.000	0.002
35	G	0.001	0.001	0.000	0.000	0.001
36	D	0.001	0.000	0.000	0.000	0.000
37	Y	0.000	0.000	0.000	0.000	0.000
38	D	0.000	0.000	0.000	0.000	0.000
39	T	0.000	0.000	0.000	0.000	0.000
40	I	0.000	0.000	0.000	0.000	0.000
>XP_001390520.1
pos	aa	C	S	n-reg	h-reg	c-reg
1	M	0.000	0.997	0.997	0.000	0.000
2	H	0.000	0.997	0.997	0.000	0.000
3	M	0.000	0.997	0.996	0.000	0.000
4	P	0.000	0.997	0.996	0.000	0.000
5	S	0.000	0.997	0.995	0.001	0.000
6	L	0.000	0.997	0.991	0.006	0.000
7	S	0.000	0.997	0.989	0.007	0.000
8	N	0.000	0.997	0.986	0.011	0.000
9	W	0.000	0.997	0.867	0.130	0.000
10	A	0.000	0.997	0.618	0.379	0.000
11	T	0.000	0.997	0.453	0.544	0.000
12	A	0.000	0.997	0.284	0.712	0.000
13	A	0.000	0.997	0.129	0.868	0.000
14	L	0.000	0.997	0.048	0.948	0.001
15	Q	0.000	0.997	0.040	0.953	0.003
16	A	0.000	0.997	0.019	0.974	0.004
17	L	0.000	0.997	0.001	0.991	0.005
18	L	0.000	0.997	0.000	0.984	0.012
19	L	0.000	0.996	0.000	0.973	0.024
20	C	0.000	0.996	0.000	0.912	0.085
21	S	0.000	0.996	0.000	0.506	0.490
22	S	0.001	0.995	0.000	0.207	0.788
23	N	0.014	0.981	0.000	0.122	0.859
24	L	0.000	0.981	0.000	0.110	0.871
25	P	0.002	0.979	0.000	0.008	0.971
26	V	0.009	0.970	0.000	0.006	0.964
27	A	0.000	0.970	0.000	0.001	0.969
28	T	0.014	0.956	0.000	0.000	0.956
29	S	0.083	0.873	0.000	0.000	0.873
30	S	0.779	0.093	0.000	0.000	0.093
31	P	0.040	0.053	0.000	0.000	0.053
32	S	0.052	0.002	0.000	0.000	0.002
33	P	0.000	0.001	0.000	0.000	0.001
34	P	0.000	0.001	0.000	0.000	0.001
35	E	0.000	0.001	0.000	0.000	0.001
36	L	0.000	0.001	0.000	0.000	0.001
37	S	0.000	0.001	0.000	0.000	0.001
38	F	0.000	0.001	0.000	0.000	0.001
39	L	0.000	0.001	0.000	0.000	0.001
40	Y	0.000	0.001	0.000	0.000	0.001
>XP_001390521.1
pos	aa	C	S	n-reg	h-reg	c-reg
1	M	0.000	0.965	0.965	0.000	0.000
2	L	0.000	0.965	0.965	0.000	0.000
3	G	0.000	0.965	0.921	0.044	0.000
4	L	0.000	0.965	0.453	0.512	0.000
5	W	0.000	0.965	0.344	0.621	0.000
6	F	0.000	0.965	0.141	0.823	0.000
7	A	0.000	0.965	0.058	0.907	0.000
8	A	0.000	0.965	0.010	0.954	0.000
9	I	0.000	0.965	0.001	0.964	0.000
10	L	0.000	0.965	0.000	0.965	0.000
11	I	0.000	0.965	0.000	0.964	0.001
12	L	0.000	0.965	0.000	0.961	0.004
13	V	0.000	0.965	0.000	0.947	0.018
14	F	0.000	0.965	0.000	0.909	0.056
15	L	0.000	0.965	0.000	0.833	0.132
16	Y	0.003	0.962	0.000	0.117	0.845
17	Q	0.000	0.962	0.000	0.018	0.943
18	R	0.011	0.950	0.000	0.000	0.950
19	L	0.000	0.950	0.000	0.000	0.950
20	S	0.015	0.935	0.000	0.000	0.935
21	S	0.775	0.160	0.000	0.000	0.160
22	P	0.066	0.094	0.000	0.000	0.094
23	I	0.081	0.013	0.000	0.000	0.013
24	S	0.000	0.013	0.000	0.000	0.013
25	K	0.009	0.004	0.000	0.000	0.004
26	L	0.000	0.004	0.000	0.000	0.004
27	P	0.000	0.004	0.000	0.000	0.004
28	G	0.003	0.001	0.000	0.000	0.001
29	P	0.000	0.000	0.000	0.000	0.000
30	W	0.000	0.000	0.000	0.000	0.000
31	Y	0.000	0.000	0.000	0.000	0.000
32	T	0.000	0.000	0.000	0.000	0.000
33	K	0.000	0.000	0.000	0.000	0.000
34	L	0.000	0.000	0.000	0.000	0.000
35	T	0.000	0.000	0.000	0.000	0.000
36	S	0.000	0.000	0.000	0.000	0.000
37	L	0.000	0.000	0.000	0.000	0.000
38	V	0.000	0.000	0.000	0.000	0.000
39	I	0.000	0.000	0.000	0.000	0.000
40	K	0.000	0.000	0.000	0.000	0.000
>XP_001390529.1
pos	aa	C	S	n-reg	h-reg	c-reg
1	M	0.000	0.970	0.970	0.000	0.000
2	M	0.000	0.970	0.970	0.000	0.000
3	F	0.000	0.970	0.484	0.486	0.000
4	L	0.000	0.970	0.185	0.784	0.000
5	P	0.000	0.970	0.163	0.807	0.000
6	A	0.000	0.970	0.026	0.943	0.000
7	L	0.000	0.970	0.001	0.969	0.000
8	L	0.000	0.970	0.000	0.969	0.000
9	A	0.000	0.970	0.000	0.970	0.000
10	L	0.000	0.970	0.000	0.970	0.000
11	F	0.000	0.970	0.000	0.934	0.036
12	V	0.000	0.970	0.000	0.498	0.472
13	G	0.000	0.970	0.000	0.372	0.598
14	C	0.000	0.970	0.000	0.093	0.877
15	D	0.003	0.967	0.000	0.011	0.956
16	A	0.000	0.967	0.000	0.008	0.959
17	L	0.568	0.399	0.000	0.006	0.393
18	A	0.003	0.396	0.000	0.002	0.394
19	V	0.277	0.119	0.000	0.001	0.118
20	Q	0.000	0.119	0.000	0.000	0.118
21	Q	0.042	0.077	0.000	0.000	0.077
22	Q	0.068	0.009	0.000	0.000	0.009
23	V	0.001	0.007	0.000	0.000	0.007
24	L	0.000	0.007	0.000	0.000	0.007
25	L	0.000	0.007	0.000	0.000	0.007
26	D	0.006	0.001	0.000	0.000	0.001
27	E	0.000	0.001	0.000	0.000	0.001
28	E	0.000	0.001	0.000	0.000	0.001
29	P	0.000	0.001	0.000	0.000	0.001
30	S	0.000	0.001	0.000	0.000	0.001
31	V	0.000	0.001	0.000	0.000	0.001
32	S	0.000	0.001	0.000	0.000	0.001
33	A	0.000	0.001	0.000	0.000	0.001
34	R	0.001	0.000	0.000	0.000	0.000
35	K	0.000	0.000	0.000	0.000	0.000
36	P	0.000	0.000	0.000	0.000	0.000
37	N	0.000	0.000	0.000	0.000	0.000
38	F	0.000	0.000	0.000	0.000	0.000
39	L	0.000	0.000	0.000	0.000	0.000
40	F	0.000	0.000	0.000	0.000	0.000
>XP_001390530.1
pos	aa	C	S	n-reg	h-reg	c-reg
1	M	0.000	0.837	0.837	0.000	0.000
2	S	0.000	0.837	0.837	0.000	0.000
3	F	0.000	0.837	0.826	0.010	0.000
4	R	0.000	0.837	0.822	0.014	0.000
5	S	0.000	0.837	0.677	0.159	0.000
6	L	0.000	0.837	0.054	0.783	0.000
7	L	0.000	0.837	0.005	0.831	0.000
8	A	0.000	0.837	0.003	0.834	0.000
9	L	0.000	0.837	0.001	0.836	0.000
10	S	0.000	0.837	0.000	0.836	0.000
11	G	0.000	0.837	0.000	0.835	0.001
12	L	0.000	0.837	0.000	0.834	0.002
13	V	0.000	0.837	0.000	0.811	0.025
14	C	0.000	0.837	0.000	0.243	0.594
15	T	0.000	0.837	0.000	0.140	0.697
16	G	0.000	0.836	0.000	0.109	0.727
17	L	0.011	0.825	0.000	0.104	0.721
18	A	0.008	0.817	0.000	0.004	0.813
19	N	0.676	0.141	0.000	0.000	0.140
20	V	0.000	0.140	0.000	0.000	0.140
21	I	0.000	0.140	0.000	0.000	0.140
22	S	0.000	0.141	0.000	0.000	0.140
23	K	0.132	0.008	0.000	0.000	0.008
24	R	0.000	0.008	0.000	0.000	0.008
25	A	0.000	0.008	0.000	0.000	0.008
26	T	0.007	0.002	0.000	0.000	0.002
27	L	0.001	0.001	0.000	0.000	0.001
28	D	0.001	0.000	0.000	0.000	0.000
29	S	0.000	0.000	0.000	0.000	0.000
30	W	0.000	0.000	0.000	0.000	0.000
31	L	0.000	0.000	0.000	0.000	0.000
32	S	0.000	0.000	0.000	0.000	0.000
33	N	0.000	0.000	0.000	0.000	0.000
34	E	0.000	0.000	0.000	0.000	0.000
35	A	0.000	0.000	0.000	0.000	0.000
36	T	0.000	0.000	0.000	0.000	0.000
37	V	0.000	0.000	0.000	0.000	0.000
38	A	0.000	0.000	0.000	0.000	0.000
39	R	0.000	0.000	0.000	0.000	0.000
40	T	0.000	0.000	0.000	0.000	0.000
>XP_001390531.1
pos	aa	C	S	n-reg	h-reg	c-reg
1	M	0.000	0.997	0.997	0.000	0.000
2	A	0.000	0.997	0.997	0.000	0.000
3	I	0.000	0.997	0.990	0.008	0.000
4	M	0.000	0.997	0.987	0.011	0.000
5	K	0.000	0.997	0.984	0.013	0.000
6	A	0.000	0.997	0.360	0.637	0.000
7	L	0.000	0.997	0.040	0.958	0.000
8	L	0.000	0.997	0.011	0.986	0.000
9	W	0.000	0.997	0.006	0.991	0.000
10	L	0.000	0.997	0.001	0.996	0.000
11	S	0.000	0.997	0.001	0.995	0.002
12	L	0.000	0.997	0.000	0.995	0.002
13	S	0.000	0.997	0.000	0.994	0.004
14	L	0.000	0.997	0.000	0.705	0.292
15	A	0.000	0.997	0.000	0.450	0.547
16	V	0.000	0.997	0.000	0.304	0.693
17	W	0.000	0.997	0.000	0.216	0.781
18	A	0.000	0.997	0.000	0.047	0.950
19	T	0.683	0.314	0.000	0.007	0.307
20	P	0.000	0.314	0.000	0.002	0.312
21	V	0.010	0.304	0.000	0.000	0.303
22	Q	0.000	0.304	0.000	0.000	0.304
23	R	0.001	0.303	0.000	0.000	0.303
24	D	0.000	0.303	0.000	0.000	0.303
25	A	0.000	0.303	0.000	0.000	0.303
26	A	0.296	0.007	0.000	0.000	0.007
27	P	0.002	0.005	0.000	0.000	0.005
28	T	0.000	0.005	0.000	0.000	0.005
29	V	0.000	0.005	0.000	0.000	0.005
30	T	0.000	0.005	0.000	0.000	0.005
31	I	0.000	0.005	0.000	0.000	0.005
32	A	0.000	0.005	0.000	0.000	0.005
33	H	0.004	0.000	0.000	0.000	0.000
34	P	0.000	0.000	0.000	0.000	0.000
35	S	0.000	0.000	0.000	0.000	0.000
36	A	0.000	0.000	0.000	0.000	0.000
37	T	0.000	0.000	0.000	0.000	0.000
38	V	0.000	0.000	0.000	0.000	0.000
39	I	0.000	0.000	0.000	0.000	0.000
40	G	0.000	0.000	0.000	0.000	0.000
>XP_001390538.2
pos	aa	C	S	n-reg	h-reg	c-reg
1	M	0.000	0.841	0.841	0.000	0.000
2	V	0.000	0.841	0.841	0.000	0.000
3	Q	0.000	0.841	0.782	0.059	0.000
4	G	0.000	0.841	0.587	0.254	0.000
5	V	0.000	0.841	0.292	0.549	0.000
6	A	0.000	0.841	0.042	0.799	0.000
7	F	0.000	0.841	0.011	0.830	0.000
8	G	0.000	0.841	0.008	0.833	0.000
9	L	0.000	0.841	0.001	0.840	0.000
10	L	0.000	0.841	0.000	0.841	0.000
11	G	0.000	0.841	0.000	0.829	0.012
12	L	0.000	0.841	0.000	0.796	0.045
13	A	0.000	0.841	0.000	0.699	0.142
14	A	0.000	0.841	0.000	0.142	0.699
15	S	0.000	0.840	0.000	0.070	0.770
16	A	0.006	0.835	0.000	0.049	0.786
17	L	0.054	0.781	0.000	0.019	0.762
18	G	0.005	0.776	0.000	0.003	0.772
19	T	0.670	0.105	0.000	0.001	0.104
20	Y	0.010	0.095	0.000	0.001	0.095
21	A	0.000	0.095	0.000	0.000	0.095
22	P	0.089	0.007	0.000	0.000	0.007
23	Y	0.001	0.005	0.000	0.000	0.005
24	Y	0.000	0.005	0.000	0.000	0.005
25	A	0.000	0.005	0.000	0.000	0.005
26	N	0.003	0.003	0.000	0.000	0.003
27	L	0.000	0.003	0.000	0.000	0.003
28	T	0.002	0.000	0.000	0.000	0.000
29	W	0.000	0.000	0.000	0.000	0.000
30	E	0.000	0.000	0.000	0.000	0.000
31	Q	0.000	0.000	0.000	0.000	0.000
32	P	0.000	0.000	0.000	0.000	0.000
33	R	0.000	0.000	0.000	0.000	0.000
34	T	0.000	0.000	0.000	0.000	0.000
35	L	0.000	0.000	0.000	0.000	0.000
36	S	0.000	0.000	0.000	0.000	0.000
37	N	0.000	0.000	0.000	0.000	0.000
38	W	0.000	0.000	0.000	0.000	0.000
39	S	0.000	0.000	0.000	0.000	0.000
40	N	0.000	0.000	0.000	0.000	0.000
>XP_001390540.2
pos	aa	C	S	n-reg	h-reg	c-reg
1	M	0.000	0.817	0.817	0.000	0.000
2	L	0.000	0.817	0.817	0.000	0.000
3	A	0.000	0.817	0.512	0.305	0.000
4	I	0.000	0.817	0.248	0.569	0.000
5	A	0.000	0.817	0.165	0.652	0.000
6	Y	0.000	0.817	0.079	0.738	0.000
7	L	0.000	0.817	0.019	0.798	0.000
8	W	0.000	0.817	0.010	0.806	0.000
9	I	0.000	0.817	0.001	0.815	0.000
10	L	0.000	0.817	0.000	0.816	0.000
11	L	0.000	0.817	0.000	0.759	0.057
12	L	0.000	0.817	0.000	0.671	0.146
13	L	0.000	0.817	0.000	0.473	0.343
14	R	0.000	0.816	0.000	0.225	0.591
15	G	0.000	0.816	0.000	0.166	0.651
16	I	0.201	0.615	0.000	0.075	0.540
17	H	0.000	0.615	0.000	0.023	0.592
18	V	0.000	0.615	0.000	0.010	0.605
19	G	0.000	0.615	0.000	0.004	0.611
20	A	0.068	0.547	0.000	0.000	0.547
21	K	0.441	0.106	0.000	0.000	0.106
22	S	0.000	0.106	0.000	0.000	0.106
23	T	0.061	0.044	0.000	0.000	0.044
24	S	0.018	0.026	0.000	0.000	0.026
25	E	0.025	0.001	0.000	0.000	0.001
26	V	0.000	0.001	0.000	0.000	0.001
27	T	0.000	0.001	0.000	0.000	0.001
28	T	0.000	0.001	0.000	0.000	0.001
29	I	0.000	0.000	0.000	0.000	0.000
30	T	0.000	0.000	0.000	0.000	0.000
31	D	0.000	0.000	0.000	0.000	0.000
32	D	0.000	0.000	0.000	0.000	0.000
33	A	0.000	0.000	0.000	0.000	0.000
34	S	0.000	0.000	0.000	0.000	0.000
35	T	0.000	0.000	0.000	0.000	0.000
36	T	0.000	0.000	0.000	0.000	0.000
37	S	0.000	0.000	0.000	0.000	0.000
38	A	0.000	0.000	0.000	0.000	0.000
39	S	0.000	0.000	0.000	0.000	0.000
40	S	0.000	0.000	0.000	0.000	0.000
>XP_001390547.2
pos	aa	C	S	n-reg	h-reg	c-reg
1	M	0.000	0.508	0.508	0.000	0.000
2	S	0.000	0.508	0.508	0.000	0.000
3	V	0.000	0.508	0.506	0.002	0.000
4	Q	0.000	0.508	0.504	0.004	0.000
5	H	0.000	0.508	0.495	0.013	0.000
6	C	0.000	0.508	0.288	0.220	0.000
7	T	0.000	0.508	0.208	0.300	0.000
8	T	0.000	0.508	0.171	0.337	0.000
9	S	0.000	0.508	0.123	0.385	0.000
10	W	0.000	0.508	0.041	0.467	0.000
11	T	0.000	0.508	0.025	0.483	0.000
12	L	0.000	0.508	0.009	0.499	0.000
13	V	0.000	0.508	0.006	0.501	0.000
14	L	0.000	0.508	0.006	0.491	0.011
15	L	0.000	0.508	0.006	0.449	0.053
16	G	0.000	0.508	0.006	0.399	0.103
17	A	0.000	0.508	0.006	0.359	0.143
18	S	0.001	0.507	0.006	0.065	0.436
19	L	0.003	0.503	0.006	0.053	0.444
20	V	0.006	0.497	0.006	0.026	0.466
21	E	0.000	0.497	0.006	0.004	0.488
22	G	0.000	0.497	0.006	0.002	0.490
23	Y	0.443	0.055	0.006	0.001	0.048
24	L	0.000	0.055	0.006	0.001	0.048
25	L	0.008	0.047	0.006	0.000	0.041
26	Q	0.003	0.044	0.006	0.000	0.038
27	H	0.004	0.040	0.006	0.000	0.034
28	S	0.000	0.040	0.006	0.000	0.034
29	L	0.001	0.039	0.006	0.000	0.033
30	L	0.000	0.039	0.006	0.000	0.033
31	P	0.000	0.038	0.006	0.000	0.032
32	D	0.001	0.037	0.006	0.000	0.031
33	W	0.000	0.037	0.006	0.000	0.031
34	A	0.000	0.037	0.006	0.000	0.031
35	F	0.001	0.036	0.006	0.000	0.030
36	R	0.000	0.036	0.006	0.000	0.030
37	S	0.000	0.036	0.006	0.000	0.030
38	V	0.000	0.036	0.002	0.004	0.030
39	T	0.000	0.036	0.001	0.005	0.030
40	L	0.000	0.036	0.000	0.006	0.030
>XP_001390549.2
pos	aa	C	S	n-reg	h-reg	c-reg
1	M	0.000	0.937	0.937	0.000	0.000
2	Y	0.000	0.937	0.937	0.000	0.000
3	L	0.000	0.938	0.088	0.849	0.000
4	L	0.000	0.938	0.043	0.895	0.000
5	P	0.000	0.938	0.038	0.900	0.000
6	L	0.000	0.937	0.011	0.926	0.000
7	T	0.000	0.938	0.003	0.934	0.000
8	L	0.000	0.938	0.001	0.937	0.000
9	F	0.000	0.938	0.000	0.937	0.000
10	L	0.000	0.938	0.000	0.937	0.001
11	T	0.000	0.938	0.000	0.203	0.735
12	A	0.000	0.937	0.000	0.159	0.778
13	A	0.000	0.937	0.000	0.108	0.829
14	F	0.017	0.921	0.000	0.095	0.826
15	G	0.000	0.921	0.000	0.013	0.907
16	V	0.744	0.177	0.000	0.011	0.165
17	S	0.000	0.177	0.000	0.007	0.169
18	I	0.061	0.116	0.000	0.005	0.111
19	P	0.000	0.116	0.000	0.001	0.115
20	R	0.100	0.016	0.000	0.000	0.016
21	S	0.000	0.016	0.000	0.000	0.016
22	P	0.002	0.014	0.000	0.000	0.014
23	L	0.003	0.011	0.000	0.000	0.011
24	I	0.006	0.005	0.000	0.000	0.005
25	P	0.000	0.005	0.000	0.000	0.005
26	G	0.000	0.005	0.000	0.000	0.005
27	A	0.003	0.002	0.000	0.000	0.002
28	Q	0.001	0.001	0.000	0.000	0.001
29	I	0.000	0.001	0.000	0.000	0.001
30	V	0.000	0.001	0.000	0.000	0.001
31	P	0.000	0.001	0.000	0.000	0.001
32	A	0.000	0.001	0.000	0.000	0.001
33	S	0.000	0.000	0.000	0.000	0.000
34	S	0.000	0.000	0.000	0.000	0.000
35	T	0.000	0.000	0.000	0.000	0.000
36	A	0.000	0.000	0.000	0.000	0.000
37	D	0.000	0.000	0.000	0.000	0.000
38	L	0.000	0.000	0.000	0.000	0.000
39	R	0.000	0.000	0.000	0.000	0.000
40	A	0.000	0.000	0.000	0.000	0.000
>XP_001390552.2
pos	aa	C	S	n-reg	h-reg	c-reg
1	M	0.000	0.253	0.253	0.000	0.000
2	Y	0.000	0.254	0.254	0.000	0.000
3	T	0.000	0.254	0.205	0.049	0.000
4	L	0.000	0.254	0.160	0.093	0.000
5	P	0.000	0.254	0.151	0.103	0.000
6	V	0.000	0.254	0.024	0.230	0.000
7	L	0.000	0.254	0.017	0.236	0.000
8	I	0.000	0.254	0.017	0.237	0.000
9	A	0.000	0.254	0.017	0.237	0.000
10	A	0.000	0.254	0.017	0.237	0.000
11	L	0.000	0.254	0.016	0.237	0.001
12	F	0.000	0.254	0.016	0.234	0.004
13	L	0.000	0.254	0.016	0.231	0.007
14	H	0.000	0.254	0.016	0.032	0.206
15	V	0.000	0.254	0.016	0.023	0.215
16	K	0.000	0.254	0.016	0.010	0.227
17	F	0.000	0.254	0.016	0.009	0.228
18	P	0.000	0.254	0.016	0.000	0.237
19	L	0.166	0.088	0.016	0.000	0.071
20	L	0.001	0.087	0.016	0.000	0.071
21	P	0.001	0.086	0.016	0.000	0.070
22	G	0.009	0.077	0.016	0.000	0.061
23	L	0.056	0.022	0.016	0.000	0.005
24	R	0.001	0.021	0.016	0.000	0.005
25	D	0.000	0.021	0.016	0.001	0.005
26	T	0.000	0.021	0.002	0.015	0.005
27	L	0.001	0.019	0.000	0.016	0.003
28	Y	0.000	0.019	0.000	0.016	0.003
29	G	0.000	0.019	0.000	0.016	0.003
30	I	0.001	0.018	0.000	0.016	0.002
31	I	0.000	0.018	0.000	0.016	0.002
32	V	0.000	0.018	0.000	0.016	0.002
33	L	0.000	0.018	0.000	0.016	0.002
34	S	0.000	0.018	0.000	0.003	0.016
35	A	0.000	0.018	0.000	0.002	0.016
36	C	0.000	0.017	0.000	0.001	0.016
37	S	0.000	0.017	0.000	0.001	0.016
38	A	0.000	0.017	0.000	0.001	0.016
39	I	0.016	0.001	0.000	0.001	0.000
40	F	0.000	0.001	0.000	0.001	0.000
>XP_001390554.2
pos	aa	C	S	n-reg	h-reg	c-reg
1	M	0.000	0.964	0.964	0.000	0.000
2	H	0.000	0.964	0.964	0.000	0.000
3	N	0.000	0.964	0.949	0.015	0.000
4	G	0.000	0.964	0.791	0.174	0.000
5	Y	0.000	0.964	0.539	0.425	0.000
6	I	0.000	0.964	0.086	0.878	0.000
7	A	0.000	0.964	0.028	0.936	0.000
8	A	0.000	0.964	0.002	0.962	0.000
9	L	0.000	0.964	0.000	0.964	0.000
10	L	0.000	0.964	0.000	0.964	0.000
11	L	0.000	0.964	0.000	0.964	0.000
12	L	0.000	0.964	0.000	0.939	0.025
13	S	0.000	0.964	0.000	0.745	0.219
14	S	0.000	0.964	0.000	0.323	0.642
15	S	0.000	0.964	0.000	0.252	0.712
16	S	0.002	0.962	0.000	0.017	0.945
17	N	0.004	0.958	0.000	0.004	0.954
18	A	0.000	0.958	0.000	0.000	0.957
19	L	0.327	0.630	0.000	0.000	0.630
20	A	0.002	0.628	0.000	0.000	0.628
21	E	0.585	0.043	0.000	0.000	0.043
22	Q	0.000	0.043	0.000	0.000	0.043
23	R	0.041	0.002	0.000	0.000	0.002
24	T	0.000	0.002	0.000	0.000	0.002
25	T	0.000	0.002	0.000	0.000	0.002
26	D	0.001	0.001	0.000	0.000	0.001
27	E	0.000	0.001	0.000	0.000	0.001
28	F	0.000	0.001	0.000	0.000	0.001
29	T	0.000	0.001	0.000	0.000	0.001
30	F	0.000	0.001	0.000	0.000	0.001
31	S	0.000	0.001	0.000	0.000	0.001
32	C	0.000	0.001	0.000	0.000	0.001
33	D	0.000	0.001	0.000	0.000	0.001
34	P	0.000	0.001	0.000	0.000	0.001
35	L	0.000	0.001	0.000	0.000	0.001
36	T	0.000	0.001	0.000	0.000	0.001
37	T	0.000	0.001	0.000	0.000	0.001
38	Q	0.000	0.001	0.000	0.000	0.001
39	L	0.000	0.000	0.000	0.000	0.000
40	S	0.000	0.000	0.000	0.000	0.000
>XP_001390563.2
pos	aa	C	S	n-reg	h-reg	c-reg
1	M	0.000	0.204	0.204	0.000	0.000
2	I	0.000	0.204	0.204	0.000	0.000
3	F	0.000	0.204	0.204	0.000	0.000
4	R	0.000	0.204	0.203	0.001	0.000
5	W	0.000	0.204	0.183	0.021	0.000
6	L	0.000	0.204	0.049	0.155	0.000
7	L	0.000	0.204	0.006	0.198	0.000
8	L	0.000	0.204	0.002	0.203	0.000
9	V	0.000	0.204	0.001	0.203	0.000
10	S	0.000	0.204	0.000	0.204	0.000
11	C	0.000	0.204	0.000	0.204	0.000
12	L	0.000	0.204	0.000	0.204	0.000
13	L	0.000	0.204	0.000	0.204	0.000
14	V	0.000	0.204	0.000	0.203	0.001
15	A	0.000	0.204	0.000	0.186	0.018
16	L	0.000	0.204	0.000	0.163	0.041
17	I	0.000	0.204	0.000	0.125	0.079
18	P	0.000	0.204	0.000	0.019	0.184
19	Q	0.001	0.203	0.000	0.000	0.203
20	Q	0.001	0.202	0.000	0.000	0.202
21	S	0.000	0.202	0.000	0.000	0.202
22	S	0.001	0.201	0.000	0.000	0.201
23	A	0.010	0.191	0.000	0.000	0.191
24	K	0.191	0.000	0.000	0.000	0.000
25	K	0.000	0.000	0.000	0.000	0.000
26	S	0.000	0.000	0.000	0.000	0.000
27	D	0.000	0.000	0.000	0.000	0.000
28	Q	0.000	0.000	0.000	0.000	0.000
29	P	0.000	0.000	0.000	0.000	0.000
30	K	0.000	0.000	0.000	0.000	0.000
31	V	0.000	0.000	0.000	0.000	0.000
32	T	0.000	0.000	0.000	0.000	0.000
33	A	0.000	0.000	0.000	0.000	0.000
34	T	0.000	0.000	0.000	0.000	0.000
35	K	0.000	0.000	0.000	0.000	0.000
36	L	0.000	0.000	0.000	0.000	0.000
37	E	0.000	0.000	0.000	0.000	0.000
38	H	0.000	0.000	0.000	0.000	0.000
39	E	0.000	0.000	0.000	0.000	0.000
40	P	0.000	0.000	0.000	0.000	0.000
>XP_001390587.2
pos	aa	C	S	n-reg	h-reg	c-reg
1	M	0.000	0.999	0.999	0.000	0.000
2	R	0.000	0.999	0.999	0.000	0.000
3	L	0.000	0.999	0.970	0.029	0.000
4	A	0.000	0.999	0.960	0.039	0.000
5	R	0.000	0.999	0.957	0.042	0.000
6	T	0.000	0.999	0.584	0.415	0.000
7	V	0.000	0.999	0.018	0.981	0.000
8	Y	0.000	0.999	0.009	0.990	0.000
9	L	0.000	0.999	0.001	0.998	0.000
10	V	0.000	0.999	0.000	0.999	0.000
11	L	0.000	0.999	0.000	0.999	0.000
12	S	0.000	0.999	0.000	0.996	0.003
13	L	0.000	0.999	0.000	0.996	0.003
14	L	0.000	0.999	0.000	0.973	0.027
15	S	0.000	0.999	0.000	0.069	0.931
16	A	0.000	0.999	0.000	0.038	0.962
17	A	0.001	0.998	0.000	0.007	0.992
18	L	0.003	0.995	0.000	0.005	0.990
19	A	0.012	0.983	0.000	0.002	0.981
20	D	0.975	0.009	0.000	0.001	0.008
21	I	0.000	0.009	0.000	0.001	0.008
22	E	0.000	0.009	0.000	0.000	0.009
23	F	0.000	0.009	0.000	0.000	0.009
24	I	0.000	0.009	0.000	0.000	0.009
25	D	0.000	0.009	0.000	0.000	0.009
26	P	0.000	0.009	0.000	0.000	0.009
27	A	0.003	0.006	0.000	0.000	0.006
28	A	0.000	0.006	0.000	0.000	0.006
29	G	0.000	0.006	0.000	0.000	0.006
30	T	0.005	0.000	0.000	0.000	0.000
31	V	0.000	0.000	0.000	0.000	0.000
32	I	0.000	0.000	0.000	0.000	0.000
33	R	0.000	0.000	0.000	0.000	0.000
34	A	0.000	0.000	0.000	0.000	0.000
35	G	0.000	0.000	0.000	0.000	0.000
36	D	0.000	0.000	0.000	0.000	0.000
37	E	0.000	0.000	0.000	0.000	0.000
38	F	0.000	0.000	0.000	0.000	0.000
39	T	0.000	0.000	0.000	0.000	0.000
40	A	0.000	0.000	0.000	0.000	0.000
>XP_001390623.2
pos	aa	C	S	n-reg	h-reg	c-reg
1	M	0.000	0.001	0.001	0.000	0.000
2	V	0.000	0.001	0.001	0.000	0.000
3	M	0.000	0.001	0.001	0.000	0.000
4	K	0.000	0.001	0.001	0.000	0.000
5	S	0.000	0.001	0.001	0.000	0.000
6	E	0.000	0.001	0.001	0.000	0.000
7	L	0.000	0.001	0.001	0.000	0.000
8	I	0.000	0.001	0.001	0.000	0.000
9	G	0.000	0.001	0.001	0.000	0.000
10	L	0.000	0.001	0.001	0.000	0.000
11	P	0.000	0.001	0.001	0.001	0.000
12	S	0.000	0.001	0.001	0.001	0.000
13	W	0.000	0.001	0.000	0.001	0.000
14	S	0.000	0.001	0.000	0.001	0.000
15	V	0.000	0.001	0.000	0.001	0.000
16	G	0.000	0.001	0.000	0.001	0.000
17	A	0.000	0.001	0.000	0.001	0.000
18	C	0.000	0.001	0.000	0.001	0.000
19	V	0.000	0.001	0.000	0.001	0.000
20	L	0.000	0.001	0.000	0.001	0.000
21	I	0.000	0.001	0.000	0.001	0.000
22	N	0.000	0.001	0.000	0.000	0.001
23	S	0.000	0.001	0.000	0.000	0.001
24	G	0.000	0.001	0.000	0.000	0.001
25	F	0.000	0.001	0.000	0.000	0.001
26	A	0.000	0.001	0.000	0.000	0.001
27	R	0.001	0.000	0.000	0.000	0.000
28	I	0.000	0.000	0.000	0.000	0.000
29	E	0.000	0.000	0.000	0.000	0.000
30	L	0.000	0.000	0.000	0.000	0.000
31	F	0.000	0.000	0.000	0.000	0.000
32	L	0.000	0.000	0.000	0.000	0.000
33	N	0.000	0.000	0.000	0.000	0.000
34	G	0.000	0.000	0.000	0.000	0.000
35	C	0.000	0.000	0.000	0.000	0.000
36	S	0.000	0.000	0.000	0.000	0.000
37	T	0.000	0.000	0.000	0.000	0.000
38	L	0.000	0.000	0.000	0.000	0.000
39	Q	0.000	0.000	0.000	0.000	0.000
40	N	0.000	0.000	0.000	0.000	0.000
>XP_001390625.1
pos	aa	C	S	n-reg	h-reg	c-reg
1	M	0.000	0.028	0.028	0.000	0.000
2	W	0.000	0.031	0.031	0.000	0.000
3	S	0.000	0.031	0.026	0.005	0.000
4	L	0.000	0.031	0.017	0.014	0.000
5	F	0.000	0.031	0.016	0.016	0.000
6	T	0.000	0.031	0.014	0.018	0.000
7	I	0.000	0.031	0.012	0.019	0.000
8	A	0.000	0.031	0.012	0.020	0.000
9	P	0.000	0.031	0.011	0.020	0.000
10	Y	0.000	0.031	0.009	0.023	0.000
11	A	0.000	0.031	0.005	0.026	0.000
12	F	0.000	0.031	0.002	0.029	0.001
13	F	0.000	0.031	0.001	0.029	0.002
14	I	0.000	0.031	0.000	0.022	0.009
15	G	0.000	0.031	0.000	0.016	0.015
16	I	0.000	0.031	0.000	0.014	0.018
17	V	0.000	0.031	0.000	0.013	0.018
18	G	0.000	0.031	0.000	0.012	0.019
19	I	0.015	0.016	0.000	0.012	0.005
20	S	0.000	0.016	0.000	0.010	0.006
21	Y	0.004	0.013	0.000	0.010	0.003
22	F	0.000	0.013	0.000	0.006	0.006
23	L	0.000	0.013	0.000	0.005	0.008
24	V	0.000	0.012	0.000	0.003	0.009
25	W	0.000	0.012	0.000	0.002	0.009
26	P	0.000	0.011	0.000	0.001	0.009
27	F	0.009	0.001	0.000	0.001	0.000
28	V	0.000	0.001	0.000	0.001	0.000
29	Q	0.000	0.001	0.000	0.000	0.000
30	Y	0.000	0.000	0.000	0.000	0.000
31	I	0.000	0.000	0.000	0.000	0.000
32	R	0.000	0.000	0.000	0.000	0.000
33	D	0.000	0.000	0.000	0.000	0.000
34	P	0.000	0.000	0.000	0.000	0.000
35	K	0.000	0.000	0.000	0.000	0.000
36	G	0.000	0.000	0.000	0.000	0.000
37	L	0.000	0.000	0.000	0.000	0.000
38	R	0.000	0.000	0.000	0.000	0.000
39	K	0.000	0.000	0.000	0.000	0.000
40	Y	0.000	0.000	0.000	0.000	0.000
