>XP_001399946.1
pos	aa	C	S	n-reg	h-reg	c-reg
1	M	0.000	0.999	0.999	0.000	0.000
2	K	0.000	0.999	0.999	0.000	0.000
3	F	0.000	0.999	0.725	0.273	0.000
4	T	0.000	0.999	0.611	0.388	0.000
5	G	0.000	0.999	0.498	0.501	0.000
6	I	0.000	0.999	0.070	0.929	0.000
7	A	0.000	0.999	0.025	0.974	0.000
8	A	0.000	0.999	0.013	0.986	0.000
9	S	0.000	0.999	0.008	0.990	0.000
10	L	0.000	0.999	0.002	0.996	0.000
11	A	0.000	0.999	0.001	0.970	0.027
12	L	0.000	0.999	0.000	0.947	0.051
13	A	0.000	0.999	0.000	0.883	0.115
14	G	0.000	0.998	0.000	0.269	0.729
15	T	0.000	0.998	0.000	0.140	0.858
16	V	0.000	0.998	0.000	0.052	0.946
17	S	0.000	0.998	0.000	0.025	0.973
18	A	0.005	0.993	0.000	0.011	0.982
19	A	0.671	0.322	0.000	0.007	0.315
20	A	0.136	0.186	0.000	0.006	0.180
21	I	0.164	0.022	0.000	0.005	0.017
22	P	0.000	0.022	0.000	0.000	0.022
23	V	0.005	0.017	0.000	0.000	0.017
24	V	0.000	0.017	0.000	0.000	0.017
25	D	0.000	0.017	0.000	0.000	0.017
26	T	0.000	0.017	0.000	0.000	0.017
27	T	0.017	0.001	0.000	0.000	0.001
28	V	0.000	0.001	0.000	0.000	0.001
29	Q	0.000	0.001	0.000	0.000	0.001
30	S	0.000	0.001	0.000	0.000	0.001
31	T	0.000	0.000	0.000	0.000	0.000
32	L	0.000	0.000	0.000	0.000	0.000
33	S	0.000	0.000	0.000	0.000	0.000
34	Q	0.000	0.000	0.000	0.000	0.000
35	L	0.000	0.000	0.000	0.000	0.000
36	T	0.000	0.000	0.000	0.000	0.000
37	G	0.000	0.000	0.000	0.000	0.000
38	V	0.000	0.000	0.000	0.000	0.000
39	L	0.000	0.000	0.000	0.000	0.000
40	G	0.000	0.000	0.000	0.000	0.000
>XP_001399955.1
pos	aa	C	S	n-reg	h-reg	c-reg
1	M	0.000	0.358	0.358	0.000	0.000
2	G	0.000	0.359	0.359	0.000	0.000
3	R	0.000	0.359	0.357	0.001	0.000
4	Y	0.000	0.359	0.284	0.075	0.000
5	F	0.000	0.359	0.196	0.163	0.000
6	T	0.000	0.359	0.136	0.223	0.000
7	I	0.000	0.359	0.081	0.278	0.000
8	G	0.000	0.359	0.071	0.287	0.000
9	L	0.000	0.359	0.022	0.336	0.000
10	A	0.000	0.359	0.012	0.346	0.000
11	A	0.000	0.359	0.007	0.352	0.000
12	F	0.000	0.359	0.002	0.340	0.016
13	A	0.000	0.359	0.000	0.288	0.070
14	A	0.000	0.358	0.000	0.249	0.109
15	T	0.000	0.358	0.000	0.148	0.211
16	G	0.001	0.357	0.000	0.134	0.223
17	S	0.025	0.332	0.000	0.080	0.252
18	F	0.032	0.300	0.000	0.074	0.226
19	L	0.000	0.300	0.000	0.070	0.230
20	F	0.109	0.192	0.000	0.050	0.142
21	G	0.000	0.192	0.000	0.006	0.185
22	Y	0.096	0.095	0.000	0.001	0.094
23	D	0.000	0.095	0.000	0.000	0.095
24	S	0.000	0.095	0.000	0.000	0.095
25	G	0.002	0.093	0.000	0.000	0.093
26	V	0.026	0.067	0.000	0.000	0.067
27	M	0.000	0.067	0.000	0.000	0.067
28	T	0.000	0.067	0.000	0.000	0.067
29	D	0.067	0.000	0.000	0.000	0.000
30	V	0.000	0.000	0.000	0.000	0.000
31	I	0.000	0.000	0.000	0.000	0.000
32	E	0.000	0.000	0.000	0.000	0.000
33	S	0.000	0.000	0.000	0.000	0.000
34	K	0.000	0.000	0.000	0.000	0.000
35	N	0.000	0.000	0.000	0.000	0.000
36	F	0.000	0.000	0.000	0.000	0.000
37	L	0.000	0.000	0.000	0.000	0.000
38	A	0.000	0.000	0.000	0.000	0.000
39	F	0.000	0.000	0.000	0.000	0.000
40	F	0.000	0.000	0.000	0.000	0.000
>XP_001399965.1
pos	aa	C	S	n-reg	h-reg	c-reg
1	M	0.000	0.986	0.986	0.000	0.000
2	A	0.000	0.986	0.986	0.000	0.000
3	A	0.000	0.986	0.986	0.000	0.000
4	R	0.000	0.986	0.986	0.000	0.000
5	G	0.000	0.986	0.985	0.001	0.000
6	W	0.000	0.986	0.981	0.005	0.000
7	R	0.000	0.986	0.970	0.016	0.000
8	F	0.000	0.986	0.662	0.324	0.000
9	W	0.000	0.986	0.538	0.448	0.000
10	L	0.000	0.986	0.143	0.843	0.000
11	I	0.000	0.986	0.052	0.934	0.000
12	I	0.000	0.986	0.035	0.951	0.000
13	A	0.000	0.986	0.023	0.963	0.000
14	G	0.000	0.986	0.013	0.972	0.001
15	L	0.000	0.986	0.006	0.978	0.002
16	S	0.000	0.986	0.004	0.935	0.046
17	I	0.000	0.986	0.001	0.923	0.062
18	T	0.000	0.986	0.001	0.789	0.196
19	S	0.000	0.986	0.000	0.431	0.554
20	L	0.001	0.985	0.000	0.406	0.579
21	L	0.006	0.979	0.000	0.369	0.610
22	T	0.004	0.976	0.000	0.042	0.934
23	A	0.100	0.875	0.000	0.033	0.842
24	I	0.376	0.499	0.000	0.026	0.473
25	E	0.000	0.499	0.000	0.003	0.496
26	C	0.000	0.499	0.000	0.003	0.496
27	T	0.430	0.069	0.000	0.002	0.067
28	V	0.002	0.067	0.000	0.000	0.066
29	P	0.000	0.067	0.000	0.000	0.067
30	S	0.017	0.049	0.000	0.000	0.049
31	T	0.005	0.044	0.000	0.000	0.044
32	A	0.001	0.044	0.000	0.000	0.044
33	L	0.039	0.005	0.000	0.000	0.005
34	P	0.001	0.004	0.000	0.000	0.004
35	T	0.003	0.001	0.000	0.000	0.001
36	I	0.000	0.001	0.000	0.000	0.001
37	S	0.000	0.001	0.000	0.000	0.001
38	R	0.001	0.000	0.000	0.000	0.000
39	D	0.000	0.000	0.000	0.000	0.000
40	L	0.000	0.000	0.000	0.000	0.000
>XP_001399989.1
pos	aa	C	S	n-reg	h-reg	c-reg
1	M	0.000	0.992	0.992	0.000	0.000
2	H	0.000	0.992	0.992	0.000	0.000
3	Y	0.000	0.992	0.990	0.002	0.000
4	S	0.000	0.992	0.986	0.006	0.000
5	K	0.000	0.992	0.982	0.010	0.000
6	L	0.000	0.992	0.024	0.969	0.000
7	F	0.000	0.992	0.004	0.988	0.000
8	L	0.000	0.992	0.000	0.992	0.000
9	T	0.000	0.992	0.000	0.992	0.000
10	A	0.000	0.992	0.000	0.992	0.000
11	L	0.000	0.992	0.000	0.992	0.000
12	A	0.000	0.992	0.000	0.991	0.001
13	A	0.000	0.992	0.000	0.987	0.005
14	G	0.000	0.992	0.000	0.085	0.908
15	T	0.000	0.992	0.000	0.056	0.936
16	A	0.000	0.992	0.000	0.011	0.982
17	I	0.003	0.989	0.000	0.005	0.984
18	A	0.000	0.989	0.000	0.000	0.989
19	H	0.922	0.067	0.000	0.000	0.067
20	P	0.000	0.067	0.000	0.000	0.067
21	G	0.066	0.000	0.000	0.000	0.000
22	P	0.000	0.000	0.000	0.000	0.000
23	Y	0.000	0.000	0.000	0.000	0.000
24	D	0.000	0.000	0.000	0.000	0.000
25	I	0.000	0.000	0.000	0.000	0.000
26	L	0.000	0.000	0.000	0.000	0.000
27	P	0.000	0.000	0.000	0.000	0.000
28	R	0.000	0.000	0.000	0.000	0.000
29	A	0.000	0.000	0.000	0.000	0.000
30	E	0.000	0.000	0.000	0.000	0.000
31	I	0.000	0.000	0.000	0.000	0.000
32	Q	0.000	0.000	0.000	0.000	0.000
33	R	0.000	0.000	0.000	0.000	0.000
34	R	0.000	0.000	0.000	0.000	0.000
35	S	0.000	0.000	0.000	0.000	0.000
36	D	0.000	0.000	0.000	0.000	0.000
37	M	0.000	0.000	0.000	0.000	0.000
38	A	0.000	0.000	0.000	0.000	0.000
39	K	0.000	0.000	0.000	0.000	0.000
40	R	0.000	0.000	0.000	0.000	0.000
>XP_001400009.1
pos	aa	C	S	n-reg	h-reg	c-reg
1	M	0.000	0.226	0.226	0.000	0.000
2	Q	0.000	0.226	0.226	0.000	0.000
3	I	0.000	0.226	0.085	0.141	0.000
4	L	0.000	0.226	0.016	0.210	0.000
5	I	0.000	0.226	0.001	0.226	0.000
6	T	0.000	0.226	0.000	0.226	0.000
7	G	0.000	0.226	0.000	0.226	0.000
8	A	0.000	0.226	0.000	0.226	0.000
9	A	0.000	0.226	0.000	0.226	0.000
10	G	0.000	0.226	0.000	0.226	0.001
11	F	0.000	0.226	0.000	0.205	0.022
12	I	0.000	0.226	0.000	0.180	0.047
13	G	0.000	0.226	0.000	0.009	0.217
14	Q	0.000	0.226	0.000	0.001	0.225
15	L	0.000	0.226	0.000	0.000	0.226
16	L	0.001	0.226	0.000	0.000	0.225
17	A	0.000	0.225	0.000	0.000	0.225
18	K	0.225	0.001	0.000	0.000	0.001
19	E	0.000	0.001	0.000	0.000	0.001
20	L	0.000	0.001	0.000	0.000	0.001
21	L	0.000	0.000	0.000	0.000	0.000
22	N	0.000	0.000	0.000	0.000	0.000
23	D	0.000	0.000	0.000	0.000	0.000
24	P	0.000	0.000	0.000	0.000	0.000
25	S	0.000	0.000	0.000	0.000	0.000
26	Y	0.000	0.000	0.000	0.000	0.000
27	I	0.000	0.000	0.000	0.000	0.000
28	V	0.000	0.000	0.000	0.000	0.000
29	T	0.000	0.000	0.000	0.000	0.000
30	L	0.000	0.000	0.000	0.000	0.000
31	T	0.000	0.000	0.000	0.000	0.000
32	D	0.000	0.000	0.000	0.000	0.000
33	I	0.000	0.000	0.000	0.000	0.000
34	N	0.000	0.000	0.000	0.000	0.000
35	E	0.000	0.000	0.000	0.000	0.000
36	P	0.000	0.000	0.000	0.000	0.000
37	P	0.000	0.000	0.000	0.000	0.000
38	I	0.000	0.000	0.000	0.000	0.000
39	P	0.000	0.000	0.000	0.000	0.000
40	T	0.000	0.000	0.000	0.000	0.000
>XP_001400023.1
pos	aa	C	S	n-reg	h-reg	c-reg
1	M	0.000	0.994	0.994	0.000	0.000
2	H	0.000	0.994	0.994	0.000	0.000
3	T	0.000	0.994	0.514	0.480	0.000
4	L	0.000	0.994	0.105	0.889	0.000
5	L	0.000	0.994	0.032	0.962	0.000
6	V	0.000	0.994	0.008	0.986	0.000
7	L	0.000	0.994	0.001	0.992	0.000
8	S	0.000	0.994	0.001	0.993	0.000
9	T	0.000	0.994	0.001	0.993	0.000
10	L	0.000	0.994	0.000	0.993	0.000
11	S	0.000	0.994	0.000	0.747	0.247
12	L	0.000	0.994	0.000	0.684	0.309
13	A	0.000	0.994	0.000	0.453	0.540
14	A	0.004	0.990	0.000	0.284	0.706
15	A	0.004	0.986	0.000	0.081	0.905
16	T	0.252	0.734	0.000	0.014	0.720
17	S	0.028	0.706	0.000	0.009	0.697
18	T	0.198	0.508	0.000	0.000	0.507
19	T	0.143	0.364	0.000	0.000	0.364
20	T	0.143	0.222	0.000	0.000	0.222
21	N	0.060	0.162	0.000	0.000	0.162
22	G	0.000	0.162	0.000	0.000	0.162
23	D	0.140	0.022	0.000	0.000	0.022
24	L	0.000	0.022	0.000	0.000	0.022
25	G	0.001	0.021	0.000	0.000	0.021
26	Y	0.001	0.020	0.000	0.000	0.020
27	L	0.000	0.020	0.000	0.000	0.020
28	Q	0.000	0.020	0.000	0.000	0.020
29	C	0.000	0.020	0.000	0.000	0.020
30	A	0.001	0.019	0.000	0.000	0.019
31	S	0.000	0.019	0.000	0.000	0.019
32	S	0.000	0.019	0.000	0.000	0.019
33	I	0.001	0.018	0.000	0.000	0.018
34	A	0.000	0.018	0.000	0.000	0.018
35	E	0.002	0.016	0.000	0.000	0.016
36	A	0.000	0.016	0.000	0.000	0.016
37	Y	0.013	0.003	0.000	0.000	0.003
38	P	0.000	0.003	0.000	0.000	0.003
39	R	0.001	0.002	0.000	0.000	0.002
40	S	0.000	0.002	0.000	0.000	0.002
>XP_001400036.1
pos	aa	C	S	n-reg	h-reg	c-reg
1	M	0.000	0.915	0.915	0.000	0.000
2	R	0.000	0.915	0.915	0.000	0.000
3	A	0.000	0.915	0.712	0.203	0.000
4	V	0.000	0.915	0.444	0.471	0.000
5	V	0.000	0.915	0.362	0.553	0.000
6	P	0.000	0.915	0.303	0.612	0.000
7	L	0.000	0.915	0.053	0.862	0.000
8	Y	0.000	0.915	0.030	0.885	0.000
9	L	0.000	0.915	0.005	0.910	0.000
10	L	0.000	0.915	0.001	0.914	0.000
11	S	0.000	0.915	0.000	0.913	0.002
12	V	0.000	0.915	0.000	0.912	0.003
13	A	0.000	0.915	0.000	0.842	0.074
14	L	0.000	0.915	0.000	0.692	0.223
15	W	0.000	0.915	0.000	0.344	0.571
16	P	0.000	0.915	0.000	0.167	0.749
17	L	0.000	0.915	0.000	0.101	0.814
18	A	0.000	0.915	0.000	0.052	0.864
19	A	0.001	0.914	0.000	0.005	0.909
20	L	0.035	0.879	0.000	0.004	0.875
21	A	0.047	0.832	0.000	0.001	0.831
22	H	0.772	0.060	0.000	0.000	0.060
23	P	0.000	0.060	0.000	0.000	0.060
24	K	0.054	0.006	0.000	0.000	0.006
25	G	0.000	0.006	0.000	0.000	0.006
26	L	0.001	0.004	0.000	0.000	0.004
27	W	0.000	0.004	0.000	0.000	0.004
28	W	0.000	0.004	0.000	0.000	0.004
29	G	0.000	0.004	0.000	0.000	0.004
30	T	0.004	0.000	0.000	0.000	0.000
31	D	0.000	0.000	0.000	0.000	0.000
32	E	0.000	0.000	0.000	0.000	0.000
33	C	0.000	0.000	0.000	0.000	0.000
34	Y	0.000	0.000	0.000	0.000	0.000
35	T	0.000	0.000	0.000	0.000	0.000
36	S	0.000	0.000	0.000	0.000	0.000
37	P	0.000	0.000	0.000	0.000	0.000
38	G	0.000	0.000	0.000	0.000	0.000
39	K	0.000	0.000	0.000	0.000	0.000
40	A	0.000	0.000	0.000	0.000	0.000
>XP_001400041.1
pos	aa	C	S	n-reg	h-reg	c-reg
1	M	0.000	0.912	0.912	0.000	0.000
2	V	0.000	0.912	0.912	0.000	0.000
3	K	0.000	0.912	0.912	0.000	0.000
4	T	0.000	0.912	0.912	0.000	0.000
5	R	0.000	0.912	0.912	0.000	0.000
6	W	0.000	0.912	0.893	0.020	0.000
7	S	0.000	0.912	0.852	0.061	0.000
8	S	0.000	0.912	0.802	0.110	0.000
9	S	0.000	0.912	0.689	0.223	0.000
10	A	0.000	0.912	0.489	0.424	0.000
11	T	0.000	0.912	0.301	0.611	0.000
12	A	0.000	0.912	0.115	0.797	0.000
13	L	0.000	0.912	0.039	0.874	0.000
14	S	0.000	0.912	0.024	0.887	0.001
15	L	0.000	0.912	0.001	0.910	0.002
16	L	0.000	0.912	0.000	0.908	0.004
17	L	0.000	0.912	0.000	0.894	0.018
18	N	0.000	0.912	0.000	0.770	0.142
19	T	0.000	0.912	0.000	0.651	0.261
20	F	0.001	0.911	0.000	0.493	0.418
21	Y	0.000	0.911	0.000	0.362	0.549
22	A	0.000	0.911	0.000	0.279	0.632
23	P	0.014	0.897	0.000	0.007	0.890
24	T	0.000	0.897	0.000	0.004	0.893
25	V	0.002	0.895	0.000	0.003	0.892
26	S	0.000	0.895	0.000	0.001	0.894
27	A	0.114	0.781	0.000	0.000	0.780
28	I	0.765	0.015	0.000	0.000	0.015
29	Q	0.000	0.015	0.000	0.000	0.015
30	T	0.001	0.015	0.000	0.000	0.015
31	I	0.008	0.007	0.000	0.000	0.007
32	S	0.000	0.007	0.000	0.000	0.007
33	A	0.001	0.006	0.000	0.000	0.006
34	V	0.006	0.001	0.000	0.000	0.001
35	G	0.000	0.001	0.000	0.000	0.001
36	S	0.000	0.001	0.000	0.000	0.001
37	K	0.001	0.000	0.000	0.000	0.000
38	F	0.000	0.000	0.000	0.000	0.000
39	F	0.000	0.000	0.000	0.000	0.000
40	Y	0.000	0.000	0.000	0.000	0.000
>XP_001400045.2
pos	aa	C	S	n-reg	h-reg	c-reg
1	M	0.000	0.187	0.187	0.000	0.000
2	R	0.000	0.947	0.947	0.000	0.000
3	P	0.000	0.947	0.947	0.000	0.000
4	S	0.000	0.947	0.947	0.000	0.000
5	T	0.000	0.947	0.947	0.000	0.000
6	R	0.000	0.947	0.947	0.000	0.000
7	S	0.000	0.947	0.947	0.000	0.000
8	G	0.000	0.947	0.947	0.000	0.000
9	Q	0.000	0.947	0.947	0.000	0.000
10	G	0.000	0.947	0.946	0.001	0.000
11	P	0.000	0.947	0.946	0.001	0.000
12	L	0.000	0.947	0.946	0.001	0.000
13	Q	0.000	0.947	0.946	0.001	0.000
14	L	0.000	0.947	0.945	0.002	0.000
15	L	0.000	0.947	0.945	0.002	0.000
16	G	0.000	0.947	0.945	0.001	0.000
17	C	0.000	0.947	0.945	0.001	0.000
18	C	0.000	0.947	0.945	0.001	0.001
19	R	0.000	0.947	0.945	0.001	0.001
20	S	0.000	0.947	0.945	0.001	0.001
21	L	0.000	0.947	0.945	0.001	0.001
22	L	0.000	0.947	0.945	0.001	0.001
23	C	0.000	0.947	0.945	0.000	0.001
24	P	0.000	0.947	0.945	0.000	0.001
25	A	0.000	0.946	0.945	0.000	0.001
26	R	0.001	0.946	0.945	0.000	0.000
27	I	0.000	0.946	0.945	0.000	0.000
28	T	0.000	0.946	0.945	0.000	0.000
29	P	0.000	0.946	0.945	0.000	0.000
30	R	0.000	0.945	0.944	0.001	0.000
31	I	0.000	0.945	0.293	0.653	0.000
32	L	0.000	0.945	0.093	0.852	0.000
33	V	0.000	0.945	0.026	0.919	0.000
34	I	0.000	0.945	0.009	0.936	0.000
35	Y	0.000	0.945	0.004	0.941	0.000
36	C	0.000	0.945	0.002	0.944	0.000
37	C	0.000	0.945	0.000	0.945	0.000
38	F	0.000	0.945	0.000	0.945	0.000
39	F	0.000	0.945	0.000	0.943	0.002
40	L	0.000	0.945	0.000	0.937	0.008
>XP_001400060.1
pos	aa	C	S	n-reg	h-reg	c-reg
1	M	0.000	0.926	0.926	0.000	0.000
2	K	0.000	0.926	0.926	0.000	0.000
3	S	0.000	0.926	0.701	0.225	0.000
4	F	0.000	0.926	0.282	0.644	0.000
5	L	0.000	0.926	0.118	0.807	0.000
6	L	0.000	0.926	0.073	0.853	0.000
7	A	0.000	0.926	0.060	0.865	0.000
8	G	0.000	0.926	0.051	0.875	0.000
9	L	0.000	0.926	0.024	0.902	0.000
10	I	0.000	0.926	0.012	0.914	0.000
11	A	0.000	0.926	0.008	0.840	0.078
12	T	0.000	0.926	0.006	0.701	0.219
13	G	0.000	0.926	0.004	0.354	0.567
14	S	0.002	0.924	0.000	0.266	0.658
15	A	0.002	0.922	0.000	0.233	0.689
16	I	0.070	0.852	0.000	0.127	0.725
17	G	0.000	0.852	0.000	0.087	0.765
18	A	0.250	0.601	0.000	0.062	0.540
19	V	0.034	0.568	0.000	0.049	0.518
20	A	0.000	0.568	0.000	0.030	0.537
21	S	0.397	0.171	0.000	0.020	0.150
22	P	0.049	0.121	0.000	0.000	0.121
23	R	0.011	0.111	0.000	0.000	0.111
24	V	0.000	0.111	0.000	0.000	0.111
25	H	0.000	0.111	0.000	0.000	0.111
26	A	0.000	0.111	0.000	0.000	0.111
27	S	0.111	0.000	0.000	0.000	0.000
28	P	0.000	0.000	0.000	0.000	0.000
29	K	0.000	0.000	0.000	0.000	0.000
30	G	0.000	0.000	0.000	0.000	0.000
31	S	0.000	0.000	0.000	0.000	0.000
32	S	0.000	0.000	0.000	0.000	0.000
33	Y	0.000	0.000	0.000	0.000	0.000
34	D	0.000	0.000	0.000	0.000	0.000
35	Y	0.000	0.000	0.000	0.000	0.000
36	I	0.000	0.000	0.000	0.000	0.000
37	I	0.000	0.000	0.000	0.000	0.000
38	V	0.000	0.000	0.000	0.000	0.000
39	G	0.000	0.000	0.000	0.000	0.000
40	G	0.000	0.000	0.000	0.000	0.000
>XP_001400072.2
pos	aa	C	S	n-reg	h-reg	c-reg
1	M	0.000	0.378	0.378	0.000	0.000
2	N	0.000	0.452	0.452	0.000	0.000
3	I	0.000	0.452	0.452	0.000	0.000
4	P	0.000	0.452	0.452	0.000	0.000
5	Q	0.000	0.452	0.452	0.000	0.000
6	G	0.000	0.452	0.452	0.000	0.000
7	L	0.000	0.452	0.452	0.000	0.000
8	P	0.000	0.452	0.452	0.000	0.000
9	T	0.000	0.452	0.451	0.000	0.000
10	L	0.000	0.452	0.451	0.001	0.000
11	K	0.000	0.452	0.451	0.001	0.000
12	W	0.000	0.452	0.451	0.001	0.000
13	S	0.000	0.452	0.451	0.001	0.000
14	G	0.000	0.452	0.451	0.001	0.000
15	I	0.000	0.452	0.450	0.002	0.000
16	V	0.000	0.452	0.450	0.002	0.000
17	S	0.000	0.452	0.450	0.002	0.000
18	I	0.000	0.452	0.449	0.003	0.000
19	G	0.000	0.452	0.449	0.003	0.001
20	L	0.000	0.452	0.447	0.004	0.001
21	T	0.000	0.452	0.447	0.004	0.001
22	R	0.000	0.452	0.446	0.004	0.001
23	G	0.000	0.452	0.338	0.112	0.001
24	A	0.001	0.451	0.148	0.302	0.000
25	F	0.000	0.451	0.059	0.392	0.000
26	V	0.000	0.451	0.020	0.430	0.001
27	C	0.000	0.451	0.004	0.445	0.001
28	L	0.000	0.451	0.002	0.447	0.001
29	F	0.000	0.451	0.001	0.448	0.002
30	A	0.000	0.451	0.001	0.448	0.002
31	I	0.000	0.450	0.000	0.442	0.009
32	F	0.000	0.450	0.000	0.426	0.024
33	V	0.000	0.450	0.000	0.405	0.045
34	V	0.000	0.450	0.000	0.379	0.072
35	A	0.000	0.450	0.000	0.105	0.346
36	Y	0.029	0.421	0.000	0.079	0.342
37	V	0.000	0.421	0.000	0.076	0.345
38	V	0.000	0.420	0.000	0.074	0.345
39	G	0.000	0.418	0.000	0.071	0.347
40	L	0.336	0.080	0.000	0.069	0.011
>XP_001400080.2
pos	aa	C	S	n-reg	h-reg	c-reg
1	M	0.000	0.086	0.086	0.000	0.000
2	I	0.000	0.662	0.662	0.000	0.000
3	E	0.000	0.662	0.662	0.000	0.000
4	F	0.000	0.662	0.662	0.000	0.000
5	K	0.000	0.662	0.662	0.000	0.000
6	G	0.000	0.662	0.662	0.000	0.000
7	R	0.000	0.662	0.662	0.000	0.000
8	S	0.000	0.662	0.661	0.000	0.000
9	E	0.000	0.662	0.661	0.001	0.000
10	S	0.000	0.662	0.522	0.140	0.000
11	I	0.000	0.662	0.201	0.460	0.000
12	F	0.000	0.662	0.097	0.565	0.000
13	I	0.000	0.662	0.047	0.615	0.000
14	V	0.000	0.662	0.030	0.632	0.000
15	T	0.000	0.662	0.024	0.637	0.000
16	V	0.000	0.662	0.020	0.642	0.000
17	V	0.000	0.662	0.018	0.644	0.000
18	F	0.000	0.662	0.017	0.644	0.000
19	L	0.000	0.662	0.017	0.642	0.002
20	G	0.000	0.662	0.017	0.637	0.008
21	I	0.000	0.662	0.017	0.633	0.012
22	S	0.000	0.660	0.017	0.612	0.031
23	F	0.001	0.655	0.016	0.581	0.058
24	I	0.000	0.646	0.016	0.561	0.069
25	A	0.000	0.622	0.016	0.532	0.074
26	V	0.002	0.592	0.016	0.498	0.078
27	C	0.000	0.522	0.016	0.425	0.080
28	L	0.042	0.371	0.016	0.316	0.039
29	R	0.009	0.049	0.016	0.001	0.031
30	C	0.000	0.049	0.016	0.001	0.031
31	F	0.021	0.027	0.016	0.001	0.010
32	V	0.000	0.027	0.016	0.001	0.010
33	R	0.000	0.027	0.016	0.000	0.011
34	L	0.000	0.027	0.016	0.000	0.011
35	R	0.002	0.026	0.016	0.000	0.009
36	L	0.000	0.026	0.016	0.000	0.009
37	V	0.000	0.025	0.016	0.000	0.009
38	R	0.000	0.025	0.016	0.000	0.009
39	A	0.000	0.025	0.016	0.000	0.009
40	F	0.007	0.018	0.016	0.000	0.002
>XP_001400098.1
pos	aa	C	S	n-reg	h-reg	c-reg
1	M	0.000	0.994	0.994	0.000	0.000
2	L	0.000	0.994	0.994	0.000	0.000
3	K	0.000	0.994	0.989	0.005	0.000
4	L	0.000	0.994	0.227	0.767	0.000
5	A	0.000	0.994	0.049	0.945	0.000
6	V	0.000	0.994	0.010	0.984	0.000
7	A	0.000	0.994	0.001	0.993	0.000
8	L	0.000	0.994	0.000	0.994	0.000
9	F	0.000	0.994	0.000	0.994	0.000
10	S	0.000	0.994	0.000	0.994	0.000
11	L	0.000	0.994	0.000	0.994	0.000
12	L	0.000	0.994	0.000	0.962	0.032
13	A	0.000	0.994	0.000	0.202	0.792
14	V	0.000	0.994	0.000	0.133	0.861
15	G	0.000	0.994	0.000	0.016	0.978
16	N	0.003	0.991	0.000	0.001	0.990
17	A	0.000	0.991	0.000	0.001	0.990
18	A	0.931	0.060	0.000	0.001	0.059
19	P	0.002	0.058	0.000	0.000	0.058
20	T	0.034	0.024	0.000	0.000	0.024
21	K	0.008	0.016	0.000	0.000	0.016
22	V	0.000	0.016	0.000	0.000	0.016
23	A	0.000	0.016	0.000	0.000	0.016
24	R	0.012	0.004	0.000	0.000	0.004
25	S	0.000	0.004	0.000	0.000	0.004
26	T	0.001	0.003	0.000	0.000	0.003
27	A	0.000	0.003	0.000	0.000	0.003
28	S	0.003	0.000	0.000	0.000	0.000
29	P	0.000	0.000	0.000	0.000	0.000
30	T	0.000	0.000	0.000	0.000	0.000
31	A	0.000	0.000	0.000	0.000	0.000
32	K	0.000	0.000	0.000	0.000	0.000
33	V	0.000	0.000	0.000	0.000	0.000
34	R	0.000	0.000	0.000	0.000	0.000
35	N	0.000	0.000	0.000	0.000	0.000
36	G	0.000	0.000	0.000	0.000	0.000
37	T	0.000	0.000	0.000	0.000	0.000
38	Y	0.000	0.000	0.000	0.000	0.000
39	V	0.000	0.000	0.000	0.000	0.000
40	G	0.000	0.000	0.000	0.000	0.000
>XP_001400109.2
pos	aa	C	S	n-reg	h-reg	c-reg
1	M	0.000	0.001	0.001	0.000	0.000
2	G	0.000	0.001	0.001	0.000	0.000
3	V	0.000	0.001	0.001	0.000	0.000
4	P	0.000	0.001	0.000	0.000	0.000
5	L	0.000	0.001	0.000	0.001	0.000
6	F	0.000	0.001	0.000	0.001	0.000
7	L	0.000	0.001	0.000	0.001	0.000
8	R	0.000	0.001	0.000	0.001	0.000
9	S	0.000	0.001	0.000	0.001	0.000
10	A	0.000	0.001	0.000	0.001	0.000
11	L	0.000	0.001	0.000	0.001	0.000
12	L	0.000	0.001	0.000	0.001	0.000
13	P	0.000	0.001	0.000	0.000	0.001
14	C	0.000	0.001	0.000	0.000	0.001
15	R	0.000	0.001	0.000	0.000	0.001
16	A	0.000	0.001	0.000	0.000	0.001
17	V	0.001	0.000	0.000	0.000	0.000
18	P	0.000	0.000	0.000	0.000	0.000
19	G	0.000	0.000	0.000	0.000	0.000
20	A	0.000	0.000	0.000	0.000	0.000
21	Y	0.000	0.000	0.000	0.000	0.000
22	P	0.000	0.000	0.000	0.000	0.000
23	R	0.000	0.000	0.000	0.000	0.000
24	E	0.000	0.000	0.000	0.000	0.000
25	S	0.000	0.000	0.000	0.000	0.000
26	R	0.000	0.000	0.000	0.000	0.000
27	S	0.000	0.000	0.000	0.000	0.000
28	I	0.000	0.000	0.000	0.000	0.000
29	V	0.000	0.000	0.000	0.000	0.000
30	E	0.000	0.000	0.000	0.000	0.000
31	T	0.000	0.000	0.000	0.000	0.000
32	T	0.000	0.000	0.000	0.000	0.000
33	L	0.000	0.000	0.000	0.000	0.000
34	V	0.000	0.000	0.000	0.000	0.000
35	Q	0.000	0.000	0.000	0.000	0.000
36	L	0.000	0.000	0.000	0.000	0.000
37	R	0.000	0.000	0.000	0.000	0.000
38	C	0.000	0.000	0.000	0.000	0.000
39	V	0.000	0.000	0.000	0.000	0.000
40	G	0.000	0.000	0.000	0.000	0.000
>XP_001400117.1
pos	aa	C	S	n-reg	h-reg	c-reg
1	M	0.000	1.000	1.000	0.000	0.000
2	R	0.000	1.000	1.000	0.000	0.000
3	F	0.000	1.000	0.851	0.149	0.000
4	S	0.000	1.000	0.659	0.341	0.000
5	I	0.000	1.000	0.405	0.595	0.000
6	I	0.000	1.000	0.262	0.738	0.000
7	S	0.000	1.000	0.203	0.797	0.000
8	V	0.000	1.000	0.134	0.866	0.000
9	S	0.000	1.000	0.110	0.890	0.000
10	L	0.000	1.000	0.029	0.971	0.000
11	L	0.000	1.000	0.010	0.987	0.003
12	S	0.000	1.000	0.007	0.951	0.042
13	L	0.000	1.000	0.002	0.917	0.081
14	F	0.000	1.000	0.001	0.823	0.176
15	A	0.000	1.000	0.000	0.681	0.319
16	S	0.000	1.000	0.000	0.243	0.756
17	S	0.000	1.000	0.000	0.203	0.797
18	A	0.003	0.997	0.000	0.165	0.832
19	L	0.025	0.972	0.000	0.135	0.837
20	A	0.008	0.964	0.000	0.108	0.856
21	V	0.591	0.373	0.000	0.082	0.291
22	P	0.000	0.373	0.000	0.006	0.367
23	A	0.016	0.357	0.000	0.003	0.354
24	A	0.071	0.286	0.000	0.002	0.285
25	S	0.005	0.282	0.000	0.000	0.281
26	G	0.048	0.234	0.000	0.000	0.234
27	T	0.170	0.064	0.000	0.000	0.064
28	L	0.011	0.053	0.000	0.000	0.052
29	S	0.001	0.052	0.000	0.000	0.052
30	C	0.034	0.017	0.000	0.000	0.017
31	S	0.011	0.006	0.000	0.000	0.006
32	D	0.004	0.003	0.000	0.000	0.003
33	V	0.000	0.003	0.000	0.000	0.003
34	N	0.000	0.003	0.000	0.000	0.003
35	S	0.000	0.003	0.000	0.000	0.003
36	Q	0.002	0.001	0.000	0.000	0.001
37	L	0.000	0.001	0.000	0.000	0.001
38	S	0.000	0.000	0.000	0.000	0.000
39	G	0.000	0.000	0.000	0.000	0.000
40	Y	0.000	0.000	0.000	0.000	0.000
>XP_001400122.1
pos	aa	C	S	n-reg	h-reg	c-reg
1	M	0.000	0.410	0.410	0.000	0.000
2	A	0.000	0.511	0.511	0.000	0.000
3	V	0.000	0.511	0.511	0.000	0.000
4	A	0.000	0.511	0.511	0.000	0.000
5	R	0.000	0.511	0.511	0.000	0.000
6	P	0.000	0.511	0.511	0.000	0.000
7	I	0.000	0.511	0.510	0.001	0.000
8	R	0.000	0.511	0.510	0.002	0.000
9	M	0.000	0.511	0.389	0.122	0.000
10	L	0.000	0.511	0.251	0.260	0.000
11	G	0.000	0.511	0.212	0.299	0.000
12	A	0.000	0.511	0.136	0.375	0.000
13	S	0.000	0.511	0.089	0.422	0.000
14	C	0.000	0.511	0.022	0.489	0.000
15	I	0.000	0.511	0.006	0.505	0.000
16	I	0.000	0.511	0.001	0.510	0.000
17	L	0.000	0.511	0.000	0.510	0.001
18	I	0.000	0.511	0.000	0.508	0.003
19	L	0.000	0.511	0.000	0.505	0.006
20	F	0.000	0.511	0.000	0.405	0.106
21	L	0.000	0.510	0.000	0.333	0.176
22	I	0.003	0.500	0.000	0.230	0.270
23	F	0.000	0.481	0.000	0.183	0.298
24	Q	0.000	0.428	0.000	0.066	0.362
25	M	0.258	0.161	0.000	0.030	0.132
26	N	0.000	0.150	0.000	0.001	0.149
27	K	0.000	0.150	0.000	0.000	0.150
28	T	0.000	0.150	0.000	0.000	0.150
29	P	0.028	0.121	0.000	0.000	0.121
30	I	0.022	0.100	0.000	0.000	0.100
31	S	0.000	0.100	0.000	0.000	0.100
32	I	0.042	0.058	0.000	0.000	0.058
33	S	0.000	0.058	0.000	0.000	0.058
34	K	0.054	0.004	0.000	0.000	0.004
35	G	0.000	0.004	0.000	0.000	0.004
36	P	0.004	0.001	0.000	0.000	0.001
37	Y	0.000	0.001	0.000	0.000	0.001
38	A	0.000	0.001	0.000	0.000	0.001
39	T	0.000	0.000	0.000	0.000	0.000
40	Q	0.000	0.000	0.000	0.000	0.000
>XP_001400138.1
pos	aa	C	S	n-reg	h-reg	c-reg
1	M	0.000	0.033	0.033	0.000	0.000
2	A	0.000	0.918	0.918	0.000	0.000
3	L	0.000	0.918	0.918	0.000	0.000
4	S	0.000	0.918	0.918	0.000	0.000
5	G	0.000	0.918	0.918	0.000	0.000
6	C	0.000	0.918	0.918	0.000	0.000
7	S	0.000	0.918	0.918	0.000	0.000
8	R	0.000	0.918	0.918	0.000	0.000
9	W	0.000	0.918	0.918	0.000	0.000
10	R	0.000	0.918	0.918	0.000	0.000
11	L	0.000	0.918	0.918	0.000	0.000
12	R	0.000	0.918	0.918	0.000	0.000
13	Q	0.000	0.918	0.913	0.005	0.000
14	S	0.000	0.918	0.886	0.033	0.000
15	Y	0.000	0.918	0.824	0.094	0.000
16	H	0.000	0.918	0.772	0.146	0.000
17	L	0.000	0.918	0.411	0.507	0.000
18	C	0.000	0.918	0.259	0.660	0.000
19	L	0.000	0.918	0.136	0.782	0.000
20	F	0.000	0.918	0.085	0.834	0.000
21	Y	0.000	0.918	0.060	0.858	0.000
22	I	0.000	0.918	0.037	0.882	0.000
23	T	0.000	0.918	0.029	0.889	0.000
24	G	0.000	0.918	0.020	0.898	0.001
25	F	0.000	0.918	0.006	0.911	0.001
26	L	0.000	0.918	0.002	0.915	0.001
27	S	0.000	0.918	0.001	0.915	0.002
28	F	0.000	0.918	0.000	0.916	0.002
29	L	0.000	0.918	0.000	0.914	0.004
30	C	0.001	0.916	0.000	0.909	0.007
31	I	0.001	0.913	0.000	0.906	0.007
32	I	0.000	0.907	0.000	0.899	0.008
33	V	0.000	0.893	0.000	0.880	0.013
34	I	0.000	0.857	0.000	0.842	0.015
35	W	0.000	0.769	0.000	0.752	0.017
36	Y	0.000	0.656	0.000	0.626	0.030
37	C	0.000	0.559	0.000	0.528	0.031
38	V	0.014	0.397	0.000	0.380	0.018
39	N	0.000	0.031	0.000	0.014	0.018
40	T	0.000	0.024	0.000	0.006	0.018
>XP_001400139.2
pos	aa	C	S	n-reg	h-reg	c-reg
1	M	0.000	0.006	0.006	0.000	0.000
2	V	0.000	0.006	0.006	0.000	0.000
3	S	0.000	0.006	0.006	0.000	0.000
4	G	0.000	0.006	0.006	0.000	0.000
5	S	0.000	0.006	0.006	0.000	0.000
6	G	0.000	0.006	0.005	0.000	0.000
7	V	0.000	0.006	0.005	0.000	0.000
8	V	0.000	0.006	0.005	0.000	0.000
9	T	0.000	0.006	0.005	0.000	0.000
10	S	0.000	0.006	0.005	0.001	0.000
11	A	0.000	0.006	0.005	0.001	0.000
12	N	0.000	0.006	0.004	0.001	0.000
13	S	0.000	0.006	0.003	0.003	0.000
14	F	0.000	0.006	0.001	0.004	0.000
15	T	0.000	0.006	0.001	0.005	0.000
16	V	0.000	0.006	0.000	0.005	0.000
17	L	0.000	0.006	0.000	0.005	0.000
18	A	0.000	0.006	0.000	0.005	0.000
19	L	0.000	0.006	0.000	0.005	0.000
20	I	0.000	0.006	0.000	0.005	0.000
21	A	0.000	0.005	0.000	0.005	0.001
22	L	0.000	0.005	0.000	0.003	0.002
23	V	0.000	0.005	0.000	0.002	0.003
24	T	0.000	0.005	0.000	0.001	0.004
25	Q	0.001	0.005	0.000	0.000	0.004
26	P	0.000	0.005	0.000	0.000	0.004
27	I	0.003	0.001	0.000	0.000	0.001
28	Q	0.000	0.001	0.000	0.000	0.001
29	V	0.000	0.001	0.000	0.000	0.001
30	F	0.000	0.001	0.000	0.000	0.001
31	V	0.000	0.001	0.000	0.000	0.001
32	H	0.000	0.001	0.000	0.000	0.001
33	G	0.000	0.001	0.000	0.000	0.001
34	I	0.001	0.000	0.000	0.000	0.000
35	T	0.000	0.000	0.000	0.000	0.000
36	Q	0.000	0.000	0.000	0.000	0.000
37	V	0.000	0.000	0.000	0.000	0.000
38	G	0.000	0.000	0.000	0.000	0.000
39	V	0.000	0.000	0.000	0.000	0.000
40	A	0.000	0.000	0.000	0.000	0.000
>XP_001400161.2
pos	aa	C	S	n-reg	h-reg	c-reg
1	M	0.000	0.999	0.999	0.000	0.000
2	I	0.000	0.999	0.999	0.000	0.000
3	P	0.000	0.999	0.997	0.002	0.000
4	G	0.000	0.999	0.972	0.027	0.000
5	T	0.000	0.999	0.767	0.232	0.000
6	L	0.000	0.999	0.171	0.828	0.000
7	T	0.000	0.999	0.095	0.904	0.000
8	V	0.000	0.999	0.037	0.962	0.000
9	A	0.000	0.999	0.003	0.996	0.000
10	L	0.000	0.999	0.000	0.999	0.000
11	A	0.000	0.999	0.000	0.999	0.000
12	A	0.000	0.999	0.000	0.999	0.000
13	F	0.000	0.999	0.000	0.996	0.003
14	L	0.000	0.999	0.000	0.979	0.020
15	F	0.000	0.999	0.000	0.953	0.046
16	L	0.000	0.999	0.000	0.924	0.075
17	A	0.000	0.999	0.000	0.059	0.940
18	S	0.000	0.999	0.000	0.006	0.992
19	A	0.000	0.999	0.000	0.001	0.998
20	L	0.011	0.987	0.000	0.000	0.987
21	A	0.005	0.983	0.000	0.000	0.983
22	D	0.981	0.002	0.000	0.000	0.002
23	V	0.000	0.002	0.000	0.000	0.002
24	G	0.000	0.002	0.000	0.000	0.002
25	P	0.000	0.002	0.000	0.000	0.002
26	Y	0.002	0.000	0.000	0.000	0.000
27	F	0.000	0.000	0.000	0.000	0.000
28	D	0.000	0.000	0.000	0.000	0.000
29	S	0.000	0.000	0.000	0.000	0.000
30	E	0.000	0.000	0.000	0.000	0.000
31	R	0.000	0.000	0.000	0.000	0.000
32	Y	0.000	0.000	0.000	0.000	0.000
33	E	0.000	0.000	0.000	0.000	0.000
34	Q	0.000	0.000	0.000	0.000	0.000
35	G	0.000	0.000	0.000	0.000	0.000
36	G	0.000	0.000	0.000	0.000	0.000
37	M	0.000	0.000	0.000	0.000	0.000
38	G	0.000	0.000	0.000	0.000	0.000
39	P	0.000	0.000	0.000	0.000	0.000
40	W	0.000	0.000	0.000	0.000	0.000
>XP_001400184.1
pos	aa	C	S	n-reg	h-reg	c-reg
1	M	0.000	0.999	0.999	0.000	0.000
2	L	0.000	0.999	0.999	0.000	0.000
3	S	0.000	0.999	0.547	0.452	0.000
4	F	0.000	0.999	0.196	0.803	0.000
5	V	0.000	0.999	0.056	0.942	0.000
6	L	0.000	0.999	0.006	0.993	0.000
7	L	0.000	0.999	0.001	0.998	0.000
8	L	0.000	0.999	0.000	0.998	0.000
9	C	0.000	0.999	0.000	0.999	0.000
10	V	0.000	0.999	0.000	0.998	0.000
11	A	0.000	0.999	0.000	0.690	0.309
12	L	0.000	0.999	0.000	0.614	0.385
13	V	0.000	0.999	0.000	0.305	0.693
14	N	0.000	0.999	0.000	0.139	0.859
15	A	0.000	0.999	0.000	0.092	0.907
16	Y	0.478	0.521	0.000	0.030	0.491
17	S	0.000	0.521	0.000	0.005	0.516
18	D	0.257	0.264	0.000	0.000	0.264
19	P	0.000	0.264	0.000	0.000	0.264
20	G	0.015	0.249	0.000	0.000	0.249
21	A	0.001	0.248	0.000	0.000	0.248
22	C	0.001	0.247	0.000	0.000	0.247
23	S	0.041	0.206	0.000	0.000	0.206
24	G	0.037	0.169	0.000	0.000	0.169
25	T	0.080	0.089	0.000	0.000	0.089
26	C	0.000	0.089	0.000	0.000	0.089
27	W	0.000	0.088	0.000	0.000	0.088
28	A	0.000	0.088	0.000	0.000	0.088
29	H	0.088	0.000	0.000	0.000	0.000
30	D	0.000	0.000	0.000	0.000	0.000
31	P	0.000	0.000	0.000	0.000	0.000
32	N	0.000	0.000	0.000	0.000	0.000
33	V	0.000	0.000	0.000	0.000	0.000
34	I	0.000	0.000	0.000	0.000	0.000
35	R	0.000	0.000	0.000	0.000	0.000
36	R	0.000	0.000	0.000	0.000	0.000
37	V	0.000	0.000	0.000	0.000	0.000
38	S	0.000	0.000	0.000	0.000	0.000
39	D	0.000	0.000	0.000	0.000	0.000
40	G	0.000	0.000	0.000	0.000	0.000
>XP_001400185.1
pos	aa	C	S	n-reg	h-reg	c-reg
1	M	0.000	0.058	0.058	0.000	0.000
2	R	0.000	0.059	0.059	0.000	0.000
3	A	0.000	0.059	0.058	0.000	0.000
4	S	0.000	0.059	0.058	0.000	0.000
5	R	0.000	0.059	0.058	0.001	0.000
6	V	0.000	0.059	0.047	0.012	0.000
7	G	0.000	0.059	0.042	0.016	0.000
8	A	0.000	0.059	0.040	0.019	0.000
9	Q	0.000	0.059	0.038	0.021	0.000
10	L	0.000	0.059	0.031	0.028	0.000
11	P	0.000	0.059	0.030	0.029	0.000
12	I	0.000	0.059	0.024	0.034	0.000
13	E	0.000	0.059	0.024	0.034	0.000
14	L	0.000	0.059	0.018	0.039	0.002
15	T	0.000	0.059	0.016	0.030	0.012
16	L	0.000	0.059	0.015	0.030	0.013
17	L	0.000	0.059	0.015	0.029	0.015
18	A	0.000	0.058	0.015	0.024	0.019
19	A	0.003	0.056	0.015	0.020	0.020
20	E	0.011	0.045	0.015	0.011	0.019
21	Y	0.000	0.045	0.014	0.011	0.019
22	L	0.000	0.045	0.013	0.012	0.020
23	T	0.002	0.043	0.013	0.008	0.022
24	P	0.000	0.043	0.012	0.008	0.023
25	V	0.005	0.038	0.010	0.009	0.018
26	D	0.000	0.038	0.010	0.006	0.022
27	L	0.000	0.038	0.001	0.014	0.022
28	L	0.010	0.027	0.000	0.015	0.012
29	S	0.000	0.027	0.000	0.015	0.012
30	L	0.001	0.026	0.000	0.015	0.011
31	L	0.001	0.026	0.000	0.015	0.011
32	Y	0.000	0.026	0.000	0.014	0.012
33	A	0.000	0.025	0.000	0.012	0.013
34	V	0.005	0.021	0.000	0.012	0.009
35	P	0.000	0.021	0.000	0.006	0.014
36	G	0.000	0.021	0.000	0.002	0.018
37	L	0.000	0.020	0.000	0.002	0.018
38	V	0.000	0.020	0.000	0.001	0.020
39	R	0.000	0.020	0.000	0.000	0.020
40	S	0.000	0.020	0.000	0.000	0.020
>XP_001400199.1
pos	aa	C	S	n-reg	h-reg	c-reg
1	M	0.000	0.950	0.950	0.000	0.000
2	G	0.000	0.951	0.951	0.000	0.000
3	V	0.000	0.951	0.951	0.000	0.000
4	L	0.000	0.951	0.950	0.000	0.000
5	F	0.000	0.951	0.950	0.000	0.000
6	N	0.000	0.951	0.950	0.000	0.000
7	S	0.000	0.951	0.950	0.001	0.000
8	H	0.000	0.951	0.949	0.002	0.000
9	T	0.000	0.951	0.943	0.008	0.000
10	N	0.000	0.951	0.936	0.014	0.000
11	Q	0.000	0.951	0.788	0.163	0.000
12	L	0.000	0.951	0.106	0.845	0.000
13	L	0.000	0.951	0.024	0.927	0.000
14	L	0.000	0.951	0.005	0.945	0.000
15	L	0.000	0.951	0.000	0.951	0.000
16	V	0.000	0.951	0.000	0.950	0.001
17	A	0.000	0.951	0.000	0.949	0.002
18	V	0.000	0.951	0.000	0.948	0.003
19	L	0.000	0.951	0.000	0.932	0.019
20	A	0.000	0.951	0.000	0.843	0.107
21	A	0.002	0.949	0.000	0.801	0.148
22	L	0.001	0.948	0.000	0.782	0.166
23	T	0.003	0.946	0.000	0.037	0.908
24	F	0.061	0.884	0.000	0.012	0.872
25	V	0.000	0.884	0.000	0.000	0.884
26	T	0.000	0.884	0.000	0.000	0.884
27	S	0.003	0.880	0.000	0.000	0.880
28	R	0.880	0.000	0.000	0.000	0.000
29	I	0.000	0.000	0.000	0.000	0.000
30	R	0.000	0.000	0.000	0.000	0.000
31	R	0.000	0.000	0.000	0.000	0.000
32	Y	0.000	0.000	0.000	0.000	0.000
33	F	0.000	0.000	0.000	0.000	0.000
34	I	0.000	0.000	0.000	0.000	0.000
35	R	0.000	0.000	0.000	0.000	0.000
36	R	0.000	0.000	0.000	0.000	0.000
37	D	0.000	0.000	0.000	0.000	0.000
38	F	0.000	0.000	0.000	0.000	0.000
39	A	0.000	0.000	0.000	0.000	0.000
40	R	0.000	0.000	0.000	0.000	0.000
