>XP_001392917.2
pos	aa	C	S	n-reg	h-reg	c-reg
1	M	0.000	0.134	0.134	0.000	0.000
2	S	0.000	0.138	0.138	0.000	0.000
3	R	0.000	0.138	0.138	0.000	0.000
4	A	0.000	0.138	0.138	0.000	0.000
5	L	0.000	0.138	0.138	0.000	0.000
6	A	0.000	0.138	0.138	0.000	0.000
7	E	0.000	0.138	0.138	0.000	0.000
8	N	0.000	0.138	0.138	0.000	0.000
9	D	0.000	0.138	0.138	0.000	0.000
10	A	0.000	0.138	0.138	0.000	0.000
11	I	0.000	0.138	0.138	0.000	0.000
12	P	0.000	0.138	0.138	0.000	0.000
13	S	0.000	0.138	0.138	0.000	0.000
14	D	0.000	0.138	0.138	0.000	0.000
15	W	0.000	0.138	0.138	0.000	0.000
16	R	0.000	0.138	0.138	0.000	0.000
17	T	0.000	0.138	0.138	0.000	0.000
18	R	0.000	0.138	0.138	0.000	0.000
19	Q	0.000	0.138	0.138	0.000	0.000
20	P	0.000	0.138	0.137	0.001	0.000
21	G	0.000	0.138	0.131	0.007	0.000
22	W	0.000	0.138	0.103	0.035	0.000
23	I	0.000	0.138	0.059	0.079	0.000
24	I	0.000	0.138	0.044	0.095	0.000
25	W	0.000	0.138	0.029	0.110	0.000
26	L	0.000	0.138	0.007	0.131	0.000
27	L	0.000	0.138	0.005	0.133	0.000
28	I	0.000	0.138	0.004	0.134	0.000
29	S	0.000	0.138	0.004	0.133	0.001
30	V	0.000	0.138	0.004	0.133	0.001
31	I	0.000	0.138	0.004	0.128	0.006
32	R	0.000	0.138	0.004	0.119	0.014
33	V	0.000	0.138	0.001	0.113	0.023
34	S	0.000	0.138	0.001	0.052	0.085
35	L	0.000	0.138	0.000	0.044	0.094
36	V	0.006	0.132	0.000	0.037	0.095
37	S	0.000	0.132	0.000	0.005	0.127
38	L	0.002	0.130	0.000	0.005	0.126
39	V	0.003	0.127	0.000	0.004	0.123
40	L	0.000	0.127	0.000	0.004	0.123
>XP_001392918.1
pos	aa	C	S	n-reg	h-reg	c-reg
1	M	0.000	0.824	0.824	0.000	0.000
2	R	0.000	0.824	0.824	0.000	0.000
3	A	0.000	0.824	0.664	0.160	0.000
4	V	0.000	0.824	0.477	0.347	0.000
5	S	0.000	0.824	0.431	0.393	0.000
6	T	0.000	0.824	0.275	0.549	0.000
7	I	0.000	0.824	0.071	0.753	0.000
8	I	0.000	0.824	0.044	0.780	0.000
9	G	0.000	0.824	0.032	0.791	0.000
10	V	0.000	0.824	0.016	0.807	0.000
11	A	0.000	0.824	0.010	0.801	0.013
12	A	0.000	0.824	0.005	0.752	0.066
13	A	0.000	0.824	0.003	0.709	0.112
14	V	0.001	0.823	0.001	0.658	0.164
15	P	0.000	0.823	0.001	0.297	0.525
16	L	0.001	0.822	0.000	0.230	0.592
17	V	0.000	0.822	0.000	0.145	0.677
18	A	0.000	0.822	0.000	0.080	0.742
19	S	0.006	0.816	0.000	0.036	0.779
20	A	0.321	0.494	0.000	0.021	0.473
21	A	0.308	0.186	0.000	0.016	0.171
22	I	0.079	0.108	0.000	0.010	0.098
23	Q	0.000	0.108	0.000	0.004	0.104
24	T	0.007	0.101	0.000	0.000	0.101
25	R	0.023	0.078	0.000	0.000	0.078
26	S	0.000	0.078	0.000	0.000	0.078
27	A	0.040	0.038	0.000	0.000	0.038
28	G	0.022	0.016	0.000	0.000	0.016
29	S	0.015	0.002	0.000	0.000	0.002
30	D	0.001	0.000	0.000	0.000	0.000
31	L	0.000	0.000	0.000	0.000	0.000
32	P	0.000	0.000	0.000	0.000	0.000
33	I	0.000	0.000	0.000	0.000	0.000
34	V	0.000	0.000	0.000	0.000	0.000
35	N	0.000	0.000	0.000	0.000	0.000
36	T	0.000	0.000	0.000	0.000	0.000
37	T	0.000	0.000	0.000	0.000	0.000
38	L	0.000	0.000	0.000	0.000	0.000
39	G	0.000	0.000	0.000	0.000	0.000
40	Y	0.000	0.000	0.000	0.000	0.000
>XP_001392929.2
pos	aa	C	S	n-reg	h-reg	c-reg
1	M	0.000	0.730	0.730	0.000	0.000
2	R	0.000	0.730	0.730	0.000	0.000
3	Y	0.000	0.730	0.723	0.006	0.000
4	Q	0.000	0.730	0.697	0.033	0.000
5	I	0.000	0.730	0.581	0.148	0.000
6	P	0.000	0.730	0.509	0.221	0.000
7	L	0.000	0.730	0.147	0.583	0.000
8	A	0.000	0.730	0.092	0.637	0.000
9	A	0.000	0.730	0.071	0.659	0.000
10	F	0.000	0.730	0.050	0.680	0.000
11	P	0.000	0.730	0.041	0.688	0.001
12	L	0.000	0.730	0.011	0.718	0.001
13	V	0.000	0.730	0.004	0.716	0.009
14	G	0.000	0.730	0.002	0.677	0.050
15	L	0.000	0.730	0.000	0.636	0.094
16	T	0.000	0.730	0.000	0.316	0.414
17	A	0.000	0.729	0.000	0.277	0.452
18	A	0.005	0.724	0.000	0.168	0.556
19	T	0.036	0.688	0.000	0.070	0.618
20	A	0.011	0.678	0.000	0.056	0.622
21	I	0.279	0.399	0.000	0.048	0.351
22	S	0.000	0.399	0.000	0.025	0.374
23	S	0.124	0.275	0.000	0.015	0.259
24	T	0.160	0.115	0.000	0.001	0.114
25	N	0.011	0.104	0.000	0.000	0.104
26	C	0.000	0.104	0.000	0.000	0.104
27	S	0.043	0.061	0.000	0.000	0.061
28	A	0.003	0.059	0.000	0.000	0.059
29	S	0.039	0.020	0.000	0.000	0.020
30	A	0.004	0.016	0.000	0.000	0.016
31	F	0.012	0.003	0.000	0.000	0.003
32	Q	0.000	0.003	0.000	0.000	0.003
33	K	0.002	0.001	0.000	0.000	0.001
34	I	0.000	0.001	0.000	0.000	0.001
35	I	0.000	0.001	0.000	0.000	0.001
36	D	0.000	0.001	0.000	0.000	0.001
37	A	0.000	0.001	0.000	0.000	0.001
38	N	0.001	0.000	0.000	0.000	0.000
39	G	0.000	0.000	0.000	0.000	0.000
40	T	0.000	0.000	0.000	0.000	0.000
>XP_001392938.2
pos	aa	C	S	n-reg	h-reg	c-reg
1	M	0.000	0.859	0.859	0.000	0.000
2	R	0.000	0.859	0.859	0.000	0.000
3	V	0.000	0.859	0.523	0.336	0.000
4	A	0.000	0.859	0.313	0.546	0.000
5	L	0.000	0.859	0.134	0.725	0.000
6	I	0.000	0.859	0.048	0.810	0.000
7	A	0.000	0.859	0.027	0.832	0.000
8	G	0.000	0.859	0.017	0.841	0.000
9	V	0.000	0.859	0.004	0.855	0.000
10	A	0.000	0.859	0.002	0.857	0.000
11	S	0.000	0.859	0.001	0.847	0.011
12	L	0.000	0.859	0.000	0.835	0.024
13	L	0.000	0.859	0.000	0.784	0.075
14	G	0.000	0.859	0.000	0.450	0.409
15	F	0.000	0.859	0.000	0.337	0.521
16	A	0.000	0.859	0.000	0.125	0.734
17	G	0.011	0.848	0.000	0.037	0.811
18	A	0.002	0.846	0.000	0.010	0.836
19	T	0.174	0.672	0.000	0.004	0.668
20	S	0.004	0.667	0.000	0.001	0.666
21	S	0.274	0.393	0.000	0.001	0.392
22	S	0.207	0.186	0.000	0.000	0.185
23	S	0.120	0.065	0.000	0.000	0.065
24	T	0.026	0.040	0.000	0.000	0.039
25	L	0.009	0.030	0.000	0.000	0.030
26	G	0.002	0.028	0.000	0.000	0.028
27	I	0.009	0.019	0.000	0.000	0.019
28	L	0.000	0.019	0.000	0.000	0.019
29	K	0.000	0.019	0.000	0.000	0.019
30	A	0.000	0.019	0.000	0.000	0.019
31	N	0.005	0.014	0.000	0.000	0.014
32	G	0.000	0.014	0.000	0.000	0.014
33	V	0.013	0.001	0.000	0.000	0.001
34	E	0.000	0.001	0.000	0.000	0.001
35	L	0.000	0.001	0.000	0.000	0.001
36	G	0.001	0.000	0.000	0.000	0.000
37	E	0.000	0.000	0.000	0.000	0.000
38	W	0.000	0.000	0.000	0.000	0.000
39	E	0.000	0.000	0.000	0.000	0.000
40	A	0.000	0.000	0.000	0.000	0.000
>XP_001392941.1
pos	aa	C	S	n-reg	h-reg	c-reg
1	M	0.000	0.995	0.995	0.000	0.000
2	L	0.000	0.995	0.995	0.000	0.000
3	F	0.000	0.995	0.978	0.017	0.000
4	R	0.000	0.995	0.965	0.031	0.000
5	L	0.000	0.995	0.401	0.595	0.000
6	L	0.000	0.995	0.142	0.854	0.000
7	S	0.000	0.995	0.087	0.909	0.000
8	A	0.000	0.995	0.054	0.942	0.000
9	T	0.000	0.995	0.031	0.965	0.000
10	G	0.000	0.995	0.023	0.973	0.000
11	A	0.000	0.995	0.008	0.987	0.001
12	L	0.000	0.995	0.002	0.991	0.003
13	C	0.000	0.995	0.001	0.941	0.054
14	I	0.000	0.995	0.000	0.882	0.113
15	T	0.000	0.995	0.000	0.595	0.401
16	T	0.000	0.995	0.000	0.401	0.595
17	A	0.000	0.995	0.000	0.066	0.930
18	A	0.006	0.989	0.000	0.045	0.944
19	A	0.008	0.981	0.000	0.018	0.963
20	A	0.299	0.682	0.000	0.015	0.667
21	A	0.134	0.548	0.000	0.013	0.536
22	L	0.427	0.121	0.000	0.009	0.112
23	P	0.002	0.120	0.000	0.002	0.117
24	A	0.093	0.026	0.000	0.001	0.025
25	P	0.002	0.025	0.000	0.000	0.025
26	Q	0.001	0.024	0.000	0.000	0.024
27	L	0.002	0.023	0.000	0.000	0.023
28	R	0.002	0.021	0.000	0.000	0.021
29	S	0.000	0.021	0.000	0.000	0.021
30	T	0.009	0.012	0.000	0.000	0.012
31	T	0.003	0.009	0.000	0.000	0.009
32	G	0.001	0.008	0.000	0.000	0.008
33	S	0.002	0.007	0.000	0.000	0.007
34	H	0.001	0.006	0.000	0.000	0.006
35	Q	0.000	0.006	0.000	0.000	0.006
36	I	0.001	0.005	0.000	0.000	0.005
37	N	0.000	0.005	0.000	0.000	0.005
38	L	0.000	0.005	0.000	0.000	0.005
39	P	0.000	0.005	0.000	0.000	0.005
40	A	0.000	0.005	0.000	0.000	0.005
>XP_001392942.2
pos	aa	C	S	n-reg	h-reg	c-reg
1	M	0.000	0.585	0.585	0.000	0.000
2	H	0.000	0.585	0.585	0.000	0.000
3	L	0.000	0.585	0.585	0.000	0.000
4	G	0.000	0.585	0.585	0.000	0.000
5	K	0.000	0.585	0.585	0.000	0.000
6	R	0.000	0.585	0.582	0.003	0.000
7	S	0.000	0.585	0.391	0.194	0.000
8	Y	0.000	0.585	0.191	0.394	0.000
9	I	0.000	0.585	0.049	0.536	0.000
10	L	0.000	0.585	0.012	0.573	0.000
11	P	0.000	0.585	0.003	0.583	0.000
12	L	0.000	0.585	0.000	0.585	0.000
13	T	0.000	0.585	0.000	0.585	0.000
14	L	0.000	0.585	0.000	0.585	0.000
15	L	0.000	0.585	0.000	0.558	0.027
16	S	0.000	0.585	0.000	0.371	0.214
17	S	0.000	0.585	0.000	0.289	0.296
18	I	0.000	0.585	0.000	0.259	0.326
19	T	0.000	0.585	0.000	0.013	0.572
20	P	0.000	0.585	0.000	0.001	0.584
21	S	0.002	0.583	0.000	0.000	0.582
22	Y	0.003	0.579	0.000	0.000	0.579
23	A	0.000	0.579	0.000	0.000	0.579
24	Y	0.578	0.001	0.000	0.000	0.001
25	N	0.000	0.001	0.000	0.000	0.001
26	T	0.000	0.001	0.000	0.000	0.001
27	S	0.000	0.001	0.000	0.000	0.001
28	L	0.001	0.000	0.000	0.000	0.000
29	P	0.000	0.000	0.000	0.000	0.000
30	I	0.000	0.000	0.000	0.000	0.000
31	V	0.000	0.000	0.000	0.000	0.000
32	D	0.000	0.000	0.000	0.000	0.000
33	L	0.000	0.000	0.000	0.000	0.000
34	G	0.000	0.000	0.000	0.000	0.000
35	Y	0.000	0.000	0.000	0.000	0.000
36	E	0.000	0.000	0.000	0.000	0.000
37	L	0.000	0.000	0.000	0.000	0.000
38	H	0.000	0.000	0.000	0.000	0.000
39	Q	0.000	0.000	0.000	0.000	0.000
40	A	0.000	0.000	0.000	0.000	0.000
>XP_001392944.1
pos	aa	C	S	n-reg	h-reg	c-reg
1	M	0.000	0.922	0.922	0.000	0.000
2	R	0.000	0.922	0.922	0.000	0.000
3	D	0.000	0.922	0.920	0.002	0.000
4	P	0.000	0.922	0.833	0.089	0.000
5	F	0.000	0.922	0.470	0.453	0.000
6	A	0.000	0.922	0.218	0.705	0.000
7	L	0.000	0.922	0.034	0.888	0.000
8	A	0.000	0.922	0.010	0.912	0.000
9	L	0.000	0.922	0.001	0.922	0.000
10	L	0.000	0.922	0.000	0.922	0.000
11	L	0.000	0.922	0.000	0.921	0.001
12	S	0.000	0.922	0.000	0.908	0.014
13	V	0.000	0.922	0.000	0.887	0.036
14	V	0.000	0.922	0.000	0.879	0.043
15	A	0.000	0.922	0.000	0.712	0.210
16	Y	0.031	0.891	0.000	0.264	0.627
17	Q	0.000	0.891	0.000	0.026	0.866
18	P	0.005	0.886	0.000	0.008	0.879
19	W	0.001	0.885	0.000	0.003	0.882
20	A	0.000	0.885	0.000	0.001	0.884
21	L	0.065	0.820	0.000	0.000	0.820
22	Y	0.006	0.814	0.000	0.000	0.813
23	L	0.000	0.814	0.000	0.000	0.813
24	A	0.529	0.284	0.000	0.000	0.284
25	E	0.267	0.017	0.000	0.000	0.017
26	V	0.000	0.017	0.000	0.000	0.017
27	C	0.000	0.017	0.000	0.000	0.017
28	E	0.000	0.017	0.000	0.000	0.017
29	Q	0.000	0.017	0.000	0.000	0.017
30	L	0.014	0.003	0.000	0.000	0.003
31	G	0.000	0.003	0.000	0.000	0.003
32	P	0.000	0.003	0.000	0.000	0.003
33	Q	0.000	0.002	0.000	0.000	0.002
34	L	0.000	0.002	0.000	0.000	0.002
35	S	0.000	0.002	0.000	0.000	0.002
36	K	0.000	0.002	0.000	0.000	0.002
37	L	0.000	0.002	0.000	0.000	0.002
38	A	0.001	0.001	0.000	0.000	0.001
39	V	0.000	0.001	0.000	0.000	0.001
40	I	0.000	0.001	0.000	0.000	0.001
>XP_001392950.2
pos	aa	C	S	n-reg	h-reg	c-reg
1	M	0.000	0.117	0.117	0.000	0.000
2	L	0.000	0.117	0.117	0.000	0.000
3	V	0.000	0.117	0.117	0.000	0.000
4	S	0.000	0.117	0.117	0.000	0.000
5	R	0.000	0.117	0.117	0.000	0.000
6	K	0.000	0.117	0.117	0.000	0.000
7	V	0.000	0.117	0.093	0.024	0.000
8	H	0.000	0.117	0.089	0.027	0.000
9	S	0.000	0.117	0.061	0.056	0.000
10	A	0.000	0.117	0.014	0.103	0.000
11	I	0.000	0.117	0.006	0.111	0.000
12	P	0.000	0.117	0.004	0.113	0.000
13	A	0.000	0.117	0.001	0.116	0.000
14	V	0.000	0.117	0.000	0.117	0.000
15	F	0.000	0.117	0.000	0.115	0.002
16	L	0.000	0.117	0.000	0.114	0.003
17	A	0.000	0.117	0.000	0.107	0.010
18	W	0.000	0.117	0.000	0.033	0.083
19	V	0.000	0.117	0.000	0.020	0.096
20	V	0.000	0.117	0.000	0.011	0.106
21	T	0.000	0.117	0.000	0.003	0.114
22	G	0.002	0.114	0.000	0.001	0.113
23	Q	0.100	0.014	0.000	0.000	0.013
24	E	0.002	0.012	0.000	0.000	0.012
25	S	0.000	0.012	0.000	0.000	0.012
26	S	0.006	0.005	0.000	0.000	0.005
27	N	0.001	0.005	0.000	0.000	0.005
28	S	0.000	0.005	0.000	0.000	0.005
29	S	0.003	0.002	0.000	0.000	0.002
30	F	0.001	0.000	0.000	0.000	0.000
31	D	0.000	0.000	0.000	0.000	0.000
32	V	0.000	0.000	0.000	0.000	0.000
33	L	0.000	0.000	0.000	0.000	0.000
34	D	0.000	0.000	0.000	0.000	0.000
35	Y	0.000	0.000	0.000	0.000	0.000
36	V	0.000	0.000	0.000	0.000	0.000
37	N	0.000	0.000	0.000	0.000	0.000
38	P	0.000	0.000	0.000	0.000	0.000
39	L	0.000	0.000	0.000	0.000	0.000
40	I	0.000	0.000	0.000	0.000	0.000
>XP_001392958.1
pos	aa	C	S	n-reg	h-reg	c-reg
1	M	0.000	0.999	0.999	0.000	0.000
2	T	0.000	0.999	0.999	0.000	0.000
3	I	0.000	0.999	0.436	0.562	0.000
4	F	0.000	0.999	0.134	0.864	0.000
5	L	0.000	0.999	0.007	0.991	0.000
6	L	0.000	0.999	0.001	0.997	0.000
7	L	0.000	0.999	0.000	0.998	0.000
8	L	0.000	0.999	0.000	0.998	0.000
9	G	0.000	0.999	0.000	0.998	0.000
10	L	0.000	0.999	0.000	0.998	0.000
11	L	0.000	0.999	0.000	0.943	0.056
12	A	0.000	0.999	0.000	0.818	0.180
13	P	0.000	0.999	0.000	0.071	0.928
14	L	0.000	0.998	0.000	0.056	0.942
15	V	0.000	0.998	0.000	0.012	0.987
16	L	0.000	0.998	0.000	0.008	0.990
17	C	0.002	0.996	0.000	0.003	0.993
18	S	0.958	0.038	0.000	0.000	0.038
19	P	0.001	0.037	0.000	0.000	0.037
20	I	0.027	0.010	0.000	0.000	0.010
21	R	0.000	0.010	0.000	0.000	0.010
22	H	0.000	0.010	0.000	0.000	0.010
23	V	0.000	0.010	0.000	0.000	0.010
24	T	0.000	0.010	0.000	0.000	0.010
25	P	0.000	0.010	0.000	0.000	0.010
26	H	0.004	0.006	0.000	0.000	0.006
27	L	0.000	0.006	0.000	0.000	0.006
28	S	0.000	0.006	0.000	0.000	0.006
29	H	0.000	0.005	0.000	0.000	0.005
30	S	0.000	0.005	0.000	0.000	0.005
31	T	0.005	0.000	0.000	0.000	0.000
32	P	0.000	0.000	0.000	0.000	0.000
33	I	0.000	0.000	0.000	0.000	0.000
34	P	0.000	0.000	0.000	0.000	0.000
35	R	0.000	0.000	0.000	0.000	0.000
36	D	0.000	0.000	0.000	0.000	0.000
37	M	0.000	0.000	0.000	0.000	0.000
38	Q	0.000	0.000	0.000	0.000	0.000
39	G	0.000	0.000	0.000	0.000	0.000
40	N	0.000	0.000	0.000	0.000	0.000
>XP_001392965.1
pos	aa	C	S	n-reg	h-reg	c-reg
1	M	0.000	0.151	0.151	0.000	0.000
2	T	0.000	0.151	0.151	0.000	0.000
3	S	0.000	0.151	0.151	0.000	0.000
4	L	0.000	0.151	0.151	0.000	0.000
5	K	0.000	0.151	0.151	0.000	0.000
6	S	0.000	0.151	0.151	0.000	0.000
7	L	0.000	0.151	0.151	0.000	0.000
8	Q	0.000	0.151	0.151	0.000	0.000
9	N	0.000	0.151	0.151	0.000	0.000
10	M	0.000	0.151	0.151	0.000	0.000
11	R	0.000	0.151	0.151	0.000	0.000
12	H	0.000	0.151	0.151	0.001	0.000
13	A	0.000	0.151	0.147	0.004	0.000
14	F	0.000	0.151	0.141	0.010	0.000
15	T	0.000	0.151	0.135	0.016	0.000
16	W	0.000	0.151	0.128	0.023	0.000
17	N	0.000	0.151	0.121	0.030	0.000
18	M	0.000	0.151	0.065	0.086	0.000
19	L	0.000	0.151	0.005	0.146	0.000
20	I	0.000	0.151	0.002	0.149	0.000
21	A	0.000	0.151	0.001	0.150	0.001
22	Y	0.000	0.151	0.000	0.149	0.002
23	A	0.000	0.151	0.000	0.148	0.003
24	L	0.000	0.151	0.000	0.147	0.004
25	I	0.000	0.151	0.000	0.144	0.007
26	A	0.000	0.151	0.000	0.125	0.025
27	T	0.001	0.150	0.000	0.031	0.118
28	S	0.001	0.149	0.000	0.026	0.123
29	V	0.002	0.147	0.000	0.010	0.137
30	F	0.000	0.147	0.000	0.005	0.142
31	S	0.000	0.147	0.000	0.001	0.146
32	Y	0.107	0.041	0.000	0.000	0.040
33	G	0.000	0.040	0.000	0.000	0.040
34	F	0.038	0.002	0.000	0.000	0.002
35	D	0.000	0.002	0.000	0.000	0.002
36	D	0.000	0.002	0.000	0.000	0.002
37	A	0.000	0.002	0.000	0.000	0.002
38	V	0.001	0.001	0.000	0.000	0.001
39	Y	0.000	0.001	0.000	0.000	0.001
40	S	0.000	0.001	0.000	0.000	0.001
>XP_001392984.2
pos	aa	C	S	n-reg	h-reg	c-reg
1	M	0.000	0.525	0.525	0.000	0.000
2	C	0.000	0.526	0.526	0.000	0.000
3	L	0.000	0.526	0.526	0.000	0.000
4	A	0.000	0.526	0.526	0.000	0.000
5	N	0.000	0.526	0.526	0.000	0.000
6	K	0.000	0.526	0.526	0.000	0.000
7	K	0.000	0.526	0.526	0.000	0.000
8	N	0.000	0.526	0.510	0.017	0.000
9	V	0.000	0.526	0.364	0.162	0.000
10	P	0.000	0.526	0.316	0.211	0.000
11	Y	0.000	0.526	0.203	0.323	0.000
12	F	0.000	0.526	0.024	0.503	0.000
13	V	0.000	0.526	0.004	0.522	0.000
14	L	0.000	0.526	0.000	0.526	0.000
15	F	0.000	0.526	0.000	0.526	0.000
16	S	0.000	0.526	0.000	0.523	0.004
17	L	0.000	0.526	0.000	0.514	0.013
18	S	0.000	0.526	0.000	0.427	0.099
19	L	0.000	0.526	0.000	0.393	0.133
20	G	0.000	0.526	0.000	0.107	0.420
21	L	0.004	0.522	0.000	0.052	0.470
22	S	0.000	0.522	0.000	0.014	0.508
23	A	0.105	0.417	0.000	0.004	0.413
24	S	0.055	0.362	0.000	0.002	0.360
25	L	0.260	0.101	0.000	0.001	0.100
26	D	0.088	0.013	0.000	0.000	0.013
27	N	0.000	0.013	0.000	0.000	0.013
28	F	0.000	0.013	0.000	0.000	0.013
29	H	0.000	0.013	0.000	0.000	0.013
30	I	0.000	0.013	0.000	0.000	0.013
31	P	0.000	0.013	0.000	0.000	0.013
32	C	0.000	0.013	0.000	0.000	0.013
33	L	0.001	0.012	0.000	0.000	0.012
34	R	0.000	0.012	0.000	0.000	0.012
35	P	0.000	0.012	0.000	0.000	0.012
36	T	0.006	0.006	0.000	0.000	0.006
37	A	0.000	0.006	0.000	0.000	0.006
38	L	0.000	0.005	0.000	0.000	0.005
39	P	0.000	0.005	0.000	0.000	0.005
40	R	0.005	0.001	0.000	0.000	0.001
>XP_001392987.1
pos	aa	C	S	n-reg	h-reg	c-reg
1	M	0.000	0.888	0.888	0.000	0.000
2	R	0.000	0.888	0.888	0.000	0.000
3	V	0.000	0.888	0.135	0.753	0.000
4	L	0.000	0.888	0.053	0.835	0.000
5	P	0.000	0.888	0.050	0.838	0.000
6	A	0.000	0.888	0.029	0.859	0.000
7	A	0.000	0.888	0.016	0.872	0.000
8	M	0.000	0.888	0.012	0.876	0.000
9	L	0.000	0.888	0.003	0.885	0.000
10	V	0.000	0.888	0.001	0.886	0.001
11	G	0.000	0.888	0.001	0.250	0.637
12	A	0.000	0.888	0.000	0.086	0.802
13	A	0.000	0.888	0.000	0.064	0.824
14	T	0.001	0.887	0.000	0.046	0.841
15	A	0.006	0.882	0.000	0.042	0.840
16	A	0.643	0.239	0.000	0.042	0.197
17	V	0.188	0.051	0.000	0.038	0.013
18	P	0.000	0.051	0.000	0.010	0.041
19	P	0.002	0.049	0.000	0.007	0.042
20	F	0.004	0.045	0.000	0.006	0.039
21	Q	0.000	0.045	0.000	0.000	0.045
22	Q	0.002	0.043	0.000	0.000	0.043
23	V	0.002	0.041	0.000	0.000	0.041
24	L	0.000	0.041	0.000	0.000	0.041
25	G	0.000	0.041	0.000	0.000	0.041
26	G	0.037	0.004	0.000	0.000	0.004
27	N	0.001	0.003	0.000	0.000	0.003
28	G	0.000	0.003	0.000	0.000	0.003
29	A	0.003	0.000	0.000	0.000	0.000
30	K	0.000	0.000	0.000	0.000	0.000
31	H	0.000	0.000	0.000	0.000	0.000
32	G	0.000	0.000	0.000	0.000	0.000
33	A	0.000	0.000	0.000	0.000	0.000
34	D	0.000	0.000	0.000	0.000	0.000
35	H	0.000	0.000	0.000	0.000	0.000
36	A	0.000	0.000	0.000	0.000	0.000
37	A	0.000	0.000	0.000	0.000	0.000
38	E	0.000	0.000	0.000	0.000	0.000
39	V	0.000	0.000	0.000	0.000	0.000
40	P	0.000	0.000	0.000	0.000	0.000
>XP_001393009.2
pos	aa	C	S	n-reg	h-reg	c-reg
1	M	0.000	0.849	0.849	0.000	0.000
2	A	0.000	0.849	0.849	0.000	0.000
3	L	0.000	0.849	0.849	0.000	0.000
4	S	0.000	0.849	0.849	0.000	0.000
5	Q	0.000	0.849	0.849	0.000	0.000
6	I	0.000	0.849	0.849	0.000	0.000
7	W	0.000	0.849	0.849	0.000	0.000
8	R	0.000	0.849	0.849	0.000	0.000
9	P	0.000	0.849	0.841	0.008	0.000
10	H	0.000	0.849	0.820	0.029	0.000
11	Q	0.000	0.849	0.697	0.152	0.000
12	W	0.000	0.849	0.058	0.792	0.000
13	T	0.000	0.849	0.012	0.838	0.000
14	L	0.000	0.849	0.001	0.848	0.000
15	W	0.000	0.849	0.001	0.849	0.000
16	L	0.000	0.849	0.000	0.849	0.000
17	L	0.000	0.849	0.000	0.849	0.001
18	F	0.000	0.849	0.000	0.845	0.004
19	V	0.000	0.849	0.000	0.825	0.025
20	S	0.000	0.849	0.000	0.076	0.774
21	Y	0.000	0.849	0.000	0.024	0.826
22	A	0.000	0.849	0.000	0.005	0.844
23	Y	0.003	0.846	0.000	0.004	0.842
24	A	0.000	0.846	0.000	0.003	0.843
25	F	0.839	0.007	0.000	0.001	0.006
26	Y	0.000	0.007	0.000	0.001	0.006
27	V	0.000	0.007	0.000	0.000	0.007
28	P	0.000	0.007	0.000	0.000	0.007
29	G	0.000	0.007	0.000	0.000	0.007
30	Y	0.005	0.002	0.000	0.000	0.002
31	S	0.000	0.002	0.000	0.000	0.002
32	V	0.002	0.000	0.000	0.000	0.000
33	K	0.000	0.000	0.000	0.000	0.000
34	R	0.000	0.000	0.000	0.000	0.000
35	Y	0.000	0.000	0.000	0.000	0.000
36	N	0.000	0.000	0.000	0.000	0.000
37	D	0.000	0.000	0.000	0.000	0.000
38	D	0.000	0.000	0.000	0.000	0.000
39	E	0.000	0.000	0.000	0.000	0.000
40	H	0.000	0.000	0.000	0.000	0.000
>XP_001393025.1
pos	aa	C	S	n-reg	h-reg	c-reg
1	M	0.000	0.065	0.065	0.000	0.000
2	R	0.000	0.065	0.065	0.000	0.000
3	I	0.000	0.065	0.058	0.007	0.000
4	Y	0.000	0.065	0.054	0.011	0.000
5	P	0.000	0.065	0.051	0.014	0.000
6	G	0.000	0.065	0.034	0.031	0.000
7	L	0.000	0.065	0.010	0.055	0.000
8	A	0.000	0.065	0.006	0.059	0.000
9	L	0.000	0.065	0.001	0.063	0.000
10	L	0.000	0.065	0.001	0.064	0.000
11	V	0.000	0.065	0.000	0.063	0.001
12	P	0.000	0.065	0.000	0.057	0.007
13	S	0.000	0.065	0.000	0.054	0.010
14	V	0.000	0.065	0.000	0.047	0.018
15	V	0.000	0.065	0.000	0.041	0.024
16	C	0.000	0.065	0.000	0.035	0.030
17	G	0.003	0.062	0.000	0.020	0.042
18	A	0.008	0.054	0.000	0.014	0.040
19	L	0.013	0.041	0.000	0.006	0.035
20	Y	0.001	0.040	0.000	0.002	0.038
21	A	0.000	0.040	0.000	0.001	0.039
22	P	0.013	0.027	0.000	0.000	0.027
23	S	0.000	0.026	0.000	0.000	0.026
24	S	0.009	0.017	0.000	0.000	0.017
25	Q	0.004	0.013	0.000	0.000	0.013
26	P	0.002	0.011	0.000	0.000	0.011
27	T	0.011	0.000	0.000	0.000	0.000
28	Y	0.000	0.000	0.000	0.000	0.000
29	Q	0.000	0.000	0.000	0.000	0.000
30	P	0.000	0.000	0.000	0.000	0.000
31	K	0.000	0.000	0.000	0.000	0.000
32	T	0.000	0.000	0.000	0.000	0.000
33	Y	0.000	0.000	0.000	0.000	0.000
34	T	0.000	0.000	0.000	0.000	0.000
35	L	0.000	0.000	0.000	0.000	0.000
36	A	0.000	0.000	0.000	0.000	0.000
37	A	0.000	0.000	0.000	0.000	0.000
38	G	0.000	0.000	0.000	0.000	0.000
39	D	0.000	0.000	0.000	0.000	0.000
40	P	0.000	0.000	0.000	0.000	0.000
>XP_001393034.2
pos	aa	C	S	n-reg	h-reg	c-reg
1	M	0.000	0.011	0.011	0.000	0.000
2	A	0.000	0.011	0.011	0.000	0.000
3	I	0.000	0.011	0.010	0.001	0.000
4	N	0.000	0.011	0.009	0.002	0.000
5	A	0.000	0.011	0.005	0.006	0.000
6	L	0.000	0.011	0.001	0.010	0.000
7	S	0.000	0.011	0.000	0.011	0.000
8	I	0.000	0.011	0.000	0.011	0.000
9	A	0.000	0.011	0.000	0.011	0.000
10	I	0.000	0.011	0.000	0.011	0.000
11	S	0.000	0.011	0.000	0.011	0.000
12	L	0.000	0.011	0.000	0.011	0.000
13	L	0.000	0.011	0.000	0.009	0.002
14	V	0.000	0.011	0.000	0.006	0.005
15	I	0.000	0.011	0.000	0.002	0.009
16	Y	0.000	0.011	0.000	0.000	0.010
17	P	0.000	0.011	0.000	0.000	0.011
18	I	0.006	0.004	0.000	0.000	0.004
19	S	0.000	0.004	0.000	0.000	0.004
20	R	0.004	0.000	0.000	0.000	0.000
21	I	0.000	0.000	0.000	0.000	0.000
22	V	0.000	0.000	0.000	0.000	0.000
23	Y	0.000	0.000	0.000	0.000	0.000
24	N	0.000	0.000	0.000	0.000	0.000
25	V	0.000	0.000	0.000	0.000	0.000
26	F	0.000	0.000	0.000	0.000	0.000
27	F	0.000	0.000	0.000	0.000	0.000
28	S	0.000	0.000	0.000	0.000	0.000
29	P	0.000	0.000	0.000	0.000	0.000
30	L	0.000	0.000	0.000	0.000	0.000
31	S	0.000	0.000	0.000	0.000	0.000
32	H	0.000	0.000	0.000	0.000	0.000
33	L	0.000	0.000	0.000	0.000	0.000
34	P	0.000	0.000	0.000	0.000	0.000
35	G	0.000	0.000	0.000	0.000	0.000
36	P	0.000	0.000	0.000	0.000	0.000
37	I	0.000	0.000	0.000	0.000	0.000
38	S	0.000	0.000	0.000	0.000	0.000
39	W	0.000	0.000	0.000	0.000	0.000
40	S	0.000	0.000	0.000	0.000	0.000
>XP_001393053.1
pos	aa	C	S	n-reg	h-reg	c-reg
1	M	0.000	0.999	0.999	0.000	0.000
2	N	0.000	0.999	0.999	0.000	0.000
3	I	0.000	0.999	0.815	0.185	0.000
4	S	0.000	0.999	0.676	0.324	0.000
5	Y	0.000	0.999	0.504	0.496	0.000
6	L	0.000	0.999	0.093	0.907	0.000
7	L	0.000	0.999	0.015	0.984	0.000
8	T	0.000	0.999	0.004	0.995	0.000
9	L	0.000	0.999	0.001	0.999	0.000
10	L	0.000	0.999	0.000	0.999	0.000
11	F	0.000	0.999	0.000	0.982	0.017
12	T	0.000	0.999	0.000	0.914	0.085
13	A	0.000	0.999	0.000	0.837	0.162
14	A	0.000	0.999	0.000	0.620	0.379
15	V	0.000	0.999	0.000	0.521	0.477
16	A	0.000	0.999	0.000	0.120	0.879
17	V	0.012	0.987	0.000	0.072	0.915
18	A	0.000	0.987	0.000	0.006	0.981
19	T	0.171	0.816	0.000	0.000	0.815
20	A	0.050	0.766	0.000	0.000	0.765
21	T	0.695	0.071	0.000	0.000	0.071
22	P	0.002	0.069	0.000	0.000	0.069
23	S	0.058	0.010	0.000	0.000	0.010
24	K	0.010	0.001	0.000	0.000	0.001
25	V	0.000	0.001	0.000	0.000	0.001
26	L	0.000	0.001	0.000	0.000	0.001
27	L	0.000	0.001	0.000	0.000	0.001
28	P	0.000	0.000	0.000	0.000	0.000
29	F	0.000	0.000	0.000	0.000	0.000
30	K	0.000	0.000	0.000	0.000	0.000
31	R	0.000	0.000	0.000	0.000	0.000
32	D	0.000	0.000	0.000	0.000	0.000
33	A	0.000	0.000	0.000	0.000	0.000
34	S	0.000	0.000	0.000	0.000	0.000
35	S	0.000	0.000	0.000	0.000	0.000
36	V	0.000	0.000	0.000	0.000	0.000
37	V	0.000	0.000	0.000	0.000	0.000
38	S	0.000	0.000	0.000	0.000	0.000
39	A	0.000	0.000	0.000	0.000	0.000
40	V	0.000	0.000	0.000	0.000	0.000
>XP_001393054.2
pos	aa	C	S	n-reg	h-reg	c-reg
1	M	0.000	0.259	0.259	0.000	0.000
2	A	0.000	0.259	0.259	0.000	0.000
3	T	0.000	0.259	0.259	0.000	0.000
4	L	0.000	0.259	0.259	0.000	0.000
5	S	0.000	0.259	0.259	0.000	0.000
6	R	0.000	0.259	0.259	0.000	0.000
7	H	0.000	0.259	0.258	0.001	0.000
8	D	0.000	0.259	0.254	0.005	0.000
9	Y	0.000	0.259	0.179	0.081	0.000
10	T	0.000	0.259	0.094	0.165	0.000
11	V	0.000	0.259	0.024	0.235	0.000
12	G	0.000	0.259	0.003	0.256	0.000
13	W	0.000	0.259	0.001	0.258	0.000
14	I	0.000	0.259	0.000	0.259	0.000
15	C	0.000	0.259	0.000	0.259	0.000
16	A	0.000	0.259	0.000	0.258	0.002
17	L	0.000	0.259	0.000	0.245	0.014
18	P	0.000	0.259	0.000	0.191	0.069
19	L	0.000	0.259	0.000	0.140	0.119
20	E	0.000	0.259	0.000	0.009	0.251
21	V	0.000	0.259	0.000	0.003	0.256
22	A	0.000	0.259	0.000	0.001	0.259
23	A	0.004	0.255	0.000	0.000	0.255
24	A	0.125	0.130	0.000	0.000	0.130
25	C	0.108	0.022	0.000	0.000	0.022
26	L	0.016	0.006	0.000	0.000	0.005
27	M	0.005	0.000	0.000	0.000	0.000
28	M	0.000	0.000	0.000	0.000	0.000
29	D	0.000	0.000	0.000	0.000	0.000
30	K	0.000	0.000	0.000	0.000	0.000
31	I	0.000	0.000	0.000	0.000	0.000
32	H	0.000	0.000	0.000	0.000	0.000
33	P	0.000	0.000	0.000	0.000	0.000
34	D	0.000	0.000	0.000	0.000	0.000
35	L	0.000	0.000	0.000	0.000	0.000
36	E	0.000	0.000	0.000	0.000	0.000
37	I	0.000	0.000	0.000	0.000	0.000
38	P	0.000	0.000	0.000	0.000	0.000
39	W	0.000	0.000	0.000	0.000	0.000
40	P	0.000	0.000	0.000	0.000	0.000
>XP_001393065.2
pos	aa	C	S	n-reg	h-reg	c-reg
1	M	0.000	0.812	0.812	0.000	0.000
2	K	0.000	0.812	0.812	0.000	0.000
3	V	0.000	0.812	0.809	0.003	0.000
4	S	0.000	0.812	0.807	0.006	0.000
5	A	0.000	0.812	0.800	0.013	0.000
6	N	0.000	0.812	0.776	0.036	0.000
7	G	0.000	0.812	0.467	0.345	0.000
8	L	0.000	0.812	0.145	0.667	0.000
9	A	0.000	0.812	0.071	0.742	0.000
10	L	0.000	0.812	0.016	0.796	0.000
11	T	0.000	0.812	0.006	0.806	0.000
12	C	0.000	0.812	0.003	0.809	0.001
13	G	0.000	0.812	0.001	0.808	0.003
14	I	0.000	0.812	0.001	0.809	0.003
15	M	0.000	0.812	0.000	0.795	0.018
16	A	0.000	0.812	0.000	0.773	0.039
17	A	0.001	0.812	0.000	0.678	0.134
18	L	0.001	0.811	0.000	0.471	0.340
19	E	0.000	0.811	0.000	0.046	0.765
20	A	0.000	0.811	0.000	0.030	0.780
21	G	0.009	0.802	0.000	0.007	0.795
22	L	0.000	0.801	0.000	0.006	0.796
23	A	0.003	0.798	0.000	0.001	0.797
24	T	0.060	0.739	0.000	0.001	0.738
25	A	0.004	0.734	0.000	0.000	0.734
26	Q	0.624	0.110	0.000	0.000	0.110
27	S	0.001	0.110	0.000	0.000	0.110
28	A	0.101	0.009	0.000	0.000	0.009
29	S	0.003	0.006	0.000	0.000	0.006
30	K	0.006	0.000	0.000	0.000	0.000
31	P	0.000	0.000	0.000	0.000	0.000
32	P	0.000	0.000	0.000	0.000	0.000
33	N	0.000	0.000	0.000	0.000	0.000
34	F	0.000	0.000	0.000	0.000	0.000
35	L	0.000	0.000	0.000	0.000	0.000
36	F	0.000	0.000	0.000	0.000	0.000
37	I	0.000	0.000	0.000	0.000	0.000
38	M	0.000	0.000	0.000	0.000	0.000
39	T	0.000	0.000	0.000	0.000	0.000
40	D	0.000	0.000	0.000	0.000	0.000
>XP_001393071.1
pos	aa	C	S	n-reg	h-reg	c-reg
1	M	0.000	0.994	0.994	0.000	0.000
2	N	0.000	0.994	0.994	0.000	0.000
3	L	0.000	0.994	0.423	0.571	0.000
4	F	0.000	0.994	0.238	0.757	0.000
5	S	0.000	0.994	0.194	0.800	0.000
6	I	0.000	0.994	0.059	0.936	0.000
7	A	0.000	0.994	0.007	0.987	0.000
8	L	0.000	0.994	0.002	0.993	0.000
9	L	0.000	0.994	0.001	0.994	0.000
10	G	0.000	0.994	0.001	0.994	0.000
11	L	0.000	0.994	0.000	0.980	0.014
12	L	0.000	0.994	0.000	0.922	0.072
13	C	0.000	0.994	0.000	0.839	0.156
14	A	0.000	0.994	0.000	0.682	0.313
15	N	0.000	0.994	0.000	0.042	0.952
16	Q	0.000	0.994	0.000	0.014	0.980
17	A	0.002	0.992	0.000	0.008	0.984
18	L	0.006	0.987	0.000	0.006	0.980
19	G	0.000	0.987	0.000	0.005	0.982
20	A	0.794	0.192	0.000	0.001	0.192
21	A	0.027	0.166	0.000	0.000	0.165
22	V	0.065	0.100	0.000	0.000	0.100
23	F	0.000	0.100	0.000	0.000	0.100
24	A	0.000	0.100	0.000	0.000	0.100
25	H	0.083	0.017	0.000	0.000	0.017
26	F	0.000	0.017	0.000	0.000	0.017
27	I	0.000	0.017	0.000	0.000	0.017
28	V	0.000	0.017	0.000	0.000	0.017
29	G	0.000	0.017	0.000	0.000	0.017
30	N	0.002	0.016	0.000	0.000	0.016
31	A	0.000	0.016	0.000	0.000	0.016
32	W	0.009	0.007	0.000	0.000	0.007
33	N	0.000	0.007	0.000	0.000	0.007
34	Y	0.000	0.007	0.000	0.000	0.007
35	T	0.000	0.007	0.000	0.000	0.007
36	L	0.000	0.007	0.000	0.000	0.007
37	A	0.000	0.007	0.000	0.000	0.007
38	D	0.005	0.002	0.000	0.000	0.002
39	W	0.000	0.002	0.000	0.000	0.002
40	E	0.000	0.002	0.000	0.000	0.002
>XP_001393074.2
pos	aa	C	S	n-reg	h-reg	c-reg
1	M	0.000	0.846	0.846	0.000	0.000
2	G	0.000	0.866	0.866	0.000	0.000
3	S	0.000	0.866	0.866	0.001	0.000
4	S	0.000	0.866	0.864	0.003	0.000
5	M	0.000	0.866	0.860	0.006	0.000
6	P	0.000	0.866	0.850	0.016	0.000
7	L	0.000	0.866	0.778	0.088	0.000
8	V	0.000	0.866	0.764	0.103	0.000
9	G	0.000	0.866	0.749	0.117	0.000
10	H	0.000	0.866	0.716	0.150	0.000
11	S	0.000	0.866	0.540	0.326	0.000
12	L	0.000	0.866	0.209	0.657	0.000
13	A	0.000	0.866	0.119	0.746	0.001
14	I	0.000	0.866	0.060	0.804	0.002
15	F	0.000	0.866	0.038	0.813	0.016
16	I	0.000	0.866	0.029	0.811	0.027
17	C	0.000	0.866	0.026	0.799	0.041
18	A	0.000	0.866	0.025	0.783	0.058
19	A	0.005	0.861	0.024	0.730	0.107
20	V	0.022	0.839	0.023	0.686	0.129
21	M	0.000	0.839	0.023	0.451	0.365
22	M	0.000	0.839	0.023	0.334	0.482
23	S	0.000	0.839	0.023	0.227	0.589
24	V	0.064	0.775	0.022	0.097	0.655
25	S	0.000	0.775	0.022	0.062	0.690
26	I	0.033	0.742	0.022	0.026	0.694
27	M	0.000	0.741	0.022	0.014	0.705
28	A	0.000	0.741	0.022	0.011	0.708
29	V	0.468	0.273	0.022	0.010	0.241
30	A	0.000	0.271	0.022	0.008	0.242
31	L	0.183	0.087	0.022	0.006	0.059
32	R	0.028	0.055	0.022	0.001	0.032
33	T	0.000	0.055	0.022	0.001	0.032
34	F	0.011	0.044	0.022	0.001	0.021
35	V	0.000	0.044	0.022	0.001	0.021
36	R	0.000	0.044	0.022	0.000	0.021
37	L	0.000	0.044	0.022	0.000	0.021
38	Y	0.006	0.037	0.022	0.000	0.015
39	T	0.000	0.037	0.022	0.000	0.015
40	V	0.001	0.036	0.022	0.000	0.014
>XP_001393081.1
pos	aa	C	S	n-reg	h-reg	c-reg
1	M	0.000	0.995	0.995	0.000	0.000
2	P	0.000	0.995	0.995	0.000	0.000
3	S	0.000	0.995	0.993	0.002	0.000
4	I	0.000	0.995	0.989	0.007	0.000
5	R	0.000	0.995	0.987	0.009	0.000
6	S	0.000	0.995	0.731	0.264	0.000
7	L	0.000	0.995	0.229	0.767	0.000
8	F	0.000	0.995	0.104	0.892	0.000
9	L	0.000	0.995	0.033	0.963	0.000
10	S	0.000	0.995	0.024	0.971	0.000
11	A	0.000	0.995	0.011	0.984	0.000
12	L	0.000	0.995	0.000	0.994	0.001
13	S	0.000	0.995	0.000	0.993	0.003
14	A	0.000	0.995	0.000	0.970	0.025
15	W	0.000	0.995	0.000	0.840	0.155
16	L	0.000	0.995	0.000	0.805	0.190
17	V	0.000	0.995	0.000	0.629	0.366
18	A	0.000	0.995	0.000	0.355	0.640
19	G	0.014	0.981	0.000	0.222	0.760
20	H	0.174	0.807	0.000	0.001	0.805
21	T	0.000	0.807	0.000	0.001	0.806
22	L	0.085	0.722	0.000	0.000	0.721
23	R	0.004	0.718	0.000	0.000	0.718
24	A	0.000	0.718	0.000	0.000	0.718
25	S	0.702	0.015	0.000	0.000	0.015
26	N	0.008	0.008	0.000	0.000	0.008
27	I	0.000	0.008	0.000	0.000	0.008
28	S	0.000	0.008	0.000	0.000	0.008
29	T	0.001	0.007	0.000	0.000	0.007
30	G	0.000	0.007	0.000	0.000	0.007
31	Y	0.006	0.000	0.000	0.000	0.000
32	R	0.000	0.000	0.000	0.000	0.000
33	I	0.000	0.000	0.000	0.000	0.000
34	D	0.000	0.000	0.000	0.000	0.000
35	V	0.000	0.000	0.000	0.000	0.000
36	H	0.000	0.000	0.000	0.000	0.000
37	S	0.000	0.000	0.000	0.000	0.000
38	H	0.000	0.000	0.000	0.000	0.000
39	V	0.000	0.000	0.000	0.000	0.000
40	I	0.000	0.000	0.000	0.000	0.000
>XP_001393084.2
pos	aa	C	S	n-reg	h-reg	c-reg
1	M	0.000	0.068	0.068	0.000	0.000
2	Q	0.000	0.070	0.070	0.000	0.000
3	K	0.000	0.070	0.070	0.000	0.000
4	G	0.000	0.070	0.070	0.000	0.000
5	R	0.000	0.070	0.070	0.000	0.000
6	P	0.000	0.070	0.060	0.010	0.000
7	L	0.000	0.070	0.005	0.065	0.000
8	T	0.000	0.070	0.004	0.066	0.000
9	T	0.000	0.070	0.003	0.067	0.000
10	F	0.000	0.070	0.002	0.068	0.000
11	Y	0.000	0.070	0.002	0.068	0.000
12	V	0.000	0.070	0.002	0.069	0.000
13	V	0.000	0.070	0.001	0.069	0.000
14	V	0.000	0.070	0.001	0.068	0.002
15	P	0.000	0.070	0.001	0.010	0.059
16	G	0.000	0.070	0.001	0.008	0.061
17	L	0.000	0.070	0.000	0.007	0.063
18	Y	0.000	0.070	0.000	0.005	0.065
19	T	0.000	0.070	0.000	0.005	0.065
20	A	0.057	0.013	0.000	0.005	0.009
21	G	0.003	0.010	0.000	0.004	0.006
22	W	0.004	0.006	0.000	0.004	0.002
23	Y	0.000	0.006	0.000	0.004	0.002
24	F	0.000	0.006	0.000	0.003	0.002
25	L	0.000	0.006	0.000	0.003	0.002
26	V	0.000	0.005	0.000	0.002	0.003
27	E	0.000	0.004	0.000	0.000	0.004
28	M	0.000	0.004	0.000	0.000	0.004
29	T	0.000	0.004	0.000	0.000	0.004
30	C	0.000	0.004	0.000	0.000	0.004
31	G	0.000	0.003	0.000	0.000	0.003
32	E	0.003	0.000	0.000	0.000	0.000
33	M	0.000	0.000	0.000	0.000	0.000
34	P	0.000	0.000	0.000	0.000	0.000
35	R	0.000	0.000	0.000	0.000	0.000
36	T	0.000	0.000	0.000	0.000	0.000
37	D	0.000	0.000	0.000	0.000	0.000
38	R	0.000	0.000	0.000	0.000	0.000
39	P	0.000	0.000	0.000	0.000	0.000
40	A	0.000	0.000	0.000	0.000	0.000
>XP_001393089.1
pos	aa	C	S	n-reg	h-reg	c-reg
1	M	0.000	0.902	0.902	0.000	0.000
2	K	0.000	0.902	0.902	0.000	0.000
3	S	0.000	0.902	0.902	0.000	0.000
4	T	0.000	0.902	0.901	0.001	0.000
5	K	0.000	0.902	0.899	0.003	0.000
6	L	0.000	0.902	0.297	0.605	0.000
7	A	0.000	0.902	0.212	0.690	0.000
8	G	0.000	0.902	0.172	0.730	0.000
9	S	0.000	0.902	0.063	0.840	0.000
10	I	0.000	0.902	0.012	0.890	0.000
11	A	0.000	0.902	0.006	0.896	0.000
12	T	0.000	0.902	0.003	0.899	0.000
13	A	0.000	0.902	0.000	0.901	0.001
14	A	0.000	0.902	0.000	0.849	0.053
15	L	0.000	0.902	0.000	0.826	0.076
16	V	0.000	0.902	0.000	0.791	0.111
17	A	0.000	0.902	0.000	0.211	0.691
18	G	0.000	0.902	0.000	0.060	0.842
19	A	0.009	0.893	0.000	0.036	0.856
20	Q	0.009	0.884	0.000	0.024	0.860
21	A	0.001	0.883	0.000	0.002	0.882
22	K	0.669	0.215	0.000	0.000	0.215
23	S	0.000	0.215	0.000	0.000	0.215
24	L	0.006	0.208	0.000	0.000	0.208
25	A	0.004	0.204	0.000	0.000	0.204
26	D	0.204	0.001	0.000	0.000	0.001
27	V	0.000	0.001	0.000	0.000	0.001
28	C	0.000	0.001	0.000	0.000	0.001
29	T	0.000	0.001	0.000	0.000	0.001
30	V	0.000	0.000	0.000	0.000	0.000
31	S	0.000	0.000	0.000	0.000	0.000
32	H	0.000	0.000	0.000	0.000	0.000
33	V	0.000	0.000	0.000	0.000	0.000
34	Q	0.000	0.000	0.000	0.000	0.000
35	S	0.000	0.000	0.000	0.000	0.000
36	S	0.000	0.000	0.000	0.000	0.000
37	L	0.000	0.000	0.000	0.000	0.000
38	P	0.000	0.000	0.000	0.000	0.000
39	L	0.000	0.000	0.000	0.000	0.000
40	D	0.000	0.000	0.000	0.000	0.000
>XP_001393094.1
pos	aa	C	S	n-reg	h-reg	c-reg
1	M	0.000	0.989	0.989	0.000	0.000
2	A	0.000	0.989	0.989	0.000	0.000
3	S	0.000	0.989	0.808	0.181	0.000
4	V	0.000	0.989	0.396	0.593	0.000
5	T	0.000	0.989	0.326	0.663	0.000
6	A	0.000	0.989	0.128	0.861	0.000
7	L	0.000	0.989	0.015	0.974	0.000
8	L	0.000	0.989	0.005	0.984	0.000
9	T	0.000	0.989	0.003	0.987	0.000
10	L	0.000	0.989	0.000	0.989	0.000
11	A	0.000	0.989	0.000	0.960	0.029
12	G	0.000	0.989	0.000	0.680	0.309
13	L	0.000	0.989	0.000	0.638	0.352
14	A	0.000	0.989	0.000	0.470	0.519
15	A	0.006	0.983	0.000	0.290	0.693
16	G	0.010	0.973	0.000	0.169	0.803
17	A	0.301	0.672	0.000	0.110	0.562
18	T	0.074	0.598	0.000	0.007	0.591
19	I	0.048	0.550	0.000	0.003	0.547
20	T	0.000	0.550	0.000	0.001	0.549
21	T	0.093	0.457	0.000	0.000	0.457
22	T	0.090	0.367	0.000	0.000	0.367
23	E	0.335	0.032	0.000	0.000	0.032
24	P	0.000	0.032	0.000	0.000	0.032
25	P	0.002	0.030	0.000	0.000	0.030
26	L	0.000	0.030	0.000	0.000	0.030
27	A	0.000	0.030	0.000	0.000	0.030
28	A	0.000	0.030	0.000	0.000	0.030
29	I	0.001	0.029	0.000	0.000	0.029
30	Q	0.000	0.029	0.000	0.000	0.029
31	R	0.000	0.029	0.000	0.000	0.029
32	A	0.000	0.029	0.000	0.000	0.029
33	Q	0.000	0.028	0.000	0.000	0.028
34	A	0.000	0.028	0.000	0.000	0.028
35	T	0.027	0.001	0.000	0.000	0.001
36	T	0.000	0.001	0.000	0.000	0.001
37	V	0.000	0.001	0.000	0.000	0.001
38	P	0.000	0.001	0.000	0.000	0.001
39	Q	0.000	0.001	0.000	0.000	0.001
40	T	0.000	0.001	0.000	0.000	0.001
>XP_001393097.2
pos	aa	C	S	n-reg	h-reg	c-reg
1	M	0.000	0.999	0.999	0.000	0.000
2	N	0.000	1.000	1.000	0.000	0.000
3	F	0.000	1.000	0.898	0.102	0.000
4	T	0.000	1.000	0.851	0.149	0.000
5	H	0.000	1.000	0.802	0.197	0.000
6	I	0.000	1.000	0.174	0.826	0.000
7	L	0.000	1.000	0.034	0.966	0.000
8	A	0.000	1.000	0.013	0.987	0.000
9	V	0.000	1.000	0.003	0.997	0.000
10	L	0.000	1.000	0.001	0.999	0.000
11	A	0.000	1.000	0.000	0.975	0.025
12	T	0.000	1.000	0.000	0.957	0.043
13	I	0.000	1.000	0.000	0.947	0.053
14	G	0.000	1.000	0.000	0.515	0.484
15	L	0.000	1.000	0.000	0.458	0.541
16	A	0.000	1.000	0.000	0.278	0.721
17	S	0.004	0.995	0.000	0.122	0.874
18	A	0.000	0.995	0.000	0.081	0.914
19	A	0.490	0.505	0.000	0.003	0.502
20	P	0.001	0.504	0.000	0.000	0.503
21	A	0.021	0.483	0.000	0.000	0.483
22	N	0.069	0.414	0.000	0.000	0.414
23	S	0.000	0.414	0.000	0.000	0.414
24	D	0.394	0.020	0.000	0.000	0.020
25	P	0.000	0.020	0.000	0.000	0.020
26	S	0.008	0.012	0.000	0.000	0.012
27	Q	0.000	0.012	0.000	0.000	0.012
28	C	0.000	0.012	0.000	0.000	0.012
29	T	0.001	0.010	0.000	0.000	0.010
30	T	0.000	0.010	0.000	0.000	0.010
31	A	0.001	0.010	0.000	0.000	0.010
32	Q	0.001	0.009	0.000	0.000	0.009
33	A	0.000	0.009	0.000	0.000	0.009
34	N	0.007	0.002	0.000	0.000	0.002
35	S	0.000	0.002	0.000	0.000	0.002
36	C	0.000	0.001	0.000	0.000	0.001
37	C	0.000	0.001	0.000	0.000	0.001
38	T	0.000	0.001	0.000	0.000	0.001
39	S	0.000	0.001	0.000	0.000	0.001
40	L	0.000	0.001	0.000	0.000	0.001
>XP_001393102.1
pos	aa	C	S	n-reg	h-reg	c-reg
1	M	0.000	0.038	0.038	0.000	0.000
2	L	0.000	0.038	0.038	0.000	0.000
3	D	0.000	0.038	0.038	0.000	0.000
4	P	0.000	0.038	0.038	0.001	0.000
5	L	0.000	0.038	0.029	0.010	0.000
6	I	0.000	0.038	0.020	0.018	0.000
7	L	0.000	0.038	0.018	0.021	0.000
8	A	0.000	0.038	0.017	0.021	0.000
9	I	0.000	0.038	0.014	0.025	0.000
10	A	0.000	0.038	0.013	0.026	0.000
11	P	0.000	0.038	0.012	0.026	0.000
12	G	0.000	0.038	0.009	0.030	0.000
13	I	0.000	0.038	0.001	0.037	0.000
14	Y	0.000	0.038	0.001	0.037	0.001
15	F	0.000	0.038	0.000	0.037	0.001
16	L	0.000	0.038	0.000	0.037	0.002
17	Y	0.000	0.038	0.000	0.023	0.015
18	S	0.000	0.038	0.000	0.019	0.020
19	I	0.000	0.038	0.000	0.018	0.020
20	L	0.000	0.038	0.000	0.018	0.020
21	S	0.001	0.038	0.000	0.004	0.033
22	I	0.004	0.034	0.000	0.004	0.030
23	I	0.000	0.034	0.000	0.003	0.031
24	H	0.000	0.034	0.000	0.000	0.033
25	A	0.000	0.034	0.000	0.000	0.033
26	L	0.030	0.004	0.000	0.000	0.004
27	Y	0.000	0.004	0.000	0.000	0.004
28	L	0.000	0.004	0.000	0.000	0.004
29	H	0.003	0.000	0.000	0.000	0.000
30	P	0.000	0.000	0.000	0.000	0.000
31	L	0.000	0.000	0.000	0.000	0.000
32	R	0.000	0.000	0.000	0.000	0.000
33	H	0.000	0.000	0.000	0.000	0.000
34	I	0.000	0.000	0.000	0.000	0.000
35	P	0.000	0.000	0.000	0.000	0.000
36	G	0.000	0.000	0.000	0.000	0.000
37	P	0.000	0.000	0.000	0.000	0.000
38	K	0.000	0.000	0.000	0.000	0.000
39	S	0.000	0.000	0.000	0.000	0.000
40	W	0.000	0.000	0.000	0.000	0.000
>XP_001393108.2
pos	aa	C	S	n-reg	h-reg	c-reg
1	M	0.000	0.202	0.202	0.000	0.000
2	M	0.000	0.203	0.203	0.000	0.000
3	E	0.000	0.203	0.203	0.000	0.000
4	H	0.000	0.203	0.203	0.000	0.000
5	A	0.000	0.203	0.203	0.000	0.000
6	W	0.000	0.203	0.203	0.000	0.000
7	G	0.000	0.203	0.203	0.000	0.000
8	S	0.000	0.203	0.203	0.000	0.000
9	Y	0.000	0.203	0.203	0.000	0.000
10	V	0.000	0.203	0.203	0.000	0.000
11	T	0.000	0.203	0.203	0.000	0.000
12	A	0.000	0.203	0.203	0.000	0.000
13	S	0.000	0.203	0.203	0.000	0.000
14	K	0.000	0.203	0.203	0.000	0.000
15	V	0.000	0.203	0.192	0.011	0.000
16	W	0.000	0.203	0.186	0.017	0.000
17	F	0.000	0.203	0.174	0.029	0.000
18	Y	0.000	0.203	0.166	0.037	0.000
19	S	0.000	0.203	0.150	0.053	0.000
20	I	0.000	0.203	0.106	0.097	0.000
21	F	0.000	0.203	0.060	0.143	0.000
22	W	0.000	0.203	0.038	0.165	0.000
23	A	0.000	0.203	0.021	0.182	0.001
24	L	0.000	0.203	0.007	0.193	0.003
25	H	0.000	0.203	0.004	0.185	0.014
26	F	0.000	0.203	0.000	0.186	0.017
27	V	0.000	0.203	0.000	0.184	0.019
28	I	0.000	0.203	0.000	0.176	0.027
29	F	0.000	0.203	0.000	0.162	0.040
30	A	0.000	0.203	0.000	0.139	0.064
31	V	0.005	0.198	0.000	0.129	0.069
32	G	0.000	0.198	0.000	0.099	0.099
33	W	0.027	0.171	0.000	0.014	0.157
34	Y	0.000	0.170	0.000	0.003	0.167
35	V	0.000	0.170	0.000	0.001	0.169
36	Q	0.000	0.170	0.000	0.000	0.170
37	A	0.001	0.169	0.000	0.000	0.169
38	S	0.166	0.004	0.000	0.000	0.004
39	D	0.000	0.003	0.000	0.000	0.003
40	Q	0.000	0.003	0.000	0.000	0.003
>XP_001393109.2
pos	aa	C	S	n-reg	h-reg	c-reg
1	M	0.000	0.669	0.669	0.000	0.000
2	G	0.000	0.694	0.694	0.000	0.000
3	R	0.000	0.694	0.694	0.000	0.000
4	L	0.000	0.694	0.694	0.000	0.000
5	I	0.000	0.694	0.694	0.000	0.000
6	K	0.000	0.694	0.694	0.000	0.000
7	N	0.000	0.694	0.690	0.004	0.000
8	H	0.000	0.694	0.681	0.013	0.000
9	W	0.000	0.694	0.641	0.053	0.000
10	A	0.000	0.694	0.617	0.077	0.000
11	R	0.000	0.694	0.608	0.086	0.000
12	L	0.000	0.694	0.100	0.594	0.000
13	I	0.000	0.694	0.013	0.681	0.000
14	I	0.000	0.694	0.007	0.687	0.000
15	L	0.000	0.694	0.005	0.687	0.002
16	T	0.000	0.694	0.004	0.680	0.010
17	A	0.000	0.694	0.004	0.656	0.034
18	S	0.000	0.694	0.004	0.642	0.048
19	A	0.000	0.694	0.004	0.635	0.055
20	Y	0.022	0.672	0.004	0.419	0.249
21	Q	0.000	0.672	0.004	0.157	0.511
22	I	0.006	0.666	0.004	0.151	0.511
23	G	0.000	0.666	0.004	0.130	0.532
24	G	0.004	0.659	0.004	0.019	0.635
25	A	0.150	0.505	0.004	0.015	0.487
26	I	0.265	0.237	0.004	0.010	0.222
27	E	0.000	0.226	0.004	0.000	0.222
28	G	0.000	0.226	0.004	0.000	0.222
29	F	0.222	0.004	0.004	0.000	0.000
30	I	0.000	0.004	0.004	0.000	0.000
31	W	0.000	0.004	0.004	0.000	0.000
32	P	0.000	0.004	0.004	0.000	0.000
33	K	0.000	0.004	0.004	0.000	0.000
34	V	0.000	0.004	0.004	0.000	0.000
35	F	0.000	0.004	0.004	0.000	0.000
36	W	0.000	0.004	0.004	0.000	0.000
37	D	0.000	0.004	0.004	0.000	0.000
38	F	0.000	0.004	0.004	0.000	0.000
39	M	0.000	0.004	0.004	0.000	0.000
40	T	0.000	0.004	0.004	0.000	0.000
>XP_001393118.2
pos	aa	C	S	n-reg	h-reg	c-reg
1	M	0.000	0.540	0.540	0.000	0.000
2	F	0.000	0.549	0.549	0.000	0.000
3	L	0.000	0.549	0.478	0.070	0.000
4	S	0.000	0.549	0.446	0.103	0.000
5	I	0.000	0.549	0.307	0.242	0.000
6	S	0.000	0.549	0.198	0.351	0.000
7	I	0.000	0.549	0.097	0.451	0.000
8	A	0.000	0.549	0.073	0.476	0.000
9	S	0.000	0.549	0.046	0.502	0.000
10	W	0.000	0.549	0.035	0.514	0.000
11	L	0.000	0.549	0.015	0.533	0.001
12	V	0.000	0.549	0.009	0.537	0.003
13	I	0.000	0.549	0.005	0.526	0.018
14	G	0.000	0.549	0.004	0.461	0.084
15	I	0.001	0.548	0.002	0.428	0.118
16	I	0.000	0.548	0.001	0.375	0.172
17	G	0.000	0.548	0.000	0.068	0.479
18	V	0.020	0.528	0.000	0.058	0.470
19	G	0.000	0.528	0.000	0.047	0.480
20	L	0.020	0.508	0.000	0.047	0.461
21	C	0.010	0.498	0.000	0.045	0.453
22	L	0.443	0.054	0.000	0.028	0.026
23	V	0.002	0.052	0.000	0.019	0.033
24	V	0.000	0.049	0.000	0.013	0.037
25	K	0.000	0.044	0.000	0.002	0.042
26	L	0.000	0.044	0.000	0.002	0.042
27	F	0.031	0.013	0.000	0.000	0.012
28	E	0.000	0.013	0.000	0.000	0.013
29	T	0.000	0.013	0.000	0.000	0.013
30	S	0.007	0.006	0.000	0.000	0.006
31	S	0.000	0.006	0.000	0.000	0.006
32	V	0.005	0.001	0.000	0.000	0.001
33	P	0.000	0.001	0.000	0.000	0.001
34	N	0.001	0.000	0.000	0.000	0.000
35	G	0.000	0.000	0.000	0.000	0.000
36	I	0.000	0.000	0.000	0.000	0.000
37	P	0.000	0.000	0.000	0.000	0.000
38	R	0.000	0.000	0.000	0.000	0.000
39	V	0.000	0.000	0.000	0.000	0.000
40	L	0.000	0.000	0.000	0.000	0.000
>XP_001393123.1
pos	aa	C	S	n-reg	h-reg	c-reg
1	M	0.000	0.160	0.160	0.000	0.000
2	A	0.000	0.160	0.160	0.000	0.000
3	S	0.000	0.160	0.159	0.000	0.000
4	L	0.000	0.160	0.159	0.001	0.000
5	L	0.000	0.160	0.159	0.001	0.000
6	K	0.000	0.160	0.159	0.001	0.000
7	K	0.000	0.160	0.156	0.004	0.000
8	P	0.000	0.160	0.145	0.015	0.000
9	L	0.000	0.160	0.104	0.055	0.000
10	K	0.000	0.160	0.101	0.058	0.000
11	L	0.000	0.160	0.022	0.137	0.000
12	A	0.000	0.160	0.010	0.149	0.000
13	L	0.000	0.160	0.000	0.159	0.000
14	I	0.000	0.160	0.000	0.159	0.000
15	Q	0.000	0.160	0.000	0.154	0.005
16	L	0.000	0.160	0.000	0.149	0.010
17	A	0.000	0.160	0.000	0.116	0.043
18	S	0.000	0.160	0.000	0.105	0.055
19	G	0.000	0.159	0.000	0.073	0.087
20	A	0.027	0.133	0.000	0.060	0.073
21	D	0.025	0.108	0.000	0.007	0.101
22	K	0.000	0.108	0.000	0.001	0.107
23	T	0.000	0.108	0.000	0.000	0.107
24	V	0.005	0.103	0.000	0.000	0.103
25	N	0.000	0.103	0.000	0.000	0.103
26	L	0.000	0.103	0.000	0.000	0.103
27	A	0.030	0.073	0.000	0.000	0.073
28	H	0.010	0.063	0.000	0.000	0.063
29	A	0.000	0.063	0.000	0.000	0.063
30	R	0.062	0.001	0.000	0.000	0.001
31	S	0.000	0.001	0.000	0.000	0.001
32	K	0.001	0.000	0.000	0.000	0.000
33	V	0.000	0.000	0.000	0.000	0.000
34	L	0.000	0.000	0.000	0.000	0.000
35	E	0.000	0.000	0.000	0.000	0.000
36	A	0.000	0.000	0.000	0.000	0.000
37	A	0.000	0.000	0.000	0.000	0.000
38	K	0.000	0.000	0.000	0.000	0.000
39	A	0.000	0.000	0.000	0.000	0.000
40	G	0.000	0.000	0.000	0.000	0.000
>XP_001393132.2
pos	aa	C	S	n-reg	h-reg	c-reg
1	M	0.000	0.000	0.000	0.000	0.000
2	A	0.000	0.000	0.000	0.000	0.000
3	Y	0.000	0.000	0.000	0.000	0.000
4	F	0.000	0.000	0.000	0.000	0.000
5	L	0.000	0.000	0.000	0.000	0.000
6	P	0.000	0.000	0.000	0.000	0.000
7	S	0.000	0.000	0.000	0.000	0.000
8	F	0.000	0.000	0.000	0.000	0.000
9	F	0.000	0.000	0.000	0.000	0.000
10	Q	0.000	0.000	0.000	0.000	0.000
11	K	0.000	0.000	0.000	0.000	0.000
12	R	0.000	0.000	0.000	0.000	0.000
13	L	0.000	0.000	0.000	0.000	0.000
14	L	0.000	0.000	0.000	0.000	0.000
15	R	0.000	0.000	0.000	0.000	0.000
16	Y	0.000	0.000	0.000	0.000	0.000
17	A	0.000	0.000	0.000	0.000	0.000
18	L	0.000	0.000	0.000	0.000	0.000
19	S	0.000	0.000	0.000	0.000	0.000
20	R	0.000	0.000	0.000	0.000	0.000
21	L	0.000	0.000	0.000	0.000	0.000
22	G	0.000	0.000	0.000	0.000	0.000
23	L	0.000	0.000	0.000	0.000	0.000
24	V	0.000	0.000	0.000	0.000	0.000
25	D	0.000	0.000	0.000	0.000	0.000
26	T	0.000	0.000	0.000	0.000	0.000
27	E	0.000	0.000	0.000	0.000	0.000
28	A	0.000	0.000	0.000	0.000	0.000
29	L	0.000	0.000	0.000	0.000	0.000
30	D	0.000	0.000	0.000	0.000	0.000
31	L	0.000	0.000	0.000	0.000	0.000
32	D	0.000	0.000	0.000	0.000	0.000
33	S	0.000	0.000	0.000	0.000	0.000
34	L	0.000	0.000	0.000	0.000	0.000
35	G	0.000	0.000	0.000	0.000	0.000
36	I	0.000	0.000	0.000	0.000	0.000
37	R	0.000	0.000	0.000	0.000	0.000
38	W	0.000	0.000	0.000	0.000	0.000
39	G	0.000	0.000	0.000	0.000	0.000
40	Q	0.000	0.000	0.000	0.000	0.000
>XP_001393177.2
pos	aa	C	S	n-reg	h-reg	c-reg
1	M	0.000	0.953	0.953	0.000	0.000
2	A	0.000	0.995	0.995	0.000	0.000
3	T	0.000	0.995	0.995	0.000	0.000
4	P	0.000	0.995	0.995	0.000	0.000
5	A	0.000	0.995	0.995	0.000	0.000
6	A	0.000	0.995	0.995	0.000	0.000
7	L	0.000	0.995	0.995	0.000	0.000
8	P	0.000	0.995	0.995	0.000	0.000
9	P	0.000	0.995	0.995	0.000	0.000
10	L	0.000	0.995	0.995	0.000	0.000
11	P	0.000	0.995	0.995	0.000	0.000
12	F	0.000	0.995	0.995	0.000	0.000
13	N	0.000	0.995	0.995	0.000	0.000
14	P	0.000	0.995	0.995	0.000	0.000
15	S	0.000	0.995	0.995	0.000	0.000
16	R	0.000	0.995	0.995	0.000	0.000
17	V	0.000	0.995	0.995	0.000	0.000
18	R	0.000	0.995	0.995	0.000	0.000
19	S	0.000	0.995	0.995	0.000	0.000
20	Y	0.000	0.995	0.995	0.000	0.000
21	V	0.000	0.995	0.994	0.000	0.000
22	L	0.000	0.995	0.994	0.000	0.000
23	R	0.000	0.995	0.994	0.000	0.000
24	L	0.000	0.995	0.994	0.001	0.000
25	P	0.000	0.995	0.994	0.001	0.000
26	L	0.000	0.995	0.989	0.005	0.000
27	F	0.000	0.995	0.986	0.009	0.000
28	T	0.000	0.995	0.984	0.011	0.000
29	R	0.000	0.995	0.975	0.020	0.000
30	L	0.000	0.995	0.226	0.768	0.000
31	V	0.000	0.995	0.081	0.913	0.000
32	L	0.000	0.995	0.019	0.976	0.000
33	L	0.000	0.995	0.003	0.991	0.000
34	A	0.000	0.995	0.001	0.993	0.000
35	I	0.000	0.994	0.001	0.994	0.000
36	I	0.000	0.994	0.000	0.994	0.001
37	V	0.000	0.994	0.000	0.993	0.002
38	F	0.000	0.994	0.000	0.977	0.017
39	W	0.000	0.994	0.000	0.934	0.060
40	L	0.000	0.994	0.000	0.886	0.108
