>XP_001399699.2
pos	aa	C	S	n-reg	h-reg	c-reg
1	M	0.000	0.001	0.001	0.000	0.000
2	L	0.000	0.001	0.001	0.000	0.000
3	L	0.000	0.001	0.000	0.001	0.000
4	W	0.000	0.001	0.000	0.001	0.000
5	L	0.000	0.001	0.000	0.001	0.000
6	A	0.000	0.001	0.000	0.001	0.000
7	Y	0.000	0.001	0.000	0.001	0.000
8	Q	0.000	0.001	0.000	0.001	0.000
9	S	0.000	0.001	0.000	0.001	0.000
10	I	0.000	0.001	0.000	0.001	0.000
11	G	0.000	0.001	0.000	0.000	0.001
12	V	0.000	0.001	0.000	0.000	0.001
13	I	0.000	0.001	0.000	0.000	0.001
14	Y	0.000	0.001	0.000	0.000	0.001
15	G	0.000	0.001	0.000	0.000	0.001
16	D	0.001	0.000	0.000	0.000	0.000
17	I	0.000	0.000	0.000	0.000	0.000
18	G	0.000	0.000	0.000	0.000	0.000
19	T	0.000	0.000	0.000	0.000	0.000
20	S	0.000	0.000	0.000	0.000	0.000
21	P	0.000	0.000	0.000	0.000	0.000
22	L	0.000	0.000	0.000	0.000	0.000
23	Y	0.000	0.000	0.000	0.000	0.000
24	V	0.000	0.000	0.000	0.000	0.000
25	Y	0.000	0.000	0.000	0.000	0.000
26	S	0.000	0.000	0.000	0.000	0.000
27	S	0.000	0.000	0.000	0.000	0.000
28	T	0.000	0.000	0.000	0.000	0.000
29	F	0.000	0.000	0.000	0.000	0.000
30	T	0.000	0.000	0.000	0.000	0.000
31	E	0.000	0.000	0.000	0.000	0.000
32	P	0.000	0.000	0.000	0.000	0.000
33	P	0.000	0.000	0.000	0.000	0.000
34	S	0.000	0.000	0.000	0.000	0.000
35	R	0.000	0.000	0.000	0.000	0.000
36	Q	0.000	0.000	0.000	0.000	0.000
37	D	0.000	0.000	0.000	0.000	0.000
38	L	0.000	0.000	0.000	0.000	0.000
39	I	0.000	0.000	0.000	0.000	0.000
40	G	0.000	0.000	0.000	0.000	0.000
>XP_001399711.2
pos	aa	C	S	n-reg	h-reg	c-reg
1	M	0.000	0.460	0.460	0.000	0.000
2	S	0.000	0.465	0.465	0.000	0.000
3	S	0.000	0.465	0.465	0.000	0.000
4	T	0.000	0.465	0.464	0.001	0.000
5	S	0.000	0.465	0.464	0.001	0.000
6	S	0.000	0.465	0.464	0.001	0.000
7	F	0.000	0.465	0.464	0.001	0.000
8	G	0.000	0.465	0.464	0.001	0.000
9	G	0.000	0.465	0.463	0.002	0.000
10	T	0.000	0.465	0.458	0.007	0.000
11	G	0.000	0.465	0.452	0.013	0.000
12	S	0.000	0.465	0.445	0.020	0.000
13	S	0.000	0.465	0.432	0.032	0.001
14	L	0.000	0.465	0.408	0.056	0.001
15	A	0.000	0.465	0.407	0.057	0.001
16	R	0.000	0.465	0.406	0.058	0.001
17	A	0.000	0.465	0.288	0.176	0.001
18	V	0.001	0.464	0.180	0.283	0.000
19	V	0.000	0.464	0.141	0.322	0.001
20	I	0.000	0.464	0.109	0.354	0.001
21	V	0.000	0.464	0.091	0.369	0.005
22	A	0.000	0.464	0.083	0.334	0.047
23	G	0.000	0.464	0.074	0.339	0.051
24	V	0.000	0.464	0.046	0.367	0.051
25	S	0.000	0.464	0.034	0.359	0.071
26	A	0.000	0.463	0.016	0.361	0.086
27	L	0.048	0.416	0.003	0.366	0.047
28	V	0.000	0.416	0.001	0.337	0.078
29	A	0.000	0.416	0.000	0.202	0.213
30	S	0.013	0.402	0.000	0.154	0.248
31	L	0.012	0.391	0.000	0.140	0.250
32	L	0.009	0.381	0.000	0.102	0.279
33	S	0.015	0.367	0.000	0.082	0.284
34	L	0.067	0.299	0.000	0.078	0.221
35	L	0.031	0.268	0.000	0.051	0.217
36	S	0.022	0.246	0.000	0.028	0.218
37	I	0.125	0.120	0.000	0.012	0.108
38	W	0.000	0.120	0.000	0.006	0.114
39	L	0.000	0.119	0.000	0.003	0.117
40	Q	0.062	0.055	0.000	0.001	0.054
>XP_001399715.2
pos	aa	C	S	n-reg	h-reg	c-reg
1	M	0.000	0.960	0.960	0.000	0.000
2	G	0.000	0.997	0.997	0.000	0.000
3	R	0.000	0.997	0.997	0.000	0.000
4	L	0.000	0.997	0.995	0.002	0.000
5	V	0.000	0.997	0.995	0.002	0.000
6	I	0.000	0.997	0.994	0.003	0.000
7	Y	0.000	0.997	0.991	0.006	0.000
8	F	0.000	0.997	0.986	0.011	0.000
9	P	0.000	0.997	0.984	0.013	0.000
10	T	0.000	0.997	0.941	0.056	0.000
11	I	0.000	0.997	0.794	0.203	0.000
12	T	0.000	0.997	0.719	0.277	0.000
13	A	0.000	0.997	0.583	0.414	0.000
14	F	0.000	0.997	0.248	0.749	0.000
15	I	0.000	0.997	0.080	0.916	0.001
16	A	0.000	0.997	0.043	0.952	0.002
17	F	0.000	0.997	0.015	0.979	0.002
18	I	0.000	0.997	0.002	0.993	0.003
19	L	0.000	0.997	0.000	0.992	0.005
20	T	0.000	0.997	0.000	0.987	0.010
21	L	0.000	0.996	0.000	0.983	0.013
22	L	0.000	0.996	0.000	0.916	0.080
23	C	0.000	0.996	0.000	0.734	0.262
24	L	0.002	0.993	0.000	0.651	0.343
25	F	0.000	0.991	0.000	0.550	0.442
26	A	0.000	0.987	0.000	0.079	0.908
27	G	0.018	0.964	0.000	0.033	0.931
28	T	0.007	0.954	0.000	0.024	0.930
29	Q	0.060	0.891	0.000	0.019	0.872
30	L	0.013	0.878	0.000	0.019	0.859
31	T	0.784	0.092	0.000	0.017	0.076
32	V	0.030	0.062	0.000	0.016	0.046
33	L	0.000	0.059	0.000	0.013	0.046
34	P	0.004	0.047	0.000	0.005	0.042
35	G	0.026	0.020	0.000	0.004	0.016
36	V	0.014	0.005	0.000	0.003	0.001
37	D	0.000	0.003	0.000	0.002	0.001
38	I	0.000	0.003	0.000	0.002	0.001
39	F	0.000	0.003	0.000	0.002	0.001
40	T	0.000	0.003	0.000	0.002	0.001
>XP_001399725.1
pos	aa	C	S	n-reg	h-reg	c-reg
1	M	0.000	0.996	0.996	0.000	0.000
2	R	0.000	0.996	0.996	0.000	0.000
3	V	0.000	0.996	0.816	0.180	0.000
4	S	0.000	0.996	0.585	0.411	0.000
5	L	0.000	0.996	0.195	0.801	0.000
6	L	0.000	0.996	0.053	0.944	0.000
7	A	0.000	0.996	0.026	0.970	0.000
8	W	0.000	0.996	0.012	0.984	0.000
9	S	0.000	0.996	0.003	0.993	0.000
10	L	0.000	0.996	0.000	0.996	0.000
11	L	0.000	0.996	0.000	0.995	0.001
12	S	0.000	0.996	0.000	0.954	0.042
13	L	0.000	0.996	0.000	0.912	0.084
14	L	0.000	0.996	0.000	0.837	0.159
15	S	0.000	0.996	0.000	0.681	0.315
16	I	0.000	0.996	0.000	0.207	0.789
17	P	0.000	0.996	0.000	0.013	0.982
18	A	0.000	0.995	0.000	0.002	0.993
19	L	0.003	0.992	0.000	0.001	0.991
20	A	0.001	0.991	0.000	0.001	0.991
21	A	0.922	0.069	0.000	0.000	0.069
22	P	0.019	0.050	0.000	0.000	0.050
23	S	0.042	0.008	0.000	0.000	0.008
24	D	0.007	0.001	0.000	0.000	0.001
25	N	0.000	0.001	0.000	0.000	0.001
26	V	0.000	0.001	0.000	0.000	0.001
27	S	0.000	0.001	0.000	0.000	0.001
28	P	0.000	0.001	0.000	0.000	0.001
29	S	0.000	0.000	0.000	0.000	0.000
30	H	0.000	0.000	0.000	0.000	0.000
31	H	0.000	0.000	0.000	0.000	0.000
32	L	0.000	0.000	0.000	0.000	0.000
33	V	0.000	0.000	0.000	0.000	0.000
34	K	0.000	0.000	0.000	0.000	0.000
35	R	0.000	0.000	0.000	0.000	0.000
36	G	0.000	0.000	0.000	0.000	0.000
37	D	0.000	0.000	0.000	0.000	0.000
38	S	0.000	0.000	0.000	0.000	0.000
39	D	0.000	0.000	0.000	0.000	0.000
40	V	0.000	0.000	0.000	0.000	0.000
>XP_001399729.2
pos	aa	C	S	n-reg	h-reg	c-reg
1	M	0.000	0.003	0.003	0.000	0.000
2	S	0.000	0.024	0.024	0.000	0.000
3	H	0.000	0.024	0.024	0.001	0.000
4	F	0.000	0.024	0.023	0.002	0.000
5	L	0.000	0.024	0.023	0.002	0.000
6	L	0.000	0.024	0.023	0.002	0.000
7	F	0.000	0.024	0.023	0.002	0.000
8	I	0.000	0.024	0.023	0.002	0.000
9	F	0.000	0.024	0.023	0.002	0.000
10	R	0.000	0.024	0.023	0.002	0.000
11	K	0.000	0.024	0.023	0.001	0.001
12	L	0.000	0.024	0.022	0.002	0.001
13	L	0.000	0.024	0.022	0.002	0.001
14	N	0.000	0.024	0.022	0.001	0.001
15	T	0.000	0.024	0.022	0.001	0.002
16	F	0.001	0.024	0.022	0.001	0.001
17	I	0.000	0.024	0.022	0.001	0.001
18	Y	0.000	0.024	0.022	0.001	0.001
19	S	0.000	0.024	0.022	0.001	0.001
20	T	0.001	0.023	0.022	0.001	0.000
21	R	0.000	0.023	0.022	0.000	0.001
22	H	0.000	0.023	0.022	0.000	0.001
23	D	0.000	0.023	0.022	0.000	0.001
24	P	0.000	0.023	0.022	0.000	0.001
25	L	0.000	0.023	0.022	0.000	0.001
26	L	0.000	0.023	0.022	0.000	0.001
27	A	0.000	0.023	0.022	0.000	0.001
28	N	0.000	0.022	0.022	0.000	0.001
29	A	0.000	0.022	0.022	0.000	0.001
30	H	0.001	0.022	0.022	0.000	0.000
31	G	0.000	0.022	0.022	0.000	0.000
32	L	0.000	0.022	0.022	0.000	0.000
33	F	0.000	0.022	0.022	0.000	0.000
34	Q	0.000	0.022	0.022	0.000	0.000
35	K	0.000	0.022	0.022	0.000	0.000
36	G	0.000	0.022	0.022	0.000	0.000
37	L	0.000	0.022	0.022	0.000	0.000
38	P	0.000	0.022	0.022	0.000	0.000
39	T	0.000	0.022	0.022	0.000	0.000
40	Q	0.000	0.022	0.022	0.000	0.000
>XP_001399745.1
pos	aa	C	S	n-reg	h-reg	c-reg
1	M	0.000	0.856	0.856	0.000	0.000
2	K	0.000	0.856	0.856	0.000	0.000
3	F	0.000	0.856	0.825	0.031	0.000
4	S	0.000	0.856	0.805	0.051	0.000
5	N	0.000	0.856	0.786	0.070	0.000
6	I	0.000	0.856	0.258	0.597	0.000
7	F	0.000	0.856	0.053	0.803	0.000
8	A	0.000	0.856	0.035	0.821	0.000
9	A	0.000	0.856	0.016	0.840	0.000
10	A	0.000	0.856	0.000	0.856	0.000
11	V	0.000	0.856	0.000	0.854	0.002
12	A	0.000	0.856	0.000	0.848	0.008
13	A	0.000	0.856	0.000	0.843	0.013
14	F	0.000	0.856	0.000	0.798	0.058
15	G	0.000	0.856	0.000	0.487	0.369
16	L	0.002	0.854	0.000	0.463	0.390
17	V	0.000	0.854	0.000	0.401	0.453
18	R	0.000	0.854	0.000	0.001	0.853
19	S	0.000	0.854	0.000	0.000	0.853
20	G	0.300	0.553	0.000	0.000	0.553
21	Y	0.006	0.547	0.000	0.000	0.547
22	S	0.000	0.547	0.000	0.000	0.547
23	Q	0.547	0.000	0.000	0.000	0.000
24	I	0.000	0.000	0.000	0.000	0.000
25	V	0.000	0.000	0.000	0.000	0.000
26	K	0.000	0.000	0.000	0.000	0.000
27	H	0.000	0.000	0.000	0.000	0.000
28	R	0.000	0.000	0.000	0.000	0.000
29	P	0.000	0.000	0.000	0.000	0.000
30	S	0.000	0.000	0.000	0.000	0.000
31	E	0.000	0.000	0.000	0.000	0.000
32	G	0.000	0.000	0.000	0.000	0.000
33	A	0.000	0.000	0.000	0.000	0.000
34	G	0.000	0.000	0.000	0.000	0.000
35	V	0.000	0.000	0.000	0.000	0.000
36	S	0.000	0.000	0.000	0.000	0.000
37	Y	0.000	0.000	0.000	0.000	0.000
38	S	0.000	0.000	0.000	0.000	0.000
39	I	0.000	0.000	0.000	0.000	0.000
40	N	0.000	0.000	0.000	0.000	0.000
>XP_001399788.2
pos	aa	C	S	n-reg	h-reg	c-reg
1	M	0.000	0.352	0.352	0.000	0.000
2	A	0.000	0.353	0.353	0.000	0.000
3	G	0.000	0.353	0.353	0.000	0.000
4	G	0.000	0.353	0.353	0.000	0.000
5	F	0.000	0.353	0.353	0.000	0.000
6	L	0.000	0.353	0.353	0.000	0.000
7	P	0.000	0.353	0.353	0.000	0.000
8	Y	0.000	0.353	0.353	0.000	0.000
9	H	0.000	0.353	0.353	0.000	0.000
10	E	0.000	0.353	0.353	0.000	0.000
11	P	0.000	0.353	0.351	0.002	0.000
12	G	0.000	0.353	0.336	0.018	0.000
13	I	0.000	0.353	0.256	0.097	0.000
14	V	0.000	0.353	0.217	0.136	0.000
15	N	0.000	0.353	0.198	0.155	0.000
16	I	0.000	0.353	0.062	0.291	0.000
17	L	0.000	0.353	0.016	0.337	0.000
18	I	0.000	0.353	0.005	0.349	0.000
19	L	0.000	0.353	0.001	0.352	0.000
20	I	0.000	0.353	0.000	0.353	0.000
21	S	0.000	0.353	0.000	0.340	0.012
22	F	0.000	0.353	0.000	0.331	0.022
23	F	0.000	0.353	0.000	0.323	0.030
24	F	0.000	0.353	0.000	0.306	0.047
25	F	0.000	0.353	0.000	0.180	0.173
26	L	0.000	0.353	0.000	0.133	0.220
27	S	0.000	0.353	0.000	0.027	0.326
28	L	0.000	0.353	0.000	0.019	0.333
29	A	0.002	0.350	0.000	0.010	0.339
30	E	0.274	0.076	0.000	0.000	0.075
31	W	0.000	0.076	0.000	0.000	0.075
32	I	0.000	0.076	0.000	0.000	0.076
33	S	0.000	0.076	0.000	0.000	0.076
34	S	0.004	0.071	0.000	0.000	0.071
35	K	0.067	0.004	0.000	0.000	0.004
36	I	0.000	0.004	0.000	0.000	0.004
37	I	0.000	0.004	0.000	0.000	0.004
38	R	0.000	0.004	0.000	0.000	0.004
39	A	0.000	0.004	0.000	0.000	0.004
40	G	0.004	0.000	0.000	0.000	0.000
>XP_001399791.2
pos	aa	C	S	n-reg	h-reg	c-reg
1	M	0.000	0.981	0.981	0.000	0.000
2	H	0.000	0.981	0.981	0.000	0.000
3	S	0.000	0.981	0.709	0.272	0.000
4	L	0.000	0.981	0.017	0.964	0.000
5	L	0.000	0.981	0.005	0.976	0.000
6	L	0.000	0.981	0.000	0.981	0.000
7	C	0.000	0.981	0.000	0.981	0.000
8	S	0.000	0.981	0.000	0.981	0.000
9	S	0.000	0.981	0.000	0.981	0.000
10	L	0.000	0.981	0.000	0.981	0.000
11	V	0.000	0.981	0.000	0.945	0.036
12	G	0.000	0.981	0.000	0.106	0.875
13	L	0.000	0.981	0.000	0.078	0.903
14	A	0.000	0.981	0.000	0.030	0.951
15	S	0.002	0.979	0.000	0.001	0.978
16	A	0.001	0.978	0.000	0.000	0.978
17	A	0.926	0.051	0.000	0.000	0.051
18	E	0.017	0.035	0.000	0.000	0.034
19	L	0.000	0.035	0.000	0.000	0.034
20	E	0.034	0.001	0.000	0.000	0.001
21	K	0.000	0.001	0.000	0.000	0.001
22	R	0.000	0.001	0.000	0.000	0.001
23	H	0.000	0.001	0.000	0.000	0.001
24	G	0.000	0.001	0.000	0.000	0.001
25	G	0.000	0.001	0.000	0.000	0.001
26	G	0.000	0.001	0.000	0.000	0.000
27	G	0.000	0.001	0.000	0.000	0.000
28	W	0.000	0.001	0.000	0.000	0.000
29	A	0.000	0.001	0.000	0.000	0.000
30	F	0.000	0.000	0.000	0.000	0.000
31	Y	0.000	0.000	0.000	0.000	0.000
32	E	0.000	0.000	0.000	0.000	0.000
33	M	0.000	0.000	0.000	0.000	0.000
34	L	0.000	0.000	0.000	0.000	0.000
35	N	0.000	0.000	0.000	0.000	0.000
36	D	0.000	0.000	0.000	0.000	0.000
37	D	0.000	0.000	0.000	0.000	0.000
38	L	0.000	0.000	0.000	0.000	0.000
39	A	0.000	0.000	0.000	0.000	0.000
40	R	0.000	0.000	0.000	0.000	0.000
>XP_001399797.2
pos	aa	C	S	n-reg	h-reg	c-reg
1	M	0.000	0.973	0.973	0.000	0.000
2	R	0.000	1.000	1.000	0.000	0.000
3	I	0.000	1.000	1.000	0.000	0.000
4	R	0.000	1.000	1.000	0.000	0.000
5	Y	0.000	1.000	0.998	0.002	0.000
6	P	0.000	1.000	0.986	0.013	0.000
7	F	0.000	1.000	0.893	0.107	0.000
8	A	0.000	1.000	0.864	0.136	0.000
9	G	0.000	1.000	0.830	0.169	0.000
10	A	0.000	1.000	0.618	0.382	0.000
11	F	0.000	1.000	0.342	0.658	0.000
12	L	0.000	1.000	0.162	0.838	0.000
13	F	0.000	1.000	0.063	0.937	0.000
14	L	0.000	1.000	0.012	0.986	0.002
15	L	0.000	1.000	0.005	0.986	0.009
16	I	0.000	1.000	0.003	0.977	0.020
17	L	0.000	1.000	0.003	0.967	0.030
18	A	0.000	1.000	0.002	0.916	0.082
19	A	0.015	0.984	0.002	0.844	0.138
20	Y	0.003	0.980	0.002	0.824	0.154
21	I	0.000	0.979	0.002	0.788	0.189
22	G	0.000	0.978	0.002	0.469	0.506
23	L	0.009	0.967	0.002	0.291	0.673
24	L	0.057	0.905	0.002	0.181	0.721
25	P	0.004	0.888	0.002	0.016	0.870
26	H	0.062	0.824	0.002	0.001	0.821
27	S	0.000	0.824	0.002	0.000	0.821
28	T	0.005	0.820	0.002	0.000	0.817
29	S	0.002	0.817	0.002	0.000	0.815
30	S	0.202	0.615	0.002	0.000	0.613
31	T	0.526	0.089	0.002	0.000	0.086
32	L	0.053	0.036	0.002	0.000	0.033
33	P	0.000	0.035	0.002	0.000	0.033
34	S	0.014	0.021	0.002	0.000	0.019
35	Q	0.002	0.019	0.002	0.000	0.017
36	L	0.000	0.019	0.002	0.000	0.016
37	Q	0.011	0.008	0.002	0.000	0.006
38	P	0.000	0.008	0.002	0.000	0.006
39	N	0.005	0.003	0.002	0.000	0.000
40	D	0.000	0.003	0.002	0.000	0.000
>XP_001399802.1
pos	aa	C	S	n-reg	h-reg	c-reg
1	M	0.000	1.000	1.000	0.000	0.000
2	R	0.000	1.000	1.000	0.000	0.000
3	A	0.000	1.000	0.998	0.002	0.000
4	A	0.000	1.000	0.996	0.004	0.000
5	R	0.000	1.000	0.992	0.007	0.000
6	L	0.000	1.000	0.531	0.469	0.000
7	S	0.000	1.000	0.425	0.574	0.000
8	F	0.000	1.000	0.224	0.775	0.000
9	L	0.000	1.000	0.053	0.947	0.000
10	L	0.000	1.000	0.023	0.977	0.000
11	Y	0.000	1.000	0.018	0.981	0.000
12	S	0.000	1.000	0.010	0.989	0.000
13	L	0.000	1.000	0.001	0.998	0.001
14	S	0.000	1.000	0.001	0.937	0.062
15	L	0.000	1.000	0.000	0.922	0.077
16	V	0.000	1.000	0.000	0.875	0.125
17	A	0.000	1.000	0.000	0.490	0.510
18	V	0.000	0.999	0.000	0.410	0.589
19	V	0.000	0.999	0.000	0.297	0.702
20	A	0.000	0.999	0.000	0.125	0.874
21	G	0.025	0.974	0.000	0.007	0.966
22	Q	0.436	0.538	0.000	0.002	0.536
23	S	0.005	0.533	0.000	0.001	0.532
24	A	0.130	0.402	0.000	0.001	0.401
25	A	0.162	0.240	0.000	0.001	0.240
26	V	0.168	0.072	0.000	0.001	0.071
27	T	0.000	0.072	0.000	0.000	0.072
28	S	0.010	0.062	0.000	0.000	0.062
29	V	0.015	0.047	0.000	0.000	0.047
30	G	0.000	0.047	0.000	0.000	0.047
31	N	0.004	0.043	0.000	0.000	0.043
32	A	0.000	0.043	0.000	0.000	0.043
33	V	0.001	0.041	0.000	0.000	0.041
34	T	0.000	0.041	0.000	0.000	0.041
35	S	0.000	0.041	0.000	0.000	0.041
36	A	0.000	0.041	0.000	0.000	0.041
37	A	0.001	0.039	0.000	0.000	0.039
38	A	0.002	0.038	0.000	0.000	0.038
39	A	0.016	0.021	0.000	0.000	0.021
40	A	0.004	0.018	0.000	0.000	0.018
>XP_001399807.2
pos	aa	C	S	n-reg	h-reg	c-reg
1	M	0.000	0.740	0.740	0.000	0.000
2	R	0.000	0.740	0.740	0.000	0.000
3	P	0.000	0.740	0.710	0.030	0.000
4	S	0.000	0.740	0.503	0.237	0.000
5	L	0.000	0.740	0.147	0.593	0.000
6	A	0.000	0.740	0.057	0.683	0.000
7	V	0.000	0.740	0.012	0.728	0.000
8	L	0.000	0.740	0.004	0.735	0.000
9	A	0.000	0.740	0.002	0.738	0.000
10	A	0.000	0.740	0.001	0.738	0.000
11	A	0.000	0.740	0.001	0.736	0.003
12	L	0.000	0.740	0.001	0.707	0.033
13	Q	0.000	0.740	0.001	0.400	0.339
14	A	0.000	0.740	0.000	0.325	0.414
15	T	0.001	0.739	0.000	0.216	0.523
16	V	0.000	0.739	0.000	0.176	0.563
17	G	0.000	0.739	0.000	0.014	0.725
18	I	0.041	0.698	0.000	0.009	0.689
19	A	0.000	0.698	0.000	0.004	0.694
20	S	0.161	0.536	0.000	0.002	0.535
21	S	0.029	0.507	0.000	0.001	0.506
22	L	0.489	0.019	0.000	0.001	0.018
23	T	0.004	0.015	0.000	0.001	0.014
24	P	0.009	0.006	0.000	0.000	0.006
25	P	0.000	0.005	0.000	0.000	0.005
26	V	0.000	0.005	0.000	0.000	0.005
27	L	0.000	0.005	0.000	0.000	0.005
28	P	0.000	0.005	0.000	0.000	0.005
29	L	0.005	0.000	0.000	0.000	0.000
30	I	0.000	0.000	0.000	0.000	0.000
31	V	0.000	0.000	0.000	0.000	0.000
32	R	0.000	0.000	0.000	0.000	0.000
33	N	0.000	0.000	0.000	0.000	0.000
34	P	0.000	0.000	0.000	0.000	0.000
35	Y	0.000	0.000	0.000	0.000	0.000
36	L	0.000	0.000	0.000	0.000	0.000
37	S	0.000	0.000	0.000	0.000	0.000
38	T	0.000	0.000	0.000	0.000	0.000
39	W	0.000	0.000	0.000	0.000	0.000
40	L	0.000	0.000	0.000	0.000	0.000
>XP_001399855.1
pos	aa	C	S	n-reg	h-reg	c-reg
1	M	0.000	0.997	0.997	0.000	0.000
2	K	0.000	0.997	0.997	0.000	0.000
3	S	0.000	0.997	0.851	0.146	0.000
4	A	0.000	0.997	0.671	0.327	0.000
5	S	0.000	0.997	0.541	0.457	0.000
6	L	0.000	0.997	0.007	0.990	0.000
7	L	0.000	0.997	0.000	0.997	0.000
8	T	0.000	0.997	0.000	0.997	0.000
9	A	0.000	0.997	0.000	0.997	0.000
10	S	0.000	0.997	0.000	0.997	0.000
11	V	0.000	0.997	0.000	0.996	0.001
12	L	0.000	0.997	0.000	0.990	0.008
13	L	0.000	0.997	0.000	0.944	0.054
14	G	0.000	0.997	0.000	0.049	0.949
15	C	0.000	0.997	0.000	0.015	0.982
16	A	0.000	0.997	0.000	0.000	0.997
17	S	0.003	0.994	0.000	0.000	0.994
18	A	0.086	0.909	0.000	0.000	0.909
19	E	0.908	0.000	0.000	0.000	0.000
20	V	0.000	0.000	0.000	0.000	0.000
21	H	0.000	0.000	0.000	0.000	0.000
22	K	0.000	0.000	0.000	0.000	0.000
23	L	0.000	0.000	0.000	0.000	0.000
24	K	0.000	0.000	0.000	0.000	0.000
25	L	0.000	0.000	0.000	0.000	0.000
26	N	0.000	0.000	0.000	0.000	0.000
27	K	0.000	0.000	0.000	0.000	0.000
28	V	0.000	0.000	0.000	0.000	0.000
29	P	0.000	0.000	0.000	0.000	0.000
30	L	0.000	0.000	0.000	0.000	0.000
31	E	0.000	0.000	0.000	0.000	0.000
32	E	0.000	0.000	0.000	0.000	0.000
33	Q	0.000	0.000	0.000	0.000	0.000
34	L	0.000	0.000	0.000	0.000	0.000
35	Y	0.000	0.000	0.000	0.000	0.000
36	T	0.000	0.000	0.000	0.000	0.000
37	H	0.000	0.000	0.000	0.000	0.000
38	N	0.000	0.000	0.000	0.000	0.000
39	I	0.000	0.000	0.000	0.000	0.000
40	D	0.000	0.000	0.000	0.000	0.000
>XP_001399858.2
pos	aa	C	S	n-reg	h-reg	c-reg
1	M	0.000	0.031	0.031	0.000	0.000
2	A	0.000	0.999	0.999	0.000	0.000
3	M	0.000	0.999	0.999	0.000	0.000
4	R	0.000	0.999	0.999	0.000	0.000
5	I	0.000	0.999	0.999	0.000	0.000
6	Y	0.000	0.999	0.999	0.000	0.000
7	H	0.000	0.999	0.999	0.000	0.000
8	R	0.000	0.999	0.999	0.000	0.000
9	R	0.000	0.999	0.999	0.000	0.000
10	P	0.000	0.999	0.999	0.000	0.000
11	R	0.000	0.999	0.999	0.000	0.000
12	R	0.000	0.999	0.999	0.000	0.000
13	Y	0.000	0.999	0.999	0.000	0.000
14	H	0.000	0.999	0.999	0.000	0.000
15	W	0.000	0.999	0.999	0.000	0.000
16	P	0.000	0.999	0.999	0.000	0.000
17	E	0.000	0.999	0.998	0.001	0.000
18	L	0.000	0.999	0.981	0.018	0.000
19	Q	0.000	0.999	0.975	0.023	0.000
20	L	0.000	0.999	0.948	0.051	0.000
21	N	0.000	0.999	0.938	0.060	0.000
22	I	0.000	0.999	0.663	0.336	0.000
23	W	0.000	0.999	0.579	0.420	0.000
24	I	0.000	0.999	0.461	0.538	0.000
25	L	0.000	0.999	0.426	0.573	0.000
26	V	0.000	0.999	0.411	0.587	0.000
27	V	0.000	0.999	0.408	0.590	0.001
28	L	0.000	0.999	0.407	0.587	0.004
29	S	0.000	0.999	0.407	0.579	0.012
30	S	0.000	0.999	0.406	0.573	0.019
31	S	0.000	0.999	0.405	0.573	0.020
32	A	0.001	0.998	0.403	0.572	0.023
33	I	0.005	0.993	0.402	0.573	0.018
34	C	0.000	0.992	0.401	0.572	0.019
35	L	0.005	0.985	0.401	0.566	0.017
36	G	0.000	0.979	0.401	0.559	0.019
37	I	0.012	0.964	0.401	0.555	0.007
38	F	0.000	0.954	0.401	0.545	0.007
39	A	0.000	0.930	0.401	0.521	0.007
40	W	0.007	0.895	0.401	0.493	0.000
>XP_001399870.1
pos	aa	C	S	n-reg	h-reg	c-reg
1	M	0.000	0.060	0.060	0.000	0.000
2	S	0.000	0.060	0.060	0.000	0.000
3	K	0.000	0.060	0.060	0.000	0.000
4	L	0.000	0.060	0.059	0.001	0.000
5	S	0.000	0.060	0.059	0.001	0.000
6	N	0.000	0.060	0.058	0.002	0.000
7	P	0.000	0.060	0.053	0.007	0.000
8	V	0.000	0.060	0.037	0.023	0.000
9	S	0.000	0.060	0.032	0.028	0.000
10	L	0.000	0.060	0.021	0.039	0.000
11	L	0.000	0.060	0.013	0.047	0.000
12	A	0.000	0.060	0.012	0.048	0.000
13	A	0.000	0.060	0.011	0.049	0.000
14	I	0.000	0.060	0.010	0.050	0.000
15	L	0.000	0.060	0.010	0.050	0.001
16	V	0.000	0.060	0.009	0.040	0.011
17	R	0.000	0.060	0.009	0.030	0.021
18	V	0.000	0.060	0.007	0.029	0.023
19	P	0.000	0.060	0.006	0.026	0.027
20	L	0.002	0.058	0.002	0.030	0.027
21	V	0.010	0.048	0.001	0.028	0.019
22	L	0.000	0.048	0.001	0.019	0.028
23	K	0.005	0.043	0.001	0.009	0.033
24	T	0.000	0.043	0.001	0.009	0.033
25	I	0.009	0.034	0.000	0.010	0.024
26	L	0.000	0.034	0.000	0.010	0.025
27	L	0.003	0.031	0.000	0.009	0.022
28	H	0.010	0.021	0.000	0.002	0.018
29	A	0.000	0.021	0.000	0.002	0.019
30	I	0.010	0.011	0.000	0.002	0.009
31	R	0.000	0.011	0.000	0.002	0.009
32	L	0.000	0.011	0.000	0.001	0.010
33	S	0.008	0.003	0.000	0.000	0.003
34	P	0.000	0.003	0.000	0.000	0.003
35	V	0.000	0.003	0.000	0.000	0.003
36	T	0.000	0.003	0.000	0.000	0.003
37	G	0.000	0.003	0.000	0.000	0.003
38	K	0.003	0.000	0.000	0.000	0.000
39	Q	0.000	0.000	0.000	0.000	0.000
40	D	0.000	0.000	0.000	0.000	0.000
>XP_001399877.1
pos	aa	C	S	n-reg	h-reg	c-reg
1	M	0.000	0.523	0.523	0.000	0.000
2	S	0.000	0.523	0.523	0.000	0.000
3	A	0.000	0.523	0.444	0.079	0.000
4	P	0.000	0.523	0.383	0.140	0.000
5	V	0.000	0.523	0.112	0.412	0.000
6	F	0.000	0.523	0.013	0.510	0.000
7	L	0.000	0.523	0.004	0.519	0.000
8	G	0.000	0.523	0.003	0.521	0.000
9	I	0.000	0.523	0.001	0.522	0.000
10	I	0.000	0.523	0.001	0.522	0.000
11	G	0.000	0.523	0.001	0.507	0.015
12	V	0.000	0.523	0.000	0.494	0.029
13	G	0.000	0.523	0.000	0.271	0.252
14	G	0.000	0.523	0.000	0.066	0.457
15	V	0.003	0.520	0.000	0.054	0.465
16	G	0.000	0.520	0.000	0.010	0.509
17	T	0.007	0.513	0.000	0.006	0.506
18	A	0.205	0.308	0.000	0.003	0.304
19	F	0.227	0.081	0.000	0.003	0.078
20	L	0.000	0.081	0.000	0.002	0.079
21	H	0.067	0.013	0.000	0.000	0.013
22	Q	0.000	0.013	0.000	0.000	0.013
23	L	0.001	0.012	0.000	0.000	0.012
24	A	0.001	0.011	0.000	0.000	0.010
25	R	0.005	0.006	0.000	0.000	0.006
26	L	0.000	0.006	0.000	0.000	0.006
27	P	0.002	0.004	0.000	0.000	0.004
28	N	0.000	0.004	0.000	0.000	0.003
29	A	0.000	0.004	0.000	0.000	0.003
30	P	0.000	0.004	0.000	0.000	0.003
31	K	0.000	0.004	0.000	0.000	0.003
32	L	0.000	0.004	0.000	0.000	0.003
33	I	0.000	0.004	0.000	0.000	0.003
34	L	0.000	0.004	0.000	0.000	0.003
35	L	0.000	0.004	0.000	0.000	0.003
36	A	0.001	0.003	0.000	0.000	0.003
37	R	0.001	0.002	0.000	0.000	0.002
38	S	0.000	0.002	0.000	0.000	0.002
39	T	0.001	0.001	0.000	0.000	0.001
40	Q	0.000	0.001	0.000	0.000	0.001
>XP_001399889.1
pos	aa	C	S	n-reg	h-reg	c-reg
1	M	0.000	0.574	0.574	0.000	0.000
2	A	0.000	0.674	0.674	0.000	0.000
3	K	0.000	0.674	0.674	0.000	0.000
4	L	0.000	0.674	0.674	0.000	0.000
5	E	0.000	0.674	0.674	0.000	0.000
6	P	0.000	0.674	0.674	0.000	0.000
7	Y	0.000	0.674	0.673	0.001	0.000
8	V	0.000	0.674	0.673	0.002	0.000
9	P	0.000	0.674	0.673	0.002	0.000
10	G	0.000	0.674	0.671	0.003	0.000
11	Y	0.000	0.674	0.670	0.005	0.000
12	Y	0.000	0.674	0.669	0.006	0.000
13	L	0.000	0.674	0.668	0.007	0.000
14	W	0.000	0.674	0.667	0.007	0.000
15	S	0.000	0.674	0.667	0.008	0.000
16	Y	0.000	0.674	0.665	0.009	0.000
17	M	0.000	0.674	0.662	0.012	0.000
18	P	0.000	0.674	0.658	0.016	0.001
19	S	0.000	0.674	0.589	0.085	0.001
20	V	0.000	0.674	0.430	0.244	0.001
21	P	0.000	0.674	0.387	0.287	0.001
22	A	0.000	0.674	0.210	0.464	0.001
23	A	0.001	0.674	0.066	0.607	0.000
24	V	0.000	0.674	0.012	0.662	0.000
25	I	0.000	0.674	0.005	0.669	0.000
26	F	0.000	0.674	0.003	0.671	0.000
27	F	0.000	0.674	0.003	0.670	0.001
28	V	0.000	0.674	0.002	0.667	0.005
29	L	0.000	0.674	0.002	0.658	0.013
30	F	0.000	0.673	0.002	0.630	0.041
31	L	0.000	0.672	0.002	0.314	0.356
32	G	0.000	0.666	0.002	0.124	0.540
33	A	0.001	0.661	0.002	0.094	0.565
34	T	0.009	0.642	0.002	0.083	0.556
35	G	0.011	0.618	0.002	0.071	0.545
36	I	0.541	0.067	0.002	0.059	0.006
37	H	0.000	0.042	0.002	0.030	0.010
38	F	0.000	0.039	0.002	0.026	0.010
39	F	0.000	0.031	0.002	0.018	0.010
40	K	0.000	0.013	0.002	0.000	0.011
>XP_001399907.1
pos	aa	C	S	n-reg	h-reg	c-reg
1	M	0.000	0.009	0.009	0.000	0.000
2	Y	0.000	0.070	0.070	0.000	0.000
3	W	0.000	0.070	0.070	0.000	0.000
4	P	0.000	0.070	0.070	0.000	0.000
5	T	0.000	0.070	0.070	0.000	0.000
6	S	0.000	0.070	0.070	0.000	0.000
7	Q	0.000	0.070	0.070	0.000	0.000
8	N	0.000	0.070	0.070	0.000	0.000
9	E	0.000	0.070	0.070	0.000	0.000
10	K	0.000	0.070	0.070	0.000	0.000
11	W	0.000	0.070	0.053	0.017	0.000
12	F	0.000	0.070	0.032	0.038	0.000
13	C	0.000	0.070	0.022	0.048	0.000
14	G	0.000	0.070	0.014	0.056	0.000
15	T	0.000	0.070	0.006	0.064	0.000
16	L	0.000	0.070	0.002	0.068	0.000
17	F	0.000	0.070	0.002	0.068	0.000
18	V	0.000	0.070	0.001	0.068	0.000
19	Q	0.000	0.070	0.001	0.068	0.000
20	G	0.000	0.070	0.001	0.068	0.001
21	L	0.000	0.070	0.000	0.069	0.001
22	L	0.000	0.070	0.000	0.069	0.001
23	V	0.000	0.069	0.000	0.068	0.001
24	L	0.000	0.068	0.000	0.067	0.001
25	V	0.000	0.064	0.000	0.063	0.001
26	L	0.000	0.053	0.000	0.051	0.002
27	N	0.001	0.013	0.000	0.007	0.006
28	I	0.000	0.012	0.000	0.006	0.006
29	Y	0.000	0.010	0.000	0.004	0.007
30	N	0.000	0.008	0.000	0.001	0.007
31	L	0.000	0.008	0.000	0.001	0.007
32	I	0.004	0.005	0.000	0.001	0.004
33	Q	0.000	0.004	0.000	0.000	0.004
34	W	0.001	0.004	0.000	0.000	0.004
35	Q	0.000	0.004	0.000	0.000	0.004
36	S	0.000	0.003	0.000	0.000	0.003
37	W	0.000	0.003	0.000	0.000	0.003
38	T	0.000	0.003	0.000	0.000	0.003
39	N	0.001	0.002	0.000	0.000	0.002
40	P	0.000	0.002	0.000	0.000	0.002
>XP_001399918.2
pos	aa	C	S	n-reg	h-reg	c-reg
1	M	0.000	0.982	0.982	0.000	0.000
2	P	0.000	0.982	0.982	0.000	0.000
3	Y	0.000	0.982	0.811	0.172	0.000
4	L	0.000	0.982	0.286	0.697	0.000
5	L	0.000	0.982	0.128	0.854	0.000
6	V	0.000	0.982	0.056	0.926	0.000
7	T	0.000	0.982	0.038	0.944	0.000
8	L	0.000	0.982	0.018	0.965	0.000
9	C	0.000	0.982	0.005	0.977	0.000
10	C	0.000	0.982	0.001	0.981	0.000
11	L	0.000	0.982	0.000	0.978	0.004
12	F	0.000	0.982	0.000	0.849	0.133
13	A	0.000	0.982	0.000	0.706	0.276
14	C	0.000	0.982	0.000	0.560	0.422
15	L	0.000	0.982	0.000	0.394	0.588
16	G	0.002	0.980	0.000	0.232	0.748
17	S	0.201	0.779	0.000	0.038	0.742
18	F	0.045	0.735	0.000	0.031	0.704
19	L	0.000	0.735	0.000	0.027	0.708
20	F	0.157	0.578	0.000	0.015	0.563
21	G	0.000	0.578	0.000	0.002	0.576
22	Y	0.468	0.110	0.000	0.000	0.110
23	D	0.000	0.110	0.000	0.000	0.110
24	S	0.000	0.110	0.000	0.000	0.110
25	G	0.006	0.104	0.000	0.000	0.104
26	V	0.024	0.080	0.000	0.000	0.080
27	I	0.000	0.080	0.000	0.000	0.080
28	S	0.000	0.080	0.000	0.000	0.080
29	S	0.066	0.014	0.000	0.000	0.014
30	V	0.014	0.000	0.000	0.000	0.000
31	I	0.000	0.000	0.000	0.000	0.000
32	D	0.000	0.000	0.000	0.000	0.000
33	Q	0.000	0.000	0.000	0.000	0.000
34	D	0.000	0.000	0.000	0.000	0.000
35	S	0.000	0.000	0.000	0.000	0.000
36	F	0.000	0.000	0.000	0.000	0.000
37	R	0.000	0.000	0.000	0.000	0.000
38	Y	0.000	0.000	0.000	0.000	0.000
39	R	0.000	0.000	0.000	0.000	0.000
40	F	0.000	0.000	0.000	0.000	0.000
>XP_001399920.2
pos	aa	C	S	n-reg	h-reg	c-reg
1	M	0.000	0.803	0.803	0.000	0.000
2	P	0.000	0.917	0.917	0.000	0.000
3	K	0.000	0.917	0.917	0.000	0.000
4	L	0.000	0.917	0.866	0.051	0.000
5	S	0.000	0.917	0.843	0.074	0.000
6	L	0.000	0.917	0.685	0.232	0.000
7	S	0.000	0.917	0.635	0.282	0.000
8	T	0.000	0.917	0.565	0.352	0.000
9	L	0.000	0.917	0.439	0.478	0.000
10	L	0.000	0.917	0.391	0.526	0.000
11	T	0.000	0.917	0.371	0.546	0.000
12	S	0.000	0.917	0.332	0.579	0.007
13	L	0.000	0.917	0.185	0.723	0.009
14	F	0.000	0.917	0.108	0.774	0.036
15	Y	0.000	0.917	0.075	0.779	0.063
16	L	0.000	0.917	0.032	0.813	0.072
17	L	0.004	0.913	0.015	0.722	0.176
18	P	0.000	0.913	0.011	0.594	0.308
19	L	0.030	0.883	0.005	0.582	0.295
20	Y	0.004	0.878	0.003	0.553	0.322
21	L	0.000	0.878	0.000	0.507	0.371
22	F	0.145	0.731	0.000	0.473	0.258
23	V	0.000	0.728	0.000	0.439	0.288
24	I	0.000	0.718	0.000	0.369	0.350
25	A	0.000	0.694	0.000	0.232	0.463
26	P	0.174	0.491	0.000	0.087	0.404
27	L	0.037	0.451	0.000	0.075	0.376
28	L	0.027	0.413	0.000	0.055	0.358
29	R	0.009	0.372	0.000	0.001	0.372
30	Q	0.000	0.372	0.000	0.000	0.372
31	L	0.176	0.196	0.000	0.000	0.196
32	F	0.143	0.054	0.000	0.000	0.054
33	P	0.000	0.054	0.000	0.000	0.054
34	V	0.036	0.018	0.000	0.000	0.018
35	T	0.000	0.018	0.000	0.000	0.018
36	Q	0.001	0.017	0.000	0.000	0.017
37	D	0.017	0.000	0.000	0.000	0.000
38	I	0.000	0.000	0.000	0.000	0.000
39	F	0.000	0.000	0.000	0.000	0.000
40	D	0.000	0.000	0.000	0.000	0.000
>XP_001399930.1
pos	aa	C	S	n-reg	h-reg	c-reg
1	M	0.000	0.408	0.408	0.000	0.000
2	L	0.000	0.697	0.697	0.000	0.000
3	F	0.000	0.697	0.693	0.003	0.000
4	L	0.000	0.697	0.692	0.004	0.000
5	R	0.000	0.697	0.692	0.004	0.000
6	S	0.000	0.697	0.691	0.006	0.000
7	T	0.000	0.697	0.691	0.006	0.000
8	F	0.000	0.697	0.691	0.006	0.000
9	V	0.000	0.697	0.691	0.006	0.000
10	L	0.000	0.697	0.691	0.006	0.000
11	Y	0.000	0.697	0.691	0.004	0.002
12	E	0.000	0.697	0.691	0.002	0.004
13	Y	0.000	0.697	0.691	0.002	0.004
14	D	0.000	0.697	0.690	0.001	0.006
15	P	0.000	0.697	0.678	0.013	0.006
16	S	0.000	0.697	0.536	0.155	0.006
17	L	0.000	0.697	0.224	0.467	0.006
18	A	0.000	0.697	0.129	0.562	0.006
19	A	0.003	0.694	0.067	0.624	0.003
20	A	0.001	0.692	0.028	0.663	0.001
21	V	0.001	0.691	0.007	0.684	0.000
22	I	0.000	0.691	0.002	0.689	0.000
23	F	0.000	0.691	0.001	0.690	0.000
24	A	0.000	0.691	0.001	0.686	0.005
25	A	0.000	0.691	0.000	0.671	0.020
26	L	0.000	0.691	0.000	0.661	0.030
27	F	0.000	0.691	0.000	0.639	0.051
28	I	0.000	0.689	0.000	0.429	0.260
29	L	0.000	0.678	0.000	0.338	0.340
30	T	0.000	0.638	0.000	0.243	0.394
31	T	0.011	0.586	0.000	0.199	0.387
32	G	0.005	0.543	0.000	0.160	0.383
33	F	0.370	0.145	0.000	0.130	0.014
34	H	0.000	0.078	0.000	0.063	0.015
35	L	0.000	0.069	0.000	0.054	0.015
36	Y	0.005	0.037	0.000	0.026	0.010
37	Q	0.000	0.014	0.000	0.003	0.010
38	R	0.002	0.009	0.000	0.000	0.008
39	I	0.000	0.009	0.000	0.000	0.008
40	R	0.000	0.009	0.000	0.000	0.008
>XP_001399931.2
pos	aa	C	S	n-reg	h-reg	c-reg
1	M	0.000	0.997	0.997	0.000	0.000
2	K	0.000	0.997	0.997	0.000	0.000
3	F	0.000	0.997	0.482	0.515	0.000
4	L	0.000	0.997	0.107	0.891	0.000
5	L	0.000	0.997	0.037	0.960	0.000
6	L	0.000	0.997	0.008	0.989	0.000
7	L	0.000	0.997	0.002	0.995	0.000
8	A	0.000	0.997	0.002	0.996	0.000
9	S	0.000	0.997	0.001	0.996	0.000
10	L	0.000	0.997	0.000	0.997	0.000
11	A	0.000	0.997	0.000	0.929	0.068
12	F	0.000	0.997	0.000	0.727	0.270
13	S	0.000	0.997	0.000	0.572	0.425
14	A	0.002	0.995	0.000	0.358	0.637
15	L	0.001	0.994	0.000	0.206	0.788
16	G	0.003	0.991	0.000	0.044	0.947
17	S	0.287	0.704	0.000	0.015	0.690
18	S	0.049	0.656	0.000	0.003	0.653
19	L	0.216	0.440	0.000	0.001	0.438
20	V	0.054	0.386	0.000	0.001	0.385
21	G	0.000	0.386	0.000	0.000	0.385
22	S	0.052	0.333	0.000	0.000	0.333
23	G	0.146	0.187	0.000	0.000	0.187
24	Q	0.171	0.016	0.000	0.000	0.016
25	R	0.009	0.007	0.000	0.000	0.007
26	G	0.000	0.007	0.000	0.000	0.007
27	I	0.003	0.004	0.000	0.000	0.004
28	N	0.000	0.004	0.000	0.000	0.004
29	T	0.000	0.004	0.000	0.000	0.004
30	T	0.002	0.002	0.000	0.000	0.002
31	S	0.000	0.002	0.000	0.000	0.002
32	T	0.000	0.002	0.000	0.000	0.002
33	T	0.001	0.000	0.000	0.000	0.000
34	T	0.000	0.000	0.000	0.000	0.000
35	I	0.000	0.000	0.000	0.000	0.000
36	S	0.000	0.000	0.000	0.000	0.000
37	T	0.000	0.000	0.000	0.000	0.000
38	V	0.000	0.000	0.000	0.000	0.000
39	D	0.000	0.000	0.000	0.000	0.000
40	L	0.000	0.000	0.000	0.000	0.000
>XP_001399936.2
pos	aa	C	S	n-reg	h-reg	c-reg
1	M	0.000	0.261	0.261	0.000	0.000
2	P	0.000	0.586	0.586	0.000	0.000
3	F	0.000	0.586	0.586	0.000	0.000
4	T	0.000	0.586	0.586	0.000	0.000
5	A	0.000	0.586	0.585	0.000	0.000
6	S	0.000	0.586	0.585	0.001	0.000
7	D	0.000	0.586	0.584	0.001	0.000
8	I	0.000	0.586	0.578	0.008	0.000
9	C	0.000	0.586	0.575	0.011	0.000
10	K	0.000	0.586	0.574	0.012	0.000
11	I	0.000	0.586	0.366	0.219	0.000
12	I	0.000	0.586	0.285	0.300	0.000
13	F	0.000	0.586	0.233	0.353	0.000
14	A	0.000	0.586	0.211	0.375	0.000
15	I	0.000	0.586	0.200	0.386	0.000
16	I	0.000	0.586	0.197	0.389	0.000
17	L	0.000	0.586	0.195	0.386	0.004
18	P	0.000	0.586	0.195	0.381	0.009
19	P	0.000	0.586	0.195	0.366	0.024
20	L	0.000	0.586	0.195	0.354	0.036
21	G	0.000	0.586	0.195	0.344	0.047
22	V	0.001	0.584	0.195	0.327	0.062
23	F	0.000	0.574	0.195	0.230	0.148
24	L	0.000	0.543	0.195	0.173	0.175
25	E	0.040	0.408	0.195	0.005	0.208
26	R	0.000	0.408	0.195	0.000	0.213
27	G	0.000	0.408	0.193	0.002	0.213
28	C	0.002	0.407	0.191	0.004	0.211
29	G	0.001	0.406	0.190	0.006	0.210
30	A	0.080	0.326	0.188	0.007	0.130
31	D	0.128	0.198	0.186	0.009	0.003
32	F	0.000	0.198	0.137	0.059	0.003
33	L	0.000	0.198	0.114	0.081	0.003
34	I	0.000	0.198	0.107	0.089	0.002
35	N	0.000	0.198	0.104	0.091	0.002
36	I	0.000	0.198	0.045	0.151	0.002
37	C	0.000	0.198	0.026	0.169	0.002
38	L	0.000	0.198	0.013	0.182	0.002
39	T	0.000	0.198	0.008	0.188	0.002
40	I	0.000	0.197	0.003	0.192	0.002
>XP_001399937.2
pos	aa	C	S	n-reg	h-reg	c-reg
1	M	0.000	0.907	0.907	0.000	0.000
2	F	0.000	0.907	0.907	0.000	0.000
3	I	0.000	0.907	0.906	0.001	0.000
4	P	0.000	0.907	0.906	0.002	0.000
5	A	0.000	0.907	0.902	0.006	0.000
6	G	0.000	0.907	0.888	0.020	0.000
7	R	0.000	0.907	0.862	0.046	0.000
8	L	0.000	0.907	0.309	0.598	0.000
9	F	0.000	0.907	0.123	0.785	0.000
10	T	0.000	0.907	0.045	0.863	0.000
11	I	0.000	0.907	0.014	0.894	0.000
12	I	0.000	0.907	0.003	0.904	0.000
13	L	0.000	0.907	0.000	0.907	0.000
14	L	0.000	0.907	0.000	0.906	0.001
15	M	0.000	0.907	0.000	0.897	0.010
16	L	0.000	0.907	0.000	0.817	0.090
17	T	0.000	0.907	0.000	0.686	0.221
18	S	0.000	0.907	0.000	0.292	0.615
19	L	0.000	0.907	0.000	0.238	0.670
20	A	0.001	0.906	0.000	0.089	0.817
21	Y	0.069	0.837	0.000	0.020	0.816
22	G	0.000	0.837	0.000	0.007	0.830
23	S	0.453	0.384	0.000	0.002	0.382
24	Q	0.001	0.383	0.000	0.000	0.382
25	T	0.038	0.344	0.000	0.000	0.344
26	T	0.106	0.238	0.000	0.000	0.238
27	N	0.002	0.235	0.000	0.000	0.235
28	P	0.000	0.235	0.000	0.000	0.235
29	T	0.002	0.233	0.000	0.000	0.233
30	A	0.000	0.233	0.000	0.000	0.233
31	S	0.000	0.233	0.000	0.000	0.233
32	A	0.001	0.232	0.000	0.000	0.231
33	T	0.017	0.214	0.000	0.000	0.214
34	S	0.001	0.213	0.000	0.000	0.213
35	L	0.000	0.213	0.000	0.000	0.213
36	S	0.000	0.213	0.000	0.000	0.213
37	G	0.002	0.210	0.000	0.000	0.210
38	L	0.003	0.208	0.000	0.000	0.208
39	I	0.000	0.207	0.000	0.000	0.207
40	P	0.000	0.207	0.000	0.000	0.207
