>XP_001401009.2
pos	aa	C	S	n-reg	h-reg	c-reg
1	M	0.000	0.022	0.022	0.000	0.000
2	M	0.000	0.023	0.023	0.000	0.000
3	A	0.000	0.023	0.022	0.001	0.000
4	L	0.000	0.023	0.022	0.001	0.000
5	D	0.000	0.023	0.021	0.001	0.000
6	T	0.000	0.023	0.017	0.005	0.000
7	S	0.000	0.023	0.015	0.007	0.000
8	H	0.000	0.023	0.014	0.008	0.000
9	I	0.000	0.023	0.005	0.018	0.000
10	W	0.000	0.023	0.003	0.020	0.000
11	L	0.000	0.023	0.001	0.022	0.000
12	A	0.000	0.023	0.000	0.022	0.000
13	L	0.000	0.023	0.000	0.022	0.000
14	V	0.000	0.023	0.000	0.019	0.004
15	G	0.000	0.023	0.000	0.017	0.006
16	I	0.000	0.023	0.000	0.016	0.006
17	A	0.000	0.023	0.000	0.013	0.010
18	S	0.002	0.021	0.000	0.011	0.010
19	F	0.004	0.017	0.000	0.010	0.006
20	Y	0.000	0.017	0.000	0.002	0.014
21	V	0.000	0.017	0.000	0.001	0.015
22	L	0.000	0.016	0.000	0.001	0.016
23	R	0.000	0.016	0.000	0.000	0.016
24	S	0.000	0.016	0.000	0.000	0.016
25	I	0.014	0.001	0.000	0.000	0.001
26	Y	0.000	0.001	0.000	0.000	0.001
27	R	0.000	0.001	0.000	0.000	0.001
28	L	0.000	0.001	0.000	0.000	0.001
29	Y	0.000	0.001	0.000	0.000	0.001
30	F	0.000	0.001	0.000	0.000	0.001
31	H	0.000	0.001	0.000	0.000	0.001
32	P	0.000	0.001	0.000	0.000	0.001
33	L	0.000	0.001	0.000	0.000	0.001
34	S	0.000	0.001	0.000	0.000	0.001
35	G	0.000	0.001	0.000	0.000	0.001
36	I	0.001	0.000	0.000	0.000	0.000
37	P	0.000	0.000	0.000	0.000	0.000
38	G	0.000	0.000	0.000	0.000	0.000
39	P	0.000	0.000	0.000	0.000	0.000
40	K	0.000	0.000	0.000	0.000	0.000
>XP_001401015.1
pos	aa	C	S	n-reg	h-reg	c-reg
1	M	0.000	0.923	0.923	0.000	0.000
2	A	0.000	0.935	0.935	0.000	0.000
3	I	0.000	0.935	0.935	0.000	0.000
4	G	0.000	0.935	0.935	0.000	0.000
5	P	0.000	0.935	0.935	0.001	0.000
6	L	0.000	0.935	0.932	0.003	0.000
7	R	0.000	0.935	0.930	0.005	0.000
8	Y	0.000	0.935	0.827	0.108	0.000
9	L	0.000	0.935	0.361	0.575	0.000
10	L	0.000	0.935	0.124	0.811	0.000
11	F	0.000	0.935	0.057	0.879	0.000
12	A	0.000	0.935	0.030	0.906	0.000
13	I	0.000	0.935	0.012	0.923	0.000
14	T	0.000	0.935	0.006	0.928	0.001
15	G	0.000	0.935	0.003	0.931	0.001
16	L	0.000	0.935	0.000	0.934	0.001
17	A	0.000	0.935	0.000	0.926	0.009
18	I	0.001	0.934	0.000	0.906	0.028
19	F	0.000	0.934	0.000	0.800	0.134
20	F	0.000	0.934	0.000	0.676	0.258
21	F	0.000	0.933	0.000	0.326	0.607
22	I	0.000	0.931	0.000	0.077	0.854
23	S	0.000	0.925	0.000	0.023	0.903
24	R	0.001	0.921	0.000	0.000	0.921
25	S	0.000	0.921	0.000	0.000	0.921
26	A	0.379	0.542	0.000	0.000	0.542
27	I	0.476	0.066	0.000	0.000	0.066
28	P	0.000	0.066	0.000	0.000	0.066
29	I	0.065	0.001	0.000	0.000	0.001
30	P	0.000	0.001	0.000	0.000	0.001
31	E	0.001	0.000	0.000	0.000	0.000
32	N	0.000	0.000	0.000	0.000	0.000
33	I	0.000	0.000	0.000	0.000	0.000
34	G	0.000	0.000	0.000	0.000	0.000
35	T	0.000	0.000	0.000	0.000	0.000
36	K	0.000	0.000	0.000	0.000	0.000
37	L	0.000	0.000	0.000	0.000	0.000
38	T	0.000	0.000	0.000	0.000	0.000
39	P	0.000	0.000	0.000	0.000	0.000
40	A	0.000	0.000	0.000	0.000	0.000
>XP_001401016.1
pos	aa	C	S	n-reg	h-reg	c-reg
1	M	0.000	0.326	0.326	0.000	0.000
2	A	0.000	0.328	0.328	0.000	0.000
3	P	0.000	0.328	0.266	0.062	0.000
4	L	0.000	0.328	0.241	0.087	0.000
5	V	0.000	0.328	0.237	0.091	0.000
6	S	0.000	0.328	0.232	0.096	0.000
7	S	0.000	0.328	0.229	0.099	0.000
8	L	0.000	0.328	0.227	0.101	0.000
9	A	0.000	0.328	0.227	0.101	0.000
10	L	0.000	0.328	0.226	0.102	0.000
11	R	0.000	0.328	0.226	0.041	0.061
12	T	0.000	0.328	0.226	0.035	0.067
13	L	0.000	0.328	0.226	0.033	0.069
14	R	0.000	0.328	0.226	0.011	0.091
15	T	0.000	0.328	0.225	0.011	0.092
16	L	0.058	0.270	0.223	0.011	0.035
17	V	0.003	0.267	0.223	0.010	0.034
18	Q	0.000	0.267	0.223	0.003	0.040
19	R	0.020	0.246	0.223	0.003	0.020
20	P	0.000	0.246	0.218	0.008	0.020
21	A	0.001	0.246	0.196	0.030	0.020
22	A	0.003	0.243	0.186	0.040	0.017
23	I	0.008	0.235	0.177	0.048	0.009
24	K	0.000	0.235	0.175	0.049	0.011
25	S	0.000	0.235	0.128	0.095	0.012
26	T	0.005	0.230	0.064	0.160	0.006
27	S	0.000	0.230	0.051	0.173	0.006
28	C	0.000	0.230	0.038	0.185	0.007
29	S	0.004	0.226	0.034	0.186	0.006
30	I	0.000	0.226	0.033	0.184	0.009
31	T	0.000	0.226	0.033	0.177	0.016
32	T	0.000	0.226	0.033	0.144	0.049
33	L	0.000	0.226	0.033	0.129	0.063
34	A	0.000	0.226	0.033	0.052	0.141
35	A	0.004	0.222	0.033	0.042	0.147
36	A	0.006	0.216	0.033	0.032	0.151
37	A	0.085	0.131	0.033	0.006	0.091
38	P	0.008	0.121	0.033	0.001	0.087
39	R	0.044	0.077	0.033	0.000	0.043
40	R	0.000	0.077	0.033	0.000	0.043
>XP_001401023.1
pos	aa	C	S	n-reg	h-reg	c-reg
1	M	0.000	0.175	0.175	0.000	0.000
2	A	0.000	0.176	0.176	0.000	0.000
3	P	0.000	0.176	0.176	0.000	0.000
4	P	0.000	0.176	0.176	0.000	0.000
5	K	0.000	0.176	0.176	0.000	0.000
6	Y	0.000	0.176	0.176	0.000	0.000
7	A	0.000	0.176	0.176	0.000	0.000
8	G	0.000	0.176	0.176	0.000	0.000
9	M	0.000	0.176	0.176	0.000	0.000
10	S	0.000	0.176	0.176	0.001	0.000
11	G	0.000	0.176	0.176	0.001	0.000
12	R	0.000	0.176	0.175	0.001	0.000
13	P	0.000	0.176	0.162	0.014	0.000
14	L	0.000	0.176	0.098	0.078	0.000
15	S	0.000	0.176	0.083	0.093	0.000
16	L	0.000	0.176	0.059	0.117	0.000
17	F	0.000	0.176	0.044	0.132	0.000
18	L	0.000	0.176	0.025	0.151	0.000
19	S	0.000	0.176	0.020	0.156	0.000
20	G	0.000	0.176	0.015	0.161	0.001
21	I	0.000	0.176	0.004	0.167	0.005
22	A	0.000	0.176	0.001	0.147	0.029
23	T	0.000	0.176	0.000	0.120	0.056
24	M	0.000	0.176	0.000	0.111	0.065
25	G	0.000	0.176	0.000	0.105	0.071
26	F	0.020	0.156	0.000	0.083	0.073
27	L	0.000	0.156	0.000	0.074	0.082
28	L	0.006	0.150	0.000	0.064	0.086
29	F	0.001	0.148	0.000	0.041	0.108
30	G	0.000	0.148	0.000	0.008	0.140
31	Y	0.058	0.090	0.000	0.003	0.087
32	D	0.000	0.090	0.000	0.000	0.089
33	Q	0.000	0.090	0.000	0.000	0.090
34	G	0.001	0.089	0.000	0.000	0.089
35	V	0.026	0.064	0.000	0.000	0.064
36	M	0.000	0.064	0.000	0.000	0.064
37	S	0.000	0.064	0.000	0.000	0.064
38	G	0.059	0.004	0.000	0.000	0.004
39	I	0.003	0.001	0.000	0.000	0.001
40	I	0.000	0.001	0.000	0.000	0.001
>XP_001401034.1
pos	aa	C	S	n-reg	h-reg	c-reg
1	M	0.000	0.300	0.300	0.000	0.000
2	C	0.000	0.349	0.349	0.000	0.000
3	G	0.000	0.349	0.348	0.001	0.000
4	S	0.000	0.349	0.346	0.003	0.000
5	D	0.000	0.349	0.343	0.006	0.000
6	I	0.000	0.349	0.223	0.127	0.000
7	F	0.000	0.349	0.129	0.220	0.000
8	L	0.000	0.349	0.092	0.257	0.000
9	A	0.000	0.349	0.069	0.280	0.000
10	I	0.000	0.349	0.036	0.313	0.000
11	L	0.000	0.349	0.016	0.333	0.000
12	A	0.000	0.349	0.012	0.337	0.000
13	V	0.000	0.349	0.009	0.340	0.001
14	F	0.000	0.349	0.008	0.328	0.014
15	F	0.000	0.349	0.007	0.269	0.073
16	P	0.000	0.349	0.007	0.230	0.111
17	P	0.000	0.349	0.007	0.202	0.139
18	V	0.002	0.347	0.007	0.186	0.154
19	S	0.000	0.344	0.007	0.141	0.196
20	V	0.073	0.268	0.007	0.130	0.131
21	W	0.000	0.262	0.007	0.078	0.177
22	I	0.000	0.252	0.007	0.047	0.199
23	K	0.000	0.229	0.007	0.003	0.220
24	V	0.000	0.229	0.006	0.003	0.221
25	G	0.000	0.229	0.006	0.001	0.222
26	I	0.045	0.185	0.006	0.001	0.178
27	C	0.000	0.185	0.006	0.001	0.178
28	T	0.050	0.135	0.006	0.001	0.128
29	A	0.004	0.131	0.006	0.001	0.124
30	D	0.122	0.009	0.006	0.001	0.002
31	S	0.000	0.009	0.005	0.002	0.002
32	I	0.001	0.008	0.004	0.003	0.001
33	I	0.000	0.008	0.003	0.003	0.001
34	N	0.000	0.008	0.003	0.003	0.002
35	L	0.000	0.008	0.001	0.005	0.002
36	A	0.000	0.008	0.001	0.006	0.002
37	L	0.000	0.008	0.000	0.006	0.002
38	C	0.000	0.008	0.000	0.006	0.002
39	C	0.000	0.008	0.000	0.006	0.001
40	L	0.000	0.008	0.000	0.006	0.001
>XP_001401044.1
pos	aa	C	S	n-reg	h-reg	c-reg
1	M	0.000	0.792	0.792	0.000	0.000
2	L	0.000	0.792	0.792	0.000	0.000
3	L	0.000	0.792	0.792	0.000	0.000
4	D	0.000	0.792	0.792	0.001	0.000
5	K	0.000	0.792	0.790	0.002	0.000
6	L	0.000	0.792	0.346	0.447	0.000
7	S	0.000	0.792	0.214	0.579	0.000
8	V	0.000	0.792	0.104	0.689	0.000
9	L	0.000	0.792	0.044	0.749	0.000
10	S	0.000	0.792	0.029	0.764	0.000
11	F	0.000	0.792	0.012	0.781	0.000
12	L	0.000	0.792	0.005	0.787	0.000
13	G	0.000	0.792	0.004	0.788	0.001
14	L	0.000	0.792	0.002	0.727	0.064
15	A	0.000	0.792	0.002	0.546	0.245
16	P	0.000	0.792	0.002	0.451	0.340
17	I	0.000	0.792	0.001	0.376	0.416
18	F	0.000	0.792	0.000	0.210	0.582
19	A	0.000	0.792	0.000	0.105	0.688
20	A	0.115	0.677	0.000	0.065	0.612
21	A	0.035	0.642	0.000	0.016	0.626
22	Q	0.261	0.382	0.000	0.006	0.376
23	L	0.010	0.371	0.000	0.005	0.366
24	S	0.039	0.332	0.000	0.003	0.329
25	G	0.020	0.312	0.000	0.002	0.310
26	S	0.196	0.116	0.000	0.001	0.115
27	V	0.044	0.072	0.000	0.001	0.071
28	G	0.000	0.072	0.000	0.001	0.071
29	P	0.008	0.064	0.000	0.000	0.064
30	L	0.004	0.059	0.000	0.000	0.059
31	T	0.000	0.059	0.000	0.000	0.059
32	S	0.000	0.059	0.000	0.000	0.059
33	A	0.030	0.029	0.000	0.000	0.029
34	S	0.013	0.016	0.000	0.000	0.016
35	T	0.002	0.014	0.000	0.000	0.014
36	K	0.002	0.011	0.000	0.000	0.011
37	A	0.000	0.011	0.000	0.000	0.011
38	A	0.006	0.005	0.000	0.000	0.005
39	T	0.003	0.003	0.000	0.000	0.003
40	K	0.002	0.000	0.000	0.000	0.000
>XP_001401045.1
pos	aa	C	S	n-reg	h-reg	c-reg
1	M	0.000	1.000	1.000	0.000	0.000
2	K	0.000	1.000	1.000	0.000	0.000
3	A	0.000	1.000	0.699	0.301	0.000
4	S	0.000	1.000	0.528	0.472	0.000
5	F	0.000	1.000	0.285	0.715	0.000
6	I	0.000	1.000	0.022	0.978	0.000
7	T	0.000	1.000	0.009	0.991	0.000
8	L	0.000	1.000	0.002	0.998	0.000
9	F	0.000	1.000	0.001	0.999	0.000
10	A	0.000	1.000	0.000	0.999	0.000
11	A	0.000	1.000	0.000	0.966	0.034
12	L	0.000	1.000	0.000	0.938	0.062
13	A	0.000	1.000	0.000	0.857	0.143
14	T	0.000	1.000	0.000	0.085	0.915
15	S	0.000	1.000	0.000	0.041	0.959
16	A	0.000	1.000	0.000	0.023	0.976
17	L	0.002	0.997	0.000	0.019	0.978
18	A	0.001	0.996	0.000	0.012	0.984
19	A	0.950	0.046	0.000	0.001	0.045
20	P	0.001	0.045	0.000	0.000	0.045
21	T	0.002	0.043	0.000	0.000	0.043
22	G	0.002	0.041	0.000	0.000	0.041
23	G	0.001	0.040	0.000	0.000	0.040
24	V	0.034	0.005	0.000	0.000	0.005
25	P	0.000	0.005	0.000	0.000	0.005
26	G	0.003	0.002	0.000	0.000	0.002
27	V	0.002	0.000	0.000	0.000	0.000
28	S	0.000	0.000	0.000	0.000	0.000
29	E	0.000	0.000	0.000	0.000	0.000
30	V	0.000	0.000	0.000	0.000	0.000
31	T	0.000	0.000	0.000	0.000	0.000
32	K	0.000	0.000	0.000	0.000	0.000
33	T	0.000	0.000	0.000	0.000	0.000
34	V	0.000	0.000	0.000	0.000	0.000
35	N	0.000	0.000	0.000	0.000	0.000
36	I	0.000	0.000	0.000	0.000	0.000
37	G	0.000	0.000	0.000	0.000	0.000
38	S	0.000	0.000	0.000	0.000	0.000
39	A	0.000	0.000	0.000	0.000	0.000
40	S	0.000	0.000	0.000	0.000	0.000
>XP_001401048.2
pos	aa	C	S	n-reg	h-reg	c-reg
1	M	0.000	0.509	0.509	0.000	0.000
2	A	0.000	0.509	0.509	0.000	0.000
3	S	0.000	0.509	0.458	0.052	0.000
4	W	0.000	0.509	0.379	0.130	0.000
5	Y	0.000	0.509	0.315	0.195	0.000
6	T	0.000	0.509	0.111	0.398	0.000
7	M	0.000	0.509	0.002	0.507	0.000
8	L	0.000	0.509	0.000	0.509	0.000
9	I	0.000	0.509	0.000	0.509	0.000
10	L	0.000	0.509	0.000	0.509	0.000
11	S	0.000	0.509	0.000	0.499	0.010
12	L	0.000	0.509	0.000	0.476	0.033
13	L	0.000	0.509	0.000	0.434	0.075
14	E	0.000	0.509	0.000	0.228	0.282
15	P	0.000	0.509	0.000	0.007	0.503
16	A	0.000	0.509	0.000	0.003	0.506
17	A	0.000	0.509	0.000	0.001	0.508
18	R	0.000	0.509	0.000	0.000	0.509
19	A	0.000	0.509	0.000	0.000	0.509
20	A	0.493	0.016	0.000	0.000	0.015
21	N	0.010	0.006	0.000	0.000	0.006
22	L	0.000	0.006	0.000	0.000	0.006
23	T	0.004	0.002	0.000	0.000	0.002
24	S	0.000	0.001	0.000	0.000	0.001
25	H	0.000	0.001	0.000	0.000	0.001
26	V	0.000	0.001	0.000	0.000	0.001
27	D	0.000	0.001	0.000	0.000	0.001
28	L	0.000	0.001	0.000	0.000	0.001
29	F	0.000	0.001	0.000	0.000	0.001
30	L	0.000	0.001	0.000	0.000	0.001
31	G	0.000	0.001	0.000	0.000	0.001
32	T	0.000	0.001	0.000	0.000	0.001
33	Q	0.000	0.001	0.000	0.000	0.001
34	S	0.000	0.001	0.000	0.000	0.001
35	G	0.000	0.000	0.000	0.000	0.000
36	G	0.000	0.000	0.000	0.000	0.000
37	N	0.000	0.000	0.000	0.000	0.000
38	D	0.000	0.000	0.000	0.000	0.000
39	F	0.000	0.000	0.000	0.000	0.000
40	P	0.000	0.000	0.000	0.000	0.000
>XP_001401061.1
pos	aa	C	S	n-reg	h-reg	c-reg
1	M	0.000	0.975	0.975	0.000	0.000
2	K	0.000	0.975	0.975	0.000	0.000
3	Y	0.000	0.975	0.932	0.042	0.000
4	S	0.000	0.975	0.789	0.186	0.000
5	T	0.000	0.975	0.621	0.354	0.000
6	I	0.000	0.975	0.251	0.724	0.000
7	F	0.000	0.975	0.112	0.862	0.000
8	S	0.000	0.975	0.087	0.888	0.000
9	A	0.000	0.975	0.061	0.914	0.000
10	A	0.000	0.975	0.039	0.936	0.000
11	A	0.000	0.975	0.026	0.947	0.002
12	A	0.000	0.975	0.015	0.950	0.010
13	V	0.000	0.975	0.005	0.947	0.022
14	F	0.000	0.975	0.002	0.862	0.111
15	A	0.000	0.975	0.002	0.532	0.441
16	G	0.001	0.973	0.001	0.219	0.753
17	S	0.000	0.973	0.000	0.147	0.826
18	A	0.002	0.972	0.000	0.085	0.886
19	A	0.044	0.928	0.000	0.069	0.859
20	A	0.302	0.627	0.000	0.059	0.567
21	V	0.367	0.260	0.000	0.035	0.225
22	G	0.000	0.260	0.000	0.019	0.241
23	V	0.048	0.212	0.000	0.013	0.199
24	S	0.000	0.212	0.000	0.006	0.206
25	G	0.024	0.188	0.000	0.001	0.187
26	S	0.123	0.065	0.000	0.001	0.064
27	A	0.034	0.031	0.000	0.000	0.030
28	E	0.009	0.021	0.000	0.000	0.021
29	G	0.000	0.021	0.000	0.000	0.021
30	F	0.011	0.010	0.000	0.000	0.010
31	A	0.000	0.010	0.000	0.000	0.010
32	E	0.008	0.002	0.000	0.000	0.002
33	G	0.000	0.002	0.000	0.000	0.002
34	V	0.001	0.001	0.000	0.000	0.001
35	T	0.000	0.001	0.000	0.000	0.001
36	G	0.000	0.001	0.000	0.000	0.001
37	G	0.000	0.001	0.000	0.000	0.001
38	G	0.000	0.000	0.000	0.000	0.000
39	D	0.000	0.000	0.000	0.000	0.000
40	A	0.000	0.000	0.000	0.000	0.000
>XP_001401066.1
pos	aa	C	S	n-reg	h-reg	c-reg
1	M	0.000	0.263	0.263	0.000	0.000
2	S	0.000	0.263	0.263	0.000	0.000
3	K	0.000	0.263	0.263	0.000	0.000
4	P	0.000	0.263	0.227	0.036	0.000
5	A	0.000	0.263	0.152	0.111	0.000
6	I	0.000	0.263	0.052	0.211	0.000
7	G	0.000	0.263	0.010	0.253	0.000
8	F	0.000	0.263	0.004	0.259	0.000
9	V	0.000	0.263	0.002	0.262	0.000
10	G	0.000	0.263	0.001	0.262	0.000
11	L	0.000	0.263	0.001	0.262	0.000
12	G	0.000	0.263	0.001	0.252	0.011
13	A	0.000	0.263	0.000	0.224	0.039
14	M	0.000	0.263	0.000	0.204	0.059
15	G	0.000	0.263	0.000	0.037	0.226
16	F	0.004	0.260	0.000	0.027	0.233
17	G	0.000	0.260	0.000	0.011	0.248
18	M	0.021	0.239	0.000	0.004	0.235
19	A	0.000	0.239	0.000	0.002	0.236
20	T	0.211	0.028	0.000	0.001	0.026
21	H	0.007	0.021	0.000	0.001	0.020
22	L	0.000	0.021	0.000	0.001	0.020
23	V	0.013	0.007	0.000	0.001	0.007
24	H	0.000	0.007	0.000	0.000	0.007
25	E	0.000	0.007	0.000	0.000	0.007
26	G	0.000	0.007	0.000	0.000	0.007
27	Y	0.002	0.005	0.000	0.000	0.005
28	P	0.000	0.005	0.000	0.000	0.005
29	V	0.002	0.003	0.000	0.000	0.003
30	Y	0.000	0.003	0.000	0.000	0.003
31	G	0.000	0.003	0.000	0.000	0.003
32	Y	0.003	0.000	0.000	0.000	0.000
33	D	0.000	0.000	0.000	0.000	0.000
34	V	0.000	0.000	0.000	0.000	0.000
35	F	0.000	0.000	0.000	0.000	0.000
36	P	0.000	0.000	0.000	0.000	0.000
37	A	0.000	0.000	0.000	0.000	0.000
38	S	0.000	0.000	0.000	0.000	0.000
39	V	0.000	0.000	0.000	0.000	0.000
40	Q	0.000	0.000	0.000	0.000	0.000
>XP_001401073.1
pos	aa	C	S	n-reg	h-reg	c-reg
1	M	0.000	0.976	0.976	0.000	0.000
2	P	0.000	0.981	0.981	0.000	0.000
3	S	0.000	0.981	0.773	0.208	0.000
4	F	0.000	0.981	0.347	0.634	0.000
5	L	0.000	0.981	0.167	0.814	0.000
6	S	0.000	0.981	0.115	0.865	0.000
7	V	0.000	0.981	0.055	0.926	0.000
8	S	0.000	0.981	0.047	0.933	0.000
9	S	0.000	0.981	0.030	0.950	0.000
10	L	0.000	0.981	0.003	0.978	0.000
11	V	0.000	0.981	0.001	0.957	0.023
12	L	0.000	0.981	0.000	0.911	0.069
13	A	0.000	0.981	0.000	0.487	0.493
14	A	0.009	0.972	0.000	0.327	0.645
15	S	0.002	0.970	0.000	0.181	0.789
16	L	0.029	0.942	0.000	0.132	0.809
17	S	0.036	0.905	0.000	0.102	0.803
18	T	0.456	0.449	0.000	0.023	0.426
19	I	0.100	0.349	0.000	0.020	0.329
20	T	0.000	0.349	0.000	0.017	0.332
21	Y	0.072	0.277	0.000	0.006	0.271
22	L	0.000	0.277	0.000	0.005	0.272
23	T	0.250	0.026	0.000	0.004	0.022
24	F	0.002	0.024	0.000	0.004	0.020
25	L	0.000	0.023	0.000	0.003	0.020
26	H	0.019	0.002	0.000	0.000	0.002
27	R	0.000	0.002	0.000	0.000	0.002
28	C	0.000	0.002	0.000	0.000	0.002
29	L	0.001	0.001	0.000	0.000	0.001
30	K	0.000	0.001	0.000	0.000	0.001
31	N	0.000	0.001	0.000	0.000	0.001
32	R	0.000	0.001	0.000	0.000	0.001
33	I	0.000	0.001	0.000	0.000	0.001
34	R	0.000	0.001	0.000	0.000	0.001
35	H	0.000	0.001	0.000	0.000	0.001
36	E	0.000	0.001	0.000	0.000	0.001
37	T	0.000	0.001	0.000	0.000	0.001
38	H	0.000	0.001	0.000	0.000	0.001
39	C	0.000	0.001	0.000	0.000	0.001
40	G	0.000	0.001	0.000	0.000	0.001
>XP_001401093.1
pos	aa	C	S	n-reg	h-reg	c-reg
1	M	0.000	0.993	0.993	0.000	0.000
2	V	0.000	0.993	0.993	0.000	0.000
3	V	0.000	0.993	0.986	0.007	0.000
4	F	0.000	0.993	0.979	0.014	0.000
5	S	0.000	0.993	0.976	0.017	0.000
6	K	0.000	0.993	0.971	0.022	0.000
7	T	0.000	0.993	0.438	0.555	0.000
8	A	0.000	0.993	0.049	0.945	0.000
9	A	0.000	0.993	0.015	0.978	0.000
10	L	0.000	0.993	0.001	0.992	0.000
11	V	0.000	0.993	0.000	0.993	0.000
12	L	0.000	0.993	0.000	0.992	0.001
13	G	0.000	0.993	0.000	0.988	0.005
14	L	0.000	0.993	0.000	0.986	0.008
15	S	0.000	0.993	0.000	0.849	0.145
16	S	0.000	0.993	0.000	0.117	0.876
17	A	0.000	0.993	0.000	0.076	0.917
18	V	0.001	0.992	0.000	0.015	0.977
19	S	0.000	0.992	0.000	0.004	0.988
20	A	0.014	0.978	0.000	0.002	0.976
21	A	0.895	0.082	0.000	0.000	0.082
22	P	0.008	0.075	0.000	0.000	0.075
23	A	0.064	0.011	0.000	0.000	0.011
24	P	0.006	0.005	0.000	0.000	0.005
25	T	0.000	0.005	0.000	0.000	0.005
26	R	0.004	0.001	0.000	0.000	0.001
27	K	0.000	0.001	0.000	0.000	0.001
28	G	0.000	0.001	0.000	0.000	0.001
29	F	0.001	0.000	0.000	0.000	0.000
30	T	0.000	0.000	0.000	0.000	0.000
31	I	0.000	0.000	0.000	0.000	0.000
32	N	0.000	0.000	0.000	0.000	0.000
33	Q	0.000	0.000	0.000	0.000	0.000
34	I	0.000	0.000	0.000	0.000	0.000
35	A	0.000	0.000	0.000	0.000	0.000
36	R	0.000	0.000	0.000	0.000	0.000
37	P	0.000	0.000	0.000	0.000	0.000
38	A	0.000	0.000	0.000	0.000	0.000
39	N	0.000	0.000	0.000	0.000	0.000
40	K	0.000	0.000	0.000	0.000	0.000
>XP_001401134.1
pos	aa	C	S	n-reg	h-reg	c-reg
1	M	0.000	1.000	1.000	0.000	0.000
2	N	0.000	1.000	1.000	0.000	0.000
3	L	0.000	1.000	0.819	0.181	0.000
4	L	0.000	1.000	0.532	0.468	0.000
5	P	0.000	1.000	0.472	0.527	0.000
6	L	0.000	1.000	0.112	0.888	0.000
7	L	0.000	1.000	0.018	0.982	0.000
8	L	0.000	1.000	0.002	0.998	0.000
9	T	0.000	1.000	0.001	0.999	0.000
10	L	0.000	1.000	0.000	1.000	0.000
11	T	0.000	1.000	0.000	0.997	0.003
12	T	0.000	1.000	0.000	0.979	0.021
13	F	0.000	1.000	0.000	0.962	0.038
14	L	0.000	1.000	0.000	0.926	0.074
15	L	0.000	1.000	0.000	0.817	0.183
16	P	0.000	1.000	0.000	0.085	0.915
17	I	0.000	0.999	0.000	0.067	0.932
18	A	0.000	0.999	0.000	0.005	0.994
19	T	0.001	0.998	0.000	0.002	0.996
20	A	0.021	0.977	0.000	0.000	0.977
21	F	0.825	0.153	0.000	0.000	0.153
22	T	0.000	0.153	0.000	0.000	0.153
23	S	0.137	0.016	0.000	0.000	0.016
24	T	0.001	0.015	0.000	0.000	0.015
25	F	0.015	0.000	0.000	0.000	0.000
26	E	0.000	0.000	0.000	0.000	0.000
27	N	0.000	0.000	0.000	0.000	0.000
28	C	0.000	0.000	0.000	0.000	0.000
29	Q	0.000	0.000	0.000	0.000	0.000
30	N	0.000	0.000	0.000	0.000	0.000
31	L	0.000	0.000	0.000	0.000	0.000
32	N	0.000	0.000	0.000	0.000	0.000
33	R	0.000	0.000	0.000	0.000	0.000
34	L	0.000	0.000	0.000	0.000	0.000
35	N	0.000	0.000	0.000	0.000	0.000
36	Q	0.000	0.000	0.000	0.000	0.000
37	T	0.000	0.000	0.000	0.000	0.000
38	V	0.000	0.000	0.000	0.000	0.000
39	H	0.000	0.000	0.000	0.000	0.000
40	R	0.000	0.000	0.000	0.000	0.000
>XP_001401157.2
pos	aa	C	S	n-reg	h-reg	c-reg
1	M	0.000	0.987	0.987	0.000	0.000
2	T	0.000	0.987	0.987	0.000	0.000
3	Q	0.000	0.987	0.981	0.007	0.000
4	S	0.000	0.987	0.935	0.052	0.000
5	F	0.000	0.987	0.807	0.181	0.000
6	V	0.000	0.987	0.474	0.514	0.000
7	S	0.000	0.987	0.309	0.678	0.000
8	F	0.000	0.987	0.173	0.814	0.000
9	T	0.000	0.987	0.110	0.877	0.000
10	A	0.000	0.987	0.033	0.954	0.000
11	V	0.000	0.987	0.003	0.985	0.000
12	L	0.000	0.987	0.000	0.985	0.002
13	L	0.000	0.987	0.000	0.974	0.013
14	T	0.000	0.987	0.000	0.912	0.076
15	G	0.000	0.987	0.000	0.886	0.102
16	L	0.000	0.987	0.000	0.838	0.150
17	L	0.000	0.987	0.000	0.686	0.301
18	S	0.001	0.987	0.000	0.247	0.740
19	H	0.036	0.951	0.000	0.036	0.915
20	S	0.000	0.951	0.000	0.013	0.937
21	Q	0.087	0.864	0.000	0.001	0.863
22	P	0.000	0.864	0.000	0.000	0.863
23	A	0.029	0.835	0.000	0.000	0.835
24	A	0.007	0.828	0.000	0.000	0.828
25	A	0.004	0.824	0.000	0.000	0.824
26	V	0.523	0.301	0.000	0.000	0.301
27	G	0.000	0.301	0.000	0.000	0.301
28	I	0.266	0.035	0.000	0.000	0.035
29	S	0.000	0.035	0.000	0.000	0.035
30	C	0.005	0.029	0.000	0.000	0.029
31	D	0.029	0.000	0.000	0.000	0.000
32	P	0.000	0.000	0.000	0.000	0.000
33	N	0.000	0.000	0.000	0.000	0.000
34	T	0.000	0.000	0.000	0.000	0.000
35	R	0.000	0.000	0.000	0.000	0.000
36	P	0.000	0.000	0.000	0.000	0.000
37	Y	0.000	0.000	0.000	0.000	0.000
38	S	0.000	0.000	0.000	0.000	0.000
39	A	0.000	0.000	0.000	0.000	0.000
40	W	0.000	0.000	0.000	0.000	0.000
>XP_001401160.2
pos	aa	C	S	n-reg	h-reg	c-reg
1	M	0.000	0.266	0.266	0.000	0.000
2	I	0.000	0.266	0.266	0.000	0.000
3	R	0.000	0.266	0.263	0.003	0.000
4	T	0.000	0.266	0.113	0.152	0.000
5	L	0.000	0.266	0.047	0.218	0.000
6	I	0.000	0.266	0.014	0.251	0.000
7	T	0.000	0.266	0.000	0.265	0.000
8	L	0.000	0.266	0.000	0.266	0.000
9	G	0.000	0.266	0.000	0.266	0.000
10	L	0.000	0.266	0.000	0.266	0.000
11	Y	0.000	0.266	0.000	0.265	0.001
12	G	0.000	0.266	0.000	0.229	0.036
13	F	0.000	0.266	0.000	0.213	0.053
14	V	0.000	0.266	0.000	0.195	0.071
15	Q	0.000	0.266	0.000	0.003	0.263
16	Q	0.000	0.266	0.000	0.000	0.265
17	V	0.005	0.260	0.000	0.000	0.260
18	S	0.000	0.260	0.000	0.000	0.260
19	S	0.000	0.260	0.000	0.000	0.260
20	K	0.260	0.000	0.000	0.000	0.000
21	D	0.000	0.000	0.000	0.000	0.000
22	V	0.000	0.000	0.000	0.000	0.000
23	Y	0.000	0.000	0.000	0.000	0.000
24	L	0.000	0.000	0.000	0.000	0.000
25	D	0.000	0.000	0.000	0.000	0.000
26	W	0.000	0.000	0.000	0.000	0.000
27	N	0.000	0.000	0.000	0.000	0.000
28	I	0.000	0.000	0.000	0.000	0.000
29	T	0.000	0.000	0.000	0.000	0.000
30	W	0.000	0.000	0.000	0.000	0.000
31	V	0.000	0.000	0.000	0.000	0.000
32	T	0.000	0.000	0.000	0.000	0.000
33	A	0.000	0.000	0.000	0.000	0.000
34	A	0.000	0.000	0.000	0.000	0.000
35	P	0.000	0.000	0.000	0.000	0.000
36	D	0.000	0.000	0.000	0.000	0.000
37	G	0.000	0.000	0.000	0.000	0.000
38	Y	0.000	0.000	0.000	0.000	0.000
39	A	0.000	0.000	0.000	0.000	0.000
40	R	0.000	0.000	0.000	0.000	0.000
>XP_001401161.2
pos	aa	C	S	n-reg	h-reg	c-reg
1	M	0.000	0.127	0.127	0.000	0.000
2	A	0.000	0.144	0.144	0.000	0.000
3	E	0.000	0.144	0.144	0.000	0.000
4	K	0.000	0.144	0.144	0.000	0.000
5	E	0.000	0.144	0.140	0.003	0.000
6	T	0.000	0.144	0.094	0.050	0.000
7	I	0.000	0.144	0.021	0.123	0.000
8	V	0.000	0.144	0.002	0.142	0.000
9	V	0.000	0.144	0.001	0.143	0.000
10	I	0.000	0.144	0.000	0.143	0.000
11	G	0.000	0.144	0.000	0.143	0.000
12	A	0.000	0.144	0.000	0.144	0.000
13	G	0.000	0.144	0.000	0.143	0.000
14	I	0.000	0.144	0.000	0.141	0.003
15	I	0.000	0.144	0.000	0.126	0.017
16	G	0.000	0.144	0.000	0.030	0.113
17	L	0.000	0.144	0.000	0.026	0.118
18	T	0.000	0.144	0.000	0.017	0.126
19	T	0.000	0.142	0.000	0.016	0.126
20	A	0.001	0.141	0.000	0.015	0.125
21	L	0.123	0.017	0.000	0.014	0.003
22	Y	0.001	0.012	0.000	0.011	0.002
23	I	0.000	0.009	0.000	0.008	0.002
24	Q	0.000	0.003	0.000	0.001	0.002
25	Q	0.000	0.002	0.000	0.000	0.002
26	R	0.001	0.000	0.000	0.000	0.000
27	L	0.000	0.000	0.000	0.000	0.000
28	S	0.000	0.000	0.000	0.000	0.000
29	P	0.000	0.000	0.000	0.000	0.000
30	S	0.000	0.000	0.000	0.000	0.000
31	Q	0.000	0.000	0.000	0.000	0.000
32	R	0.000	0.000	0.000	0.000	0.000
33	V	0.000	0.000	0.000	0.000	0.000
34	L	0.000	0.000	0.000	0.000	0.000
35	I	0.000	0.000	0.000	0.000	0.000
36	A	0.000	0.000	0.000	0.000	0.000
37	A	0.000	0.000	0.000	0.000	0.000
38	R	0.000	0.000	0.000	0.000	0.000
39	D	0.000	0.000	0.000	0.000	0.000
40	F	0.000	0.000	0.000	0.000	0.000
>XP_001401172.1
pos	aa	C	S	n-reg	h-reg	c-reg
1	M	0.000	0.993	0.993	0.000	0.000
2	K	0.000	0.993	0.993	0.000	0.000
3	L	0.000	0.993	0.413	0.580	0.000
4	L	0.000	0.993	0.176	0.817	0.000
5	L	0.000	0.993	0.119	0.874	0.000
6	T	0.000	0.993	0.090	0.903	0.000
7	T	0.000	0.993	0.056	0.937	0.000
8	L	0.000	0.993	0.029	0.965	0.000
9	I	0.000	0.993	0.014	0.979	0.000
10	L	0.000	0.993	0.010	0.983	0.000
11	P	0.000	0.993	0.009	0.883	0.101
12	S	0.000	0.993	0.006	0.858	0.129
13	L	0.000	0.993	0.001	0.847	0.145
14	L	0.000	0.993	0.000	0.755	0.238
15	S	0.001	0.993	0.000	0.260	0.732
16	T	0.037	0.955	0.000	0.132	0.823
17	H	0.010	0.945	0.000	0.055	0.890
18	L	0.000	0.945	0.000	0.050	0.896
19	L	0.015	0.930	0.000	0.035	0.896
20	F	0.003	0.927	0.000	0.026	0.902
21	A	0.000	0.927	0.000	0.002	0.925
22	T	0.142	0.786	0.000	0.001	0.784
23	A	0.001	0.785	0.000	0.001	0.784
24	I	0.505	0.279	0.000	0.001	0.279
25	S	0.000	0.279	0.000	0.000	0.279
26	I	0.256	0.024	0.000	0.000	0.023
27	P	0.000	0.024	0.000	0.000	0.023
28	S	0.010	0.014	0.000	0.000	0.014
29	P	0.000	0.013	0.000	0.000	0.013
30	Q	0.008	0.006	0.000	0.000	0.006
31	E	0.000	0.005	0.000	0.000	0.005
32	T	0.000	0.005	0.000	0.000	0.005
33	H	0.001	0.004	0.000	0.000	0.004
34	P	0.000	0.004	0.000	0.000	0.004
35	D	0.003	0.001	0.000	0.000	0.001
36	A	0.000	0.001	0.000	0.000	0.001
37	N	0.000	0.000	0.000	0.000	0.000
38	C	0.000	0.000	0.000	0.000	0.000
39	D	0.000	0.000	0.000	0.000	0.000
40	C	0.000	0.000	0.000	0.000	0.000
>XP_001401200.1
pos	aa	C	S	n-reg	h-reg	c-reg
1	M	0.000	0.001	0.001	0.000	0.000
2	S	0.000	0.995	0.995	0.000	0.000
3	I	0.000	0.995	0.995	0.000	0.000
4	G	0.000	0.995	0.995	0.000	0.000
5	K	0.000	0.995	0.995	0.000	0.000
6	I	0.000	0.995	0.995	0.000	0.000
7	I	0.000	0.995	0.995	0.000	0.000
8	G	0.000	0.995	0.995	0.000	0.000
9	K	0.000	0.995	0.995	0.000	0.000
10	I	0.000	0.995	0.350	0.645	0.000
11	I	0.000	0.995	0.156	0.839	0.000
12	I	0.000	0.995	0.096	0.899	0.000
13	I	0.000	0.995	0.078	0.917	0.000
14	P	0.000	0.995	0.072	0.923	0.000
15	I	0.000	0.995	0.022	0.972	0.000
16	L	0.000	0.995	0.007	0.988	0.000
17	V	0.000	0.995	0.001	0.994	0.000
18	I	0.000	0.995	0.000	0.995	0.000
19	I	0.000	0.995	0.000	0.995	0.000
20	F	0.000	0.995	0.000	0.994	0.000
21	I	0.000	0.995	0.000	0.994	0.001
22	C	0.000	0.993	0.000	0.991	0.001
23	V	0.000	0.989	0.000	0.988	0.001
24	C	0.000	0.979	0.000	0.977	0.001
25	I	0.001	0.962	0.000	0.962	0.000
26	Y	0.000	0.923	0.000	0.923	0.000
27	F	0.000	0.889	0.000	0.889	0.000
28	L	0.000	0.808	0.000	0.808	0.000
29	I	0.000	0.571	0.000	0.571	0.000
30	K	0.000	0.000	0.000	0.000	0.000
31	H	0.000	0.000	0.000	0.000	0.000
32	R	0.000	0.000	0.000	0.000	0.000
33	R	0.000	0.000	0.000	0.000	0.000
34	D	0.000	0.000	0.000	0.000	0.000
35	R	0.000	0.000	0.000	0.000	0.000
36	K	0.000	0.000	0.000	0.000	0.000
37	R	0.000	0.000	0.000	0.000	0.000
38	E	0.000	0.000	0.000	0.000	0.000
39	R	0.000	0.000	0.000	0.000	0.000
40	R	0.000	0.000	0.000	0.000	0.000
>XP_001401203.1
pos	aa	C	S	n-reg	h-reg	c-reg
1	M	0.000	0.919	0.919	0.000	0.000
2	R	0.000	0.919	0.919	0.000	0.000
3	G	0.000	0.919	0.901	0.017	0.000
4	L	0.000	0.919	0.667	0.252	0.000
5	N	0.000	0.919	0.617	0.302	0.000
6	L	0.000	0.919	0.169	0.749	0.000
7	F	0.000	0.919	0.055	0.864	0.000
8	Q	0.000	0.919	0.017	0.902	0.000
9	L	0.000	0.919	0.001	0.917	0.000
10	I	0.000	0.919	0.000	0.918	0.000
11	L	0.000	0.919	0.000	0.918	0.000
12	A	0.000	0.919	0.000	0.916	0.003
13	L	0.000	0.919	0.000	0.912	0.006
14	L	0.000	0.919	0.000	0.897	0.022
15	L	0.000	0.918	0.000	0.839	0.079
16	S	0.000	0.918	0.000	0.078	0.841
17	M	0.000	0.918	0.000	0.031	0.887
18	V	0.000	0.918	0.000	0.002	0.917
19	A	0.000	0.918	0.000	0.000	0.918
20	A	0.045	0.873	0.000	0.000	0.873
21	E	0.866	0.007	0.000	0.000	0.007
22	D	0.000	0.007	0.000	0.000	0.007
23	G	0.000	0.007	0.000	0.000	0.007
24	Y	0.006	0.001	0.000	0.000	0.001
25	D	0.000	0.001	0.000	0.000	0.001
26	G	0.000	0.001	0.000	0.000	0.001
27	W	0.000	0.001	0.000	0.000	0.001
28	L	0.000	0.001	0.000	0.000	0.001
29	R	0.000	0.000	0.000	0.000	0.000
30	Y	0.000	0.000	0.000	0.000	0.000
31	A	0.000	0.000	0.000	0.000	0.000
32	P	0.000	0.000	0.000	0.000	0.000
33	V	0.000	0.000	0.000	0.000	0.000
34	S	0.000	0.000	0.000	0.000	0.000
35	C	0.000	0.000	0.000	0.000	0.000
36	D	0.000	0.000	0.000	0.000	0.000
37	L	0.000	0.000	0.000	0.000	0.000
38	H	0.000	0.000	0.000	0.000	0.000
39	C	0.000	0.000	0.000	0.000	0.000
40	Q	0.000	0.000	0.000	0.000	0.000
>XP_001401205.1
pos	aa	C	S	n-reg	h-reg	c-reg
1	M	0.000	0.114	0.114	0.000	0.000
2	K	0.000	0.114	0.114	0.000	0.000
3	T	0.000	0.114	0.093	0.021	0.000
4	S	0.000	0.114	0.074	0.040	0.000
5	F	0.000	0.114	0.046	0.068	0.000
6	L	0.000	0.114	0.004	0.109	0.000
7	L	0.000	0.114	0.001	0.113	0.000
8	A	0.000	0.114	0.001	0.113	0.000
9	I	0.000	0.114	0.000	0.114	0.000
10	G	0.000	0.114	0.000	0.114	0.000
11	L	0.000	0.114	0.000	0.112	0.002
12	A	0.000	0.114	0.000	0.108	0.006
13	V	0.000	0.114	0.000	0.102	0.012
14	E	0.000	0.114	0.000	0.023	0.090
15	A	0.000	0.114	0.000	0.020	0.094
16	C	0.002	0.112	0.000	0.018	0.093
17	L	0.000	0.111	0.000	0.016	0.095
18	G	0.001	0.110	0.000	0.001	0.109
19	L	0.051	0.059	0.000	0.000	0.058
20	V	0.000	0.058	0.000	0.000	0.058
21	S	0.000	0.058	0.000	0.000	0.058
22	A	0.008	0.050	0.000	0.000	0.050
23	P	0.049	0.001	0.000	0.000	0.001
24	N	0.000	0.001	0.000	0.000	0.001
25	Y	0.000	0.001	0.000	0.000	0.001
26	V	0.000	0.001	0.000	0.000	0.001
27	R	0.000	0.001	0.000	0.000	0.001
28	Q	0.000	0.001	0.000	0.000	0.001
29	I	0.001	0.000	0.000	0.000	0.000
30	N	0.000	0.000	0.000	0.000	0.000
31	A	0.000	0.000	0.000	0.000	0.000
32	T	0.000	0.000	0.000	0.000	0.000
33	D	0.000	0.000	0.000	0.000	0.000
34	S	0.000	0.000	0.000	0.000	0.000
35	S	0.000	0.000	0.000	0.000	0.000
36	L	0.000	0.000	0.000	0.000	0.000
37	Q	0.000	0.000	0.000	0.000	0.000
38	D	0.000	0.000	0.000	0.000	0.000
39	I	0.000	0.000	0.000	0.000	0.000
40	V	0.000	0.000	0.000	0.000	0.000
>XP_001401210.1
pos	aa	C	S	n-reg	h-reg	c-reg
1	M	0.000	0.296	0.296	0.000	0.000
2	T	0.000	0.872	0.872	0.000	0.000
3	P	0.000	0.872	0.870	0.001	0.000
4	L	0.000	0.872	0.862	0.010	0.000
5	N	0.000	0.872	0.861	0.011	0.000
6	H	0.000	0.872	0.840	0.032	0.000
7	W	0.000	0.872	0.605	0.266	0.000
8	G	0.000	0.872	0.437	0.435	0.000
9	I	0.000	0.872	0.220	0.651	0.000
10	T	0.000	0.872	0.153	0.719	0.000
11	L	0.000	0.872	0.092	0.780	0.000
12	V	0.000	0.872	0.068	0.803	0.000
13	V	0.000	0.872	0.060	0.811	0.001
14	V	0.000	0.872	0.056	0.807	0.008
15	P	0.000	0.872	0.055	0.678	0.138
16	I	0.000	0.872	0.040	0.690	0.142
17	V	0.000	0.872	0.033	0.688	0.150
18	A	0.000	0.872	0.031	0.653	0.187
19	C	0.011	0.861	0.030	0.618	0.213
20	V	0.132	0.728	0.030	0.595	0.103
21	V	0.000	0.727	0.030	0.587	0.110
22	T	0.000	0.723	0.030	0.577	0.116
23	T	0.040	0.679	0.030	0.571	0.078
24	L	0.047	0.629	0.030	0.564	0.035
25	F	0.022	0.598	0.030	0.548	0.020
26	F	0.000	0.577	0.030	0.524	0.023
27	I	0.000	0.529	0.030	0.474	0.025
28	L	0.000	0.411	0.030	0.342	0.040
29	R	0.000	0.073	0.030	0.000	0.043
30	L	0.000	0.073	0.030	0.000	0.043
31	Y	0.004	0.069	0.030	0.000	0.039
32	S	0.000	0.069	0.030	0.000	0.039
33	R	0.039	0.030	0.030	0.000	0.000
34	R	0.000	0.030	0.030	0.000	0.000
35	L	0.000	0.030	0.030	0.000	0.000
36	V	0.000	0.030	0.030	0.000	0.000
37	R	0.000	0.030	0.030	0.000	0.000
38	Q	0.000	0.030	0.030	0.000	0.000
39	K	0.000	0.030	0.030	0.000	0.000
40	L	0.000	0.030	0.030	0.000	0.000
>XP_001401219.1
pos	aa	C	S	n-reg	h-reg	c-reg
1	M	0.000	0.979	0.979	0.000	0.000
2	Y	0.000	0.979	0.979	0.000	0.000
3	L	0.000	0.979	0.434	0.545	0.000
4	S	0.000	0.979	0.246	0.733	0.000
5	V	0.000	0.979	0.062	0.917	0.000
6	V	0.000	0.979	0.021	0.958	0.000
7	S	0.000	0.979	0.005	0.974	0.000
8	L	0.000	0.979	0.000	0.979	0.000
9	L	0.000	0.979	0.000	0.979	0.000
10	A	0.000	0.979	0.000	0.978	0.001
11	L	0.000	0.979	0.000	0.917	0.062
12	S	0.000	0.979	0.000	0.702	0.277
13	G	0.000	0.979	0.000	0.311	0.668
14	I	0.000	0.978	0.000	0.268	0.711
15	V	0.000	0.978	0.000	0.048	0.931
16	T	0.000	0.978	0.000	0.009	0.970
17	A	0.029	0.949	0.000	0.001	0.948
18	H	0.472	0.477	0.000	0.000	0.477
19	S	0.000	0.477	0.000	0.000	0.477
20	S	0.463	0.014	0.000	0.000	0.014
21	H	0.010	0.004	0.000	0.000	0.004
22	D	0.000	0.004	0.000	0.000	0.004
23	Q	0.000	0.004	0.000	0.000	0.004
24	T	0.000	0.004	0.000	0.000	0.004
25	P	0.000	0.004	0.000	0.000	0.004
26	L	0.000	0.003	0.000	0.000	0.003
27	A	0.000	0.003	0.000	0.000	0.003
28	G	0.002	0.001	0.000	0.000	0.001
29	P	0.000	0.001	0.000	0.000	0.001
30	H	0.000	0.001	0.000	0.000	0.001
31	Q	0.000	0.001	0.000	0.000	0.001
32	R	0.000	0.001	0.000	0.000	0.001
33	L	0.000	0.001	0.000	0.000	0.001
34	W	0.000	0.001	0.000	0.000	0.001
35	Y	0.000	0.001	0.000	0.000	0.001
36	N	0.000	0.001	0.000	0.000	0.001
37	T	0.000	0.001	0.000	0.000	0.001
38	L	0.000	0.001	0.000	0.000	0.001
39	P	0.000	0.001	0.000	0.000	0.001
40	G	0.000	0.001	0.000	0.000	0.001
>XP_001401229.2
pos	aa	C	S	n-reg	h-reg	c-reg
1	M	0.000	0.171	0.171	0.000	0.000
2	P	0.000	0.196	0.196	0.000	0.000
3	I	0.000	0.196	0.196	0.000	0.000
4	L	0.000	0.196	0.196	0.000	0.000
5	R	0.000	0.196	0.196	0.000	0.000
6	P	0.000	0.196	0.196	0.000	0.000
7	G	0.000	0.196	0.196	0.000	0.000
8	K	0.000	0.196	0.196	0.000	0.000
9	L	0.000	0.196	0.196	0.000	0.000
10	K	0.000	0.196	0.196	0.000	0.000
11	S	0.000	0.196	0.184	0.013	0.000
12	I	0.000	0.196	0.158	0.038	0.000
13	I	0.000	0.196	0.150	0.046	0.000
14	S	0.000	0.196	0.145	0.051	0.000
15	A	0.000	0.196	0.136	0.060	0.000
16	T	0.000	0.196	0.128	0.068	0.000
17	G	0.000	0.196	0.116	0.080	0.000
18	A	0.000	0.196	0.075	0.121	0.000
19	L	0.000	0.196	0.016	0.180	0.001
20	L	0.000	0.196	0.003	0.190	0.003
21	L	0.000	0.196	0.001	0.190	0.005
22	I	0.000	0.196	0.000	0.187	0.009
23	C	0.000	0.196	0.000	0.173	0.022
24	T	0.002	0.194	0.000	0.166	0.028
25	V	0.006	0.187	0.000	0.163	0.024
26	Y	0.000	0.186	0.000	0.147	0.039
27	I	0.000	0.184	0.000	0.140	0.044
28	Y	0.000	0.180	0.000	0.119	0.061
29	W	0.000	0.177	0.000	0.108	0.069
30	A	0.000	0.172	0.000	0.056	0.116
31	P	0.029	0.136	0.000	0.004	0.132
32	P	0.001	0.135	0.000	0.001	0.134
33	P	0.001	0.134	0.000	0.000	0.133
34	A	0.001	0.133	0.000	0.000	0.132
35	S	0.013	0.120	0.000	0.000	0.120
36	V	0.013	0.107	0.000	0.000	0.107
37	V	0.000	0.107	0.000	0.000	0.107
38	L	0.000	0.107	0.000	0.000	0.107
39	A	0.095	0.011	0.000	0.000	0.011
40	P	0.010	0.001	0.000	0.000	0.001
>XP_001401287.1
pos	aa	C	S	n-reg	h-reg	c-reg
1	M	0.000	0.999	0.999	0.000	0.000
2	S	0.000	0.999	0.999	0.000	0.000
3	P	0.000	0.999	0.999	0.000	0.000
4	S	0.000	0.999	0.995	0.005	0.000
5	T	0.000	0.999	0.970	0.029	0.000
6	L	0.000	0.999	0.790	0.209	0.000
7	L	0.000	0.999	0.659	0.341	0.000
8	S	0.000	0.999	0.616	0.384	0.000
9	L	0.000	0.999	0.490	0.509	0.000
10	G	0.000	0.999	0.460	0.539	0.000
11	S	0.000	0.999	0.338	0.661	0.000
12	A	0.000	0.999	0.131	0.869	0.000
13	I	0.000	0.999	0.038	0.961	0.000
14	L	0.000	0.999	0.009	0.989	0.002
15	A	0.000	0.999	0.001	0.992	0.006
16	V	0.000	0.999	0.000	0.987	0.012
17	F	0.000	0.999	0.000	0.921	0.078
18	L	0.000	0.999	0.000	0.812	0.187
19	F	0.001	0.999	0.000	0.644	0.355
20	W	0.000	0.999	0.000	0.492	0.506
21	T	0.000	0.999	0.000	0.374	0.624
22	L	0.001	0.998	0.000	0.350	0.648
23	S	0.000	0.997	0.000	0.034	0.963
24	S	0.058	0.939	0.000	0.012	0.927
25	T	0.040	0.898	0.000	0.003	0.896
26	T	0.222	0.676	0.000	0.001	0.675
27	S	0.028	0.648	0.000	0.000	0.648
28	S	0.558	0.090	0.000	0.000	0.090
29	P	0.021	0.069	0.000	0.000	0.069
30	F	0.016	0.053	0.000	0.000	0.053
31	G	0.000	0.053	0.000	0.000	0.053
32	G	0.002	0.051	0.000	0.000	0.051
33	A	0.003	0.048	0.000	0.000	0.048
34	F	0.033	0.015	0.000	0.000	0.015
35	P	0.000	0.015	0.000	0.000	0.015
36	R	0.014	0.001	0.000	0.000	0.001
37	L	0.000	0.001	0.000	0.000	0.001
38	Y	0.000	0.001	0.000	0.000	0.001
39	N	0.000	0.001	0.000	0.000	0.001
40	K	0.000	0.001	0.000	0.000	0.001
>XP_001401296.1
pos	aa	C	S	n-reg	h-reg	c-reg
1	M	0.000	0.641	0.641	0.000	0.000
2	T	0.000	0.641	0.641	0.000	0.000
3	L	0.000	0.641	0.639	0.002	0.000
4	N	0.000	0.641	0.637	0.004	0.000
5	R	0.000	0.641	0.627	0.014	0.000
6	L	0.000	0.641	0.144	0.497	0.000
7	I	0.000	0.641	0.032	0.609	0.000
8	L	0.000	0.641	0.001	0.640	0.000
9	L	0.000	0.641	0.000	0.641	0.000
10	G	0.000	0.641	0.000	0.641	0.000
11	S	0.000	0.641	0.000	0.641	0.000
12	M	0.000	0.641	0.000	0.640	0.001
13	G	0.000	0.641	0.000	0.635	0.007
14	S	0.000	0.641	0.000	0.570	0.071
15	L	0.000	0.641	0.000	0.549	0.092
16	P	0.000	0.641	0.000	0.044	0.597
17	L	0.000	0.641	0.000	0.033	0.608
18	T	0.000	0.641	0.000	0.001	0.640
19	L	0.001	0.640	0.000	0.000	0.639
20	A	0.002	0.638	0.000	0.000	0.638
21	Y	0.618	0.020	0.000	0.000	0.020
22	P	0.000	0.020	0.000	0.000	0.020
23	R	0.019	0.000	0.000	0.000	0.000
24	L	0.000	0.000	0.000	0.000	0.000
25	N	0.000	0.000	0.000	0.000	0.000
26	I	0.000	0.000	0.000	0.000	0.000
27	P	0.000	0.000	0.000	0.000	0.000
28	R	0.000	0.000	0.000	0.000	0.000
29	Q	0.000	0.000	0.000	0.000	0.000
30	V	0.000	0.000	0.000	0.000	0.000
31	G	0.000	0.000	0.000	0.000	0.000
32	N	0.000	0.000	0.000	0.000	0.000
33	A	0.000	0.000	0.000	0.000	0.000
34	T	0.000	0.000	0.000	0.000	0.000
35	G	0.000	0.000	0.000	0.000	0.000
36	V	0.000	0.000	0.000	0.000	0.000
37	A	0.000	0.000	0.000	0.000	0.000
38	P	0.000	0.000	0.000	0.000	0.000
39	G	0.000	0.000	0.000	0.000	0.000
40	I	0.000	0.000	0.000	0.000	0.000
