>XP_001396623.1
pos	aa	C	S	n-reg	h-reg	c-reg
1	M	0.000	0.998	0.998	0.000	0.000
2	I	0.000	0.998	0.998	0.000	0.000
3	L	0.000	0.998	0.998	0.000	0.000
4	L	0.000	0.998	0.998	0.001	0.000
5	K	0.000	0.998	0.998	0.001	0.000
6	M	0.000	0.998	0.936	0.063	0.000
7	W	0.000	0.998	0.724	0.274	0.000
8	A	0.000	0.998	0.420	0.578	0.000
9	I	0.000	0.998	0.145	0.853	0.000
10	L	0.000	0.998	0.039	0.959	0.000
11	L	0.000	0.998	0.014	0.985	0.000
12	P	0.000	0.998	0.010	0.988	0.000
13	I	0.000	0.998	0.003	0.995	0.000
14	L	0.000	0.998	0.000	0.997	0.001
15	L	0.000	0.998	0.000	0.994	0.005
16	L	0.000	0.998	0.000	0.983	0.015
17	Q	0.000	0.998	0.000	0.937	0.061
18	L	0.000	0.998	0.000	0.833	0.165
19	L	0.001	0.997	0.000	0.456	0.542
20	N	0.000	0.997	0.000	0.096	0.901
21	T	0.000	0.997	0.000	0.076	0.922
22	P	0.010	0.987	0.000	0.000	0.987
23	T	0.001	0.986	0.000	0.000	0.986
24	V	0.003	0.983	0.000	0.000	0.983
25	Y	0.000	0.983	0.000	0.000	0.983
26	A	0.000	0.983	0.000	0.000	0.983
27	G	0.964	0.019	0.000	0.000	0.019
28	H	0.018	0.001	0.000	0.000	0.001
29	P	0.000	0.001	0.000	0.000	0.001
30	E	0.001	0.000	0.000	0.000	0.000
31	W	0.000	0.000	0.000	0.000	0.000
32	E	0.000	0.000	0.000	0.000	0.000
33	H	0.000	0.000	0.000	0.000	0.000
34	A	0.000	0.000	0.000	0.000	0.000
35	R	0.000	0.000	0.000	0.000	0.000
36	F	0.000	0.000	0.000	0.000	0.000
37	M	0.000	0.000	0.000	0.000	0.000
38	L	0.000	0.000	0.000	0.000	0.000
39	P	0.000	0.000	0.000	0.000	0.000
40	N	0.000	0.000	0.000	0.000	0.000
>XP_001396624.1
pos	aa	C	S	n-reg	h-reg	c-reg
1	M	0.000	0.989	0.989	0.000	0.000
2	S	0.000	0.989	0.989	0.000	0.000
3	V	0.000	0.989	0.603	0.386	0.000
4	I	0.000	0.989	0.383	0.605	0.000
5	S	0.000	0.989	0.334	0.655	0.000
6	A	0.000	0.989	0.178	0.810	0.000
7	F	0.000	0.989	0.029	0.959	0.000
8	L	0.000	0.989	0.007	0.982	0.000
9	L	0.000	0.989	0.002	0.986	0.000
10	C	0.000	0.989	0.001	0.987	0.000
11	L	0.000	0.989	0.001	0.970	0.018
12	F	0.000	0.989	0.001	0.883	0.105
13	G	0.000	0.989	0.000	0.788	0.200
14	W	0.000	0.989	0.000	0.685	0.303
15	Q	0.000	0.989	0.000	0.212	0.777
16	L	0.001	0.988	0.000	0.151	0.837
17	T	0.000	0.987	0.000	0.092	0.895
18	S	0.003	0.985	0.000	0.063	0.921
19	S	0.013	0.972	0.000	0.004	0.968
20	A	0.288	0.683	0.000	0.003	0.680
21	V	0.081	0.602	0.000	0.002	0.600
22	F	0.000	0.602	0.000	0.001	0.602
23	A	0.000	0.602	0.000	0.001	0.602
24	H	0.453	0.149	0.000	0.000	0.149
25	N	0.000	0.149	0.000	0.000	0.149
26	L	0.000	0.149	0.000	0.000	0.149
27	A	0.000	0.149	0.000	0.000	0.149
28	W	0.002	0.147	0.000	0.000	0.147
29	G	0.000	0.147	0.000	0.000	0.147
30	A	0.070	0.077	0.000	0.000	0.077
31	L	0.001	0.077	0.000	0.000	0.077
32	P	0.000	0.077	0.000	0.000	0.077
33	S	0.045	0.032	0.000	0.000	0.032
34	N	0.002	0.030	0.000	0.000	0.030
35	L	0.000	0.030	0.000	0.000	0.030
36	D	0.016	0.014	0.000	0.000	0.014
37	P	0.000	0.014	0.000	0.000	0.014
38	V	0.002	0.012	0.000	0.000	0.012
39	Y	0.000	0.012	0.000	0.000	0.012
40	P	0.000	0.012	0.000	0.000	0.012
>XP_001396625.1
pos	aa	C	S	n-reg	h-reg	c-reg
1	M	0.000	0.588	0.588	0.000	0.000
2	I	0.000	0.588	0.588	0.000	0.000
3	W	0.000	0.588	0.378	0.210	0.000
4	F	0.000	0.588	0.038	0.550	0.000
5	I	0.000	0.588	0.010	0.577	0.000
6	F	0.000	0.588	0.002	0.586	0.000
7	L	0.000	0.588	0.000	0.587	0.000
8	L	0.000	0.588	0.000	0.588	0.000
9	V	0.000	0.588	0.000	0.588	0.000
10	I	0.000	0.588	0.000	0.586	0.002
11	L	0.000	0.588	0.000	0.511	0.077
12	V	0.000	0.588	0.000	0.123	0.464
13	T	0.000	0.588	0.000	0.067	0.521
14	G	0.001	0.587	0.000	0.035	0.552
15	T	0.332	0.255	0.000	0.025	0.230
16	P	0.023	0.232	0.000	0.001	0.230
17	D	0.149	0.083	0.000	0.000	0.083
18	I	0.000	0.083	0.000	0.000	0.083
19	D	0.000	0.083	0.000	0.000	0.083
20	A	0.000	0.083	0.000	0.000	0.083
21	P	0.042	0.040	0.000	0.000	0.040
22	Q	0.038	0.002	0.000	0.000	0.002
23	D	0.002	0.000	0.000	0.000	0.000
24	N	0.000	0.000	0.000	0.000	0.000
25	P	0.000	0.000	0.000	0.000	0.000
26	P	0.000	0.000	0.000	0.000	0.000
27	E	0.000	0.000	0.000	0.000	0.000
28	T	0.000	0.000	0.000	0.000	0.000
29	H	0.000	0.000	0.000	0.000	0.000
30	L	0.000	0.000	0.000	0.000	0.000
31	P	0.000	0.000	0.000	0.000	0.000
32	I	0.000	0.000	0.000	0.000	0.000
33	T	0.000	0.000	0.000	0.000	0.000
34	D	0.000	0.000	0.000	0.000	0.000
35	L	0.000	0.000	0.000	0.000	0.000
36	T	0.000	0.000	0.000	0.000	0.000
37	F	0.000	0.000	0.000	0.000	0.000
38	I	0.000	0.000	0.000	0.000	0.000
39	R	0.000	0.000	0.000	0.000	0.000
40	T	0.000	0.000	0.000	0.000	0.000
>XP_001396626.2
pos	aa	C	S	n-reg	h-reg	c-reg
1	M	0.000	0.001	0.001	0.000	0.000
2	L	0.000	0.001	0.001	0.000	0.000
3	S	0.000	0.001	0.001	0.000	0.000
4	L	0.000	0.001	0.001	0.000	0.000
5	S	0.000	0.001	0.001	0.000	0.000
6	R	0.000	0.001	0.001	0.000	0.000
7	A	0.000	0.001	0.001	0.000	0.000
8	M	0.000	0.001	0.001	0.000	0.000
9	K	0.000	0.001	0.001	0.000	0.000
10	R	0.000	0.001	0.001	0.000	0.000
11	I	0.000	0.001	0.001	0.000	0.000
12	S	0.000	0.001	0.001	0.000	0.000
13	F	0.000	0.001	0.001	0.000	0.000
14	L	0.000	0.001	0.001	0.001	0.000
15	R	0.000	0.001	0.001	0.001	0.000
16	A	0.000	0.001	0.001	0.001	0.000
17	K	0.000	0.001	0.001	0.001	0.000
18	P	0.000	0.001	0.000	0.001	0.000
19	L	0.000	0.001	0.000	0.001	0.000
20	Q	0.000	0.001	0.000	0.001	0.000
21	L	0.000	0.001	0.000	0.001	0.000
22	S	0.000	0.001	0.000	0.001	0.000
23	R	0.000	0.001	0.000	0.001	0.001
24	S	0.000	0.001	0.000	0.001	0.001
25	L	0.000	0.001	0.000	0.001	0.000
26	S	0.000	0.001	0.000	0.000	0.001
27	T	0.000	0.001	0.000	0.000	0.000
28	T	0.000	0.001	0.000	0.000	0.001
29	P	0.000	0.001	0.000	0.000	0.001
30	S	0.000	0.001	0.000	0.000	0.001
31	I	0.000	0.000	0.000	0.000	0.000
32	P	0.000	0.000	0.000	0.000	0.000
33	Q	0.000	0.000	0.000	0.000	0.000
34	H	0.000	0.000	0.000	0.000	0.000
35	E	0.000	0.000	0.000	0.000	0.000
36	L	0.000	0.000	0.000	0.000	0.000
37	V	0.000	0.000	0.000	0.000	0.000
38	N	0.000	0.000	0.000	0.000	0.000
39	E	0.000	0.000	0.000	0.000	0.000
40	E	0.000	0.000	0.000	0.000	0.000
>XP_001396632.1
pos	aa	C	S	n-reg	h-reg	c-reg
1	M	0.000	0.999	0.999	0.000	0.000
2	F	0.000	0.999	0.999	0.000	0.000
3	P	0.000	0.999	0.999	0.000	0.000
4	S	0.000	0.999	0.999	0.000	0.000
5	R	0.000	0.999	0.999	0.000	0.000
6	A	0.000	0.999	0.999	0.000	0.000
7	F	0.000	0.999	0.999	0.000	0.000
8	L	0.000	0.999	0.999	0.000	0.000
9	R	0.000	0.999	0.999	0.001	0.000
10	V	0.000	0.999	0.983	0.017	0.000
11	R	0.000	0.999	0.976	0.023	0.000
12	S	0.000	0.999	0.673	0.327	0.000
13	L	0.000	0.999	0.129	0.870	0.000
14	L	0.000	0.999	0.015	0.985	0.000
15	L	0.000	0.999	0.004	0.996	0.000
16	A	0.000	0.999	0.001	0.998	0.000
17	I	0.000	0.999	0.000	0.999	0.000
18	F	0.000	0.999	0.000	0.999	0.000
19	I	0.000	0.999	0.000	0.999	0.001
20	L	0.000	0.999	0.000	0.974	0.025
21	L	0.000	0.999	0.000	0.906	0.094
22	T	0.000	0.999	0.000	0.482	0.517
23	F	0.000	0.999	0.000	0.441	0.558
24	A	0.000	0.999	0.000	0.076	0.923
25	W	0.078	0.921	0.000	0.016	0.905
26	S	0.000	0.921	0.000	0.002	0.919
27	Y	0.415	0.506	0.000	0.001	0.505
28	S	0.000	0.506	0.000	0.000	0.506
29	R	0.399	0.107	0.000	0.000	0.107
30	W	0.000	0.107	0.000	0.000	0.107
31	R	0.000	0.107	0.000	0.000	0.107
32	S	0.000	0.107	0.000	0.000	0.107
33	Y	0.093	0.015	0.000	0.000	0.015
34	P	0.000	0.015	0.000	0.000	0.015
35	L	0.010	0.005	0.000	0.000	0.005
36	P	0.000	0.005	0.000	0.000	0.005
37	E	0.000	0.004	0.000	0.000	0.004
38	Q	0.000	0.004	0.000	0.000	0.004
39	V	0.000	0.004	0.000	0.000	0.004
40	R	0.000	0.004	0.000	0.000	0.004
>XP_001396637.1
pos	aa	C	S	n-reg	h-reg	c-reg
1	M	0.000	0.997	0.997	0.000	0.000
2	Y	0.000	0.997	0.997	0.000	0.000
3	T	0.000	0.997	0.853	0.144	0.000
4	L	0.000	0.997	0.309	0.688	0.000
5	L	0.000	0.997	0.141	0.857	0.000
6	I	0.000	0.997	0.053	0.944	0.000
7	I	0.000	0.997	0.026	0.971	0.000
8	Q	0.000	0.997	0.022	0.976	0.000
9	L	0.000	0.997	0.002	0.995	0.000
10	L	0.000	0.997	0.000	0.997	0.000
11	I	0.000	0.997	0.000	0.997	0.000
12	S	0.000	0.997	0.000	0.993	0.004
13	L	0.000	0.997	0.000	0.991	0.006
14	L	0.000	0.997	0.000	0.938	0.059
15	V	0.000	0.997	0.000	0.648	0.349
16	F	0.000	0.997	0.000	0.212	0.785
17	P	0.000	0.997	0.000	0.046	0.951
18	N	0.001	0.996	0.000	0.000	0.996
19	A	0.000	0.996	0.000	0.000	0.996
20	A	0.007	0.989	0.000	0.000	0.989
21	L	0.019	0.970	0.000	0.000	0.970
22	S	0.028	0.942	0.000	0.000	0.942
23	D	0.942	0.000	0.000	0.000	0.000
24	R	0.000	0.000	0.000	0.000	0.000
25	P	0.000	0.000	0.000	0.000	0.000
26	P	0.000	0.000	0.000	0.000	0.000
27	G	0.000	0.000	0.000	0.000	0.000
28	K	0.000	0.000	0.000	0.000	0.000
29	D	0.000	0.000	0.000	0.000	0.000
30	A	0.000	0.000	0.000	0.000	0.000
31	I	0.000	0.000	0.000	0.000	0.000
32	L	0.000	0.000	0.000	0.000	0.000
33	L	0.000	0.000	0.000	0.000	0.000
34	S	0.000	0.000	0.000	0.000	0.000
35	R	0.000	0.000	0.000	0.000	0.000
36	V	0.000	0.000	0.000	0.000	0.000
37	R	0.000	0.000	0.000	0.000	0.000
38	S	0.000	0.000	0.000	0.000	0.000
39	L	0.000	0.000	0.000	0.000	0.000
40	T	0.000	0.000	0.000	0.000	0.000
>XP_001396675.2
pos	aa	C	S	n-reg	h-reg	c-reg
1	M	0.000	0.007	0.007	0.000	0.000
2	P	0.000	0.007	0.007	0.000	0.000
3	E	0.000	0.007	0.007	0.000	0.000
4	Q	0.000	0.007	0.007	0.000	0.000
5	R	0.000	0.007	0.007	0.000	0.000
6	Q	0.000	0.007	0.007	0.000	0.000
7	R	0.000	0.007	0.007	0.000	0.000
8	R	0.000	0.007	0.007	0.000	0.000
9	E	0.000	0.007	0.007	0.000	0.000
10	E	0.000	0.007	0.007	0.000	0.000
11	S	0.000	0.007	0.007	0.000	0.000
12	E	0.000	0.007	0.007	0.000	0.000
13	Q	0.000	0.007	0.007	0.000	0.000
14	G	0.000	0.007	0.007	0.000	0.000
15	S	0.000	0.007	0.007	0.000	0.000
16	G	0.000	0.007	0.007	0.000	0.000
17	F	0.000	0.007	0.007	0.000	0.000
18	K	0.000	0.007	0.007	0.000	0.000
19	G	0.000	0.007	0.006	0.002	0.000
20	A	0.000	0.007	0.003	0.004	0.000
21	L	0.000	0.007	0.002	0.006	0.000
22	Q	0.000	0.007	0.002	0.006	0.000
23	G	0.000	0.007	0.000	0.007	0.000
24	L	0.000	0.007	0.000	0.007	0.000
25	A	0.000	0.007	0.000	0.007	0.000
26	F	0.000	0.007	0.000	0.007	0.000
27	F	0.000	0.007	0.000	0.007	0.000
28	L	0.000	0.007	0.000	0.007	0.000
29	L	0.000	0.007	0.000	0.007	0.001
30	A	0.000	0.007	0.000	0.006	0.001
31	Q	0.000	0.007	0.000	0.000	0.007
32	F	0.000	0.007	0.000	0.000	0.007
33	V	0.000	0.007	0.000	0.000	0.007
34	M	0.000	0.007	0.000	0.000	0.007
35	S	0.000	0.007	0.000	0.000	0.007
36	Q	0.007	0.000	0.000	0.000	0.000
37	F	0.000	0.000	0.000	0.000	0.000
38	F	0.000	0.000	0.000	0.000	0.000
39	G	0.000	0.000	0.000	0.000	0.000
40	S	0.000	0.000	0.000	0.000	0.000
>XP_001396682.1
pos	aa	C	S	n-reg	h-reg	c-reg
1	M	0.000	0.030	0.030	0.000	0.000
2	H	0.000	0.030	0.030	0.000	0.000
3	L	0.000	0.030	0.030	0.000	0.000
4	S	0.000	0.030	0.029	0.000	0.000
5	K	0.000	0.030	0.029	0.000	0.000
6	I	0.000	0.030	0.016	0.014	0.000
7	S	0.000	0.030	0.011	0.019	0.000
8	A	0.000	0.030	0.008	0.021	0.000
9	I	0.000	0.030	0.005	0.025	0.000
10	L	0.000	0.030	0.003	0.027	0.000
11	T	0.000	0.030	0.002	0.027	0.000
12	P	0.000	0.030	0.002	0.028	0.000
13	V	0.000	0.030	0.001	0.029	0.000
14	L	0.000	0.030	0.000	0.026	0.004
15	N	0.000	0.030	0.000	0.018	0.012
16	A	0.000	0.030	0.000	0.017	0.013
17	A	0.000	0.030	0.000	0.012	0.018
18	A	0.000	0.029	0.000	0.009	0.020
19	V	0.001	0.029	0.000	0.008	0.021
20	L	0.000	0.029	0.000	0.006	0.023
21	S	0.000	0.029	0.000	0.004	0.025
22	S	0.011	0.018	0.000	0.000	0.018
23	Q	0.005	0.013	0.000	0.000	0.013
24	A	0.004	0.010	0.000	0.000	0.010
25	P	0.001	0.009	0.000	0.000	0.009
26	A	0.000	0.008	0.000	0.000	0.008
27	D	0.008	0.000	0.000	0.000	0.000
28	D	0.000	0.000	0.000	0.000	0.000
29	L	0.000	0.000	0.000	0.000	0.000
30	S	0.000	0.000	0.000	0.000	0.000
31	V	0.000	0.000	0.000	0.000	0.000
32	L	0.000	0.000	0.000	0.000	0.000
33	S	0.000	0.000	0.000	0.000	0.000
34	S	0.000	0.000	0.000	0.000	0.000
35	E	0.000	0.000	0.000	0.000	0.000
36	V	0.000	0.000	0.000	0.000	0.000
37	A	0.000	0.000	0.000	0.000	0.000
38	R	0.000	0.000	0.000	0.000	0.000
39	A	0.000	0.000	0.000	0.000	0.000
40	N	0.000	0.000	0.000	0.000	0.000
>XP_001396699.2
pos	aa	C	S	n-reg	h-reg	c-reg
1	M	0.000	0.992	0.992	0.000	0.000
2	A	0.000	0.996	0.996	0.000	0.000
3	L	0.000	0.996	0.996	0.000	0.000
4	E	0.000	0.996	0.996	0.000	0.000
5	E	0.000	0.996	0.996	0.000	0.000
6	L	0.000	0.996	0.996	0.000	0.000
7	S	0.000	0.996	0.995	0.000	0.000
8	P	0.000	0.996	0.995	0.000	0.000
9	A	0.000	0.996	0.991	0.005	0.000
10	L	0.000	0.996	0.984	0.011	0.000
11	S	0.000	0.996	0.979	0.016	0.000
12	H	0.000	0.996	0.965	0.031	0.000
13	A	0.000	0.996	0.842	0.153	0.000
14	L	0.000	0.996	0.709	0.286	0.000
15	S	0.000	0.996	0.639	0.357	0.000
16	A	0.000	0.996	0.480	0.515	0.000
17	L	0.000	0.996	0.297	0.698	0.000
18	V	0.000	0.996	0.123	0.873	0.000
19	L	0.000	0.996	0.026	0.969	0.001
20	I	0.000	0.996	0.009	0.984	0.002
21	A	0.000	0.996	0.005	0.980	0.012
22	L	0.000	0.996	0.000	0.976	0.019
23	L	0.000	0.996	0.000	0.927	0.069
24	A	0.000	0.995	0.000	0.854	0.142
25	G	0.001	0.994	0.000	0.740	0.254
26	L	0.002	0.993	0.000	0.665	0.327
27	A	0.001	0.991	0.000	0.503	0.488
28	F	0.104	0.887	0.000	0.406	0.481
29	L	0.000	0.886	0.000	0.348	0.539
30	L	0.050	0.835	0.000	0.067	0.768
31	Q	0.002	0.831	0.000	0.005	0.827
32	S	0.011	0.820	0.000	0.001	0.820
33	L	0.104	0.717	0.000	0.001	0.716
34	S	0.002	0.714	0.000	0.000	0.714
35	R	0.659	0.055	0.000	0.000	0.055
36	P	0.000	0.055	0.000	0.000	0.055
37	L	0.050	0.004	0.000	0.000	0.004
38	F	0.000	0.004	0.000	0.000	0.004
39	R	0.000	0.004	0.000	0.000	0.004
40	G	0.000	0.004	0.000	0.000	0.004
>XP_001396727.2
pos	aa	C	S	n-reg	h-reg	c-reg
1	M	0.000	0.998	0.998	0.000	0.000
2	N	0.000	0.998	0.998	0.000	0.000
3	I	0.000	0.998	0.446	0.551	0.000
4	L	0.000	0.998	0.112	0.886	0.000
5	A	0.000	0.998	0.066	0.932	0.000
6	L	0.000	0.998	0.012	0.986	0.000
7	L	0.000	0.998	0.001	0.997	0.000
8	L	0.000	0.998	0.000	0.998	0.000
9	T	0.000	0.998	0.000	0.998	0.000
10	T	0.000	0.998	0.000	0.998	0.000
11	L	0.000	0.998	0.000	0.991	0.007
12	S	0.000	0.998	0.000	0.836	0.162
13	L	0.000	0.998	0.000	0.734	0.264
14	L	0.000	0.998	0.000	0.526	0.471
15	P	0.000	0.997	0.000	0.130	0.868
16	T	0.003	0.994	0.000	0.003	0.991
17	P	0.001	0.993	0.000	0.000	0.993
18	S	0.001	0.992	0.000	0.000	0.992
19	Y	0.028	0.965	0.000	0.000	0.965
20	T	0.000	0.965	0.000	0.000	0.965
21	Q	0.951	0.013	0.000	0.000	0.013
22	E	0.000	0.013	0.000	0.000	0.013
23	S	0.000	0.013	0.000	0.000	0.013
24	S	0.000	0.013	0.000	0.000	0.013
25	S	0.000	0.013	0.000	0.000	0.013
26	S	0.001	0.012	0.000	0.000	0.012
27	S	0.001	0.011	0.000	0.000	0.011
28	S	0.001	0.010	0.000	0.000	0.010
29	D	0.001	0.010	0.000	0.000	0.010
30	G	0.000	0.010	0.000	0.000	0.010
31	S	0.001	0.009	0.000	0.000	0.009
32	S	0.000	0.009	0.000	0.000	0.009
33	G	0.000	0.008	0.000	0.000	0.008
34	S	0.002	0.006	0.000	0.000	0.006
35	T	0.000	0.006	0.000	0.000	0.006
36	S	0.000	0.006	0.000	0.000	0.006
37	S	0.001	0.005	0.000	0.000	0.005
38	F	0.003	0.002	0.000	0.000	0.002
39	T	0.000	0.002	0.000	0.000	0.002
40	V	0.000	0.002	0.000	0.000	0.002
>XP_001396732.2
pos	aa	C	S	n-reg	h-reg	c-reg
1	M	0.000	0.192	0.192	0.000	0.000
2	G	0.000	0.199	0.199	0.000	0.000
3	W	0.000	0.199	0.199	0.000	0.000
4	V	0.000	0.199	0.199	0.000	0.000
5	Y	0.000	0.199	0.199	0.000	0.000
6	N	0.000	0.199	0.199	0.000	0.000
7	L	0.000	0.199	0.199	0.000	0.000
8	T	0.000	0.199	0.199	0.000	0.000
9	V	0.000	0.199	0.199	0.000	0.000
10	P	0.000	0.199	0.199	0.000	0.000
11	D	0.000	0.199	0.199	0.000	0.000
12	P	0.000	0.199	0.199	0.000	0.000
13	H	0.000	0.199	0.199	0.000	0.000
14	S	0.000	0.199	0.199	0.000	0.000
15	H	0.000	0.199	0.198	0.001	0.000
16	V	0.000	0.199	0.193	0.006	0.000
17	S	0.000	0.199	0.190	0.009	0.000
18	R	0.000	0.199	0.186	0.013	0.000
19	V	0.000	0.199	0.052	0.147	0.000
20	I	0.000	0.199	0.017	0.182	0.000
21	A	0.000	0.199	0.003	0.196	0.000
22	I	0.000	0.199	0.001	0.198	0.000
23	C	0.000	0.199	0.001	0.198	0.000
24	L	0.000	0.199	0.000	0.199	0.000
25	V	0.000	0.199	0.000	0.198	0.000
26	F	0.000	0.199	0.000	0.194	0.005
27	S	0.000	0.199	0.000	0.140	0.059
28	I	0.000	0.199	0.000	0.125	0.074
29	T	0.000	0.199	0.000	0.022	0.176
30	A	0.000	0.199	0.000	0.015	0.183
31	C	0.001	0.198	0.000	0.010	0.188
32	L	0.012	0.186	0.000	0.009	0.178
33	A	0.001	0.185	0.000	0.008	0.177
34	V	0.173	0.012	0.000	0.007	0.004
35	F	0.000	0.011	0.000	0.006	0.004
36	L	0.000	0.009	0.000	0.005	0.005
37	R	0.002	0.003	0.000	0.000	0.002
38	L	0.000	0.003	0.000	0.000	0.002
39	Y	0.001	0.002	0.000	0.000	0.002
40	I	0.000	0.002	0.000	0.000	0.002
>XP_001396733.1
pos	aa	C	S	n-reg	h-reg	c-reg
1	M	0.000	0.999	0.999	0.000	0.000
2	F	0.000	0.999	0.999	0.000	0.000
3	S	0.000	0.999	0.965	0.034	0.000
4	G	0.000	0.999	0.826	0.173	0.000
5	L	0.000	0.999	0.315	0.684	0.000
6	L	0.000	0.999	0.050	0.949	0.000
7	L	0.000	0.999	0.008	0.990	0.000
8	L	0.000	0.999	0.003	0.996	0.000
9	T	0.000	0.999	0.001	0.998	0.000
10	S	0.000	0.999	0.000	0.998	0.000
11	L	0.000	0.999	0.000	0.999	0.000
12	V	0.000	0.999	0.000	0.997	0.002
13	A	0.000	0.999	0.000	0.962	0.037
14	L	0.000	0.999	0.000	0.901	0.098
15	L	0.000	0.999	0.000	0.798	0.201
16	S	0.000	0.999	0.000	0.619	0.379
17	A	0.001	0.997	0.000	0.045	0.953
18	V	0.007	0.991	0.000	0.008	0.983
19	G	0.000	0.991	0.000	0.001	0.989
20	N	0.024	0.966	0.000	0.000	0.966
21	A	0.000	0.966	0.000	0.000	0.966
22	A	0.879	0.087	0.000	0.000	0.087
23	V	0.072	0.015	0.000	0.000	0.015
24	T	0.000	0.015	0.000	0.000	0.015
25	I	0.012	0.004	0.000	0.000	0.004
26	Q	0.000	0.004	0.000	0.000	0.004
27	P	0.000	0.003	0.000	0.000	0.003
28	S	0.002	0.001	0.000	0.000	0.001
29	N	0.000	0.001	0.000	0.000	0.001
30	T	0.000	0.001	0.000	0.000	0.001
31	T	0.001	0.001	0.000	0.000	0.001
32	C	0.000	0.001	0.000	0.000	0.001
33	R	0.000	0.000	0.000	0.000	0.000
34	C	0.000	0.000	0.000	0.000	0.000
35	F	0.000	0.000	0.000	0.000	0.000
36	P	0.000	0.000	0.000	0.000	0.000
37	G	0.000	0.000	0.000	0.000	0.000
38	E	0.000	0.000	0.000	0.000	0.000
39	E	0.000	0.000	0.000	0.000	0.000
40	C	0.000	0.000	0.000	0.000	0.000
>XP_001396746.1
pos	aa	C	S	n-reg	h-reg	c-reg
1	M	0.000	0.694	0.694	0.000	0.000
2	S	0.000	0.694	0.694	0.000	0.000
3	K	0.000	0.694	0.694	0.000	0.000
4	L	0.000	0.694	0.653	0.041	0.000
5	R	0.000	0.694	0.649	0.045	0.000
6	I	0.000	0.694	0.193	0.501	0.000
7	L	0.000	0.694	0.003	0.691	0.000
8	I	0.000	0.694	0.002	0.692	0.000
9	C	0.000	0.694	0.001	0.692	0.000
10	G	0.000	0.694	0.001	0.693	0.000
11	A	0.000	0.694	0.001	0.693	0.000
12	G	0.000	0.694	0.001	0.689	0.004
13	I	0.000	0.694	0.000	0.688	0.006
14	A	0.000	0.694	0.000	0.600	0.094
15	G	0.000	0.694	0.000	0.024	0.670
16	N	0.000	0.694	0.000	0.009	0.685
17	A	0.000	0.694	0.000	0.006	0.687
18	L	0.007	0.686	0.000	0.005	0.681
19	A	0.003	0.683	0.000	0.002	0.681
20	F	0.672	0.011	0.000	0.002	0.010
21	W	0.000	0.011	0.000	0.001	0.010
22	L	0.000	0.011	0.000	0.001	0.011
23	S	0.001	0.011	0.000	0.000	0.010
24	K	0.003	0.008	0.000	0.000	0.008
25	L	0.000	0.008	0.000	0.000	0.008
26	G	0.001	0.006	0.000	0.000	0.006
27	H	0.006	0.000	0.000	0.000	0.000
28	I	0.000	0.000	0.000	0.000	0.000
29	I	0.000	0.000	0.000	0.000	0.000
30	T	0.000	0.000	0.000	0.000	0.000
31	V	0.000	0.000	0.000	0.000	0.000
32	I	0.000	0.000	0.000	0.000	0.000
33	E	0.000	0.000	0.000	0.000	0.000
34	R	0.000	0.000	0.000	0.000	0.000
35	Y	0.000	0.000	0.000	0.000	0.000
36	P	0.000	0.000	0.000	0.000	0.000
37	G	0.000	0.000	0.000	0.000	0.000
38	L	0.000	0.000	0.000	0.000	0.000
39	R	0.000	0.000	0.000	0.000	0.000
40	A	0.000	0.000	0.000	0.000	0.000
>XP_001396750.2
pos	aa	C	S	n-reg	h-reg	c-reg
1	M	0.000	0.123	0.123	0.000	0.000
2	A	0.000	0.123	0.123	0.000	0.000
3	D	0.000	0.123	0.123	0.000	0.000
4	R	0.000	0.123	0.123	0.000	0.000
5	I	0.000	0.123	0.123	0.000	0.000
6	D	0.000	0.123	0.123	0.000	0.000
7	R	0.000	0.123	0.123	0.000	0.000
8	T	0.000	0.123	0.123	0.000	0.000
9	T	0.000	0.123	0.123	0.000	0.000
10	A	0.000	0.123	0.123	0.000	0.000
11	S	0.000	0.123	0.123	0.000	0.000
12	P	0.000	0.123	0.123	0.000	0.000
13	H	0.000	0.123	0.123	0.000	0.000
14	P	0.000	0.123	0.123	0.000	0.000
15	S	0.000	0.123	0.123	0.000	0.000
16	I	0.000	0.123	0.123	0.000	0.000
17	F	0.000	0.123	0.123	0.000	0.000
18	Y	0.000	0.123	0.123	0.000	0.000
19	N	0.000	0.123	0.123	0.000	0.000
20	M	0.000	0.123	0.122	0.001	0.000
21	G	0.000	0.123	0.121	0.002	0.000
22	P	0.000	0.123	0.113	0.010	0.000
23	S	0.000	0.123	0.068	0.055	0.000
24	L	0.000	0.123	0.031	0.092	0.000
25	G	0.000	0.123	0.022	0.101	0.000
26	L	0.000	0.123	0.001	0.122	0.000
27	A	0.000	0.123	0.000	0.123	0.000
28	A	0.000	0.123	0.000	0.123	0.000
29	W	0.000	0.123	0.000	0.123	0.000
30	A	0.000	0.123	0.000	0.122	0.001
31	S	0.000	0.123	0.000	0.118	0.005
32	L	0.000	0.123	0.000	0.117	0.006
33	L	0.000	0.123	0.000	0.114	0.009
34	T	0.000	0.123	0.000	0.010	0.113
35	V	0.000	0.123	0.000	0.004	0.119
36	V	0.000	0.123	0.000	0.001	0.122
37	S	0.000	0.123	0.000	0.000	0.122
38	A	0.001	0.122	0.000	0.000	0.122
39	Q	0.120	0.002	0.000	0.000	0.002
40	F	0.001	0.001	0.000	0.000	0.001
>XP_001396760.2
pos	aa	C	S	n-reg	h-reg	c-reg
1	M	0.000	0.681	0.681	0.000	0.000
2	T	0.000	0.681	0.681	0.000	0.000
3	V	0.000	0.681	0.681	0.000	0.000
4	N	0.000	0.681	0.681	0.000	0.000
5	T	0.000	0.681	0.681	0.000	0.000
6	M	0.000	0.681	0.681	0.000	0.000
7	K	0.000	0.681	0.680	0.001	0.000
8	G	0.000	0.681	0.609	0.072	0.000
9	M	0.000	0.681	0.471	0.211	0.000
10	L	0.000	0.681	0.286	0.396	0.000
11	P	0.000	0.681	0.242	0.439	0.000
12	T	0.000	0.681	0.144	0.538	0.000
13	L	0.000	0.681	0.052	0.629	0.000
14	S	0.000	0.681	0.031	0.650	0.000
15	W	0.000	0.681	0.020	0.662	0.000
16	L	0.000	0.681	0.005	0.676	0.001
17	A	0.000	0.681	0.002	0.664	0.016
18	L	0.000	0.681	0.000	0.631	0.050
19	G	0.000	0.681	0.000	0.448	0.234
20	M	0.000	0.681	0.000	0.320	0.362
21	A	0.000	0.681	0.000	0.249	0.432
22	S	0.010	0.672	0.000	0.085	0.586
23	L	0.002	0.669	0.000	0.070	0.599
24	A	0.062	0.607	0.000	0.046	0.561
25	T	0.094	0.513	0.000	0.017	0.496
26	C	0.012	0.502	0.000	0.010	0.492
27	T	0.393	0.108	0.000	0.005	0.104
28	N	0.037	0.072	0.000	0.001	0.071
29	P	0.000	0.072	0.000	0.000	0.072
30	V	0.030	0.042	0.000	0.000	0.042
31	A	0.000	0.042	0.000	0.000	0.042
32	Q	0.003	0.038	0.000	0.000	0.038
33	T	0.012	0.027	0.000	0.000	0.027
34	K	0.027	0.000	0.000	0.000	0.000
35	N	0.000	0.000	0.000	0.000	0.000
36	G	0.000	0.000	0.000	0.000	0.000
37	S	0.000	0.000	0.000	0.000	0.000
38	Y	0.000	0.000	0.000	0.000	0.000
39	Y	0.000	0.000	0.000	0.000	0.000
40	G	0.000	0.000	0.000	0.000	0.000
>XP_001396769.1
pos	aa	C	S	n-reg	h-reg	c-reg
1	M	0.000	0.969	0.969	0.000	0.000
2	F	0.000	0.969	0.969	0.000	0.000
3	S	0.000	0.969	0.969	0.000	0.000
4	R	0.000	0.969	0.969	0.000	0.000
5	R	0.000	0.969	0.964	0.005	0.000
6	N	0.000	0.969	0.434	0.535	0.000
7	L	0.000	0.969	0.017	0.952	0.000
8	V	0.000	0.969	0.002	0.967	0.000
9	A	0.000	0.969	0.000	0.969	0.000
10	L	0.000	0.969	0.000	0.969	0.000
11	G	0.000	0.969	0.000	0.969	0.000
12	L	0.000	0.969	0.000	0.969	0.000
13	A	0.000	0.969	0.000	0.967	0.002
14	A	0.000	0.969	0.000	0.432	0.537
15	T	0.000	0.969	0.000	0.105	0.864
16	V	0.000	0.969	0.000	0.020	0.948
17	S	0.000	0.969	0.000	0.003	0.966
18	A	0.006	0.963	0.000	0.001	0.962
19	G	0.916	0.046	0.000	0.000	0.046
20	P	0.012	0.035	0.000	0.000	0.035
21	C	0.009	0.026	0.000	0.000	0.025
22	D	0.024	0.001	0.000	0.000	0.001
23	I	0.000	0.001	0.000	0.000	0.001
24	Y	0.000	0.001	0.000	0.000	0.001
25	E	0.000	0.001	0.000	0.000	0.001
26	A	0.000	0.001	0.000	0.000	0.001
27	G	0.001	0.000	0.000	0.000	0.000
28	D	0.000	0.000	0.000	0.000	0.000
29	T	0.000	0.000	0.000	0.000	0.000
30	P	0.000	0.000	0.000	0.000	0.000
31	C	0.000	0.000	0.000	0.000	0.000
32	V	0.000	0.000	0.000	0.000	0.000
33	A	0.000	0.000	0.000	0.000	0.000
34	A	0.000	0.000	0.000	0.000	0.000
35	H	0.000	0.000	0.000	0.000	0.000
36	S	0.000	0.000	0.000	0.000	0.000
37	T	0.000	0.000	0.000	0.000	0.000
38	T	0.000	0.000	0.000	0.000	0.000
39	R	0.000	0.000	0.000	0.000	0.000
40	A	0.000	0.000	0.000	0.000	0.000
>XP_001396774.1
pos	aa	C	S	n-reg	h-reg	c-reg
1	M	0.000	0.986	0.986	0.000	0.000
2	K	0.000	0.986	0.986	0.000	0.000
3	S	0.000	0.986	0.751	0.235	0.000
4	A	0.000	0.986	0.224	0.762	0.000
5	L	0.000	0.986	0.072	0.914	0.000
6	L	0.000	0.986	0.015	0.971	0.000
7	A	0.000	0.986	0.003	0.984	0.000
8	Y	0.000	0.986	0.002	0.984	0.000
9	G	0.000	0.986	0.001	0.985	0.000
10	L	0.000	0.986	0.000	0.986	0.000
11	L	0.000	0.986	0.000	0.960	0.027
12	A	0.000	0.986	0.000	0.663	0.323
13	S	0.000	0.986	0.000	0.525	0.462
14	A	0.000	0.986	0.000	0.407	0.579
15	S	0.026	0.960	0.000	0.022	0.938
16	T	0.004	0.955	0.000	0.007	0.949
17	V	0.059	0.896	0.000	0.004	0.892
18	T	0.000	0.896	0.000	0.002	0.894
19	A	0.105	0.791	0.000	0.001	0.790
20	H	0.784	0.007	0.000	0.000	0.007
21	I	0.000	0.007	0.000	0.000	0.007
22	Q	0.000	0.007	0.000	0.000	0.007
23	M	0.001	0.007	0.000	0.000	0.007
24	S	0.000	0.007	0.000	0.000	0.007
25	N	0.002	0.005	0.000	0.000	0.005
26	P	0.000	0.005	0.000	0.000	0.005
27	Y	0.005	0.000	0.000	0.000	0.000
28	P	0.000	0.000	0.000	0.000	0.000
29	I	0.000	0.000	0.000	0.000	0.000
30	R	0.000	0.000	0.000	0.000	0.000
31	S	0.000	0.000	0.000	0.000	0.000
32	P	0.000	0.000	0.000	0.000	0.000
33	L	0.000	0.000	0.000	0.000	0.000
34	D	0.000	0.000	0.000	0.000	0.000
35	P	0.000	0.000	0.000	0.000	0.000
36	N	0.000	0.000	0.000	0.000	0.000
37	G	0.000	0.000	0.000	0.000	0.000
38	D	0.000	0.000	0.000	0.000	0.000
39	E	0.000	0.000	0.000	0.000	0.000
40	S	0.000	0.000	0.000	0.000	0.000
>XP_001396796.2
pos	aa	C	S	n-reg	h-reg	c-reg
1	M	0.000	0.934	0.934	0.000	0.000
2	K	0.000	0.934	0.934	0.000	0.000
3	F	0.000	0.934	0.712	0.222	0.000
4	S	0.000	0.934	0.573	0.361	0.000
5	M	0.000	0.934	0.362	0.572	0.000
6	V	0.000	0.934	0.114	0.820	0.000
7	L	0.000	0.934	0.026	0.907	0.000
8	V	0.000	0.934	0.021	0.913	0.000
9	P	0.000	0.934	0.018	0.916	0.000
10	I	0.000	0.934	0.001	0.933	0.000
11	L	0.000	0.934	0.000	0.914	0.020
12	A	0.000	0.934	0.000	0.870	0.064
13	G	0.000	0.934	0.000	0.494	0.439
14	F	0.000	0.934	0.000	0.421	0.512
15	G	0.000	0.934	0.000	0.290	0.644
16	L	0.004	0.929	0.000	0.270	0.660
17	A	0.001	0.928	0.000	0.228	0.701
18	G	0.489	0.440	0.000	0.008	0.432
19	V	0.039	0.401	0.000	0.005	0.396
20	V	0.000	0.401	0.000	0.004	0.397
21	R	0.000	0.401	0.000	0.001	0.400
22	Q	0.000	0.401	0.000	0.000	0.401
23	R	0.392	0.009	0.000	0.000	0.009
24	E	0.000	0.009	0.000	0.000	0.009
25	E	0.000	0.009	0.000	0.000	0.009
26	S	0.000	0.009	0.000	0.000	0.009
27	A	0.000	0.009	0.000	0.000	0.009
28	A	0.000	0.008	0.000	0.000	0.008
29	N	0.001	0.008	0.000	0.000	0.008
30	A	0.000	0.008	0.000	0.000	0.008
31	A	0.002	0.006	0.000	0.000	0.006
32	D	0.000	0.006	0.000	0.000	0.006
33	V	0.000	0.006	0.000	0.000	0.006
34	A	0.000	0.006	0.000	0.000	0.006
35	D	0.000	0.006	0.000	0.000	0.006
36	A	0.000	0.006	0.000	0.000	0.006
37	A	0.001	0.005	0.000	0.000	0.005
38	N	0.000	0.005	0.000	0.000	0.005
39	A	0.000	0.005	0.000	0.000	0.005
40	A	0.000	0.005	0.000	0.000	0.005
>XP_001396797.1
pos	aa	C	S	n-reg	h-reg	c-reg
1	M	0.000	0.004	0.004	0.000	0.000
2	A	0.000	0.004	0.004	0.000	0.000
3	A	0.000	0.004	0.004	0.000	0.000
4	T	0.000	0.004	0.004	0.000	0.000
5	Q	0.000	0.004	0.004	0.000	0.000
6	R	0.000	0.004	0.004	0.000	0.000
7	V	0.000	0.004	0.001	0.004	0.000
8	V	0.000	0.004	0.000	0.004	0.000
9	I	0.000	0.004	0.000	0.004	0.000
10	I	0.000	0.004	0.000	0.004	0.000
11	G	0.000	0.004	0.000	0.004	0.000
12	A	0.000	0.004	0.000	0.004	0.000
13	G	0.000	0.004	0.000	0.004	0.000
14	I	0.000	0.004	0.000	0.004	0.000
15	V	0.000	0.004	0.000	0.003	0.001
16	G	0.000	0.004	0.000	0.000	0.004
17	A	0.000	0.004	0.000	0.000	0.004
18	N	0.000	0.004	0.000	0.000	0.004
19	L	0.000	0.004	0.000	0.000	0.004
20	A	0.001	0.004	0.000	0.000	0.004
21	D	0.004	0.000	0.000	0.000	0.000
22	E	0.000	0.000	0.000	0.000	0.000
23	L	0.000	0.000	0.000	0.000	0.000
24	V	0.000	0.000	0.000	0.000	0.000
25	S	0.000	0.000	0.000	0.000	0.000
26	R	0.000	0.000	0.000	0.000	0.000
27	G	0.000	0.000	0.000	0.000	0.000
28	W	0.000	0.000	0.000	0.000	0.000
29	Q	0.000	0.000	0.000	0.000	0.000
30	D	0.000	0.000	0.000	0.000	0.000
31	I	0.000	0.000	0.000	0.000	0.000
32	T	0.000	0.000	0.000	0.000	0.000
33	V	0.000	0.000	0.000	0.000	0.000
34	V	0.000	0.000	0.000	0.000	0.000
35	E	0.000	0.000	0.000	0.000	0.000
36	Q	0.000	0.000	0.000	0.000	0.000
37	G	0.000	0.000	0.000	0.000	0.000
38	P	0.000	0.000	0.000	0.000	0.000
39	L	0.000	0.000	0.000	0.000	0.000
40	N	0.000	0.000	0.000	0.000	0.000
>XP_001396809.1
pos	aa	C	S	n-reg	h-reg	c-reg
1	M	0.000	0.981	0.981	0.000	0.000
2	R	0.000	0.986	0.986	0.000	0.000
3	W	0.000	0.986	0.985	0.001	0.000
4	G	0.000	0.986	0.983	0.002	0.000
5	A	0.000	0.986	0.980	0.006	0.000
6	R	0.000	0.986	0.969	0.017	0.000
7	I	0.000	0.986	0.444	0.542	0.000
8	A	0.000	0.986	0.334	0.652	0.000
9	L	0.000	0.986	0.194	0.792	0.000
10	C	0.000	0.986	0.105	0.881	0.000
11	A	0.000	0.986	0.062	0.924	0.000
12	S	0.000	0.986	0.039	0.946	0.001
13	L	0.000	0.986	0.011	0.974	0.001
14	A	0.000	0.986	0.003	0.978	0.005
15	L	0.001	0.985	0.000	0.965	0.020
16	I	0.000	0.985	0.000	0.940	0.045
17	L	0.000	0.985	0.000	0.794	0.191
18	P	0.000	0.985	0.000	0.429	0.556
19	L	0.014	0.971	0.000	0.298	0.673
20	Y	0.002	0.969	0.000	0.232	0.737
21	L	0.000	0.968	0.000	0.216	0.752
22	L	0.311	0.656	0.000	0.052	0.604
23	K	0.072	0.580	0.000	0.002	0.579
24	I	0.000	0.580	0.000	0.001	0.580
25	H	0.000	0.580	0.000	0.000	0.580
26	L	0.000	0.580	0.000	0.000	0.580
27	E	0.575	0.005	0.000	0.000	0.005
28	D	0.000	0.005	0.000	0.000	0.005
29	L	0.000	0.005	0.000	0.000	0.005
30	C	0.001	0.005	0.000	0.000	0.005
31	D	0.001	0.003	0.000	0.000	0.003
32	Q	0.000	0.003	0.000	0.000	0.003
33	Y	0.002	0.001	0.000	0.000	0.001
34	R	0.000	0.001	0.000	0.000	0.001
35	A	0.000	0.001	0.000	0.000	0.001
36	G	0.000	0.001	0.000	0.000	0.001
37	A	0.000	0.001	0.000	0.000	0.001
38	Y	0.001	0.001	0.000	0.000	0.001
39	L	0.000	0.001	0.000	0.000	0.001
40	I	0.000	0.000	0.000	0.000	0.000
>XP_001396823.1
pos	aa	C	S	n-reg	h-reg	c-reg
1	M	0.000	0.784	0.784	0.000	0.000
2	A	0.000	0.797	0.797	0.000	0.000
3	C	0.000	0.797	0.796	0.001	0.000
4	P	0.000	0.797	0.796	0.001	0.000
5	I	0.000	0.797	0.794	0.003	0.000
6	T	0.000	0.797	0.793	0.004	0.000
7	V	0.000	0.797	0.790	0.006	0.000
8	S	0.000	0.797	0.790	0.007	0.000
9	K	0.000	0.797	0.786	0.011	0.000
10	F	0.000	0.797	0.421	0.376	0.000
11	V	0.000	0.797	0.274	0.523	0.000
12	G	0.000	0.797	0.220	0.577	0.000
13	T	0.000	0.797	0.139	0.656	0.001
14	V	0.000	0.797	0.091	0.705	0.002
15	S	0.000	0.797	0.078	0.717	0.002
16	L	0.000	0.797	0.068	0.726	0.003
17	G	0.000	0.797	0.067	0.724	0.005
18	L	0.001	0.796	0.066	0.714	0.016
19	L	0.000	0.796	0.065	0.676	0.055
20	T	0.000	0.795	0.065	0.587	0.143
21	G	0.000	0.795	0.065	0.271	0.459
22	M	0.003	0.791	0.065	0.139	0.587
23	S	0.000	0.790	0.064	0.057	0.669
24	Y	0.023	0.767	0.063	0.029	0.675
25	S	0.000	0.767	0.061	0.023	0.682
26	A	0.257	0.509	0.049	0.021	0.439
27	S	0.007	0.503	0.039	0.029	0.434
28	S	0.052	0.450	0.030	0.038	0.382
29	V	0.112	0.338	0.015	0.053	0.270
30	A	0.000	0.338	0.008	0.059	0.271
31	I	0.155	0.182	0.007	0.059	0.115
32	P	0.000	0.182	0.007	0.058	0.116
33	S	0.003	0.179	0.007	0.058	0.113
34	L	0.001	0.178	0.007	0.058	0.113
35	S	0.000	0.178	0.007	0.055	0.116
36	L	0.007	0.171	0.007	0.053	0.111
37	L	0.007	0.164	0.007	0.047	0.110
38	P	0.001	0.163	0.007	0.009	0.147
39	T	0.000	0.163	0.007	0.004	0.152
40	A	0.000	0.162	0.007	0.002	0.154
>XP_001396826.1
pos	aa	C	S	n-reg	h-reg	c-reg
1	M	0.000	0.921	0.921	0.000	0.000
2	H	0.000	0.921	0.921	0.000	0.000
3	L	0.000	0.921	0.901	0.021	0.000
4	R	0.000	0.921	0.896	0.026	0.000
5	S	0.000	0.921	0.721	0.200	0.000
6	C	0.000	0.921	0.118	0.803	0.000
7	L	0.000	0.921	0.007	0.914	0.000
8	V	0.000	0.921	0.003	0.919	0.000
9	G	0.000	0.921	0.002	0.919	0.000
10	S	0.000	0.921	0.002	0.920	0.000
11	V	0.000	0.921	0.001	0.919	0.002
12	L	0.000	0.921	0.000	0.918	0.003
13	A	0.000	0.921	0.000	0.891	0.030
14	L	0.000	0.921	0.000	0.420	0.501
15	G	0.000	0.921	0.000	0.115	0.806
16	A	0.008	0.913	0.000	0.021	0.893
17	N	0.001	0.912	0.000	0.006	0.906
18	A	0.000	0.912	0.000	0.004	0.908
19	F	0.812	0.100	0.000	0.002	0.098
20	L	0.000	0.100	0.000	0.002	0.098
21	V	0.057	0.043	0.000	0.001	0.042
22	I	0.000	0.043	0.000	0.001	0.042
23	P	0.000	0.043	0.000	0.000	0.043
24	E	0.042	0.002	0.000	0.000	0.002
25	V	0.000	0.002	0.000	0.000	0.002
26	E	0.000	0.002	0.000	0.000	0.002
27	E	0.000	0.002	0.000	0.000	0.002
28	A	0.000	0.002	0.000	0.000	0.002
29	I	0.001	0.001	0.000	0.000	0.001
30	A	0.000	0.001	0.000	0.000	0.001
31	P	0.001	0.000	0.000	0.000	0.000
32	E	0.000	0.000	0.000	0.000	0.000
33	G	0.000	0.000	0.000	0.000	0.000
34	D	0.000	0.000	0.000	0.000	0.000
35	F	0.000	0.000	0.000	0.000	0.000
36	P	0.000	0.000	0.000	0.000	0.000
37	P	0.000	0.000	0.000	0.000	0.000
38	L	0.000	0.000	0.000	0.000	0.000
39	H	0.000	0.000	0.000	0.000	0.000
40	P	0.000	0.000	0.000	0.000	0.000
>XP_001396877.1
pos	aa	C	S	n-reg	h-reg	c-reg
1	M	0.000	0.923	0.923	0.000	0.000
2	S	0.000	0.923	0.923	0.000	0.000
3	T	0.000	0.923	0.643	0.280	0.000
4	A	0.000	0.923	0.319	0.604	0.000
5	S	0.000	0.923	0.081	0.842	0.000
6	L	0.000	0.923	0.006	0.917	0.000
7	L	0.000	0.923	0.001	0.922	0.000
8	F	0.000	0.923	0.000	0.923	0.000
9	T	0.000	0.923	0.000	0.923	0.000
10	L	0.000	0.923	0.000	0.922	0.001
11	P	0.000	0.923	0.000	0.811	0.112
12	I	0.000	0.923	0.000	0.734	0.189
13	P	0.000	0.923	0.000	0.129	0.795
14	S	0.000	0.923	0.000	0.050	0.873
15	T	0.001	0.923	0.000	0.033	0.889
16	S	0.001	0.922	0.000	0.018	0.904
17	G	0.031	0.891	0.000	0.005	0.886
18	S	0.724	0.167	0.000	0.000	0.166
19	I	0.085	0.082	0.000	0.000	0.082
20	T	0.000	0.082	0.000	0.000	0.082
21	C	0.014	0.068	0.000	0.000	0.068
22	T	0.034	0.034	0.000	0.000	0.034
23	N	0.017	0.017	0.000	0.000	0.017
24	P	0.000	0.017	0.000	0.000	0.017
25	S	0.017	0.000	0.000	0.000	0.000
26	P	0.000	0.000	0.000	0.000	0.000
27	D	0.000	0.000	0.000	0.000	0.000
28	Q	0.000	0.000	0.000	0.000	0.000
29	P	0.000	0.000	0.000	0.000	0.000
30	T	0.000	0.000	0.000	0.000	0.000
31	I	0.000	0.000	0.000	0.000	0.000
32	Y	0.000	0.000	0.000	0.000	0.000
33	L	0.000	0.000	0.000	0.000	0.000
34	L	0.000	0.000	0.000	0.000	0.000
35	T	0.000	0.000	0.000	0.000	0.000
36	F	0.000	0.000	0.000	0.000	0.000
37	T	0.000	0.000	0.000	0.000	0.000
38	S	0.000	0.000	0.000	0.000	0.000
39	P	0.000	0.000	0.000	0.000	0.000
40	L	0.000	0.000	0.000	0.000	0.000
>XP_001396888.1
pos	aa	C	S	n-reg	h-reg	c-reg
1	M	0.000	0.993	0.993	0.000	0.000
2	R	0.000	0.993	0.993	0.000	0.000
3	Y	0.000	0.993	0.987	0.007	0.000
4	S	0.000	0.993	0.954	0.040	0.000
5	T	0.000	0.993	0.905	0.088	0.000
6	H	0.000	0.993	0.815	0.178	0.000
7	V	0.000	0.993	0.206	0.787	0.000
8	V	0.000	0.993	0.057	0.936	0.000
9	T	0.000	0.993	0.036	0.958	0.000
10	A	0.000	0.993	0.014	0.979	0.000
11	L	0.000	0.993	0.000	0.993	0.000
12	A	0.000	0.993	0.000	0.989	0.004
13	F	0.000	0.993	0.000	0.980	0.014
14	A	0.000	0.993	0.000	0.954	0.039
15	V	0.000	0.993	0.000	0.890	0.103
16	G	0.000	0.993	0.000	0.434	0.559
17	A	0.000	0.993	0.000	0.362	0.630
18	A	0.007	0.986	0.000	0.242	0.744
19	H	0.015	0.970	0.000	0.007	0.964
20	A	0.000	0.970	0.000	0.004	0.967
21	S	0.417	0.553	0.000	0.000	0.553
22	Q	0.003	0.550	0.000	0.000	0.550
23	S	0.011	0.539	0.000	0.000	0.539
24	A	0.380	0.159	0.000	0.000	0.159
25	S	0.012	0.146	0.000	0.000	0.146
26	D	0.111	0.035	0.000	0.000	0.035
27	D	0.000	0.035	0.000	0.000	0.035
28	G	0.000	0.035	0.000	0.000	0.035
29	Q	0.002	0.034	0.000	0.000	0.034
30	V	0.000	0.034	0.000	0.000	0.034
31	T	0.000	0.034	0.000	0.000	0.034
32	T	0.000	0.034	0.000	0.000	0.034
33	V	0.001	0.032	0.000	0.000	0.032
34	V	0.000	0.032	0.000	0.000	0.032
35	A	0.000	0.032	0.000	0.000	0.032
36	Q	0.032	0.001	0.000	0.000	0.001
37	S	0.000	0.001	0.000	0.000	0.001
38	T	0.000	0.000	0.000	0.000	0.000
39	V	0.000	0.000	0.000	0.000	0.000
40	E	0.000	0.000	0.000	0.000	0.000
>XP_001396893.2
pos	aa	C	S	n-reg	h-reg	c-reg
1	M	0.000	0.986	0.986	0.000	0.000
2	W	0.000	0.987	0.987	0.000	0.000
3	T	0.000	0.987	0.979	0.008	0.000
4	H	0.000	0.987	0.965	0.022	0.000
5	L	0.000	0.987	0.764	0.223	0.000
6	P	0.000	0.987	0.659	0.329	0.000
7	S	0.000	0.987	0.394	0.593	0.000
8	L	0.000	0.987	0.110	0.877	0.000
9	C	0.000	0.987	0.012	0.976	0.000
10	A	0.000	0.987	0.005	0.982	0.000
11	L	0.000	0.987	0.002	0.986	0.000
12	G	0.000	0.987	0.001	0.986	0.001
13	L	0.000	0.987	0.000	0.978	0.009
14	T	0.000	0.987	0.000	0.925	0.063
15	L	0.000	0.987	0.000	0.890	0.097
16	I	0.000	0.987	0.000	0.790	0.197
17	T	0.000	0.987	0.000	0.104	0.883
18	S	0.001	0.986	0.000	0.064	0.922
19	V	0.017	0.969	0.000	0.026	0.944
20	I	0.000	0.969	0.000	0.018	0.952
21	T	0.000	0.969	0.000	0.003	0.966
22	S	0.887	0.082	0.000	0.001	0.081
23	P	0.008	0.074	0.000	0.000	0.073
24	I	0.053	0.020	0.000	0.000	0.020
25	E	0.000	0.020	0.000	0.000	0.020
26	I	0.000	0.020	0.000	0.000	0.020
27	R	0.000	0.020	0.000	0.000	0.020
28	A	0.000	0.020	0.000	0.000	0.020
29	T	0.019	0.001	0.000	0.000	0.001
30	G	0.001	0.000	0.000	0.000	0.000
31	P	0.000	0.000	0.000	0.000	0.000
32	W	0.000	0.000	0.000	0.000	0.000
33	L	0.000	0.000	0.000	0.000	0.000
34	A	0.000	0.000	0.000	0.000	0.000
35	L	0.000	0.000	0.000	0.000	0.000
36	D	0.000	0.000	0.000	0.000	0.000
37	T	0.000	0.000	0.000	0.000	0.000
38	D	0.000	0.000	0.000	0.000	0.000
39	F	0.000	0.000	0.000	0.000	0.000
40	P	0.000	0.000	0.000	0.000	0.000
>XP_001396895.1
pos	aa	C	S	n-reg	h-reg	c-reg
1	M	0.000	0.066	0.066	0.000	0.000
2	Q	0.000	0.148	0.148	0.000	0.000
3	L	0.000	0.148	0.148	0.000	0.000
4	L	0.000	0.148	0.148	0.000	0.000
5	Q	0.000	0.148	0.148	0.000	0.000
6	C	0.000	0.148	0.148	0.000	0.000
7	Q	0.000	0.148	0.148	0.000	0.000
8	S	0.000	0.148	0.148	0.000	0.000
9	S	0.000	0.148	0.148	0.000	0.000
10	G	0.000	0.148	0.148	0.001	0.000
11	F	0.000	0.148	0.147	0.001	0.000
12	R	0.000	0.148	0.147	0.001	0.000
13	F	0.000	0.148	0.094	0.054	0.000
14	I	0.000	0.148	0.070	0.078	0.000
15	A	0.000	0.148	0.061	0.087	0.000
16	T	0.000	0.148	0.054	0.094	0.000
17	G	0.000	0.148	0.046	0.102	0.000
18	A	0.000	0.148	0.030	0.117	0.000
19	I	0.000	0.148	0.010	0.138	0.000
20	L	0.000	0.148	0.003	0.145	0.000
21	S	0.000	0.148	0.002	0.144	0.003
22	L	0.000	0.148	0.000	0.144	0.003
23	I	0.000	0.148	0.000	0.143	0.004
24	I	0.000	0.148	0.000	0.138	0.009
25	T	0.000	0.147	0.000	0.130	0.017
26	T	0.002	0.145	0.000	0.127	0.018
27	F	0.002	0.142	0.000	0.121	0.021
28	L	0.000	0.140	0.000	0.115	0.025
29	I	0.007	0.129	0.000	0.101	0.027
30	F	0.000	0.116	0.000	0.083	0.033
31	S	0.000	0.086	0.000	0.031	0.054
32	T	0.015	0.056	0.000	0.017	0.040
33	Q	0.004	0.040	0.000	0.004	0.036
34	Y	0.010	0.028	0.000	0.002	0.026
35	S	0.000	0.027	0.000	0.001	0.026
36	N	0.025	0.001	0.000	0.000	0.001
37	D	0.000	0.001	0.000	0.000	0.001
38	V	0.000	0.001	0.000	0.000	0.001
39	A	0.000	0.001	0.000	0.000	0.001
40	K	0.000	0.000	0.000	0.000	0.000
