>XP_001397753.1
pos	aa	C	S	n-reg	h-reg	c-reg
1	M	0.000	0.890	0.890	0.000	0.000
2	K	0.000	0.890	0.890	0.000	0.000
3	L	0.000	0.890	0.787	0.103	0.000
4	H	0.000	0.890	0.751	0.139	0.000
5	L	0.000	0.890	0.424	0.466	0.000
6	A	0.000	0.890	0.261	0.629	0.000
7	S	0.000	0.890	0.194	0.696	0.000
8	Y	0.000	0.890	0.133	0.757	0.000
9	L	0.000	0.890	0.002	0.888	0.000
10	V	0.000	0.890	0.000	0.890	0.000
11	F	0.000	0.890	0.000	0.889	0.001
12	A	0.000	0.890	0.000	0.886	0.004
13	L	0.000	0.890	0.000	0.862	0.028
14	A	0.000	0.890	0.000	0.711	0.180
15	T	0.001	0.889	0.000	0.603	0.286
16	F	0.000	0.889	0.000	0.504	0.384
17	E	0.000	0.889	0.000	0.013	0.876
18	A	0.000	0.889	0.000	0.007	0.881
19	V	0.013	0.876	0.000	0.002	0.874
20	G	0.000	0.876	0.000	0.001	0.875
21	A	0.049	0.827	0.000	0.000	0.827
22	S	0.690	0.137	0.000	0.000	0.137
23	S	0.037	0.099	0.000	0.000	0.099
24	W	0.097	0.002	0.000	0.000	0.002
25	F	0.000	0.002	0.000	0.000	0.002
26	S	0.000	0.002	0.000	0.000	0.002
27	K	0.001	0.002	0.000	0.000	0.002
28	A	0.000	0.002	0.000	0.000	0.002
29	V	0.002	0.000	0.000	0.000	0.000
30	Y	0.000	0.000	0.000	0.000	0.000
31	N	0.000	0.000	0.000	0.000	0.000
32	K	0.000	0.000	0.000	0.000	0.000
33	W	0.000	0.000	0.000	0.000	0.000
34	H	0.000	0.000	0.000	0.000	0.000
35	E	0.000	0.000	0.000	0.000	0.000
36	T	0.000	0.000	0.000	0.000	0.000
37	E	0.000	0.000	0.000	0.000	0.000
38	L	0.000	0.000	0.000	0.000	0.000
39	E	0.000	0.000	0.000	0.000	0.000
40	R	0.000	0.000	0.000	0.000	0.000
>XP_001397790.1
pos	aa	C	S	n-reg	h-reg	c-reg
1	M	0.000	0.261	0.261	0.000	0.000
2	Q	0.000	0.261	0.261	0.000	0.000
3	V	0.000	0.261	0.249	0.012	0.000
4	L	0.000	0.261	0.244	0.017	0.000
5	L	0.000	0.261	0.244	0.017	0.000
6	L	0.000	0.261	0.243	0.018	0.000
7	G	0.000	0.261	0.243	0.018	0.000
8	G	0.000	0.261	0.243	0.018	0.000
9	H	0.000	0.261	0.242	0.019	0.000
10	G	0.000	0.261	0.240	0.021	0.000
11	K	0.000	0.261	0.238	0.018	0.005
12	V	0.000	0.261	0.068	0.189	0.005
13	A	0.000	0.261	0.027	0.229	0.005
14	L	0.000	0.261	0.002	0.252	0.007
15	Q	0.001	0.260	0.001	0.243	0.016
16	L	0.004	0.257	0.000	0.243	0.013
17	T	0.000	0.257	0.000	0.243	0.013
18	P	0.000	0.256	0.000	0.241	0.015
19	L	0.000	0.256	0.000	0.241	0.015
20	L	0.000	0.256	0.000	0.163	0.093
21	L	0.000	0.256	0.000	0.113	0.143
22	A	0.000	0.256	0.000	0.016	0.240
23	R	0.017	0.239	0.000	0.005	0.234
24	S	0.000	0.239	0.000	0.003	0.236
25	W	0.203	0.036	0.000	0.000	0.035
26	N	0.000	0.036	0.000	0.000	0.035
27	V	0.000	0.036	0.000	0.000	0.035
28	T	0.000	0.036	0.000	0.000	0.035
29	S	0.006	0.030	0.000	0.000	0.030
30	V	0.029	0.001	0.000	0.000	0.001
31	I	0.000	0.001	0.000	0.000	0.001
32	R	0.000	0.001	0.000	0.000	0.001
33	N	0.000	0.001	0.000	0.000	0.001
34	A	0.000	0.001	0.000	0.000	0.001
35	E	0.001	0.000	0.000	0.000	0.000
36	H	0.000	0.000	0.000	0.000	0.000
37	E	0.000	0.000	0.000	0.000	0.000
38	N	0.000	0.000	0.000	0.000	0.000
39	E	0.000	0.000	0.000	0.000	0.000
40	I	0.000	0.000	0.000	0.000	0.000
>XP_001397792.1
pos	aa	C	S	n-reg	h-reg	c-reg
1	M	0.000	0.318	0.318	0.000	0.000
2	S	0.000	0.340	0.340	0.000	0.000
3	F	0.000	0.340	0.340	0.000	0.000
4	Q	0.000	0.340	0.340	0.000	0.000
5	S	0.000	0.340	0.340	0.000	0.000
6	I	0.000	0.340	0.338	0.002	0.000
7	S	0.000	0.340	0.338	0.002	0.000
8	Y	0.000	0.340	0.337	0.003	0.000
9	N	0.000	0.340	0.337	0.003	0.000
10	A	0.000	0.340	0.330	0.010	0.000
11	G	0.000	0.340	0.329	0.011	0.000
12	P	0.000	0.340	0.328	0.012	0.000
13	G	0.000	0.340	0.323	0.016	0.000
14	I	0.000	0.340	0.321	0.019	0.000
15	L	0.000	0.340	0.319	0.021	0.000
16	A	0.000	0.340	0.318	0.022	0.000
17	L	0.000	0.340	0.315	0.024	0.001
18	N	0.000	0.340	0.315	0.017	0.008
19	W	0.000	0.340	0.304	0.027	0.009
20	T	0.000	0.340	0.283	0.047	0.010
21	A	0.000	0.340	0.266	0.059	0.015
22	A	0.000	0.340	0.257	0.067	0.016
23	A	0.006	0.334	0.250	0.073	0.011
24	I	0.001	0.333	0.247	0.076	0.010
25	A	0.000	0.333	0.247	0.076	0.010
26	I	0.009	0.324	0.247	0.076	0.001
27	L	0.000	0.324	0.247	0.074	0.003
28	V	0.001	0.323	0.247	0.070	0.006
29	M	0.000	0.323	0.247	0.061	0.015
30	I	0.000	0.323	0.247	0.058	0.018
31	L	0.000	0.322	0.247	0.025	0.051
32	R	0.000	0.320	0.247	0.002	0.071
33	V	0.000	0.320	0.247	0.001	0.072
34	I	0.000	0.320	0.247	0.001	0.072
35	A	0.000	0.320	0.247	0.000	0.073
36	K	0.070	0.250	0.247	0.000	0.003
37	L	0.000	0.250	0.247	0.000	0.003
38	R	0.002	0.248	0.247	0.000	0.001
39	I	0.000	0.248	0.247	0.000	0.001
40	R	0.000	0.248	0.247	0.000	0.001
>XP_001397798.2
pos	aa	C	S	n-reg	h-reg	c-reg
1	M	0.000	0.997	0.997	0.000	0.000
2	H	0.000	0.998	0.998	0.000	0.000
3	L	0.000	0.998	0.859	0.140	0.000
4	P	0.000	0.998	0.813	0.185	0.000
5	T	0.000	0.998	0.676	0.322	0.000
6	T	0.000	0.998	0.397	0.602	0.000
7	T	0.000	0.998	0.087	0.912	0.000
8	F	0.000	0.998	0.033	0.965	0.000
9	V	0.000	0.998	0.004	0.995	0.000
10	F	0.000	0.998	0.001	0.997	0.000
11	L	0.000	0.998	0.000	0.993	0.006
12	L	0.000	0.998	0.000	0.969	0.029
13	T	0.000	0.998	0.000	0.898	0.101
14	S	0.000	0.998	0.000	0.803	0.195
15	T	0.000	0.998	0.000	0.244	0.754
16	L	0.000	0.998	0.000	0.214	0.784
17	T	0.000	0.998	0.000	0.038	0.960
18	L	0.010	0.988	0.000	0.030	0.958
19	A	0.004	0.984	0.000	0.010	0.974
20	S	0.779	0.204	0.000	0.004	0.201
21	P	0.001	0.203	0.000	0.001	0.202
22	N	0.172	0.031	0.000	0.000	0.031
23	P	0.000	0.031	0.000	0.000	0.031
24	S	0.007	0.024	0.000	0.000	0.024
25	P	0.003	0.021	0.000	0.000	0.021
26	P	0.000	0.021	0.000	0.000	0.021
27	T	0.007	0.014	0.000	0.000	0.014
28	C	0.000	0.014	0.000	0.000	0.014
29	G	0.002	0.012	0.000	0.000	0.012
30	T	0.005	0.007	0.000	0.000	0.007
31	C	0.002	0.005	0.000	0.000	0.005
32	N	0.004	0.001	0.000	0.000	0.001
33	P	0.000	0.001	0.000	0.000	0.001
34	L	0.000	0.000	0.000	0.000	0.000
35	S	0.000	0.000	0.000	0.000	0.000
36	G	0.000	0.000	0.000	0.000	0.000
37	E	0.000	0.000	0.000	0.000	0.000
38	N	0.000	0.000	0.000	0.000	0.000
39	H	0.000	0.000	0.000	0.000	0.000
40	C	0.000	0.000	0.000	0.000	0.000
>XP_001397840.1
pos	aa	C	S	n-reg	h-reg	c-reg
1	M	0.000	0.795	0.795	0.000	0.000
2	A	0.000	0.796	0.796	0.000	0.000
3	H	0.000	0.796	0.796	0.000	0.000
4	I	0.000	0.796	0.796	0.000	0.000
5	E	0.000	0.796	0.795	0.000	0.000
6	N	0.000	0.796	0.787	0.009	0.000
7	L	0.000	0.796	0.702	0.093	0.000
8	Q	0.000	0.796	0.690	0.106	0.000
9	G	0.000	0.796	0.504	0.291	0.000
10	L	0.000	0.796	0.140	0.655	0.000
11	I	0.000	0.796	0.093	0.703	0.000
12	A	0.000	0.796	0.074	0.722	0.000
13	Q	0.000	0.796	0.057	0.738	0.000
14	S	0.000	0.796	0.038	0.758	0.000
15	L	0.000	0.796	0.007	0.788	0.000
16	L	0.000	0.796	0.001	0.794	0.001
17	L	0.000	0.796	0.000	0.776	0.019
18	A	0.000	0.796	0.000	0.630	0.165
19	A	0.000	0.796	0.000	0.570	0.225
20	F	0.000	0.795	0.000	0.534	0.262
21	A	0.000	0.795	0.000	0.103	0.693
22	I	0.006	0.790	0.000	0.072	0.717
23	V	0.000	0.790	0.000	0.050	0.740
24	S	0.000	0.790	0.000	0.018	0.771
25	A	0.007	0.783	0.000	0.016	0.767
26	I	0.714	0.070	0.000	0.006	0.064
27	F	0.000	0.069	0.000	0.002	0.067
28	C	0.000	0.069	0.000	0.000	0.069
29	R	0.046	0.023	0.000	0.000	0.023
30	C	0.000	0.023	0.000	0.000	0.023
31	F	0.022	0.001	0.000	0.000	0.001
32	Y	0.000	0.001	0.000	0.000	0.001
33	R	0.000	0.001	0.000	0.000	0.001
34	I	0.000	0.001	0.000	0.000	0.001
35	Y	0.000	0.001	0.000	0.000	0.001
36	L	0.000	0.001	0.000	0.000	0.001
37	H	0.001	0.001	0.000	0.000	0.001
38	P	0.000	0.001	0.000	0.000	0.001
39	L	0.000	0.001	0.000	0.000	0.001
40	S	0.000	0.001	0.000	0.000	0.001
>XP_001397851.2
pos	aa	C	S	n-reg	h-reg	c-reg
1	M	0.000	0.840	0.840	0.000	0.000
2	P	0.000	0.840	0.840	0.000	0.000
3	V	0.000	0.840	0.840	0.000	0.000
4	P	0.000	0.840	0.840	0.000	0.000
5	E	0.000	0.840	0.840	0.000	0.000
6	R	0.000	0.840	0.840	0.000	0.000
7	A	0.000	0.840	0.840	0.000	0.000
8	P	0.000	0.840	0.840	0.000	0.000
9	L	0.000	0.840	0.840	0.000	0.000
10	H	0.000	0.840	0.840	0.000	0.000
11	R	0.000	0.840	0.839	0.001	0.000
12	I	0.000	0.840	0.753	0.087	0.000
13	Y	0.000	0.840	0.720	0.120	0.000
14	H	0.000	0.840	0.686	0.154	0.000
15	Y	0.000	0.840	0.485	0.355	0.000
16	G	0.000	0.840	0.099	0.741	0.000
17	L	0.000	0.840	0.009	0.831	0.000
18	L	0.000	0.840	0.001	0.839	0.000
19	S	0.000	0.840	0.000	0.840	0.000
20	L	0.000	0.840	0.000	0.840	0.000
21	L	0.000	0.840	0.000	0.837	0.003
22	F	0.000	0.840	0.000	0.830	0.010
23	L	0.000	0.840	0.000	0.792	0.048
24	H	0.000	0.840	0.000	0.163	0.677
25	T	0.000	0.840	0.000	0.071	0.768
26	S	0.000	0.840	0.000	0.016	0.824
27	T	0.000	0.839	0.000	0.012	0.828
28	A	0.006	0.833	0.000	0.002	0.832
29	A	0.560	0.274	0.000	0.000	0.273
30	G	0.104	0.170	0.000	0.000	0.170
31	R	0.116	0.054	0.000	0.000	0.054
32	S	0.000	0.054	0.000	0.000	0.054
33	S	0.046	0.009	0.000	0.000	0.009
34	N	0.004	0.004	0.000	0.000	0.004
35	E	0.000	0.004	0.000	0.000	0.004
36	Q	0.000	0.004	0.000	0.000	0.004
37	R	0.000	0.004	0.000	0.000	0.004
38	A	0.000	0.004	0.000	0.000	0.004
39	T	0.000	0.004	0.000	0.000	0.004
40	A	0.000	0.004	0.000	0.000	0.004
>XP_001397866.1
pos	aa	C	S	n-reg	h-reg	c-reg
1	M	0.000	0.968	0.968	0.000	0.000
2	G	0.000	0.968	0.968	0.000	0.000
3	P	0.000	0.968	0.968	0.000	0.000
4	P	0.000	0.968	0.968	0.000	0.000
5	R	0.000	0.968	0.968	0.000	0.000
6	F	0.000	0.968	0.966	0.002	0.000
7	H	0.000	0.968	0.964	0.004	0.000
8	P	0.000	0.968	0.947	0.021	0.000
9	A	0.000	0.968	0.842	0.126	0.000
10	S	0.000	0.968	0.761	0.207	0.000
11	L	0.000	0.968	0.519	0.449	0.000
12	C	0.000	0.968	0.469	0.499	0.000
13	F	0.000	0.968	0.460	0.508	0.000
14	P	0.000	0.968	0.456	0.511	0.000
15	F	0.000	0.968	0.435	0.533	0.001
16	F	0.000	0.968	0.433	0.534	0.001
17	F	0.000	0.968	0.432	0.530	0.006
18	L	0.000	0.968	0.431	0.521	0.016
19	F	0.000	0.968	0.431	0.453	0.084
20	S	0.000	0.968	0.431	0.304	0.233
21	F	0.000	0.968	0.431	0.255	0.282
22	F	0.000	0.968	0.431	0.194	0.343
23	R	0.000	0.968	0.431	0.011	0.526
24	R	0.000	0.968	0.431	0.009	0.528
25	V	0.000	0.968	0.430	0.009	0.529
26	A	0.000	0.968	0.430	0.006	0.532
27	S	0.005	0.963	0.430	0.003	0.531
28	F	0.283	0.680	0.429	0.002	0.248
29	P	0.000	0.680	0.429	0.002	0.249
30	A	0.001	0.679	0.429	0.002	0.248
31	A	0.001	0.678	0.429	0.002	0.247
32	S	0.000	0.678	0.429	0.002	0.247
33	A	0.001	0.677	0.429	0.001	0.246
34	A	0.054	0.623	0.429	0.001	0.193
35	S	0.052	0.571	0.429	0.001	0.142
36	S	0.007	0.564	0.429	0.001	0.134
37	T	0.003	0.561	0.427	0.003	0.131
38	C	0.003	0.558	0.423	0.007	0.129
39	S	0.003	0.555	0.420	0.010	0.126
40	L	0.011	0.544	0.411	0.018	0.115
>XP_001397874.2
pos	aa	C	S	n-reg	h-reg	c-reg
1	M	0.000	0.834	0.834	0.000	0.000
2	L	0.000	0.834	0.834	0.000	0.000
3	S	0.000	0.834	0.778	0.056	0.000
4	C	0.000	0.834	0.601	0.233	0.000
5	W	0.000	0.834	0.534	0.300	0.000
6	Q	0.000	0.834	0.412	0.422	0.000
7	L	0.000	0.834	0.063	0.771	0.000
8	L	0.000	0.834	0.012	0.822	0.000
9	Q	0.000	0.834	0.006	0.829	0.000
10	L	0.000	0.834	0.001	0.834	0.000
11	L	0.000	0.834	0.000	0.833	0.001
12	L	0.000	0.834	0.000	0.812	0.022
13	A	0.000	0.834	0.000	0.727	0.107
14	T	0.000	0.834	0.000	0.640	0.194
15	S	0.000	0.834	0.000	0.541	0.293
16	L	0.004	0.830	0.000	0.207	0.624
17	P	0.000	0.830	0.000	0.038	0.793
18	A	0.014	0.816	0.000	0.012	0.805
19	A	0.038	0.779	0.000	0.003	0.776
20	A	0.019	0.760	0.000	0.002	0.758
21	I	0.726	0.034	0.000	0.001	0.033
22	N	0.000	0.034	0.000	0.000	0.034
23	L	0.000	0.034	0.000	0.000	0.034
24	T	0.019	0.015	0.000	0.000	0.015
25	G	0.006	0.009	0.000	0.000	0.009
26	Y	0.007	0.001	0.000	0.000	0.001
27	E	0.000	0.001	0.000	0.000	0.001
28	Y	0.000	0.001	0.000	0.000	0.001
29	I	0.000	0.001	0.000	0.000	0.001
30	V	0.000	0.001	0.000	0.000	0.001
31	V	0.000	0.001	0.000	0.000	0.001
32	G	0.000	0.001	0.000	0.000	0.001
33	S	0.000	0.001	0.000	0.000	0.001
34	G	0.000	0.001	0.000	0.000	0.001
35	A	0.001	0.001	0.000	0.000	0.001
36	G	0.000	0.000	0.000	0.000	0.000
37	G	0.000	0.000	0.000	0.000	0.000
38	G	0.000	0.000	0.000	0.000	0.000
39	P	0.000	0.000	0.000	0.000	0.000
40	L	0.000	0.000	0.000	0.000	0.000
>XP_001397877.2
pos	aa	C	S	n-reg	h-reg	c-reg
1	M	0.000	0.986	0.986	0.000	0.000
2	R	0.000	0.986	0.986	0.000	0.000
3	V	0.000	0.986	0.985	0.001	0.000
4	G	0.000	0.986	0.984	0.001	0.000
5	K	0.000	0.986	0.983	0.003	0.000
6	S	0.000	0.986	0.815	0.170	0.000
7	T	0.000	0.986	0.503	0.483	0.000
8	L	0.000	0.986	0.231	0.755	0.000
9	F	0.000	0.986	0.213	0.773	0.000
10	G	0.000	0.986	0.193	0.793	0.000
11	G	0.000	0.986	0.145	0.841	0.000
12	L	0.000	0.986	0.058	0.928	0.000
13	A	0.000	0.986	0.034	0.951	0.001
14	L	0.000	0.986	0.014	0.959	0.013
15	T	0.000	0.986	0.011	0.896	0.079
16	P	0.000	0.986	0.009	0.306	0.671
17	L	0.000	0.986	0.001	0.304	0.681
18	T	0.000	0.986	0.000	0.262	0.724
19	L	0.000	0.986	0.000	0.244	0.742
20	A	0.010	0.975	0.000	0.215	0.760
21	V	0.676	0.299	0.000	0.199	0.100
22	P	0.000	0.299	0.000	0.109	0.190
23	M	0.009	0.290	0.000	0.067	0.224
24	L	0.000	0.290	0.000	0.030	0.261
25	Q	0.001	0.289	0.000	0.009	0.280
26	S	0.005	0.284	0.000	0.000	0.284
27	R	0.073	0.211	0.000	0.000	0.211
28	A	0.000	0.211	0.000	0.000	0.211
29	T	0.071	0.140	0.000	0.000	0.140
30	S	0.003	0.138	0.000	0.000	0.138
31	D	0.114	0.024	0.000	0.000	0.024
32	P	0.000	0.024	0.000	0.000	0.024
33	A	0.008	0.016	0.000	0.000	0.016
34	E	0.000	0.016	0.000	0.000	0.016
35	W	0.000	0.016	0.000	0.000	0.016
36	T	0.000	0.016	0.000	0.000	0.016
37	E	0.000	0.016	0.000	0.000	0.016
38	L	0.000	0.016	0.000	0.000	0.016
39	H	0.000	0.016	0.000	0.000	0.016
40	R	0.000	0.016	0.000	0.000	0.016
>XP_001397879.1
pos	aa	C	S	n-reg	h-reg	c-reg
1	M	0.000	0.976	0.976	0.000	0.000
2	I	0.000	0.976	0.976	0.000	0.000
3	L	0.000	0.976	0.975	0.000	0.000
4	A	0.000	0.976	0.975	0.000	0.000
5	P	0.000	0.976	0.975	0.001	0.000
6	I	0.000	0.976	0.971	0.005	0.000
7	P	0.000	0.976	0.965	0.011	0.000
8	T	0.000	0.976	0.927	0.049	0.000
9	F	0.000	0.976	0.819	0.156	0.000
10	S	0.000	0.976	0.738	0.238	0.000
11	A	0.000	0.976	0.359	0.617	0.000
12	L	0.000	0.976	0.071	0.905	0.000
13	A	0.000	0.976	0.035	0.941	0.000
14	L	0.000	0.976	0.007	0.968	0.000
15	G	0.000	0.976	0.000	0.975	0.001
16	L	0.000	0.976	0.000	0.975	0.001
17	F	0.000	0.976	0.000	0.973	0.003
18	L	0.000	0.976	0.000	0.968	0.008
19	W	0.000	0.975	0.000	0.918	0.057
20	V	0.000	0.975	0.000	0.847	0.128
21	F	0.000	0.975	0.000	0.707	0.268
22	V	0.000	0.975	0.000	0.612	0.363
23	K	0.000	0.975	0.000	0.002	0.973
24	R	0.000	0.975	0.000	0.000	0.975
25	A	0.000	0.975	0.000	0.000	0.975
26	L	0.059	0.917	0.000	0.000	0.917
27	S	0.002	0.915	0.000	0.000	0.915
28	S	0.906	0.009	0.000	0.000	0.009
29	D	0.009	0.000	0.000	0.000	0.000
30	R	0.000	0.000	0.000	0.000	0.000
31	D	0.000	0.000	0.000	0.000	0.000
32	I	0.000	0.000	0.000	0.000	0.000
33	P	0.000	0.000	0.000	0.000	0.000
34	G	0.000	0.000	0.000	0.000	0.000
35	P	0.000	0.000	0.000	0.000	0.000
36	F	0.000	0.000	0.000	0.000	0.000
37	L	0.000	0.000	0.000	0.000	0.000
38	A	0.000	0.000	0.000	0.000	0.000
39	R	0.000	0.000	0.000	0.000	0.000
40	F	0.000	0.000	0.000	0.000	0.000
>XP_001397899.1
pos	aa	C	S	n-reg	h-reg	c-reg
1	M	0.000	0.958	0.958	0.000	0.000
2	L	0.000	0.959	0.959	0.000	0.000
3	T	0.000	0.959	0.771	0.187	0.000
4	T	0.000	0.959	0.445	0.514	0.000
5	L	0.000	0.959	0.245	0.713	0.000
6	V	0.000	0.959	0.115	0.844	0.000
7	I	0.000	0.959	0.034	0.925	0.000
8	C	0.000	0.959	0.013	0.946	0.000
9	F	0.000	0.959	0.004	0.955	0.000
10	L	0.000	0.959	0.001	0.958	0.000
11	L	0.000	0.959	0.000	0.955	0.003
12	L	0.000	0.959	0.000	0.927	0.031
13	L	0.000	0.959	0.000	0.886	0.072
14	I	0.000	0.959	0.000	0.803	0.156
15	G	0.000	0.959	0.000	0.181	0.777
16	S	0.008	0.951	0.000	0.138	0.813
17	I	0.035	0.916	0.000	0.120	0.796
18	F	0.000	0.916	0.000	0.076	0.840
19	L	0.000	0.916	0.000	0.031	0.885
20	R	0.718	0.198	0.000	0.002	0.196
21	M	0.000	0.198	0.000	0.001	0.198
22	V	0.000	0.198	0.000	0.000	0.198
23	L	0.000	0.198	0.000	0.000	0.198
24	D	0.078	0.120	0.000	0.000	0.120
25	C	0.000	0.120	0.000	0.000	0.120
26	T	0.063	0.058	0.000	0.000	0.058
27	Q	0.011	0.047	0.000	0.000	0.047
28	D	0.044	0.003	0.000	0.000	0.003
29	S	0.000	0.003	0.000	0.000	0.003
30	R	0.002	0.001	0.000	0.000	0.001
31	E	0.000	0.001	0.000	0.000	0.001
32	P	0.000	0.001	0.000	0.000	0.001
33	P	0.000	0.001	0.000	0.000	0.001
34	A	0.000	0.001	0.000	0.000	0.001
35	V	0.000	0.001	0.000	0.000	0.001
36	D	0.000	0.001	0.000	0.000	0.001
37	L	0.000	0.001	0.000	0.000	0.001
38	S	0.001	0.000	0.000	0.000	0.000
39	I	0.000	0.000	0.000	0.000	0.000
40	P	0.000	0.000	0.000	0.000	0.000
>XP_001397902.2
pos	aa	C	S	n-reg	h-reg	c-reg
1	M	0.000	0.610	0.610	0.000	0.000
2	L	0.000	0.610	0.610	0.000	0.000
3	L	0.000	0.610	0.113	0.497	0.000
4	L	0.000	0.610	0.025	0.585	0.000
5	L	0.000	0.610	0.009	0.601	0.000
6	L	0.000	0.610	0.000	0.610	0.000
7	L	0.000	0.610	0.000	0.610	0.000
8	T	0.000	0.610	0.000	0.610	0.000
9	T	0.000	0.610	0.000	0.610	0.000
10	I	0.000	0.610	0.000	0.609	0.001
11	F	0.000	0.610	0.000	0.558	0.052
12	L	0.000	0.610	0.000	0.502	0.108
13	T	0.000	0.610	0.000	0.471	0.138
14	S	0.001	0.609	0.000	0.023	0.585
15	V	0.062	0.546	0.000	0.005	0.541
16	W	0.000	0.546	0.000	0.000	0.546
17	I	0.000	0.546	0.000	0.000	0.546
18	C	0.000	0.546	0.000	0.000	0.546
19	R	0.544	0.003	0.000	0.000	0.002
20	W	0.000	0.003	0.000	0.000	0.003
21	I	0.000	0.003	0.000	0.000	0.003
22	W	0.000	0.003	0.000	0.000	0.003
23	Y	0.000	0.003	0.000	0.000	0.003
24	E	0.000	0.003	0.000	0.000	0.003
25	R	0.000	0.003	0.000	0.000	0.003
26	F	0.000	0.003	0.000	0.000	0.003
27	I	0.000	0.003	0.000	0.000	0.003
28	K	0.000	0.003	0.000	0.000	0.003
29	F	0.000	0.003	0.000	0.000	0.003
30	A	0.000	0.003	0.000	0.000	0.003
31	Q	0.001	0.001	0.000	0.000	0.001
32	F	0.000	0.001	0.000	0.000	0.001
33	P	0.000	0.001	0.000	0.000	0.001
34	Q	0.000	0.001	0.000	0.000	0.001
35	L	0.000	0.001	0.000	0.000	0.001
36	P	0.000	0.001	0.000	0.000	0.001
37	P	0.000	0.001	0.000	0.000	0.001
38	S	0.000	0.001	0.000	0.000	0.001
39	L	0.000	0.001	0.000	0.000	0.001
40	L	0.000	0.001	0.000	0.000	0.001
>XP_001397905.2
pos	aa	C	S	n-reg	h-reg	c-reg
1	M	0.000	0.165	0.165	0.000	0.000
2	A	0.000	0.165	0.165	0.000	0.000
3	M	0.000	0.165	0.165	0.000	0.000
4	S	0.000	0.165	0.165	0.000	0.000
5	D	0.000	0.165	0.165	0.000	0.000
6	I	0.000	0.165	0.165	0.000	0.000
7	I	0.000	0.165	0.165	0.000	0.000
8	L	0.000	0.165	0.165	0.000	0.000
9	P	0.000	0.165	0.165	0.000	0.000
10	P	0.000	0.165	0.165	0.000	0.000
11	R	0.000	0.165	0.165	0.000	0.000
12	K	0.000	0.165	0.163	0.002	0.000
13	I	0.000	0.165	0.003	0.162	0.000
14	L	0.000	0.165	0.000	0.165	0.000
15	L	0.000	0.165	0.000	0.165	0.000
16	V	0.000	0.165	0.000	0.165	0.000
17	V	0.000	0.165	0.000	0.165	0.000
18	T	0.000	0.165	0.000	0.165	0.000
19	G	0.000	0.165	0.000	0.165	0.000
20	G	0.000	0.165	0.000	0.164	0.001
21	G	0.000	0.165	0.000	0.006	0.159
22	Y	0.000	0.165	0.000	0.001	0.164
23	T	0.000	0.165	0.000	0.000	0.165
24	H	0.000	0.165	0.000	0.000	0.165
25	A	0.000	0.165	0.000	0.000	0.165
26	A	0.165	0.000	0.000	0.000	0.000
27	P	0.000	0.000	0.000	0.000	0.000
28	V	0.000	0.000	0.000	0.000	0.000
29	L	0.000	0.000	0.000	0.000	0.000
30	E	0.000	0.000	0.000	0.000	0.000
31	L	0.000	0.000	0.000	0.000	0.000
32	G	0.000	0.000	0.000	0.000	0.000
33	K	0.000	0.000	0.000	0.000	0.000
34	V	0.000	0.000	0.000	0.000	0.000
35	L	0.000	0.000	0.000	0.000	0.000
36	A	0.000	0.000	0.000	0.000	0.000
37	N	0.000	0.000	0.000	0.000	0.000
38	R	0.000	0.000	0.000	0.000	0.000
39	G	0.000	0.000	0.000	0.000	0.000
40	H	0.000	0.000	0.000	0.000	0.000
>XP_001397914.2
pos	aa	C	S	n-reg	h-reg	c-reg
1	M	0.000	0.911	0.911	0.000	0.000
2	V	0.000	0.913	0.913	0.000	0.000
3	A	0.000	0.913	0.913	0.000	0.000
4	V	0.000	0.913	0.913	0.000	0.000
5	T	0.000	0.913	0.913	0.000	0.000
6	D	0.000	0.913	0.913	0.000	0.000
7	T	0.000	0.913	0.913	0.000	0.000
8	N	0.000	0.913	0.913	0.000	0.000
9	R	0.000	0.913	0.913	0.000	0.000
10	S	0.000	0.913	0.904	0.010	0.000
11	P	0.000	0.913	0.877	0.037	0.000
12	I	0.000	0.913	0.532	0.382	0.000
13	I	0.000	0.913	0.261	0.652	0.000
14	G	0.000	0.913	0.172	0.742	0.000
15	I	0.000	0.913	0.055	0.858	0.000
16	L	0.000	0.913	0.010	0.903	0.000
17	A	0.000	0.913	0.002	0.912	0.000
18	L	0.000	0.913	0.000	0.913	0.000
19	L	0.000	0.913	0.000	0.913	0.001
20	F	0.000	0.913	0.000	0.901	0.012
21	A	0.000	0.913	0.000	0.866	0.047
22	V	0.000	0.913	0.000	0.839	0.075
23	I	0.000	0.913	0.000	0.739	0.174
24	S	0.000	0.913	0.000	0.401	0.512
25	T	0.005	0.908	0.000	0.044	0.864
26	L	0.012	0.896	0.000	0.023	0.873
27	S	0.003	0.892	0.000	0.005	0.887
28	G	0.048	0.844	0.000	0.001	0.843
29	A	0.188	0.656	0.000	0.001	0.655
30	A	0.586	0.069	0.000	0.000	0.069
31	R	0.030	0.039	0.000	0.000	0.039
32	L	0.000	0.039	0.000	0.000	0.039
33	G	0.029	0.010	0.000	0.000	0.010
34	I	0.008	0.002	0.000	0.000	0.002
35	K	0.000	0.002	0.000	0.000	0.002
36	Y	0.000	0.002	0.000	0.000	0.002
37	A	0.000	0.002	0.000	0.000	0.002
38	I	0.001	0.001	0.000	0.000	0.001
39	T	0.000	0.001	0.000	0.000	0.001
40	R	0.001	0.000	0.000	0.000	0.000
>XP_001397917.2
pos	aa	C	S	n-reg	h-reg	c-reg
1	M	0.000	0.994	0.994	0.000	0.000
2	R	0.000	0.994	0.994	0.000	0.000
3	L	0.000	0.994	0.471	0.522	0.000
4	L	0.000	0.994	0.307	0.686	0.000
5	H	0.000	0.994	0.289	0.705	0.000
6	L	0.000	0.994	0.059	0.934	0.000
7	A	0.000	0.994	0.003	0.991	0.000
8	A	0.000	0.994	0.001	0.993	0.000
9	G	0.000	0.994	0.001	0.993	0.000
10	A	0.000	0.994	0.000	0.993	0.000
11	A	0.000	0.994	0.000	0.969	0.025
12	L	0.000	0.994	0.000	0.928	0.065
13	F	0.000	0.994	0.000	0.877	0.116
14	A	0.000	0.994	0.000	0.734	0.259
15	S	0.000	0.993	0.000	0.022	0.972
16	S	0.000	0.993	0.000	0.007	0.986
17	A	0.004	0.990	0.000	0.003	0.987
18	L	0.025	0.964	0.000	0.001	0.964
19	A	0.022	0.942	0.000	0.000	0.942
20	V	0.927	0.015	0.000	0.000	0.015
21	D	0.000	0.015	0.000	0.000	0.015
22	P	0.000	0.015	0.000	0.000	0.015
23	I	0.015	0.000	0.000	0.000	0.000
24	E	0.000	0.000	0.000	0.000	0.000
25	I	0.000	0.000	0.000	0.000	0.000
26	K	0.000	0.000	0.000	0.000	0.000
27	G	0.000	0.000	0.000	0.000	0.000
28	S	0.000	0.000	0.000	0.000	0.000
29	K	0.000	0.000	0.000	0.000	0.000
30	F	0.000	0.000	0.000	0.000	0.000
31	F	0.000	0.000	0.000	0.000	0.000
32	Y	0.000	0.000	0.000	0.000	0.000
33	S	0.000	0.000	0.000	0.000	0.000
34	S	0.000	0.000	0.000	0.000	0.000
35	N	0.000	0.000	0.000	0.000	0.000
36	D	0.000	0.000	0.000	0.000	0.000
37	T	0.000	0.000	0.000	0.000	0.000
38	Q	0.000	0.000	0.000	0.000	0.000
39	F	0.000	0.000	0.000	0.000	0.000
40	F	0.000	0.000	0.000	0.000	0.000
>XP_001397919.1
pos	aa	C	S	n-reg	h-reg	c-reg
1	M	0.000	0.986	0.986	0.000	0.000
2	V	0.000	0.986	0.986	0.000	0.000
3	S	0.000	0.986	0.980	0.005	0.000
4	F	0.000	0.986	0.969	0.017	0.000
5	S	0.000	0.986	0.965	0.020	0.000
6	K	0.000	0.986	0.952	0.033	0.000
7	L	0.000	0.986	0.091	0.894	0.000
8	F	0.000	0.986	0.036	0.949	0.000
9	T	0.000	0.986	0.017	0.968	0.000
10	A	0.000	0.986	0.007	0.979	0.000
11	A	0.000	0.986	0.002	0.983	0.000
12	L	0.000	0.986	0.000	0.984	0.001
13	V	0.000	0.986	0.000	0.982	0.003
14	A	0.000	0.986	0.000	0.965	0.021
15	A	0.000	0.986	0.000	0.423	0.562
16	S	0.000	0.986	0.000	0.261	0.724
17	A	0.000	0.985	0.000	0.145	0.840
18	A	0.023	0.962	0.000	0.057	0.905
19	A	0.051	0.911	0.000	0.018	0.893
20	S	0.436	0.476	0.000	0.007	0.469
21	S	0.108	0.368	0.000	0.002	0.365
22	S	0.178	0.190	0.000	0.001	0.189
23	K	0.126	0.064	0.000	0.000	0.064
24	R	0.000	0.064	0.000	0.000	0.064
25	G	0.000	0.064	0.000	0.000	0.064
26	A	0.020	0.044	0.000	0.000	0.044
27	A	0.013	0.031	0.000	0.000	0.031
28	Y	0.030	0.001	0.000	0.000	0.001
29	N	0.000	0.001	0.000	0.000	0.001
30	D	0.000	0.001	0.000	0.000	0.001
31	A	0.000	0.001	0.000	0.000	0.001
32	S	0.000	0.001	0.000	0.000	0.001
33	L	0.000	0.001	0.000	0.000	0.001
34	V	0.000	0.001	0.000	0.000	0.001
35	R	0.000	0.001	0.000	0.000	0.001
36	T	0.000	0.001	0.000	0.000	0.001
37	L	0.000	0.001	0.000	0.000	0.001
38	A	0.000	0.001	0.000	0.000	0.001
39	N	0.000	0.000	0.000	0.000	0.000
40	S	0.000	0.000	0.000	0.000	0.000
>XP_001397921.1
pos	aa	C	S	n-reg	h-reg	c-reg
1	M	0.000	0.808	0.808	0.000	0.000
2	K	0.000	0.808	0.808	0.000	0.000
3	K	0.000	0.808	0.808	0.000	0.000
4	N	0.000	0.808	0.800	0.008	0.000
5	T	0.000	0.808	0.719	0.089	0.000
6	G	0.000	0.808	0.571	0.237	0.000
7	T	0.000	0.808	0.382	0.426	0.000
8	F	0.000	0.808	0.227	0.581	0.000
9	W	0.000	0.808	0.146	0.662	0.000
10	A	0.000	0.808	0.074	0.734	0.000
11	L	0.000	0.808	0.016	0.792	0.000
12	I	0.000	0.808	0.010	0.798	0.000
13	P	0.000	0.808	0.008	0.762	0.038
14	S	0.000	0.808	0.003	0.691	0.114
15	Y	0.000	0.808	0.001	0.639	0.167
16	I	0.000	0.808	0.001	0.608	0.200
17	S	0.000	0.808	0.000	0.388	0.420
18	L	0.000	0.808	0.000	0.350	0.458
19	A	0.001	0.807	0.000	0.157	0.650
20	A	0.016	0.791	0.000	0.070	0.720
21	A	0.012	0.779	0.000	0.055	0.724
22	S	0.361	0.418	0.000	0.004	0.414
23	S	0.012	0.406	0.000	0.002	0.403
24	C	0.137	0.269	0.000	0.002	0.267
25	Y	0.119	0.149	0.000	0.002	0.148
26	A	0.000	0.149	0.000	0.001	0.148
27	P	0.142	0.008	0.000	0.000	0.007
28	D	0.000	0.007	0.000	0.000	0.007
29	G	0.000	0.007	0.000	0.000	0.007
30	S	0.000	0.007	0.000	0.000	0.007
31	Q	0.001	0.005	0.000	0.000	0.005
32	V	0.000	0.005	0.000	0.000	0.005
33	A	0.000	0.005	0.000	0.000	0.005
34	S	0.000	0.005	0.000	0.000	0.005
35	S	0.002	0.002	0.000	0.000	0.002
36	I	0.002	0.001	0.000	0.000	0.001
37	Y	0.000	0.001	0.000	0.000	0.001
38	Q	0.000	0.001	0.000	0.000	0.001
39	P	0.000	0.001	0.000	0.000	0.001
40	C	0.000	0.001	0.000	0.000	0.001
>XP_001397930.2
pos	aa	C	S	n-reg	h-reg	c-reg
1	M	0.000	0.008	0.008	0.000	0.000
2	A	0.000	0.008	0.008	0.000	0.000
3	I	0.000	0.008	0.002	0.006	0.000
4	L	0.000	0.008	0.000	0.008	0.000
5	H	0.000	0.008	0.000	0.008	0.000
6	L	0.000	0.008	0.000	0.008	0.000
7	V	0.000	0.008	0.000	0.008	0.000
8	L	0.000	0.008	0.000	0.008	0.000
9	L	0.000	0.008	0.000	0.008	0.000
10	K	0.000	0.008	0.000	0.008	0.000
11	F	0.000	0.008	0.000	0.005	0.003
12	K	0.000	0.008	0.000	0.001	0.007
13	Q	0.000	0.008	0.000	0.000	0.008
14	D	0.000	0.008	0.000	0.000	0.008
15	V	0.000	0.008	0.000	0.000	0.008
16	A	0.000	0.008	0.000	0.000	0.008
17	A	0.001	0.007	0.000	0.000	0.007
18	A	0.005	0.002	0.000	0.000	0.002
19	T	0.002	0.000	0.000	0.000	0.000
20	R	0.000	0.000	0.000	0.000	0.000
21	Q	0.000	0.000	0.000	0.000	0.000
22	R	0.000	0.000	0.000	0.000	0.000
23	C	0.000	0.000	0.000	0.000	0.000
24	Y	0.000	0.000	0.000	0.000	0.000
25	N	0.000	0.000	0.000	0.000	0.000
26	D	0.000	0.000	0.000	0.000	0.000
27	E	0.000	0.000	0.000	0.000	0.000
28	R	0.000	0.000	0.000	0.000	0.000
29	D	0.000	0.000	0.000	0.000	0.000
30	C	0.000	0.000	0.000	0.000	0.000
31	R	0.000	0.000	0.000	0.000	0.000
32	E	0.000	0.000	0.000	0.000	0.000
33	Y	0.000	0.000	0.000	0.000	0.000
34	Q	0.000	0.000	0.000	0.000	0.000
35	E	0.000	0.000	0.000	0.000	0.000
36	E	0.000	0.000	0.000	0.000	0.000
37	F	0.000	0.000	0.000	0.000	0.000
38	E	0.000	0.000	0.000	0.000	0.000
39	N	0.000	0.000	0.000	0.000	0.000
40	S	0.000	0.000	0.000	0.000	0.000
>XP_001397931.1
pos	aa	C	S	n-reg	h-reg	c-reg
1	M	0.000	0.543	0.543	0.000	0.000
2	N	0.000	0.543	0.543	0.000	0.000
3	V	0.000	0.543	0.543	0.000	0.000
4	S	0.000	0.543	0.543	0.000	0.000
5	P	0.000	0.543	0.543	0.000	0.000
6	N	0.000	0.543	0.543	0.001	0.000
7	R	0.000	0.543	0.536	0.008	0.000
8	S	0.000	0.543	0.342	0.201	0.000
9	I	0.000	0.543	0.108	0.436	0.000
10	V	0.000	0.543	0.036	0.507	0.000
11	I	0.000	0.543	0.005	0.538	0.000
12	I	0.000	0.543	0.004	0.539	0.000
13	G	0.000	0.543	0.004	0.539	0.000
14	V	0.000	0.543	0.004	0.539	0.000
15	G	0.000	0.543	0.004	0.538	0.002
16	L	0.000	0.543	0.004	0.523	0.016
17	A	0.000	0.543	0.003	0.450	0.089
18	M	0.000	0.543	0.003	0.407	0.132
19	S	0.000	0.543	0.003	0.036	0.504
20	R	0.005	0.538	0.003	0.003	0.531
21	S	0.000	0.538	0.002	0.003	0.532
22	L	0.030	0.508	0.001	0.004	0.503
23	A	0.001	0.507	0.000	0.004	0.503
24	L	0.446	0.061	0.000	0.004	0.057
25	W	0.003	0.058	0.000	0.004	0.054
26	L	0.000	0.058	0.000	0.004	0.054
27	A	0.024	0.034	0.000	0.004	0.030
28	N	0.020	0.014	0.000	0.003	0.010
29	V	0.000	0.014	0.000	0.003	0.010
30	G	0.000	0.014	0.000	0.002	0.012
31	W	0.002	0.012	0.000	0.001	0.010
32	N	0.000	0.012	0.000	0.001	0.011
33	I	0.000	0.012	0.000	0.001	0.011
34	A	0.000	0.012	0.000	0.000	0.011
35	L	0.007	0.005	0.000	0.000	0.004
36	I	0.000	0.004	0.000	0.000	0.004
37	S	0.000	0.004	0.000	0.000	0.004
38	R	0.000	0.004	0.000	0.000	0.004
39	S	0.000	0.004	0.000	0.000	0.004
40	E	0.004	0.000	0.000	0.000	0.000
>XP_001397939.2
pos	aa	C	S	n-reg	h-reg	c-reg
1	M	0.000	0.037	0.037	0.000	0.000
2	F	0.000	0.037	0.037	0.000	0.000
3	V	0.000	0.037	0.034	0.003	0.000
4	Y	0.000	0.037	0.033	0.004	0.000
5	A	0.000	0.037	0.031	0.006	0.000
6	W	0.000	0.037	0.019	0.017	0.000
7	L	0.000	0.037	0.005	0.032	0.000
8	G	0.000	0.037	0.004	0.033	0.000
9	I	0.000	0.037	0.001	0.035	0.000
10	G	0.000	0.037	0.000	0.037	0.000
11	L	0.000	0.037	0.000	0.036	0.001
12	L	0.000	0.037	0.000	0.036	0.001
13	A	0.000	0.037	0.000	0.036	0.001
14	Y	0.001	0.036	0.000	0.033	0.003
15	Y	0.000	0.036	0.000	0.028	0.008
16	V	0.000	0.036	0.000	0.028	0.008
17	F	0.000	0.036	0.000	0.025	0.011
18	R	0.000	0.036	0.000	0.000	0.036
19	S	0.000	0.036	0.000	0.000	0.036
20	V	0.001	0.035	0.000	0.000	0.035
21	Y	0.000	0.035	0.000	0.000	0.035
22	L	0.000	0.035	0.000	0.000	0.035
23	L	0.034	0.000	0.000	0.000	0.000
24	Y	0.000	0.000	0.000	0.000	0.000
25	F	0.000	0.000	0.000	0.000	0.000
26	H	0.000	0.000	0.000	0.000	0.000
27	P	0.000	0.000	0.000	0.000	0.000
28	L	0.000	0.000	0.000	0.000	0.000
29	H	0.000	0.000	0.000	0.000	0.000
30	K	0.000	0.000	0.000	0.000	0.000
31	I	0.000	0.000	0.000	0.000	0.000
32	P	0.000	0.000	0.000	0.000	0.000
33	G	0.000	0.000	0.000	0.000	0.000
34	P	0.000	0.000	0.000	0.000	0.000
35	K	0.000	0.000	0.000	0.000	0.000
36	L	0.000	0.000	0.000	0.000	0.000
37	A	0.000	0.000	0.000	0.000	0.000
38	A	0.000	0.000	0.000	0.000	0.000
39	I	0.000	0.000	0.000	0.000	0.000
40	T	0.000	0.000	0.000	0.000	0.000
>XP_001397944.2
pos	aa	C	S	n-reg	h-reg	c-reg
1	M	0.000	0.596	0.596	0.000	0.000
2	S	0.000	0.597	0.597	0.000	0.000
3	T	0.000	0.597	0.564	0.033	0.000
4	L	0.000	0.597	0.495	0.102	0.000
5	L	0.000	0.597	0.457	0.140	0.000
6	F	0.000	0.597	0.415	0.182	0.000
7	V	0.000	0.597	0.394	0.203	0.000
8	A	0.000	0.597	0.387	0.210	0.000
9	T	0.000	0.597	0.376	0.221	0.000
10	A	0.000	0.597	0.353	0.243	0.000
11	S	0.000	0.597	0.314	0.281	0.002
12	P	0.000	0.597	0.251	0.327	0.019
13	I	0.000	0.597	0.080	0.496	0.021
14	L	0.000	0.597	0.015	0.543	0.039
15	Y	0.000	0.597	0.001	0.513	0.083
16	L	0.000	0.597	0.000	0.502	0.095
17	L	0.018	0.579	0.000	0.444	0.135
18	Y	0.000	0.578	0.000	0.394	0.184
19	V	0.000	0.578	0.000	0.387	0.191
20	L	0.000	0.578	0.000	0.372	0.207
21	L	0.000	0.578	0.000	0.336	0.242
22	S	0.112	0.466	0.000	0.260	0.206
23	R	0.067	0.398	0.000	0.005	0.394
24	W	0.000	0.398	0.000	0.002	0.396
25	Q	0.000	0.398	0.000	0.000	0.398
26	H	0.006	0.392	0.000	0.000	0.392
27	A	0.000	0.392	0.000	0.000	0.392
28	Q	0.350	0.042	0.000	0.000	0.042
29	N	0.000	0.041	0.000	0.000	0.041
30	A	0.000	0.041	0.000	0.000	0.041
31	R	0.039	0.003	0.000	0.000	0.003
32	K	0.000	0.003	0.000	0.000	0.003
33	W	0.000	0.003	0.000	0.000	0.003
34	N	0.000	0.003	0.000	0.000	0.003
35	C	0.000	0.003	0.000	0.000	0.003
36	G	0.001	0.001	0.000	0.000	0.001
37	S	0.000	0.001	0.000	0.000	0.001
38	V	0.000	0.001	0.000	0.000	0.001
39	P	0.000	0.001	0.000	0.000	0.001
40	S	0.000	0.001	0.000	0.000	0.001
>XP_001397949.2
pos	aa	C	S	n-reg	h-reg	c-reg
1	M	0.000	0.696	0.696	0.000	0.000
2	A	0.000	0.696	0.696	0.000	0.000
3	F	0.000	0.696	0.696	0.000	0.000
4	P	0.000	0.696	0.695	0.000	0.000
5	Y	0.000	0.696	0.695	0.000	0.000
6	K	0.000	0.696	0.695	0.000	0.000
7	K	0.000	0.696	0.677	0.019	0.000
8	I	0.000	0.696	0.186	0.510	0.000
9	L	0.000	0.696	0.039	0.656	0.000
10	L	0.000	0.696	0.001	0.694	0.000
11	I	0.000	0.696	0.000	0.695	0.000
12	G	0.000	0.696	0.000	0.695	0.000
13	A	0.000	0.696	0.000	0.695	0.000
14	T	0.000	0.696	0.000	0.695	0.000
15	S	0.000	0.696	0.000	0.682	0.013
16	G	0.000	0.696	0.000	0.477	0.218
17	I	0.000	0.696	0.000	0.419	0.276
18	G	0.000	0.696	0.000	0.036	0.659
19	R	0.001	0.695	0.000	0.002	0.692
20	A	0.000	0.695	0.000	0.001	0.694
21	L	0.107	0.588	0.000	0.001	0.587
22	G	0.000	0.588	0.000	0.000	0.587
23	A	0.559	0.029	0.000	0.000	0.029
24	S	0.018	0.011	0.000	0.000	0.011
25	L	0.005	0.007	0.000	0.000	0.006
26	I	0.006	0.001	0.000	0.000	0.001
27	Q	0.000	0.001	0.000	0.000	0.001
28	H	0.000	0.001	0.000	0.000	0.001
29	G	0.000	0.001	0.000	0.000	0.001
30	R	0.000	0.001	0.000	0.000	0.001
31	F	0.000	0.001	0.000	0.000	0.001
32	V	0.000	0.001	0.000	0.000	0.001
33	I	0.000	0.001	0.000	0.000	0.001
34	A	0.000	0.001	0.000	0.000	0.001
35	V	0.001	0.000	0.000	0.000	0.000
36	G	0.000	0.000	0.000	0.000	0.000
37	R	0.000	0.000	0.000	0.000	0.000
38	R	0.000	0.000	0.000	0.000	0.000
39	Q	0.000	0.000	0.000	0.000	0.000
40	E	0.000	0.000	0.000	0.000	0.000
>XP_001397954.1
pos	aa	C	S	n-reg	h-reg	c-reg
1	M	0.000	0.999	0.999	0.000	0.000
2	Q	0.000	0.999	0.999	0.000	0.000
3	F	0.000	0.999	0.744	0.255	0.000
4	T	0.000	0.999	0.539	0.460	0.000
5	T	0.000	0.999	0.406	0.593	0.000
6	F	0.000	0.999	0.150	0.849	0.000
7	L	0.000	0.999	0.014	0.985	0.000
8	S	0.000	0.999	0.006	0.994	0.000
9	L	0.000	0.999	0.001	0.998	0.000
10	A	0.000	0.999	0.001	0.999	0.000
11	I	0.000	0.999	0.000	0.992	0.007
12	A	0.000	0.999	0.000	0.922	0.078
13	A	0.000	0.999	0.000	0.871	0.128
14	V	0.000	0.999	0.000	0.809	0.190
15	V	0.000	0.999	0.000	0.240	0.759
16	P	0.000	0.999	0.000	0.033	0.966
17	A	0.001	0.998	0.000	0.018	0.980
18	L	0.012	0.986	0.000	0.014	0.973
19	A	0.000	0.986	0.000	0.005	0.982
20	A	0.818	0.168	0.000	0.002	0.166
21	D	0.137	0.031	0.000	0.000	0.031
22	N	0.000	0.031	0.000	0.000	0.031
23	A	0.000	0.031	0.000	0.000	0.031
24	A	0.014	0.017	0.000	0.000	0.017
25	Q	0.010	0.007	0.000	0.000	0.007
26	E	0.007	0.000	0.000	0.000	0.000
27	N	0.000	0.000	0.000	0.000	0.000
28	I	0.000	0.000	0.000	0.000	0.000
29	E	0.000	0.000	0.000	0.000	0.000
30	G	0.000	0.000	0.000	0.000	0.000
31	S	0.000	0.000	0.000	0.000	0.000
32	V	0.000	0.000	0.000	0.000	0.000
33	Y	0.000	0.000	0.000	0.000	0.000
34	P	0.000	0.000	0.000	0.000	0.000
35	L	0.000	0.000	0.000	0.000	0.000
36	E	0.000	0.000	0.000	0.000	0.000
37	F	0.000	0.000	0.000	0.000	0.000
38	F	0.000	0.000	0.000	0.000	0.000
39	H	0.000	0.000	0.000	0.000	0.000
40	G	0.000	0.000	0.000	0.000	0.000
>XP_001397960.2
pos	aa	C	S	n-reg	h-reg	c-reg
1	M	0.000	0.367	0.367	0.000	0.000
2	K	0.000	0.367	0.367	0.000	0.000
3	Y	0.000	0.367	0.366	0.001	0.000
4	F	0.000	0.367	0.362	0.005	0.000
5	N	0.000	0.367	0.360	0.007	0.000
6	I	0.000	0.367	0.316	0.051	0.000
7	H	0.000	0.367	0.267	0.100	0.000
8	I	0.000	0.367	0.071	0.296	0.000
9	I	0.000	0.367	0.025	0.343	0.000
10	C	0.000	0.367	0.008	0.360	0.000
11	A	0.000	0.367	0.000	0.367	0.000
12	A	0.000	0.367	0.000	0.367	0.001
13	V	0.000	0.367	0.000	0.366	0.001
14	A	0.000	0.367	0.000	0.362	0.006
15	F	0.000	0.367	0.000	0.355	0.012
16	G	0.000	0.367	0.000	0.332	0.035
17	L	0.001	0.367	0.000	0.301	0.065
18	L	0.000	0.367	0.000	0.277	0.090
19	G	0.001	0.366	0.000	0.008	0.357
20	S	0.004	0.362	0.000	0.001	0.361
21	A	0.006	0.357	0.000	0.000	0.357
22	K	0.071	0.286	0.000	0.000	0.286
23	G	0.000	0.286	0.000	0.000	0.286
24	L	0.284	0.002	0.000	0.000	0.002
25	D	0.001	0.001	0.000	0.000	0.001
26	E	0.000	0.001	0.000	0.000	0.001
27	S	0.000	0.001	0.000	0.000	0.001
28	I	0.001	0.000	0.000	0.000	0.000
29	I	0.000	0.000	0.000	0.000	0.000
30	A	0.000	0.000	0.000	0.000	0.000
31	T	0.000	0.000	0.000	0.000	0.000
32	V	0.000	0.000	0.000	0.000	0.000
33	V	0.000	0.000	0.000	0.000	0.000
34	D	0.000	0.000	0.000	0.000	0.000
35	L	0.000	0.000	0.000	0.000	0.000
36	P	0.000	0.000	0.000	0.000	0.000
37	S	0.000	0.000	0.000	0.000	0.000
38	F	0.000	0.000	0.000	0.000	0.000
39	I	0.000	0.000	0.000	0.000	0.000
40	K	0.000	0.000	0.000	0.000	0.000
>XP_001397963.2
pos	aa	C	S	n-reg	h-reg	c-reg
1	M	0.000	0.890	0.890	0.000	0.000
2	S	0.000	0.892	0.892	0.000	0.000
3	K	0.000	0.892	0.892	0.000	0.000
4	R	0.000	0.892	0.892	0.000	0.000
5	I	0.000	0.892	0.885	0.007	0.000
6	P	0.000	0.892	0.880	0.012	0.000
7	N	0.000	0.892	0.834	0.058	0.000
8	L	0.000	0.892	0.480	0.412	0.000
9	F	0.000	0.892	0.381	0.511	0.000
10	N	0.000	0.892	0.343	0.549	0.000
11	L	0.000	0.892	0.070	0.822	0.000
12	L	0.000	0.892	0.014	0.878	0.000
13	L	0.000	0.892	0.004	0.888	0.000
14	V	0.000	0.892	0.002	0.889	0.000
15	I	0.000	0.892	0.002	0.886	0.004
16	Y	0.000	0.892	0.002	0.807	0.083
17	V	0.000	0.892	0.001	0.791	0.100
18	A	0.000	0.892	0.001	0.739	0.152
19	L	0.000	0.892	0.001	0.534	0.357
20	G	0.001	0.891	0.001	0.209	0.681
21	S	0.069	0.822	0.001	0.101	0.721
22	T	0.002	0.821	0.001	0.059	0.761
23	A	0.026	0.794	0.000	0.016	0.778
24	C	0.274	0.520	0.000	0.011	0.509
25	S	0.121	0.399	0.000	0.004	0.395
26	Y	0.073	0.326	0.000	0.003	0.323
27	G	0.000	0.326	0.000	0.003	0.323
28	L	0.116	0.210	0.000	0.003	0.207
29	A	0.000	0.210	0.000	0.003	0.207
30	V	0.087	0.123	0.000	0.003	0.120
31	I	0.000	0.123	0.000	0.003	0.120
32	G	0.000	0.123	0.000	0.001	0.121
33	T	0.005	0.118	0.000	0.001	0.117
34	T	0.001	0.117	0.000	0.001	0.116
35	V	0.001	0.116	0.000	0.001	0.115
36	A	0.000	0.115	0.000	0.001	0.115
37	Q	0.112	0.003	0.000	0.000	0.003
38	P	0.000	0.003	0.000	0.000	0.003
39	S	0.001	0.003	0.000	0.000	0.003
40	F	0.000	0.003	0.000	0.000	0.003
>XP_001397978.1
pos	aa	C	S	n-reg	h-reg	c-reg
1	M	0.000	0.955	0.955	0.000	0.000
2	I	0.000	0.994	0.994	0.000	0.000
3	S	0.000	0.994	0.994	0.000	0.000
4	S	0.000	0.994	0.994	0.000	0.000
5	S	0.000	0.994	0.994	0.000	0.000
6	S	0.000	0.994	0.994	0.000	0.000
7	S	0.000	0.994	0.994	0.000	0.000
8	R	0.000	0.994	0.994	0.000	0.000
9	F	0.000	0.994	0.993	0.001	0.000
10	L	0.000	0.994	0.993	0.001	0.000
11	C	0.000	0.994	0.993	0.001	0.000
12	S	0.000	0.994	0.993	0.001	0.000
13	F	0.000	0.994	0.993	0.001	0.000
14	C	0.000	0.994	0.993	0.001	0.000
15	F	0.000	0.994	0.993	0.001	0.000
16	N	0.000	0.994	0.993	0.001	0.000
17	A	0.000	0.994	0.993	0.001	0.000
18	P	0.000	0.994	0.992	0.001	0.000
19	L	0.000	0.994	0.985	0.009	0.000
20	P	0.000	0.994	0.982	0.012	0.001
21	P	0.000	0.994	0.941	0.053	0.001
22	L	0.000	0.994	0.236	0.757	0.001
23	F	0.000	0.994	0.068	0.926	0.001
24	I	0.000	0.994	0.027	0.967	0.001
25	L	0.000	0.994	0.010	0.983	0.001
26	Q	0.000	0.994	0.006	0.987	0.001
27	T	0.000	0.994	0.003	0.990	0.001
28	L	0.000	0.994	0.001	0.992	0.001
29	L	0.000	0.994	0.001	0.992	0.001
30	L	0.000	0.994	0.000	0.986	0.007
31	L	0.000	0.994	0.000	0.962	0.031
32	V	0.000	0.993	0.000	0.933	0.060
33	T	0.000	0.993	0.000	0.813	0.180
34	P	0.000	0.991	0.000	0.044	0.947
35	T	0.001	0.989	0.000	0.038	0.951
36	L	0.001	0.988	0.000	0.036	0.952
37	F	0.000	0.987	0.000	0.035	0.952
38	A	0.000	0.984	0.000	0.032	0.952
39	A	0.899	0.082	0.000	0.029	0.053
40	T	0.042	0.037	0.000	0.025	0.011
>XP_001397981.1
pos	aa	C	S	n-reg	h-reg	c-reg
1	M	0.000	0.996	0.996	0.000	0.000
2	I	0.000	0.996	0.996	0.000	0.000
3	L	0.000	0.996	0.994	0.002	0.000
4	S	0.000	0.996	0.991	0.005	0.000
5	Y	0.000	0.996	0.981	0.015	0.000
6	T	0.000	0.996	0.928	0.068	0.000
7	A	0.000	0.996	0.802	0.193	0.000
8	G	0.000	0.996	0.620	0.376	0.000
9	L	0.000	0.996	0.203	0.792	0.000
10	T	0.000	0.996	0.152	0.844	0.000
11	T	0.000	0.996	0.086	0.909	0.000
12	L	0.000	0.996	0.001	0.994	0.000
13	A	0.000	0.996	0.000	0.994	0.001
14	G	0.000	0.996	0.000	0.993	0.002
15	L	0.000	0.996	0.000	0.992	0.003
16	A	0.000	0.996	0.000	0.967	0.028
17	L	0.000	0.996	0.000	0.904	0.091
18	L	0.000	0.996	0.000	0.827	0.169
19	A	0.000	0.995	0.000	0.699	0.297
20	Q	0.001	0.995	0.000	0.012	0.983
21	L	0.000	0.995	0.000	0.005	0.989
22	A	0.002	0.993	0.000	0.000	0.992
23	S	0.001	0.992	0.000	0.000	0.992
24	A	0.010	0.981	0.000	0.000	0.981
25	S	0.976	0.005	0.000	0.000	0.005
26	E	0.004	0.001	0.000	0.000	0.001
27	L	0.000	0.001	0.000	0.000	0.001
28	P	0.001	0.000	0.000	0.000	0.000
29	L	0.000	0.000	0.000	0.000	0.000
30	P	0.000	0.000	0.000	0.000	0.000
31	I	0.000	0.000	0.000	0.000	0.000
32	L	0.000	0.000	0.000	0.000	0.000
33	K	0.000	0.000	0.000	0.000	0.000
34	D	0.000	0.000	0.000	0.000	0.000
35	F	0.000	0.000	0.000	0.000	0.000
36	D	0.000	0.000	0.000	0.000	0.000
37	D	0.000	0.000	0.000	0.000	0.000
38	T	0.000	0.000	0.000	0.000	0.000
39	G	0.000	0.000	0.000	0.000	0.000
40	V	0.000	0.000	0.000	0.000	0.000
>XP_001397982.2
pos	aa	C	S	n-reg	h-reg	c-reg
1	M	0.000	0.647	0.647	0.000	0.000
2	R	0.000	0.647	0.647	0.000	0.000
3	I	0.000	0.647	0.539	0.108	0.000
4	S	0.000	0.647	0.517	0.130	0.000
5	N	0.000	0.647	0.490	0.157	0.000
6	L	0.000	0.647	0.011	0.636	0.000
7	I	0.000	0.647	0.001	0.645	0.000
8	V	0.000	0.647	0.000	0.647	0.000
9	A	0.000	0.647	0.000	0.647	0.000
10	A	0.000	0.647	0.000	0.646	0.000
11	S	0.000	0.647	0.000	0.604	0.043
12	A	0.000	0.647	0.000	0.593	0.054
13	A	0.000	0.647	0.000	0.579	0.068
14	S	0.000	0.647	0.000	0.046	0.601
15	M	0.000	0.646	0.000	0.025	0.621
16	V	0.000	0.646	0.000	0.008	0.639
17	S	0.000	0.646	0.000	0.002	0.645
18	A	0.002	0.644	0.000	0.001	0.643
19	L	0.622	0.022	0.000	0.000	0.022
20	P	0.000	0.022	0.000	0.000	0.022
21	S	0.011	0.011	0.000	0.000	0.011
22	R	0.008	0.002	0.000	0.000	0.002
23	Q	0.000	0.002	0.000	0.000	0.002
24	M	0.002	0.000	0.000	0.000	0.000
25	K	0.000	0.000	0.000	0.000	0.000
26	K	0.000	0.000	0.000	0.000	0.000
27	R	0.000	0.000	0.000	0.000	0.000
28	D	0.000	0.000	0.000	0.000	0.000
29	S	0.000	0.000	0.000	0.000	0.000
30	G	0.000	0.000	0.000	0.000	0.000
31	F	0.000	0.000	0.000	0.000	0.000
32	K	0.000	0.000	0.000	0.000	0.000
33	W	0.000	0.000	0.000	0.000	0.000
34	V	0.000	0.000	0.000	0.000	0.000
35	G	0.000	0.000	0.000	0.000	0.000
36	T	0.000	0.000	0.000	0.000	0.000
37	S	0.000	0.000	0.000	0.000	0.000
38	E	0.000	0.000	0.000	0.000	0.000
39	S	0.000	0.000	0.000	0.000	0.000
40	G	0.000	0.000	0.000	0.000	0.000
>XP_001398000.2
pos	aa	C	S	n-reg	h-reg	c-reg
1	M	0.000	1.000	1.000	0.000	0.000
2	P	0.000	1.000	1.000	0.000	0.000
3	S	0.000	1.000	0.999	0.001	0.000
4	A	0.000	1.000	0.997	0.003	0.000
5	K	0.000	1.000	0.996	0.004	0.000
6	P	0.000	1.000	0.841	0.159	0.000
7	L	0.000	1.000	0.018	0.981	0.000
8	F	0.000	1.000	0.006	0.994	0.000
9	C	0.000	1.000	0.001	0.999	0.000
10	L	0.000	1.000	0.000	0.999	0.000
11	A	0.000	1.000	0.000	1.000	0.000
12	T	0.000	1.000	0.000	0.999	0.000
13	L	0.000	1.000	0.000	0.999	0.001
14	A	0.000	1.000	0.000	0.970	0.030
15	G	0.000	1.000	0.000	0.080	0.920
16	A	0.000	1.000	0.000	0.054	0.945
17	A	0.000	1.000	0.000	0.023	0.977
18	L	0.001	0.999	0.000	0.017	0.982
19	A	0.001	0.998	0.000	0.009	0.989
20	A	0.945	0.053	0.000	0.000	0.052
21	P	0.001	0.052	0.000	0.000	0.051
22	A	0.026	0.025	0.000	0.000	0.025
23	P	0.002	0.024	0.000	0.000	0.024
24	S	0.001	0.023	0.000	0.000	0.023
25	R	0.021	0.002	0.000	0.000	0.002
26	V	0.000	0.002	0.000	0.000	0.002
27	S	0.000	0.002	0.000	0.000	0.002
28	D	0.002	0.000	0.000	0.000	0.000
29	F	0.000	0.000	0.000	0.000	0.000
30	T	0.000	0.000	0.000	0.000	0.000
31	N	0.000	0.000	0.000	0.000	0.000
32	K	0.000	0.000	0.000	0.000	0.000
33	T	0.000	0.000	0.000	0.000	0.000
34	S	0.000	0.000	0.000	0.000	0.000
35	C	0.000	0.000	0.000	0.000	0.000
36	S	0.000	0.000	0.000	0.000	0.000
37	D	0.000	0.000	0.000	0.000	0.000
38	I	0.000	0.000	0.000	0.000	0.000
39	V	0.000	0.000	0.000	0.000	0.000
40	L	0.000	0.000	0.000	0.000	0.000
>XP_001398015.1
pos	aa	C	S	n-reg	h-reg	c-reg
1	M	0.000	0.297	0.297	0.000	0.000
2	A	0.000	0.297	0.297	0.000	0.000
3	T	0.000	0.297	0.296	0.001	0.000
4	A	0.000	0.297	0.295	0.002	0.000
5	P	0.000	0.297	0.294	0.002	0.000
6	R	0.000	0.297	0.290	0.007	0.000
7	V	0.000	0.297	0.024	0.272	0.000
8	I	0.000	0.297	0.005	0.292	0.000
9	V	0.000	0.297	0.002	0.295	0.000
10	V	0.000	0.297	0.000	0.296	0.000
11	G	0.000	0.297	0.000	0.296	0.000
12	G	0.000	0.297	0.000	0.296	0.000
13	G	0.000	0.297	0.000	0.296	0.001
14	L	0.000	0.297	0.000	0.295	0.001
15	S	0.000	0.297	0.000	0.109	0.188
16	G	0.000	0.297	0.000	0.050	0.246
17	L	0.000	0.297	0.000	0.047	0.249
18	S	0.000	0.297	0.000	0.004	0.292
19	A	0.001	0.295	0.000	0.002	0.293
20	A	0.173	0.122	0.000	0.001	0.122
21	H	0.068	0.055	0.000	0.000	0.055
22	T	0.000	0.055	0.000	0.000	0.055
23	V	0.048	0.007	0.000	0.000	0.007
24	Y	0.000	0.007	0.000	0.000	0.007
25	L	0.000	0.007	0.000	0.000	0.007
26	N	0.006	0.001	0.000	0.000	0.001
27	G	0.000	0.001	0.000	0.000	0.001
28	G	0.001	0.000	0.000	0.000	0.000
29	N	0.000	0.000	0.000	0.000	0.000
30	V	0.000	0.000	0.000	0.000	0.000
31	L	0.000	0.000	0.000	0.000	0.000
32	V	0.000	0.000	0.000	0.000	0.000
33	L	0.000	0.000	0.000	0.000	0.000
34	D	0.000	0.000	0.000	0.000	0.000
35	K	0.000	0.000	0.000	0.000	0.000
36	Q	0.000	0.000	0.000	0.000	0.000
37	A	0.000	0.000	0.000	0.000	0.000
38	F	0.000	0.000	0.000	0.000	0.000
39	F	0.000	0.000	0.000	0.000	0.000
40	G	0.000	0.000	0.000	0.000	0.000
>XP_001398020.2
pos	aa	C	S	n-reg	h-reg	c-reg
1	M	0.000	0.703	0.703	0.000	0.000
2	A	0.000	0.835	0.835	0.000	0.000
3	P	0.000	0.835	0.835	0.000	0.000
4	T	0.000	0.835	0.835	0.000	0.000
5	S	0.000	0.835	0.835	0.000	0.000
6	R	0.000	0.835	0.835	0.000	0.000
7	G	0.000	0.835	0.829	0.007	0.000
8	A	0.000	0.835	0.821	0.014	0.000
9	E	0.000	0.835	0.815	0.020	0.000
10	M	0.000	0.835	0.705	0.131	0.000
11	I	0.000	0.835	0.544	0.291	0.000
12	S	0.000	0.835	0.470	0.366	0.000
13	I	0.000	0.835	0.326	0.509	0.000
14	V	0.000	0.835	0.254	0.582	0.000
15	T	0.000	0.835	0.173	0.662	0.000
16	V	0.000	0.835	0.044	0.791	0.001
17	L	0.000	0.835	0.011	0.821	0.003
18	V	0.000	0.835	0.006	0.813	0.017
19	S	0.000	0.835	0.003	0.723	0.109
20	L	0.000	0.835	0.001	0.711	0.123
21	A	0.001	0.835	0.001	0.689	0.145
22	F	0.018	0.817	0.001	0.674	0.141
23	L	0.000	0.816	0.001	0.579	0.236
24	A	0.090	0.724	0.001	0.454	0.268
25	V	0.014	0.705	0.001	0.406	0.298
26	I	0.000	0.694	0.001	0.352	0.340
27	L	0.000	0.665	0.001	0.150	0.514
28	R	0.127	0.456	0.001	0.001	0.454
29	I	0.000	0.456	0.001	0.000	0.454
30	V	0.000	0.456	0.001	0.000	0.454
31	A	0.000	0.456	0.001	0.000	0.454
32	R	0.454	0.001	0.001	0.000	0.000
33	F	0.000	0.001	0.001	0.000	0.000
34	K	0.000	0.001	0.001	0.000	0.000
35	R	0.000	0.001	0.001	0.000	0.000
36	K	0.000	0.001	0.001	0.000	0.000
37	V	0.000	0.001	0.001	0.000	0.000
38	H	0.000	0.001	0.001	0.000	0.000
39	F	0.000	0.001	0.001	0.000	0.000
40	G	0.000	0.001	0.001	0.000	0.000
>XP_001398033.1
pos	aa	C	S	n-reg	h-reg	c-reg
1	M	0.000	0.997	0.997	0.000	0.000
2	R	0.000	0.997	0.997	0.000	0.000
3	F	0.000	0.997	0.969	0.028	0.000
4	T	0.000	0.997	0.950	0.047	0.000
5	E	0.000	0.997	0.935	0.062	0.000
6	A	0.000	0.997	0.467	0.530	0.000
7	I	0.000	0.997	0.078	0.919	0.000
8	V	0.000	0.997	0.034	0.962	0.000
9	A	0.000	0.997	0.018	0.979	0.000
10	F	0.000	0.997	0.005	0.992	0.000
11	A	0.000	0.997	0.003	0.989	0.004
12	A	0.000	0.997	0.002	0.990	0.005
13	C	0.000	0.997	0.001	0.989	0.006
14	L	0.000	0.997	0.001	0.929	0.067
15	A	0.000	0.997	0.001	0.560	0.436
16	Q	0.004	0.992	0.001	0.391	0.601
17	V	0.000	0.992	0.001	0.354	0.637
18	Q	0.000	0.992	0.001	0.031	0.961
19	I	0.000	0.992	0.000	0.024	0.968
20	A	0.000	0.992	0.000	0.015	0.978
21	Q	0.006	0.986	0.000	0.002	0.984
22	A	0.001	0.985	0.000	0.002	0.983
23	A	0.830	0.155	0.000	0.001	0.154
24	L	0.000	0.155	0.000	0.001	0.153
25	A	0.020	0.135	0.000	0.001	0.134
26	F	0.085	0.050	0.000	0.001	0.049
27	T	0.000	0.050	0.000	0.001	0.049
28	H	0.008	0.042	0.000	0.000	0.042
29	W	0.000	0.042	0.000	0.000	0.042
30	P	0.000	0.042	0.000	0.000	0.042
31	S	0.000	0.042	0.000	0.000	0.042
32	S	0.000	0.042	0.000	0.000	0.042
33	L	0.000	0.041	0.000	0.000	0.041
34	D	0.000	0.041	0.000	0.000	0.041
35	A	0.000	0.041	0.000	0.000	0.041
36	G	0.039	0.002	0.000	0.000	0.002
37	V	0.001	0.001	0.000	0.000	0.001
38	P	0.000	0.001	0.000	0.000	0.001
39	T	0.000	0.001	0.000	0.000	0.001
40	T	0.000	0.000	0.000	0.000	0.000
>XP_001398037.2
pos	aa	C	S	n-reg	h-reg	c-reg
1	M	0.000	0.989	0.989	0.000	0.000
2	T	0.000	0.998	0.998	0.000	0.000
3	K	0.000	0.998	0.998	0.000	0.000
4	K	0.000	0.998	0.998	0.000	0.000
5	P	0.000	0.998	0.997	0.001	0.000
6	F	0.000	0.998	0.946	0.052	0.000
7	F	0.000	0.998	0.855	0.143	0.000
8	L	0.000	0.998	0.753	0.245	0.000
9	I	0.000	0.998	0.648	0.350	0.000
10	A	0.000	0.998	0.578	0.420	0.000
11	S	0.000	0.998	0.525	0.474	0.000
12	S	0.000	0.998	0.363	0.635	0.000
13	L	0.000	0.998	0.077	0.921	0.000
14	T	0.000	0.998	0.040	0.957	0.001
15	L	0.000	0.998	0.009	0.988	0.001
16	I	0.000	0.998	0.000	0.996	0.002
17	I	0.000	0.998	0.000	0.989	0.010
18	I	0.000	0.998	0.000	0.961	0.038
19	I	0.000	0.998	0.000	0.903	0.095
20	L	0.000	0.998	0.000	0.780	0.218
21	T	0.001	0.997	0.000	0.568	0.429
22	T	0.009	0.987	0.000	0.397	0.590
23	L	0.005	0.982	0.000	0.380	0.602
24	T	0.004	0.976	0.000	0.016	0.959
25	T	0.019	0.955	0.000	0.005	0.950
26	A	0.032	0.922	0.000	0.002	0.920
27	N	0.275	0.645	0.000	0.000	0.645
28	S	0.000	0.645	0.000	0.000	0.645
29	F	0.644	0.001	0.000	0.000	0.001
30	P	0.000	0.001	0.000	0.000	0.001
31	L	0.001	0.000	0.000	0.000	0.000
32	R	0.000	0.000	0.000	0.000	0.000
33	K	0.000	0.000	0.000	0.000	0.000
34	R	0.000	0.000	0.000	0.000	0.000
35	L	0.000	0.000	0.000	0.000	0.000
36	P	0.000	0.000	0.000	0.000	0.000
37	R	0.000	0.000	0.000	0.000	0.000
38	P	0.000	0.000	0.000	0.000	0.000
39	F	0.000	0.000	0.000	0.000	0.000
40	V	0.000	0.000	0.000	0.000	0.000
>XP_001398038.2
pos	aa	C	S	n-reg	h-reg	c-reg
1	M	0.000	0.003	0.003	0.000	0.000
2	A	0.000	0.231	0.231	0.000	0.000
3	L	0.000	0.231	0.231	0.000	0.000
4	Q	0.000	0.231	0.231	0.000	0.000
5	G	0.000	0.231	0.231	0.000	0.000
6	V	0.000	0.231	0.231	0.000	0.000
7	E	0.000	0.231	0.231	0.000	0.000
8	Q	0.000	0.231	0.231	0.000	0.000
9	T	0.000	0.231	0.231	0.000	0.000
10	I	0.000	0.231	0.231	0.000	0.000
11	L	0.000	0.231	0.231	0.000	0.000
12	R	0.000	0.231	0.231	0.000	0.000
13	D	0.000	0.231	0.231	0.000	0.000
14	P	0.000	0.231	0.220	0.010	0.000
15	A	0.000	0.231	0.132	0.099	0.000
16	L	0.000	0.231	0.067	0.164	0.000
17	F	0.000	0.231	0.040	0.191	0.000
18	Y	0.000	0.231	0.028	0.203	0.000
19	W	0.000	0.231	0.018	0.213	0.000
20	I	0.000	0.231	0.005	0.226	0.000
21	V	0.000	0.231	0.001	0.230	0.000
22	F	0.000	0.231	0.000	0.230	0.000
23	P	0.000	0.231	0.000	0.231	0.000
24	I	0.000	0.231	0.000	0.231	0.000
25	T	0.000	0.231	0.000	0.230	0.000
26	V	0.000	0.231	0.000	0.230	0.001
27	V	0.000	0.230	0.000	0.229	0.002
28	M	0.000	0.228	0.000	0.225	0.002
29	I	0.000	0.224	0.000	0.222	0.002
30	L	0.000	0.216	0.000	0.214	0.003
31	T	0.000	0.192	0.000	0.189	0.003
32	G	0.001	0.168	0.000	0.166	0.002
33	I	0.001	0.151	0.000	0.150	0.001
34	L	0.000	0.113	0.000	0.111	0.001
35	R	0.000	0.001	0.000	0.000	0.001
36	H	0.000	0.001	0.000	0.000	0.001
37	Y	0.000	0.001	0.000	0.000	0.001
38	A	0.000	0.001	0.000	0.000	0.001
39	T	0.001	0.000	0.000	0.000	0.000
40	V	0.000	0.000	0.000	0.000	0.000
