>XP_001391813.1
pos	aa	C	S	n-reg	h-reg	c-reg
1	M	0.000	0.108	0.108	0.000	0.000
2	F	0.000	0.108	0.108	0.000	0.000
3	L	0.000	0.108	0.085	0.022	0.000
4	Q	0.000	0.108	0.078	0.030	0.000
5	R	0.000	0.108	0.072	0.035	0.000
6	T	0.000	0.108	0.027	0.081	0.000
7	A	0.000	0.108	0.007	0.101	0.000
8	F	0.000	0.108	0.003	0.105	0.000
9	A	0.000	0.108	0.002	0.105	0.000
10	L	0.000	0.108	0.002	0.105	0.000
11	A	0.000	0.108	0.002	0.101	0.004
12	R	0.000	0.108	0.002	0.079	0.027
13	R	0.000	0.108	0.002	0.066	0.039
14	T	0.000	0.108	0.002	0.038	0.068
15	P	0.000	0.108	0.001	0.018	0.088
16	T	0.000	0.108	0.001	0.003	0.103
17	R	0.000	0.107	0.001	0.001	0.105
18	A	0.000	0.107	0.000	0.002	0.105
19	L	0.011	0.096	0.000	0.002	0.094
20	A	0.000	0.096	0.000	0.002	0.094
21	A	0.092	0.004	0.000	0.002	0.002
22	R	0.002	0.003	0.000	0.002	0.001
23	P	0.000	0.003	0.000	0.001	0.001
24	F	0.000	0.002	0.000	0.001	0.001
25	S	0.000	0.002	0.000	0.001	0.001
26	S	0.000	0.002	0.000	0.001	0.002
27	S	0.000	0.002	0.000	0.000	0.002
28	V	0.000	0.002	0.000	0.000	0.001
29	T	0.000	0.002	0.000	0.000	0.002
30	R	0.001	0.001	0.000	0.000	0.001
31	F	0.000	0.001	0.000	0.000	0.001
32	N	0.000	0.001	0.000	0.000	0.001
33	S	0.000	0.001	0.000	0.000	0.001
34	K	0.001	0.000	0.000	0.000	0.000
35	K	0.000	0.000	0.000	0.000	0.000
36	Y	0.000	0.000	0.000	0.000	0.000
37	E	0.000	0.000	0.000	0.000	0.000
38	V	0.000	0.000	0.000	0.000	0.000
39	K	0.000	0.000	0.000	0.000	0.000
40	Q	0.000	0.000	0.000	0.000	0.000
>XP_001391824.1
pos	aa	C	S	n-reg	h-reg	c-reg
1	M	0.000	0.041	0.041	0.000	0.000
2	G	0.000	0.041	0.041	0.000	0.000
3	Y	0.000	0.041	0.041	0.000	0.000
4	Q	0.000	0.041	0.041	0.000	0.000
5	H	0.000	0.041	0.041	0.000	0.000
6	A	0.000	0.041	0.041	0.000	0.000
7	T	0.000	0.041	0.041	0.000	0.000
8	R	0.000	0.041	0.041	0.000	0.000
9	D	0.000	0.041	0.041	0.000	0.000
10	M	0.000	0.041	0.041	0.000	0.000
11	V	0.000	0.041	0.041	0.000	0.000
12	A	0.000	0.041	0.041	0.000	0.000
13	Y	0.000	0.041	0.041	0.000	0.000
14	L	0.000	0.041	0.041	0.000	0.000
15	R	0.000	0.041	0.041	0.000	0.000
16	I	0.000	0.041	0.040	0.001	0.000
17	A	0.000	0.041	0.039	0.002	0.000
18	S	0.000	0.041	0.038	0.003	0.000
19	P	0.000	0.041	0.036	0.005	0.000
20	I	0.000	0.041	0.017	0.024	0.000
21	I	0.000	0.041	0.008	0.033	0.000
22	L	0.000	0.041	0.002	0.039	0.000
23	L	0.000	0.041	0.000	0.041	0.000
24	L	0.000	0.041	0.000	0.041	0.000
25	I	0.000	0.041	0.000	0.041	0.000
26	F	0.000	0.041	0.000	0.041	0.000
27	V	0.000	0.041	0.000	0.040	0.001
28	A	0.000	0.041	0.000	0.038	0.003
29	S	0.000	0.041	0.000	0.035	0.006
30	F	0.000	0.041	0.000	0.031	0.010
31	I	0.000	0.041	0.000	0.024	0.016
32	A	0.000	0.041	0.000	0.011	0.030
33	S	0.001	0.040	0.000	0.006	0.034
34	S	0.004	0.036	0.000	0.000	0.036
35	I	0.005	0.032	0.000	0.000	0.032
36	V	0.000	0.032	0.000	0.000	0.032
37	T	0.000	0.032	0.000	0.000	0.032
38	A	0.002	0.030	0.000	0.000	0.030
39	R	0.030	0.000	0.000	0.000	0.000
40	N	0.000	0.000	0.000	0.000	0.000
>XP_001391831.2
pos	aa	C	S	n-reg	h-reg	c-reg
1	M	0.000	0.938	0.938	0.000	0.000
2	A	0.000	0.938	0.938	0.000	0.000
3	S	0.000	0.938	0.938	0.000	0.000
4	T	0.000	0.938	0.937	0.001	0.000
5	F	0.000	0.938	0.937	0.001	0.000
6	T	0.000	0.938	0.937	0.001	0.000
7	R	0.000	0.938	0.936	0.002	0.000
8	T	0.000	0.938	0.931	0.007	0.000
9	L	0.000	0.938	0.925	0.013	0.000
10	L	0.000	0.938	0.924	0.014	0.000
11	R	0.000	0.938	0.924	0.014	0.000
12	P	0.000	0.938	0.899	0.038	0.000
13	F	0.000	0.938	0.742	0.196	0.000
14	I	0.000	0.938	0.662	0.275	0.000
15	S	0.000	0.938	0.626	0.311	0.001
16	T	0.000	0.938	0.569	0.365	0.004
17	N	0.000	0.938	0.519	0.410	0.009
18	F	0.000	0.938	0.187	0.741	0.010
19	A	0.000	0.938	0.079	0.849	0.010
20	S	0.000	0.938	0.047	0.876	0.015
21	L	0.000	0.938	0.006	0.911	0.021
22	S	0.000	0.938	0.004	0.889	0.045
23	L	0.000	0.938	0.001	0.870	0.067
24	T	0.000	0.938	0.001	0.749	0.188
25	A	0.005	0.933	0.001	0.647	0.286
26	T	0.001	0.932	0.001	0.492	0.439
27	T	0.003	0.929	0.000	0.242	0.686
28	T	0.001	0.928	0.000	0.192	0.735
29	A	0.026	0.902	0.000	0.048	0.854
30	S	0.058	0.845	0.000	0.020	0.824
31	A	0.098	0.746	0.000	0.009	0.737
32	T	0.359	0.387	0.000	0.003	0.384
33	A	0.038	0.349	0.000	0.002	0.347
34	T	0.237	0.111	0.000	0.001	0.110
35	T	0.019	0.093	0.000	0.001	0.092
36	T	0.020	0.072	0.000	0.000	0.071
37	R	0.024	0.048	0.000	0.000	0.048
38	T	0.000	0.048	0.000	0.000	0.048
39	I	0.009	0.040	0.000	0.000	0.039
40	M	0.000	0.040	0.000	0.000	0.039
>XP_001391838.2
pos	aa	C	S	n-reg	h-reg	c-reg
1	M	0.000	0.424	0.424	0.000	0.000
2	L	0.000	0.424	0.424	0.000	0.000
3	L	0.000	0.424	0.423	0.001	0.000
4	P	0.000	0.424	0.423	0.001	0.000
5	K	0.000	0.424	0.422	0.003	0.000
6	L	0.000	0.424	0.074	0.350	0.000
7	F	0.000	0.424	0.015	0.409	0.000
8	L	0.000	0.424	0.004	0.420	0.000
9	L	0.000	0.424	0.000	0.424	0.000
10	T	0.000	0.424	0.000	0.424	0.000
11	T	0.000	0.424	0.000	0.424	0.000
12	G	0.000	0.424	0.000	0.424	0.000
13	L	0.000	0.424	0.000	0.423	0.001
14	I	0.000	0.424	0.000	0.405	0.019
15	C	0.000	0.424	0.000	0.324	0.100
16	L	0.000	0.424	0.000	0.290	0.134
17	S	0.000	0.424	0.000	0.052	0.371
18	D	0.017	0.407	0.000	0.002	0.405
19	C	0.000	0.407	0.000	0.001	0.406
20	K	0.113	0.294	0.000	0.000	0.294
21	S	0.000	0.294	0.000	0.000	0.294
22	T	0.051	0.243	0.000	0.000	0.243
23	S	0.004	0.239	0.000	0.000	0.239
24	G	0.011	0.228	0.000	0.000	0.228
25	A	0.193	0.035	0.000	0.000	0.035
26	Y	0.027	0.007	0.000	0.000	0.007
27	T	0.000	0.007	0.000	0.000	0.007
28	S	0.002	0.006	0.000	0.000	0.006
29	S	0.000	0.006	0.000	0.000	0.006
30	Q	0.006	0.000	0.000	0.000	0.000
31	E	0.000	0.000	0.000	0.000	0.000
32	W	0.000	0.000	0.000	0.000	0.000
33	K	0.000	0.000	0.000	0.000	0.000
34	K	0.000	0.000	0.000	0.000	0.000
35	A	0.000	0.000	0.000	0.000	0.000
36	V	0.000	0.000	0.000	0.000	0.000
37	T	0.000	0.000	0.000	0.000	0.000
38	N	0.000	0.000	0.000	0.000	0.000
39	A	0.000	0.000	0.000	0.000	0.000
40	K	0.000	0.000	0.000	0.000	0.000
>XP_001391845.2
pos	aa	C	S	n-reg	h-reg	c-reg
1	M	0.000	0.961	0.961	0.000	0.000
2	R	0.000	0.961	0.961	0.000	0.000
3	A	0.000	0.961	0.950	0.011	0.000
4	L	0.000	0.961	0.932	0.028	0.000
5	F	0.000	0.961	0.923	0.037	0.000
6	A	0.000	0.961	0.902	0.058	0.000
7	I	0.000	0.961	0.886	0.075	0.000
8	H	0.000	0.961	0.883	0.077	0.000
9	R	0.000	0.961	0.865	0.096	0.000
10	L	0.000	0.961	0.032	0.929	0.000
11	L	0.000	0.961	0.002	0.959	0.000
12	C	0.000	0.961	0.000	0.960	0.001
13	L	0.000	0.961	0.000	0.960	0.001
14	L	0.000	0.961	0.000	0.954	0.007
15	A	0.000	0.961	0.000	0.940	0.020
16	V	0.000	0.960	0.000	0.931	0.029
17	F	0.000	0.960	0.000	0.906	0.054
18	S	0.000	0.960	0.000	0.128	0.833
19	E	0.008	0.952	0.000	0.032	0.921
20	T	0.000	0.952	0.000	0.004	0.948
21	N	0.005	0.947	0.000	0.001	0.947
22	A	0.000	0.947	0.000	0.000	0.947
23	L	0.650	0.297	0.000	0.000	0.297
24	A	0.001	0.296	0.000	0.000	0.296
25	L	0.256	0.040	0.000	0.000	0.040
26	R	0.003	0.036	0.000	0.000	0.036
27	S	0.000	0.036	0.000	0.000	0.036
28	Q	0.033	0.004	0.000	0.000	0.004
29	D	0.001	0.003	0.000	0.000	0.003
30	V	0.000	0.003	0.000	0.000	0.003
31	L	0.000	0.003	0.000	0.000	0.003
32	A	0.000	0.003	0.000	0.000	0.003
33	P	0.002	0.001	0.000	0.000	0.001
34	L	0.000	0.001	0.000	0.000	0.001
35	S	0.000	0.001	0.000	0.000	0.001
36	P	0.000	0.001	0.000	0.000	0.001
37	N	0.000	0.001	0.000	0.000	0.001
38	A	0.000	0.001	0.000	0.000	0.001
39	Q	0.001	0.000	0.000	0.000	0.000
40	I	0.000	0.000	0.000	0.000	0.000
>XP_001391858.1
pos	aa	C	S	n-reg	h-reg	c-reg
1	M	0.000	0.945	0.945	0.000	0.000
2	S	0.000	0.945	0.945	0.000	0.000
3	L	0.000	0.945	0.943	0.002	0.000
4	L	0.000	0.945	0.941	0.005	0.000
5	R	0.000	0.945	0.938	0.007	0.000
6	L	0.000	0.945	0.656	0.290	0.000
7	L	0.000	0.945	0.607	0.338	0.000
8	L	0.000	0.945	0.600	0.346	0.000
9	R	0.000	0.945	0.597	0.348	0.000
10	Q	0.000	0.945	0.523	0.422	0.000
11	A	0.000	0.945	0.184	0.762	0.000
12	L	0.000	0.945	0.059	0.886	0.000
13	A	0.000	0.945	0.029	0.916	0.000
14	I	0.000	0.945	0.007	0.936	0.003
15	L	0.000	0.945	0.004	0.931	0.010
16	L	0.000	0.945	0.004	0.920	0.022
17	P	0.000	0.945	0.003	0.627	0.315
18	L	0.000	0.945	0.001	0.614	0.330
19	A	0.000	0.945	0.001	0.474	0.470
20	L	0.001	0.944	0.000	0.443	0.501
21	T	0.002	0.942	0.000	0.378	0.564
22	S	0.309	0.634	0.000	0.047	0.586
23	T	0.013	0.620	0.000	0.029	0.591
24	V	0.136	0.484	0.000	0.010	0.474
25	Y	0.000	0.484	0.000	0.007	0.477
26	L	0.000	0.484	0.000	0.006	0.478
27	Y	0.401	0.083	0.000	0.005	0.079
28	L	0.000	0.083	0.000	0.004	0.079
29	Y	0.058	0.025	0.000	0.002	0.023
30	P	0.000	0.025	0.000	0.001	0.024
31	V	0.003	0.022	0.000	0.001	0.021
32	F	0.000	0.022	0.000	0.000	0.021
33	H	0.000	0.022	0.000	0.000	0.022
34	G	0.000	0.022	0.000	0.000	0.022
35	C	0.002	0.020	0.000	0.000	0.020
36	A	0.000	0.019	0.000	0.000	0.019
37	F	0.011	0.009	0.000	0.000	0.009
38	P	0.000	0.009	0.000	0.000	0.009
39	L	0.002	0.006	0.000	0.000	0.006
40	P	0.000	0.006	0.000	0.000	0.006
>XP_001391878.1
pos	aa	C	S	n-reg	h-reg	c-reg
1	M	0.000	0.960	0.960	0.000	0.000
2	L	0.000	0.960	0.960	0.000	0.000
3	F	0.000	0.960	0.957	0.002	0.000
4	R	0.000	0.960	0.955	0.005	0.000
5	S	0.000	0.960	0.834	0.126	0.000
6	L	0.000	0.960	0.367	0.593	0.000
7	L	0.000	0.960	0.138	0.822	0.000
8	S	0.000	0.960	0.107	0.853	0.000
9	T	0.000	0.960	0.071	0.889	0.000
10	A	0.000	0.960	0.033	0.927	0.000
11	V	0.000	0.960	0.000	0.960	0.000
12	L	0.000	0.960	0.000	0.960	0.000
13	A	0.000	0.960	0.000	0.931	0.029
14	V	0.000	0.960	0.000	0.911	0.049
15	S	0.000	0.960	0.000	0.798	0.162
16	L	0.001	0.959	0.000	0.706	0.253
17	C	0.001	0.958	0.000	0.472	0.486
18	T	0.040	0.918	0.000	0.324	0.594
19	D	0.012	0.906	0.000	0.001	0.905
20	N	0.000	0.906	0.000	0.000	0.906
21	A	0.000	0.906	0.000	0.000	0.906
22	S	0.026	0.880	0.000	0.000	0.880
23	A	0.012	0.869	0.000	0.000	0.869
24	A	0.731	0.137	0.000	0.000	0.137
25	K	0.135	0.003	0.000	0.000	0.003
26	H	0.000	0.003	0.000	0.000	0.003
27	G	0.000	0.003	0.000	0.000	0.003
28	R	0.002	0.001	0.000	0.000	0.001
29	F	0.000	0.001	0.000	0.000	0.001
30	G	0.000	0.001	0.000	0.000	0.001
31	Q	0.001	0.000	0.000	0.000	0.000
32	K	0.000	0.000	0.000	0.000	0.000
33	A	0.000	0.000	0.000	0.000	0.000
34	R	0.000	0.000	0.000	0.000	0.000
35	D	0.000	0.000	0.000	0.000	0.000
36	A	0.000	0.000	0.000	0.000	0.000
37	M	0.000	0.000	0.000	0.000	0.000
38	N	0.000	0.000	0.000	0.000	0.000
39	I	0.000	0.000	0.000	0.000	0.000
40	A	0.000	0.000	0.000	0.000	0.000
>XP_001391900.1
pos	aa	C	S	n-reg	h-reg	c-reg
1	M	0.000	0.999	0.999	0.000	0.000
2	V	0.000	0.999	0.999	0.000	0.000
3	P	0.000	0.999	0.999	0.000	0.000
4	I	0.000	0.999	0.999	0.000	0.000
5	N	0.000	0.999	0.999	0.000	0.000
6	Q	0.000	0.999	0.999	0.000	0.000
7	P	0.000	0.999	0.999	0.000	0.000
8	R	0.000	0.999	0.998	0.000	0.000
9	S	0.000	0.999	0.988	0.011	0.000
10	S	0.000	0.999	0.917	0.081	0.000
11	A	0.000	0.999	0.798	0.200	0.000
12	L	0.000	0.999	0.746	0.253	0.000
13	R	0.000	0.999	0.733	0.265	0.000
14	F	0.000	0.999	0.034	0.965	0.000
15	F	0.000	0.999	0.007	0.992	0.000
16	L	0.000	0.999	0.000	0.998	0.000
17	L	0.000	0.999	0.000	0.999	0.000
18	V	0.000	0.999	0.000	0.998	0.001
19	L	0.000	0.999	0.000	0.992	0.007
20	L	0.000	0.999	0.000	0.980	0.018
21	F	0.000	0.999	0.000	0.955	0.044
22	S	0.000	0.999	0.000	0.089	0.910
23	T	0.000	0.999	0.000	0.049	0.950
24	A	0.000	0.999	0.000	0.007	0.991
25	N	0.004	0.994	0.000	0.002	0.993
26	A	0.000	0.994	0.000	0.001	0.993
27	H	0.924	0.070	0.000	0.000	0.070
28	S	0.000	0.070	0.000	0.000	0.070
29	W	0.054	0.016	0.000	0.000	0.016
30	I	0.000	0.016	0.000	0.000	0.016
31	E	0.000	0.016	0.000	0.000	0.016
32	Q	0.000	0.016	0.000	0.000	0.016
33	L	0.000	0.016	0.000	0.000	0.016
34	L	0.000	0.016	0.000	0.000	0.016
35	A	0.000	0.016	0.000	0.000	0.016
36	I	0.005	0.011	0.000	0.000	0.011
37	A	0.000	0.011	0.000	0.000	0.011
38	A	0.003	0.008	0.000	0.000	0.008
39	N	0.001	0.007	0.000	0.000	0.007
40	G	0.000	0.007	0.000	0.000	0.007
>XP_001391915.2
pos	aa	C	S	n-reg	h-reg	c-reg
1	M	0.000	0.995	0.995	0.000	0.000
2	Q	0.000	0.995	0.995	0.000	0.000
3	L	0.000	0.995	0.994	0.001	0.000
4	K	0.000	0.995	0.994	0.001	0.000
5	N	0.000	0.995	0.966	0.028	0.000
6	S	0.000	0.995	0.656	0.339	0.000
7	M	0.000	0.995	0.260	0.735	0.000
8	L	0.000	0.995	0.013	0.982	0.000
9	L	0.000	0.995	0.001	0.993	0.000
10	L	0.000	0.995	0.000	0.994	0.000
11	A	0.000	0.995	0.000	0.994	0.000
12	A	0.000	0.995	0.000	0.994	0.000
13	L	0.000	0.995	0.000	0.990	0.004
14	T	0.000	0.995	0.000	0.877	0.117
15	A	0.000	0.995	0.000	0.679	0.315
16	G	0.000	0.995	0.000	0.108	0.887
17	S	0.001	0.993	0.000	0.060	0.933
18	A	0.006	0.987	0.000	0.024	0.963
19	T	0.043	0.944	0.000	0.019	0.925
20	A	0.127	0.817	0.000	0.000	0.817
21	R	0.686	0.131	0.000	0.000	0.131
22	L	0.000	0.131	0.000	0.000	0.131
23	H	0.056	0.075	0.000	0.000	0.075
24	G	0.000	0.075	0.000	0.000	0.075
25	H	0.075	0.000	0.000	0.000	0.000
26	E	0.000	0.000	0.000	0.000	0.000
27	R	0.000	0.000	0.000	0.000	0.000
28	R	0.000	0.000	0.000	0.000	0.000
29	H	0.000	0.000	0.000	0.000	0.000
30	H	0.000	0.000	0.000	0.000	0.000
31	H	0.000	0.000	0.000	0.000	0.000
32	N	0.000	0.000	0.000	0.000	0.000
33	D	0.000	0.000	0.000	0.000	0.000
34	K	0.000	0.000	0.000	0.000	0.000
35	R	0.000	0.000	0.000	0.000	0.000
36	D	0.000	0.000	0.000	0.000	0.000
37	V	0.000	0.000	0.000	0.000	0.000
38	G	0.000	0.000	0.000	0.000	0.000
39	D	0.000	0.000	0.000	0.000	0.000
40	V	0.000	0.000	0.000	0.000	0.000
>XP_001391939.2
pos	aa	C	S	n-reg	h-reg	c-reg
1	M	0.000	0.997	0.997	0.000	0.000
2	M	0.000	0.997	0.997	0.000	0.000
3	K	0.000	0.997	0.997	0.000	0.000
4	F	0.000	0.997	0.983	0.014	0.000
5	L	0.000	0.997	0.967	0.029	0.000
6	K	0.000	0.997	0.959	0.037	0.000
7	L	0.000	0.997	0.541	0.456	0.000
8	P	0.000	0.997	0.478	0.519	0.000
9	V	0.000	0.997	0.019	0.977	0.000
10	L	0.000	0.997	0.003	0.994	0.000
11	A	0.000	0.997	0.001	0.996	0.000
12	L	0.000	0.997	0.000	0.996	0.000
13	A	0.000	0.997	0.000	0.993	0.004
14	G	0.000	0.997	0.000	0.986	0.011
15	L	0.000	0.997	0.000	0.957	0.039
16	F	0.000	0.997	0.000	0.910	0.086
17	T	0.000	0.997	0.000	0.110	0.887
18	A	0.000	0.996	0.000	0.049	0.947
19	V	0.000	0.996	0.000	0.017	0.979
20	S	0.000	0.996	0.000	0.007	0.989
21	C	0.004	0.992	0.000	0.003	0.990
22	A	0.949	0.043	0.000	0.000	0.043
23	P	0.014	0.029	0.000	0.000	0.029
24	T	0.005	0.024	0.000	0.000	0.024
25	G	0.011	0.013	0.000	0.000	0.013
26	Q	0.004	0.008	0.000	0.000	0.008
27	N	0.004	0.005	0.000	0.000	0.005
28	T	0.000	0.005	0.000	0.000	0.005
29	T	0.004	0.001	0.000	0.000	0.001
30	V	0.000	0.000	0.000	0.000	0.000
31	P	0.000	0.000	0.000	0.000	0.000
32	V	0.000	0.000	0.000	0.000	0.000
33	N	0.000	0.000	0.000	0.000	0.000
34	G	0.000	0.000	0.000	0.000	0.000
35	T	0.000	0.000	0.000	0.000	0.000
36	T	0.000	0.000	0.000	0.000	0.000
37	E	0.000	0.000	0.000	0.000	0.000
38	A	0.000	0.000	0.000	0.000	0.000
39	S	0.000	0.000	0.000	0.000	0.000
40	T	0.000	0.000	0.000	0.000	0.000
>XP_001391969.1
pos	aa	C	S	n-reg	h-reg	c-reg
1	M	0.000	0.998	0.998	0.000	0.000
2	K	0.000	0.998	0.998	0.000	0.000
3	F	0.000	0.998	0.845	0.153	0.000
4	Q	0.000	0.998	0.798	0.200	0.000
5	S	0.000	0.998	0.646	0.353	0.000
6	T	0.000	0.998	0.057	0.941	0.000
7	L	0.000	0.998	0.008	0.990	0.000
8	L	0.000	0.998	0.002	0.996	0.000
9	L	0.000	0.998	0.000	0.998	0.000
10	A	0.000	0.998	0.000	0.998	0.000
11	A	0.000	0.998	0.000	0.962	0.037
12	A	0.000	0.998	0.000	0.933	0.066
13	A	0.000	0.998	0.000	0.888	0.111
14	G	0.000	0.998	0.000	0.088	0.910
15	S	0.000	0.998	0.000	0.049	0.949
16	A	0.001	0.998	0.000	0.033	0.965
17	L	0.012	0.985	0.000	0.026	0.959
18	A	0.006	0.979	0.000	0.012	0.967
19	V	0.933	0.046	0.000	0.007	0.038
20	P	0.000	0.046	0.000	0.000	0.046
21	H	0.007	0.039	0.000	0.000	0.039
22	G	0.000	0.039	0.000	0.000	0.039
23	S	0.007	0.032	0.000	0.000	0.032
24	G	0.000	0.031	0.000	0.000	0.031
25	H	0.031	0.000	0.000	0.000	0.000
26	K	0.000	0.000	0.000	0.000	0.000
27	K	0.000	0.000	0.000	0.000	0.000
28	R	0.000	0.000	0.000	0.000	0.000
29	A	0.000	0.000	0.000	0.000	0.000
30	S	0.000	0.000	0.000	0.000	0.000
31	V	0.000	0.000	0.000	0.000	0.000
32	F	0.000	0.000	0.000	0.000	0.000
33	E	0.000	0.000	0.000	0.000	0.000
34	W	0.000	0.000	0.000	0.000	0.000
35	F	0.000	0.000	0.000	0.000	0.000
36	G	0.000	0.000	0.000	0.000	0.000
37	S	0.000	0.000	0.000	0.000	0.000
38	N	0.000	0.000	0.000	0.000	0.000
39	E	0.000	0.000	0.000	0.000	0.000
40	S	0.000	0.000	0.000	0.000	0.000
>XP_001391970.1
pos	aa	C	S	n-reg	h-reg	c-reg
1	M	0.000	0.205	0.205	0.000	0.000
2	G	0.000	0.669	0.669	0.000	0.000
3	K	0.000	0.669	0.669	0.000	0.000
4	G	0.000	0.669	0.669	0.000	0.000
5	G	0.000	0.669	0.669	0.001	0.000
6	R	0.000	0.669	0.668	0.002	0.000
7	I	0.000	0.669	0.332	0.338	0.000
8	V	0.000	0.669	0.235	0.435	0.000
9	C	0.000	0.669	0.210	0.459	0.000
10	I	0.000	0.669	0.192	0.477	0.000
11	F	0.000	0.669	0.186	0.483	0.000
12	T	0.000	0.669	0.183	0.486	0.000
13	P	0.000	0.669	0.179	0.490	0.000
14	Y	0.000	0.669	0.139	0.530	0.000
15	V	0.000	0.669	0.069	0.589	0.011
16	L	0.000	0.669	0.038	0.613	0.018
17	T	0.000	0.669	0.029	0.602	0.038
18	I	0.000	0.669	0.015	0.612	0.042
19	A	0.000	0.669	0.010	0.597	0.061
20	S	0.015	0.653	0.007	0.600	0.047
21	L	0.005	0.648	0.001	0.604	0.043
22	I	0.015	0.633	0.000	0.604	0.028
23	C	0.000	0.631	0.000	0.600	0.031
24	I	0.026	0.602	0.000	0.593	0.009
25	I	0.000	0.595	0.000	0.575	0.020
26	M	0.000	0.578	0.000	0.507	0.071
27	V	0.000	0.559	0.000	0.464	0.095
28	G	0.000	0.513	0.000	0.393	0.120
29	L	0.005	0.476	0.000	0.358	0.118
30	G	0.003	0.380	0.000	0.251	0.129
31	C	0.043	0.272	0.000	0.186	0.087
32	T	0.013	0.162	0.000	0.084	0.078
33	K	0.040	0.039	0.000	0.000	0.039
34	S	0.000	0.039	0.000	0.000	0.039
35	S	0.023	0.015	0.000	0.000	0.015
36	S	0.001	0.014	0.000	0.000	0.014
37	S	0.010	0.004	0.000	0.000	0.004
38	T	0.003	0.001	0.000	0.000	0.001
39	L	0.001	0.000	0.000	0.000	0.000
40	N	0.000	0.000	0.000	0.000	0.000
>XP_001391974.1
pos	aa	C	S	n-reg	h-reg	c-reg
1	M	0.000	0.809	0.809	0.000	0.000
2	L	0.000	0.832	0.832	0.000	0.000
3	G	0.000	0.832	0.832	0.000	0.000
4	R	0.000	0.832	0.832	0.000	0.000
5	L	0.000	0.832	0.830	0.002	0.000
6	S	0.000	0.832	0.829	0.003	0.000
7	H	0.000	0.832	0.826	0.007	0.000
8	Y	0.000	0.832	0.796	0.036	0.000
9	A	0.000	0.832	0.736	0.096	0.000
10	F	0.000	0.832	0.697	0.135	0.000
11	D	0.000	0.832	0.672	0.160	0.000
12	A	0.000	0.832	0.232	0.600	0.000
13	V	0.000	0.832	0.056	0.776	0.000
14	L	0.000	0.832	0.012	0.820	0.000
15	I	0.000	0.832	0.000	0.831	0.001
16	S	0.000	0.832	0.000	0.828	0.005
17	A	0.000	0.832	0.000	0.822	0.010
18	F	0.000	0.832	0.000	0.819	0.013
19	L	0.000	0.832	0.000	0.807	0.025
20	A	0.001	0.828	0.000	0.641	0.187
21	G	0.002	0.821	0.000	0.454	0.367
22	V	0.005	0.812	0.000	0.405	0.407
23	K	0.000	0.800	0.000	0.003	0.797
24	R	0.000	0.800	0.000	0.000	0.800
25	S	0.000	0.800	0.000	0.000	0.800
26	T	0.112	0.688	0.000	0.000	0.688
27	G	0.011	0.677	0.000	0.000	0.677
28	L	0.666	0.011	0.000	0.000	0.011
29	T	0.004	0.007	0.000	0.000	0.007
30	P	0.002	0.005	0.000	0.000	0.005
31	S	0.002	0.003	0.000	0.000	0.003
32	L	0.002	0.001	0.000	0.000	0.001
33	N	0.000	0.001	0.000	0.000	0.001
34	S	0.000	0.001	0.000	0.000	0.001
35	D	0.001	0.000	0.000	0.000	0.000
36	K	0.000	0.000	0.000	0.000	0.000
37	I	0.000	0.000	0.000	0.000	0.000
38	T	0.000	0.000	0.000	0.000	0.000
39	D	0.000	0.000	0.000	0.000	0.000
40	N	0.000	0.000	0.000	0.000	0.000
>XP_001391988.2
pos	aa	C	S	n-reg	h-reg	c-reg
1	M	0.000	0.007	0.007	0.000	0.000
2	S	0.000	0.007	0.007	0.000	0.000
3	D	0.000	0.007	0.007	0.000	0.000
4	T	0.000	0.007	0.007	0.000	0.000
5	R	0.000	0.007	0.007	0.000	0.000
6	P	0.000	0.007	0.007	0.000	0.000
7	R	0.000	0.007	0.007	0.000	0.000
8	L	0.000	0.007	0.007	0.000	0.000
9	A	0.000	0.007	0.007	0.000	0.000
10	L	0.000	0.007	0.007	0.000	0.000
11	S	0.000	0.007	0.007	0.000	0.000
12	R	0.000	0.007	0.007	0.000	0.000
13	Y	0.000	0.007	0.006	0.000	0.000
14	R	0.000	0.007	0.006	0.000	0.000
15	P	0.000	0.007	0.005	0.001	0.000
16	I	0.000	0.007	0.000	0.006	0.000
17	L	0.000	0.007	0.000	0.007	0.000
18	Y	0.000	0.007	0.000	0.007	0.000
19	L	0.000	0.007	0.000	0.007	0.000
20	L	0.000	0.007	0.000	0.007	0.000
21	S	0.000	0.007	0.000	0.006	0.000
22	G	0.000	0.007	0.000	0.006	0.000
23	V	0.000	0.007	0.000	0.006	0.000
24	A	0.000	0.007	0.000	0.001	0.006
25	A	0.000	0.007	0.000	0.000	0.006
26	A	0.000	0.006	0.000	0.000	0.006
27	Y	0.000	0.006	0.000	0.000	0.006
28	A	0.000	0.006	0.000	0.000	0.006
29	I	0.006	0.000	0.000	0.000	0.000
30	V	0.000	0.000	0.000	0.000	0.000
31	Y	0.000	0.000	0.000	0.000	0.000
32	I	0.000	0.000	0.000	0.000	0.000
33	H	0.000	0.000	0.000	0.000	0.000
34	N	0.000	0.000	0.000	0.000	0.000
35	Y	0.000	0.000	0.000	0.000	0.000
36	I	0.000	0.000	0.000	0.000	0.000
37	I	0.000	0.000	0.000	0.000	0.000
38	S	0.000	0.000	0.000	0.000	0.000
39	S	0.000	0.000	0.000	0.000	0.000
40	P	0.000	0.000	0.000	0.000	0.000
>XP_001391990.1
pos	aa	C	S	n-reg	h-reg	c-reg
1	M	0.000	0.912	0.912	0.000	0.000
2	S	0.000	0.932	0.932	0.000	0.000
3	G	0.000	0.932	0.916	0.016	0.000
4	E	0.000	0.932	0.875	0.058	0.000
5	A	0.000	0.932	0.689	0.243	0.000
6	W	0.000	0.932	0.385	0.547	0.000
7	L	0.000	0.932	0.040	0.892	0.000
8	Y	0.000	0.932	0.032	0.901	0.000
9	L	0.000	0.932	0.018	0.914	0.000
10	L	0.000	0.932	0.010	0.922	0.000
11	A	0.000	0.932	0.008	0.924	0.001
12	V	0.000	0.932	0.006	0.905	0.022
13	L	0.000	0.932	0.005	0.860	0.067
14	I	0.000	0.932	0.004	0.680	0.248
15	N	0.000	0.932	0.004	0.108	0.821
16	A	0.000	0.932	0.003	0.099	0.831
17	V	0.188	0.744	0.002	0.070	0.672
18	N	0.000	0.744	0.001	0.041	0.702
19	L	0.000	0.744	0.000	0.040	0.704
20	F	0.564	0.180	0.000	0.039	0.141
21	L	0.000	0.180	0.000	0.037	0.142
22	Q	0.073	0.105	0.000	0.025	0.080
23	V	0.036	0.070	0.000	0.025	0.045
24	F	0.000	0.069	0.000	0.023	0.046
25	F	0.000	0.068	0.000	0.022	0.046
26	T	0.000	0.066	0.000	0.018	0.048
27	I	0.012	0.053	0.000	0.016	0.037
28	M	0.000	0.049	0.000	0.011	0.038
29	Y	0.000	0.045	0.000	0.006	0.038
30	S	0.000	0.041	0.000	0.002	0.039
31	D	0.030	0.009	0.000	0.000	0.008
32	L	0.000	0.009	0.000	0.000	0.008
33	E	0.003	0.005	0.000	0.000	0.005
34	C	0.000	0.005	0.000	0.000	0.005
35	D	0.005	0.001	0.000	0.000	0.000
36	Y	0.000	0.001	0.000	0.000	0.000
37	I	0.000	0.001	0.000	0.000	0.000
38	N	0.000	0.001	0.000	0.000	0.000
39	P	0.000	0.001	0.000	0.000	0.000
40	I	0.000	0.000	0.000	0.000	0.000
>XP_001391991.2
pos	aa	C	S	n-reg	h-reg	c-reg
1	M	0.000	0.233	0.233	0.000	0.000
2	R	0.000	0.233	0.233	0.000	0.000
3	L	0.000	0.233	0.231	0.002	0.000
4	P	0.000	0.233	0.228	0.005	0.000
5	S	0.000	0.233	0.217	0.016	0.000
6	S	0.000	0.233	0.174	0.059	0.000
7	L	0.000	0.233	0.096	0.137	0.000
8	Q	0.000	0.233	0.082	0.152	0.000
9	L	0.000	0.233	0.021	0.212	0.000
10	S	0.000	0.233	0.012	0.221	0.000
11	L	0.000	0.233	0.003	0.231	0.000
12	A	0.000	0.233	0.000	0.232	0.001
13	L	0.000	0.233	0.000	0.232	0.001
14	T	0.000	0.233	0.000	0.229	0.005
15	L	0.000	0.233	0.000	0.219	0.014
16	S	0.000	0.233	0.000	0.169	0.065
17	L	0.001	0.232	0.000	0.132	0.100
18	P	0.000	0.232	0.000	0.076	0.156
19	V	0.002	0.230	0.000	0.056	0.174
20	S	0.000	0.230	0.000	0.004	0.226
21	T	0.000	0.230	0.000	0.002	0.228
22	V	0.006	0.224	0.000	0.001	0.223
23	A	0.000	0.224	0.000	0.000	0.224
24	A	0.081	0.143	0.000	0.000	0.143
25	R	0.139	0.004	0.000	0.000	0.004
26	S	0.000	0.004	0.000	0.000	0.004
27	N	0.003	0.001	0.000	0.000	0.001
28	Y	0.000	0.001	0.000	0.000	0.001
29	S	0.000	0.001	0.000	0.000	0.001
30	E	0.000	0.001	0.000	0.000	0.001
31	A	0.000	0.001	0.000	0.000	0.001
32	S	0.000	0.000	0.000	0.000	0.000
33	L	0.000	0.000	0.000	0.000	0.000
34	I	0.000	0.000	0.000	0.000	0.000
35	S	0.000	0.000	0.000	0.000	0.000
36	P	0.000	0.000	0.000	0.000	0.000
37	L	0.000	0.000	0.000	0.000	0.000
38	F	0.000	0.000	0.000	0.000	0.000
39	S	0.000	0.000	0.000	0.000	0.000
40	A	0.000	0.000	0.000	0.000	0.000
>XP_001392000.2
pos	aa	C	S	n-reg	h-reg	c-reg
1	M	0.000	1.000	1.000	0.000	0.000
2	R	0.000	1.000	1.000	0.000	0.000
3	R	0.000	1.000	0.999	0.000	0.000
4	P	0.000	1.000	0.978	0.022	0.000
5	S	0.000	1.000	0.905	0.095	0.000
6	M	0.000	1.000	0.490	0.510	0.000
7	I	0.000	1.000	0.054	0.946	0.000
8	L	0.000	1.000	0.012	0.987	0.000
9	L	0.000	1.000	0.002	0.997	0.000
10	L	0.000	1.000	0.000	1.000	0.000
11	A	0.000	1.000	0.000	1.000	0.000
12	L	0.000	1.000	0.000	0.999	0.000
13	I	0.000	1.000	0.000	0.998	0.002
14	A	0.000	1.000	0.000	0.889	0.111
15	S	0.000	1.000	0.000	0.572	0.428
16	T	0.000	1.000	0.000	0.484	0.516
17	V	0.003	0.997	0.000	0.423	0.574
18	S	0.000	0.997	0.000	0.023	0.974
19	P	0.002	0.995	0.000	0.003	0.993
20	T	0.043	0.953	0.000	0.000	0.953
21	Q	0.011	0.942	0.000	0.000	0.942
22	A	0.000	0.942	0.000	0.000	0.942
23	F	0.821	0.121	0.000	0.000	0.121
24	G	0.000	0.121	0.000	0.000	0.121
25	L	0.116	0.004	0.000	0.000	0.004
26	L	0.000	0.004	0.000	0.000	0.004
27	L	0.001	0.004	0.000	0.000	0.004
28	R	0.000	0.004	0.000	0.000	0.004
29	S	0.000	0.004	0.000	0.000	0.004
30	S	0.001	0.003	0.000	0.000	0.003
31	D	0.001	0.002	0.000	0.000	0.002
32	S	0.000	0.002	0.000	0.000	0.002
33	C	0.002	0.000	0.000	0.000	0.000
34	P	0.000	0.000	0.000	0.000	0.000
35	S	0.000	0.000	0.000	0.000	0.000
36	N	0.000	0.000	0.000	0.000	0.000
37	Y	0.000	0.000	0.000	0.000	0.000
38	N	0.000	0.000	0.000	0.000	0.000
39	K	0.000	0.000	0.000	0.000	0.000
40	C	0.000	0.000	0.000	0.000	0.000
>XP_001392008.2
pos	aa	C	S	n-reg	h-reg	c-reg
1	M	0.000	0.926	0.926	0.000	0.000
2	P	0.000	0.926	0.926	0.000	0.000
3	L	0.000	0.926	0.922	0.004	0.000
4	V	0.000	0.926	0.922	0.004	0.000
5	L	0.000	0.926	0.922	0.004	0.000
6	Y	0.000	0.926	0.922	0.004	0.000
7	N	0.000	0.926	0.922	0.004	0.000
8	F	0.000	0.926	0.922	0.005	0.000
9	I	0.000	0.926	0.921	0.005	0.000
10	T	0.000	0.926	0.921	0.005	0.000
11	M	0.000	0.926	0.921	0.003	0.003
12	H	0.000	0.926	0.920	0.002	0.004
13	Q	0.000	0.926	0.917	0.005	0.004
14	R	0.000	0.926	0.904	0.018	0.004
15	A	0.000	0.926	0.074	0.848	0.004
16	L	0.000	0.926	0.010	0.912	0.004
17	L	0.000	0.926	0.001	0.921	0.004
18	F	0.000	0.926	0.000	0.922	0.004
19	S	0.000	0.926	0.000	0.922	0.005
20	A	0.000	0.926	0.000	0.921	0.005
21	L	0.000	0.926	0.000	0.921	0.005
22	L	0.000	0.926	0.000	0.920	0.006
23	T	0.000	0.926	0.000	0.150	0.776
24	A	0.000	0.926	0.000	0.100	0.826
25	V	0.000	0.926	0.000	0.060	0.866
26	R	0.000	0.926	0.000	0.010	0.916
27	A	0.000	0.926	0.000	0.003	0.923
28	Q	0.838	0.088	0.000	0.000	0.088
29	Q	0.001	0.087	0.000	0.000	0.087
30	A	0.020	0.067	0.000	0.000	0.067
31	G	0.022	0.045	0.000	0.000	0.045
32	T	0.001	0.044	0.000	0.000	0.044
33	L	0.006	0.039	0.000	0.000	0.039
34	T	0.001	0.038	0.000	0.000	0.038
35	E	0.037	0.001	0.000	0.000	0.001
36	E	0.000	0.001	0.000	0.000	0.001
37	V	0.000	0.001	0.000	0.000	0.001
38	H	0.000	0.001	0.000	0.000	0.001
39	P	0.000	0.001	0.000	0.000	0.001
40	S	0.000	0.001	0.000	0.000	0.001
>XP_001392010.2
pos	aa	C	S	n-reg	h-reg	c-reg
1	M	0.000	0.198	0.198	0.000	0.000
2	L	0.000	0.198	0.198	0.000	0.000
3	R	0.000	0.198	0.198	0.000	0.000
4	I	0.000	0.198	0.198	0.000	0.000
5	V	0.000	0.198	0.198	0.000	0.000
6	T	0.000	0.198	0.198	0.000	0.000
7	A	0.000	0.198	0.197	0.001	0.000
8	R	0.000	0.198	0.197	0.001	0.000
9	A	0.000	0.198	0.186	0.012	0.000
10	E	0.000	0.198	0.176	0.022	0.000
11	L	0.000	0.198	0.080	0.118	0.000
12	V	0.000	0.198	0.063	0.135	0.000
13	D	0.000	0.198	0.059	0.139	0.000
14	L	0.000	0.198	0.005	0.193	0.000
15	A	0.000	0.198	0.002	0.195	0.000
16	I	0.000	0.198	0.000	0.198	0.000
17	L	0.000	0.198	0.000	0.197	0.001
18	L	0.000	0.198	0.000	0.195	0.003
19	H	0.000	0.198	0.000	0.169	0.029
20	S	0.000	0.198	0.000	0.134	0.064
21	L	0.000	0.198	0.000	0.107	0.090
22	E	0.000	0.198	0.000	0.020	0.178
23	I	0.000	0.198	0.000	0.017	0.181
24	Q	0.000	0.198	0.000	0.001	0.197
25	T	0.000	0.197	0.000	0.000	0.197
26	V	0.001	0.197	0.000	0.000	0.197
27	L	0.000	0.197	0.000	0.000	0.197
28	A	0.000	0.196	0.000	0.000	0.196
29	A	0.193	0.004	0.000	0.000	0.004
30	G	0.002	0.001	0.000	0.000	0.001
31	K	0.001	0.000	0.000	0.000	0.000
32	S	0.000	0.000	0.000	0.000	0.000
33	N	0.000	0.000	0.000	0.000	0.000
34	I	0.000	0.000	0.000	0.000	0.000
35	R	0.000	0.000	0.000	0.000	0.000
36	N	0.000	0.000	0.000	0.000	0.000
37	D	0.000	0.000	0.000	0.000	0.000
38	N	0.000	0.000	0.000	0.000	0.000
39	K	0.000	0.000	0.000	0.000	0.000
40	R	0.000	0.000	0.000	0.000	0.000
>XP_001392046.2
pos	aa	C	S	n-reg	h-reg	c-reg
1	M	0.000	0.460	0.460	0.000	0.000
2	F	0.000	0.969	0.969	0.000	0.000
3	C	0.000	0.969	0.906	0.063	0.000
4	L	0.000	0.969	0.879	0.090	0.000
5	R	0.000	0.969	0.873	0.096	0.000
6	S	0.000	0.969	0.619	0.350	0.000
7	W	0.000	0.969	0.570	0.399	0.000
8	L	0.000	0.969	0.566	0.403	0.000
9	P	0.000	0.969	0.565	0.404	0.000
10	L	0.000	0.969	0.563	0.406	0.000
11	L	0.000	0.969	0.562	0.405	0.002
12	F	0.000	0.969	0.562	0.400	0.008
13	I	0.000	0.969	0.561	0.348	0.060
14	P	0.000	0.969	0.561	0.080	0.328
15	T	0.000	0.969	0.561	0.015	0.394
16	N	0.000	0.969	0.560	0.008	0.401
17	A	0.000	0.969	0.549	0.018	0.402
18	S	0.363	0.606	0.542	0.024	0.040
19	P	0.001	0.605	0.528	0.038	0.039
20	L	0.029	0.576	0.416	0.149	0.010
21	F	0.002	0.574	0.379	0.186	0.008
22	I	0.000	0.574	0.376	0.190	0.009
23	I	0.000	0.574	0.375	0.190	0.009
24	S	0.000	0.574	0.375	0.189	0.009
25	F	0.007	0.567	0.375	0.189	0.003
26	V	0.000	0.567	0.375	0.188	0.004
27	T	0.000	0.566	0.375	0.187	0.005
28	L	0.000	0.566	0.375	0.186	0.006
29	T	0.001	0.564	0.375	0.183	0.005
30	Y	0.003	0.559	0.375	0.181	0.003
31	I	0.000	0.556	0.375	0.177	0.004
32	L	0.000	0.526	0.375	0.139	0.013
33	H	0.000	0.412	0.375	0.018	0.019
34	R	0.000	0.394	0.375	0.000	0.019
35	P	0.000	0.394	0.352	0.022	0.019
36	C	0.001	0.394	0.166	0.209	0.019
37	I	0.001	0.392	0.050	0.325	0.018
38	Y	0.000	0.392	0.028	0.346	0.018
39	C	0.000	0.392	0.014	0.361	0.018
40	S	0.012	0.381	0.007	0.367	0.006
>XP_001392048.1
pos	aa	C	S	n-reg	h-reg	c-reg
1	M	0.000	0.008	0.008	0.000	0.000
2	P	0.000	0.009	0.009	0.000	0.000
3	T	0.000	0.009	0.008	0.001	0.000
4	L	0.000	0.009	0.006	0.003	0.000
5	S	0.000	0.009	0.005	0.004	0.000
6	L	0.000	0.009	0.004	0.005	0.000
7	I	0.000	0.009	0.004	0.005	0.000
8	N	0.000	0.009	0.004	0.005	0.000
9	F	0.000	0.009	0.003	0.006	0.000
10	N	0.000	0.009	0.003	0.006	0.000
11	I	0.000	0.009	0.001	0.008	0.000
12	V	0.000	0.009	0.000	0.008	0.000
13	C	0.000	0.009	0.000	0.007	0.002
14	A	0.000	0.009	0.000	0.006	0.003
15	T	0.000	0.009	0.000	0.005	0.004
16	L	0.000	0.009	0.000	0.005	0.004
17	G	0.000	0.009	0.000	0.004	0.005
18	G	0.002	0.006	0.000	0.004	0.003
19	F	0.001	0.005	0.000	0.004	0.002
20	I	0.000	0.005	0.000	0.002	0.003
21	S	0.000	0.005	0.000	0.001	0.004
22	V	0.000	0.005	0.000	0.001	0.004
23	F	0.000	0.005	0.000	0.001	0.005
24	G	0.000	0.005	0.000	0.001	0.005
25	L	0.004	0.001	0.000	0.001	0.001
26	V	0.000	0.001	0.000	0.001	0.001
27	S	0.000	0.001	0.000	0.000	0.001
28	Y	0.000	0.001	0.000	0.000	0.000
29	L	0.000	0.001	0.000	0.000	0.000
30	F	0.000	0.000	0.000	0.000	0.000
31	K	0.000	0.000	0.000	0.000	0.000
32	E	0.000	0.000	0.000	0.000	0.000
33	R	0.000	0.000	0.000	0.000	0.000
34	F	0.000	0.000	0.000	0.000	0.000
35	Y	0.000	0.000	0.000	0.000	0.000
36	L	0.000	0.000	0.000	0.000	0.000
37	S	0.000	0.000	0.000	0.000	0.000
38	E	0.000	0.000	0.000	0.000	0.000
39	A	0.000	0.000	0.000	0.000	0.000
40	L	0.000	0.000	0.000	0.000	0.000
>XP_001392050.2
pos	aa	C	S	n-reg	h-reg	c-reg
1	M	0.000	0.910	0.910	0.000	0.000
2	K	0.000	0.910	0.910	0.000	0.000
3	V	0.000	0.910	0.610	0.300	0.000
4	L	0.000	0.910	0.298	0.612	0.000
5	S	0.000	0.910	0.232	0.678	0.000
6	F	0.000	0.910	0.072	0.838	0.000
7	I	0.000	0.910	0.016	0.894	0.000
8	V	0.000	0.910	0.002	0.908	0.000
9	A	0.000	0.910	0.001	0.909	0.000
10	A	0.000	0.910	0.000	0.910	0.000
11	A	0.000	0.910	0.000	0.904	0.006
12	L	0.000	0.910	0.000	0.893	0.017
13	L	0.000	0.910	0.000	0.854	0.056
14	G	0.000	0.910	0.000	0.556	0.354
15	L	0.000	0.910	0.000	0.486	0.424
16	T	0.000	0.910	0.000	0.041	0.869
17	G	0.002	0.908	0.000	0.024	0.884
18	A	0.020	0.888	0.000	0.002	0.886
19	S	0.238	0.650	0.000	0.000	0.649
20	S	0.019	0.631	0.000	0.000	0.631
21	N	0.549	0.082	0.000	0.000	0.082
22	S	0.000	0.082	0.000	0.000	0.082
23	S	0.071	0.011	0.000	0.000	0.011
24	P	0.001	0.011	0.000	0.000	0.011
25	G	0.002	0.009	0.000	0.000	0.009
26	L	0.001	0.008	0.000	0.000	0.008
27	L	0.000	0.008	0.000	0.000	0.008
28	K	0.002	0.006	0.000	0.000	0.006
29	S	0.000	0.006	0.000	0.000	0.006
30	D	0.004	0.002	0.000	0.000	0.002
31	G	0.000	0.002	0.000	0.000	0.002
32	V	0.000	0.002	0.000	0.000	0.002
33	V	0.000	0.002	0.000	0.000	0.002
34	L	0.000	0.002	0.000	0.000	0.002
35	G	0.000	0.002	0.000	0.000	0.002
36	D	0.002	0.000	0.000	0.000	0.000
37	W	0.000	0.000	0.000	0.000	0.000
38	E	0.000	0.000	0.000	0.000	0.000
39	S	0.000	0.000	0.000	0.000	0.000
40	A	0.000	0.000	0.000	0.000	0.000
>XP_001392054.2
pos	aa	C	S	n-reg	h-reg	c-reg
1	M	0.000	0.567	0.567	0.000	0.000
2	I	0.000	0.695	0.695	0.000	0.000
3	I	0.000	0.695	0.694	0.001	0.000
4	S	0.000	0.695	0.694	0.001	0.000
5	F	0.000	0.695	0.694	0.001	0.000
6	L	0.000	0.695	0.694	0.001	0.000
7	L	0.000	0.695	0.694	0.001	0.000
8	R	0.000	0.695	0.694	0.001	0.000
9	C	0.000	0.695	0.694	0.001	0.000
10	H	0.000	0.695	0.694	0.001	0.000
11	D	0.000	0.695	0.694	0.000	0.001
12	S	0.000	0.695	0.694	0.000	0.001
13	T	0.000	0.695	0.693	0.001	0.001
14	W	0.000	0.695	0.692	0.002	0.001
15	A	0.000	0.695	0.692	0.002	0.001
16	F	0.001	0.694	0.692	0.002	0.000
17	L	0.000	0.694	0.691	0.003	0.000
18	H	0.000	0.694	0.691	0.003	0.000
19	A	0.000	0.694	0.691	0.003	0.000
20	V	0.000	0.694	0.691	0.003	0.000
21	I	0.000	0.694	0.691	0.003	0.000
22	L	0.000	0.694	0.691	0.002	0.000
23	N	0.000	0.694	0.691	0.001	0.001
24	I	0.000	0.694	0.691	0.001	0.002
25	P	0.000	0.694	0.691	0.000	0.002
26	P	0.000	0.694	0.691	0.000	0.002
27	S	0.000	0.694	0.691	0.000	0.003
28	R	0.000	0.694	0.691	0.000	0.003
29	L	0.000	0.694	0.656	0.036	0.003
30	Y	0.002	0.692	0.641	0.051	0.001
31	I	0.000	0.692	0.626	0.065	0.001
32	F	0.000	0.692	0.621	0.071	0.001
33	P	0.000	0.692	0.618	0.073	0.001
34	T	0.000	0.692	0.595	0.096	0.001
35	L	0.000	0.692	0.565	0.126	0.001
36	A	0.000	0.692	0.548	0.143	0.001
37	G	0.000	0.692	0.529	0.162	0.001
38	T	0.000	0.692	0.468	0.223	0.001
39	V	0.000	0.692	0.249	0.441	0.001
40	W	0.000	0.692	0.158	0.532	0.002
>XP_001392059.1
pos	aa	C	S	n-reg	h-reg	c-reg
1	M	0.000	0.050	0.050	0.000	0.000
2	A	0.000	0.051	0.051	0.000	0.000
3	V	0.000	0.051	0.051	0.000	0.000
4	A	0.000	0.051	0.051	0.000	0.000
5	A	0.000	0.051	0.051	0.000	0.000
6	D	0.000	0.051	0.051	0.000	0.000
7	Q	0.000	0.051	0.051	0.000	0.000
8	R	0.000	0.051	0.051	0.000	0.000
9	K	0.000	0.051	0.051	0.000	0.000
10	K	0.000	0.051	0.051	0.000	0.000
11	I	0.000	0.051	0.049	0.002	0.000
12	L	0.000	0.051	0.048	0.002	0.000
13	K	0.000	0.051	0.048	0.002	0.000
14	V	0.000	0.051	0.036	0.015	0.000
15	L	0.000	0.051	0.031	0.020	0.000
16	M	0.000	0.051	0.030	0.021	0.000
17	T	0.000	0.051	0.029	0.022	0.000
18	S	0.000	0.051	0.026	0.025	0.000
19	L	0.000	0.051	0.013	0.037	0.000
20	L	0.000	0.051	0.011	0.040	0.000
21	L	0.000	0.051	0.010	0.040	0.001
22	D	0.000	0.051	0.010	0.034	0.008
23	L	0.000	0.051	0.002	0.039	0.009
24	I	0.000	0.051	0.001	0.039	0.011
25	S	0.000	0.051	0.001	0.035	0.014
26	F	0.001	0.050	0.000	0.034	0.016
27	T	0.000	0.050	0.000	0.028	0.021
28	F	0.009	0.041	0.000	0.028	0.013
29	I	0.000	0.041	0.000	0.027	0.014
30	L	0.000	0.041	0.000	0.022	0.019
31	P	0.000	0.041	0.000	0.010	0.031
32	L	0.009	0.032	0.000	0.009	0.023
33	F	0.000	0.032	0.000	0.008	0.024
34	P	0.000	0.032	0.000	0.001	0.031
35	S	0.006	0.026	0.000	0.000	0.026
36	L	0.001	0.025	0.000	0.000	0.025
37	L	0.000	0.025	0.000	0.000	0.025
38	T	0.003	0.022	0.000	0.000	0.022
39	F	0.022	0.001	0.000	0.000	0.000
40	Y	0.000	0.000	0.000	0.000	0.000
>XP_001392081.1
pos	aa	C	S	n-reg	h-reg	c-reg
1	M	0.000	1.000	1.000	0.000	0.000
2	K	0.000	1.000	1.000	0.000	0.000
3	L	0.000	1.000	0.560	0.439	0.000
4	S	0.000	1.000	0.480	0.519	0.000
5	A	0.000	1.000	0.356	0.644	0.000
6	T	0.000	1.000	0.102	0.897	0.000
7	A	0.000	1.000	0.046	0.954	0.000
8	T	0.000	1.000	0.021	0.978	0.000
9	V	0.000	1.000	0.007	0.992	0.000
10	L	0.000	1.000	0.002	0.998	0.000
11	G	0.000	1.000	0.001	0.978	0.020
12	L	0.000	1.000	0.001	0.973	0.026
13	L	0.000	1.000	0.000	0.955	0.044
14	P	0.000	1.000	0.000	0.180	0.819
15	L	0.000	1.000	0.000	0.165	0.834
16	A	0.000	1.000	0.000	0.078	0.922
17	L	0.000	0.999	0.000	0.067	0.932
18	A	0.000	0.999	0.000	0.026	0.973
19	E	0.830	0.169	0.000	0.004	0.165
20	S	0.000	0.169	0.000	0.002	0.167
21	I	0.102	0.066	0.000	0.002	0.065
22	L	0.000	0.066	0.000	0.001	0.065
23	V	0.011	0.055	0.000	0.001	0.054
24	T	0.000	0.055	0.000	0.000	0.055
25	F	0.014	0.041	0.000	0.000	0.041
26	P	0.000	0.041	0.000	0.000	0.041
27	S	0.038	0.003	0.000	0.000	0.003
28	G	0.000	0.003	0.000	0.000	0.003
29	T	0.001	0.002	0.000	0.000	0.002
30	P	0.000	0.002	0.000	0.000	0.002
31	D	0.002	0.000	0.000	0.000	0.000
32	S	0.000	0.000	0.000	0.000	0.000
33	V	0.000	0.000	0.000	0.000	0.000
34	V	0.000	0.000	0.000	0.000	0.000
35	D	0.000	0.000	0.000	0.000	0.000
36	Q	0.000	0.000	0.000	0.000	0.000
37	A	0.000	0.000	0.000	0.000	0.000
38	K	0.000	0.000	0.000	0.000	0.000
39	Q	0.000	0.000	0.000	0.000	0.000
40	S	0.000	0.000	0.000	0.000	0.000
