>XP_001398851.2
pos	aa	C	S	n-reg	h-reg	c-reg
1	M	0.000	0.989	0.989	0.000	0.000
2	W	0.000	0.989	0.989	0.000	0.000
3	S	0.000	0.989	0.989	0.000	0.000
4	S	0.000	0.989	0.989	0.000	0.000
5	T	0.000	0.989	0.988	0.001	0.000
6	P	0.000	0.989	0.986	0.003	0.000
7	R	0.000	0.989	0.974	0.015	0.000
8	L	0.000	0.989	0.251	0.737	0.000
9	L	0.000	0.989	0.040	0.948	0.000
10	L	0.000	0.989	0.015	0.974	0.000
11	G	0.000	0.989	0.010	0.979	0.000
12	L	0.000	0.989	0.000	0.989	0.000
13	C	0.000	0.989	0.000	0.989	0.000
14	G	0.000	0.989	0.000	0.989	0.000
15	L	0.000	0.989	0.000	0.988	0.000
16	L	0.000	0.989	0.000	0.951	0.038
17	C	0.000	0.989	0.000	0.812	0.177
18	A	0.000	0.989	0.000	0.726	0.263
19	V	0.000	0.989	0.000	0.591	0.397
20	G	0.000	0.989	0.000	0.007	0.982
21	S	0.001	0.988	0.000	0.000	0.987
22	A	0.008	0.979	0.000	0.000	0.979
23	S	0.029	0.950	0.000	0.000	0.950
24	A	0.104	0.847	0.000	0.000	0.847
25	D	0.847	0.000	0.000	0.000	0.000
26	V	0.000	0.000	0.000	0.000	0.000
27	D	0.000	0.000	0.000	0.000	0.000
28	F	0.000	0.000	0.000	0.000	0.000
29	M	0.000	0.000	0.000	0.000	0.000
30	S	0.000	0.000	0.000	0.000	0.000
31	V	0.000	0.000	0.000	0.000	0.000
32	R	0.000	0.000	0.000	0.000	0.000
33	P	0.000	0.000	0.000	0.000	0.000
34	D	0.000	0.000	0.000	0.000	0.000
35	M	0.000	0.000	0.000	0.000	0.000
36	V	0.000	0.000	0.000	0.000	0.000
37	K	0.000	0.000	0.000	0.000	0.000
38	D	0.000	0.000	0.000	0.000	0.000
39	Y	0.000	0.000	0.000	0.000	0.000
40	S	0.000	0.000	0.000	0.000	0.000
>XP_001398857.2
pos	aa	C	S	n-reg	h-reg	c-reg
1	M	0.000	0.038	0.038	0.000	0.000
2	L	0.000	0.039	0.039	0.000	0.000
3	E	0.000	0.039	0.039	0.000	0.000
4	K	0.000	0.039	0.039	0.000	0.000
5	P	0.000	0.039	0.039	0.000	0.000
6	A	0.000	0.039	0.038	0.000	0.000
7	R	0.000	0.039	0.038	0.000	0.000
8	L	0.000	0.038	0.037	0.001	0.000
9	P	0.000	0.039	0.037	0.002	0.000
10	V	0.000	0.039	0.036	0.003	0.000
11	R	0.000	0.039	0.035	0.003	0.000
12	Q	0.000	0.039	0.016	0.022	0.000
13	L	0.000	0.039	0.002	0.036	0.000
14	V	0.000	0.039	0.001	0.038	0.000
15	I	0.000	0.039	0.000	0.038	0.000
16	L	0.000	0.039	0.000	0.038	0.000
17	S	0.000	0.039	0.000	0.038	0.000
18	I	0.000	0.039	0.000	0.038	0.001
19	C	0.000	0.039	0.000	0.037	0.001
20	R	0.000	0.038	0.000	0.019	0.020
21	F	0.000	0.038	0.000	0.012	0.026
22	A	0.000	0.038	0.000	0.007	0.031
23	E	0.003	0.035	0.000	0.003	0.032
24	P	0.000	0.035	0.000	0.000	0.035
25	V	0.007	0.028	0.000	0.000	0.028
26	V	0.000	0.028	0.000	0.000	0.028
27	L	0.000	0.028	0.000	0.000	0.028
28	T	0.003	0.025	0.000	0.000	0.025
29	S	0.024	0.002	0.000	0.000	0.001
30	V	0.001	0.000	0.000	0.000	0.000
31	L	0.000	0.000	0.000	0.000	0.000
32	P	0.000	0.000	0.000	0.000	0.000
33	Y	0.000	0.000	0.000	0.000	0.000
34	L	0.000	0.000	0.000	0.000	0.000
35	P	0.000	0.000	0.000	0.000	0.000
36	E	0.000	0.000	0.000	0.000	0.000
37	M	0.000	0.000	0.000	0.000	0.000
38	I	0.000	0.000	0.000	0.000	0.000
39	D	0.000	0.000	0.000	0.000	0.000
40	H	0.000	0.000	0.000	0.000	0.000
>XP_001398858.1
pos	aa	C	S	n-reg	h-reg	c-reg
1	M	0.000	0.958	0.958	0.000	0.000
2	S	0.000	0.994	0.994	0.000	0.000
3	T	0.000	0.994	0.992	0.001	0.000
4	T	0.000	0.994	0.990	0.004	0.000
5	T	0.000	0.994	0.989	0.005	0.000
6	K	0.000	0.994	0.983	0.011	0.000
7	T	0.000	0.994	0.419	0.575	0.000
8	A	0.000	0.994	0.263	0.731	0.000
9	L	0.000	0.994	0.113	0.881	0.000
10	L	0.000	0.994	0.044	0.949	0.000
11	L	0.000	0.994	0.033	0.961	0.000
12	T	0.000	0.994	0.031	0.962	0.000
13	L	0.000	0.994	0.029	0.964	0.000
14	L	0.000	0.994	0.029	0.961	0.004
15	T	0.000	0.994	0.029	0.646	0.319
16	S	0.000	0.994	0.029	0.554	0.411
17	I	0.000	0.994	0.029	0.510	0.455
18	G	0.000	0.994	0.029	0.203	0.762
19	G	0.081	0.912	0.029	0.137	0.746
20	I	0.138	0.773	0.029	0.118	0.627
21	T	0.000	0.772	0.029	0.077	0.666
22	G	0.035	0.735	0.029	0.007	0.700
23	Y	0.461	0.273	0.029	0.005	0.240
24	L	0.000	0.272	0.029	0.003	0.240
25	R	0.004	0.265	0.029	0.000	0.236
26	A	0.000	0.265	0.029	0.000	0.236
27	R	0.210	0.055	0.029	0.000	0.026
28	S	0.000	0.055	0.028	0.000	0.026
29	L	0.018	0.037	0.027	0.002	0.008
30	P	0.000	0.037	0.027	0.002	0.008
31	S	0.001	0.036	0.023	0.005	0.008
32	L	0.000	0.036	0.015	0.014	0.008
33	I	0.000	0.036	0.012	0.017	0.008
34	A	0.000	0.036	0.011	0.017	0.008
35	G	0.000	0.036	0.011	0.018	0.007
36	L	0.006	0.030	0.010	0.019	0.001
37	S	0.000	0.030	0.010	0.019	0.001
38	V	0.000	0.030	0.010	0.019	0.001
39	S	0.000	0.030	0.010	0.019	0.001
40	F	0.000	0.030	0.010	0.019	0.001
>XP_001398865.1
pos	aa	C	S	n-reg	h-reg	c-reg
1	M	0.000	0.999	0.999	0.000	0.000
2	R	0.000	0.999	0.999	0.000	0.000
3	F	0.000	0.999	0.760	0.239	0.000
4	F	0.000	0.999	0.512	0.488	0.000
5	T	0.000	0.999	0.409	0.590	0.000
6	T	0.000	0.999	0.235	0.764	0.000
7	A	0.000	0.999	0.087	0.912	0.000
8	L	0.000	0.999	0.004	0.995	0.000
9	V	0.000	0.999	0.001	0.999	0.000
10	S	0.000	0.999	0.000	0.999	0.000
11	A	0.000	0.999	0.000	0.980	0.020
12	L	0.000	0.999	0.000	0.955	0.044
13	A	0.000	0.999	0.000	0.895	0.104
14	A	0.000	0.999	0.000	0.646	0.353
15	L	0.000	0.999	0.000	0.592	0.407
16	A	0.001	0.999	0.000	0.067	0.932
17	S	0.016	0.982	0.000	0.032	0.950
18	A	0.010	0.972	0.000	0.002	0.970
19	Y	0.303	0.669	0.000	0.000	0.668
20	T	0.000	0.669	0.000	0.000	0.669
21	Q	0.621	0.048	0.000	0.000	0.048
22	P	0.000	0.048	0.000	0.000	0.048
23	D	0.045	0.003	0.000	0.000	0.003
24	Y	0.000	0.003	0.000	0.000	0.003
25	S	0.000	0.003	0.000	0.000	0.003
26	Q	0.003	0.000	0.000	0.000	0.000
27	N	0.000	0.000	0.000	0.000	0.000
28	P	0.000	0.000	0.000	0.000	0.000
29	T	0.000	0.000	0.000	0.000	0.000
30	G	0.000	0.000	0.000	0.000	0.000
31	N	0.000	0.000	0.000	0.000	0.000
32	A	0.000	0.000	0.000	0.000	0.000
33	I	0.000	0.000	0.000	0.000	0.000
34	L	0.000	0.000	0.000	0.000	0.000
35	T	0.000	0.000	0.000	0.000	0.000
36	P	0.000	0.000	0.000	0.000	0.000
37	E	0.000	0.000	0.000	0.000	0.000
38	L	0.000	0.000	0.000	0.000	0.000
39	N	0.000	0.000	0.000	0.000	0.000
40	Q	0.000	0.000	0.000	0.000	0.000
>XP_001398868.1
pos	aa	C	S	n-reg	h-reg	c-reg
1	M	0.000	0.999	0.999	0.000	0.000
2	F	0.000	0.999	0.999	0.000	0.000
3	V	0.000	0.999	0.999	0.000	0.000
4	E	0.000	0.999	0.999	0.000	0.000
5	S	0.000	0.999	0.999	0.000	0.000
6	A	0.000	0.999	0.999	0.000	0.000
7	K	0.000	0.999	0.998	0.000	0.000
8	K	0.000	0.999	0.994	0.005	0.000
9	A	0.000	0.999	0.438	0.561	0.000
10	L	0.000	0.999	0.010	0.989	0.000
11	L	0.000	0.999	0.001	0.998	0.000
12	A	0.000	0.999	0.000	0.999	0.000
13	L	0.000	0.999	0.000	0.999	0.000
14	S	0.000	0.999	0.000	0.999	0.000
15	L	0.000	0.999	0.000	0.999	0.000
16	L	0.000	0.999	0.000	0.997	0.002
17	A	0.000	0.999	0.000	0.862	0.137
18	A	0.000	0.999	0.000	0.077	0.921
19	S	0.000	0.999	0.000	0.027	0.972
20	A	0.001	0.998	0.000	0.001	0.997
21	Q	0.084	0.913	0.000	0.000	0.913
22	A	0.010	0.903	0.000	0.000	0.903
23	V	0.892	0.011	0.000	0.000	0.011
24	P	0.000	0.011	0.000	0.000	0.011
25	R	0.011	0.000	0.000	0.000	0.000
26	V	0.000	0.000	0.000	0.000	0.000
27	R	0.000	0.000	0.000	0.000	0.000
28	R	0.000	0.000	0.000	0.000	0.000
29	Q	0.000	0.000	0.000	0.000	0.000
30	G	0.000	0.000	0.000	0.000	0.000
31	A	0.000	0.000	0.000	0.000	0.000
32	S	0.000	0.000	0.000	0.000	0.000
33	S	0.000	0.000	0.000	0.000	0.000
34	S	0.000	0.000	0.000	0.000	0.000
35	F	0.000	0.000	0.000	0.000	0.000
36	D	0.000	0.000	0.000	0.000	0.000
37	Y	0.000	0.000	0.000	0.000	0.000
38	K	0.000	0.000	0.000	0.000	0.000
39	S	0.000	0.000	0.000	0.000	0.000
40	Q	0.000	0.000	0.000	0.000	0.000
>XP_001398872.1
pos	aa	C	S	n-reg	h-reg	c-reg
1	M	0.000	0.989	0.989	0.000	0.000
2	K	0.000	0.989	0.989	0.000	0.000
3	A	0.000	0.989	0.667	0.323	0.000
4	T	0.000	0.989	0.362	0.628	0.000
5	V	0.000	0.989	0.023	0.966	0.000
6	A	0.000	0.989	0.006	0.983	0.000
7	S	0.000	0.989	0.000	0.989	0.000
8	L	0.000	0.989	0.000	0.989	0.000
9	L	0.000	0.989	0.000	0.989	0.000
10	A	0.000	0.989	0.000	0.988	0.002
11	A	0.000	0.989	0.000	0.913	0.076
12	A	0.000	0.989	0.000	0.829	0.161
13	S	0.000	0.989	0.000	0.079	0.910
14	V	0.000	0.989	0.000	0.040	0.950
15	A	0.000	0.989	0.000	0.001	0.989
16	Y	0.006	0.983	0.000	0.000	0.983
17	A	0.000	0.983	0.000	0.000	0.983
18	Q	0.982	0.001	0.000	0.000	0.001
19	V	0.000	0.001	0.000	0.000	0.001
20	T	0.000	0.001	0.000	0.000	0.001
21	N	0.000	0.001	0.000	0.000	0.001
22	V	0.000	0.001	0.000	0.000	0.001
23	S	0.000	0.001	0.000	0.000	0.001
24	E	0.001	0.000	0.000	0.000	0.000
25	P	0.000	0.000	0.000	0.000	0.000
26	S	0.000	0.000	0.000	0.000	0.000
27	L	0.000	0.000	0.000	0.000	0.000
28	S	0.000	0.000	0.000	0.000	0.000
29	A	0.000	0.000	0.000	0.000	0.000
30	I	0.000	0.000	0.000	0.000	0.000
31	E	0.000	0.000	0.000	0.000	0.000
32	K	0.000	0.000	0.000	0.000	0.000
33	D	0.000	0.000	0.000	0.000	0.000
34	A	0.000	0.000	0.000	0.000	0.000
35	A	0.000	0.000	0.000	0.000	0.000
36	T	0.000	0.000	0.000	0.000	0.000
37	I	0.000	0.000	0.000	0.000	0.000
38	K	0.000	0.000	0.000	0.000	0.000
39	P	0.000	0.000	0.000	0.000	0.000
40	Y	0.000	0.000	0.000	0.000	0.000
>XP_001398903.2
pos	aa	C	S	n-reg	h-reg	c-reg
1	M	0.000	0.329	0.329	0.000	0.000
2	T	0.000	0.353	0.353	0.000	0.000
3	P	0.000	0.353	0.353	0.000	0.000
4	T	0.000	0.353	0.353	0.000	0.000
5	A	0.000	0.353	0.353	0.000	0.000
6	W	0.000	0.353	0.352	0.001	0.000
7	L	0.000	0.353	0.352	0.002	0.000
8	L	0.000	0.353	0.352	0.002	0.000
9	G	0.000	0.353	0.352	0.002	0.000
10	K	0.000	0.353	0.352	0.002	0.000
11	L	0.000	0.353	0.351	0.003	0.000
12	K	0.000	0.353	0.351	0.003	0.000
13	S	0.000	0.353	0.329	0.024	0.000
14	A	0.000	0.353	0.266	0.087	0.000
15	V	0.000	0.353	0.100	0.253	0.000
16	V	0.000	0.353	0.034	0.319	0.000
17	L	0.000	0.353	0.019	0.334	0.001
18	T	0.000	0.353	0.016	0.336	0.002
19	Y	0.000	0.353	0.010	0.342	0.002
20	G	0.000	0.353	0.006	0.345	0.002
21	L	0.000	0.353	0.002	0.348	0.003
22	G	0.000	0.353	0.002	0.346	0.005
23	G	0.001	0.351	0.000	0.334	0.017
24	L	0.000	0.351	0.000	0.318	0.033
25	L	0.000	0.351	0.000	0.297	0.054
26	F	0.001	0.349	0.000	0.260	0.089
27	Y	0.000	0.349	0.000	0.048	0.300
28	G	0.000	0.348	0.000	0.034	0.314
29	L	0.004	0.344	0.000	0.032	0.312
30	V	0.000	0.342	0.000	0.028	0.314
31	A	0.000	0.338	0.000	0.017	0.321
32	V	0.287	0.046	0.000	0.012	0.034
33	K	0.000	0.035	0.000	0.000	0.035
34	L	0.000	0.035	0.000	0.000	0.035
35	G	0.007	0.027	0.000	0.000	0.027
36	Y	0.027	0.000	0.000	0.000	0.000
37	F	0.000	0.000	0.000	0.000	0.000
38	F	0.000	0.000	0.000	0.000	0.000
39	K	0.000	0.000	0.000	0.000	0.000
40	Q	0.000	0.000	0.000	0.000	0.000
>XP_001398906.1
pos	aa	C	S	n-reg	h-reg	c-reg
1	M	0.000	0.991	0.991	0.000	0.000
2	F	0.000	0.991	0.991	0.000	0.000
3	S	0.000	0.991	0.990	0.001	0.000
4	T	0.000	0.991	0.989	0.002	0.000
5	R	0.000	0.991	0.988	0.003	0.000
6	Q	0.000	0.991	0.830	0.161	0.000
7	F	0.000	0.991	0.085	0.906	0.000
8	V	0.000	0.991	0.035	0.956	0.000
9	A	0.000	0.991	0.016	0.975	0.000
10	L	0.000	0.991	0.000	0.991	0.000
11	A	0.000	0.991	0.000	0.991	0.000
12	A	0.000	0.991	0.000	0.991	0.000
13	I	0.000	0.991	0.000	0.991	0.000
14	L	0.000	0.991	0.000	0.965	0.026
15	Q	0.000	0.991	0.000	0.409	0.582
16	A	0.000	0.991	0.000	0.352	0.639
17	A	0.000	0.991	0.000	0.319	0.671
18	T	0.000	0.991	0.000	0.012	0.979
19	Q	0.001	0.989	0.000	0.000	0.989
20	A	0.021	0.968	0.000	0.000	0.968
21	S	0.027	0.941	0.000	0.000	0.941
22	A	0.001	0.940	0.000	0.000	0.940
23	Q	0.938	0.002	0.000	0.000	0.002
24	D	0.001	0.001	0.000	0.000	0.001
25	L	0.000	0.001	0.000	0.000	0.001
26	K	0.000	0.001	0.000	0.000	0.001
27	E	0.000	0.001	0.000	0.000	0.001
28	Q	0.000	0.001	0.000	0.000	0.001
29	V	0.000	0.001	0.000	0.000	0.001
30	W	0.000	0.001	0.000	0.000	0.001
31	A	0.000	0.001	0.000	0.000	0.001
32	V	0.000	0.000	0.000	0.000	0.000
33	F	0.000	0.000	0.000	0.000	0.000
34	A	0.000	0.000	0.000	0.000	0.000
35	Y	0.000	0.000	0.000	0.000	0.000
36	T	0.000	0.000	0.000	0.000	0.000
37	L	0.000	0.000	0.000	0.000	0.000
38	Y	0.000	0.000	0.000	0.000	0.000
39	G	0.000	0.000	0.000	0.000	0.000
40	D	0.000	0.000	0.000	0.000	0.000
>XP_001398914.1
pos	aa	C	S	n-reg	h-reg	c-reg
1	M	0.000	0.029	0.029	0.000	0.000
2	P	0.000	1.000	1.000	0.000	0.000
3	R	0.000	1.000	1.000	0.000	0.000
4	L	0.000	1.000	1.000	0.000	0.000
5	H	0.000	1.000	1.000	0.000	0.000
6	P	0.000	1.000	1.000	0.000	0.000
7	T	0.000	1.000	1.000	0.000	0.000
8	T	0.000	1.000	1.000	0.000	0.000
9	I	0.000	1.000	1.000	0.000	0.000
10	L	0.000	1.000	1.000	0.000	0.000
11	L	0.000	1.000	0.999	0.000	0.000
12	F	0.000	1.000	0.999	0.000	0.000
13	P	0.000	1.000	0.999	0.000	0.000
14	L	0.000	1.000	0.999	0.000	0.000
15	R	0.000	1.000	0.999	0.000	0.000
16	V	0.000	1.000	0.999	0.000	0.000
17	L	0.000	1.000	0.999	0.000	0.000
18	T	0.000	1.000	0.999	0.000	0.000
19	I	0.000	1.000	0.999	0.000	0.000
20	P	0.000	1.000	0.999	0.000	0.000
21	F	0.000	1.000	0.999	0.000	0.000
22	T	0.000	1.000	0.999	0.000	0.000
23	T	0.000	1.000	0.999	0.000	0.000
24	L	0.000	1.000	0.999	0.000	0.000
25	I	0.000	1.000	0.999	0.000	0.000
26	A	0.000	1.000	0.999	0.000	0.000
27	R	0.000	0.999	0.999	0.000	0.000
28	I	0.000	0.999	0.999	0.000	0.000
29	P	0.000	0.999	0.999	0.000	0.000
30	I	0.000	0.999	0.999	0.000	0.000
31	L	0.000	0.999	0.999	0.000	0.000
32	R	0.000	0.999	0.999	0.000	0.000
33	S	0.000	0.999	0.999	0.000	0.000
34	R	0.000	0.999	0.999	0.000	0.000
35	H	0.000	0.999	0.999	0.000	0.000
36	R	0.000	0.999	0.999	0.000	0.000
37	R	0.000	0.999	0.999	0.000	0.000
38	T	0.000	0.999	0.999	0.000	0.000
39	R	0.000	0.999	0.999	0.000	0.000
40	T	0.000	0.999	0.731	0.268	0.000
>XP_001398925.2
pos	aa	C	S	n-reg	h-reg	c-reg
1	M	0.000	0.380	0.380	0.000	0.000
2	A	0.000	0.380	0.380	0.000	0.000
3	N	0.000	0.380	0.380	0.000	0.000
4	K	0.000	0.380	0.380	0.001	0.000
5	A	0.000	0.380	0.313	0.067	0.000
6	A	0.000	0.380	0.178	0.202	0.000
7	V	0.000	0.380	0.094	0.286	0.000
8	P	0.000	0.380	0.080	0.300	0.000
9	F	0.000	0.380	0.025	0.356	0.000
10	L	0.000	0.380	0.001	0.380	0.000
11	V	0.000	0.380	0.000	0.380	0.000
12	T	0.000	0.380	0.000	0.380	0.000
13	M	0.000	0.380	0.000	0.373	0.008
14	M	0.000	0.380	0.000	0.323	0.057
15	L	0.000	0.380	0.000	0.305	0.076
16	V	0.000	0.380	0.000	0.226	0.154
17	T	0.000	0.380	0.000	0.182	0.198
18	G	0.002	0.378	0.000	0.010	0.368
19	V	0.085	0.293	0.000	0.007	0.287
20	C	0.000	0.293	0.000	0.001	0.293
21	N	0.082	0.211	0.000	0.000	0.211
22	T	0.000	0.211	0.000	0.000	0.211
23	I	0.200	0.011	0.000	0.000	0.011
24	L	0.000	0.011	0.000	0.000	0.011
25	N	0.011	0.000	0.000	0.000	0.000
26	K	0.000	0.000	0.000	0.000	0.000
27	Y	0.000	0.000	0.000	0.000	0.000
28	Q	0.000	0.000	0.000	0.000	0.000
29	D	0.000	0.000	0.000	0.000	0.000
30	M	0.000	0.000	0.000	0.000	0.000
31	Q	0.000	0.000	0.000	0.000	0.000
32	C	0.000	0.000	0.000	0.000	0.000
33	V	0.000	0.000	0.000	0.000	0.000
34	W	0.000	0.000	0.000	0.000	0.000
35	N	0.000	0.000	0.000	0.000	0.000
36	C	0.000	0.000	0.000	0.000	0.000
37	D	0.000	0.000	0.000	0.000	0.000
38	S	0.000	0.000	0.000	0.000	0.000
39	P	0.000	0.000	0.000	0.000	0.000
40	S	0.000	0.000	0.000	0.000	0.000
>XP_001398938.2
pos	aa	C	S	n-reg	h-reg	c-reg
1	M	0.000	0.738	0.738	0.000	0.000
2	G	0.000	0.738	0.738	0.000	0.000
3	L	0.000	0.738	0.694	0.044	0.000
4	C	0.000	0.738	0.675	0.063	0.000
5	V	0.000	0.738	0.667	0.071	0.000
6	G	0.000	0.738	0.661	0.077	0.000
7	W	0.000	0.738	0.652	0.087	0.000
8	R	0.000	0.738	0.645	0.093	0.000
9	W	0.000	0.738	0.359	0.380	0.000
10	I	0.000	0.738	0.099	0.639	0.000
11	L	0.000	0.738	0.066	0.672	0.001
12	L	0.000	0.738	0.063	0.673	0.002
13	C	0.000	0.738	0.063	0.654	0.021
14	V	0.000	0.738	0.063	0.638	0.037
15	V	0.000	0.738	0.063	0.614	0.061
16	M	0.000	0.738	0.063	0.599	0.077
17	G	0.000	0.738	0.063	0.454	0.222
18	A	0.029	0.709	0.063	0.161	0.486
19	A	0.012	0.698	0.063	0.057	0.578
20	V	0.017	0.680	0.063	0.031	0.586
21	C	0.000	0.680	0.063	0.014	0.604
22	G	0.113	0.567	0.063	0.003	0.501
23	T	0.346	0.221	0.063	0.001	0.157
24	D	0.130	0.091	0.063	0.000	0.028
25	K	0.000	0.091	0.063	0.000	0.028
26	T	0.000	0.091	0.063	0.000	0.028
27	A	0.007	0.083	0.063	0.000	0.020
28	T	0.003	0.081	0.063	0.000	0.018
29	M	0.011	0.069	0.063	0.000	0.006
30	R	0.000	0.069	0.063	0.000	0.006
31	W	0.000	0.069	0.063	0.000	0.006
32	H	0.000	0.069	0.063	0.000	0.006
33	K	0.000	0.069	0.062	0.001	0.006
34	L	0.000	0.069	0.016	0.047	0.006
35	L	0.000	0.069	0.003	0.060	0.006
36	P	0.000	0.069	0.003	0.060	0.006
37	G	0.000	0.069	0.001	0.062	0.006
38	V	0.000	0.069	0.000	0.063	0.006
39	L	0.000	0.069	0.000	0.063	0.006
40	A	0.000	0.069	0.000	0.063	0.006
>XP_001398939.1
pos	aa	C	S	n-reg	h-reg	c-reg
1	M	0.000	0.997	0.997	0.000	0.000
2	Q	0.000	0.997	0.997	0.000	0.000
3	L	0.000	0.997	0.989	0.008	0.000
4	R	0.000	0.997	0.983	0.014	0.000
5	A	0.000	0.997	0.711	0.285	0.000
6	S	0.000	0.997	0.486	0.511	0.000
7	V	0.000	0.997	0.100	0.896	0.000
8	L	0.000	0.997	0.002	0.995	0.000
9	L	0.000	0.997	0.000	0.996	0.000
10	S	0.000	0.997	0.000	0.997	0.000
11	F	0.000	0.997	0.000	0.997	0.000
12	L	0.000	0.997	0.000	0.996	0.001
13	G	0.000	0.997	0.000	0.947	0.049
14	L	0.000	0.997	0.000	0.914	0.083
15	A	0.000	0.997	0.000	0.804	0.193
16	S	0.001	0.996	0.000	0.058	0.937
17	V	0.000	0.996	0.000	0.026	0.969
18	G	0.000	0.996	0.000	0.000	0.996
19	H	0.004	0.992	0.000	0.000	0.992
20	A	0.000	0.992	0.000	0.000	0.992
21	G	0.989	0.002	0.000	0.000	0.002
22	N	0.002	0.000	0.000	0.000	0.000
23	V	0.000	0.000	0.000	0.000	0.000
24	E	0.000	0.000	0.000	0.000	0.000
25	N	0.000	0.000	0.000	0.000	0.000
26	N	0.000	0.000	0.000	0.000	0.000
27	H	0.000	0.000	0.000	0.000	0.000
28	N	0.000	0.000	0.000	0.000	0.000
29	V	0.000	0.000	0.000	0.000	0.000
30	C	0.000	0.000	0.000	0.000	0.000
31	T	0.000	0.000	0.000	0.000	0.000
32	V	0.000	0.000	0.000	0.000	0.000
33	R	0.000	0.000	0.000	0.000	0.000
34	A	0.000	0.000	0.000	0.000	0.000
35	N	0.000	0.000	0.000	0.000	0.000
36	G	0.000	0.000	0.000	0.000	0.000
37	G	0.000	0.000	0.000	0.000	0.000
38	H	0.000	0.000	0.000	0.000	0.000
39	Q	0.000	0.000	0.000	0.000	0.000
40	D	0.000	0.000	0.000	0.000	0.000
>XP_001398972.2
pos	aa	C	S	n-reg	h-reg	c-reg
1	M	0.000	0.987	0.987	0.000	0.000
2	F	0.000	0.992	0.992	0.000	0.000
3	I	0.000	0.992	0.992	0.000	0.000
4	G	0.000	0.992	0.992	0.000	0.000
5	K	0.000	0.992	0.992	0.000	0.000
6	I	0.000	0.992	0.992	0.000	0.000
7	R	0.000	0.992	0.992	0.000	0.000
8	R	0.000	0.992	0.992	0.000	0.000
9	S	0.000	0.992	0.977	0.015	0.000
10	T	0.000	0.992	0.951	0.041	0.000
11	Y	0.000	0.992	0.897	0.095	0.000
12	Y	0.000	0.992	0.635	0.357	0.000
13	C	0.000	0.992	0.162	0.831	0.000
14	F	0.000	0.992	0.057	0.935	0.000
15	L	0.000	0.992	0.012	0.980	0.000
16	F	0.000	0.992	0.001	0.991	0.000
17	L	0.000	0.992	0.000	0.992	0.000
18	L	0.000	0.992	0.000	0.991	0.001
19	I	0.000	0.992	0.000	0.990	0.003
20	A	0.000	0.992	0.000	0.954	0.039
21	A	0.000	0.992	0.000	0.895	0.097
22	L	0.001	0.992	0.000	0.862	0.129
23	V	0.000	0.991	0.000	0.749	0.242
24	G	0.000	0.988	0.000	0.116	0.872
25	K	0.019	0.967	0.000	0.005	0.963
26	S	0.000	0.967	0.000	0.003	0.965
27	T	0.005	0.962	0.000	0.000	0.962
28	A	0.046	0.916	0.000	0.000	0.916
29	S	0.542	0.374	0.000	0.000	0.374
30	L	0.072	0.302	0.000	0.000	0.302
31	G	0.013	0.289	0.000	0.000	0.289
32	D	0.288	0.001	0.000	0.000	0.001
33	H	0.000	0.001	0.000	0.000	0.001
34	L	0.000	0.001	0.000	0.000	0.001
35	P	0.000	0.001	0.000	0.000	0.001
36	D	0.000	0.001	0.000	0.000	0.001
37	F	0.000	0.001	0.000	0.000	0.001
38	K	0.000	0.001	0.000	0.000	0.001
39	E	0.000	0.001	0.000	0.000	0.001
40	C	0.000	0.001	0.000	0.000	0.001
>XP_001398976.2
pos	aa	C	S	n-reg	h-reg	c-reg
1	M	0.000	0.007	0.007	0.000	0.000
2	H	0.000	0.007	0.007	0.000	0.000
3	S	0.000	0.007	0.007	0.000	0.000
4	L	0.000	0.007	0.006	0.001	0.000
5	A	0.000	0.007	0.006	0.001	0.000
6	R	0.000	0.007	0.006	0.001	0.000
7	F	0.000	0.007	0.003	0.005	0.000
8	S	0.000	0.007	0.002	0.005	0.000
9	F	0.000	0.007	0.001	0.006	0.000
10	I	0.000	0.007	0.001	0.006	0.000
11	R	0.000	0.007	0.001	0.006	0.000
12	A	0.000	0.007	0.001	0.006	0.000
13	L	0.000	0.007	0.001	0.006	0.000
14	S	0.000	0.007	0.001	0.006	0.000
15	P	0.000	0.007	0.001	0.003	0.003
16	L	0.000	0.007	0.001	0.003	0.003
17	K	0.000	0.007	0.001	0.001	0.005
18	H	0.000	0.007	0.001	0.001	0.006
19	A	0.000	0.007	0.001	0.001	0.006
20	S	0.003	0.004	0.001	0.000	0.003
21	I	0.000	0.004	0.001	0.000	0.003
22	S	0.000	0.004	0.001	0.000	0.003
23	R	0.000	0.004	0.001	0.000	0.003
24	A	0.000	0.004	0.000	0.000	0.003
25	V	0.002	0.002	0.000	0.000	0.001
26	S	0.000	0.002	0.000	0.001	0.001
27	S	0.000	0.001	0.000	0.001	0.000
28	F	0.000	0.001	0.000	0.001	0.000
29	T	0.000	0.001	0.000	0.001	0.000
30	P	0.000	0.001	0.000	0.001	0.000
31	G	0.000	0.001	0.000	0.001	0.000
32	Y	0.000	0.001	0.000	0.000	0.000
33	V	0.000	0.001	0.000	0.000	0.000
34	G	0.000	0.001	0.000	0.000	0.000
35	V	0.000	0.001	0.000	0.000	0.000
36	A	0.000	0.001	0.000	0.000	0.000
37	H	0.000	0.000	0.000	0.000	0.000
38	K	0.000	0.000	0.000	0.000	0.000
39	L	0.000	0.000	0.000	0.000	0.000
40	S	0.000	0.000	0.000	0.000	0.000
>XP_001399000.1
pos	aa	C	S	n-reg	h-reg	c-reg
1	M	0.000	0.222	0.222	0.000	0.000
2	A	0.000	0.222	0.222	0.000	0.000
3	N	0.000	0.222	0.222	0.000	0.000
4	F	0.000	0.222	0.218	0.004	0.000
5	R	0.000	0.222	0.217	0.005	0.000
6	L	0.000	0.222	0.163	0.060	0.000
7	G	0.000	0.222	0.149	0.073	0.000
8	V	0.000	0.222	0.127	0.095	0.000
9	A	0.000	0.222	0.101	0.122	0.000
10	L	0.000	0.222	0.063	0.159	0.000
11	A	0.000	0.222	0.056	0.167	0.000
12	S	0.000	0.222	0.050	0.171	0.001
13	S	0.000	0.222	0.038	0.179	0.005
14	V	0.000	0.222	0.020	0.190	0.012
15	A	0.000	0.222	0.016	0.186	0.021
16	T	0.000	0.222	0.010	0.184	0.028
17	A	0.001	0.221	0.004	0.151	0.066
18	L	0.010	0.211	0.001	0.147	0.064
19	V	0.001	0.210	0.000	0.132	0.078
20	L	0.000	0.210	0.000	0.121	0.089
21	L	0.002	0.209	0.000	0.081	0.128
22	Q	0.048	0.161	0.000	0.040	0.121
23	L	0.002	0.158	0.000	0.037	0.121
24	F	0.017	0.141	0.000	0.030	0.111
25	S	0.000	0.141	0.000	0.019	0.122
26	L	0.039	0.102	0.000	0.014	0.088
27	F	0.013	0.089	0.000	0.009	0.080
28	Q	0.000	0.089	0.000	0.002	0.087
29	H	0.014	0.075	0.000	0.000	0.075
30	Q	0.000	0.075	0.000	0.000	0.075
31	K	0.003	0.072	0.000	0.000	0.072
32	Q	0.000	0.072	0.000	0.000	0.072
33	P	0.000	0.072	0.000	0.000	0.072
34	L	0.009	0.063	0.000	0.000	0.063
35	S	0.000	0.063	0.000	0.000	0.063
36	V	0.003	0.060	0.000	0.000	0.060
37	I	0.000	0.060	0.000	0.000	0.060
38	A	0.000	0.060	0.000	0.000	0.060
39	Q	0.052	0.008	0.000	0.000	0.008
40	T	0.001	0.008	0.000	0.000	0.008
>XP_001399024.2
pos	aa	C	S	n-reg	h-reg	c-reg
1	M	0.000	0.150	0.150	0.000	0.000
2	P	0.000	0.150	0.150	0.000	0.000
3	L	0.000	0.150	0.148	0.002	0.000
4	L	0.000	0.150	0.148	0.002	0.000
5	G	0.000	0.150	0.148	0.002	0.000
6	L	0.000	0.150	0.148	0.002	0.000
7	P	0.000	0.150	0.148	0.002	0.000
8	L	0.000	0.150	0.148	0.002	0.000
9	I	0.000	0.150	0.148	0.002	0.000
10	Q	0.000	0.150	0.148	0.002	0.000
11	E	0.000	0.150	0.148	0.001	0.002
12	L	0.000	0.150	0.147	0.001	0.002
13	P	0.000	0.150	0.147	0.001	0.002
14	F	0.000	0.150	0.147	0.001	0.002
15	Y	0.000	0.150	0.147	0.001	0.002
16	L	0.000	0.150	0.147	0.001	0.002
17	T	0.000	0.150	0.147	0.000	0.002
18	S	0.000	0.150	0.147	0.000	0.002
19	T	0.001	0.149	0.147	0.000	0.002
20	P	0.000	0.149	0.146	0.001	0.002
21	R	0.000	0.149	0.142	0.005	0.002
22	L	0.000	0.149	0.039	0.109	0.002
23	F	0.000	0.149	0.014	0.134	0.002
24	C	0.000	0.149	0.001	0.147	0.002
25	S	0.000	0.149	0.001	0.147	0.001
26	P	0.000	0.149	0.000	0.147	0.001
27	F	0.000	0.149	0.000	0.147	0.001
28	L	0.000	0.149	0.000	0.147	0.001
29	L	0.000	0.149	0.000	0.147	0.002
30	L	0.000	0.149	0.000	0.140	0.009
31	F	0.000	0.149	0.000	0.128	0.021
32	S	0.000	0.149	0.000	0.010	0.139
33	Y	0.000	0.149	0.000	0.002	0.146
34	V	0.000	0.149	0.000	0.000	0.148
35	Q	0.000	0.149	0.000	0.000	0.148
36	G	0.000	0.149	0.000	0.000	0.148
37	V	0.148	0.001	0.000	0.000	0.000
38	V	0.000	0.001	0.000	0.000	0.000
39	K	0.000	0.001	0.000	0.000	0.000
40	H	0.000	0.001	0.000	0.000	0.000
>XP_001399042.2
pos	aa	C	S	n-reg	h-reg	c-reg
1	M	0.000	0.991	0.991	0.000	0.000
2	M	0.000	0.991	0.991	0.000	0.000
3	L	0.000	0.991	0.945	0.047	0.000
4	L	0.000	0.991	0.922	0.070	0.000
5	I	0.000	0.991	0.912	0.079	0.000
6	L	0.000	0.991	0.901	0.090	0.000
7	K	0.000	0.991	0.899	0.092	0.000
8	S	0.000	0.991	0.751	0.240	0.000
9	L	0.000	0.991	0.359	0.632	0.000
10	L	0.000	0.991	0.214	0.777	0.000
11	T	0.000	0.991	0.132	0.858	0.002
12	L	0.000	0.991	0.027	0.961	0.003
13	L	0.000	0.991	0.010	0.973	0.008
14	A	0.000	0.991	0.005	0.961	0.025
15	L	0.000	0.991	0.001	0.932	0.058
16	L	0.000	0.991	0.001	0.906	0.084
17	A	0.002	0.989	0.001	0.719	0.270
18	T	0.006	0.983	0.001	0.608	0.375
19	C	0.003	0.980	0.000	0.517	0.463
20	V	0.058	0.922	0.000	0.452	0.470
21	L	0.000	0.922	0.000	0.339	0.584
22	L	0.140	0.783	0.000	0.209	0.573
23	P	0.117	0.666	0.000	0.033	0.633
24	Q	0.127	0.539	0.000	0.007	0.532
25	L	0.038	0.501	0.000	0.005	0.496
26	P	0.001	0.501	0.000	0.001	0.500
27	L	0.020	0.480	0.000	0.001	0.479
28	S	0.025	0.456	0.000	0.001	0.455
29	L	0.076	0.380	0.000	0.001	0.379
30	L	0.031	0.348	0.000	0.000	0.348
31	R	0.199	0.149	0.000	0.000	0.149
32	L	0.000	0.149	0.000	0.000	0.149
33	V	0.007	0.143	0.000	0.000	0.143
34	L	0.000	0.143	0.000	0.000	0.143
35	R	0.003	0.140	0.000	0.000	0.140
36	G	0.000	0.140	0.000	0.000	0.140
37	V	0.038	0.102	0.000	0.000	0.102
38	G	0.000	0.102	0.000	0.000	0.102
39	W	0.090	0.012	0.000	0.000	0.012
40	L	0.000	0.012	0.000	0.000	0.012
>XP_001399045.2
pos	aa	C	S	n-reg	h-reg	c-reg
1	M	0.000	0.985	0.985	0.000	0.000
2	T	0.000	0.985	0.985	0.000	0.000
3	T	0.000	0.985	0.922	0.063	0.000
4	M	0.000	0.985	0.797	0.188	0.000
5	M	0.000	0.985	0.694	0.291	0.000
6	I	0.000	0.985	0.386	0.598	0.000
7	Y	0.000	0.985	0.261	0.724	0.000
8	S	0.000	0.985	0.176	0.809	0.000
9	L	0.000	0.985	0.034	0.951	0.000
10	L	0.000	0.985	0.006	0.978	0.000
11	L	0.000	0.985	0.002	0.982	0.001
12	S	0.000	0.985	0.001	0.939	0.044
13	A	0.000	0.985	0.001	0.895	0.089
14	L	0.000	0.985	0.000	0.844	0.140
15	P	0.000	0.985	0.000	0.644	0.341
16	L	0.000	0.984	0.000	0.568	0.416
17	L	0.000	0.984	0.000	0.374	0.610
18	S	0.000	0.984	0.000	0.127	0.858
19	S	0.004	0.980	0.000	0.022	0.959
20	A	0.102	0.878	0.000	0.011	0.867
21	A	0.361	0.518	0.000	0.007	0.511
22	L	0.226	0.292	0.000	0.004	0.288
23	T	0.089	0.203	0.000	0.000	0.203
24	Y	0.148	0.055	0.000	0.000	0.055
25	R	0.000	0.055	0.000	0.000	0.055
26	G	0.000	0.055	0.000	0.000	0.055
27	A	0.032	0.023	0.000	0.000	0.023
28	D	0.021	0.002	0.000	0.000	0.002
29	I	0.000	0.002	0.000	0.000	0.002
30	S	0.000	0.002	0.000	0.000	0.002
31	S	0.000	0.002	0.000	0.000	0.002
32	L	0.001	0.001	0.000	0.000	0.001
33	L	0.001	0.000	0.000	0.000	0.000
34	I	0.000	0.000	0.000	0.000	0.000
35	E	0.000	0.000	0.000	0.000	0.000
36	E	0.000	0.000	0.000	0.000	0.000
37	D	0.000	0.000	0.000	0.000	0.000
38	A	0.000	0.000	0.000	0.000	0.000
39	G	0.000	0.000	0.000	0.000	0.000
40	I	0.000	0.000	0.000	0.000	0.000
>XP_001399074.1
pos	aa	C	S	n-reg	h-reg	c-reg
1	M	0.000	0.973	0.973	0.000	0.000
2	K	0.000	0.973	0.973	0.000	0.000
3	S	0.000	0.973	0.846	0.127	0.000
4	P	0.000	0.973	0.523	0.450	0.000
5	I	0.000	0.973	0.310	0.663	0.000
6	S	0.000	0.973	0.185	0.789	0.000
7	L	0.000	0.973	0.023	0.950	0.000
8	L	0.000	0.973	0.011	0.962	0.000
9	A	0.000	0.973	0.008	0.965	0.000
10	A	0.000	0.973	0.007	0.966	0.000
11	V	0.000	0.973	0.006	0.950	0.018
12	G	0.000	0.973	0.005	0.574	0.394
13	V	0.000	0.973	0.004	0.481	0.488
14	A	0.000	0.973	0.004	0.379	0.590
15	S	0.000	0.973	0.003	0.207	0.762
16	A	0.005	0.968	0.003	0.154	0.812
17	A	0.463	0.505	0.002	0.088	0.415
18	S	0.080	0.425	0.002	0.032	0.391
19	P	0.010	0.415	0.002	0.008	0.405
20	Q	0.126	0.288	0.001	0.005	0.282
21	T	0.002	0.287	0.001	0.005	0.280
22	L	0.001	0.285	0.000	0.006	0.279
23	L	0.002	0.284	0.000	0.005	0.278
24	S	0.022	0.262	0.000	0.004	0.258
25	L	0.086	0.176	0.000	0.004	0.173
26	A	0.007	0.170	0.000	0.002	0.167
27	S	0.035	0.134	0.000	0.002	0.132
28	T	0.001	0.134	0.000	0.002	0.132
29	A	0.027	0.107	0.000	0.002	0.105
30	S	0.024	0.083	0.000	0.001	0.081
31	D	0.048	0.034	0.000	0.000	0.034
32	I	0.000	0.034	0.000	0.000	0.034
33	I	0.000	0.034	0.000	0.000	0.034
34	D	0.000	0.034	0.000	0.000	0.034
35	A	0.000	0.034	0.000	0.000	0.034
36	S	0.033	0.001	0.000	0.000	0.001
37	P	0.000	0.001	0.000	0.000	0.001
38	F	0.001	0.000	0.000	0.000	0.000
39	L	0.000	0.000	0.000	0.000	0.000
40	S	0.000	0.000	0.000	0.000	0.000
>XP_001399084.1
pos	aa	C	S	n-reg	h-reg	c-reg
1	M	0.000	0.783	0.783	0.000	0.000
2	G	0.000	0.836	0.836	0.000	0.000
3	F	0.000	0.836	0.836	0.000	0.000
4	L	0.000	0.836	0.836	0.000	0.000
5	H	0.000	0.836	0.836	0.000	0.000
6	F	0.000	0.836	0.836	0.000	0.000
7	L	0.000	0.836	0.836	0.000	0.000
8	K	0.000	0.836	0.836	0.000	0.000
9	T	0.000	0.836	0.836	0.000	0.000
10	R	0.000	0.836	0.836	0.000	0.000
11	S	0.000	0.836	0.836	0.000	0.000
12	G	0.000	0.836	0.836	0.000	0.000
13	F	0.000	0.836	0.836	0.000	0.000
14	R	0.000	0.836	0.836	0.000	0.000
15	V	0.000	0.836	0.836	0.000	0.000
16	D	0.000	0.836	0.836	0.000	0.000
17	N	0.000	0.836	0.836	0.000	0.000
18	S	0.000	0.836	0.836	0.000	0.000
19	R	0.000	0.836	0.836	0.000	0.000
20	T	0.000	0.836	0.836	0.000	0.000
21	T	0.000	0.836	0.836	0.000	0.000
22	S	0.000	0.836	0.836	0.000	0.000
23	A	0.000	0.836	0.836	0.000	0.000
24	A	0.000	0.836	0.836	0.000	0.000
25	T	0.000	0.836	0.836	0.000	0.000
26	L	0.000	0.836	0.836	0.000	0.000
27	T	0.000	0.836	0.836	0.000	0.000
28	L	0.000	0.836	0.836	0.000	0.000
29	R	0.000	0.836	0.836	0.000	0.000
30	Q	0.000	0.836	0.833	0.003	0.000
31	S	0.000	0.836	0.804	0.032	0.000
32	L	0.000	0.836	0.729	0.107	0.000
33	W	0.000	0.836	0.700	0.136	0.000
34	P	0.000	0.836	0.612	0.224	0.000
35	L	0.000	0.836	0.179	0.657	0.000
36	T	0.000	0.836	0.107	0.729	0.000
37	L	0.000	0.836	0.023	0.813	0.000
38	V	0.000	0.836	0.004	0.832	0.000
39	T	0.000	0.836	0.002	0.834	0.000
40	I	0.000	0.836	0.000	0.835	0.000
>XP_001399088.2
pos	aa	C	S	n-reg	h-reg	c-reg
1	M	0.000	0.953	0.953	0.000	0.000
2	A	0.000	0.976	0.976	0.000	0.000
3	L	0.000	0.976	0.975	0.001	0.000
4	L	0.000	0.976	0.975	0.001	0.000
5	S	0.000	0.976	0.974	0.002	0.000
6	S	0.000	0.976	0.974	0.002	0.000
7	K	0.000	0.976	0.973	0.003	0.000
8	T	0.000	0.976	0.892	0.084	0.000
9	L	0.000	0.976	0.738	0.238	0.000
10	I	0.000	0.976	0.703	0.273	0.000
11	Q	0.000	0.976	0.687	0.289	0.001
12	A	0.000	0.976	0.606	0.370	0.001
13	H	0.000	0.976	0.547	0.428	0.001
14	A	0.000	0.976	0.237	0.738	0.001
15	L	0.000	0.976	0.034	0.941	0.001
16	F	0.000	0.976	0.010	0.963	0.003
17	L	0.000	0.976	0.001	0.930	0.045
18	F	0.000	0.976	0.000	0.906	0.069
19	V	0.000	0.976	0.000	0.858	0.117
20	L	0.000	0.976	0.000	0.778	0.197
21	A	0.000	0.975	0.000	0.686	0.288
22	V	0.104	0.871	0.000	0.639	0.231
23	Y	0.000	0.869	0.000	0.378	0.491
24	L	0.000	0.867	0.000	0.289	0.578
25	T	0.096	0.764	0.000	0.094	0.670
26	R	0.045	0.709	0.000	0.007	0.701
27	S	0.000	0.709	0.000	0.003	0.706
28	P	0.398	0.310	0.000	0.000	0.310
29	E	0.096	0.214	0.000	0.000	0.214
30	V	0.000	0.214	0.000	0.000	0.214
31	V	0.000	0.214	0.000	0.000	0.214
32	T	0.000	0.214	0.000	0.000	0.214
33	E	0.174	0.040	0.000	0.000	0.040
34	S	0.000	0.040	0.000	0.000	0.040
35	D	0.039	0.001	0.000	0.000	0.001
36	L	0.000	0.001	0.000	0.000	0.001
37	V	0.000	0.001	0.000	0.000	0.001
38	F	0.000	0.001	0.000	0.000	0.001
39	M	0.000	0.001	0.000	0.000	0.001
40	L	0.000	0.001	0.000	0.000	0.001
>XP_001399089.1
pos	aa	C	S	n-reg	h-reg	c-reg
1	M	0.000	0.984	0.984	0.000	0.000
2	K	0.000	0.986	0.986	0.000	0.000
3	L	0.000	0.986	0.880	0.106	0.000
4	Y	0.000	0.986	0.844	0.142	0.000
5	H	0.000	0.986	0.811	0.175	0.000
6	V	0.000	0.986	0.354	0.632	0.000
7	T	0.000	0.986	0.145	0.841	0.000
8	L	0.000	0.986	0.047	0.939	0.000
9	T	0.000	0.986	0.019	0.967	0.000
10	L	0.000	0.986	0.005	0.981	0.000
11	F	0.000	0.986	0.002	0.978	0.007
12	A	0.000	0.986	0.000	0.966	0.020
13	G	0.000	0.986	0.000	0.957	0.029
14	L	0.000	0.986	0.000	0.933	0.053
15	G	0.000	0.986	0.000	0.365	0.621
16	L	0.004	0.982	0.000	0.344	0.638
17	V	0.000	0.981	0.000	0.184	0.798
18	V	0.000	0.981	0.000	0.139	0.842
19	G	0.000	0.981	0.000	0.095	0.886
20	Q	0.650	0.330	0.000	0.001	0.329
21	G	0.005	0.324	0.000	0.000	0.324
22	M	0.170	0.154	0.000	0.000	0.154
23	D	0.000	0.154	0.000	0.000	0.154
24	S	0.000	0.154	0.000	0.000	0.154
25	L	0.151	0.003	0.000	0.000	0.003
26	P	0.000	0.003	0.000	0.000	0.003
27	P	0.000	0.003	0.000	0.000	0.003
28	C	0.000	0.003	0.000	0.000	0.003
29	A	0.000	0.003	0.000	0.000	0.003
30	R	0.000	0.002	0.000	0.000	0.002
31	D	0.000	0.002	0.000	0.000	0.002
32	C	0.000	0.002	0.000	0.000	0.002
33	A	0.000	0.002	0.000	0.000	0.002
34	T	0.000	0.002	0.000	0.000	0.002
35	G	0.001	0.001	0.000	0.000	0.001
36	S	0.001	0.001	0.000	0.000	0.001
37	I	0.000	0.000	0.000	0.000	0.000
38	P	0.000	0.000	0.000	0.000	0.000
39	K	0.000	0.000	0.000	0.000	0.000
40	T	0.000	0.000	0.000	0.000	0.000
>XP_001399094.1
pos	aa	C	S	n-reg	h-reg	c-reg
1	M	0.000	0.962	0.962	0.000	0.000
2	W	0.000	0.978	0.978	0.000	0.000
3	I	0.000	0.978	0.953	0.025	0.000
4	I	0.000	0.978	0.936	0.042	0.000
5	S	0.000	0.978	0.931	0.047	0.000
6	F	0.000	0.978	0.912	0.066	0.000
7	W	0.000	0.978	0.894	0.084	0.000
8	I	0.000	0.978	0.873	0.105	0.000
9	F	0.000	0.978	0.859	0.119	0.000
10	P	0.000	0.978	0.843	0.135	0.000
11	I	0.000	0.978	0.688	0.288	0.002
12	I	0.000	0.978	0.605	0.367	0.006
13	S	0.000	0.978	0.518	0.444	0.016
14	A	0.000	0.978	0.314	0.640	0.024
15	C	0.002	0.976	0.168	0.766	0.042
16	T	0.001	0.975	0.120	0.798	0.057
17	W	0.002	0.973	0.063	0.846	0.064
18	I	0.000	0.973	0.016	0.888	0.070
19	A	0.000	0.973	0.006	0.872	0.096
20	M	0.002	0.971	0.002	0.864	0.105
21	L	0.000	0.971	0.001	0.845	0.125
22	I	0.003	0.968	0.000	0.768	0.200
23	A	0.000	0.967	0.000	0.631	0.336
24	M	0.036	0.930	0.000	0.579	0.351
25	L	0.000	0.930	0.000	0.300	0.630
26	A	0.016	0.912	0.000	0.127	0.785
27	T	0.037	0.873	0.000	0.050	0.822
28	W	0.018	0.852	0.000	0.025	0.827
29	A	0.000	0.849	0.000	0.014	0.835
30	R	0.738	0.107	0.000	0.000	0.106
31	E	0.000	0.107	0.000	0.000	0.107
32	G	0.000	0.107	0.000	0.000	0.107
33	S	0.062	0.045	0.000	0.000	0.045
34	P	0.000	0.045	0.000	0.000	0.044
35	I	0.016	0.029	0.000	0.000	0.029
36	Y	0.000	0.029	0.000	0.000	0.029
37	A	0.000	0.029	0.000	0.000	0.029
38	S	0.026	0.003	0.000	0.000	0.003
39	M	0.000	0.003	0.000	0.000	0.002
40	E	0.000	0.003	0.000	0.000	0.002
>XP_001399100.1
pos	aa	C	S	n-reg	h-reg	c-reg
1	M	0.000	0.998	0.998	0.000	0.000
2	K	0.000	0.999	0.999	0.000	0.000
3	S	0.000	0.999	0.981	0.018	0.000
4	I	0.000	0.999	0.916	0.083	0.000
5	A	0.000	0.999	0.889	0.109	0.000
6	L	0.000	0.999	0.775	0.224	0.000
7	R	0.000	0.999	0.746	0.252	0.000
8	L	0.000	0.999	0.214	0.784	0.000
9	F	0.000	0.999	0.076	0.923	0.000
10	V	0.000	0.999	0.003	0.995	0.000
11	F	0.000	0.999	0.000	0.998	0.000
12	V	0.000	0.999	0.000	0.997	0.002
13	A	0.000	0.999	0.000	0.990	0.008
14	L	0.000	0.999	0.000	0.967	0.032
15	I	0.000	0.999	0.000	0.935	0.064
16	V	0.000	0.999	0.000	0.777	0.222
17	L	0.000	0.999	0.000	0.729	0.270
18	A	0.000	0.999	0.000	0.104	0.894
19	A	0.074	0.925	0.000	0.041	0.883
20	A	0.021	0.904	0.000	0.001	0.903
21	W	0.172	0.731	0.000	0.000	0.731
22	T	0.000	0.731	0.000	0.000	0.731
23	K	0.731	0.000	0.000	0.000	0.000
24	E	0.000	0.000	0.000	0.000	0.000
25	D	0.000	0.000	0.000	0.000	0.000
26	Y	0.000	0.000	0.000	0.000	0.000
27	E	0.000	0.000	0.000	0.000	0.000
28	I	0.000	0.000	0.000	0.000	0.000
29	F	0.000	0.000	0.000	0.000	0.000
30	R	0.000	0.000	0.000	0.000	0.000
31	L	0.000	0.000	0.000	0.000	0.000
32	N	0.000	0.000	0.000	0.000	0.000
33	D	0.000	0.000	0.000	0.000	0.000
34	E	0.000	0.000	0.000	0.000	0.000
35	L	0.000	0.000	0.000	0.000	0.000
36	A	0.000	0.000	0.000	0.000	0.000
37	A	0.000	0.000	0.000	0.000	0.000
38	A	0.000	0.000	0.000	0.000	0.000
39	E	0.000	0.000	0.000	0.000	0.000
40	G	0.000	0.000	0.000	0.000	0.000
>XP_001399111.1
pos	aa	C	S	n-reg	h-reg	c-reg
1	M	0.000	0.259	0.259	0.000	0.000
2	I	0.000	0.259	0.259	0.000	0.000
3	A	0.000	0.259	0.259	0.000	0.000
4	F	0.000	0.259	0.259	0.000	0.000
5	N	0.000	0.259	0.259	0.000	0.000
6	V	0.000	0.259	0.257	0.002	0.000
7	L	0.000	0.259	0.255	0.004	0.000
8	F	0.000	0.259	0.255	0.004	0.000
9	N	0.000	0.259	0.254	0.004	0.000
10	P	0.000	0.259	0.247	0.012	0.000
11	Y	0.000	0.259	0.192	0.067	0.000
12	S	0.000	0.259	0.124	0.135	0.000
13	L	0.000	0.259	0.031	0.228	0.000
14	I	0.000	0.259	0.005	0.253	0.000
15	L	0.000	0.259	0.001	0.258	0.000
16	T	0.000	0.259	0.000	0.258	0.001
17	Y	0.000	0.259	0.000	0.257	0.001
18	F	0.000	0.259	0.000	0.256	0.003
19	S	0.000	0.259	0.000	0.252	0.007
20	L	0.000	0.259	0.000	0.251	0.008
21	L	0.000	0.259	0.000	0.247	0.012
22	L	0.001	0.258	0.000	0.120	0.138
23	P	0.000	0.258	0.000	0.024	0.234
24	V	0.001	0.257	0.000	0.013	0.245
25	R	0.000	0.257	0.000	0.002	0.255
26	G	0.000	0.257	0.000	0.000	0.257
27	F	0.223	0.035	0.000	0.000	0.034
28	V	0.000	0.035	0.000	0.000	0.034
29	R	0.000	0.035	0.000	0.000	0.035
30	S	0.000	0.035	0.000	0.000	0.035
31	E	0.029	0.005	0.000	0.000	0.005
32	T	0.000	0.005	0.000	0.000	0.005
33	D	0.005	0.000	0.000	0.000	0.000
34	R	0.000	0.000	0.000	0.000	0.000
35	I	0.000	0.000	0.000	0.000	0.000
36	P	0.000	0.000	0.000	0.000	0.000
37	S	0.000	0.000	0.000	0.000	0.000
38	G	0.000	0.000	0.000	0.000	0.000
39	Q	0.000	0.000	0.000	0.000	0.000
40	D	0.000	0.000	0.000	0.000	0.000
