>XP_001389544.1
pos	aa	C	S	n-reg	h-reg	c-reg
1	M	0.000	1.000	1.000	0.000	0.000
2	K	0.000	1.000	1.000	0.000	0.000
3	L	0.000	1.000	0.833	0.166	0.000
4	S	0.000	1.000	0.667	0.333	0.000
5	A	0.000	1.000	0.423	0.576	0.000
6	I	0.000	1.000	0.145	0.854	0.000
7	F	0.000	1.000	0.042	0.958	0.000
8	L	0.000	1.000	0.012	0.988	0.000
9	Q	0.000	1.000	0.010	0.990	0.000
10	A	0.000	1.000	0.003	0.997	0.000
11	S	0.000	1.000	0.002	0.994	0.004
12	A	0.000	1.000	0.001	0.972	0.027
13	F	0.000	1.000	0.000	0.927	0.073
14	L	0.000	1.000	0.000	0.864	0.135
15	I	0.000	1.000	0.000	0.740	0.260
16	A	0.000	1.000	0.000	0.153	0.847
17	A	0.000	0.999	0.000	0.096	0.903
18	T	0.001	0.999	0.000	0.007	0.991
19	L	0.001	0.997	0.000	0.006	0.992
20	A	0.002	0.995	0.000	0.003	0.992
21	S	0.871	0.124	0.000	0.001	0.123
22	P	0.001	0.123	0.000	0.000	0.123
23	L	0.112	0.011	0.000	0.000	0.010
24	P	0.000	0.010	0.000	0.000	0.010
25	A	0.004	0.006	0.000	0.000	0.006
26	P	0.005	0.001	0.000	0.000	0.001
27	D	0.001	0.001	0.000	0.000	0.001
28	D	0.000	0.001	0.000	0.000	0.001
29	G	0.000	0.001	0.000	0.000	0.001
30	S	0.001	0.000	0.000	0.000	0.000
31	I	0.000	0.000	0.000	0.000	0.000
32	R	0.000	0.000	0.000	0.000	0.000
33	I	0.000	0.000	0.000	0.000	0.000
34	P	0.000	0.000	0.000	0.000	0.000
35	V	0.000	0.000	0.000	0.000	0.000
36	K	0.000	0.000	0.000	0.000	0.000
37	G	0.000	0.000	0.000	0.000	0.000
38	A	0.000	0.000	0.000	0.000	0.000
39	P	0.000	0.000	0.000	0.000	0.000
40	A	0.000	0.000	0.000	0.000	0.000
>XP_001389559.1
pos	aa	C	S	n-reg	h-reg	c-reg
1	M	0.000	0.984	0.984	0.000	0.000
2	Y	0.000	0.984	0.984	0.000	0.000
3	S	0.000	0.984	0.959	0.024	0.000
4	G	0.000	0.984	0.895	0.089	0.000
5	T	0.000	0.984	0.746	0.238	0.000
6	S	0.000	0.984	0.389	0.594	0.000
7	L	0.000	0.984	0.063	0.921	0.000
8	F	0.000	0.984	0.021	0.963	0.000
9	A	0.000	0.984	0.003	0.981	0.000
10	T	0.000	0.984	0.001	0.982	0.000
11	L	0.000	0.984	0.000	0.983	0.000
12	V	0.000	0.984	0.000	0.983	0.001
13	L	0.000	0.984	0.000	0.964	0.020
14	A	0.000	0.984	0.000	0.809	0.174
15	A	0.000	0.984	0.000	0.645	0.339
16	S	0.000	0.984	0.000	0.441	0.542
17	G	0.000	0.983	0.000	0.030	0.953
18	V	0.001	0.982	0.000	0.014	0.968
19	A	0.000	0.982	0.000	0.004	0.978
20	S	0.031	0.950	0.000	0.001	0.949
21	A	0.177	0.773	0.000	0.001	0.773
22	L	0.759	0.014	0.000	0.000	0.014
23	D	0.003	0.011	0.000	0.000	0.011
24	C	0.000	0.011	0.000	0.000	0.011
25	K	0.007	0.005	0.000	0.000	0.005
26	C	0.000	0.005	0.000	0.000	0.005
27	S	0.003	0.001	0.000	0.000	0.001
28	P	0.000	0.001	0.000	0.000	0.001
29	S	0.001	0.001	0.000	0.000	0.001
30	D	0.000	0.000	0.000	0.000	0.000
31	P	0.000	0.000	0.000	0.000	0.000
32	C	0.000	0.000	0.000	0.000	0.000
33	W	0.000	0.000	0.000	0.000	0.000
34	P	0.000	0.000	0.000	0.000	0.000
35	S	0.000	0.000	0.000	0.000	0.000
36	T	0.000	0.000	0.000	0.000	0.000
37	D	0.000	0.000	0.000	0.000	0.000
38	Q	0.000	0.000	0.000	0.000	0.000
39	W	0.000	0.000	0.000	0.000	0.000
40	T	0.000	0.000	0.000	0.000	0.000
>XP_001389562.1
pos	aa	C	S	n-reg	h-reg	c-reg
1	M	0.000	0.984	0.984	0.000	0.000
2	H	0.000	0.984	0.984	0.000	0.000
3	S	0.000	0.984	0.947	0.037	0.000
4	Y	0.000	0.984	0.898	0.086	0.000
5	Q	0.000	0.984	0.820	0.164	0.000
6	L	0.000	0.984	0.031	0.953	0.000
7	L	0.000	0.984	0.006	0.978	0.000
8	G	0.000	0.984	0.003	0.981	0.000
9	L	0.000	0.984	0.000	0.984	0.000
10	A	0.000	0.984	0.000	0.984	0.000
11	A	0.000	0.984	0.000	0.981	0.003
12	V	0.000	0.984	0.000	0.978	0.006
13	G	0.000	0.984	0.000	0.954	0.030
14	S	0.000	0.984	0.000	0.139	0.845
15	L	0.000	0.984	0.000	0.106	0.878
16	V	0.000	0.984	0.000	0.040	0.944
17	S	0.000	0.984	0.000	0.013	0.971
18	A	0.001	0.983	0.000	0.007	0.976
19	A	0.912	0.071	0.000	0.000	0.070
20	P	0.003	0.068	0.000	0.000	0.068
21	A	0.030	0.038	0.000	0.000	0.038
22	P	0.012	0.026	0.000	0.000	0.026
23	S	0.001	0.025	0.000	0.000	0.025
24	R	0.024	0.001	0.000	0.000	0.001
25	V	0.000	0.001	0.000	0.000	0.001
26	S	0.000	0.001	0.000	0.000	0.001
27	E	0.001	0.000	0.000	0.000	0.000
28	F	0.000	0.000	0.000	0.000	0.000
29	A	0.000	0.000	0.000	0.000	0.000
30	K	0.000	0.000	0.000	0.000	0.000
31	K	0.000	0.000	0.000	0.000	0.000
32	A	0.000	0.000	0.000	0.000	0.000
33	S	0.000	0.000	0.000	0.000	0.000
34	T	0.000	0.000	0.000	0.000	0.000
35	C	0.000	0.000	0.000	0.000	0.000
36	T	0.000	0.000	0.000	0.000	0.000
37	F	0.000	0.000	0.000	0.000	0.000
38	T	0.000	0.000	0.000	0.000	0.000
39	S	0.000	0.000	0.000	0.000	0.000
40	A	0.000	0.000	0.000	0.000	0.000
>XP_001389574.2
pos	aa	C	S	n-reg	h-reg	c-reg
1	M	0.000	0.246	0.246	0.000	0.000
2	S	0.000	0.274	0.274	0.000	0.000
3	V	0.000	0.274	0.274	0.000	0.000
4	Q	0.000	0.274	0.274	0.000	0.000
5	T	0.000	0.274	0.274	0.000	0.000
6	A	0.000	0.274	0.274	0.000	0.000
7	W	0.000	0.274	0.274	0.000	0.000
8	E	0.000	0.274	0.274	0.000	0.000
9	S	0.000	0.274	0.274	0.000	0.000
10	C	0.000	0.274	0.274	0.000	0.000
11	D	0.000	0.274	0.274	0.000	0.000
12	K	0.000	0.274	0.274	0.000	0.000
13	I	0.000	0.274	0.272	0.002	0.000
14	D	0.000	0.274	0.271	0.003	0.000
15	T	0.000	0.274	0.230	0.044	0.000
16	L	0.000	0.274	0.143	0.130	0.000
17	F	0.000	0.274	0.093	0.181	0.000
18	I	0.000	0.274	0.033	0.241	0.000
19	L	0.000	0.274	0.008	0.266	0.000
20	V	0.000	0.274	0.003	0.271	0.000
21	C	0.000	0.274	0.001	0.272	0.000
22	S	0.000	0.274	0.001	0.273	0.000
23	V	0.000	0.274	0.000	0.273	0.001
24	F	0.000	0.274	0.000	0.271	0.003
25	C	0.000	0.274	0.000	0.264	0.010
26	W	0.000	0.274	0.000	0.246	0.027
27	L	0.000	0.274	0.000	0.219	0.054
28	I	0.001	0.272	0.000	0.169	0.103
29	I	0.000	0.270	0.000	0.110	0.160
30	P	0.000	0.265	0.000	0.033	0.232
31	A	0.002	0.263	0.000	0.022	0.241
32	V	0.005	0.257	0.000	0.021	0.237
33	G	0.000	0.256	0.000	0.018	0.238
34	L	0.053	0.201	0.000	0.016	0.185
35	A	0.023	0.174	0.000	0.013	0.162
36	Y	0.124	0.046	0.000	0.008	0.038
37	S	0.000	0.043	0.000	0.005	0.038
38	G	0.037	0.004	0.000	0.003	0.001
39	Y	0.000	0.003	0.000	0.002	0.001
40	S	0.000	0.002	0.000	0.001	0.001
>XP_001389576.1
pos	aa	C	S	n-reg	h-reg	c-reg
1	M	0.000	0.984	0.984	0.000	0.000
2	S	0.000	0.984	0.984	0.000	0.000
3	S	0.000	0.984	0.984	0.000	0.000
4	F	0.000	0.984	0.982	0.002	0.000
5	Q	0.000	0.984	0.978	0.006	0.000
6	V	0.000	0.984	0.932	0.053	0.000
7	Y	0.000	0.984	0.922	0.062	0.000
8	R	0.000	0.984	0.912	0.073	0.000
9	A	0.000	0.984	0.080	0.904	0.000
10	A	0.000	0.984	0.015	0.969	0.000
11	L	0.000	0.984	0.001	0.984	0.000
12	L	0.000	0.984	0.000	0.984	0.000
13	L	0.000	0.984	0.000	0.984	0.000
14	S	0.000	0.984	0.000	0.982	0.002
15	I	0.000	0.984	0.000	0.981	0.003
16	L	0.000	0.984	0.000	0.979	0.006
17	A	0.000	0.984	0.000	0.140	0.844
18	T	0.000	0.984	0.000	0.047	0.937
19	A	0.000	0.984	0.000	0.009	0.975
20	N	0.002	0.982	0.000	0.003	0.980
21	A	0.000	0.982	0.000	0.002	0.981
22	Q	0.957	0.025	0.000	0.000	0.025
23	Q	0.002	0.023	0.000	0.000	0.023
24	V	0.006	0.018	0.000	0.000	0.018
25	G	0.000	0.018	0.000	0.000	0.018
26	T	0.001	0.017	0.000	0.000	0.017
27	Y	0.012	0.005	0.000	0.000	0.005
28	T	0.000	0.005	0.000	0.000	0.005
29	T	0.004	0.001	0.000	0.000	0.001
30	E	0.000	0.000	0.000	0.000	0.000
31	T	0.000	0.000	0.000	0.000	0.000
32	H	0.000	0.000	0.000	0.000	0.000
33	P	0.000	0.000	0.000	0.000	0.000
34	S	0.000	0.000	0.000	0.000	0.000
35	L	0.000	0.000	0.000	0.000	0.000
36	T	0.000	0.000	0.000	0.000	0.000
37	W	0.000	0.000	0.000	0.000	0.000
38	Q	0.000	0.000	0.000	0.000	0.000
39	T	0.000	0.000	0.000	0.000	0.000
40	C	0.000	0.000	0.000	0.000	0.000
>XP_001389577.1
pos	aa	C	S	n-reg	h-reg	c-reg
1	M	0.000	0.988	0.988	0.000	0.000
2	K	0.000	0.988	0.988	0.000	0.000
3	T	0.000	0.988	0.687	0.301	0.000
4	L	0.000	0.988	0.122	0.866	0.000
5	S	0.000	0.988	0.069	0.919	0.000
6	L	0.000	0.988	0.014	0.974	0.000
7	A	0.000	0.988	0.001	0.987	0.000
8	A	0.000	0.988	0.000	0.988	0.000
9	V	0.000	0.988	0.000	0.988	0.000
10	L	0.000	0.988	0.000	0.988	0.000
11	L	0.000	0.988	0.000	0.962	0.026
12	V	0.000	0.988	0.000	0.515	0.473
13	Q	0.000	0.988	0.000	0.256	0.732
14	A	0.000	0.988	0.000	0.221	0.767
15	W	0.062	0.926	0.000	0.028	0.898
16	T	0.000	0.926	0.000	0.007	0.920
17	A	0.409	0.518	0.000	0.001	0.517
18	N	0.087	0.431	0.000	0.000	0.431
19	S	0.000	0.431	0.000	0.000	0.431
20	S	0.413	0.018	0.000	0.000	0.018
21	P	0.003	0.014	0.000	0.000	0.014
22	R	0.006	0.008	0.000	0.000	0.008
23	A	0.000	0.008	0.000	0.000	0.008
24	K	0.004	0.004	0.000	0.000	0.004
25	R	0.000	0.004	0.000	0.000	0.004
26	S	0.000	0.004	0.000	0.000	0.004
27	S	0.001	0.003	0.000	0.000	0.003
28	G	0.000	0.003	0.000	0.000	0.003
29	F	0.002	0.000	0.000	0.000	0.000
30	Q	0.000	0.000	0.000	0.000	0.000
31	W	0.000	0.000	0.000	0.000	0.000
32	F	0.000	0.000	0.000	0.000	0.000
33	G	0.000	0.000	0.000	0.000	0.000
34	S	0.000	0.000	0.000	0.000	0.000
35	N	0.000	0.000	0.000	0.000	0.000
36	E	0.000	0.000	0.000	0.000	0.000
37	S	0.000	0.000	0.000	0.000	0.000
38	G	0.000	0.000	0.000	0.000	0.000
39	A	0.000	0.000	0.000	0.000	0.000
40	E	0.000	0.000	0.000	0.000	0.000
>XP_001389582.2
pos	aa	C	S	n-reg	h-reg	c-reg
1	M	0.000	0.188	0.188	0.000	0.000
2	E	0.000	0.188	0.188	0.000	0.000
3	G	0.000	0.188	0.188	0.000	0.000
4	S	0.000	0.188	0.188	0.000	0.000
5	G	0.000	0.188	0.188	0.000	0.000
6	N	0.000	0.188	0.188	0.000	0.000
7	E	0.000	0.188	0.188	0.000	0.000
8	G	0.000	0.188	0.188	0.000	0.000
9	L	0.000	0.188	0.188	0.000	0.000
10	L	0.000	0.188	0.188	0.000	0.000
11	A	0.000	0.188	0.188	0.000	0.000
12	F	0.000	0.188	0.188	0.000	0.000
13	W	0.000	0.188	0.188	0.000	0.000
14	H	0.000	0.188	0.188	0.000	0.000
15	S	0.000	0.188	0.188	0.000	0.000
16	Y	0.000	0.188	0.187	0.000	0.000
17	R	0.000	0.188	0.186	0.001	0.000
18	L	0.000	0.188	0.110	0.078	0.000
19	P	0.000	0.188	0.095	0.092	0.000
20	V	0.000	0.188	0.027	0.160	0.000
21	L	0.000	0.188	0.002	0.185	0.000
22	L	0.000	0.188	0.000	0.187	0.000
23	A	0.000	0.188	0.000	0.188	0.000
24	L	0.000	0.188	0.000	0.188	0.000
25	A	0.000	0.188	0.000	0.187	0.000
26	T	0.000	0.188	0.000	0.185	0.003
27	L	0.000	0.188	0.000	0.184	0.004
28	L	0.000	0.188	0.000	0.181	0.007
29	V	0.000	0.188	0.000	0.061	0.126
30	L	0.000	0.188	0.000	0.036	0.152
31	V	0.000	0.187	0.000	0.001	0.186
32	R	0.000	0.187	0.000	0.000	0.187
33	A	0.000	0.187	0.000	0.000	0.187
34	Y	0.186	0.001	0.000	0.000	0.001
35	R	0.000	0.001	0.000	0.000	0.001
36	K	0.000	0.001	0.000	0.000	0.001
37	L	0.000	0.001	0.000	0.000	0.001
38	Q	0.001	0.000	0.000	0.000	0.000
39	P	0.000	0.000	0.000	0.000	0.000
40	K	0.000	0.000	0.000	0.000	0.000
>XP_001389584.1
pos	aa	C	S	n-reg	h-reg	c-reg
1	M	0.000	0.181	0.181	0.000	0.000
2	D	0.000	0.223	0.223	0.000	0.000
3	S	0.000	0.223	0.223	0.000	0.000
4	K	0.000	0.223	0.223	0.000	0.000
5	V	0.000	0.223	0.223	0.000	0.000
6	D	0.000	0.223	0.223	0.000	0.000
7	L	0.000	0.223	0.223	0.000	0.000
8	E	0.000	0.223	0.223	0.000	0.000
9	S	0.000	0.223	0.223	0.000	0.000
10	S	0.000	0.223	0.223	0.000	0.000
11	R	0.000	0.223	0.223	0.000	0.000
12	G	0.000	0.223	0.223	0.000	0.000
13	Y	0.000	0.223	0.223	0.000	0.000
14	L	0.000	0.223	0.223	0.000	0.000
15	A	0.000	0.223	0.223	0.000	0.000
16	T	0.000	0.223	0.223	0.000	0.000
17	S	0.000	0.223	0.223	0.000	0.000
18	S	0.000	0.223	0.223	0.000	0.000
19	D	0.000	0.223	0.223	0.000	0.000
20	E	0.000	0.223	0.223	0.000	0.000
21	K	0.000	0.223	0.223	0.000	0.000
22	P	0.000	0.223	0.223	0.000	0.000
23	K	0.000	0.223	0.223	0.000	0.000
24	P	0.000	0.223	0.223	0.000	0.000
25	P	0.000	0.223	0.223	0.000	0.000
26	S	0.000	0.223	0.223	0.000	0.000
27	S	0.000	0.223	0.223	0.000	0.000
28	L	0.000	0.223	0.223	0.000	0.000
29	A	0.000	0.223	0.223	0.000	0.000
30	R	0.000	0.223	0.223	0.000	0.000
31	N	0.000	0.223	0.223	0.000	0.000
32	M	0.000	0.223	0.222	0.000	0.000
33	G	0.000	0.223	0.222	0.000	0.000
34	R	0.000	0.223	0.221	0.001	0.000
35	V	0.000	0.223	0.067	0.155	0.000
36	L	0.000	0.223	0.013	0.210	0.000
37	L	0.000	0.223	0.004	0.218	0.000
38	T	0.000	0.223	0.002	0.220	0.000
39	F	0.000	0.223	0.000	0.222	0.000
40	V	0.000	0.223	0.000	0.223	0.000
>XP_001389597.2
pos	aa	C	S	n-reg	h-reg	c-reg
1	M	0.000	0.087	0.087	0.000	0.000
2	S	0.000	0.087	0.087	0.000	0.000
3	L	0.000	0.087	0.082	0.005	0.000
4	L	0.000	0.087	0.080	0.008	0.000
5	V	0.000	0.087	0.079	0.008	0.000
6	R	0.000	0.087	0.078	0.009	0.000
7	A	0.000	0.087	0.029	0.058	0.000
8	I	0.000	0.087	0.015	0.072	0.000
9	T	0.000	0.087	0.009	0.078	0.000
10	G	0.000	0.087	0.002	0.085	0.000
11	L	0.000	0.087	0.001	0.086	0.000
12	L	0.000	0.087	0.000	0.087	0.000
13	G	0.000	0.087	0.000	0.085	0.002
14	L	0.000	0.087	0.000	0.085	0.002
15	L	0.000	0.087	0.000	0.074	0.013
16	I	0.000	0.087	0.000	0.067	0.020
17	L	0.000	0.087	0.000	0.052	0.035
18	K	0.001	0.086	0.000	0.004	0.082
19	S	0.000	0.086	0.000	0.003	0.083
20	F	0.019	0.067	0.000	0.003	0.064
21	L	0.000	0.067	0.000	0.002	0.064
22	T	0.024	0.043	0.000	0.002	0.041
23	R	0.038	0.004	0.000	0.000	0.004
24	K	0.000	0.004	0.000	0.000	0.004
25	K	0.000	0.004	0.000	0.000	0.004
26	F	0.000	0.004	0.000	0.000	0.004
27	L	0.000	0.004	0.000	0.000	0.004
28	A	0.003	0.001	0.000	0.000	0.001
29	P	0.000	0.001	0.000	0.000	0.001
30	L	0.001	0.000	0.000	0.000	0.000
31	P	0.000	0.000	0.000	0.000	0.000
32	P	0.000	0.000	0.000	0.000	0.000
33	G	0.000	0.000	0.000	0.000	0.000
34	P	0.000	0.000	0.000	0.000	0.000
35	K	0.000	0.000	0.000	0.000	0.000
36	P	0.000	0.000	0.000	0.000	0.000
37	K	0.000	0.000	0.000	0.000	0.000
38	P	0.000	0.000	0.000	0.000	0.000
39	I	0.000	0.000	0.000	0.000	0.000
40	I	0.000	0.000	0.000	0.000	0.000
>XP_001389622.1
pos	aa	C	S	n-reg	h-reg	c-reg
1	M	0.000	0.475	0.475	0.000	0.000
2	K	0.000	0.475	0.475	0.000	0.000
3	L	0.000	0.475	0.291	0.185	0.000
4	S	0.000	0.475	0.248	0.228	0.000
5	S	0.000	0.475	0.201	0.274	0.000
6	A	0.000	0.475	0.041	0.434	0.000
7	C	0.000	0.475	0.001	0.475	0.000
8	A	0.000	0.475	0.000	0.475	0.000
9	I	0.000	0.475	0.000	0.475	0.000
10	A	0.000	0.475	0.000	0.475	0.000
11	L	0.000	0.475	0.000	0.468	0.007
12	L	0.000	0.475	0.000	0.441	0.034
13	A	0.000	0.475	0.000	0.406	0.070
14	A	0.000	0.475	0.000	0.140	0.336
15	Q	0.000	0.475	0.000	0.006	0.469
16	A	0.000	0.475	0.000	0.001	0.474
17	A	0.044	0.430	0.000	0.000	0.430
18	G	0.001	0.430	0.000	0.000	0.430
19	A	0.281	0.149	0.000	0.000	0.149
20	S	0.141	0.008	0.000	0.000	0.008
21	I	0.008	0.000	0.000	0.000	0.000
22	K	0.000	0.000	0.000	0.000	0.000
23	H	0.000	0.000	0.000	0.000	0.000
24	R	0.000	0.000	0.000	0.000	0.000
25	I	0.000	0.000	0.000	0.000	0.000
26	N	0.000	0.000	0.000	0.000	0.000
27	G	0.000	0.000	0.000	0.000	0.000
28	F	0.000	0.000	0.000	0.000	0.000
29	T	0.000	0.000	0.000	0.000	0.000
30	L	0.000	0.000	0.000	0.000	0.000
31	T	0.000	0.000	0.000	0.000	0.000
32	E	0.000	0.000	0.000	0.000	0.000
33	H	0.000	0.000	0.000	0.000	0.000
34	S	0.000	0.000	0.000	0.000	0.000
35	D	0.000	0.000	0.000	0.000	0.000
36	P	0.000	0.000	0.000	0.000	0.000
37	A	0.000	0.000	0.000	0.000	0.000
38	K	0.000	0.000	0.000	0.000	0.000
39	R	0.000	0.000	0.000	0.000	0.000
40	E	0.000	0.000	0.000	0.000	0.000
>XP_001389631.2
pos	aa	C	S	n-reg	h-reg	c-reg
1	M	0.000	0.955	0.955	0.000	0.000
2	L	0.000	0.955	0.955	0.000	0.000
3	S	0.000	0.955	0.955	0.000	0.000
4	L	0.000	0.955	0.955	0.000	0.000
5	N	0.000	0.955	0.955	0.000	0.000
6	L	0.000	0.955	0.955	0.000	0.000
7	P	0.000	0.955	0.955	0.000	0.000
8	P	0.000	0.955	0.955	0.000	0.000
9	S	0.000	0.955	0.955	0.000	0.000
10	P	0.000	0.955	0.955	0.000	0.000
11	H	0.000	0.955	0.955	0.000	0.000
12	T	0.000	0.955	0.955	0.000	0.000
13	S	0.000	0.955	0.955	0.000	0.000
14	T	0.000	0.955	0.955	0.000	0.000
15	L	0.000	0.955	0.955	0.000	0.000
16	Y	0.000	0.955	0.955	0.000	0.000
17	Q	0.000	0.955	0.955	0.000	0.000
18	A	0.000	0.955	0.954	0.001	0.000
19	S	0.000	0.955	0.954	0.001	0.000
20	G	0.000	0.955	0.954	0.001	0.000
21	M	0.000	0.955	0.950	0.005	0.000
22	R	0.000	0.955	0.946	0.009	0.000
23	A	0.000	0.955	0.839	0.116	0.000
24	N	0.000	0.955	0.757	0.198	0.000
25	L	0.000	0.955	0.022	0.933	0.000
26	F	0.000	0.955	0.003	0.952	0.000
27	L	0.000	0.955	0.000	0.955	0.000
28	L	0.000	0.955	0.000	0.955	0.000
29	G	0.000	0.955	0.000	0.954	0.001
30	C	0.000	0.955	0.000	0.953	0.002
31	L	0.000	0.955	0.000	0.945	0.010
32	T	0.000	0.955	0.000	0.923	0.032
33	A	0.000	0.955	0.000	0.104	0.851
34	G	0.000	0.955	0.000	0.029	0.926
35	S	0.000	0.955	0.000	0.008	0.947
36	M	0.001	0.954	0.000	0.004	0.949
37	A	0.000	0.954	0.000	0.003	0.951
38	A	0.917	0.036	0.000	0.000	0.036
39	P	0.003	0.032	0.000	0.000	0.032
40	T	0.005	0.028	0.000	0.000	0.028
>XP_001389634.1
pos	aa	C	S	n-reg	h-reg	c-reg
1	M	0.000	0.038	0.038	0.000	0.000
2	K	0.000	0.038	0.038	0.000	0.000
3	F	0.000	0.038	0.038	0.000	0.000
4	D	0.000	0.038	0.038	0.000	0.000
5	I	0.000	0.038	0.038	0.000	0.000
6	K	0.000	0.038	0.038	0.000	0.000
7	R	0.000	0.038	0.034	0.004	0.000
8	L	0.000	0.038	0.005	0.033	0.000
9	A	0.000	0.038	0.002	0.036	0.000
10	W	0.000	0.038	0.001	0.037	0.000
11	A	0.000	0.038	0.000	0.038	0.000
12	L	0.000	0.038	0.000	0.038	0.000
13	L	0.000	0.038	0.000	0.038	0.000
14	P	0.000	0.038	0.000	0.038	0.000
15	W	0.000	0.038	0.000	0.034	0.004
16	T	0.000	0.038	0.000	0.016	0.022
17	V	0.000	0.038	0.000	0.007	0.031
18	A	0.000	0.038	0.000	0.005	0.033
19	S	0.003	0.035	0.000	0.001	0.034
20	S	0.015	0.021	0.000	0.000	0.020
21	P	0.006	0.014	0.000	0.000	0.014
22	F	0.011	0.003	0.000	0.000	0.003
23	P	0.000	0.003	0.000	0.000	0.003
24	A	0.001	0.002	0.000	0.000	0.002
25	E	0.002	0.001	0.000	0.000	0.001
26	E	0.000	0.001	0.000	0.000	0.001
27	R	0.000	0.001	0.000	0.000	0.001
28	L	0.000	0.001	0.000	0.000	0.001
29	S	0.000	0.000	0.000	0.000	0.000
30	V	0.000	0.000	0.000	0.000	0.000
31	P	0.000	0.000	0.000	0.000	0.000
32	D	0.000	0.000	0.000	0.000	0.000
33	G	0.000	0.000	0.000	0.000	0.000
34	S	0.000	0.000	0.000	0.000	0.000
35	T	0.000	0.000	0.000	0.000	0.000
36	H	0.000	0.000	0.000	0.000	0.000
37	A	0.000	0.000	0.000	0.000	0.000
38	S	0.000	0.000	0.000	0.000	0.000
39	H	0.000	0.000	0.000	0.000	0.000
40	I	0.000	0.000	0.000	0.000	0.000
>XP_001389641.2
pos	aa	C	S	n-reg	h-reg	c-reg
1	M	0.000	0.895	0.895	0.000	0.000
2	K	0.000	0.895	0.895	0.000	0.000
3	L	0.000	0.895	0.423	0.472	0.000
4	P	0.000	0.895	0.243	0.653	0.000
5	L	0.000	0.895	0.146	0.750	0.000
6	W	0.000	0.895	0.117	0.778	0.000
7	P	0.000	0.895	0.092	0.803	0.000
8	L	0.000	0.895	0.009	0.886	0.000
9	V	0.000	0.895	0.003	0.892	0.000
10	A	0.000	0.895	0.001	0.894	0.000
11	L	0.000	0.895	0.000	0.842	0.053
12	P	0.000	0.895	0.000	0.302	0.593
13	L	0.000	0.895	0.000	0.263	0.632
14	S	0.000	0.895	0.000	0.196	0.699
15	A	0.000	0.895	0.000	0.180	0.715
16	A	0.058	0.837	0.000	0.046	0.791
17	L	0.560	0.277	0.000	0.036	0.241
18	V	0.013	0.263	0.000	0.023	0.241
19	F	0.000	0.263	0.000	0.009	0.254
20	P	0.000	0.263	0.000	0.001	0.262
21	F	0.236	0.027	0.000	0.001	0.026
22	Y	0.000	0.027	0.000	0.000	0.027
23	Q	0.000	0.027	0.000	0.000	0.027
24	N	0.021	0.006	0.000	0.000	0.006
25	H	0.000	0.006	0.000	0.000	0.006
26	L	0.000	0.006	0.000	0.000	0.006
27	P	0.001	0.005	0.000	0.000	0.005
28	K	0.004	0.000	0.000	0.000	0.000
29	D	0.000	0.000	0.000	0.000	0.000
30	D	0.000	0.000	0.000	0.000	0.000
31	H	0.000	0.000	0.000	0.000	0.000
32	S	0.000	0.000	0.000	0.000	0.000
33	I	0.000	0.000	0.000	0.000	0.000
34	T	0.000	0.000	0.000	0.000	0.000
35	I	0.000	0.000	0.000	0.000	0.000
36	D	0.000	0.000	0.000	0.000	0.000
37	D	0.000	0.000	0.000	0.000	0.000
38	E	0.000	0.000	0.000	0.000	0.000
39	N	0.000	0.000	0.000	0.000	0.000
40	K	0.000	0.000	0.000	0.000	0.000
>XP_001389651.1
pos	aa	C	S	n-reg	h-reg	c-reg
1	M	0.000	0.997	0.997	0.000	0.000
2	K	0.000	0.997	0.997	0.000	0.000
3	Q	0.000	0.997	0.982	0.015	0.000
4	A	0.000	0.997	0.885	0.112	0.000
5	G	0.000	0.997	0.805	0.192	0.000
6	S	0.000	0.997	0.465	0.532	0.000
7	I	0.000	0.997	0.068	0.929	0.000
8	L	0.000	0.997	0.019	0.978	0.000
9	A	0.000	0.997	0.001	0.996	0.000
10	L	0.000	0.997	0.000	0.997	0.000
11	A	0.000	0.997	0.000	0.996	0.001
12	G	0.000	0.997	0.000	0.983	0.014
13	L	0.000	0.997	0.000	0.969	0.028
14	V	0.000	0.997	0.000	0.925	0.072
15	S	0.000	0.997	0.000	0.554	0.443
16	L	0.000	0.997	0.000	0.528	0.469
17	A	0.002	0.995	0.000	0.051	0.944
18	Q	0.047	0.947	0.000	0.004	0.943
19	G	0.001	0.947	0.000	0.001	0.946
20	H	0.357	0.589	0.000	0.000	0.589
21	G	0.000	0.589	0.000	0.000	0.589
22	F	0.578	0.011	0.000	0.000	0.011
23	V	0.000	0.011	0.000	0.000	0.011
24	T	0.000	0.011	0.000	0.000	0.011
25	S	0.001	0.010	0.000	0.000	0.010
26	P	0.003	0.007	0.000	0.000	0.007
27	Q	0.003	0.004	0.000	0.000	0.004
28	A	0.001	0.003	0.000	0.000	0.003
29	R	0.003	0.001	0.000	0.000	0.001
30	M	0.000	0.001	0.000	0.000	0.001
31	P	0.000	0.001	0.000	0.000	0.001
32	G	0.000	0.000	0.000	0.000	0.000
33	S	0.000	0.000	0.000	0.000	0.000
34	A	0.000	0.000	0.000	0.000	0.000
35	M	0.000	0.000	0.000	0.000	0.000
36	E	0.000	0.000	0.000	0.000	0.000
37	K	0.000	0.000	0.000	0.000	0.000
38	A	0.000	0.000	0.000	0.000	0.000
39	C	0.000	0.000	0.000	0.000	0.000
40	G	0.000	0.000	0.000	0.000	0.000
>XP_001389652.2
pos	aa	C	S	n-reg	h-reg	c-reg
1	M	0.000	0.674	0.674	0.000	0.000
2	A	0.000	0.674	0.674	0.000	0.000
3	S	0.000	0.674	0.674	0.000	0.000
4	L	0.000	0.674	0.674	0.000	0.000
5	H	0.000	0.674	0.673	0.001	0.000
6	T	0.000	0.674	0.669	0.005	0.000
7	S	0.000	0.674	0.649	0.026	0.000
8	I	0.000	0.674	0.508	0.166	0.000
9	M	0.000	0.674	0.384	0.290	0.000
10	L	0.000	0.674	0.178	0.496	0.000
11	F	0.000	0.674	0.122	0.552	0.000
12	V	0.000	0.674	0.078	0.596	0.000
13	S	0.000	0.674	0.062	0.612	0.000
14	Y	0.000	0.674	0.044	0.630	0.000
15	V	0.000	0.674	0.014	0.660	0.001
16	F	0.000	0.674	0.002	0.670	0.002
17	L	0.000	0.674	0.000	0.670	0.004
18	L	0.000	0.674	0.000	0.664	0.010
19	L	0.000	0.674	0.000	0.653	0.021
20	S	0.000	0.674	0.000	0.404	0.270
21	V	0.001	0.673	0.000	0.282	0.391
22	P	0.000	0.673	0.000	0.119	0.554
23	V	0.001	0.672	0.000	0.101	0.571
24	A	0.000	0.672	0.000	0.024	0.649
25	L	0.004	0.668	0.000	0.019	0.649
26	V	0.010	0.659	0.000	0.010	0.649
27	N	0.000	0.659	0.000	0.001	0.658
28	A	0.000	0.659	0.000	0.000	0.658
29	V	0.644	0.015	0.000	0.000	0.015
30	P	0.000	0.015	0.000	0.000	0.015
31	T	0.000	0.014	0.000	0.000	0.014
32	S	0.001	0.013	0.000	0.000	0.013
33	G	0.000	0.013	0.000	0.000	0.013
34	S	0.006	0.007	0.000	0.000	0.007
35	V	0.007	0.000	0.000	0.000	0.000
36	D	0.000	0.000	0.000	0.000	0.000
37	V	0.000	0.000	0.000	0.000	0.000
38	T	0.000	0.000	0.000	0.000	0.000
39	S	0.000	0.000	0.000	0.000	0.000
40	H	0.000	0.000	0.000	0.000	0.000
>XP_001389661.1
pos	aa	C	S	n-reg	h-reg	c-reg
1	M	0.000	0.982	0.982	0.000	0.000
2	H	0.000	0.982	0.982	0.000	0.000
3	L	0.000	0.982	0.927	0.054	0.000
4	S	0.000	0.982	0.896	0.086	0.000
5	S	0.000	0.982	0.746	0.236	0.000
6	L	0.000	0.982	0.191	0.791	0.000
7	S	0.000	0.982	0.120	0.862	0.000
8	L	0.000	0.982	0.040	0.942	0.000
9	S	0.000	0.982	0.012	0.970	0.000
10	L	0.000	0.982	0.004	0.978	0.000
11	T	0.000	0.982	0.002	0.975	0.004
12	A	0.000	0.982	0.001	0.975	0.006
13	L	0.000	0.982	0.000	0.969	0.013
14	A	0.000	0.982	0.000	0.899	0.083
15	I	0.003	0.978	0.000	0.863	0.115
16	V	0.000	0.978	0.000	0.771	0.207
17	S	0.000	0.978	0.000	0.060	0.918
18	P	0.000	0.978	0.000	0.022	0.956
19	S	0.010	0.968	0.000	0.017	0.951
20	A	0.007	0.961	0.000	0.010	0.951
21	A	0.024	0.937	0.000	0.003	0.934
22	Y	0.839	0.098	0.000	0.001	0.097
23	P	0.000	0.098	0.000	0.000	0.098
24	H	0.040	0.058	0.000	0.000	0.058
25	L	0.000	0.058	0.000	0.000	0.058
26	G	0.001	0.058	0.000	0.000	0.058
27	S	0.001	0.057	0.000	0.000	0.057
28	S	0.001	0.056	0.000	0.000	0.056
29	Q	0.054	0.002	0.000	0.000	0.002
30	P	0.000	0.002	0.000	0.000	0.002
31	V	0.000	0.002	0.000	0.000	0.002
32	L	0.000	0.002	0.000	0.000	0.002
33	H	0.000	0.002	0.000	0.000	0.002
34	T	0.000	0.002	0.000	0.000	0.002
35	N	0.001	0.001	0.000	0.000	0.001
36	S	0.000	0.001	0.000	0.000	0.001
37	D	0.001	0.000	0.000	0.000	0.000
38	T	0.000	0.000	0.000	0.000	0.000
39	T	0.000	0.000	0.000	0.000	0.000
40	Q	0.000	0.000	0.000	0.000	0.000
>XP_001389668.2
pos	aa	C	S	n-reg	h-reg	c-reg
1	M	0.000	0.538	0.538	0.000	0.000
2	A	0.000	0.538	0.538	0.000	0.000
3	L	0.000	0.538	0.428	0.109	0.000
4	F	0.000	0.538	0.358	0.180	0.000
5	L	0.000	0.538	0.296	0.241	0.000
6	A	0.000	0.538	0.174	0.364	0.000
7	V	0.000	0.538	0.054	0.483	0.000
8	T	0.000	0.538	0.037	0.501	0.000
9	I	0.000	0.538	0.011	0.526	0.000
10	L	0.000	0.538	0.001	0.537	0.000
11	W	0.000	0.538	0.000	0.536	0.001
12	A	0.000	0.538	0.000	0.530	0.007
13	L	0.000	0.538	0.000	0.527	0.010
14	I	0.000	0.537	0.000	0.511	0.026
15	W	0.000	0.537	0.000	0.414	0.124
16	L	0.000	0.537	0.000	0.356	0.182
17	L	0.005	0.532	0.000	0.299	0.233
18	Y	0.001	0.532	0.000	0.041	0.490
19	R	0.000	0.532	0.000	0.004	0.528
20	A	0.000	0.532	0.000	0.002	0.529
21	W	0.086	0.446	0.000	0.001	0.445
22	Q	0.000	0.446	0.000	0.000	0.446
23	V	0.254	0.192	0.000	0.000	0.192
24	C	0.000	0.192	0.000	0.000	0.192
25	Q	0.022	0.170	0.000	0.000	0.170
26	T	0.117	0.053	0.000	0.000	0.053
27	P	0.053	0.000	0.000	0.000	0.000
28	N	0.000	0.000	0.000	0.000	0.000
29	D	0.000	0.000	0.000	0.000	0.000
30	V	0.000	0.000	0.000	0.000	0.000
31	L	0.000	0.000	0.000	0.000	0.000
32	V	0.000	0.000	0.000	0.000	0.000
33	E	0.000	0.000	0.000	0.000	0.000
34	K	0.000	0.000	0.000	0.000	0.000
35	L	0.000	0.000	0.000	0.000	0.000
36	G	0.000	0.000	0.000	0.000	0.000
37	L	0.000	0.000	0.000	0.000	0.000
38	D	0.000	0.000	0.000	0.000	0.000
39	I	0.000	0.000	0.000	0.000	0.000
40	P	0.000	0.000	0.000	0.000	0.000
>XP_001389677.2
pos	aa	C	S	n-reg	h-reg	c-reg
1	M	0.000	0.986	0.986	0.000	0.000
2	K	0.000	0.986	0.986	0.000	0.000
3	N	0.000	0.986	0.986	0.000	0.000
4	W	0.000	0.986	0.984	0.002	0.000
5	W	0.000	0.986	0.965	0.021	0.000
6	L	0.000	0.986	0.882	0.104	0.000
7	W	0.000	0.986	0.867	0.119	0.000
8	R	0.000	0.986	0.858	0.128	0.000
9	F	0.000	0.986	0.142	0.844	0.000
10	L	0.000	0.986	0.004	0.982	0.000
11	P	0.000	0.986	0.002	0.985	0.000
12	L	0.000	0.986	0.000	0.986	0.000
13	A	0.000	0.986	0.000	0.986	0.000
14	L	0.000	0.986	0.000	0.985	0.001
15	L	0.000	0.986	0.000	0.983	0.003
16	L	0.000	0.986	0.000	0.980	0.006
17	L	0.000	0.986	0.000	0.404	0.582
18	Q	0.000	0.986	0.000	0.030	0.956
19	A	0.000	0.986	0.000	0.004	0.982
20	L	0.004	0.982	0.000	0.004	0.978
21	A	0.000	0.982	0.000	0.003	0.979
22	D	0.974	0.007	0.000	0.000	0.007
23	E	0.000	0.007	0.000	0.000	0.007
24	Y	0.000	0.007	0.000	0.000	0.007
25	N	0.000	0.007	0.000	0.000	0.007
26	G	0.000	0.007	0.000	0.000	0.007
27	Q	0.007	0.000	0.000	0.000	0.000
28	H	0.000	0.000	0.000	0.000	0.000
29	D	0.000	0.000	0.000	0.000	0.000
30	T	0.000	0.000	0.000	0.000	0.000
31	Q	0.000	0.000	0.000	0.000	0.000
32	K	0.000	0.000	0.000	0.000	0.000
33	P	0.000	0.000	0.000	0.000	0.000
34	L	0.000	0.000	0.000	0.000	0.000
35	T	0.000	0.000	0.000	0.000	0.000
36	D	0.000	0.000	0.000	0.000	0.000
37	V	0.000	0.000	0.000	0.000	0.000
38	V	0.000	0.000	0.000	0.000	0.000
39	P	0.000	0.000	0.000	0.000	0.000
40	E	0.000	0.000	0.000	0.000	0.000
>XP_001389686.2
pos	aa	C	S	n-reg	h-reg	c-reg
1	M	0.000	0.768	0.768	0.000	0.000
2	T	0.000	0.769	0.769	0.000	0.000
3	L	0.000	0.769	0.612	0.158	0.000
4	Y	0.000	0.769	0.570	0.200	0.000
5	Y	0.000	0.769	0.512	0.257	0.000
6	S	0.000	0.769	0.300	0.469	0.000
7	L	0.000	0.769	0.065	0.704	0.000
8	V	0.000	0.769	0.045	0.724	0.000
9	F	0.000	0.769	0.017	0.753	0.000
10	C	0.000	0.769	0.005	0.764	0.000
11	L	0.000	0.769	0.003	0.766	0.001
12	L	0.000	0.769	0.002	0.765	0.002
13	V	0.000	0.769	0.002	0.729	0.039
14	F	0.000	0.769	0.002	0.525	0.243
15	E	0.000	0.769	0.002	0.222	0.545
16	M	0.000	0.769	0.002	0.215	0.553
17	A	0.000	0.769	0.001	0.129	0.639
18	V	0.084	0.686	0.001	0.094	0.591
19	F	0.000	0.686	0.001	0.054	0.631
20	M	0.000	0.686	0.001	0.043	0.642
21	G	0.000	0.686	0.001	0.002	0.683
22	L	0.449	0.237	0.001	0.002	0.235
23	I	0.052	0.186	0.001	0.001	0.184
24	I	0.000	0.186	0.001	0.001	0.184
25	P	0.000	0.186	0.001	0.001	0.184
26	L	0.175	0.011	0.001	0.001	0.009
27	P	0.001	0.010	0.001	0.001	0.008
28	F	0.004	0.006	0.001	0.001	0.004
29	T	0.000	0.006	0.001	0.001	0.004
30	V	0.003	0.002	0.001	0.001	0.001
31	K	0.000	0.001	0.001	0.000	0.001
32	R	0.000	0.001	0.001	0.000	0.001
33	K	0.000	0.001	0.001	0.000	0.001
34	L	0.000	0.001	0.001	0.000	0.001
35	F	0.000	0.001	0.001	0.000	0.001
36	A	0.000	0.001	0.001	0.000	0.001
37	F	0.001	0.001	0.001	0.000	0.000
38	I	0.000	0.001	0.001	0.000	0.000
39	S	0.000	0.001	0.001	0.000	0.000
40	E	0.000	0.001	0.001	0.000	0.000
>XP_001389723.1
pos	aa	C	S	n-reg	h-reg	c-reg
1	M	0.000	0.950	0.950	0.000	0.000
2	A	0.000	0.950	0.950	0.000	0.000
3	P	0.000	0.950	0.950	0.000	0.000
4	G	0.000	0.950	0.950	0.000	0.000
5	S	0.000	0.950	0.950	0.000	0.000
6	Q	0.000	0.950	0.950	0.000	0.000
7	R	0.000	0.950	0.950	0.000	0.000
8	R	0.000	0.950	0.950	0.000	0.000
9	P	0.000	0.950	0.950	0.000	0.000
10	Y	0.000	0.950	0.950	0.000	0.000
11	A	0.000	0.950	0.948	0.001	0.000
12	S	0.000	0.950	0.946	0.004	0.000
13	L	0.000	0.950	0.941	0.009	0.000
14	T	0.000	0.950	0.940	0.010	0.000
15	S	0.000	0.950	0.935	0.014	0.000
16	L	0.000	0.950	0.918	0.032	0.000
17	P	0.000	0.950	0.909	0.041	0.000
18	V	0.000	0.950	0.668	0.282	0.000
19	L	0.000	0.950	0.319	0.631	0.000
20	S	0.000	0.950	0.219	0.730	0.000
21	L	0.000	0.950	0.063	0.887	0.000
22	I	0.000	0.950	0.024	0.925	0.001
23	L	0.000	0.950	0.010	0.937	0.003
24	P	0.000	0.950	0.008	0.932	0.009
25	F	0.000	0.950	0.002	0.936	0.011
26	L	0.000	0.950	0.000	0.936	0.013
27	L	0.000	0.950	0.000	0.927	0.023
28	F	0.000	0.950	0.000	0.916	0.033
29	V	0.000	0.950	0.000	0.898	0.051
30	L	0.000	0.950	0.000	0.654	0.295
31	S	0.000	0.950	0.000	0.175	0.774
32	F	0.013	0.936	0.000	0.089	0.848
33	P	0.000	0.936	0.000	0.017	0.919
34	A	0.007	0.930	0.000	0.006	0.923
35	P	0.000	0.930	0.000	0.002	0.928
36	A	0.000	0.930	0.000	0.001	0.928
37	A	0.012	0.918	0.000	0.001	0.917
38	A	0.006	0.912	0.000	0.000	0.912
39	A	0.677	0.235	0.000	0.000	0.235
40	G	0.128	0.107	0.000	0.000	0.107
>XP_001389739.2
pos	aa	C	S	n-reg	h-reg	c-reg
1	M	0.000	0.998	0.998	0.000	0.000
2	R	0.000	0.998	0.998	0.000	0.000
3	I	0.000	0.998	0.992	0.006	0.000
4	P	0.000	0.998	0.987	0.011	0.000
5	T	0.000	0.998	0.951	0.047	0.000
6	G	0.000	0.998	0.760	0.238	0.000
7	L	0.000	0.998	0.341	0.657	0.000
8	S	0.000	0.998	0.296	0.702	0.000
9	T	0.000	0.998	0.182	0.816	0.000
10	L	0.000	0.998	0.024	0.974	0.000
11	L	0.000	0.998	0.005	0.993	0.000
12	F	0.000	0.998	0.002	0.994	0.001
13	S	0.000	0.998	0.001	0.991	0.006
14	S	0.000	0.998	0.000	0.984	0.014
15	A	0.000	0.998	0.000	0.948	0.050
16	L	0.000	0.998	0.000	0.897	0.100
17	L	0.000	0.998	0.000	0.772	0.226
18	P	0.000	0.998	0.000	0.297	0.701
19	S	0.000	0.997	0.000	0.144	0.853
20	L	0.000	0.997	0.000	0.134	0.864
21	A	0.000	0.997	0.000	0.041	0.956
22	S	0.061	0.936	0.000	0.001	0.935
23	A	0.074	0.862	0.000	0.000	0.862
24	S	0.407	0.456	0.000	0.000	0.456
25	G	0.005	0.450	0.000	0.000	0.450
26	G	0.259	0.191	0.000	0.000	0.191
27	F	0.189	0.002	0.000	0.000	0.002
28	D	0.000	0.002	0.000	0.000	0.002
29	C	0.000	0.002	0.000	0.000	0.002
30	H	0.001	0.000	0.000	0.000	0.000
31	N	0.000	0.000	0.000	0.000	0.000
32	I	0.000	0.000	0.000	0.000	0.000
33	I	0.000	0.000	0.000	0.000	0.000
34	V	0.000	0.000	0.000	0.000	0.000
35	D	0.000	0.000	0.000	0.000	0.000
36	S	0.000	0.000	0.000	0.000	0.000
37	Y	0.000	0.000	0.000	0.000	0.000
38	K	0.000	0.000	0.000	0.000	0.000
39	Y	0.000	0.000	0.000	0.000	0.000
40	D	0.000	0.000	0.000	0.000	0.000
>XP_001389748.2
pos	aa	C	S	n-reg	h-reg	c-reg
1	M	0.000	0.847	0.847	0.000	0.000
2	N	0.000	0.850	0.850	0.000	0.000
3	T	0.000	0.850	0.640	0.210	0.000
4	L	0.000	0.850	0.262	0.587	0.000
5	S	0.000	0.850	0.224	0.626	0.000
6	C	0.000	0.850	0.074	0.776	0.000
7	L	0.000	0.850	0.002	0.848	0.000
8	A	0.000	0.850	0.001	0.849	0.000
9	L	0.000	0.850	0.000	0.850	0.000
10	S	0.000	0.850	0.000	0.850	0.000
11	I	0.000	0.850	0.000	0.846	0.004
12	F	0.000	0.850	0.000	0.832	0.018
13	L	0.000	0.850	0.000	0.820	0.029
14	L	0.000	0.850	0.000	0.800	0.050
15	S	0.000	0.850	0.000	0.039	0.810
16	I	0.012	0.838	0.000	0.019	0.819
17	I	0.000	0.838	0.000	0.005	0.832
18	F	0.000	0.838	0.000	0.004	0.834
19	T	0.000	0.837	0.000	0.002	0.835
20	R	0.832	0.004	0.000	0.000	0.004
21	Y	0.000	0.004	0.000	0.000	0.004
22	R	0.000	0.004	0.000	0.000	0.004
23	K	0.000	0.004	0.000	0.000	0.004
24	N	0.000	0.004	0.000	0.000	0.004
25	L	0.000	0.004	0.000	0.000	0.004
26	P	0.000	0.004	0.000	0.000	0.004
27	S	0.001	0.002	0.000	0.000	0.002
28	L	0.000	0.002	0.000	0.000	0.002
29	W	0.000	0.002	0.000	0.000	0.002
30	R	0.000	0.002	0.000	0.000	0.002
31	T	0.000	0.002	0.000	0.000	0.002
32	K	0.000	0.002	0.000	0.000	0.002
33	H	0.000	0.002	0.000	0.000	0.002
34	A	0.000	0.002	0.000	0.000	0.002
35	E	0.002	0.000	0.000	0.000	0.000
36	P	0.000	0.000	0.000	0.000	0.000
37	G	0.000	0.000	0.000	0.000	0.000
38	C	0.000	0.000	0.000	0.000	0.000
39	N	0.000	0.000	0.000	0.000	0.000
40	D	0.000	0.000	0.000	0.000	0.000
>XP_001389754.1
pos	aa	C	S	n-reg	h-reg	c-reg
1	M	0.000	0.985	0.985	0.000	0.000
2	L	0.000	0.985	0.985	0.000	0.000
3	T	0.000	0.985	0.984	0.001	0.000
4	L	0.000	0.985	0.980	0.005	0.000
5	Y	0.000	0.985	0.977	0.008	0.000
6	S	0.000	0.985	0.951	0.034	0.000
7	G	0.000	0.985	0.896	0.089	0.000
8	L	0.000	0.985	0.776	0.209	0.000
9	L	0.000	0.985	0.723	0.262	0.000
10	R	0.000	0.985	0.711	0.274	0.000
11	V	0.000	0.985	0.258	0.727	0.000
12	L	0.000	0.985	0.096	0.889	0.000
13	P	0.000	0.985	0.069	0.916	0.001
14	L	0.000	0.985	0.006	0.978	0.001
15	L	0.000	0.985	0.001	0.982	0.002
16	L	0.000	0.985	0.000	0.974	0.011
17	L	0.000	0.985	0.000	0.949	0.036
18	A	0.000	0.985	0.000	0.878	0.107
19	F	0.002	0.983	0.000	0.811	0.172
20	T	0.000	0.983	0.000	0.516	0.468
21	I	0.008	0.975	0.000	0.297	0.678
22	T	0.000	0.975	0.000	0.095	0.880
23	V	0.016	0.959	0.000	0.038	0.921
24	S	0.000	0.959	0.000	0.013	0.945
25	S	0.341	0.618	0.000	0.003	0.615
26	E	0.563	0.054	0.000	0.000	0.054
27	H	0.000	0.054	0.000	0.000	0.054
28	T	0.000	0.054	0.000	0.000	0.054
29	S	0.009	0.045	0.000	0.000	0.045
30	N	0.001	0.044	0.000	0.000	0.044
31	W	0.000	0.044	0.000	0.000	0.044
32	A	0.000	0.044	0.000	0.000	0.044
33	V	0.021	0.022	0.000	0.000	0.022
34	L	0.000	0.022	0.000	0.000	0.022
35	V	0.002	0.021	0.000	0.000	0.021
36	S	0.000	0.021	0.000	0.000	0.021
37	T	0.003	0.018	0.000	0.000	0.018
38	S	0.007	0.011	0.000	0.000	0.011
39	R	0.010	0.001	0.000	0.000	0.001
40	F	0.000	0.001	0.000	0.000	0.001
>XP_001389767.1
pos	aa	C	S	n-reg	h-reg	c-reg
1	M	0.000	0.984	0.984	0.000	0.000
2	S	0.000	0.984	0.984	0.000	0.000
3	I	0.000	0.984	0.983	0.001	0.000
4	S	0.000	0.984	0.982	0.002	0.000
5	Q	0.000	0.984	0.980	0.005	0.000
6	S	0.000	0.984	0.953	0.031	0.000
7	R	0.000	0.984	0.931	0.053	0.000
8	L	0.000	0.984	0.242	0.742	0.000
9	A	0.000	0.984	0.007	0.977	0.000
10	L	0.000	0.984	0.001	0.984	0.000
11	L	0.000	0.984	0.000	0.984	0.000
12	A	0.000	0.984	0.000	0.984	0.000
13	L	0.000	0.984	0.000	0.984	0.000
14	C	0.000	0.984	0.000	0.979	0.005
15	F	0.000	0.984	0.000	0.973	0.011
16	V	0.000	0.984	0.000	0.873	0.111
17	Q	0.000	0.984	0.000	0.027	0.957
18	W	0.000	0.984	0.000	0.017	0.967
19	V	0.000	0.984	0.000	0.005	0.979
20	S	0.000	0.984	0.000	0.004	0.981
21	G	0.002	0.983	0.000	0.000	0.983
22	R	0.973	0.010	0.000	0.000	0.010
23	V	0.000	0.010	0.000	0.000	0.010
24	V	0.000	0.010	0.000	0.000	0.010
25	Q	0.000	0.010	0.000	0.000	0.010
26	F	0.010	0.000	0.000	0.000	0.000
27	Q	0.000	0.000	0.000	0.000	0.000
28	L	0.000	0.000	0.000	0.000	0.000
29	D	0.000	0.000	0.000	0.000	0.000
30	L	0.000	0.000	0.000	0.000	0.000
31	T	0.000	0.000	0.000	0.000	0.000
32	Y	0.000	0.000	0.000	0.000	0.000
33	E	0.000	0.000	0.000	0.000	0.000
34	D	0.000	0.000	0.000	0.000	0.000
35	V	0.000	0.000	0.000	0.000	0.000
36	S	0.000	0.000	0.000	0.000	0.000
37	V	0.000	0.000	0.000	0.000	0.000
38	A	0.000	0.000	0.000	0.000	0.000
39	G	0.000	0.000	0.000	0.000	0.000
40	D	0.000	0.000	0.000	0.000	0.000
