>XP_001398576.1
pos	aa	C	S	n-reg	h-reg	c-reg
1	M	0.000	0.859	0.859	0.000	0.000
2	I	0.000	0.859	0.859	0.000	0.000
3	R	0.000	0.859	0.857	0.002	0.000
4	H	0.000	0.859	0.693	0.166	0.000
5	V	0.000	0.859	0.222	0.637	0.000
6	L	0.000	0.859	0.041	0.818	0.000
7	L	0.000	0.859	0.007	0.852	0.000
8	S	0.000	0.859	0.001	0.858	0.000
9	L	0.000	0.859	0.000	0.859	0.000
10	A	0.000	0.859	0.000	0.859	0.000
11	L	0.000	0.859	0.000	0.859	0.000
12	Q	0.000	0.859	0.000	0.771	0.088
13	C	0.000	0.859	0.000	0.628	0.231
14	M	0.000	0.859	0.000	0.523	0.336
15	V	0.000	0.859	0.000	0.480	0.379
16	T	0.000	0.859	0.000	0.030	0.828
17	G	0.001	0.858	0.000	0.009	0.849
18	T	0.013	0.845	0.000	0.000	0.845
19	I	0.002	0.843	0.000	0.000	0.843
20	A	0.000	0.843	0.000	0.000	0.843
21	N	0.827	0.016	0.000	0.000	0.016
22	P	0.000	0.016	0.000	0.000	0.016
23	D	0.016	0.001	0.000	0.000	0.001
24	T	0.000	0.001	0.000	0.000	0.001
25	L	0.000	0.001	0.000	0.000	0.001
26	S	0.000	0.001	0.000	0.000	0.001
27	H	0.001	0.000	0.000	0.000	0.000
28	N	0.000	0.000	0.000	0.000	0.000
29	Y	0.000	0.000	0.000	0.000	0.000
30	D	0.000	0.000	0.000	0.000	0.000
31	E	0.000	0.000	0.000	0.000	0.000
32	R	0.000	0.000	0.000	0.000	0.000
33	G	0.000	0.000	0.000	0.000	0.000
34	L	0.000	0.000	0.000	0.000	0.000
35	F	0.000	0.000	0.000	0.000	0.000
36	G	0.000	0.000	0.000	0.000	0.000
37	D	0.000	0.000	0.000	0.000	0.000
38	S	0.000	0.000	0.000	0.000	0.000
39	E	0.000	0.000	0.000	0.000	0.000
40	Y	0.000	0.000	0.000	0.000	0.000
>XP_001398578.1
pos	aa	C	S	n-reg	h-reg	c-reg
1	M	0.000	0.370	0.370	0.000	0.000
2	T	0.000	0.371	0.371	0.000	0.000
3	S	0.000	0.371	0.370	0.000	0.000
4	Q	0.000	0.371	0.370	0.000	0.000
5	R	0.000	0.371	0.370	0.001	0.000
6	I	0.000	0.371	0.334	0.037	0.000
7	H	0.000	0.371	0.303	0.068	0.000
8	L	0.000	0.371	0.098	0.273	0.000
9	I	0.000	0.371	0.045	0.326	0.000
10	G	0.000	0.371	0.032	0.338	0.000
11	L	0.000	0.371	0.007	0.364	0.000
12	G	0.000	0.371	0.002	0.369	0.000
13	S	0.000	0.371	0.001	0.369	0.000
14	I	0.000	0.371	0.000	0.367	0.003
15	G	0.000	0.371	0.000	0.348	0.022
16	T	0.000	0.371	0.000	0.341	0.029
17	L	0.000	0.370	0.000	0.328	0.043
18	I	0.000	0.370	0.000	0.306	0.064
19	A	0.000	0.370	0.000	0.200	0.170
20	H	0.022	0.348	0.000	0.007	0.341
21	S	0.000	0.348	0.000	0.005	0.342
22	L	0.014	0.333	0.000	0.002	0.331
23	R	0.000	0.333	0.000	0.000	0.333
24	S	0.000	0.333	0.000	0.000	0.333
25	L	0.215	0.118	0.000	0.000	0.118
26	P	0.000	0.118	0.000	0.000	0.118
27	A	0.112	0.006	0.000	0.000	0.006
28	P	0.005	0.001	0.000	0.000	0.001
29	P	0.000	0.001	0.000	0.000	0.001
30	P	0.000	0.001	0.000	0.000	0.001
31	I	0.000	0.001	0.000	0.000	0.001
32	T	0.000	0.001	0.000	0.000	0.001
33	I	0.000	0.001	0.000	0.000	0.001
34	L	0.000	0.001	0.000	0.000	0.001
35	L	0.000	0.000	0.000	0.000	0.000
36	H	0.000	0.000	0.000	0.000	0.000
37	R	0.000	0.000	0.000	0.000	0.000
38	E	0.000	0.000	0.000	0.000	0.000
39	S	0.000	0.000	0.000	0.000	0.000
40	A	0.000	0.000	0.000	0.000	0.000
>XP_001398581.2
pos	aa	C	S	n-reg	h-reg	c-reg
1	M	0.000	0.000	0.000	0.000	0.000
2	L	0.000	0.000	0.000	0.000	0.000
3	V	0.000	0.000	0.000	0.000	0.000
4	Y	0.000	0.000	0.000	0.000	0.000
5	L	0.000	0.000	0.000	0.000	0.000
6	T	0.000	0.000	0.000	0.000	0.000
7	N	0.000	0.000	0.000	0.000	0.000
8	F	0.000	0.000	0.000	0.000	0.000
9	F	0.000	0.000	0.000	0.000	0.000
10	I	0.000	0.000	0.000	0.000	0.000
11	A	0.000	0.000	0.000	0.000	0.000
12	W	0.000	0.000	0.000	0.000	0.000
13	L	0.000	0.000	0.000	0.000	0.000
14	A	0.000	0.000	0.000	0.000	0.000
15	Y	0.000	0.000	0.000	0.000	0.000
16	F	0.000	0.000	0.000	0.000	0.000
17	W	0.000	0.000	0.000	0.000	0.000
18	Q	0.000	0.000	0.000	0.000	0.000
19	P	0.000	0.000	0.000	0.000	0.000
20	K	0.000	0.000	0.000	0.000	0.000
21	K	0.000	0.000	0.000	0.000	0.000
22	Q	0.000	0.000	0.000	0.000	0.000
23	P	0.000	0.000	0.000	0.000	0.000
24	C	0.000	0.000	0.000	0.000	0.000
25	G	0.000	0.000	0.000	0.000	0.000
26	S	0.000	0.000	0.000	0.000	0.000
27	L	0.000	0.000	0.000	0.000	0.000
28	T	0.000	0.000	0.000	0.000	0.000
29	L	0.000	0.000	0.000	0.000	0.000
30	P	0.000	0.000	0.000	0.000	0.000
31	H	0.000	0.000	0.000	0.000	0.000
32	I	0.000	0.000	0.000	0.000	0.000
33	P	0.000	0.000	0.000	0.000	0.000
34	G	0.000	0.000	0.000	0.000	0.000
35	V	0.000	0.000	0.000	0.000	0.000
36	D	0.000	0.000	0.000	0.000	0.000
37	I	0.000	0.000	0.000	0.000	0.000
38	I	0.000	0.000	0.000	0.000	0.000
39	S	0.000	0.000	0.000	0.000	0.000
40	M	0.000	0.000	0.000	0.000	0.000
>XP_001398590.1
pos	aa	C	S	n-reg	h-reg	c-reg
1	M	0.000	0.308	0.308	0.000	0.000
2	L	0.000	0.443	0.443	0.000	0.000
3	S	0.000	0.443	0.324	0.118	0.000
4	L	0.000	0.443	0.149	0.293	0.000
5	A	0.000	0.443	0.137	0.305	0.000
6	I	0.000	0.443	0.135	0.307	0.000
7	Q	0.000	0.443	0.135	0.307	0.000
8	S	0.000	0.443	0.135	0.307	0.000
9	L	0.000	0.443	0.135	0.307	0.000
10	L	0.000	0.443	0.135	0.307	0.000
11	F	0.000	0.443	0.135	0.247	0.061
12	E	0.000	0.443	0.135	0.077	0.231
13	A	0.000	0.443	0.135	0.010	0.297
14	D	0.000	0.442	0.135	0.001	0.307
15	A	0.000	0.442	0.135	0.000	0.307
16	H	0.044	0.399	0.135	0.000	0.264
17	A	0.000	0.399	0.135	0.000	0.264
18	A	0.219	0.180	0.135	0.000	0.045
19	S	0.006	0.174	0.135	0.000	0.039
20	P	0.004	0.170	0.135	0.000	0.035
21	A	0.017	0.153	0.135	0.000	0.018
22	L	0.001	0.152	0.135	0.000	0.017
23	Q	0.000	0.152	0.135	0.000	0.017
24	R	0.003	0.149	0.135	0.000	0.014
25	R	0.000	0.149	0.135	0.000	0.014
26	S	0.000	0.149	0.135	0.000	0.014
27	S	0.000	0.149	0.135	0.000	0.014
28	S	0.000	0.148	0.135	0.000	0.013
29	S	0.001	0.148	0.135	0.000	0.013
30	A	0.003	0.145	0.135	0.000	0.010
31	S	0.003	0.142	0.135	0.000	0.007
32	T	0.001	0.141	0.135	0.000	0.006
33	E	0.001	0.141	0.135	0.000	0.006
34	G	0.000	0.141	0.135	0.000	0.006
35	E	0.003	0.137	0.135	0.000	0.002
36	A	0.000	0.137	0.135	0.000	0.002
37	V	0.002	0.135	0.135	0.000	0.000
38	M	0.000	0.135	0.135	0.000	0.000
39	S	0.000	0.135	0.135	0.000	0.000
40	P	0.000	0.135	0.135	0.000	0.000
>XP_001398592.1
pos	aa	C	S	n-reg	h-reg	c-reg
1	M	0.000	0.933	0.933	0.000	0.000
2	K	0.000	0.933	0.933	0.000	0.000
3	S	0.000	0.933	0.759	0.174	0.000
4	T	0.000	0.933	0.570	0.363	0.000
5	T	0.000	0.933	0.412	0.522	0.000
6	L	0.000	0.933	0.005	0.929	0.000
7	L	0.000	0.933	0.000	0.933	0.000
8	S	0.000	0.933	0.000	0.933	0.000
9	L	0.000	0.933	0.000	0.933	0.000
10	A	0.000	0.933	0.000	0.933	0.000
11	W	0.000	0.933	0.000	0.878	0.055
12	A	0.000	0.933	0.000	0.804	0.129
13	A	0.000	0.933	0.000	0.722	0.211
14	Q	0.000	0.933	0.000	0.032	0.901
15	S	0.000	0.933	0.000	0.020	0.912
16	A	0.029	0.903	0.000	0.002	0.902
17	Y	0.016	0.887	0.000	0.000	0.887
18	S	0.000	0.887	0.000	0.000	0.887
19	L	0.798	0.089	0.000	0.000	0.089
20	S	0.000	0.089	0.000	0.000	0.089
21	I	0.089	0.000	0.000	0.000	0.000
22	H	0.000	0.000	0.000	0.000	0.000
23	E	0.000	0.000	0.000	0.000	0.000
24	R	0.000	0.000	0.000	0.000	0.000
25	D	0.000	0.000	0.000	0.000	0.000
26	E	0.000	0.000	0.000	0.000	0.000
27	P	0.000	0.000	0.000	0.000	0.000
28	A	0.000	0.000	0.000	0.000	0.000
29	T	0.000	0.000	0.000	0.000	0.000
30	L	0.000	0.000	0.000	0.000	0.000
31	Q	0.000	0.000	0.000	0.000	0.000
32	F	0.000	0.000	0.000	0.000	0.000
33	N	0.000	0.000	0.000	0.000	0.000
34	F	0.000	0.000	0.000	0.000	0.000
35	E	0.000	0.000	0.000	0.000	0.000
36	R	0.000	0.000	0.000	0.000	0.000
37	R	0.000	0.000	0.000	0.000	0.000
38	Q	0.000	0.000	0.000	0.000	0.000
39	I	0.000	0.000	0.000	0.000	0.000
40	A	0.000	0.000	0.000	0.000	0.000
>XP_001398594.1
pos	aa	C	S	n-reg	h-reg	c-reg
1	M	0.000	0.916	0.916	0.000	0.000
2	H	0.000	0.916	0.916	0.000	0.000
3	P	0.000	0.916	0.880	0.036	0.000
4	T	0.000	0.916	0.631	0.285	0.000
5	I	0.000	0.916	0.381	0.534	0.000
6	A	0.000	0.916	0.177	0.738	0.000
7	T	0.000	0.916	0.055	0.861	0.000
8	L	0.000	0.916	0.017	0.898	0.000
9	S	0.000	0.916	0.004	0.911	0.000
10	I	0.000	0.916	0.001	0.915	0.000
11	L	0.000	0.916	0.000	0.915	0.001
12	A	0.000	0.916	0.000	0.891	0.025
13	V	0.000	0.916	0.000	0.840	0.076
14	A	0.000	0.916	0.000	0.747	0.169
15	S	0.000	0.915	0.000	0.341	0.574
16	L	0.000	0.915	0.000	0.308	0.607
17	A	0.008	0.907	0.000	0.033	0.874
18	E	0.057	0.849	0.000	0.004	0.846
19	A	0.000	0.849	0.000	0.003	0.847
20	V	0.473	0.376	0.000	0.002	0.375
21	A	0.000	0.376	0.000	0.001	0.375
22	I	0.317	0.060	0.000	0.000	0.060
23	E	0.000	0.060	0.000	0.000	0.060
24	A	0.000	0.060	0.000	0.000	0.060
25	R	0.049	0.011	0.000	0.000	0.011
26	S	0.000	0.011	0.000	0.000	0.011
27	Q	0.010	0.001	0.000	0.000	0.001
28	N	0.000	0.001	0.000	0.000	0.001
29	A	0.000	0.001	0.000	0.000	0.001
30	T	0.000	0.000	0.000	0.000	0.000
31	P	0.000	0.000	0.000	0.000	0.000
32	L	0.000	0.000	0.000	0.000	0.000
33	T	0.000	0.000	0.000	0.000	0.000
34	P	0.000	0.000	0.000	0.000	0.000
35	S	0.000	0.000	0.000	0.000	0.000
36	P	0.000	0.000	0.000	0.000	0.000
37	S	0.000	0.000	0.000	0.000	0.000
38	A	0.000	0.000	0.000	0.000	0.000
39	T	0.000	0.000	0.000	0.000	0.000
40	T	0.000	0.000	0.000	0.000	0.000
>XP_001398596.2
pos	aa	C	S	n-reg	h-reg	c-reg
1	M	0.000	0.012	0.012	0.000	0.000
2	S	0.000	0.016	0.016	0.000	0.000
3	E	0.000	0.016	0.016	0.000	0.000
4	I	0.000	0.016	0.016	0.000	0.000
5	Q	0.000	0.016	0.016	0.000	0.000
6	A	0.000	0.016	0.016	0.000	0.000
7	R	0.000	0.016	0.016	0.000	0.000
8	A	0.000	0.016	0.016	0.000	0.000
9	A	0.000	0.016	0.016	0.000	0.000
10	G	0.000	0.016	0.016	0.000	0.000
11	A	0.000	0.016	0.016	0.000	0.000
12	S	0.000	0.016	0.016	0.000	0.000
13	V	0.000	0.016	0.016	0.000	0.000
14	Q	0.000	0.016	0.016	0.000	0.000
15	P	0.000	0.016	0.016	0.000	0.000
16	P	0.000	0.016	0.016	0.000	0.000
17	L	0.000	0.016	0.015	0.001	0.000
18	S	0.000	0.016	0.014	0.002	0.000
19	Q	0.000	0.016	0.013	0.003	0.000
20	A	0.000	0.016	0.009	0.007	0.000
21	V	0.000	0.016	0.005	0.011	0.000
22	G	0.000	0.016	0.004	0.012	0.000
23	Y	0.000	0.016	0.002	0.014	0.000
24	V	0.000	0.016	0.001	0.015	0.000
25	I	0.000	0.016	0.000	0.016	0.000
26	V	0.000	0.016	0.000	0.016	0.000
27	V	0.000	0.016	0.000	0.016	0.000
28	V	0.000	0.016	0.000	0.016	0.000
29	L	0.000	0.016	0.000	0.015	0.001
30	G	0.000	0.016	0.000	0.009	0.007
31	L	0.000	0.016	0.000	0.008	0.008
32	I	0.000	0.016	0.000	0.007	0.009
33	I	0.000	0.016	0.000	0.007	0.009
34	A	0.000	0.016	0.000	0.006	0.010
35	A	0.007	0.008	0.000	0.005	0.003
36	V	0.002	0.007	0.000	0.005	0.002
37	M	0.000	0.006	0.000	0.004	0.002
38	M	0.000	0.006	0.000	0.004	0.002
39	V	0.000	0.006	0.000	0.003	0.002
40	I	0.000	0.005	0.000	0.003	0.002
>XP_001398601.1
pos	aa	C	S	n-reg	h-reg	c-reg
1	M	0.000	0.344	0.344	0.000	0.000
2	L	0.000	0.344	0.344	0.000	0.000
3	L	0.000	0.344	0.328	0.016	0.000
4	R	0.000	0.344	0.325	0.019	0.000
5	I	0.000	0.344	0.205	0.139	0.000
6	W	0.000	0.344	0.108	0.236	0.000
7	H	0.000	0.344	0.070	0.274	0.000
8	I	0.000	0.344	0.000	0.344	0.000
9	L	0.000	0.344	0.000	0.344	0.000
10	Y	0.000	0.344	0.000	0.344	0.000
11	T	0.000	0.344	0.000	0.341	0.003
12	F	0.000	0.344	0.000	0.340	0.004
13	I	0.000	0.344	0.000	0.326	0.019
14	V	0.000	0.344	0.000	0.167	0.177
15	V	0.000	0.344	0.000	0.113	0.232
16	V	0.000	0.344	0.000	0.001	0.344
17	Q	0.000	0.344	0.000	0.001	0.344
18	A	0.001	0.343	0.000	0.001	0.343
19	I	0.343	0.001	0.000	0.001	0.000
20	D	0.000	0.000	0.000	0.000	0.000
21	Y	0.000	0.000	0.000	0.000	0.000
22	D	0.000	0.000	0.000	0.000	0.000
23	V	0.000	0.000	0.000	0.000	0.000
24	D	0.000	0.000	0.000	0.000	0.000
25	D	0.000	0.000	0.000	0.000	0.000
26	P	0.000	0.000	0.000	0.000	0.000
27	D	0.000	0.000	0.000	0.000	0.000
28	S	0.000	0.000	0.000	0.000	0.000
29	I	0.000	0.000	0.000	0.000	0.000
30	K	0.000	0.000	0.000	0.000	0.000
31	A	0.000	0.000	0.000	0.000	0.000
32	A	0.000	0.000	0.000	0.000	0.000
33	C	0.000	0.000	0.000	0.000	0.000
34	H	0.000	0.000	0.000	0.000	0.000
35	S	0.000	0.000	0.000	0.000	0.000
36	V	0.000	0.000	0.000	0.000	0.000
37	A	0.000	0.000	0.000	0.000	0.000
38	R	0.000	0.000	0.000	0.000	0.000
39	Q	0.000	0.000	0.000	0.000	0.000
40	M	0.000	0.000	0.000	0.000	0.000
>XP_001398607.2
pos	aa	C	S	n-reg	h-reg	c-reg
1	M	0.000	0.005	0.005	0.000	0.000
2	I	0.000	0.005	0.005	0.000	0.000
3	S	0.000	0.005	0.005	0.000	0.000
4	A	0.000	0.005	0.005	0.000	0.000
5	S	0.000	0.005	0.005	0.000	0.000
6	T	0.000	0.005	0.005	0.000	0.000
7	T	0.000	0.005	0.005	0.000	0.000
8	D	0.000	0.005	0.005	0.000	0.000
9	T	0.000	0.005	0.004	0.001	0.000
10	F	0.000	0.005	0.002	0.003	0.000
11	T	0.000	0.005	0.001	0.004	0.000
12	Q	0.000	0.005	0.001	0.004	0.000
13	V	0.000	0.005	0.000	0.005	0.000
14	I	0.000	0.005	0.000	0.005	0.000
15	I	0.000	0.005	0.000	0.005	0.000
16	I	0.000	0.005	0.000	0.005	0.000
17	G	0.000	0.005	0.000	0.005	0.000
18	A	0.000	0.005	0.000	0.004	0.001
19	G	0.000	0.005	0.000	0.003	0.002
20	M	0.000	0.005	0.000	0.002	0.003
21	S	0.000	0.005	0.000	0.002	0.003
22	G	0.000	0.005	0.000	0.000	0.005
23	L	0.000	0.005	0.000	0.000	0.005
24	A	0.000	0.005	0.000	0.000	0.005
25	M	0.001	0.004	0.000	0.000	0.004
26	A	0.000	0.004	0.000	0.000	0.004
27	C	0.004	0.000	0.000	0.000	0.000
28	Q	0.000	0.000	0.000	0.000	0.000
29	L	0.000	0.000	0.000	0.000	0.000
30	K	0.000	0.000	0.000	0.000	0.000
31	K	0.000	0.000	0.000	0.000	0.000
32	Q	0.000	0.000	0.000	0.000	0.000
33	L	0.000	0.000	0.000	0.000	0.000
34	C	0.000	0.000	0.000	0.000	0.000
35	C	0.000	0.000	0.000	0.000	0.000
36	E	0.000	0.000	0.000	0.000	0.000
37	D	0.000	0.000	0.000	0.000	0.000
38	F	0.000	0.000	0.000	0.000	0.000
39	V	0.000	0.000	0.000	0.000	0.000
40	I	0.000	0.000	0.000	0.000	0.000
>XP_001398608.1
pos	aa	C	S	n-reg	h-reg	c-reg
1	M	0.000	0.692	0.692	0.000	0.000
2	P	0.000	0.692	0.692	0.000	0.000
3	T	0.000	0.692	0.486	0.206	0.000
4	I	0.000	0.692	0.122	0.570	0.000
5	L	0.000	0.692	0.007	0.685	0.000
6	L	0.000	0.692	0.001	0.691	0.000
7	T	0.000	0.692	0.000	0.692	0.000
8	L	0.000	0.692	0.000	0.692	0.000
9	L	0.000	0.692	0.000	0.692	0.000
10	A	0.000	0.692	0.000	0.691	0.000
11	L	0.000	0.692	0.000	0.683	0.009
12	L	0.000	0.692	0.000	0.576	0.115
13	T	0.000	0.692	0.000	0.087	0.605
14	L	0.003	0.689	0.000	0.048	0.641
15	R	0.005	0.684	0.000	0.000	0.684
16	L	0.000	0.684	0.000	0.000	0.684
17	L	0.154	0.530	0.000	0.000	0.530
18	Y	0.530	0.000	0.000	0.000	0.000
19	E	0.000	0.000	0.000	0.000	0.000
20	Y	0.000	0.000	0.000	0.000	0.000
21	K	0.000	0.000	0.000	0.000	0.000
22	R	0.000	0.000	0.000	0.000	0.000
23	D	0.000	0.000	0.000	0.000	0.000
24	R	0.000	0.000	0.000	0.000	0.000
25	N	0.000	0.000	0.000	0.000	0.000
26	L	0.000	0.000	0.000	0.000	0.000
27	P	0.000	0.000	0.000	0.000	0.000
28	P	0.000	0.000	0.000	0.000	0.000
29	G	0.000	0.000	0.000	0.000	0.000
30	P	0.000	0.000	0.000	0.000	0.000
31	R	0.000	0.000	0.000	0.000	0.000
32	R	0.000	0.000	0.000	0.000	0.000
33	L	0.000	0.000	0.000	0.000	0.000
34	P	0.000	0.000	0.000	0.000	0.000
35	L	0.000	0.000	0.000	0.000	0.000
36	I	0.000	0.000	0.000	0.000	0.000
37	G	0.000	0.000	0.000	0.000	0.000
38	N	0.000	0.000	0.000	0.000	0.000
39	L	0.000	0.000	0.000	0.000	0.000
40	H	0.000	0.000	0.000	0.000	0.000
>XP_001398617.2
pos	aa	C	S	n-reg	h-reg	c-reg
1	M	0.000	0.666	0.666	0.000	0.000
2	A	0.000	0.674	0.674	0.000	0.000
3	I	0.000	0.674	0.673	0.000	0.000
4	Y	0.000	0.674	0.673	0.000	0.000
5	G	0.000	0.674	0.673	0.001	0.000
6	G	0.000	0.674	0.666	0.008	0.000
7	A	0.000	0.674	0.641	0.032	0.000
8	A	0.000	0.674	0.626	0.048	0.000
9	P	0.000	0.674	0.612	0.061	0.000
10	S	0.000	0.674	0.542	0.131	0.000
11	L	0.000	0.674	0.354	0.320	0.000
12	A	0.000	0.674	0.302	0.371	0.000
13	G	0.000	0.674	0.255	0.419	0.000
14	S	0.000	0.674	0.173	0.500	0.000
15	V	0.000	0.673	0.066	0.606	0.001
16	I	0.000	0.673	0.032	0.640	0.002
17	M	0.000	0.673	0.020	0.647	0.006
18	L	0.000	0.673	0.016	0.618	0.040
19	T	0.000	0.673	0.015	0.540	0.118
20	T	0.000	0.673	0.014	0.485	0.174
21	L	0.000	0.673	0.014	0.468	0.191
22	A	0.002	0.672	0.014	0.430	0.227
23	L	0.068	0.603	0.014	0.245	0.345
24	L	0.010	0.593	0.014	0.171	0.408
25	T	0.020	0.573	0.014	0.042	0.518
26	Y	0.010	0.562	0.014	0.026	0.523
27	G	0.000	0.561	0.014	0.020	0.527
28	L	0.451	0.110	0.014	0.006	0.090
29	R	0.001	0.107	0.014	0.000	0.093
30	I	0.000	0.107	0.014	0.000	0.093
31	Y	0.000	0.107	0.014	0.000	0.093
32	C	0.000	0.107	0.014	0.000	0.093
33	R	0.093	0.014	0.014	0.000	0.000
34	V	0.000	0.014	0.014	0.000	0.000
35	T	0.000	0.014	0.014	0.000	0.000
36	R	0.000	0.014	0.014	0.000	0.000
37	K	0.000	0.014	0.014	0.000	0.000
38	S	0.000	0.014	0.014	0.000	0.000
39	W	0.000	0.014	0.014	0.000	0.000
40	S	0.000	0.014	0.014	0.000	0.000
>XP_001398635.1
pos	aa	C	S	n-reg	h-reg	c-reg
1	M	0.000	0.150	0.150	0.000	0.000
2	A	0.000	0.150	0.150	0.000	0.000
3	L	0.000	0.150	0.150	0.000	0.000
4	I	0.000	0.150	0.150	0.001	0.000
5	P	0.000	0.150	0.150	0.001	0.000
6	G	0.000	0.150	0.148	0.003	0.000
7	L	0.000	0.150	0.145	0.006	0.000
8	S	0.000	0.150	0.144	0.006	0.000
9	R	0.000	0.150	0.143	0.007	0.000
10	Y	0.000	0.150	0.103	0.047	0.000
11	V	0.000	0.150	0.078	0.072	0.000
12	W	0.000	0.150	0.067	0.083	0.000
13	A	0.000	0.150	0.041	0.109	0.000
14	S	0.000	0.150	0.027	0.123	0.001
15	I	0.000	0.150	0.008	0.141	0.001
16	L	0.000	0.150	0.002	0.148	0.001
17	C	0.000	0.150	0.000	0.147	0.003
18	S	0.000	0.150	0.000	0.123	0.028
19	M	0.000	0.150	0.000	0.109	0.041
20	G	0.000	0.150	0.000	0.104	0.046
21	G	0.002	0.148	0.000	0.069	0.079
22	F	0.001	0.147	0.000	0.067	0.081
23	L	0.000	0.147	0.000	0.064	0.083
24	F	0.004	0.143	0.000	0.045	0.098
25	G	0.000	0.143	0.000	0.013	0.130
26	M	0.074	0.070	0.000	0.003	0.066
27	D	0.000	0.069	0.000	0.000	0.069
28	T	0.000	0.069	0.000	0.000	0.069
29	G	0.007	0.062	0.000	0.000	0.062
30	I	0.005	0.057	0.000	0.000	0.057
31	I	0.000	0.057	0.000	0.000	0.057
32	G	0.000	0.057	0.000	0.000	0.057
33	S	0.053	0.004	0.000	0.000	0.004
34	V	0.004	0.000	0.000	0.000	0.000
35	V	0.000	0.000	0.000	0.000	0.000
36	V	0.000	0.000	0.000	0.000	0.000
37	M	0.000	0.000	0.000	0.000	0.000
38	D	0.000	0.000	0.000	0.000	0.000
39	Q	0.000	0.000	0.000	0.000	0.000
40	F	0.000	0.000	0.000	0.000	0.000
>XP_001398654.1
pos	aa	C	S	n-reg	h-reg	c-reg
1	M	0.000	0.233	0.233	0.000	0.000
2	R	0.000	0.233	0.233	0.000	0.000
3	Q	0.000	0.233	0.232	0.000	0.000
4	F	0.000	0.233	0.232	0.001	0.000
5	S	0.000	0.233	0.231	0.002	0.000
6	S	0.000	0.233	0.227	0.006	0.000
7	Y	0.000	0.233	0.215	0.018	0.000
8	N	0.000	0.233	0.203	0.030	0.000
9	A	0.000	0.233	0.125	0.107	0.000
10	A	0.000	0.233	0.070	0.162	0.000
11	N	0.000	0.233	0.037	0.196	0.000
12	L	0.000	0.233	0.002	0.231	0.000
13	L	0.000	0.233	0.000	0.232	0.000
14	T	0.000	0.233	0.000	0.232	0.000
15	F	0.000	0.233	0.000	0.231	0.001
16	F	0.000	0.233	0.000	0.229	0.004
17	L	0.000	0.233	0.000	0.210	0.022
18	G	0.000	0.233	0.000	0.159	0.074
19	A	0.000	0.233	0.000	0.052	0.181
20	K	0.000	0.232	0.000	0.010	0.222
21	A	0.000	0.232	0.000	0.004	0.229
22	A	0.023	0.210	0.000	0.003	0.207
23	A	0.021	0.189	0.000	0.002	0.187
24	E	0.149	0.040	0.000	0.000	0.040
25	S	0.000	0.040	0.000	0.000	0.040
26	T	0.029	0.012	0.000	0.000	0.012
27	W	0.000	0.011	0.000	0.000	0.011
28	P	0.000	0.011	0.000	0.000	0.011
29	Q	0.011	0.000	0.000	0.000	0.000
30	Q	0.000	0.000	0.000	0.000	0.000
31	T	0.000	0.000	0.000	0.000	0.000
32	F	0.000	0.000	0.000	0.000	0.000
33	R	0.000	0.000	0.000	0.000	0.000
34	S	0.000	0.000	0.000	0.000	0.000
35	T	0.000	0.000	0.000	0.000	0.000
36	S	0.000	0.000	0.000	0.000	0.000
37	I	0.000	0.000	0.000	0.000	0.000
38	Q	0.000	0.000	0.000	0.000	0.000
39	A	0.000	0.000	0.000	0.000	0.000
40	P	0.000	0.000	0.000	0.000	0.000
>XP_001398661.1
pos	aa	C	S	n-reg	h-reg	c-reg
1	M	0.000	0.990	0.990	0.000	0.000
2	V	0.000	0.991	0.991	0.000	0.000
3	R	0.000	0.991	0.987	0.003	0.000
4	L	0.000	0.991	0.766	0.224	0.000
5	S	0.000	0.991	0.744	0.247	0.000
6	N	0.000	0.991	0.667	0.324	0.000
7	L	0.000	0.991	0.018	0.972	0.000
8	V	0.000	0.991	0.005	0.986	0.000
9	S	0.000	0.991	0.002	0.988	0.000
10	C	0.000	0.991	0.001	0.990	0.000
11	L	0.000	0.991	0.000	0.990	0.000
12	G	0.000	0.991	0.000	0.948	0.043
13	L	0.000	0.991	0.000	0.937	0.053
14	A	0.000	0.991	0.000	0.902	0.088
15	S	0.000	0.990	0.000	0.108	0.882
16	A	0.000	0.990	0.000	0.036	0.955
17	V	0.008	0.982	0.000	0.017	0.965
18	T	0.000	0.982	0.000	0.008	0.974
19	A	0.008	0.974	0.000	0.005	0.969
20	A	0.888	0.085	0.000	0.001	0.085
21	V	0.069	0.016	0.000	0.000	0.016
22	V	0.000	0.016	0.000	0.000	0.016
23	D	0.000	0.016	0.000	0.000	0.016
24	L	0.000	0.016	0.000	0.000	0.016
25	V	0.015	0.001	0.000	0.000	0.001
26	P	0.000	0.001	0.000	0.000	0.001
27	K	0.001	0.000	0.000	0.000	0.000
28	N	0.000	0.000	0.000	0.000	0.000
29	F	0.000	0.000	0.000	0.000	0.000
30	D	0.000	0.000	0.000	0.000	0.000
31	D	0.000	0.000	0.000	0.000	0.000
32	V	0.000	0.000	0.000	0.000	0.000
33	V	0.000	0.000	0.000	0.000	0.000
34	L	0.000	0.000	0.000	0.000	0.000
35	K	0.000	0.000	0.000	0.000	0.000
36	S	0.000	0.000	0.000	0.000	0.000
37	G	0.000	0.000	0.000	0.000	0.000
38	K	0.000	0.000	0.000	0.000	0.000
39	P	0.000	0.000	0.000	0.000	0.000
40	A	0.000	0.000	0.000	0.000	0.000
>XP_001398727.2
pos	aa	C	S	n-reg	h-reg	c-reg
1	M	0.000	0.917	0.917	0.000	0.000
2	A	0.000	0.917	0.917	0.000	0.000
3	L	0.000	0.917	0.185	0.733	0.000
4	L	0.000	0.917	0.054	0.863	0.000
5	V	0.000	0.917	0.028	0.889	0.000
6	I	0.000	0.917	0.005	0.912	0.000
7	A	0.000	0.917	0.004	0.914	0.000
8	T	0.000	0.917	0.003	0.914	0.000
9	L	0.000	0.917	0.001	0.916	0.000
10	L	0.000	0.917	0.000	0.917	0.000
11	L	0.000	0.917	0.000	0.873	0.044
12	I	0.000	0.917	0.000	0.843	0.074
13	L	0.000	0.917	0.000	0.792	0.125
14	Y	0.003	0.914	0.000	0.090	0.825
15	P	0.000	0.914	0.000	0.008	0.907
16	T	0.075	0.839	0.000	0.004	0.834
17	T	0.002	0.837	0.000	0.004	0.833
18	L	0.044	0.793	0.000	0.004	0.789
19	V	0.775	0.018	0.000	0.003	0.015
20	I	0.000	0.018	0.000	0.003	0.015
21	Y	0.000	0.018	0.000	0.001	0.018
22	N	0.000	0.018	0.000	0.000	0.018
23	L	0.000	0.018	0.000	0.000	0.018
24	F	0.002	0.017	0.000	0.000	0.017
25	L	0.000	0.017	0.000	0.000	0.017
26	H	0.004	0.013	0.000	0.000	0.013
27	P	0.000	0.013	0.000	0.000	0.013
28	L	0.000	0.013	0.000	0.000	0.013
29	A	0.000	0.013	0.000	0.000	0.013
30	R	0.003	0.010	0.000	0.000	0.010
31	Y	0.000	0.010	0.000	0.000	0.010
32	P	0.000	0.010	0.000	0.000	0.010
33	G	0.002	0.007	0.000	0.000	0.007
34	P	0.000	0.007	0.000	0.000	0.007
35	T	0.000	0.007	0.000	0.000	0.007
36	L	0.000	0.007	0.000	0.000	0.007
37	W	0.000	0.007	0.000	0.000	0.007
38	R	0.000	0.007	0.000	0.000	0.007
39	A	0.000	0.007	0.000	0.000	0.007
40	F	0.004	0.003	0.000	0.000	0.003
>XP_001398728.2
pos	aa	C	S	n-reg	h-reg	c-reg
1	M	0.000	0.883	0.883	0.000	0.000
2	A	0.000	0.883	0.883	0.000	0.000
3	R	0.000	0.883	0.881	0.001	0.000
4	F	0.000	0.883	0.783	0.100	0.000
5	W	0.000	0.883	0.745	0.138	0.000
6	Q	0.000	0.883	0.639	0.243	0.000
7	F	0.000	0.883	0.220	0.662	0.000
8	T	0.000	0.883	0.149	0.733	0.000
9	W	0.000	0.883	0.049	0.833	0.000
10	L	0.000	0.883	0.008	0.874	0.000
11	I	0.000	0.883	0.001	0.881	0.000
12	V	0.000	0.883	0.000	0.867	0.015
13	A	0.000	0.883	0.000	0.851	0.031
14	V	0.000	0.883	0.000	0.831	0.052
15	T	0.000	0.883	0.000	0.539	0.344
16	A	0.001	0.882	0.000	0.468	0.414
17	T	0.019	0.863	0.000	0.181	0.683
18	I	0.006	0.858	0.000	0.133	0.725
19	S	0.000	0.858	0.000	0.032	0.826
20	Q	0.227	0.631	0.000	0.020	0.611
21	S	0.013	0.618	0.000	0.001	0.617
22	A	0.419	0.199	0.000	0.000	0.198
23	T	0.006	0.193	0.000	0.000	0.193
24	N	0.078	0.115	0.000	0.000	0.115
25	G	0.000	0.115	0.000	0.000	0.115
26	I	0.112	0.003	0.000	0.000	0.003
27	V	0.000	0.003	0.000	0.000	0.003
28	L	0.000	0.003	0.000	0.000	0.003
29	Q	0.002	0.002	0.000	0.000	0.002
30	R	0.001	0.001	0.000	0.000	0.001
31	L	0.000	0.001	0.000	0.000	0.001
32	S	0.000	0.001	0.000	0.000	0.001
33	S	0.000	0.001	0.000	0.000	0.001
34	W	0.000	0.001	0.000	0.000	0.001
35	G	0.000	0.001	0.000	0.000	0.001
36	T	0.000	0.000	0.000	0.000	0.000
37	L	0.000	0.000	0.000	0.000	0.000
38	P	0.000	0.000	0.000	0.000	0.000
39	S	0.000	0.000	0.000	0.000	0.000
40	P	0.000	0.000	0.000	0.000	0.000
>XP_001398732.1
pos	aa	C	S	n-reg	h-reg	c-reg
1	M	0.000	0.469	0.469	0.000	0.000
2	S	0.000	0.559	0.559	0.000	0.000
3	S	0.000	0.559	0.559	0.000	0.000
4	S	0.000	0.559	0.559	0.000	0.000
5	E	0.000	0.559	0.559	0.000	0.000
6	L	0.000	0.559	0.559	0.000	0.000
7	K	0.000	0.559	0.559	0.000	0.000
8	S	0.000	0.559	0.557	0.002	0.000
9	P	0.000	0.559	0.552	0.007	0.000
10	S	0.000	0.559	0.513	0.046	0.000
11	L	0.000	0.559	0.313	0.245	0.000
12	V	0.000	0.559	0.238	0.321	0.000
13	T	0.000	0.559	0.215	0.344	0.000
14	T	0.000	0.559	0.180	0.379	0.000
15	S	0.000	0.559	0.126	0.433	0.000
16	L	0.000	0.559	0.034	0.524	0.000
17	L	0.000	0.559	0.017	0.541	0.000
18	T	0.000	0.559	0.013	0.543	0.002
19	V	0.000	0.559	0.010	0.545	0.004
20	S	0.000	0.559	0.009	0.531	0.019
21	I	0.001	0.557	0.006	0.530	0.021
22	I	0.000	0.557	0.005	0.498	0.054
23	F	0.000	0.557	0.005	0.313	0.239
24	P	0.000	0.554	0.005	0.231	0.319
25	I	0.007	0.547	0.004	0.221	0.322
26	L	0.000	0.546	0.004	0.168	0.374
27	G	0.000	0.544	0.004	0.129	0.411
28	T	0.090	0.453	0.004	0.084	0.365
29	I	0.029	0.423	0.004	0.082	0.337
30	A	0.000	0.419	0.004	0.077	0.338
31	V	0.269	0.146	0.004	0.073	0.069
32	C	0.000	0.136	0.004	0.063	0.069
33	L	0.066	0.055	0.004	0.045	0.006
34	R	0.001	0.009	0.004	0.000	0.005
35	I	0.000	0.009	0.004	0.000	0.005
36	Y	0.000	0.009	0.004	0.000	0.005
37	A	0.000	0.009	0.004	0.000	0.005
38	S	0.005	0.004	0.004	0.000	0.000
39	F	0.000	0.004	0.004	0.000	0.000
40	L	0.000	0.004	0.004	0.000	0.000
>XP_001398735.1
pos	aa	C	S	n-reg	h-reg	c-reg
1	M	0.000	0.206	0.206	0.000	0.000
2	K	0.000	0.206	0.206	0.000	0.000
3	L	0.000	0.206	0.198	0.008	0.000
4	P	0.000	0.206	0.195	0.011	0.000
5	Y	0.000	0.206	0.187	0.019	0.000
6	G	0.000	0.206	0.157	0.049	0.000
7	I	0.000	0.206	0.108	0.098	0.000
8	N	0.000	0.206	0.105	0.101	0.000
9	P	0.000	0.206	0.092	0.115	0.000
10	W	0.000	0.206	0.075	0.131	0.000
11	W	0.000	0.206	0.052	0.154	0.000
12	A	0.000	0.206	0.023	0.183	0.000
13	V	0.000	0.206	0.008	0.197	0.001
14	L	0.000	0.206	0.004	0.188	0.015
15	S	0.000	0.206	0.003	0.123	0.080
16	P	0.000	0.206	0.003	0.112	0.092
17	S	0.000	0.206	0.002	0.094	0.111
18	A	0.000	0.206	0.000	0.090	0.116
19	A	0.000	0.206	0.000	0.081	0.125
20	W	0.033	0.173	0.000	0.064	0.109
21	S	0.000	0.173	0.000	0.052	0.121
22	I	0.078	0.095	0.000	0.039	0.056
23	S	0.000	0.095	0.000	0.017	0.078
24	T	0.003	0.091	0.000	0.004	0.087
25	Q	0.020	0.072	0.000	0.003	0.069
26	G	0.007	0.064	0.000	0.001	0.064
27	L	0.023	0.041	0.000	0.001	0.040
28	T	0.001	0.041	0.000	0.001	0.040
29	D	0.015	0.026	0.000	0.000	0.026
30	A	0.000	0.026	0.000	0.000	0.026
31	T	0.024	0.002	0.000	0.000	0.002
32	I	0.000	0.002	0.000	0.000	0.002
33	G	0.000	0.002	0.000	0.000	0.002
34	K	0.001	0.001	0.000	0.000	0.001
35	S	0.000	0.001	0.000	0.000	0.001
36	S	0.000	0.000	0.000	0.000	0.000
37	G	0.000	0.000	0.000	0.000	0.000
38	G	0.000	0.000	0.000	0.000	0.000
39	N	0.000	0.000	0.000	0.000	0.000
40	S	0.000	0.000	0.000	0.000	0.000
>XP_001398770.1
pos	aa	C	S	n-reg	h-reg	c-reg
1	M	0.000	1.000	1.000	0.000	0.000
2	L	0.000	1.000	1.000	0.000	0.000
3	V	0.000	1.000	0.452	0.548	0.000
4	V	0.000	1.000	0.188	0.812	0.000
5	L	0.000	1.000	0.089	0.910	0.000
6	A	0.000	1.000	0.048	0.952	0.000
7	T	0.000	1.000	0.026	0.973	0.000
8	A	0.000	1.000	0.014	0.986	0.000
9	L	0.000	1.000	0.001	0.998	0.000
10	L	0.000	1.000	0.000	0.999	0.000
11	A	0.000	1.000	0.000	0.967	0.033
12	L	0.000	1.000	0.000	0.912	0.087
13	S	0.000	1.000	0.000	0.667	0.333
14	G	0.001	0.999	0.000	0.400	0.599
15	S	0.001	0.998	0.000	0.124	0.873
16	F	0.004	0.993	0.000	0.101	0.893
17	V	0.000	0.993	0.000	0.029	0.964
18	S	0.000	0.993	0.000	0.012	0.982
19	A	0.004	0.990	0.000	0.008	0.982
20	H	0.348	0.642	0.000	0.000	0.642
21	G	0.000	0.642	0.000	0.000	0.642
22	S	0.595	0.047	0.000	0.000	0.047
23	H	0.006	0.041	0.000	0.000	0.041
24	P	0.000	0.041	0.000	0.000	0.041
25	D	0.041	0.000	0.000	0.000	0.000
26	Q	0.000	0.000	0.000	0.000	0.000
27	P	0.000	0.000	0.000	0.000	0.000
28	P	0.000	0.000	0.000	0.000	0.000
29	S	0.000	0.000	0.000	0.000	0.000
30	S	0.000	0.000	0.000	0.000	0.000
31	D	0.000	0.000	0.000	0.000	0.000
32	W	0.000	0.000	0.000	0.000	0.000
33	A	0.000	0.000	0.000	0.000	0.000
34	T	0.000	0.000	0.000	0.000	0.000
35	R	0.000	0.000	0.000	0.000	0.000
36	H	0.000	0.000	0.000	0.000	0.000
37	M	0.000	0.000	0.000	0.000	0.000
38	Q	0.000	0.000	0.000	0.000	0.000
39	E	0.000	0.000	0.000	0.000	0.000
40	E	0.000	0.000	0.000	0.000	0.000
>XP_001398797.2
pos	aa	C	S	n-reg	h-reg	c-reg
1	M	0.000	0.994	0.994	0.000	0.000
2	R	0.000	0.994	0.994	0.000	0.000
3	V	0.000	0.994	0.793	0.201	0.000
4	S	0.000	0.994	0.694	0.300	0.000
5	S	0.000	0.994	0.606	0.388	0.000
6	A	0.000	0.994	0.275	0.719	0.000
7	L	0.000	0.994	0.019	0.975	0.000
8	L	0.000	0.994	0.009	0.985	0.000
9	S	0.000	0.994	0.007	0.987	0.000
10	A	0.000	0.994	0.003	0.991	0.000
11	L	0.000	0.994	0.000	0.991	0.003
12	L	0.000	0.994	0.000	0.977	0.017
13	L	0.000	0.994	0.000	0.949	0.044
14	S	0.000	0.994	0.000	0.765	0.229
15	S	0.000	0.994	0.000	0.125	0.869
16	T	0.000	0.994	0.000	0.096	0.898
17	S	0.001	0.993	0.000	0.065	0.928
18	L	0.005	0.989	0.000	0.045	0.943
19	A	0.021	0.967	0.000	0.010	0.957
20	T	0.745	0.222	0.000	0.004	0.218
21	P	0.000	0.222	0.000	0.002	0.220
22	A	0.054	0.168	0.000	0.000	0.168
23	Q	0.033	0.135	0.000	0.000	0.135
24	V	0.000	0.135	0.000	0.000	0.135
25	S	0.000	0.135	0.000	0.000	0.135
26	S	0.000	0.134	0.000	0.000	0.134
27	S	0.065	0.070	0.000	0.000	0.070
28	V	0.008	0.062	0.000	0.000	0.062
29	A	0.000	0.062	0.000	0.000	0.062
30	I	0.024	0.038	0.000	0.000	0.038
31	S	0.000	0.038	0.000	0.000	0.038
32	T	0.001	0.037	0.000	0.000	0.037
33	Q	0.001	0.036	0.000	0.000	0.036
34	G	0.001	0.035	0.000	0.000	0.035
35	S	0.003	0.032	0.000	0.000	0.032
36	P	0.000	0.032	0.000	0.000	0.032
37	A	0.000	0.032	0.000	0.000	0.032
38	P	0.000	0.032	0.000	0.000	0.032
39	E	0.000	0.032	0.000	0.000	0.032
40	E	0.000	0.032	0.000	0.000	0.032
>XP_001398811.1
pos	aa	C	S	n-reg	h-reg	c-reg
1	M	0.000	0.999	0.999	0.000	0.000
2	K	0.000	0.999	0.999	0.000	0.000
3	P	0.000	0.999	0.998	0.000	0.000
4	P	0.000	0.999	0.989	0.010	0.000
5	T	0.000	0.999	0.936	0.063	0.000
6	S	0.000	0.999	0.809	0.190	0.000
7	S	0.000	0.999	0.588	0.411	0.000
8	L	0.000	0.999	0.356	0.643	0.000
9	L	0.000	0.999	0.308	0.691	0.000
10	R	0.000	0.999	0.300	0.699	0.000
11	F	0.000	0.999	0.082	0.917	0.000
12	L	0.000	0.999	0.014	0.985	0.000
13	F	0.000	0.999	0.001	0.998	0.000
14	L	0.000	0.999	0.000	0.998	0.001
15	L	0.000	0.999	0.000	0.954	0.045
16	A	0.000	0.999	0.000	0.682	0.316
17	A	0.000	0.999	0.000	0.537	0.462
18	P	0.000	0.999	0.000	0.419	0.580
19	L	0.000	0.998	0.000	0.270	0.728
20	V	0.000	0.998	0.000	0.169	0.829
21	S	0.000	0.998	0.000	0.032	0.966
22	H	0.008	0.990	0.000	0.008	0.982
23	A	0.000	0.990	0.000	0.002	0.988
24	A	0.800	0.190	0.000	0.000	0.190
25	S	0.009	0.182	0.000	0.000	0.182
26	D	0.113	0.069	0.000	0.000	0.069
27	S	0.000	0.069	0.000	0.000	0.069
28	S	0.015	0.054	0.000	0.000	0.054
29	A	0.029	0.025	0.000	0.000	0.025
30	P	0.022	0.004	0.000	0.000	0.004
31	K	0.002	0.002	0.000	0.000	0.002
32	D	0.000	0.002	0.000	0.000	0.002
33	G	0.000	0.002	0.000	0.000	0.002
34	L	0.001	0.001	0.000	0.000	0.001
35	S	0.000	0.001	0.000	0.000	0.001
36	P	0.000	0.000	0.000	0.000	0.000
37	C	0.000	0.000	0.000	0.000	0.000
38	V	0.000	0.000	0.000	0.000	0.000
39	V	0.000	0.000	0.000	0.000	0.000
40	R	0.000	0.000	0.000	0.000	0.000
>XP_001398816.1
pos	aa	C	S	n-reg	h-reg	c-reg
1	M	0.000	0.041	0.041	0.000	0.000
2	R	0.000	0.041	0.041	0.000	0.000
3	F	0.000	0.041	0.030	0.010	0.000
4	T	0.000	0.041	0.024	0.017	0.000
5	S	0.000	0.041	0.020	0.020	0.000
6	I	0.000	0.041	0.010	0.031	0.000
7	E	0.000	0.041	0.006	0.035	0.000
8	A	0.000	0.041	0.002	0.038	0.000
9	V	0.000	0.041	0.000	0.040	0.000
10	A	0.000	0.041	0.000	0.041	0.000
11	L	0.000	0.041	0.000	0.040	0.001
12	T	0.000	0.041	0.000	0.036	0.004
13	A	0.000	0.041	0.000	0.034	0.007
14	V	0.000	0.041	0.000	0.031	0.009
15	S	0.000	0.041	0.000	0.008	0.033
16	L	0.000	0.041	0.000	0.006	0.035
17	A	0.000	0.040	0.000	0.001	0.039
18	S	0.001	0.039	0.000	0.001	0.038
19	A	0.000	0.039	0.000	0.000	0.039
20	D	0.037	0.002	0.000	0.000	0.002
21	E	0.000	0.002	0.000	0.000	0.002
22	L	0.000	0.002	0.000	0.000	0.002
23	A	0.000	0.002	0.000	0.000	0.002
24	Y	0.001	0.001	0.000	0.000	0.001
25	S	0.000	0.001	0.000	0.000	0.001
26	P	0.001	0.000	0.000	0.000	0.000
27	P	0.000	0.000	0.000	0.000	0.000
28	Y	0.000	0.000	0.000	0.000	0.000
29	Y	0.000	0.000	0.000	0.000	0.000
30	P	0.000	0.000	0.000	0.000	0.000
31	S	0.000	0.000	0.000	0.000	0.000
32	P	0.000	0.000	0.000	0.000	0.000
33	W	0.000	0.000	0.000	0.000	0.000
34	A	0.000	0.000	0.000	0.000	0.000
35	N	0.000	0.000	0.000	0.000	0.000
36	G	0.000	0.000	0.000	0.000	0.000
37	Q	0.000	0.000	0.000	0.000	0.000
38	G	0.000	0.000	0.000	0.000	0.000
39	D	0.000	0.000	0.000	0.000	0.000
40	W	0.000	0.000	0.000	0.000	0.000
>XP_001398828.2
pos	aa	C	S	n-reg	h-reg	c-reg
1	M	0.000	0.996	0.996	0.000	0.000
2	S	0.000	0.997	0.997	0.000	0.000
3	L	0.000	0.997	0.976	0.021	0.000
4	W	0.000	0.997	0.946	0.051	0.000
5	T	0.000	0.997	0.904	0.092	0.000
6	I	0.000	0.997	0.831	0.166	0.000
7	S	0.000	0.997	0.785	0.211	0.000
8	L	0.000	0.997	0.721	0.276	0.000
9	V	0.000	0.997	0.705	0.292	0.000
10	T	0.000	0.997	0.691	0.306	0.000
11	Q	0.000	0.997	0.664	0.332	0.001
12	I	0.000	0.997	0.468	0.528	0.002
13	L	0.000	0.997	0.109	0.883	0.005
14	C	0.000	0.997	0.023	0.958	0.015
15	L	0.000	0.997	0.008	0.965	0.024
16	A	0.000	0.997	0.004	0.816	0.177
17	L	0.003	0.994	0.000	0.805	0.189
18	V	0.000	0.994	0.000	0.777	0.217
19	T	0.000	0.994	0.000	0.734	0.260
20	A	0.001	0.993	0.000	0.706	0.287
21	F	0.195	0.798	0.000	0.683	0.115
22	V	0.000	0.798	0.000	0.633	0.165
23	A	0.000	0.798	0.000	0.557	0.241
24	L	0.013	0.785	0.000	0.508	0.277
25	R	0.028	0.757	0.000	0.001	0.756
26	G	0.000	0.757	0.000	0.000	0.757
27	V	0.070	0.687	0.000	0.000	0.687
28	V	0.000	0.687	0.000	0.000	0.687
29	A	0.000	0.687	0.000	0.000	0.687
30	W	0.686	0.000	0.000	0.000	0.000
31	R	0.000	0.000	0.000	0.000	0.000
32	F	0.000	0.000	0.000	0.000	0.000
33	K	0.000	0.000	0.000	0.000	0.000
34	K	0.000	0.000	0.000	0.000	0.000
35	G	0.000	0.000	0.000	0.000	0.000
36	V	0.000	0.000	0.000	0.000	0.000
37	D	0.000	0.000	0.000	0.000	0.000
38	V	0.000	0.000	0.000	0.000	0.000
39	E	0.000	0.000	0.000	0.000	0.000
40	D	0.000	0.000	0.000	0.000	0.000
>XP_001398832.1
pos	aa	C	S	n-reg	h-reg	c-reg
1	M	0.000	0.998	0.998	0.000	0.000
2	R	0.000	0.998	0.998	0.000	0.000
3	F	0.000	0.998	0.636	0.362	0.000
4	S	0.000	0.998	0.406	0.592	0.000
5	V	0.000	0.998	0.121	0.877	0.000
6	A	0.000	0.998	0.070	0.928	0.000
7	T	0.000	0.998	0.026	0.972	0.000
8	V	0.000	0.998	0.008	0.990	0.000
9	A	0.000	0.998	0.003	0.995	0.000
10	L	0.000	0.998	0.001	0.997	0.000
11	F	0.000	0.998	0.000	0.949	0.049
12	A	0.000	0.998	0.000	0.825	0.173
13	S	0.000	0.998	0.000	0.312	0.686
14	L	0.000	0.998	0.000	0.277	0.721
15	V	0.000	0.998	0.000	0.094	0.904
16	A	0.000	0.998	0.000	0.054	0.944
17	A	0.071	0.927	0.000	0.029	0.898
18	I	0.677	0.250	0.000	0.025	0.225
19	P	0.000	0.250	0.000	0.008	0.242
20	Q	0.191	0.059	0.000	0.000	0.058
21	D	0.012	0.047	0.000	0.000	0.047
22	V	0.000	0.047	0.000	0.000	0.047
23	E	0.000	0.047	0.000	0.000	0.047
24	T	0.000	0.047	0.000	0.000	0.047
25	V	0.034	0.013	0.000	0.000	0.013
26	Y	0.000	0.013	0.000	0.000	0.013
27	S	0.000	0.013	0.000	0.000	0.013
28	T	0.012	0.000	0.000	0.000	0.000
29	E	0.000	0.000	0.000	0.000	0.000
30	D	0.000	0.000	0.000	0.000	0.000
31	V	0.000	0.000	0.000	0.000	0.000
32	T	0.000	0.000	0.000	0.000	0.000
33	V	0.000	0.000	0.000	0.000	0.000
34	V	0.000	0.000	0.000	0.000	0.000
35	S	0.000	0.000	0.000	0.000	0.000
36	C	0.000	0.000	0.000	0.000	0.000
37	A	0.000	0.000	0.000	0.000	0.000
38	P	0.000	0.000	0.000	0.000	0.000
39	T	0.000	0.000	0.000	0.000	0.000
40	V	0.000	0.000	0.000	0.000	0.000
>XP_001398835.2
pos	aa	C	S	n-reg	h-reg	c-reg
1	M	0.000	0.070	0.070	0.000	0.000
2	A	0.000	0.070	0.070	0.000	0.000
3	V	0.000	0.070	0.068	0.002	0.000
4	L	0.000	0.070	0.066	0.004	0.000
5	Q	0.000	0.070	0.065	0.004	0.000
6	G	0.000	0.070	0.058	0.012	0.000
7	L	0.000	0.070	0.043	0.026	0.000
8	S	0.000	0.070	0.042	0.028	0.000
9	G	0.000	0.070	0.039	0.031	0.000
10	A	0.000	0.070	0.033	0.036	0.000
11	H	0.000	0.070	0.030	0.039	0.000
12	A	0.000	0.070	0.011	0.058	0.001
13	I	0.000	0.070	0.003	0.066	0.001
14	L	0.000	0.070	0.001	0.067	0.001
15	L	0.000	0.070	0.000	0.065	0.005
16	A	0.000	0.070	0.000	0.060	0.010
17	T	0.000	0.069	0.000	0.054	0.015
18	H	0.000	0.069	0.000	0.038	0.031
19	L	0.000	0.069	0.000	0.036	0.033
20	C	0.001	0.068	0.000	0.030	0.038
21	A	0.001	0.068	0.000	0.026	0.041
22	T	0.004	0.063	0.000	0.023	0.040
23	G	0.020	0.044	0.000	0.001	0.042
24	N	0.006	0.038	0.000	0.000	0.037
25	V	0.000	0.038	0.000	0.000	0.037
26	V	0.000	0.038	0.000	0.000	0.037
27	A	0.000	0.038	0.000	0.000	0.037
28	L	0.036	0.002	0.000	0.000	0.002
29	P	0.001	0.001	0.000	0.000	0.001
30	H	0.001	0.001	0.000	0.000	0.001
31	L	0.000	0.001	0.000	0.000	0.001
32	Q	0.000	0.001	0.000	0.000	0.001
33	A	0.000	0.001	0.000	0.000	0.001
34	K	0.000	0.000	0.000	0.000	0.000
35	F	0.000	0.000	0.000	0.000	0.000
36	P	0.000	0.000	0.000	0.000	0.000
37	A	0.000	0.000	0.000	0.000	0.000
38	H	0.000	0.000	0.000	0.000	0.000
39	L	0.000	0.000	0.000	0.000	0.000
40	P	0.000	0.000	0.000	0.000	0.000
