>XP_001391215.2
pos	aa	C	S	n-reg	h-reg	c-reg
1	M	0.000	0.100	0.100	0.000	0.000
2	K	0.000	0.101	0.101	0.000	0.000
3	K	0.000	0.101	0.101	0.000	0.000
4	P	0.000	0.101	0.100	0.001	0.000
5	Q	0.000	0.101	0.098	0.004	0.000
6	G	0.000	0.101	0.072	0.029	0.000
7	Q	0.000	0.101	0.056	0.045	0.000
8	V	0.000	0.101	0.017	0.085	0.000
9	L	0.000	0.101	0.004	0.097	0.000
10	C	0.000	0.101	0.001	0.100	0.000
11	I	0.000	0.101	0.000	0.101	0.000
12	L	0.000	0.101	0.000	0.101	0.000
13	M	0.000	0.101	0.000	0.100	0.001
14	T	0.000	0.101	0.000	0.080	0.021
15	I	0.000	0.101	0.000	0.076	0.025
16	T	0.000	0.101	0.000	0.043	0.058
17	C	0.000	0.101	0.000	0.038	0.063
18	G	0.001	0.100	0.000	0.018	0.082
19	V	0.025	0.075	0.000	0.015	0.060
20	S	0.000	0.075	0.000	0.009	0.066
21	Y	0.031	0.044	0.000	0.002	0.042
22	L	0.000	0.044	0.000	0.002	0.042
23	L	0.019	0.025	0.000	0.001	0.023
24	Y	0.001	0.024	0.000	0.001	0.023
25	G	0.000	0.024	0.000	0.000	0.023
26	Y	0.016	0.007	0.000	0.000	0.007
27	D	0.000	0.007	0.000	0.000	0.007
28	Q	0.000	0.007	0.000	0.000	0.007
29	G	0.000	0.007	0.000	0.000	0.007
30	F	0.000	0.007	0.000	0.000	0.007
31	M	0.000	0.007	0.000	0.000	0.007
32	S	0.000	0.007	0.000	0.000	0.007
33	G	0.000	0.007	0.000	0.000	0.007
34	V	0.000	0.007	0.000	0.000	0.007
35	L	0.000	0.007	0.000	0.000	0.007
36	L	0.000	0.007	0.000	0.000	0.007
37	A	0.000	0.006	0.000	0.000	0.006
38	Q	0.004	0.002	0.000	0.000	0.002
39	D	0.000	0.002	0.000	0.000	0.002
40	F	0.000	0.002	0.000	0.000	0.002
>XP_001391221.1
pos	aa	C	S	n-reg	h-reg	c-reg
1	M	0.000	0.997	0.997	0.000	0.000
2	Q	0.000	0.997	0.997	0.000	0.000
3	L	0.000	0.997	0.676	0.321	0.000
4	T	0.000	0.997	0.606	0.391	0.000
5	S	0.000	0.997	0.544	0.452	0.000
6	I	0.000	0.997	0.188	0.809	0.000
7	A	0.000	0.997	0.063	0.934	0.000
8	I	0.000	0.997	0.020	0.977	0.000
9	I	0.000	0.997	0.006	0.991	0.000
10	L	0.000	0.997	0.001	0.996	0.000
11	F	0.000	0.997	0.000	0.941	0.056
12	A	0.000	0.997	0.000	0.890	0.107
13	A	0.000	0.997	0.000	0.852	0.145
14	M	0.000	0.997	0.000	0.500	0.497
15	G	0.000	0.997	0.000	0.386	0.611
16	A	0.029	0.968	0.000	0.352	0.615
17	I	0.010	0.958	0.000	0.318	0.640
18	A	0.000	0.958	0.000	0.093	0.864
19	N	0.512	0.445	0.000	0.003	0.443
20	P	0.000	0.445	0.000	0.001	0.444
21	I	0.031	0.415	0.000	0.000	0.414
22	A	0.000	0.415	0.000	0.000	0.414
23	A	0.020	0.394	0.000	0.000	0.394
24	E	0.102	0.292	0.000	0.000	0.292
25	A	0.000	0.292	0.000	0.000	0.292
26	D	0.292	0.000	0.000	0.000	0.000
27	N	0.000	0.000	0.000	0.000	0.000
28	L	0.000	0.000	0.000	0.000	0.000
29	V	0.000	0.000	0.000	0.000	0.000
30	A	0.000	0.000	0.000	0.000	0.000
31	R	0.000	0.000	0.000	0.000	0.000
32	E	0.000	0.000	0.000	0.000	0.000
33	A	0.000	0.000	0.000	0.000	0.000
34	E	0.000	0.000	0.000	0.000	0.000
35	L	0.000	0.000	0.000	0.000	0.000
36	S	0.000	0.000	0.000	0.000	0.000
37	K	0.000	0.000	0.000	0.000	0.000
38	Y	0.000	0.000	0.000	0.000	0.000
39	G	0.000	0.000	0.000	0.000	0.000
40	G	0.000	0.000	0.000	0.000	0.000
>XP_001391241.2
pos	aa	C	S	n-reg	h-reg	c-reg
1	M	0.000	0.999	0.999	0.000	0.000
2	M	0.000	0.999	0.999	0.000	0.000
3	A	0.000	0.999	0.945	0.054	0.000
4	T	0.000	0.999	0.818	0.181	0.000
5	Y	0.000	0.999	0.673	0.326	0.000
6	F	0.000	0.999	0.278	0.721	0.000
7	F	0.000	0.999	0.073	0.926	0.000
8	L	0.000	0.999	0.017	0.982	0.000
9	G	0.000	0.999	0.010	0.989	0.000
10	L	0.000	0.999	0.002	0.997	0.000
11	L	0.000	0.999	0.000	0.998	0.001
12	L	0.000	0.999	0.000	0.986	0.013
13	T	0.000	0.999	0.000	0.940	0.059
14	A	0.000	0.999	0.000	0.874	0.125
15	V	0.000	0.999	0.000	0.763	0.236
16	G	0.000	0.999	0.000	0.348	0.651
17	T	0.008	0.990	0.000	0.196	0.794
18	S	0.012	0.978	0.000	0.092	0.886
19	S	0.029	0.949	0.000	0.003	0.945
20	S	0.067	0.882	0.000	0.000	0.881
21	S	0.208	0.674	0.000	0.000	0.674
22	S	0.052	0.621	0.000	0.000	0.621
23	A	0.085	0.537	0.000	0.000	0.537
24	S	0.486	0.051	0.000	0.000	0.051
25	D	0.041	0.011	0.000	0.000	0.011
26	L	0.000	0.011	0.000	0.000	0.011
27	E	0.003	0.008	0.000	0.000	0.008
28	G	0.000	0.008	0.000	0.000	0.008
29	T	0.004	0.003	0.000	0.000	0.003
30	W	0.000	0.003	0.000	0.000	0.003
31	T	0.000	0.003	0.000	0.000	0.003
32	T	0.002	0.001	0.000	0.000	0.001
33	K	0.000	0.001	0.000	0.000	0.001
34	S	0.000	0.001	0.000	0.000	0.001
35	R	0.000	0.000	0.000	0.000	0.000
36	Q	0.000	0.000	0.000	0.000	0.000
37	V	0.000	0.000	0.000	0.000	0.000
38	V	0.000	0.000	0.000	0.000	0.000
39	T	0.000	0.000	0.000	0.000	0.000
40	G	0.000	0.000	0.000	0.000	0.000
>XP_001391278.2
pos	aa	C	S	n-reg	h-reg	c-reg
1	M	0.000	0.099	0.099	0.000	0.000
2	L	0.000	0.114	0.114	0.000	0.000
3	D	0.000	0.114	0.114	0.000	0.000
4	S	0.000	0.114	0.114	0.000	0.000
5	F	0.000	0.114	0.114	0.000	0.000
6	P	0.000	0.114	0.114	0.000	0.000
7	S	0.000	0.114	0.114	0.000	0.000
8	I	0.000	0.114	0.113	0.001	0.000
9	T	0.000	0.114	0.113	0.001	0.000
10	T	0.000	0.114	0.113	0.002	0.000
11	T	0.000	0.114	0.112	0.002	0.000
12	I	0.000	0.114	0.112	0.002	0.000
13	Q	0.000	0.114	0.112	0.002	0.000
14	Y	0.000	0.114	0.112	0.002	0.000
15	G	0.000	0.114	0.112	0.002	0.000
16	L	0.000	0.114	0.112	0.003	0.000
17	I	0.000	0.114	0.111	0.003	0.000
18	S	0.000	0.114	0.111	0.003	0.000
19	P	0.000	0.114	0.111	0.003	0.000
20	Q	0.000	0.114	0.111	0.003	0.000
21	T	0.000	0.114	0.106	0.008	0.000
22	T	0.000	0.114	0.102	0.012	0.000
23	L	0.000	0.114	0.093	0.021	0.000
24	L	0.000	0.114	0.084	0.030	0.000
25	S	0.000	0.114	0.080	0.034	0.000
26	I	0.000	0.114	0.064	0.050	0.000
27	I	0.000	0.114	0.028	0.086	0.000
28	L	0.000	0.114	0.014	0.100	0.000
29	P	0.000	0.114	0.013	0.101	0.000
30	I	0.000	0.114	0.004	0.110	0.000
31	L	0.000	0.114	0.000	0.114	0.000
32	L	0.000	0.114	0.000	0.113	0.001
33	C	0.000	0.114	0.000	0.111	0.003
34	L	0.000	0.114	0.000	0.111	0.003
35	I	0.000	0.114	0.000	0.106	0.008
36	L	0.000	0.113	0.000	0.097	0.016
37	L	0.000	0.112	0.000	0.091	0.021
38	L	0.003	0.107	0.000	0.083	0.024
39	P	0.000	0.100	0.000	0.004	0.095
40	Y	0.002	0.097	0.000	0.003	0.094
>XP_001391320.2
pos	aa	C	S	n-reg	h-reg	c-reg
1	M	0.000	0.357	0.357	0.000	0.000
2	K	0.000	0.357	0.357	0.000	0.000
3	V	0.000	0.357	0.306	0.052	0.000
4	S	0.000	0.357	0.273	0.085	0.000
5	S	0.000	0.357	0.240	0.118	0.000
6	A	0.000	0.357	0.140	0.217	0.000
7	A	0.000	0.357	0.063	0.295	0.000
8	V	0.000	0.357	0.044	0.313	0.000
9	P	0.000	0.357	0.041	0.316	0.000
10	V	0.000	0.357	0.028	0.330	0.000
11	L	0.000	0.357	0.022	0.335	0.001
12	S	0.000	0.357	0.021	0.331	0.006
13	I	0.000	0.357	0.019	0.328	0.011
14	L	0.000	0.357	0.018	0.285	0.054
15	P	0.000	0.357	0.018	0.125	0.214
16	E	0.000	0.357	0.018	0.041	0.298
17	A	0.000	0.357	0.012	0.041	0.304
18	S	0.000	0.357	0.009	0.038	0.310
19	L	0.001	0.356	0.004	0.040	0.311
20	G	0.022	0.334	0.003	0.032	0.300
21	L	0.083	0.251	0.001	0.031	0.219
22	G	0.001	0.250	0.001	0.021	0.228
23	S	0.051	0.199	0.000	0.019	0.180
24	T	0.006	0.194	0.000	0.019	0.175
25	Q	0.051	0.142	0.000	0.016	0.126
26	L	0.001	0.141	0.000	0.016	0.126
27	C	0.002	0.139	0.000	0.014	0.125
28	C	0.000	0.139	0.000	0.012	0.126
29	A	0.005	0.134	0.000	0.004	0.129
30	A	0.019	0.115	0.000	0.003	0.112
31	L	0.014	0.101	0.000	0.002	0.099
32	Q	0.003	0.098	0.000	0.000	0.098
33	A	0.004	0.094	0.000	0.000	0.094
34	T	0.046	0.049	0.000	0.000	0.049
35	S	0.000	0.048	0.000	0.000	0.048
36	L	0.022	0.026	0.000	0.000	0.026
37	R	0.008	0.018	0.000	0.000	0.018
38	N	0.000	0.018	0.000	0.000	0.018
39	Q	0.000	0.018	0.000	0.000	0.018
40	V	0.001	0.017	0.000	0.000	0.017
>XP_001391322.2
pos	aa	C	S	n-reg	h-reg	c-reg
1	M	0.000	0.576	0.576	0.000	0.000
2	S	0.000	0.577	0.577	0.000	0.000
3	L	0.000	0.577	0.575	0.002	0.000
4	N	0.000	0.577	0.574	0.003	0.000
5	P	0.000	0.577	0.565	0.012	0.000
6	L	0.000	0.577	0.436	0.141	0.000
7	S	0.000	0.577	0.404	0.172	0.000
8	S	0.000	0.577	0.364	0.213	0.000
9	I	0.000	0.577	0.229	0.348	0.000
10	A	0.000	0.577	0.180	0.397	0.000
11	L	0.000	0.577	0.129	0.448	0.000
12	Q	0.000	0.577	0.117	0.459	0.001
13	T	0.000	0.577	0.081	0.493	0.002
14	A	0.000	0.577	0.053	0.514	0.010
15	V	0.000	0.577	0.030	0.531	0.016
16	V	0.000	0.577	0.029	0.521	0.027
17	V	0.000	0.577	0.029	0.400	0.149
18	T	0.000	0.577	0.029	0.334	0.214
19	T	0.002	0.574	0.029	0.288	0.257
20	L	0.007	0.568	0.029	0.247	0.292
21	G	0.006	0.562	0.029	0.131	0.403
22	F	0.157	0.405	0.029	0.109	0.268
23	T	0.000	0.405	0.029	0.011	0.366
24	P	0.001	0.404	0.029	0.003	0.372
25	A	0.000	0.403	0.029	0.001	0.374
26	Q	0.104	0.299	0.029	0.000	0.271
27	S	0.000	0.299	0.028	0.000	0.271
28	S	0.221	0.078	0.028	0.000	0.050
29	L	0.004	0.074	0.028	0.001	0.045
30	R	0.027	0.046	0.028	0.001	0.018
31	P	0.000	0.047	0.025	0.003	0.018
32	G	0.001	0.046	0.014	0.015	0.017
33	A	0.000	0.045	0.005	0.024	0.017
34	L	0.000	0.045	0.000	0.028	0.017
35	V	0.000	0.045	0.000	0.028	0.016
36	I	0.000	0.045	0.000	0.028	0.016
37	V	0.000	0.045	0.000	0.028	0.016
38	A	0.000	0.045	0.000	0.028	0.017
39	L	0.003	0.042	0.000	0.028	0.014
40	C	0.000	0.042	0.000	0.019	0.023
>XP_001391323.2
pos	aa	C	S	n-reg	h-reg	c-reg
1	M	0.000	0.116	0.116	0.000	0.000
2	A	0.000	0.542	0.542	0.000	0.000
3	S	0.000	0.542	0.542	0.000	0.000
4	N	0.000	0.542	0.542	0.000	0.000
5	Y	0.000	0.542	0.542	0.001	0.000
6	I	0.000	0.542	0.540	0.002	0.000
7	N	0.000	0.542	0.539	0.003	0.000
8	E	0.000	0.542	0.536	0.006	0.000
9	A	0.000	0.542	0.354	0.189	0.000
10	A	0.000	0.542	0.214	0.328	0.000
11	F	0.000	0.542	0.109	0.433	0.000
12	V	0.000	0.542	0.060	0.482	0.000
13	A	0.000	0.542	0.046	0.497	0.000
14	V	0.000	0.542	0.030	0.513	0.000
15	L	0.000	0.542	0.022	0.520	0.000
16	W	0.000	0.542	0.018	0.520	0.004
17	V	0.000	0.542	0.006	0.526	0.010
18	C	0.000	0.542	0.003	0.512	0.028
19	L	0.000	0.542	0.002	0.510	0.030
20	T	0.000	0.542	0.002	0.503	0.037
21	I	0.013	0.529	0.002	0.501	0.026
22	T	0.000	0.526	0.002	0.478	0.047
23	Y	0.022	0.502	0.002	0.460	0.040
24	F	0.000	0.499	0.002	0.453	0.044
25	F	0.000	0.493	0.002	0.443	0.049
26	V	0.000	0.478	0.002	0.420	0.057
27	L	0.000	0.442	0.002	0.380	0.060
28	V	0.000	0.338	0.002	0.267	0.070
29	R	0.000	0.082	0.002	0.000	0.080
30	L	0.000	0.082	0.002	0.000	0.080
31	L	0.039	0.043	0.002	0.000	0.041
32	L	0.003	0.039	0.002	0.000	0.038
33	Q	0.014	0.026	0.002	0.000	0.024
34	Y	0.022	0.003	0.002	0.000	0.002
35	Y	0.000	0.003	0.002	0.000	0.002
36	V	0.000	0.003	0.002	0.000	0.002
37	D	0.000	0.003	0.002	0.000	0.002
38	R	0.000	0.003	0.002	0.000	0.002
39	K	0.000	0.003	0.002	0.000	0.002
40	W	0.000	0.003	0.002	0.000	0.002
>XP_001391328.2
pos	aa	C	S	n-reg	h-reg	c-reg
1	M	0.000	0.390	0.390	0.000	0.000
2	R	0.000	0.390	0.390	0.000	0.000
3	S	0.000	0.390	0.389	0.001	0.000
4	R	0.000	0.390	0.388	0.002	0.000
5	T	0.000	0.390	0.312	0.078	0.000
6	F	0.000	0.390	0.083	0.307	0.000
7	I	0.000	0.390	0.027	0.363	0.000
8	T	0.000	0.390	0.019	0.371	0.000
9	T	0.000	0.390	0.005	0.385	0.000
10	L	0.000	0.390	0.000	0.389	0.000
11	G	0.000	0.390	0.000	0.390	0.000
12	L	0.000	0.390	0.000	0.390	0.000
13	L	0.000	0.390	0.000	0.382	0.008
14	Y	0.000	0.390	0.000	0.286	0.104
15	S	0.000	0.390	0.000	0.227	0.163
16	C	0.000	0.390	0.000	0.214	0.175
17	V	0.000	0.389	0.000	0.052	0.338
18	P	0.000	0.389	0.000	0.006	0.383
19	A	0.017	0.372	0.000	0.002	0.371
20	E	0.038	0.334	0.000	0.000	0.334
21	A	0.000	0.334	0.000	0.000	0.334
22	S	0.303	0.031	0.000	0.000	0.031
23	L	0.003	0.028	0.000	0.000	0.028
24	T	0.019	0.008	0.000	0.000	0.008
25	I	0.006	0.003	0.000	0.000	0.003
26	L	0.000	0.003	0.000	0.000	0.003
27	F	0.002	0.001	0.000	0.000	0.001
28	Q	0.000	0.001	0.000	0.000	0.001
29	N	0.000	0.001	0.000	0.000	0.001
30	D	0.000	0.001	0.000	0.000	0.001
31	G	0.000	0.001	0.000	0.000	0.001
32	N	0.000	0.001	0.000	0.000	0.001
33	W	0.000	0.001	0.000	0.000	0.001
34	T	0.000	0.001	0.000	0.000	0.001
35	T	0.000	0.001	0.000	0.000	0.001
36	H	0.000	0.001	0.000	0.000	0.001
37	A	0.000	0.001	0.000	0.000	0.001
38	E	0.001	0.000	0.000	0.000	0.000
39	K	0.000	0.000	0.000	0.000	0.000
40	P	0.000	0.000	0.000	0.000	0.000
>XP_001391356.2
pos	aa	C	S	n-reg	h-reg	c-reg
1	M	0.000	0.927	0.927	0.000	0.000
2	K	0.000	0.927	0.927	0.000	0.000
3	F	0.000	0.927	0.800	0.127	0.000
4	N	0.000	0.927	0.764	0.164	0.000
5	T	0.000	0.927	0.567	0.360	0.000
6	V	0.000	0.927	0.013	0.914	0.000
7	A	0.000	0.927	0.002	0.925	0.000
8	L	0.000	0.927	0.000	0.927	0.000
9	T	0.000	0.927	0.000	0.927	0.000
10	L	0.000	0.927	0.000	0.927	0.000
11	A	0.000	0.927	0.000	0.890	0.037
12	T	0.000	0.927	0.000	0.866	0.061
13	A	0.000	0.927	0.000	0.819	0.109
14	G	0.000	0.927	0.000	0.044	0.883
15	M	0.000	0.927	0.000	0.020	0.907
16	V	0.000	0.927	0.000	0.001	0.926
17	S	0.000	0.927	0.000	0.000	0.926
18	A	0.005	0.922	0.000	0.000	0.922
19	Q	0.919	0.003	0.000	0.000	0.003
20	H	0.003	0.000	0.000	0.000	0.000
21	H	0.000	0.000	0.000	0.000	0.000
22	H	0.000	0.000	0.000	0.000	0.000
23	Q	0.000	0.000	0.000	0.000	0.000
24	H	0.000	0.000	0.000	0.000	0.000
25	R	0.000	0.000	0.000	0.000	0.000
26	H	0.000	0.000	0.000	0.000	0.000
27	H	0.000	0.000	0.000	0.000	0.000
28	H	0.000	0.000	0.000	0.000	0.000
29	K	0.000	0.000	0.000	0.000	0.000
30	R	0.000	0.000	0.000	0.000	0.000
31	S	0.000	0.000	0.000	0.000	0.000
32	P	0.000	0.000	0.000	0.000	0.000
33	D	0.000	0.000	0.000	0.000	0.000
34	T	0.000	0.000	0.000	0.000	0.000
35	E	0.000	0.000	0.000	0.000	0.000
36	V	0.000	0.000	0.000	0.000	0.000
37	V	0.000	0.000	0.000	0.000	0.000
38	T	0.000	0.000	0.000	0.000	0.000
39	V	0.000	0.000	0.000	0.000	0.000
40	P	0.000	0.000	0.000	0.000	0.000
>XP_001391361.2
pos	aa	C	S	n-reg	h-reg	c-reg
1	M	0.000	0.444	0.444	0.000	0.000
2	A	0.000	0.444	0.444	0.000	0.000
3	P	0.000	0.444	0.444	0.000	0.000
4	V	0.000	0.444	0.444	0.000	0.000
5	N	0.000	0.444	0.444	0.000	0.000
6	I	0.000	0.444	0.439	0.005	0.000
7	P	0.000	0.444	0.437	0.008	0.000
8	S	0.000	0.444	0.419	0.025	0.000
9	Q	0.000	0.444	0.384	0.060	0.000
10	V	0.000	0.444	0.276	0.169	0.000
11	P	0.000	0.444	0.238	0.206	0.000
12	L	0.000	0.444	0.061	0.384	0.000
13	E	0.000	0.444	0.056	0.388	0.000
14	I	0.000	0.444	0.013	0.431	0.000
15	L	0.000	0.444	0.000	0.444	0.000
16	L	0.000	0.444	0.000	0.444	0.000
17	L	0.000	0.444	0.000	0.442	0.003
18	L	0.000	0.444	0.000	0.399	0.045
19	F	0.000	0.444	0.000	0.368	0.076
20	G	0.000	0.444	0.000	0.099	0.345
21	L	0.001	0.443	0.000	0.092	0.351
22	C	0.000	0.443	0.000	0.066	0.378
23	R	0.133	0.310	0.000	0.002	0.308
24	P	0.000	0.310	0.000	0.001	0.309
25	I	0.233	0.077	0.000	0.001	0.076
26	E	0.000	0.077	0.000	0.000	0.077
27	Q	0.000	0.077	0.000	0.000	0.077
28	Y	0.072	0.005	0.000	0.000	0.005
29	M	0.000	0.005	0.000	0.000	0.005
30	L	0.000	0.005	0.000	0.000	0.005
31	L	0.000	0.005	0.000	0.000	0.005
32	F	0.001	0.004	0.000	0.000	0.004
33	S	0.000	0.004	0.000	0.000	0.004
34	A	0.001	0.003	0.000	0.000	0.003
35	P	0.000	0.003	0.000	0.000	0.003
36	E	0.000	0.002	0.000	0.000	0.002
37	L	0.000	0.002	0.000	0.000	0.002
38	I	0.000	0.002	0.000	0.000	0.002
39	H	0.000	0.002	0.000	0.000	0.002
40	R	0.000	0.002	0.000	0.000	0.002
>XP_001391365.1
pos	aa	C	S	n-reg	h-reg	c-reg
1	M	0.000	0.684	0.684	0.000	0.000
2	A	0.000	0.699	0.699	0.000	0.000
3	P	0.000	0.699	0.699	0.000	0.000
4	A	0.000	0.699	0.699	0.000	0.000
5	P	0.000	0.699	0.699	0.000	0.000
6	P	0.000	0.699	0.699	0.000	0.000
7	A	0.000	0.699	0.699	0.000	0.000
8	N	0.000	0.699	0.699	0.000	0.000
9	L	0.000	0.699	0.699	0.000	0.000
10	P	0.000	0.699	0.699	0.000	0.000
11	L	0.000	0.699	0.699	0.000	0.000
12	P	0.000	0.699	0.699	0.000	0.000
13	E	0.000	0.699	0.699	0.000	0.000
14	R	0.000	0.699	0.699	0.000	0.000
15	L	0.000	0.699	0.698	0.001	0.000
16	K	0.000	0.699	0.698	0.001	0.000
17	A	0.000	0.699	0.668	0.031	0.000
18	L	0.000	0.699	0.639	0.061	0.000
19	A	0.000	0.699	0.633	0.066	0.000
20	Q	0.000	0.699	0.630	0.070	0.000
21	T	0.000	0.699	0.616	0.083	0.000
22	L	0.000	0.699	0.605	0.094	0.000
23	Q	0.000	0.699	0.602	0.097	0.000
24	F	0.000	0.699	0.556	0.143	0.000
25	A	0.000	0.699	0.535	0.162	0.002
26	W	0.000	0.699	0.511	0.180	0.008
27	F	0.000	0.699	0.394	0.291	0.014
28	A	0.000	0.699	0.341	0.331	0.027
29	G	0.000	0.699	0.322	0.322	0.055
30	H	0.001	0.698	0.283	0.333	0.082
31	V	0.000	0.698	0.003	0.613	0.082
32	T	0.000	0.698	0.001	0.612	0.085
33	L	0.001	0.697	0.001	0.612	0.084
34	L	0.009	0.688	0.001	0.612	0.076
35	L	0.041	0.646	0.001	0.595	0.051
36	S	0.002	0.643	0.001	0.527	0.115
37	V	0.027	0.614	0.001	0.517	0.097
38	F	0.000	0.612	0.000	0.487	0.124
39	R	0.000	0.604	0.000	0.003	0.600
40	Y	0.000	0.604	0.000	0.001	0.602
>XP_001391370.1
pos	aa	C	S	n-reg	h-reg	c-reg
1	M	0.000	0.000	0.000	0.000	0.000
2	R	0.000	0.000	0.000	0.000	0.000
3	A	0.000	0.000	0.000	0.000	0.000
4	P	0.000	0.000	0.000	0.000	0.000
5	S	0.000	0.000	0.000	0.000	0.000
6	L	0.000	0.000	0.000	0.000	0.000
7	F	0.000	0.000	0.000	0.000	0.000
8	G	0.000	0.000	0.000	0.000	0.000
9	P	0.000	0.000	0.000	0.000	0.000
10	A	0.000	0.000	0.000	0.000	0.000
11	T	0.000	0.000	0.000	0.000	0.000
12	A	0.000	0.000	0.000	0.000	0.000
13	G	0.000	0.000	0.000	0.000	0.000
14	L	0.000	0.000	0.000	0.000	0.000
15	S	0.000	0.000	0.000	0.000	0.000
16	T	0.000	0.000	0.000	0.000	0.000
17	V	0.000	0.000	0.000	0.000	0.000
18	L	0.000	0.000	0.000	0.000	0.000
19	R	0.000	0.000	0.000	0.000	0.000
20	L	0.000	0.000	0.000	0.000	0.000
21	G	0.000	0.000	0.000	0.000	0.000
22	Y	0.000	0.000	0.000	0.000	0.000
23	I	0.000	0.000	0.000	0.000	0.000
24	L	0.000	0.000	0.000	0.000	0.000
25	Q	0.000	0.000	0.000	0.000	0.000
26	S	0.000	0.000	0.000	0.000	0.000
27	T	0.000	0.000	0.000	0.000	0.000
28	P	0.000	0.000	0.000	0.000	0.000
29	A	0.000	0.000	0.000	0.000	0.000
30	Y	0.000	0.000	0.000	0.000	0.000
31	A	0.000	0.000	0.000	0.000	0.000
32	L	0.000	0.000	0.000	0.000	0.000
33	T	0.000	0.000	0.000	0.000	0.000
34	F	0.000	0.000	0.000	0.000	0.000
35	Q	0.000	0.000	0.000	0.000	0.000
36	S	0.000	0.000	0.000	0.000	0.000
37	V	0.000	0.000	0.000	0.000	0.000
38	S	0.000	0.000	0.000	0.000	0.000
39	E	0.000	0.000	0.000	0.000	0.000
40	P	0.000	0.000	0.000	0.000	0.000
>XP_001391417.1
pos	aa	C	S	n-reg	h-reg	c-reg
1	M	0.000	0.998	0.998	0.000	0.000
2	K	0.000	0.999	0.999	0.000	0.000
3	F	0.000	0.999	0.594	0.404	0.000
4	S	0.000	0.999	0.462	0.536	0.000
5	I	0.000	0.999	0.284	0.714	0.000
6	T	0.000	0.999	0.117	0.882	0.000
7	A	0.000	0.999	0.060	0.938	0.000
8	A	0.000	0.999	0.034	0.965	0.000
9	V	0.000	0.999	0.010	0.989	0.000
10	L	0.000	0.999	0.002	0.996	0.000
11	A	0.000	0.999	0.001	0.924	0.073
12	F	0.000	0.999	0.000	0.881	0.117
13	A	0.000	0.999	0.000	0.817	0.182
14	A	0.003	0.996	0.000	0.213	0.783
15	T	0.000	0.996	0.000	0.153	0.843
16	V	0.003	0.993	0.000	0.126	0.867
17	V	0.000	0.993	0.000	0.109	0.884
18	A	0.000	0.993	0.000	0.056	0.937
19	M	0.841	0.152	0.000	0.030	0.122
20	P	0.000	0.152	0.000	0.006	0.145
21	G	0.022	0.129	0.000	0.002	0.128
22	G	0.008	0.121	0.000	0.000	0.121
23	S	0.007	0.114	0.000	0.000	0.114
24	P	0.003	0.111	0.000	0.000	0.111
25	S	0.026	0.085	0.000	0.000	0.085
26	T	0.060	0.025	0.000	0.000	0.025
27	G	0.000	0.024	0.000	0.000	0.024
28	N	0.011	0.013	0.000	0.000	0.013
29	G	0.000	0.013	0.000	0.000	0.013
30	A	0.013	0.000	0.000	0.000	0.000
31	G	0.000	0.000	0.000	0.000	0.000
32	N	0.000	0.000	0.000	0.000	0.000
33	G	0.000	0.000	0.000	0.000	0.000
34	N	0.000	0.000	0.000	0.000	0.000
35	G	0.000	0.000	0.000	0.000	0.000
36	N	0.000	0.000	0.000	0.000	0.000
37	D	0.000	0.000	0.000	0.000	0.000
38	G	0.000	0.000	0.000	0.000	0.000
39	N	0.000	0.000	0.000	0.000	0.000
40	S	0.000	0.000	0.000	0.000	0.000
>XP_001391424.2
pos	aa	C	S	n-reg	h-reg	c-reg
1	M	0.000	0.983	0.983	0.000	0.000
2	V	0.000	0.983	0.983	0.000	0.000
3	H	0.000	0.983	0.983	0.000	0.000
4	T	0.000	0.983	0.982	0.001	0.000
5	R	0.000	0.983	0.979	0.004	0.000
6	S	0.000	0.983	0.593	0.390	0.000
7	L	0.000	0.983	0.123	0.860	0.000
8	A	0.000	0.983	0.066	0.917	0.000
9	V	0.000	0.983	0.008	0.975	0.000
10	A	0.000	0.983	0.000	0.983	0.000
11	A	0.000	0.983	0.000	0.983	0.000
12	S	0.000	0.983	0.000	0.983	0.000
13	A	0.000	0.983	0.000	0.983	0.000
14	F	0.000	0.983	0.000	0.980	0.003
15	L	0.000	0.983	0.000	0.962	0.021
16	L	0.000	0.983	0.000	0.859	0.124
17	G	0.000	0.983	0.000	0.358	0.625
18	D	0.004	0.980	0.000	0.007	0.972
19	P	0.000	0.980	0.000	0.001	0.979
20	R	0.002	0.977	0.000	0.000	0.977
21	L	0.000	0.977	0.000	0.000	0.977
22	A	0.002	0.976	0.000	0.000	0.976
23	A	0.165	0.811	0.000	0.000	0.811
24	G	0.056	0.755	0.000	0.000	0.755
25	G	0.740	0.015	0.000	0.000	0.015
26	S	0.007	0.008	0.000	0.000	0.008
27	T	0.005	0.004	0.000	0.000	0.004
28	E	0.002	0.002	0.000	0.000	0.002
29	L	0.000	0.002	0.000	0.000	0.002
30	Q	0.002	0.000	0.000	0.000	0.000
31	S	0.000	0.000	0.000	0.000	0.000
32	V	0.000	0.000	0.000	0.000	0.000
33	L	0.000	0.000	0.000	0.000	0.000
34	K	0.000	0.000	0.000	0.000	0.000
35	N	0.000	0.000	0.000	0.000	0.000
36	T	0.000	0.000	0.000	0.000	0.000
37	H	0.000	0.000	0.000	0.000	0.000
38	G	0.000	0.000	0.000	0.000	0.000
39	S	0.000	0.000	0.000	0.000	0.000
40	N	0.000	0.000	0.000	0.000	0.000
>XP_001391442.1
pos	aa	C	S	n-reg	h-reg	c-reg
1	M	0.000	0.102	0.102	0.000	0.000
2	P	0.000	0.102	0.102	0.000	0.000
3	P	0.000	0.102	0.100	0.002	0.000
4	L	0.000	0.102	0.087	0.015	0.000
5	T	0.000	0.102	0.084	0.019	0.000
6	T	0.000	0.102	0.060	0.042	0.000
7	V	0.000	0.102	0.023	0.079	0.000
8	I	0.000	0.102	0.015	0.088	0.000
9	A	0.000	0.102	0.008	0.094	0.000
10	I	0.000	0.102	0.002	0.100	0.000
11	A	0.000	0.102	0.001	0.101	0.000
12	V	0.000	0.102	0.000	0.101	0.001
13	S	0.000	0.102	0.000	0.098	0.004
14	C	0.000	0.102	0.000	0.093	0.010
15	S	0.001	0.101	0.000	0.081	0.021
16	V	0.000	0.101	0.000	0.078	0.023
17	V	0.000	0.101	0.000	0.071	0.030
18	F	0.000	0.101	0.000	0.030	0.071
19	I	0.000	0.101	0.000	0.015	0.086
20	V	0.000	0.101	0.000	0.009	0.092
21	S	0.000	0.101	0.000	0.002	0.099
22	A	0.011	0.090	0.000	0.000	0.089
23	I	0.073	0.017	0.000	0.000	0.016
24	V	0.000	0.017	0.000	0.000	0.017
25	G	0.000	0.017	0.000	0.000	0.017
26	T	0.013	0.004	0.000	0.000	0.003
27	V	0.003	0.000	0.000	0.000	0.000
28	I	0.000	0.000	0.000	0.000	0.000
29	W	0.000	0.000	0.000	0.000	0.000
30	I	0.000	0.000	0.000	0.000	0.000
31	R	0.000	0.000	0.000	0.000	0.000
32	V	0.000	0.000	0.000	0.000	0.000
33	R	0.000	0.000	0.000	0.000	0.000
34	Q	0.000	0.000	0.000	0.000	0.000
35	D	0.000	0.000	0.000	0.000	0.000
36	R	0.000	0.000	0.000	0.000	0.000
37	L	0.000	0.000	0.000	0.000	0.000
38	S	0.000	0.000	0.000	0.000	0.000
39	L	0.000	0.000	0.000	0.000	0.000
40	A	0.000	0.000	0.000	0.000	0.000
>XP_001391456.1
pos	aa	C	S	n-reg	h-reg	c-reg
1	M	0.000	0.739	0.739	0.000	0.000
2	W	0.000	0.739	0.739	0.000	0.000
3	L	0.000	0.739	0.518	0.221	0.000
4	Q	0.000	0.739	0.456	0.283	0.000
5	A	0.000	0.739	0.362	0.377	0.000
6	T	0.000	0.739	0.210	0.529	0.000
7	L	0.000	0.739	0.001	0.738	0.000
8	L	0.000	0.739	0.000	0.739	0.000
9	L	0.000	0.739	0.000	0.739	0.000
10	L	0.000	0.739	0.000	0.739	0.000
11	A	0.000	0.739	0.000	0.694	0.045
12	S	0.000	0.739	0.000	0.625	0.114
13	C	0.000	0.739	0.000	0.597	0.142
14	V	0.002	0.737	0.000	0.541	0.196
15	P	0.000	0.737	0.000	0.007	0.730
16	S	0.003	0.734	0.000	0.002	0.732
17	S	0.003	0.731	0.000	0.000	0.731
18	L	0.001	0.731	0.000	0.000	0.731
19	A	0.018	0.712	0.000	0.000	0.712
20	I	0.712	0.000	0.000	0.000	0.000
21	Y	0.000	0.000	0.000	0.000	0.000
22	R	0.000	0.000	0.000	0.000	0.000
23	D	0.000	0.000	0.000	0.000	0.000
24	E	0.000	0.000	0.000	0.000	0.000
25	V	0.000	0.000	0.000	0.000	0.000
26	N	0.000	0.000	0.000	0.000	0.000
27	H	0.000	0.000	0.000	0.000	0.000
28	V	0.000	0.000	0.000	0.000	0.000
29	D	0.000	0.000	0.000	0.000	0.000
30	Y	0.000	0.000	0.000	0.000	0.000
31	H	0.000	0.000	0.000	0.000	0.000
32	H	0.000	0.000	0.000	0.000	0.000
33	A	0.000	0.000	0.000	0.000	0.000
34	L	0.000	0.000	0.000	0.000	0.000
35	L	0.000	0.000	0.000	0.000	0.000
36	G	0.000	0.000	0.000	0.000	0.000
37	F	0.000	0.000	0.000	0.000	0.000
38	P	0.000	0.000	0.000	0.000	0.000
39	T	0.000	0.000	0.000	0.000	0.000
40	S	0.000	0.000	0.000	0.000	0.000
>XP_001391470.1
pos	aa	C	S	n-reg	h-reg	c-reg
1	M	0.000	0.951	0.951	0.000	0.000
2	K	0.000	0.951	0.951	0.000	0.000
3	G	0.000	0.951	0.631	0.320	0.000
4	I	0.000	0.951	0.217	0.735	0.000
5	L	0.000	0.951	0.101	0.850	0.000
6	G	0.000	0.951	0.048	0.903	0.000
7	L	0.000	0.951	0.009	0.942	0.000
8	S	0.000	0.951	0.004	0.947	0.000
9	L	0.000	0.951	0.001	0.951	0.000
10	L	0.000	0.951	0.000	0.951	0.000
11	P	0.000	0.951	0.000	0.804	0.147
12	L	0.000	0.951	0.000	0.700	0.251
13	L	0.000	0.951	0.000	0.625	0.326
14	T	0.000	0.951	0.000	0.286	0.665
15	A	0.001	0.950	0.000	0.180	0.771
16	A	0.106	0.844	0.000	0.041	0.803
17	S	0.302	0.542	0.000	0.011	0.531
18	P	0.012	0.530	0.000	0.004	0.526
19	V	0.256	0.274	0.000	0.001	0.273
20	F	0.000	0.274	0.000	0.001	0.273
21	V	0.000	0.274	0.000	0.000	0.274
22	D	0.000	0.274	0.000	0.000	0.274
23	S	0.000	0.274	0.000	0.000	0.274
24	I	0.273	0.001	0.000	0.000	0.001
25	H	0.000	0.001	0.000	0.000	0.001
26	N	0.000	0.001	0.000	0.000	0.001
27	E	0.000	0.001	0.000	0.000	0.001
28	A	0.000	0.001	0.000	0.000	0.001
29	A	0.000	0.001	0.000	0.000	0.001
30	P	0.000	0.001	0.000	0.000	0.001
31	I	0.000	0.001	0.000	0.000	0.001
32	L	0.000	0.001	0.000	0.000	0.001
33	S	0.000	0.001	0.000	0.000	0.001
34	A	0.000	0.001	0.000	0.000	0.001
35	T	0.000	0.001	0.000	0.000	0.001
36	N	0.000	0.001	0.000	0.000	0.001
37	A	0.000	0.001	0.000	0.000	0.001
38	K	0.001	0.000	0.000	0.000	0.000
39	E	0.000	0.000	0.000	0.000	0.000
40	V	0.000	0.000	0.000	0.000	0.000
>XP_001391475.2
pos	aa	C	S	n-reg	h-reg	c-reg
1	M	0.000	0.995	0.995	0.000	0.000
2	R	0.000	0.995	0.995	0.000	0.000
3	I	0.000	0.995	0.678	0.317	0.000
4	F	0.000	0.995	0.543	0.452	0.000
5	S	0.000	0.995	0.489	0.506	0.000
6	A	0.000	0.995	0.308	0.687	0.000
7	L	0.000	0.995	0.209	0.786	0.000
8	N	0.000	0.995	0.196	0.799	0.000
9	G	0.000	0.995	0.136	0.859	0.000
10	L	0.000	0.995	0.021	0.974	0.000
11	L	0.000	0.995	0.001	0.981	0.014
12	L	0.000	0.995	0.000	0.952	0.043
13	A	0.000	0.995	0.000	0.877	0.118
14	G	0.000	0.995	0.000	0.485	0.510
15	A	0.000	0.995	0.000	0.420	0.575
16	A	0.007	0.988	0.000	0.315	0.673
17	V	0.002	0.986	0.000	0.293	0.693
18	A	0.000	0.986	0.000	0.171	0.814
19	Q	0.399	0.586	0.000	0.025	0.561
20	S	0.009	0.577	0.000	0.011	0.566
21	S	0.222	0.355	0.000	0.004	0.351
22	S	0.005	0.351	0.000	0.000	0.350
23	S	0.073	0.277	0.000	0.000	0.277
24	C	0.136	0.142	0.000	0.000	0.142
25	S	0.017	0.125	0.000	0.000	0.125
26	L	0.018	0.107	0.000	0.000	0.107
27	Q	0.056	0.051	0.000	0.000	0.051
28	S	0.011	0.040	0.000	0.000	0.040
29	N	0.008	0.032	0.000	0.000	0.032
30	E	0.000	0.032	0.000	0.000	0.032
31	T	0.000	0.032	0.000	0.000	0.032
32	Q	0.001	0.031	0.000	0.000	0.031
33	A	0.000	0.031	0.000	0.000	0.031
34	V	0.026	0.005	0.000	0.000	0.005
35	N	0.000	0.005	0.000	0.000	0.005
36	Y	0.000	0.005	0.000	0.000	0.005
37	G	0.000	0.005	0.000	0.000	0.005
38	Y	0.000	0.005	0.000	0.000	0.005
39	A	0.000	0.005	0.000	0.000	0.005
40	L	0.004	0.001	0.000	0.000	0.001
>XP_001391483.1
pos	aa	C	S	n-reg	h-reg	c-reg
1	M	0.000	0.654	0.654	0.000	0.000
2	V	0.000	0.851	0.851	0.000	0.000
3	L	0.000	0.851	0.809	0.042	0.000
4	L	0.000	0.851	0.796	0.055	0.000
5	T	0.000	0.851	0.794	0.057	0.000
6	S	0.000	0.851	0.790	0.061	0.000
7	S	0.000	0.851	0.753	0.098	0.000
8	T	0.000	0.851	0.682	0.169	0.000
9	V	0.000	0.851	0.608	0.243	0.000
10	S	0.000	0.851	0.584	0.267	0.000
11	V	0.000	0.851	0.532	0.316	0.003
12	I	0.000	0.851	0.512	0.327	0.012
13	I	0.000	0.851	0.487	0.347	0.016
14	S	0.000	0.851	0.462	0.358	0.031
15	T	0.000	0.851	0.400	0.389	0.062
16	A	0.004	0.847	0.292	0.495	0.061
17	V	0.016	0.831	0.100	0.685	0.046
18	I	0.000	0.831	0.029	0.752	0.050
19	C	0.000	0.831	0.014	0.755	0.062
20	T	0.035	0.797	0.008	0.741	0.047
21	F	0.003	0.793	0.001	0.734	0.058
22	T	0.000	0.793	0.001	0.718	0.074
23	F	0.009	0.784	0.000	0.713	0.071
24	L	0.000	0.783	0.000	0.708	0.075
25	L	0.008	0.774	0.000	0.661	0.113
26	F	0.000	0.768	0.000	0.566	0.202
27	L	0.000	0.756	0.000	0.486	0.271
28	S	0.001	0.720	0.000	0.364	0.356
29	G	0.003	0.701	0.000	0.137	0.565
30	Y	0.058	0.632	0.000	0.118	0.514
31	V	0.000	0.622	0.000	0.107	0.515
32	L	0.000	0.598	0.000	0.082	0.516
33	Q	0.005	0.524	0.000	0.012	0.512
34	Q	0.465	0.049	0.000	0.002	0.047
35	Q	0.036	0.012	0.000	0.001	0.011
36	S	0.001	0.010	0.000	0.000	0.010
37	V	0.002	0.009	0.000	0.000	0.008
38	R	0.000	0.008	0.000	0.000	0.008
39	S	0.000	0.008	0.000	0.000	0.008
40	I	0.007	0.001	0.000	0.000	0.001
>XP_001391484.2
pos	aa	C	S	n-reg	h-reg	c-reg
1	M	0.000	0.063	0.063	0.000	0.000
2	R	0.000	0.063	0.063	0.000	0.000
3	V	0.000	0.063	0.063	0.000	0.000
4	R	0.000	0.063	0.063	0.000	0.000
5	V	0.000	0.063	0.062	0.001	0.000
6	S	0.000	0.063	0.062	0.002	0.000
7	S	0.000	0.063	0.061	0.002	0.000
8	L	0.000	0.063	0.061	0.002	0.000
9	L	0.000	0.063	0.061	0.002	0.000
10	R	0.000	0.063	0.061	0.002	0.000
11	I	0.000	0.063	0.060	0.003	0.000
12	R	0.000	0.063	0.060	0.003	0.000
13	H	0.000	0.063	0.052	0.010	0.001
14	T	0.000	0.063	0.003	0.059	0.001
15	A	0.000	0.063	0.001	0.061	0.002
16	T	0.000	0.063	0.000	0.061	0.002
17	L	0.000	0.063	0.000	0.061	0.002
18	S	0.000	0.063	0.000	0.061	0.002
19	L	0.001	0.062	0.000	0.061	0.001
20	P	0.000	0.062	0.000	0.060	0.002
21	L	0.001	0.062	0.000	0.058	0.003
22	P	0.000	0.062	0.000	0.004	0.058
23	A	0.000	0.062	0.000	0.002	0.060
24	S	0.000	0.062	0.000	0.001	0.061
25	T	0.000	0.061	0.000	0.001	0.061
26	S	0.009	0.053	0.000	0.000	0.053
27	K	0.051	0.002	0.000	0.000	0.001
28	H	0.000	0.002	0.000	0.000	0.001
29	N	0.000	0.002	0.000	0.000	0.001
30	S	0.000	0.002	0.000	0.000	0.001
31	I	0.000	0.001	0.000	0.000	0.001
32	S	0.000	0.001	0.000	0.000	0.001
33	Y	0.001	0.001	0.000	0.000	0.000
34	S	0.000	0.001	0.000	0.000	0.000
35	T	0.000	0.000	0.000	0.000	0.000
36	L	0.000	0.000	0.000	0.000	0.000
37	L	0.000	0.000	0.000	0.000	0.000
38	K	0.000	0.000	0.000	0.000	0.000
39	T	0.000	0.000	0.000	0.000	0.000
40	V	0.000	0.000	0.000	0.000	0.000
>XP_001391486.1
pos	aa	C	S	n-reg	h-reg	c-reg
1	M	0.000	0.591	0.591	0.000	0.000
2	D	0.000	0.594	0.594	0.000	0.000
3	V	0.000	0.594	0.594	0.000	0.000
4	L	0.000	0.594	0.594	0.000	0.000
5	S	0.000	0.594	0.594	0.000	0.000
6	N	0.000	0.594	0.593	0.000	0.000
7	Q	0.000	0.594	0.592	0.002	0.000
8	G	0.000	0.594	0.587	0.007	0.000
9	H	0.000	0.594	0.562	0.032	0.000
10	L	0.000	0.594	0.379	0.215	0.000
11	W	0.000	0.594	0.335	0.259	0.000
12	L	0.000	0.594	0.221	0.373	0.000
13	V	0.000	0.594	0.179	0.415	0.000
14	G	0.000	0.594	0.150	0.444	0.000
15	L	0.000	0.594	0.070	0.524	0.000
16	A	0.000	0.594	0.042	0.550	0.001
17	M	0.000	0.594	0.023	0.566	0.005
18	L	0.000	0.594	0.007	0.572	0.015
19	S	0.000	0.594	0.004	0.561	0.029
20	L	0.000	0.594	0.000	0.536	0.058
21	A	0.000	0.594	0.000	0.396	0.197
22	G	0.012	0.582	0.000	0.321	0.261
23	F	0.006	0.576	0.000	0.292	0.283
24	L	0.000	0.576	0.000	0.200	0.376
25	L	0.013	0.563	0.000	0.169	0.394
26	V	0.005	0.557	0.000	0.093	0.464
27	T	0.000	0.556	0.000	0.050	0.506
28	G	0.010	0.545	0.000	0.003	0.542
29	R	0.327	0.217	0.000	0.000	0.217
30	L	0.000	0.217	0.000	0.000	0.217
31	Q	0.095	0.123	0.000	0.000	0.123
32	G	0.031	0.091	0.000	0.000	0.091
33	S	0.075	0.017	0.000	0.000	0.017
34	G	0.001	0.015	0.000	0.000	0.015
35	F	0.013	0.003	0.000	0.000	0.003
36	L	0.000	0.003	0.000	0.000	0.003
37	G	0.002	0.001	0.000	0.000	0.001
38	R	0.001	0.000	0.000	0.000	0.000
39	V	0.000	0.000	0.000	0.000	0.000
40	R	0.000	0.000	0.000	0.000	0.000
>XP_001391489.1
pos	aa	C	S	n-reg	h-reg	c-reg
1	M	0.000	0.998	0.998	0.000	0.000
2	R	0.000	0.999	0.999	0.000	0.000
3	A	0.000	0.999	0.998	0.000	0.000
4	D	0.000	0.999	0.997	0.002	0.000
5	F	0.000	0.999	0.917	0.082	0.000
6	L	0.000	0.999	0.723	0.275	0.000
7	L	0.000	0.999	0.650	0.349	0.000
8	P	0.000	0.999	0.635	0.364	0.000
9	P	0.000	0.999	0.544	0.454	0.000
10	L	0.000	0.999	0.142	0.856	0.000
11	L	0.000	0.999	0.060	0.938	0.000
12	G	0.000	0.999	0.043	0.955	0.000
13	V	0.000	0.999	0.017	0.981	0.000
14	I	0.000	0.999	0.007	0.989	0.003
15	A	0.000	0.999	0.005	0.987	0.007
16	L	0.000	0.999	0.001	0.970	0.027
17	L	0.000	0.999	0.000	0.859	0.139
18	A	0.000	0.998	0.000	0.581	0.417
19	W	0.003	0.995	0.000	0.422	0.573
20	P	0.000	0.995	0.000	0.209	0.786
21	V	0.005	0.990	0.000	0.177	0.812
22	S	0.000	0.990	0.000	0.046	0.944
23	V	0.000	0.989	0.000	0.041	0.948
24	A	0.000	0.989	0.000	0.024	0.965
25	S	0.398	0.592	0.000	0.007	0.585
26	S	0.117	0.474	0.000	0.004	0.471
27	L	0.390	0.085	0.000	0.003	0.081
28	T	0.003	0.082	0.000	0.000	0.081
29	Y	0.016	0.066	0.000	0.000	0.066
30	C	0.000	0.066	0.000	0.000	0.066
31	S	0.010	0.056	0.000	0.000	0.055
32	S	0.000	0.056	0.000	0.000	0.056
33	A	0.042	0.014	0.000	0.000	0.014
34	N	0.002	0.012	0.000	0.000	0.012
35	T	0.000	0.012	0.000	0.000	0.012
36	G	0.001	0.011	0.000	0.000	0.011
37	S	0.000	0.011	0.000	0.000	0.011
38	S	0.000	0.011	0.000	0.000	0.011
39	Q	0.002	0.009	0.000	0.000	0.009
40	A	0.000	0.009	0.000	0.000	0.009
>XP_001391501.1
pos	aa	C	S	n-reg	h-reg	c-reg
1	M	0.000	0.996	0.996	0.000	0.000
2	R	0.000	0.996	0.996	0.000	0.000
3	W	0.000	0.996	0.783	0.214	0.000
4	S	0.000	0.996	0.555	0.441	0.000
5	L	0.000	0.996	0.231	0.765	0.000
6	S	0.000	0.996	0.076	0.920	0.000
7	L	0.000	0.996	0.011	0.985	0.000
8	F	0.000	0.996	0.003	0.994	0.000
9	L	0.000	0.996	0.000	0.996	0.000
10	F	0.000	0.996	0.000	0.996	0.000
11	G	0.000	0.996	0.000	0.937	0.060
12	F	0.000	0.996	0.000	0.886	0.110
13	S	0.000	0.996	0.000	0.779	0.217
14	A	0.001	0.996	0.000	0.278	0.718
15	V	0.000	0.996	0.000	0.214	0.782
16	V	0.000	0.996	0.000	0.093	0.903
17	H	0.000	0.996	0.000	0.017	0.979
18	A	0.000	0.996	0.000	0.006	0.990
19	L	0.763	0.233	0.000	0.001	0.232
20	S	0.000	0.232	0.000	0.000	0.232
21	S	0.119	0.113	0.000	0.000	0.113
22	S	0.056	0.057	0.000	0.000	0.057
23	G	0.019	0.039	0.000	0.000	0.039
24	N	0.037	0.002	0.000	0.000	0.002
25	R	0.000	0.002	0.000	0.000	0.002
26	L	0.000	0.002	0.000	0.000	0.002
27	L	0.001	0.001	0.000	0.000	0.001
28	V	0.000	0.001	0.000	0.000	0.001
29	V	0.000	0.001	0.000	0.000	0.001
30	L	0.000	0.001	0.000	0.000	0.001
31	E	0.000	0.000	0.000	0.000	0.000
32	D	0.000	0.000	0.000	0.000	0.000
33	G	0.000	0.000	0.000	0.000	0.000
34	S	0.000	0.000	0.000	0.000	0.000
35	E	0.000	0.000	0.000	0.000	0.000
36	K	0.000	0.000	0.000	0.000	0.000
37	D	0.000	0.000	0.000	0.000	0.000
38	L	0.000	0.000	0.000	0.000	0.000
39	Y	0.000	0.000	0.000	0.000	0.000
40	S	0.000	0.000	0.000	0.000	0.000
>XP_001391502.1
pos	aa	C	S	n-reg	h-reg	c-reg
1	M	0.000	0.571	0.571	0.000	0.000
2	A	0.000	0.576	0.576	0.000	0.000
3	R	0.000	0.576	0.576	0.000	0.000
4	V	0.000	0.576	0.576	0.000	0.000
5	P	0.000	0.576	0.576	0.000	0.000
6	V	0.000	0.576	0.575	0.001	0.000
7	I	0.000	0.576	0.575	0.001	0.000
8	G	0.000	0.576	0.575	0.001	0.000
9	R	0.000	0.576	0.575	0.001	0.000
10	L	0.000	0.576	0.567	0.009	0.000
11	F	0.000	0.576	0.562	0.013	0.000
12	W	0.000	0.576	0.560	0.016	0.000
13	F	0.000	0.576	0.556	0.019	0.000
14	E	0.000	0.576	0.555	0.021	0.000
15	Y	0.000	0.576	0.496	0.079	0.000
16	L	0.000	0.576	0.237	0.338	0.000
17	A	0.000	0.576	0.177	0.399	0.001
18	L	0.000	0.576	0.144	0.431	0.001
19	F	0.000	0.576	0.129	0.443	0.003
20	G	0.000	0.576	0.110	0.458	0.007
21	S	0.000	0.575	0.076	0.491	0.009
22	L	0.000	0.575	0.029	0.536	0.010
23	I	0.000	0.575	0.009	0.545	0.022
24	L	0.000	0.575	0.001	0.542	0.032
25	V	0.001	0.574	0.000	0.528	0.045
26	L	0.000	0.574	0.000	0.519	0.055
27	L	0.002	0.572	0.000	0.425	0.147
28	E	0.040	0.528	0.000	0.153	0.375
29	W	0.000	0.528	0.000	0.146	0.382
30	V	0.000	0.528	0.000	0.141	0.386
31	I	0.000	0.528	0.000	0.121	0.407
32	H	0.000	0.528	0.000	0.047	0.480
33	I	0.000	0.528	0.000	0.033	0.495
34	I	0.000	0.528	0.000	0.020	0.507
35	T	0.000	0.528	0.000	0.000	0.527
36	F	0.292	0.236	0.000	0.000	0.236
37	C	0.000	0.236	0.000	0.000	0.236
38	L	0.047	0.190	0.000	0.000	0.190
39	P	0.000	0.190	0.000	0.000	0.190
40	E	0.189	0.000	0.000	0.000	0.000
