>XP_001388463.2
pos	aa	C	S	n-reg	h-reg	c-reg
1	M	0.000	0.926	0.926	0.000	0.000
2	S	0.000	0.926	0.926	0.000	0.000
3	M	0.000	0.926	0.926	0.000	0.000
4	S	0.000	0.926	0.926	0.000	0.000
5	M	0.000	0.926	0.926	0.000	0.000
6	S	0.000	0.926	0.926	0.000	0.000
7	S	0.000	0.926	0.926	0.000	0.000
8	N	0.000	0.926	0.925	0.001	0.000
9	Y	0.000	0.926	0.918	0.008	0.000
10	Y	0.000	0.926	0.838	0.088	0.000
11	L	0.000	0.926	0.432	0.494	0.000
12	L	0.000	0.926	0.308	0.618	0.000
13	F	0.000	0.926	0.261	0.665	0.000
14	S	0.000	0.926	0.209	0.717	0.000
15	A	0.000	0.926	0.126	0.800	0.000
16	S	0.000	0.926	0.092	0.834	0.000
17	V	0.000	0.926	0.028	0.898	0.000
18	T	0.000	0.926	0.004	0.921	0.001
19	F	0.000	0.926	0.001	0.922	0.002
20	L	0.000	0.926	0.000	0.921	0.004
21	L	0.000	0.926	0.000	0.916	0.010
22	F	0.000	0.926	0.000	0.720	0.206
23	F	0.000	0.926	0.000	0.370	0.556
24	L	0.000	0.926	0.000	0.295	0.631
25	S	0.000	0.926	0.000	0.228	0.698
26	P	0.000	0.926	0.000	0.018	0.908
27	F	0.001	0.925	0.000	0.015	0.910
28	V	0.000	0.925	0.000	0.010	0.915
29	R	0.000	0.925	0.000	0.000	0.925
30	A	0.000	0.925	0.000	0.000	0.925
31	V	0.894	0.031	0.000	0.000	0.030
32	Q	0.000	0.031	0.000	0.000	0.031
33	P	0.001	0.030	0.000	0.000	0.030
34	T	0.021	0.009	0.000	0.000	0.009
35	A	0.000	0.009	0.000	0.000	0.009
36	P	0.000	0.009	0.000	0.000	0.009
37	E	0.009	0.000	0.000	0.000	0.000
38	P	0.000	0.000	0.000	0.000	0.000
39	I	0.000	0.000	0.000	0.000	0.000
40	E	0.000	0.000	0.000	0.000	0.000
>XP_001388472.2
pos	aa	C	S	n-reg	h-reg	c-reg
1	M	0.000	0.976	0.976	0.000	0.000
2	S	0.000	0.976	0.976	0.000	0.000
3	R	0.000	0.976	0.976	0.000	0.000
4	Y	0.000	0.976	0.964	0.013	0.000
5	L	0.000	0.976	0.944	0.032	0.000
6	R	0.000	0.976	0.936	0.041	0.000
7	A	0.000	0.976	0.446	0.530	0.000
8	F	0.000	0.976	0.178	0.798	0.000
9	V	0.000	0.976	0.055	0.922	0.000
10	L	0.000	0.976	0.014	0.962	0.000
11	A	0.000	0.976	0.006	0.970	0.000
12	L	0.000	0.976	0.002	0.974	0.001
13	A	0.000	0.976	0.001	0.966	0.010
14	G	0.000	0.976	0.001	0.957	0.018
15	S	0.000	0.976	0.000	0.876	0.100
16	T	0.000	0.976	0.000	0.731	0.245
17	L	0.000	0.976	0.000	0.658	0.319
18	V	0.000	0.976	0.000	0.515	0.461
19	A	0.000	0.976	0.000	0.192	0.784
20	S	0.016	0.961	0.000	0.051	0.910
21	A	0.155	0.805	0.000	0.013	0.792
22	S	0.170	0.636	0.000	0.003	0.633
23	T	0.066	0.569	0.000	0.002	0.567
24	S	0.204	0.365	0.000	0.000	0.365
25	T	0.084	0.281	0.000	0.000	0.281
26	S	0.050	0.231	0.000	0.000	0.231
27	N	0.090	0.140	0.000	0.000	0.140
28	S	0.000	0.140	0.000	0.000	0.140
29	N	0.058	0.083	0.000	0.000	0.083
30	S	0.000	0.083	0.000	0.000	0.083
31	W	0.002	0.081	0.000	0.000	0.081
32	C	0.000	0.081	0.000	0.000	0.081
33	Q	0.006	0.075	0.000	0.000	0.075
34	T	0.000	0.075	0.000	0.000	0.075
35	S	0.003	0.072	0.000	0.000	0.072
36	W	0.000	0.072	0.000	0.000	0.072
37	S	0.000	0.072	0.000	0.000	0.072
38	T	0.057	0.015	0.000	0.000	0.015
39	D	0.002	0.013	0.000	0.000	0.013
40	T	0.000	0.013	0.000	0.000	0.013
>XP_001388482.1
pos	aa	C	S	n-reg	h-reg	c-reg
1	M	0.000	0.891	0.891	0.000	0.000
2	V	0.000	0.891	0.891	0.000	0.000
3	A	0.000	0.891	0.887	0.004	0.000
4	F	0.000	0.891	0.881	0.009	0.000
5	S	0.000	0.891	0.870	0.021	0.000
6	A	0.000	0.891	0.711	0.180	0.000
7	L	0.000	0.891	0.568	0.323	0.000
8	S	0.000	0.891	0.546	0.345	0.000
9	G	0.000	0.891	0.416	0.475	0.000
10	V	0.000	0.891	0.174	0.717	0.000
11	S	0.000	0.891	0.133	0.757	0.001
12	A	0.000	0.891	0.063	0.826	0.002
13	V	0.000	0.891	0.001	0.888	0.002
14	S	0.000	0.891	0.000	0.885	0.006
15	L	0.000	0.891	0.000	0.884	0.007
16	L	0.000	0.891	0.000	0.881	0.010
17	L	0.000	0.890	0.000	0.821	0.069
18	S	0.000	0.890	0.000	0.534	0.356
19	L	0.003	0.887	0.000	0.490	0.397
20	V	0.000	0.887	0.000	0.439	0.448
21	Q	0.000	0.887	0.000	0.006	0.881
22	N	0.001	0.886	0.000	0.001	0.885
23	A	0.000	0.886	0.000	0.000	0.885
24	H	0.016	0.870	0.000	0.000	0.870
25	G	0.000	0.870	0.000	0.000	0.870
26	I	0.845	0.025	0.000	0.000	0.025
27	S	0.000	0.025	0.000	0.000	0.025
28	L	0.006	0.018	0.000	0.000	0.018
29	K	0.017	0.001	0.000	0.000	0.001
30	V	0.000	0.001	0.000	0.000	0.001
31	S	0.000	0.001	0.000	0.000	0.001
32	T	0.000	0.001	0.000	0.000	0.001
33	Q	0.000	0.001	0.000	0.000	0.001
34	G	0.000	0.001	0.000	0.000	0.001
35	G	0.000	0.000	0.000	0.000	0.000
36	N	0.000	0.000	0.000	0.000	0.000
37	S	0.000	0.000	0.000	0.000	0.000
38	S	0.000	0.000	0.000	0.000	0.000
39	S	0.000	0.000	0.000	0.000	0.000
40	P	0.000	0.000	0.000	0.000	0.000
>XP_001388495.2
pos	aa	C	S	n-reg	h-reg	c-reg
1	M	0.000	0.224	0.224	0.000	0.000
2	K	0.000	0.224	0.224	0.000	0.000
3	G	0.000	0.224	0.223	0.001	0.000
4	Y	0.000	0.224	0.218	0.006	0.000
5	L	0.000	0.224	0.211	0.013	0.000
6	S	0.000	0.224	0.209	0.015	0.000
7	R	0.000	0.224	0.206	0.018	0.000
8	G	0.000	0.224	0.101	0.123	0.000
9	L	0.000	0.224	0.060	0.164	0.000
10	A	0.000	0.224	0.052	0.172	0.000
11	I	0.000	0.224	0.050	0.174	0.000
12	S	0.000	0.224	0.049	0.174	0.001
13	M	0.000	0.224	0.049	0.173	0.002
14	V	0.000	0.224	0.048	0.172	0.003
15	A	0.000	0.224	0.048	0.169	0.006
16	P	0.000	0.224	0.048	0.065	0.111
17	A	0.000	0.224	0.048	0.054	0.122
18	A	0.000	0.224	0.048	0.022	0.154
19	Y	0.000	0.224	0.047	0.015	0.161
20	A	0.000	0.224	0.047	0.009	0.167
21	Q	0.105	0.118	0.047	0.003	0.069
22	A	0.000	0.118	0.045	0.004	0.069
23	T	0.040	0.078	0.045	0.004	0.029
24	R	0.000	0.078	0.045	0.004	0.030
25	A	0.000	0.078	0.027	0.021	0.030
26	V	0.009	0.069	0.011	0.037	0.021
27	A	0.000	0.069	0.007	0.041	0.021
28	S	0.005	0.064	0.004	0.043	0.016
29	L	0.001	0.064	0.001	0.047	0.016
30	S	0.000	0.063	0.001	0.045	0.018
31	A	0.000	0.063	0.000	0.045	0.018
32	A	0.002	0.061	0.000	0.045	0.016
33	A	0.002	0.060	0.000	0.042	0.018
34	A	0.002	0.057	0.000	0.031	0.027
35	T	0.005	0.052	0.000	0.027	0.025
36	V	0.001	0.052	0.000	0.024	0.027
37	T	0.000	0.052	0.000	0.012	0.040
38	T	0.003	0.049	0.000	0.004	0.044
39	S	0.012	0.037	0.000	0.000	0.036
40	P	0.001	0.036	0.000	0.000	0.036
>XP_001388497.2
pos	aa	C	S	n-reg	h-reg	c-reg
1	M	0.000	0.011	0.011	0.000	0.000
2	A	0.000	0.012	0.012	0.000	0.000
3	F	0.000	0.012	0.012	0.000	0.000
4	D	0.000	0.012	0.012	0.000	0.000
5	K	0.000	0.012	0.012	0.000	0.000
6	V	0.000	0.012	0.012	0.000	0.000
7	D	0.000	0.012	0.012	0.000	0.000
8	H	0.000	0.012	0.012	0.000	0.000
9	P	0.000	0.012	0.011	0.001	0.000
10	V	0.000	0.012	0.005	0.008	0.000
11	I	0.000	0.012	0.002	0.010	0.000
12	T	0.000	0.012	0.001	0.011	0.000
13	I	0.000	0.012	0.000	0.012	0.000
14	A	0.000	0.012	0.000	0.012	0.000
15	T	0.000	0.012	0.000	0.012	0.000
16	V	0.000	0.012	0.000	0.012	0.000
17	I	0.000	0.012	0.000	0.012	0.000
18	L	0.000	0.012	0.000	0.012	0.000
19	V	0.000	0.012	0.000	0.012	0.000
20	L	0.000	0.012	0.000	0.011	0.001
21	W	0.000	0.012	0.000	0.005	0.008
22	Y	0.000	0.012	0.000	0.003	0.009
23	T	0.000	0.012	0.000	0.001	0.011
24	T	0.000	0.012	0.000	0.001	0.011
25	T	0.000	0.011	0.000	0.001	0.011
26	Y	0.005	0.006	0.000	0.000	0.006
27	L	0.000	0.006	0.000	0.000	0.006
28	Q	0.005	0.000	0.000	0.000	0.000
29	R	0.000	0.000	0.000	0.000	0.000
30	K	0.000	0.000	0.000	0.000	0.000
31	W	0.000	0.000	0.000	0.000	0.000
32	T	0.000	0.000	0.000	0.000	0.000
33	H	0.000	0.000	0.000	0.000	0.000
34	R	0.000	0.000	0.000	0.000	0.000
35	R	0.000	0.000	0.000	0.000	0.000
36	I	0.000	0.000	0.000	0.000	0.000
37	I	0.000	0.000	0.000	0.000	0.000
38	K	0.000	0.000	0.000	0.000	0.000
39	A	0.000	0.000	0.000	0.000	0.000
40	N	0.000	0.000	0.000	0.000	0.000
>XP_001388499.1
pos	aa	C	S	n-reg	h-reg	c-reg
1	M	0.000	0.996	0.996	0.000	0.000
2	K	0.000	0.996	0.996	0.000	0.000
3	F	0.000	0.996	0.684	0.312	0.000
4	S	0.000	0.996	0.574	0.423	0.000
5	T	0.000	0.996	0.427	0.569	0.000
6	I	0.000	0.996	0.012	0.985	0.000
7	L	0.000	0.996	0.001	0.995	0.000
8	T	0.000	0.996	0.000	0.996	0.000
9	G	0.000	0.996	0.000	0.996	0.000
10	S	0.000	0.996	0.000	0.996	0.000
11	L	0.000	0.996	0.000	0.973	0.024
12	F	0.000	0.996	0.000	0.933	0.063
13	A	0.000	0.996	0.000	0.875	0.122
14	T	0.000	0.996	0.000	0.060	0.936
15	A	0.000	0.996	0.000	0.023	0.973
16	A	0.001	0.996	0.000	0.002	0.994
17	L	0.002	0.994	0.000	0.002	0.993
18	A	0.001	0.993	0.000	0.000	0.993
19	A	0.983	0.010	0.000	0.000	0.010
20	P	0.002	0.008	0.000	0.000	0.008
21	L	0.006	0.002	0.000	0.000	0.002
22	T	0.001	0.001	0.000	0.000	0.001
23	E	0.001	0.000	0.000	0.000	0.000
24	K	0.000	0.000	0.000	0.000	0.000
25	R	0.000	0.000	0.000	0.000	0.000
26	R	0.000	0.000	0.000	0.000	0.000
27	A	0.000	0.000	0.000	0.000	0.000
28	R	0.000	0.000	0.000	0.000	0.000
29	K	0.000	0.000	0.000	0.000	0.000
30	E	0.000	0.000	0.000	0.000	0.000
31	A	0.000	0.000	0.000	0.000	0.000
32	R	0.000	0.000	0.000	0.000	0.000
33	A	0.000	0.000	0.000	0.000	0.000
34	A	0.000	0.000	0.000	0.000	0.000
35	G	0.000	0.000	0.000	0.000	0.000
36	K	0.000	0.000	0.000	0.000	0.000
37	R	0.000	0.000	0.000	0.000	0.000
38	H	0.000	0.000	0.000	0.000	0.000
39	S	0.000	0.000	0.000	0.000	0.000
40	N	0.000	0.000	0.000	0.000	0.000
>XP_001388501.1
pos	aa	C	S	n-reg	h-reg	c-reg
1	M	0.000	1.000	1.000	0.000	0.000
2	Y	0.000	1.000	1.000	0.000	0.000
3	F	0.000	1.000	0.907	0.093	0.000
4	S	0.000	1.000	0.848	0.152	0.000
5	T	0.000	1.000	0.808	0.191	0.000
6	P	0.000	1.000	0.698	0.302	0.000
7	L	0.000	1.000	0.003	0.996	0.000
8	L	0.000	1.000	0.000	1.000	0.000
9	L	0.000	1.000	0.000	1.000	0.000
10	L	0.000	1.000	0.000	1.000	0.000
11	A	0.000	1.000	0.000	0.996	0.004
12	A	0.000	1.000	0.000	0.986	0.014
13	A	0.000	1.000	0.000	0.979	0.020
14	L	0.000	1.000	0.000	0.969	0.031
15	P	0.000	1.000	0.000	0.019	0.981
16	S	0.000	1.000	0.000	0.008	0.992
17	A	0.000	1.000	0.000	0.003	0.997
18	L	0.000	1.000	0.000	0.002	0.997
19	S	0.000	0.999	0.000	0.000	0.999
20	Q	0.989	0.010	0.000	0.000	0.010
21	P	0.000	0.010	0.000	0.000	0.010
22	T	0.006	0.003	0.000	0.000	0.003
23	P	0.000	0.003	0.000	0.000	0.003
24	T	0.000	0.003	0.000	0.000	0.003
25	K	0.001	0.002	0.000	0.000	0.002
26	P	0.000	0.002	0.000	0.000	0.002
27	Q	0.002	0.000	0.000	0.000	0.000
28	G	0.000	0.000	0.000	0.000	0.000
29	H	0.000	0.000	0.000	0.000	0.000
30	S	0.000	0.000	0.000	0.000	0.000
31	R	0.000	0.000	0.000	0.000	0.000
32	R	0.000	0.000	0.000	0.000	0.000
33	Q	0.000	0.000	0.000	0.000	0.000
34	I	0.000	0.000	0.000	0.000	0.000
35	D	0.000	0.000	0.000	0.000	0.000
36	I	0.000	0.000	0.000	0.000	0.000
37	S	0.000	0.000	0.000	0.000	0.000
38	A	0.000	0.000	0.000	0.000	0.000
39	S	0.000	0.000	0.000	0.000	0.000
40	A	0.000	0.000	0.000	0.000	0.000
>XP_001388504.2
pos	aa	C	S	n-reg	h-reg	c-reg
1	M	0.000	0.956	0.956	0.000	0.000
2	V	0.000	0.956	0.956	0.000	0.000
3	H	0.000	0.956	0.919	0.037	0.000
4	F	0.000	0.956	0.441	0.515	0.000
5	I	0.000	0.956	0.272	0.684	0.000
6	S	0.000	0.956	0.173	0.783	0.000
7	L	0.000	0.956	0.018	0.937	0.000
8	F	0.000	0.956	0.005	0.951	0.000
9	Y	0.000	0.956	0.002	0.954	0.000
10	T	0.000	0.956	0.001	0.955	0.000
11	L	0.000	0.956	0.000	0.955	0.000
12	V	0.000	0.956	0.000	0.948	0.007
13	G	0.000	0.956	0.000	0.888	0.068
14	L	0.000	0.956	0.000	0.831	0.125
15	L	0.000	0.956	0.000	0.433	0.523
16	P	0.000	0.956	0.000	0.085	0.871
17	A	0.000	0.955	0.000	0.010	0.946
18	A	0.006	0.949	0.000	0.005	0.944
19	A	0.001	0.948	0.000	0.002	0.946
20	L	0.504	0.444	0.000	0.001	0.443
21	P	0.011	0.433	0.000	0.001	0.433
22	S	0.423	0.010	0.000	0.000	0.010
23	P	0.001	0.009	0.000	0.000	0.009
24	T	0.002	0.008	0.000	0.000	0.008
25	H	0.002	0.005	0.000	0.000	0.005
26	H	0.000	0.005	0.000	0.000	0.005
27	S	0.000	0.005	0.000	0.000	0.005
28	L	0.002	0.004	0.000	0.000	0.004
29	E	0.000	0.003	0.000	0.000	0.003
30	T	0.000	0.003	0.000	0.000	0.003
31	I	0.001	0.003	0.000	0.000	0.003
32	T	0.000	0.003	0.000	0.000	0.003
33	C	0.000	0.002	0.000	0.000	0.002
34	D	0.002	0.000	0.000	0.000	0.000
35	I	0.000	0.000	0.000	0.000	0.000
36	C	0.000	0.000	0.000	0.000	0.000
37	I	0.000	0.000	0.000	0.000	0.000
38	L	0.000	0.000	0.000	0.000	0.000
39	G	0.000	0.000	0.000	0.000	0.000
40	G	0.000	0.000	0.000	0.000	0.000
>XP_001388512.1
pos	aa	C	S	n-reg	h-reg	c-reg
1	M	0.000	0.467	0.467	0.000	0.000
2	A	0.000	0.468	0.468	0.000	0.000
3	L	0.000	0.468	0.467	0.002	0.000
4	N	0.000	0.468	0.466	0.003	0.000
5	V	0.000	0.468	0.445	0.023	0.000
6	T	0.000	0.468	0.361	0.107	0.000
7	T	0.000	0.468	0.255	0.213	0.000
8	Y	0.000	0.468	0.213	0.256	0.000
9	A	0.000	0.468	0.112	0.356	0.000
10	T	0.000	0.468	0.015	0.454	0.000
11	I	0.000	0.468	0.004	0.465	0.000
12	V	0.000	0.468	0.002	0.466	0.000
13	T	0.000	0.468	0.001	0.467	0.000
14	V	0.000	0.468	0.000	0.467	0.001
15	L	0.000	0.468	0.000	0.463	0.005
16	L	0.000	0.468	0.000	0.458	0.010
17	L	0.000	0.468	0.000	0.421	0.046
18	P	0.000	0.468	0.000	0.028	0.440
19	V	0.000	0.468	0.000	0.022	0.446
20	L	0.000	0.468	0.000	0.018	0.450
21	L	0.000	0.468	0.000	0.017	0.450
22	A	0.040	0.428	0.000	0.002	0.426
23	I	0.409	0.019	0.000	0.001	0.018
24	K	0.000	0.018	0.000	0.000	0.018
25	R	0.000	0.018	0.000	0.000	0.018
26	L	0.000	0.018	0.000	0.000	0.018
27	Y	0.018	0.000	0.000	0.000	0.000
28	F	0.000	0.000	0.000	0.000	0.000
29	H	0.000	0.000	0.000	0.000	0.000
30	P	0.000	0.000	0.000	0.000	0.000
31	L	0.000	0.000	0.000	0.000	0.000
32	S	0.000	0.000	0.000	0.000	0.000
33	R	0.000	0.000	0.000	0.000	0.000
34	Y	0.000	0.000	0.000	0.000	0.000
35	D	0.000	0.000	0.000	0.000	0.000
36	G	0.000	0.000	0.000	0.000	0.000
37	P	0.000	0.000	0.000	0.000	0.000
38	R	0.000	0.000	0.000	0.000	0.000
39	L	0.000	0.000	0.000	0.000	0.000
40	W	0.000	0.000	0.000	0.000	0.000
>XP_001388517.2
pos	aa	C	S	n-reg	h-reg	c-reg
1	M	0.000	0.000	0.000	0.000	0.000
2	A	0.000	0.000	0.000	0.000	0.000
3	Y	0.000	0.000	0.000	0.000	0.000
4	C	0.000	0.000	0.000	0.000	0.000
5	S	0.000	0.000	0.000	0.000	0.000
6	V	0.000	0.000	0.000	0.000	0.000
7	L	0.000	0.000	0.000	0.000	0.000
8	G	0.000	0.000	0.000	0.000	0.000
9	S	0.000	0.000	0.000	0.000	0.000
10	L	0.000	0.000	0.000	0.000	0.000
11	S	0.000	0.000	0.000	0.000	0.000
12	T	0.000	0.000	0.000	0.000	0.000
13	F	0.000	0.000	0.000	0.000	0.000
14	D	0.000	0.000	0.000	0.000	0.000
15	A	0.000	0.000	0.000	0.000	0.000
16	L	0.000	0.000	0.000	0.000	0.000
17	V	0.000	0.000	0.000	0.000	0.000
18	I	0.000	0.000	0.000	0.000	0.000
19	F	0.000	0.000	0.000	0.000	0.000
20	Y	0.000	0.000	0.000	0.000	0.000
21	K	0.000	0.000	0.000	0.000	0.000
22	A	0.000	0.000	0.000	0.000	0.000
23	V	0.000	0.000	0.000	0.000	0.000
24	I	0.000	0.000	0.000	0.000	0.000
25	A	0.000	0.000	0.000	0.000	0.000
26	A	0.000	0.000	0.000	0.000	0.000
27	I	0.000	0.000	0.000	0.000	0.000
28	D	0.000	0.000	0.000	0.000	0.000
29	T	0.000	0.000	0.000	0.000	0.000
30	D	0.000	0.000	0.000	0.000	0.000
31	S	0.000	0.000	0.000	0.000	0.000
32	F	0.000	0.000	0.000	0.000	0.000
33	P	0.000	0.000	0.000	0.000	0.000
34	E	0.000	0.000	0.000	0.000	0.000
35	L	0.000	0.000	0.000	0.000	0.000
36	R	0.000	0.000	0.000	0.000	0.000
37	P	0.000	0.000	0.000	0.000	0.000
38	Y	0.000	0.000	0.000	0.000	0.000
39	L	0.000	0.000	0.000	0.000	0.000
40	D	0.000	0.000	0.000	0.000	0.000
>XP_001388522.1
pos	aa	C	S	n-reg	h-reg	c-reg
1	M	0.000	0.998	0.998	0.000	0.000
2	L	0.000	0.998	0.998	0.000	0.000
3	T	0.000	0.998	0.997	0.001	0.000
4	K	0.000	0.998	0.997	0.002	0.000
5	N	0.000	0.998	0.944	0.055	0.000
6	L	0.000	0.998	0.007	0.991	0.000
7	L	0.000	0.998	0.001	0.997	0.000
8	L	0.000	0.998	0.000	0.998	0.000
9	C	0.000	0.998	0.000	0.998	0.000
10	F	0.000	0.998	0.000	0.998	0.000
11	A	0.000	0.998	0.000	0.998	0.000
12	A	0.000	0.998	0.000	0.997	0.001
13	A	0.000	0.998	0.000	0.983	0.015
14	K	0.000	0.998	0.000	0.017	0.981
15	A	0.000	0.998	0.000	0.014	0.984
16	A	0.000	0.998	0.000	0.011	0.986
17	L	0.001	0.997	0.000	0.009	0.988
18	A	0.005	0.992	0.000	0.002	0.990
19	V	0.975	0.017	0.000	0.001	0.016
20	P	0.000	0.017	0.000	0.000	0.017
21	H	0.005	0.012	0.000	0.000	0.012
22	D	0.000	0.012	0.000	0.000	0.012
23	S	0.000	0.012	0.000	0.000	0.012
24	V	0.000	0.012	0.000	0.000	0.012
25	A	0.000	0.012	0.000	0.000	0.012
26	Q	0.012	0.000	0.000	0.000	0.000
27	R	0.000	0.000	0.000	0.000	0.000
28	S	0.000	0.000	0.000	0.000	0.000
29	D	0.000	0.000	0.000	0.000	0.000
30	A	0.000	0.000	0.000	0.000	0.000
31	L	0.000	0.000	0.000	0.000	0.000
32	H	0.000	0.000	0.000	0.000	0.000
33	M	0.000	0.000	0.000	0.000	0.000
34	L	0.000	0.000	0.000	0.000	0.000
35	S	0.000	0.000	0.000	0.000	0.000
36	E	0.000	0.000	0.000	0.000	0.000
37	R	0.000	0.000	0.000	0.000	0.000
38	S	0.000	0.000	0.000	0.000	0.000
39	T	0.000	0.000	0.000	0.000	0.000
40	P	0.000	0.000	0.000	0.000	0.000
>XP_001388526.2
pos	aa	C	S	n-reg	h-reg	c-reg
1	M	0.000	0.197	0.197	0.000	0.000
2	A	0.000	0.198	0.198	0.000	0.000
3	L	0.000	0.198	0.198	0.000	0.000
4	W	0.000	0.198	0.198	0.000	0.000
5	K	0.000	0.198	0.198	0.000	0.000
6	F	0.000	0.198	0.198	0.000	0.000
7	P	0.000	0.198	0.198	0.000	0.000
8	K	0.000	0.198	0.198	0.000	0.000
9	L	0.000	0.198	0.197	0.000	0.000
10	N	0.000	0.198	0.197	0.000	0.000
11	S	0.000	0.198	0.197	0.001	0.000
12	T	0.000	0.198	0.197	0.001	0.000
13	L	0.000	0.198	0.197	0.001	0.000
14	G	0.000	0.198	0.196	0.001	0.000
15	T	0.000	0.198	0.196	0.002	0.000
16	L	0.000	0.198	0.195	0.003	0.000
17	R	0.000	0.198	0.195	0.003	0.000
18	A	0.000	0.198	0.182	0.015	0.000
19	Y	0.000	0.198	0.174	0.023	0.000
20	H	0.000	0.198	0.157	0.040	0.001
21	L	0.000	0.198	0.042	0.155	0.001
22	A	0.000	0.198	0.025	0.172	0.001
23	A	0.000	0.197	0.012	0.185	0.000
24	I	0.000	0.197	0.003	0.194	0.000
25	I	0.000	0.197	0.000	0.196	0.001
26	F	0.000	0.197	0.000	0.195	0.002
27	V	0.000	0.197	0.000	0.191	0.007
28	S	0.000	0.197	0.000	0.179	0.018
29	S	0.000	0.197	0.000	0.129	0.068
30	F	0.002	0.195	0.000	0.124	0.071
31	L	0.000	0.195	0.000	0.117	0.078
32	A	0.004	0.191	0.000	0.070	0.121
33	G	0.010	0.181	0.000	0.014	0.167
34	Y	0.051	0.130	0.000	0.007	0.124
35	D	0.000	0.130	0.000	0.000	0.130
36	S	0.000	0.130	0.000	0.000	0.130
37	G	0.013	0.117	0.000	0.000	0.117
38	I	0.029	0.088	0.000	0.000	0.088
39	A	0.000	0.088	0.000	0.000	0.088
40	G	0.034	0.055	0.000	0.000	0.055
>XP_001388530.2
pos	aa	C	S	n-reg	h-reg	c-reg
1	M	0.000	0.370	0.370	0.000	0.000
2	V	0.000	0.370	0.370	0.000	0.000
3	Y	0.000	0.370	0.350	0.020	0.000
4	W	0.000	0.370	0.298	0.072	0.000
5	Q	0.000	0.370	0.291	0.079	0.000
6	S	0.000	0.370	0.213	0.156	0.000
7	W	0.000	0.370	0.081	0.289	0.000
8	F	0.000	0.370	0.030	0.340	0.000
9	L	0.000	0.370	0.006	0.363	0.000
10	L	0.000	0.370	0.000	0.369	0.000
11	L	0.000	0.370	0.000	0.365	0.004
12	G	0.000	0.370	0.000	0.305	0.065
13	T	0.000	0.370	0.000	0.301	0.069
14	V	0.000	0.370	0.000	0.293	0.077
15	A	0.000	0.370	0.000	0.232	0.137
16	S	0.010	0.359	0.000	0.194	0.165
17	F	0.062	0.297	0.000	0.176	0.121
18	N	0.000	0.297	0.000	0.004	0.293
19	P	0.000	0.297	0.000	0.001	0.296
20	L	0.002	0.295	0.000	0.001	0.294
21	E	0.001	0.293	0.000	0.000	0.293
22	S	0.000	0.293	0.000	0.000	0.293
23	L	0.273	0.020	0.000	0.000	0.020
24	L	0.004	0.016	0.000	0.000	0.016
25	P	0.003	0.013	0.000	0.000	0.013
26	D	0.010	0.003	0.000	0.000	0.003
27	G	0.000	0.003	0.000	0.000	0.003
28	L	0.000	0.003	0.000	0.000	0.003
29	S	0.000	0.003	0.000	0.000	0.003
30	P	0.000	0.003	0.000	0.000	0.003
31	Y	0.002	0.001	0.000	0.000	0.001
32	G	0.000	0.001	0.000	0.000	0.001
33	L	0.000	0.001	0.000	0.000	0.001
34	L	0.000	0.001	0.000	0.000	0.001
35	P	0.000	0.000	0.000	0.000	0.000
36	T	0.000	0.000	0.000	0.000	0.000
37	Y	0.000	0.000	0.000	0.000	0.000
38	H	0.000	0.000	0.000	0.000	0.000
39	L	0.000	0.000	0.000	0.000	0.000
40	D	0.000	0.000	0.000	0.000	0.000
>XP_001388543.2
pos	aa	C	S	n-reg	h-reg	c-reg
1	M	0.000	0.932	0.932	0.000	0.000
2	A	0.000	0.998	0.998	0.000	0.000
3	A	0.000	0.998	0.998	0.000	0.000
4	M	0.000	0.998	0.998	0.000	0.000
5	M	0.000	0.998	0.998	0.000	0.000
6	T	0.000	0.998	0.998	0.000	0.000
7	P	0.000	0.998	0.998	0.000	0.000
8	G	0.000	0.998	0.998	0.000	0.000
9	S	0.000	0.998	0.998	0.000	0.000
10	P	0.000	0.998	0.998	0.000	0.000
11	V	0.000	0.998	0.998	0.000	0.000
12	R	0.000	0.998	0.998	0.000	0.000
13	L	0.000	0.998	0.998	0.000	0.000
14	G	0.000	0.998	0.998	0.000	0.000
15	P	0.000	0.998	0.998	0.000	0.000
16	G	0.000	0.998	0.998	0.000	0.000
17	P	0.000	0.998	0.998	0.000	0.000
18	R	0.000	0.998	0.998	0.000	0.000
19	R	0.000	0.998	0.998	0.000	0.000
20	R	0.000	0.998	0.998	0.000	0.000
21	S	0.000	0.998	0.970	0.028	0.000
22	S	0.000	0.998	0.920	0.078	0.000
23	N	0.000	0.998	0.859	0.138	0.000
24	L	0.000	0.998	0.285	0.713	0.000
25	V	0.000	0.998	0.115	0.883	0.000
26	I	0.000	0.998	0.066	0.932	0.000
27	L	0.000	0.998	0.037	0.961	0.000
28	L	0.000	0.998	0.016	0.982	0.000
29	L	0.000	0.998	0.004	0.994	0.000
30	V	0.000	0.998	0.001	0.995	0.002
31	I	0.000	0.998	0.000	0.990	0.007
32	I	0.000	0.998	0.000	0.928	0.070
33	A	0.000	0.998	0.000	0.482	0.516
34	L	0.001	0.997	0.000	0.437	0.560
35	L	0.000	0.997	0.000	0.297	0.700
36	W	0.009	0.986	0.000	0.208	0.778
37	S	0.000	0.982	0.000	0.156	0.826
38	L	0.605	0.375	0.000	0.124	0.251
39	V	0.011	0.358	0.000	0.098	0.260
40	I	0.000	0.344	0.000	0.058	0.286
>XP_001388557.2
pos	aa	C	S	n-reg	h-reg	c-reg
1	M	0.000	0.002	0.002	0.000	0.000
2	A	0.000	0.468	0.468	0.000	0.000
3	L	0.000	0.468	0.468	0.000	0.000
4	D	0.000	0.468	0.468	0.000	0.000
5	I	0.000	0.468	0.468	0.000	0.000
6	P	0.000	0.468	0.468	0.000	0.000
7	K	0.000	0.468	0.468	0.000	0.000
8	D	0.000	0.468	0.468	0.000	0.000
9	T	0.000	0.468	0.468	0.000	0.000
10	P	0.000	0.468	0.468	0.000	0.000
11	D	0.000	0.468	0.468	0.000	0.000
12	C	0.000	0.468	0.468	0.000	0.000
13	G	0.000	0.468	0.468	0.000	0.000
14	E	0.000	0.468	0.468	0.000	0.000
15	G	0.000	0.468	0.304	0.163	0.000
16	I	0.000	0.468	0.112	0.356	0.000
17	L	0.000	0.468	0.053	0.414	0.000
18	I	0.000	0.468	0.029	0.438	0.000
19	T	0.000	0.468	0.022	0.446	0.000
20	S	0.000	0.468	0.016	0.452	0.000
21	I	0.000	0.468	0.003	0.464	0.000
22	F	0.000	0.468	0.000	0.467	0.000
23	L	0.000	0.468	0.000	0.467	0.000
24	I	0.000	0.468	0.000	0.467	0.000
25	I	0.000	0.468	0.000	0.468	0.000
26	L	0.000	0.468	0.000	0.467	0.000
27	I	0.000	0.467	0.000	0.467	0.000
28	I	0.000	0.465	0.000	0.464	0.000
29	I	0.000	0.458	0.000	0.457	0.001
30	F	0.000	0.440	0.000	0.439	0.001
31	T	0.000	0.399	0.000	0.397	0.001
32	V	0.000	0.363	0.000	0.361	0.002
33	L	0.000	0.271	0.000	0.269	0.002
34	R	0.000	0.002	0.000	0.000	0.002
35	V	0.000	0.002	0.000	0.000	0.002
36	V	0.000	0.002	0.000	0.000	0.002
37	S	0.000	0.002	0.000	0.000	0.002
38	K	0.002	0.000	0.000	0.000	0.000
39	F	0.000	0.000	0.000	0.000	0.000
40	V	0.000	0.000	0.000	0.000	0.000
>XP_001388558.2
pos	aa	C	S	n-reg	h-reg	c-reg
1	M	0.000	0.600	0.600	0.000	0.000
2	P	0.000	0.600	0.600	0.000	0.000
3	S	0.000	0.600	0.600	0.000	0.000
4	K	0.000	0.600	0.600	0.000	0.000
5	A	0.000	0.600	0.529	0.071	0.000
6	F	0.000	0.600	0.307	0.294	0.000
7	T	0.000	0.600	0.207	0.393	0.000
8	F	0.000	0.600	0.140	0.461	0.000
9	F	0.000	0.600	0.088	0.512	0.000
10	Y	0.000	0.600	0.068	0.532	0.000
11	T	0.000	0.600	0.046	0.554	0.000
12	A	0.000	0.600	0.028	0.572	0.000
13	Y	0.000	0.600	0.015	0.583	0.002
14	T	0.000	0.600	0.006	0.585	0.009
15	L	0.000	0.600	0.000	0.589	0.011
16	V	0.000	0.600	0.000	0.577	0.023
17	T	0.000	0.600	0.000	0.361	0.240
18	A	0.001	0.599	0.000	0.169	0.430
19	P	0.006	0.593	0.000	0.102	0.490
20	V	0.001	0.592	0.000	0.090	0.502
21	W	0.000	0.592	0.000	0.038	0.554
22	L	0.000	0.592	0.000	0.023	0.570
23	A	0.029	0.563	0.000	0.004	0.559
24	A	0.029	0.533	0.000	0.001	0.533
25	A	0.089	0.444	0.000	0.001	0.443
26	A	0.415	0.029	0.000	0.001	0.029
27	I	0.028	0.001	0.000	0.000	0.000
28	Y	0.000	0.001	0.000	0.000	0.000
29	N	0.000	0.000	0.000	0.000	0.000
30	I	0.000	0.000	0.000	0.000	0.000
31	P	0.000	0.000	0.000	0.000	0.000
32	K	0.000	0.000	0.000	0.000	0.000
33	F	0.000	0.000	0.000	0.000	0.000
34	L	0.000	0.000	0.000	0.000	0.000
35	R	0.000	0.000	0.000	0.000	0.000
36	P	0.000	0.000	0.000	0.000	0.000
37	N	0.000	0.000	0.000	0.000	0.000
38	A	0.000	0.000	0.000	0.000	0.000
39	A	0.000	0.000	0.000	0.000	0.000
40	W	0.000	0.000	0.000	0.000	0.000
>XP_001388559.1
pos	aa	C	S	n-reg	h-reg	c-reg
1	M	0.000	0.783	0.783	0.000	0.000
2	K	0.000	0.783	0.783	0.000	0.000
3	T	0.000	0.783	0.320	0.463	0.000
4	F	0.000	0.783	0.170	0.613	0.000
5	T	0.000	0.783	0.131	0.652	0.000
6	S	0.000	0.783	0.096	0.687	0.000
7	A	0.000	0.783	0.033	0.750	0.000
8	L	0.000	0.783	0.001	0.782	0.000
9	I	0.000	0.783	0.000	0.782	0.000
10	G	0.000	0.783	0.000	0.782	0.001
11	A	0.000	0.783	0.000	0.364	0.419
12	A	0.000	0.783	0.000	0.287	0.496
13	A	0.000	0.783	0.000	0.229	0.554
14	L	0.000	0.782	0.000	0.219	0.563
15	A	0.001	0.782	0.000	0.180	0.602
16	Q	0.535	0.247	0.000	0.010	0.237
17	N	0.001	0.245	0.000	0.003	0.242
18	V	0.000	0.245	0.000	0.002	0.243
19	N	0.000	0.245	0.000	0.001	0.245
20	S	0.000	0.245	0.000	0.000	0.245
21	S	0.191	0.054	0.000	0.000	0.054
22	L	0.005	0.049	0.000	0.000	0.049
23	L	0.004	0.045	0.000	0.000	0.045
24	S	0.023	0.022	0.000	0.000	0.022
25	G	0.015	0.007	0.000	0.000	0.006
26	P	0.000	0.006	0.000	0.000	0.006
27	A	0.000	0.006	0.000	0.000	0.006
28	G	0.000	0.006	0.000	0.000	0.005
29	L	0.001	0.005	0.000	0.000	0.005
30	E	0.002	0.003	0.000	0.000	0.003
31	F	0.000	0.003	0.000	0.000	0.003
32	P	0.000	0.003	0.000	0.000	0.003
33	N	0.000	0.003	0.000	0.000	0.003
34	V	0.000	0.003	0.000	0.000	0.003
35	T	0.000	0.003	0.000	0.000	0.003
36	G	0.000	0.003	0.000	0.000	0.003
37	L	0.002	0.001	0.000	0.000	0.001
38	M	0.000	0.001	0.000	0.000	0.001
39	N	0.000	0.001	0.000	0.000	0.001
40	H	0.000	0.001	0.000	0.000	0.001
>XP_001388563.2
pos	aa	C	S	n-reg	h-reg	c-reg
1	M	0.000	0.616	0.616	0.000	0.000
2	E	0.000	0.752	0.752	0.000	0.000
3	Y	0.000	0.752	0.750	0.002	0.000
4	T	0.000	0.752	0.742	0.010	0.000
5	L	0.000	0.752	0.724	0.028	0.000
6	P	0.000	0.752	0.692	0.060	0.000
7	L	0.000	0.752	0.495	0.257	0.000
8	V	0.000	0.752	0.468	0.284	0.000
9	G	0.000	0.752	0.449	0.303	0.000
10	H	0.000	0.752	0.412	0.340	0.000
11	S	0.000	0.752	0.306	0.446	0.000
12	L	0.000	0.752	0.138	0.614	0.001
13	A	0.000	0.752	0.090	0.660	0.002
14	I	0.000	0.752	0.074	0.675	0.003
15	F	0.000	0.752	0.068	0.669	0.016
16	I	0.000	0.752	0.065	0.664	0.024
17	V	0.000	0.752	0.063	0.636	0.053
18	S	0.000	0.752	0.062	0.451	0.239
19	A	0.000	0.752	0.062	0.394	0.296
20	V	0.026	0.726	0.061	0.359	0.306
21	T	0.000	0.726	0.061	0.141	0.523
22	V	0.002	0.723	0.061	0.130	0.533
23	G	0.000	0.723	0.061	0.104	0.558
24	L	0.013	0.709	0.060	0.096	0.552
25	A	0.012	0.697	0.060	0.091	0.545
26	I	0.515	0.181	0.060	0.084	0.036
27	I	0.000	0.178	0.060	0.078	0.040
28	C	0.000	0.173	0.060	0.072	0.041
29	V	0.004	0.161	0.060	0.061	0.039
30	S	0.000	0.139	0.060	0.040	0.039
31	L	0.024	0.105	0.060	0.029	0.016
32	R	0.011	0.066	0.060	0.000	0.005
33	C	0.000	0.066	0.060	0.000	0.005
34	F	0.002	0.063	0.060	0.000	0.003
35	V	0.000	0.063	0.060	0.000	0.003
36	R	0.000	0.063	0.060	0.000	0.003
37	L	0.000	0.063	0.060	0.000	0.003
38	Y	0.000	0.063	0.060	0.000	0.002
39	I	0.000	0.063	0.060	0.000	0.002
40	L	0.000	0.063	0.060	0.000	0.002
>XP_001388570.2
pos	aa	C	S	n-reg	h-reg	c-reg
1	M	0.000	0.997	0.997	0.000	0.000
2	R	0.000	0.998	0.998	0.000	0.000
3	L	0.000	0.998	0.266	0.731	0.000
4	L	0.000	0.998	0.067	0.931	0.000
5	T	0.000	0.998	0.053	0.945	0.000
6	Y	0.000	0.998	0.019	0.978	0.000
7	L	0.000	0.998	0.001	0.997	0.000
8	L	0.000	0.998	0.000	0.998	0.000
9	L	0.000	0.998	0.000	0.998	0.000
10	T	0.000	0.998	0.000	0.996	0.001
11	I	0.000	0.998	0.000	0.876	0.122
12	Y	0.000	0.998	0.000	0.452	0.546
13	A	0.000	0.998	0.000	0.391	0.606
14	T	0.006	0.991	0.000	0.120	0.872
15	S	0.000	0.991	0.000	0.010	0.981
16	A	0.078	0.913	0.000	0.006	0.907
17	V	0.427	0.486	0.000	0.004	0.482
18	S	0.000	0.486	0.000	0.001	0.485
19	T	0.317	0.168	0.000	0.000	0.168
20	D	0.136	0.032	0.000	0.000	0.032
21	L	0.000	0.032	0.000	0.000	0.032
22	S	0.014	0.018	0.000	0.000	0.018
23	V	0.018	0.000	0.000	0.000	0.000
24	E	0.000	0.000	0.000	0.000	0.000
25	E	0.000	0.000	0.000	0.000	0.000
26	E	0.000	0.000	0.000	0.000	0.000
27	C	0.000	0.000	0.000	0.000	0.000
28	G	0.000	0.000	0.000	0.000	0.000
29	S	0.000	0.000	0.000	0.000	0.000
30	L	0.000	0.000	0.000	0.000	0.000
31	G	0.000	0.000	0.000	0.000	0.000
32	V	0.000	0.000	0.000	0.000	0.000
33	M	0.000	0.000	0.000	0.000	0.000
34	K	0.000	0.000	0.000	0.000	0.000
35	V	0.000	0.000	0.000	0.000	0.000
36	D	0.000	0.000	0.000	0.000	0.000
37	P	0.000	0.000	0.000	0.000	0.000
38	A	0.000	0.000	0.000	0.000	0.000
39	D	0.000	0.000	0.000	0.000	0.000
40	L	0.000	0.000	0.000	0.000	0.000
>XP_001388571.2
pos	aa	C	S	n-reg	h-reg	c-reg
1	M	0.000	0.988	0.988	0.000	0.000
2	I	0.000	0.989	0.989	0.000	0.000
3	F	0.000	0.989	0.894	0.094	0.000
4	S	0.000	0.989	0.741	0.248	0.000
5	F	0.000	0.988	0.514	0.475	0.000
6	A	0.000	0.989	0.404	0.585	0.000
7	P	0.000	0.988	0.316	0.672	0.000
8	I	0.000	0.989	0.021	0.967	0.000
9	I	0.000	0.988	0.003	0.985	0.000
10	G	0.000	0.989	0.002	0.987	0.000
11	L	0.000	0.989	0.000	0.988	0.000
12	L	0.000	0.989	0.000	0.973	0.015
13	S	0.000	0.989	0.000	0.885	0.103
14	L	0.000	0.988	0.000	0.852	0.137
15	I	0.000	0.988	0.000	0.767	0.222
16	S	0.000	0.988	0.000	0.090	0.898
17	P	0.000	0.988	0.000	0.028	0.961
18	V	0.002	0.987	0.000	0.014	0.973
19	I	0.000	0.987	0.000	0.009	0.977
20	A	0.000	0.987	0.000	0.000	0.986
21	T	0.822	0.165	0.000	0.000	0.164
22	T	0.024	0.140	0.000	0.000	0.140
23	D	0.129	0.011	0.000	0.000	0.011
24	P	0.000	0.011	0.000	0.000	0.011
25	L	0.011	0.000	0.000	0.000	0.000
26	N	0.000	0.000	0.000	0.000	0.000
27	Y	0.000	0.000	0.000	0.000	0.000
28	R	0.000	0.000	0.000	0.000	0.000
29	N	0.000	0.000	0.000	0.000	0.000
30	I	0.000	0.000	0.000	0.000	0.000
31	P	0.000	0.000	0.000	0.000	0.000
32	G	0.000	0.000	0.000	0.000	0.000
33	Y	0.000	0.000	0.000	0.000	0.000
34	V	0.000	0.000	0.000	0.000	0.000
35	T	0.000	0.000	0.000	0.000	0.000
36	S	0.000	0.000	0.000	0.000	0.000
37	S	0.000	0.000	0.000	0.000	0.000
38	S	0.000	0.000	0.000	0.000	0.000
39	L	0.000	0.000	0.000	0.000	0.000
40	N	0.000	0.000	0.000	0.000	0.000
>XP_001388572.2
pos	aa	C	S	n-reg	h-reg	c-reg
1	M	0.000	0.944	0.944	0.000	0.000
2	M	0.000	0.945	0.945	0.000	0.000
3	K	0.000	0.945	0.945	0.000	0.000
4	R	0.000	0.945	0.945	0.000	0.000
5	K	0.000	0.945	0.945	0.000	0.000
6	S	0.000	0.945	0.938	0.006	0.000
7	Q	0.000	0.945	0.916	0.029	0.000
8	L	0.000	0.945	0.739	0.205	0.000
9	S	0.000	0.945	0.683	0.262	0.000
10	S	0.000	0.945	0.595	0.349	0.000
11	F	0.000	0.945	0.360	0.585	0.000
12	T	0.000	0.945	0.245	0.700	0.000
13	L	0.000	0.945	0.127	0.817	0.000
14	V	0.000	0.945	0.087	0.856	0.002
15	T	0.000	0.945	0.068	0.871	0.005
16	A	0.000	0.945	0.038	0.894	0.012
17	A	0.001	0.944	0.015	0.912	0.017
18	I	0.001	0.943	0.004	0.915	0.024
19	L	0.000	0.943	0.001	0.832	0.110
20	P	0.000	0.942	0.000	0.551	0.391
21	F	0.003	0.940	0.000	0.488	0.451
22	A	0.000	0.940	0.000	0.402	0.538
23	H	0.007	0.933	0.000	0.205	0.728
24	F	0.000	0.933	0.000	0.164	0.769
25	V	0.000	0.933	0.000	0.105	0.827
26	M	0.000	0.933	0.000	0.060	0.873
27	G	0.000	0.933	0.000	0.046	0.886
28	G	0.421	0.511	0.000	0.001	0.510
29	T	0.003	0.508	0.000	0.000	0.508
30	S	0.007	0.500	0.000	0.000	0.500
31	L	0.019	0.482	0.000	0.000	0.482
32	A	0.021	0.461	0.000	0.000	0.461
33	Q	0.459	0.002	0.000	0.000	0.002
34	K	0.001	0.000	0.000	0.000	0.000
35	P	0.000	0.000	0.000	0.000	0.000
36	Q	0.000	0.000	0.000	0.000	0.000
37	M	0.000	0.000	0.000	0.000	0.000
38	G	0.000	0.000	0.000	0.000	0.000
39	W	0.000	0.000	0.000	0.000	0.000
40	N	0.000	0.000	0.000	0.000	0.000
>XP_001388576.1
pos	aa	C	S	n-reg	h-reg	c-reg
1	M	0.000	0.511	0.511	0.000	0.000
2	Q	0.000	0.511	0.511	0.000	0.000
3	I	0.000	0.511	0.468	0.043	0.000
4	L	0.000	0.511	0.457	0.054	0.000
5	K	0.000	0.511	0.455	0.056	0.000
6	I	0.000	0.511	0.047	0.464	0.000
7	F	0.000	0.511	0.003	0.508	0.000
8	L	0.000	0.511	0.001	0.510	0.000
9	A	0.000	0.511	0.000	0.511	0.000
10	V	0.000	0.511	0.000	0.511	0.000
11	A	0.000	0.511	0.000	0.497	0.014
12	T	0.000	0.511	0.000	0.491	0.020
13	A	0.000	0.511	0.000	0.488	0.023
14	V	0.004	0.507	0.000	0.152	0.355
15	H	0.000	0.507	0.000	0.040	0.467
16	V	0.000	0.507	0.000	0.031	0.477
17	H	0.000	0.507	0.000	0.002	0.505
18	G	0.000	0.507	0.000	0.001	0.507
19	L	0.429	0.078	0.000	0.000	0.077
20	I	0.002	0.076	0.000	0.000	0.075
21	Q	0.000	0.076	0.000	0.000	0.076
22	D	0.068	0.007	0.000	0.000	0.007
23	V	0.000	0.007	0.000	0.000	0.007
24	P	0.000	0.007	0.000	0.000	0.007
25	S	0.000	0.007	0.000	0.000	0.007
26	L	0.007	0.000	0.000	0.000	0.000
27	N	0.000	0.000	0.000	0.000	0.000
28	G	0.000	0.000	0.000	0.000	0.000
29	P	0.000	0.000	0.000	0.000	0.000
30	V	0.000	0.000	0.000	0.000	0.000
31	M	0.000	0.000	0.000	0.000	0.000
32	M	0.000	0.000	0.000	0.000	0.000
33	V	0.000	0.000	0.000	0.000	0.000
34	P	0.000	0.000	0.000	0.000	0.000
35	D	0.000	0.000	0.000	0.000	0.000
36	T	0.000	0.000	0.000	0.000	0.000
37	P	0.000	0.000	0.000	0.000	0.000
38	G	0.000	0.000	0.000	0.000	0.000
39	S	0.000	0.000	0.000	0.000	0.000
40	K	0.000	0.000	0.000	0.000	0.000
>XP_001388577.2
pos	aa	C	S	n-reg	h-reg	c-reg
1	M	0.000	0.227	0.227	0.000	0.000
2	S	0.000	0.675	0.675	0.000	0.000
3	S	0.000	0.675	0.675	0.000	0.000
4	I	0.000	0.675	0.675	0.000	0.000
5	S	0.000	0.675	0.675	0.000	0.000
6	A	0.000	0.675	0.675	0.000	0.000
7	A	0.000	0.675	0.675	0.000	0.000
8	L	0.000	0.675	0.675	0.000	0.000
9	V	0.000	0.675	0.675	0.000	0.000
10	R	0.000	0.675	0.675	0.000	0.000
11	R	0.000	0.675	0.675	0.000	0.000
12	G	0.000	0.675	0.675	0.000	0.000
13	T	0.000	0.675	0.675	0.000	0.000
14	E	0.000	0.675	0.675	0.000	0.000
15	V	0.000	0.675	0.675	0.000	0.000
16	I	0.000	0.675	0.675	0.000	0.000
17	S	0.000	0.675	0.675	0.000	0.000
18	A	0.000	0.675	0.675	0.000	0.000
19	R	0.000	0.675	0.675	0.000	0.000
20	L	0.000	0.675	0.675	0.000	0.000
21	Q	0.000	0.675	0.675	0.000	0.000
22	T	0.000	0.675	0.675	0.000	0.000
23	S	0.000	0.675	0.675	0.000	0.000
24	Q	0.000	0.675	0.675	0.000	0.000
25	Q	0.000	0.675	0.675	0.000	0.000
26	P	0.000	0.675	0.675	0.000	0.000
27	L	0.000	0.675	0.675	0.000	0.000
28	I	0.000	0.675	0.675	0.000	0.000
29	K	0.000	0.675	0.675	0.000	0.000
30	E	0.000	0.675	0.673	0.002	0.000
31	W	0.000	0.675	0.485	0.190	0.000
32	I	0.000	0.675	0.237	0.438	0.000
33	G	0.000	0.675	0.166	0.508	0.000
34	I	0.000	0.675	0.072	0.602	0.000
35	F	0.000	0.675	0.037	0.637	0.000
36	L	0.000	0.675	0.018	0.656	0.000
37	V	0.000	0.675	0.007	0.668	0.000
38	F	0.000	0.675	0.003	0.672	0.000
39	F	0.000	0.675	0.002	0.669	0.004
40	T	0.000	0.675	0.001	0.660	0.013
>XP_001388583.1
pos	aa	C	S	n-reg	h-reg	c-reg
1	M	0.000	0.976	0.976	0.000	0.000
2	R	0.000	0.976	0.976	0.000	0.000
3	A	0.000	0.976	0.758	0.219	0.000
4	G	0.000	0.976	0.531	0.446	0.000
5	A	0.000	0.976	0.089	0.887	0.000
6	L	0.000	0.976	0.002	0.975	0.000
7	F	0.000	0.976	0.000	0.976	0.000
8	I	0.000	0.976	0.000	0.976	0.000
9	A	0.000	0.976	0.000	0.976	0.000
10	T	0.000	0.976	0.000	0.976	0.000
11	L	0.000	0.976	0.000	0.962	0.014
12	L	0.000	0.976	0.000	0.937	0.040
13	A	0.000	0.976	0.000	0.178	0.798
14	R	0.000	0.976	0.000	0.006	0.971
15	A	0.000	0.976	0.000	0.002	0.974
16	T	0.043	0.934	0.000	0.001	0.932
17	A	0.001	0.933	0.000	0.001	0.932
18	L	0.850	0.083	0.000	0.001	0.082
19	D	0.079	0.004	0.000	0.000	0.004
20	N	0.000	0.004	0.000	0.000	0.004
21	T	0.000	0.004	0.000	0.000	0.004
22	T	0.001	0.003	0.000	0.000	0.003
23	S	0.000	0.003	0.000	0.000	0.003
24	R	0.003	0.000	0.000	0.000	0.000
25	I	0.000	0.000	0.000	0.000	0.000
26	V	0.000	0.000	0.000	0.000	0.000
27	A	0.000	0.000	0.000	0.000	0.000
28	K	0.000	0.000	0.000	0.000	0.000
29	L	0.000	0.000	0.000	0.000	0.000
30	A	0.000	0.000	0.000	0.000	0.000
31	S	0.000	0.000	0.000	0.000	0.000
32	Y	0.000	0.000	0.000	0.000	0.000
33	G	0.000	0.000	0.000	0.000	0.000
34	V	0.000	0.000	0.000	0.000	0.000
35	D	0.000	0.000	0.000	0.000	0.000
36	A	0.000	0.000	0.000	0.000	0.000
37	Y	0.000	0.000	0.000	0.000	0.000
38	E	0.000	0.000	0.000	0.000	0.000
39	Y	0.000	0.000	0.000	0.000	0.000
40	F	0.000	0.000	0.000	0.000	0.000
>XP_001388585.2
pos	aa	C	S	n-reg	h-reg	c-reg
1	M	0.000	0.003	0.003	0.000	0.000
2	A	0.000	0.003	0.003	0.000	0.000
3	E	0.000	0.003	0.003	0.000	0.000
4	L	0.000	0.003	0.003	0.000	0.000
5	T	0.000	0.003	0.003	0.000	0.000
6	V	0.000	0.003	0.003	0.000	0.000
7	G	0.000	0.003	0.003	0.000	0.000
8	Y	0.000	0.003	0.003	0.000	0.000
9	V	0.000	0.003	0.002	0.001	0.000
10	S	0.000	0.003	0.002	0.001	0.000
11	G	0.000	0.003	0.002	0.001	0.000
12	I	0.000	0.003	0.002	0.001	0.000
13	I	0.000	0.003	0.001	0.002	0.000
14	A	0.000	0.003	0.001	0.002	0.000
15	A	0.000	0.003	0.001	0.001	0.000
16	G	0.000	0.003	0.001	0.001	0.000
17	V	0.000	0.003	0.001	0.002	0.000
18	F	0.000	0.003	0.001	0.001	0.000
19	L	0.000	0.003	0.001	0.001	0.000
20	V	0.000	0.003	0.001	0.001	0.000
21	R	0.000	0.003	0.001	0.001	0.001
22	L	0.000	0.003	0.000	0.001	0.001
23	F	0.000	0.002	0.000	0.001	0.001
24	I	0.000	0.002	0.000	0.001	0.001
25	P	0.000	0.002	0.000	0.001	0.001
26	T	0.000	0.002	0.000	0.001	0.001
27	V	0.000	0.002	0.000	0.001	0.001
28	I	0.000	0.002	0.000	0.001	0.001
29	C	0.000	0.002	0.000	0.001	0.001
30	L	0.001	0.001	0.000	0.001	0.000
31	L	0.000	0.001	0.000	0.001	0.000
32	I	0.000	0.001	0.000	0.001	0.000
33	I	0.000	0.001	0.000	0.001	0.000
34	G	0.000	0.001	0.000	0.000	0.001
35	H	0.000	0.001	0.000	0.000	0.001
36	L	0.000	0.001	0.000	0.000	0.001
37	P	0.000	0.001	0.000	0.000	0.001
38	A	0.000	0.001	0.000	0.000	0.001
39	E	0.000	0.001	0.000	0.000	0.001
40	S	0.000	0.001	0.000	0.000	0.001
>XP_001388594.1
pos	aa	C	S	n-reg	h-reg	c-reg
1	M	0.000	0.409	0.409	0.000	0.000
2	Q	0.000	0.409	0.409	0.000	0.000
3	V	0.000	0.409	0.402	0.006	0.000
4	K	0.000	0.409	0.399	0.009	0.000
5	F	0.000	0.409	0.237	0.171	0.000
6	L	0.000	0.409	0.049	0.359	0.000
7	A	0.000	0.409	0.007	0.402	0.000
8	T	0.000	0.409	0.004	0.405	0.000
9	L	0.000	0.409	0.000	0.408	0.000
10	L	0.000	0.409	0.000	0.408	0.000
11	P	0.000	0.409	0.000	0.408	0.000
12	L	0.000	0.409	0.000	0.408	0.000
13	L	0.000	0.409	0.000	0.407	0.001
14	L	0.000	0.409	0.000	0.335	0.073
15	H	0.000	0.409	0.000	0.071	0.338
16	L	0.000	0.409	0.000	0.055	0.354
17	P	0.000	0.409	0.000	0.017	0.392
18	A	0.000	0.408	0.000	0.001	0.408
19	A	0.003	0.405	0.000	0.000	0.405
20	V	0.004	0.401	0.000	0.000	0.401
21	D	0.000	0.401	0.000	0.000	0.401
22	G	0.000	0.401	0.000	0.000	0.401
23	L	0.400	0.001	0.000	0.000	0.001
24	P	0.000	0.001	0.000	0.000	0.001
25	G	0.000	0.001	0.000	0.000	0.001
26	K	0.001	0.000	0.000	0.000	0.000
27	N	0.000	0.000	0.000	0.000	0.000
28	A	0.000	0.000	0.000	0.000	0.000
29	R	0.000	0.000	0.000	0.000	0.000
30	I	0.000	0.000	0.000	0.000	0.000
31	S	0.000	0.000	0.000	0.000	0.000
32	A	0.000	0.000	0.000	0.000	0.000
33	S	0.000	0.000	0.000	0.000	0.000
34	L	0.000	0.000	0.000	0.000	0.000
35	K	0.000	0.000	0.000	0.000	0.000
36	R	0.000	0.000	0.000	0.000	0.000
37	H	0.000	0.000	0.000	0.000	0.000
38	A	0.000	0.000	0.000	0.000	0.000
39	G	0.000	0.000	0.000	0.000	0.000
40	R	0.000	0.000	0.000	0.000	0.000
>XP_001388595.1
pos	aa	C	S	n-reg	h-reg	c-reg
1	M	0.000	0.105	0.105	0.000	0.000
2	R	0.000	0.105	0.105	0.000	0.000
3	P	0.000	0.105	0.048	0.056	0.000
4	I	0.000	0.105	0.015	0.090	0.000
5	G	0.000	0.105	0.007	0.098	0.000
6	L	0.000	0.105	0.000	0.104	0.000
7	V	0.000	0.105	0.000	0.105	0.000
8	G	0.000	0.105	0.000	0.105	0.000
9	L	0.000	0.105	0.000	0.105	0.000
10	I	0.000	0.105	0.000	0.105	0.000
11	G	0.000	0.105	0.000	0.049	0.056
12	L	0.000	0.105	0.000	0.035	0.069
13	A	0.000	0.105	0.000	0.012	0.093
14	N	0.000	0.104	0.000	0.001	0.103
15	A	0.000	0.104	0.000	0.001	0.104
16	A	0.084	0.021	0.000	0.001	0.020
17	C	0.006	0.015	0.000	0.000	0.015
18	P	0.004	0.011	0.000	0.000	0.011
19	Y	0.009	0.002	0.000	0.000	0.002
20	M	0.000	0.002	0.000	0.000	0.002
21	S	0.000	0.002	0.000	0.000	0.002
22	R	0.001	0.001	0.000	0.000	0.001
23	D	0.000	0.001	0.000	0.000	0.001
24	L	0.000	0.001	0.000	0.000	0.001
25	S	0.000	0.001	0.000	0.000	0.001
26	A	0.000	0.001	0.000	0.000	0.001
27	R	0.001	0.000	0.000	0.000	0.000
28	D	0.000	0.000	0.000	0.000	0.000
29	S	0.000	0.000	0.000	0.000	0.000
30	S	0.000	0.000	0.000	0.000	0.000
31	D	0.000	0.000	0.000	0.000	0.000
32	A	0.000	0.000	0.000	0.000	0.000
33	S	0.000	0.000	0.000	0.000	0.000
34	E	0.000	0.000	0.000	0.000	0.000
35	S	0.000	0.000	0.000	0.000	0.000
36	T	0.000	0.000	0.000	0.000	0.000
37	E	0.000	0.000	0.000	0.000	0.000
38	E	0.000	0.000	0.000	0.000	0.000
39	F	0.000	0.000	0.000	0.000	0.000
40	L	0.000	0.000	0.000	0.000	0.000
>XP_001388596.2
pos	aa	C	S	n-reg	h-reg	c-reg
1	M	0.000	0.984	0.984	0.000	0.000
2	R	0.000	0.984	0.984	0.000	0.000
3	S	0.000	0.984	0.598	0.386	0.000
4	F	0.000	0.984	0.188	0.796	0.000
5	V	0.000	0.984	0.011	0.973	0.000
6	F	0.000	0.984	0.003	0.981	0.000
7	S	0.000	0.984	0.002	0.982	0.000
8	S	0.000	0.984	0.001	0.983	0.000
9	L	0.000	0.984	0.000	0.984	0.000
10	L	0.000	0.984	0.000	0.984	0.000
11	A	0.000	0.984	0.000	0.752	0.232
12	L	0.000	0.984	0.000	0.680	0.304
13	T	0.000	0.984	0.000	0.045	0.940
14	S	0.000	0.984	0.000	0.015	0.969
15	A	0.001	0.983	0.000	0.004	0.979
16	L	0.350	0.633	0.000	0.004	0.629
17	S	0.009	0.624	0.000	0.003	0.622
18	V	0.618	0.006	0.000	0.002	0.004
19	E	0.000	0.006	0.000	0.000	0.006
20	D	0.000	0.006	0.000	0.000	0.006
21	L	0.000	0.006	0.000	0.000	0.006
22	Y	0.002	0.004	0.000	0.000	0.004
23	V	0.000	0.004	0.000	0.000	0.004
24	S	0.000	0.004	0.000	0.000	0.004
25	E	0.000	0.004	0.000	0.000	0.004
26	A	0.000	0.004	0.000	0.000	0.004
27	P	0.002	0.002	0.000	0.000	0.002
28	S	0.000	0.002	0.000	0.000	0.002
29	S	0.002	0.000	0.000	0.000	0.000
30	P	0.000	0.000	0.000	0.000	0.000
31	R	0.000	0.000	0.000	0.000	0.000
32	P	0.000	0.000	0.000	0.000	0.000
33	Y	0.000	0.000	0.000	0.000	0.000
34	I	0.000	0.000	0.000	0.000	0.000
35	L	0.000	0.000	0.000	0.000	0.000
36	P	0.000	0.000	0.000	0.000	0.000
37	H	0.000	0.000	0.000	0.000	0.000
38	Y	0.000	0.000	0.000	0.000	0.000
39	E	0.000	0.000	0.000	0.000	0.000
40	N	0.000	0.000	0.000	0.000	0.000
>XP_001388602.2
pos	aa	C	S	n-reg	h-reg	c-reg
1	M	0.000	0.999	0.999	0.000	0.000
2	K	0.000	0.999	0.999	0.000	0.000
3	S	0.000	0.999	0.862	0.138	0.000
4	S	0.000	0.999	0.547	0.452	0.000
5	V	0.000	0.999	0.059	0.941	0.000
6	I	0.000	0.999	0.011	0.988	0.000
7	S	0.000	0.999	0.006	0.993	0.000
8	A	0.000	0.999	0.003	0.996	0.000
9	L	0.000	0.999	0.000	0.999	0.000
10	A	0.000	0.999	0.000	0.999	0.000
11	L	0.000	0.999	0.000	0.986	0.013
12	A	0.000	0.999	0.000	0.915	0.084
13	A	0.000	0.999	0.000	0.144	0.856
14	G	0.000	0.999	0.000	0.056	0.943
15	A	0.000	0.999	0.000	0.039	0.960
16	L	0.002	0.997	0.000	0.027	0.970
17	A	0.001	0.996	0.000	0.004	0.992
18	A	0.932	0.064	0.000	0.001	0.063
19	P	0.007	0.057	0.000	0.000	0.057
20	S	0.005	0.052	0.000	0.000	0.052
21	A	0.029	0.023	0.000	0.000	0.023
22	E	0.022	0.002	0.000	0.000	0.002
23	I	0.000	0.002	0.000	0.000	0.002
24	E	0.000	0.002	0.000	0.000	0.002
25	S	0.000	0.002	0.000	0.000	0.002
26	N	0.002	0.000	0.000	0.000	0.000
27	L	0.000	0.000	0.000	0.000	0.000
28	E	0.000	0.000	0.000	0.000	0.000
29	K	0.000	0.000	0.000	0.000	0.000
30	R	0.000	0.000	0.000	0.000	0.000
31	N	0.000	0.000	0.000	0.000	0.000
32	P	0.000	0.000	0.000	0.000	0.000
33	S	0.000	0.000	0.000	0.000	0.000
34	G	0.000	0.000	0.000	0.000	0.000
35	S	0.000	0.000	0.000	0.000	0.000
36	F	0.000	0.000	0.000	0.000	0.000
37	S	0.000	0.000	0.000	0.000	0.000
38	L	0.000	0.000	0.000	0.000	0.000
39	Y	0.000	0.000	0.000	0.000	0.000
40	A	0.000	0.000	0.000	0.000	0.000
>XP_001388614.1
pos	aa	C	S	n-reg	h-reg	c-reg
1	M	0.000	0.885	0.885	0.000	0.000
2	K	0.000	0.885	0.885	0.000	0.000
3	F	0.000	0.885	0.488	0.397	0.000
4	F	0.000	0.885	0.331	0.554	0.000
5	S	0.000	0.885	0.277	0.608	0.000
6	T	0.000	0.885	0.079	0.806	0.000
7	I	0.000	0.885	0.008	0.877	0.000
8	C	0.000	0.885	0.002	0.883	0.000
9	S	0.000	0.885	0.001	0.884	0.000
10	L	0.000	0.885	0.000	0.885	0.000
11	T	0.000	0.885	0.000	0.831	0.054
12	L	0.000	0.885	0.000	0.801	0.084
13	A	0.000	0.885	0.000	0.753	0.132
14	V	0.000	0.885	0.000	0.248	0.637
15	S	0.000	0.885	0.000	0.081	0.803
16	A	0.002	0.883	0.000	0.017	0.866
17	L	0.019	0.863	0.000	0.014	0.849
18	A	0.004	0.860	0.000	0.001	0.859
19	L	0.789	0.071	0.000	0.000	0.071
20	P	0.001	0.070	0.000	0.000	0.070
21	T	0.055	0.016	0.000	0.000	0.016
22	S	0.002	0.014	0.000	0.000	0.014
23	D	0.013	0.000	0.000	0.000	0.000
24	H	0.000	0.000	0.000	0.000	0.000
25	V	0.000	0.000	0.000	0.000	0.000
26	I	0.000	0.000	0.000	0.000	0.000
27	H	0.000	0.000	0.000	0.000	0.000
28	E	0.000	0.000	0.000	0.000	0.000
29	K	0.000	0.000	0.000	0.000	0.000
30	R	0.000	0.000	0.000	0.000	0.000
31	S	0.000	0.000	0.000	0.000	0.000
32	A	0.000	0.000	0.000	0.000	0.000
33	T	0.000	0.000	0.000	0.000	0.000
34	P	0.000	0.000	0.000	0.000	0.000
35	S	0.000	0.000	0.000	0.000	0.000
36	R	0.000	0.000	0.000	0.000	0.000
37	W	0.000	0.000	0.000	0.000	0.000
38	E	0.000	0.000	0.000	0.000	0.000
39	K	0.000	0.000	0.000	0.000	0.000
40	I	0.000	0.000	0.000	0.000	0.000
>XP_001388621.1
pos	aa	C	S	n-reg	h-reg	c-reg
1	M	0.000	0.400	0.400	0.000	0.000
2	R	0.000	0.400	0.400	0.000	0.000
3	H	0.000	0.400	0.346	0.055	0.000
4	F	0.000	0.400	0.052	0.348	0.000
5	W	0.000	0.400	0.038	0.363	0.000
6	L	0.000	0.400	0.003	0.397	0.000
7	L	0.000	0.400	0.001	0.399	0.000
8	P	0.000	0.400	0.001	0.400	0.000
9	A	0.000	0.400	0.000	0.400	0.000
10	V	0.000	0.400	0.000	0.400	0.000
11	A	0.000	0.400	0.000	0.371	0.029
12	G	0.000	0.400	0.000	0.088	0.313
13	I	0.000	0.400	0.000	0.074	0.326
14	A	0.000	0.400	0.000	0.020	0.381
15	G	0.001	0.400	0.000	0.010	0.390
16	A	0.037	0.363	0.000	0.004	0.358
17	Q	0.291	0.072	0.000	0.002	0.070
18	C	0.002	0.070	0.000	0.001	0.069
19	P	0.054	0.016	0.000	0.000	0.016
20	Y	0.000	0.016	0.000	0.000	0.016
21	L	0.000	0.016	0.000	0.000	0.016
22	S	0.000	0.015	0.000	0.000	0.015
23	G	0.001	0.015	0.000	0.000	0.015
24	E	0.014	0.000	0.000	0.000	0.000
25	M	0.000	0.000	0.000	0.000	0.000
26	S	0.000	0.000	0.000	0.000	0.000
27	F	0.000	0.000	0.000	0.000	0.000
28	T	0.000	0.000	0.000	0.000	0.000
29	Q	0.000	0.000	0.000	0.000	0.000
30	E	0.000	0.000	0.000	0.000	0.000
31	Q	0.000	0.000	0.000	0.000	0.000
32	D	0.000	0.000	0.000	0.000	0.000
33	N	0.000	0.000	0.000	0.000	0.000
34	A	0.000	0.000	0.000	0.000	0.000
35	G	0.000	0.000	0.000	0.000	0.000
36	D	0.000	0.000	0.000	0.000	0.000
37	T	0.000	0.000	0.000	0.000	0.000
38	I	0.000	0.000	0.000	0.000	0.000
39	E	0.000	0.000	0.000	0.000	0.000
40	V	0.000	0.000	0.000	0.000	0.000
>XP_001388623.1
pos	aa	C	S	n-reg	h-reg	c-reg
1	M	0.000	0.998	0.998	0.000	0.000
2	A	0.000	0.998	0.998	0.000	0.000
3	L	0.000	0.998	0.597	0.401	0.000
4	Q	0.000	0.998	0.491	0.507	0.000
5	L	0.000	0.998	0.109	0.889	0.000
6	L	0.000	0.998	0.008	0.990	0.000
7	S	0.000	0.998	0.001	0.998	0.000
8	L	0.000	0.998	0.000	0.998	0.000
9	L	0.000	0.998	0.000	0.998	0.000
10	C	0.000	0.998	0.000	0.998	0.000
11	L	0.000	0.998	0.000	0.984	0.015
12	I	0.000	0.998	0.000	0.935	0.063
13	L	0.000	0.998	0.000	0.543	0.455
14	T	0.000	0.998	0.000	0.167	0.831
15	T	0.000	0.998	0.000	0.008	0.991
16	A	0.001	0.997	0.000	0.004	0.993
17	A	0.104	0.893	0.000	0.000	0.893
18	F	0.798	0.095	0.000	0.000	0.095
19	P	0.000	0.095	0.000	0.000	0.095
20	V	0.087	0.009	0.000	0.000	0.008
21	S	0.000	0.009	0.000	0.000	0.008
22	E	0.008	0.001	0.000	0.000	0.001
23	V	0.000	0.001	0.000	0.000	0.001
24	D	0.000	0.001	0.000	0.000	0.001
25	V	0.000	0.001	0.000	0.000	0.001
26	A	0.000	0.001	0.000	0.000	0.001
27	I	0.000	0.001	0.000	0.000	0.001
28	I	0.000	0.001	0.000	0.000	0.001
29	G	0.000	0.001	0.000	0.000	0.001
30	A	0.000	0.001	0.000	0.000	0.001
31	G	0.000	0.000	0.000	0.000	0.000
32	L	0.000	0.000	0.000	0.000	0.000
33	S	0.000	0.000	0.000	0.000	0.000
34	G	0.000	0.000	0.000	0.000	0.000
35	L	0.000	0.000	0.000	0.000	0.000
36	S	0.000	0.000	0.000	0.000	0.000
37	A	0.000	0.000	0.000	0.000	0.000
38	A	0.000	0.000	0.000	0.000	0.000
39	K	0.000	0.000	0.000	0.000	0.000
40	D	0.000	0.000	0.000	0.000	0.000
>XP_001388626.2
pos	aa	C	S	n-reg	h-reg	c-reg
1	M	0.000	0.638	0.638	0.000	0.000
2	R	0.000	0.638	0.638	0.000	0.000
3	R	0.000	0.638	0.635	0.004	0.000
4	T	0.000	0.638	0.390	0.249	0.000
5	F	0.000	0.638	0.269	0.370	0.000
6	A	0.000	0.638	0.133	0.505	0.000
7	A	0.000	0.638	0.002	0.636	0.000
8	L	0.000	0.638	0.000	0.638	0.000
9	V	0.000	0.638	0.000	0.638	0.000
10	A	0.000	0.638	0.000	0.638	0.000
11	G	0.000	0.638	0.000	0.638	0.000
12	Y	0.000	0.638	0.000	0.627	0.011
13	L	0.000	0.638	0.000	0.622	0.016
14	L	0.000	0.638	0.000	0.593	0.045
15	D	0.000	0.638	0.000	0.012	0.627
16	S	0.000	0.638	0.000	0.007	0.631
17	V	0.000	0.638	0.000	0.005	0.633
18	H	0.000	0.638	0.000	0.000	0.638
19	A	0.000	0.638	0.000	0.000	0.638
20	A	0.517	0.121	0.000	0.000	0.121
21	A	0.001	0.120	0.000	0.000	0.120
22	S	0.008	0.112	0.000	0.000	0.112
23	Q	0.101	0.011	0.000	0.000	0.011
24	A	0.002	0.009	0.000	0.000	0.009
25	Y	0.008	0.001	0.000	0.000	0.001
26	T	0.000	0.001	0.000	0.000	0.001
27	W	0.001	0.000	0.000	0.000	0.000
28	K	0.000	0.000	0.000	0.000	0.000
29	N	0.000	0.000	0.000	0.000	0.000
30	V	0.000	0.000	0.000	0.000	0.000
31	V	0.000	0.000	0.000	0.000	0.000
32	T	0.000	0.000	0.000	0.000	0.000
33	G	0.000	0.000	0.000	0.000	0.000
34	G	0.000	0.000	0.000	0.000	0.000
35	G	0.000	0.000	0.000	0.000	0.000
36	G	0.000	0.000	0.000	0.000	0.000
37	G	0.000	0.000	0.000	0.000	0.000
38	F	0.000	0.000	0.000	0.000	0.000
39	T	0.000	0.000	0.000	0.000	0.000
40	P	0.000	0.000	0.000	0.000	0.000
>XP_001388630.1
pos	aa	C	S	n-reg	h-reg	c-reg
1	M	0.000	0.262	0.262	0.000	0.000
2	R	0.000	0.262	0.262	0.000	0.000
3	W	0.000	0.262	0.261	0.001	0.000
4	R	0.000	0.262	0.259	0.003	0.000
5	A	0.000	0.262	0.190	0.072	0.000
6	L	0.000	0.262	0.049	0.213	0.000
7	G	0.000	0.262	0.038	0.224	0.000
8	T	0.000	0.262	0.025	0.237	0.000
9	L	0.000	0.262	0.009	0.253	0.000
10	S	0.000	0.262	0.005	0.257	0.000
11	L	0.000	0.262	0.001	0.261	0.000
12	V	0.000	0.262	0.000	0.262	0.000
13	L	0.000	0.262	0.000	0.251	0.010
14	D	0.000	0.262	0.000	0.083	0.179
15	F	0.000	0.262	0.000	0.080	0.182
16	T	0.000	0.262	0.000	0.076	0.186
17	I	0.001	0.261	0.000	0.053	0.209
18	C	0.000	0.261	0.000	0.037	0.225
19	G	0.082	0.179	0.000	0.010	0.170
20	F	0.004	0.175	0.000	0.007	0.168
21	A	0.000	0.175	0.000	0.001	0.175
22	R	0.124	0.051	0.000	0.000	0.051
23	L	0.000	0.051	0.000	0.000	0.051
24	V	0.032	0.019	0.000	0.000	0.019
25	T	0.000	0.019	0.000	0.000	0.019
26	V	0.015	0.005	0.000	0.000	0.005
27	P	0.000	0.005	0.000	0.000	0.005
28	T	0.001	0.003	0.000	0.000	0.003
29	I	0.003	0.000	0.000	0.000	0.000
30	P	0.000	0.000	0.000	0.000	0.000
31	F	0.000	0.000	0.000	0.000	0.000
32	D	0.000	0.000	0.000	0.000	0.000
33	D	0.000	0.000	0.000	0.000	0.000
34	N	0.000	0.000	0.000	0.000	0.000
35	N	0.000	0.000	0.000	0.000	0.000
36	G	0.000	0.000	0.000	0.000	0.000
37	T	0.000	0.000	0.000	0.000	0.000
38	Y	0.000	0.000	0.000	0.000	0.000
39	A	0.000	0.000	0.000	0.000	0.000
40	L	0.000	0.000	0.000	0.000	0.000
>XP_001388645.1
pos	aa	C	S	n-reg	h-reg	c-reg
1	M	0.000	0.508	0.508	0.000	0.000
2	H	0.000	0.508	0.508	0.000	0.000
3	G	0.000	0.508	0.506	0.002	0.000
4	L	0.000	0.508	0.502	0.005	0.000
5	R	0.000	0.508	0.502	0.006	0.000
6	L	0.000	0.508	0.332	0.176	0.000
7	V	0.000	0.508	0.254	0.253	0.000
8	C	0.000	0.508	0.218	0.289	0.000
9	S	0.000	0.508	0.198	0.310	0.000
10	I	0.000	0.508	0.165	0.342	0.000
11	G	0.000	0.508	0.150	0.357	0.001
12	T	0.000	0.508	0.118	0.388	0.002
13	L	0.000	0.508	0.088	0.417	0.003
14	P	0.000	0.508	0.076	0.407	0.025
15	L	0.000	0.508	0.011	0.461	0.036
16	V	0.000	0.508	0.003	0.461	0.044
17	I	0.000	0.508	0.001	0.425	0.081
18	L	0.000	0.508	0.000	0.316	0.191
19	A	0.008	0.500	0.000	0.241	0.259
20	Y	0.036	0.464	0.000	0.178	0.286
21	P	0.000	0.464	0.000	0.151	0.314
22	A	0.009	0.455	0.000	0.133	0.322
23	A	0.002	0.453	0.000	0.098	0.355
24	S	0.009	0.444	0.000	0.074	0.370
25	L	0.115	0.329	0.000	0.069	0.260
26	H	0.074	0.254	0.000	0.005	0.250
27	T	0.000	0.254	0.000	0.000	0.254
28	T	0.011	0.243	0.000	0.000	0.243
29	S	0.000	0.243	0.000	0.000	0.243
30	A	0.006	0.237	0.000	0.000	0.237
31	A	0.173	0.064	0.000	0.000	0.064
32	V	0.057	0.007	0.000	0.000	0.007
33	D	0.000	0.007	0.000	0.000	0.007
34	L	0.000	0.007	0.000	0.000	0.007
35	D	0.005	0.002	0.000	0.000	0.002
36	S	0.000	0.002	0.000	0.000	0.002
37	L	0.001	0.001	0.000	0.000	0.001
38	R	0.000	0.001	0.000	0.000	0.001
39	L	0.000	0.001	0.000	0.000	0.001
40	T	0.000	0.001	0.000	0.000	0.001
>XP_001388679.2
pos	aa	C	S	n-reg	h-reg	c-reg
1	M	0.000	0.021	0.021	0.000	0.000
2	D	0.000	0.954	0.954	0.000	0.000
3	L	0.000	0.954	0.954	0.000	0.000
4	S	0.000	0.954	0.954	0.000	0.000
5	N	0.000	0.954	0.954	0.000	0.000
6	I	0.000	0.954	0.953	0.000	0.000
7	F	0.000	0.954	0.953	0.000	0.000
8	R	0.000	0.954	0.953	0.001	0.000
9	I	0.000	0.954	0.795	0.159	0.000
10	V	0.000	0.954	0.745	0.208	0.000
11	N	0.000	0.954	0.733	0.220	0.000
12	I	0.000	0.954	0.320	0.634	0.000
13	A	0.000	0.954	0.195	0.759	0.000
14	V	0.000	0.954	0.103	0.850	0.000
15	G	0.000	0.954	0.081	0.872	0.000
16	V	0.000	0.954	0.055	0.899	0.000
17	L	0.000	0.954	0.049	0.904	0.001
18	M	0.000	0.954	0.046	0.906	0.002
19	V	0.000	0.954	0.044	0.907	0.002
20	L	0.000	0.954	0.043	0.904	0.006
21	G	0.000	0.953	0.043	0.897	0.013
22	G	0.001	0.952	0.043	0.896	0.012
23	I	0.000	0.951	0.043	0.896	0.012
24	S	0.000	0.948	0.043	0.889	0.016
25	Q	0.006	0.940	0.042	0.886	0.012
26	F	0.005	0.935	0.041	0.886	0.008
27	F	0.000	0.935	0.041	0.886	0.008
28	P	0.000	0.933	0.040	0.884	0.008
29	A	0.000	0.932	0.038	0.886	0.008
30	S	0.000	0.932	0.037	0.888	0.008
31	M	0.000	0.932	0.033	0.891	0.008
32	S	0.000	0.932	0.030	0.894	0.008
33	S	0.006	0.926	0.023	0.901	0.002
34	I	0.002	0.924	0.007	0.917	0.000
35	I	0.000	0.924	0.002	0.922	0.000
36	V	0.000	0.924	0.001	0.924	0.000
37	G	0.000	0.924	0.000	0.923	0.000
38	I	0.000	0.924	0.000	0.923	0.000
39	Y	0.000	0.923	0.000	0.923	0.000
40	V	0.000	0.923	0.000	0.923	0.000
>XP_001388681.2
pos	aa	C	S	n-reg	h-reg	c-reg
1	M	0.000	0.254	0.254	0.000	0.000
2	A	0.000	0.254	0.254	0.000	0.000
3	N	0.000	0.254	0.254	0.000	0.000
4	N	0.000	0.254	0.254	0.000	0.000
5	R	0.000	0.254	0.252	0.002	0.000
6	I	0.000	0.254	0.087	0.168	0.000
7	V	0.000	0.254	0.025	0.230	0.000
8	M	0.000	0.254	0.017	0.238	0.000
9	L	0.000	0.254	0.008	0.246	0.000
10	G	0.000	0.254	0.007	0.247	0.000
11	A	0.000	0.254	0.004	0.250	0.000
12	G	0.000	0.254	0.003	0.251	0.000
13	V	0.000	0.254	0.002	0.252	0.000
14	S	0.000	0.254	0.001	0.212	0.042
15	G	0.000	0.254	0.000	0.118	0.136
16	L	0.000	0.254	0.000	0.108	0.146
17	T	0.000	0.254	0.000	0.050	0.204
18	T	0.001	0.253	0.000	0.039	0.215
19	A	0.017	0.236	0.000	0.008	0.228
20	Y	0.106	0.130	0.000	0.006	0.124
21	L	0.000	0.130	0.000	0.006	0.124
22	L	0.044	0.086	0.000	0.004	0.081
23	S	0.000	0.085	0.000	0.002	0.084
24	Q	0.068	0.017	0.000	0.001	0.016
25	D	0.001	0.016	0.000	0.000	0.016
26	A	0.000	0.016	0.000	0.000	0.016
27	S	0.001	0.015	0.000	0.000	0.015
28	N	0.001	0.013	0.000	0.000	0.013
29	S	0.000	0.013	0.000	0.000	0.013
30	I	0.003	0.010	0.000	0.000	0.010
31	T	0.000	0.010	0.000	0.000	0.010
32	V	0.000	0.010	0.000	0.000	0.010
33	L	0.000	0.010	0.000	0.000	0.010
34	A	0.000	0.010	0.000	0.000	0.010
35	K	0.010	0.000	0.000	0.000	0.000
36	H	0.000	0.000	0.000	0.000	0.000
37	M	0.000	0.000	0.000	0.000	0.000
38	P	0.000	0.000	0.000	0.000	0.000
39	G	0.000	0.000	0.000	0.000	0.000
40	D	0.000	0.000	0.000	0.000	0.000
>XP_001388704.1
pos	aa	C	S	n-reg	h-reg	c-reg
1	M	0.000	0.965	0.965	0.000	0.000
2	S	0.000	0.998	0.998	0.000	0.000
3	S	0.000	0.998	0.987	0.011	0.000
4	I	0.000	0.998	0.900	0.098	0.000
5	S	0.000	0.998	0.839	0.159	0.000
6	A	0.000	0.998	0.599	0.399	0.000
7	F	0.000	0.998	0.311	0.687	0.000
8	L	0.000	0.998	0.218	0.780	0.000
9	S	0.000	0.998	0.192	0.806	0.000
10	L	0.000	0.998	0.154	0.844	0.000
11	P	0.000	0.998	0.141	0.857	0.001
12	L	0.000	0.998	0.058	0.938	0.002
13	L	0.000	0.998	0.036	0.958	0.004
14	T	0.000	0.998	0.029	0.951	0.018
15	L	0.000	0.998	0.018	0.937	0.043
16	F	0.000	0.998	0.015	0.777	0.206
17	S	0.000	0.998	0.014	0.518	0.466
18	L	0.001	0.997	0.012	0.443	0.542
19	P	0.000	0.997	0.011	0.198	0.788
20	L	0.001	0.996	0.006	0.182	0.807
21	A	0.000	0.996	0.005	0.148	0.843
22	L	0.017	0.979	0.003	0.142	0.834
23	L	0.003	0.976	0.003	0.103	0.870
24	A	0.282	0.694	0.002	0.062	0.630
25	C	0.376	0.318	0.002	0.053	0.263
26	F	0.080	0.238	0.001	0.046	0.190
27	T	0.000	0.238	0.001	0.040	0.197
28	T	0.064	0.175	0.001	0.039	0.135
29	F	0.003	0.171	0.001	0.039	0.131
30	L	0.000	0.171	0.001	0.039	0.132
31	S	0.016	0.155	0.001	0.036	0.118
32	I	0.024	0.131	0.000	0.036	0.095
33	I	0.000	0.131	0.000	0.036	0.095
34	F	0.000	0.131	0.000	0.035	0.096
35	L	0.000	0.130	0.000	0.034	0.096
36	L	0.008	0.119	0.000	0.031	0.088
37	L	0.001	0.111	0.000	0.023	0.088
38	R	0.006	0.084	0.000	0.001	0.082
39	F	0.000	0.084	0.000	0.001	0.082
40	S	0.000	0.084	0.000	0.001	0.082
>XP_001388709.1
pos	aa	C	S	n-reg	h-reg	c-reg
1	M	0.000	0.739	0.739	0.000	0.000
2	Y	0.000	0.739	0.739	0.000	0.000
3	S	0.000	0.739	0.354	0.386	0.000
4	L	0.000	0.739	0.153	0.587	0.000
5	A	0.000	0.739	0.112	0.627	0.000
6	A	0.000	0.739	0.070	0.669	0.000
7	A	0.000	0.739	0.036	0.703	0.000
8	T	0.000	0.739	0.018	0.721	0.000
9	L	0.000	0.739	0.004	0.736	0.000
10	V	0.000	0.739	0.001	0.738	0.001
11	G	0.000	0.739	0.000	0.419	0.321
12	V	0.000	0.739	0.000	0.369	0.370
13	A	0.000	0.739	0.000	0.273	0.466
14	S	0.000	0.739	0.000	0.191	0.549
15	A	0.002	0.738	0.000	0.160	0.578
16	A	0.353	0.384	0.000	0.079	0.306
17	S	0.018	0.367	0.000	0.050	0.317
18	L	0.061	0.306	0.000	0.043	0.263
19	N	0.070	0.236	0.000	0.006	0.230
20	S	0.000	0.236	0.000	0.000	0.236
21	V	0.084	0.152	0.000	0.000	0.152
22	C	0.000	0.152	0.000	0.000	0.152
23	T	0.006	0.146	0.000	0.000	0.146
24	T	0.080	0.066	0.000	0.000	0.066
25	D	0.064	0.002	0.000	0.000	0.002
26	Y	0.000	0.002	0.000	0.000	0.002
27	V	0.000	0.002	0.000	0.000	0.002
28	T	0.000	0.002	0.000	0.000	0.002
29	S	0.000	0.002	0.000	0.000	0.002
30	V	0.001	0.001	0.000	0.000	0.001
31	L	0.000	0.001	0.000	0.000	0.001
32	P	0.000	0.001	0.000	0.000	0.001
33	T	0.000	0.001	0.000	0.000	0.001
34	A	0.000	0.001	0.000	0.000	0.001
35	S	0.000	0.001	0.000	0.000	0.001
36	D	0.001	0.000	0.000	0.000	0.000
37	D	0.000	0.000	0.000	0.000	0.000
38	I	0.000	0.000	0.000	0.000	0.000
39	P	0.000	0.000	0.000	0.000	0.000
40	S	0.000	0.000	0.000	0.000	0.000
>XP_001388711.1
pos	aa	C	S	n-reg	h-reg	c-reg
1	M	0.000	0.995	0.995	0.000	0.000
2	V	0.000	0.995	0.995	0.000	0.000
3	K	0.000	0.995	0.995	0.000	0.000
4	L	0.000	0.995	0.990	0.006	0.000
5	S	0.000	0.995	0.988	0.007	0.000
6	K	0.000	0.995	0.979	0.016	0.000
7	V	0.000	0.995	0.125	0.871	0.000
8	L	0.000	0.995	0.036	0.959	0.000
9	C	0.000	0.995	0.011	0.985	0.000
10	G	0.000	0.995	0.000	0.995	0.000
11	V	0.000	0.995	0.000	0.995	0.000
12	L	0.000	0.995	0.000	0.995	0.000
13	A	0.000	0.995	0.000	0.995	0.000
14	C	0.000	0.995	0.000	0.992	0.004
15	G	0.000	0.995	0.000	0.792	0.203
16	F	0.000	0.995	0.000	0.734	0.262
17	I	0.000	0.995	0.000	0.683	0.313
18	D	0.000	0.995	0.000	0.003	0.992
19	P	0.000	0.995	0.000	0.000	0.995
20	C	0.002	0.994	0.000	0.000	0.994
21	L	0.000	0.994	0.000	0.000	0.994
22	A	0.000	0.994	0.000	0.000	0.994
23	G	0.982	0.012	0.000	0.000	0.012
24	D	0.012	0.000	0.000	0.000	0.000
25	N	0.000	0.000	0.000	0.000	0.000
26	E	0.000	0.000	0.000	0.000	0.000
27	T	0.000	0.000	0.000	0.000	0.000
28	A	0.000	0.000	0.000	0.000	0.000
29	Y	0.000	0.000	0.000	0.000	0.000
30	D	0.000	0.000	0.000	0.000	0.000
31	V	0.000	0.000	0.000	0.000	0.000
32	I	0.000	0.000	0.000	0.000	0.000
33	T	0.000	0.000	0.000	0.000	0.000
34	T	0.000	0.000	0.000	0.000	0.000
35	P	0.000	0.000	0.000	0.000	0.000
36	I	0.000	0.000	0.000	0.000	0.000
37	V	0.000	0.000	0.000	0.000	0.000
38	A	0.000	0.000	0.000	0.000	0.000
39	D	0.000	0.000	0.000	0.000	0.000
40	W	0.000	0.000	0.000	0.000	0.000
