>XP_001392117.2
pos	aa	C	S	n-reg	h-reg	c-reg
1	M	0.000	0.952	0.952	0.000	0.000
2	T	0.000	0.952	0.952	0.000	0.000
3	L	0.000	0.952	0.926	0.026	0.000
4	L	0.000	0.952	0.902	0.050	0.000
5	L	0.000	0.952	0.881	0.070	0.000
6	N	0.000	0.952	0.860	0.092	0.000
7	F	0.000	0.952	0.707	0.245	0.000
8	H	0.000	0.952	0.673	0.279	0.000
9	A	0.000	0.952	0.287	0.665	0.000
10	L	0.000	0.952	0.036	0.916	0.000
11	F	0.000	0.952	0.017	0.934	0.001
12	T	0.000	0.952	0.010	0.940	0.002
13	V	0.000	0.952	0.001	0.948	0.004
14	I	0.000	0.952	0.000	0.945	0.007
15	L	0.000	0.952	0.000	0.927	0.025
16	V	0.000	0.952	0.000	0.906	0.046
17	A	0.000	0.952	0.000	0.714	0.237
18	N	0.003	0.949	0.000	0.333	0.616
19	L	0.000	0.949	0.000	0.304	0.645
20	S	0.017	0.932	0.000	0.244	0.688
21	T	0.015	0.917	0.000	0.018	0.899
22	R	0.013	0.904	0.000	0.001	0.903
23	C	0.000	0.904	0.000	0.000	0.904
24	S	0.024	0.880	0.000	0.000	0.880
25	A	0.018	0.862	0.000	0.000	0.862
26	L	0.785	0.077	0.000	0.000	0.077
27	L	0.004	0.073	0.000	0.000	0.073
28	S	0.006	0.067	0.000	0.000	0.067
29	G	0.008	0.059	0.000	0.000	0.059
30	R	0.042	0.017	0.000	0.000	0.017
31	D	0.000	0.017	0.000	0.000	0.017
32	F	0.000	0.017	0.000	0.000	0.017
33	C	0.000	0.017	0.000	0.000	0.017
34	S	0.001	0.016	0.000	0.000	0.016
35	T	0.000	0.016	0.000	0.000	0.016
36	P	0.000	0.015	0.000	0.000	0.015
37	A	0.001	0.015	0.000	0.000	0.015
38	P	0.000	0.014	0.000	0.000	0.014
39	G	0.000	0.014	0.000	0.000	0.014
40	E	0.005	0.009	0.000	0.000	0.009
>XP_001392136.1
pos	aa	C	S	n-reg	h-reg	c-reg
1	M	0.000	0.228	0.228	0.000	0.000
2	A	0.000	0.228	0.228	0.000	0.000
3	I	0.000	0.228	0.137	0.091	0.000
4	A	0.000	0.228	0.083	0.145	0.000
5	A	0.000	0.228	0.050	0.178	0.000
6	V	0.000	0.228	0.018	0.210	0.000
7	L	0.000	0.228	0.004	0.224	0.000
8	S	0.000	0.228	0.002	0.226	0.000
9	F	0.000	0.228	0.001	0.227	0.000
10	L	0.000	0.228	0.001	0.227	0.000
11	Q	0.000	0.228	0.001	0.166	0.061
12	Q	0.000	0.228	0.001	0.160	0.067
13	S	0.000	0.228	0.001	0.159	0.069
14	I	0.000	0.228	0.001	0.157	0.069
15	L	0.000	0.228	0.001	0.114	0.113
16	E	0.033	0.194	0.001	0.005	0.188
17	S	0.000	0.194	0.001	0.002	0.191
18	P	0.001	0.193	0.001	0.001	0.192
19	L	0.000	0.193	0.001	0.000	0.192
20	Q	0.002	0.191	0.001	0.000	0.190
21	S	0.000	0.191	0.001	0.000	0.190
22	L	0.003	0.188	0.001	0.000	0.187
23	A	0.000	0.188	0.001	0.000	0.187
24	A	0.163	0.025	0.001	0.000	0.024
25	T	0.003	0.022	0.000	0.000	0.021
26	A	0.004	0.018	0.000	0.001	0.017
27	F	0.017	0.001	0.000	0.001	0.000
28	I	0.000	0.001	0.000	0.001	0.000
29	V	0.000	0.001	0.000	0.001	0.000
30	P	0.000	0.001	0.000	0.001	0.000
31	V	0.000	0.001	0.000	0.001	0.000
32	L	0.000	0.001	0.000	0.001	0.000
33	Y	0.000	0.001	0.000	0.001	0.000
34	I	0.000	0.001	0.000	0.001	0.000
35	I	0.000	0.001	0.000	0.001	0.000
36	I	0.000	0.001	0.000	0.001	0.000
37	N	0.000	0.001	0.000	0.000	0.001
38	E	0.000	0.001	0.000	0.000	0.001
39	F	0.000	0.001	0.000	0.000	0.001
40	I	0.000	0.001	0.000	0.000	0.001
>XP_001392139.1
pos	aa	C	S	n-reg	h-reg	c-reg
1	M	0.000	0.096	0.096	0.000	0.000
2	A	0.000	0.096	0.096	0.000	0.000
3	S	0.000	0.096	0.096	0.000	0.000
4	R	0.000	0.096	0.096	0.000	0.000
5	Q	0.000	0.096	0.096	0.000	0.000
6	S	0.000	0.096	0.096	0.000	0.000
7	R	0.000	0.096	0.096	0.000	0.000
8	R	0.000	0.096	0.096	0.000	0.000
9	V	0.000	0.096	0.075	0.021	0.000
10	L	0.000	0.096	0.070	0.026	0.000
11	R	0.000	0.096	0.069	0.027	0.000
12	P	0.000	0.096	0.043	0.053	0.000
13	L	0.000	0.096	0.002	0.094	0.000
14	L	0.000	0.096	0.000	0.096	0.000
15	Y	0.000	0.096	0.000	0.096	0.000
16	T	0.000	0.096	0.000	0.096	0.000
17	S	0.000	0.096	0.000	0.089	0.007
18	L	0.000	0.096	0.000	0.088	0.008
19	A	0.000	0.096	0.000	0.079	0.017
20	A	0.000	0.096	0.000	0.052	0.044
21	A	0.000	0.096	0.000	0.008	0.088
22	T	0.004	0.092	0.000	0.002	0.089
23	G	0.000	0.091	0.000	0.000	0.091
24	A	0.020	0.071	0.000	0.000	0.071
25	G	0.036	0.036	0.000	0.000	0.036
26	V	0.033	0.002	0.000	0.000	0.002
27	L	0.000	0.002	0.000	0.000	0.002
28	Y	0.002	0.000	0.000	0.000	0.000
29	I	0.000	0.000	0.000	0.000	0.000
30	S	0.000	0.000	0.000	0.000	0.000
31	Y	0.000	0.000	0.000	0.000	0.000
32	R	0.000	0.000	0.000	0.000	0.000
33	P	0.000	0.000	0.000	0.000	0.000
34	R	0.000	0.000	0.000	0.000	0.000
35	N	0.000	0.000	0.000	0.000	0.000
36	I	0.000	0.000	0.000	0.000	0.000
37	P	0.000	0.000	0.000	0.000	0.000
38	G	0.000	0.000	0.000	0.000	0.000
39	S	0.000	0.000	0.000	0.000	0.000
40	E	0.000	0.000	0.000	0.000	0.000
>XP_001392152.2
pos	aa	C	S	n-reg	h-reg	c-reg
1	M	0.000	0.103	0.103	0.000	0.000
2	S	0.000	0.103	0.103	0.000	0.000
3	A	0.000	0.103	0.101	0.002	0.000
4	P	0.000	0.103	0.100	0.003	0.000
5	M	0.000	0.103	0.094	0.009	0.000
6	L	0.000	0.103	0.085	0.018	0.000
7	S	0.000	0.103	0.085	0.018	0.000
8	R	0.000	0.103	0.085	0.018	0.000
9	R	0.000	0.103	0.079	0.024	0.000
10	L	0.000	0.103	0.016	0.087	0.000
11	L	0.000	0.103	0.005	0.098	0.000
12	L	0.000	0.103	0.004	0.099	0.001
13	T	0.000	0.103	0.004	0.095	0.005
14	E	0.000	0.103	0.003	0.084	0.015
15	T	0.000	0.103	0.002	0.084	0.017
16	V	0.000	0.103	0.001	0.084	0.018
17	S	0.000	0.103	0.001	0.077	0.025
18	S	0.000	0.103	0.001	0.056	0.046
19	A	0.004	0.099	0.001	0.020	0.078
20	A	0.008	0.090	0.001	0.017	0.073
21	A	0.008	0.083	0.001	0.013	0.069
22	V	0.017	0.066	0.001	0.004	0.060
23	G	0.000	0.066	0.001	0.002	0.062
24	R	0.043	0.023	0.001	0.001	0.021
25	W	0.000	0.023	0.001	0.000	0.021
26	S	0.000	0.023	0.001	0.000	0.021
27	R	0.015	0.008	0.001	0.000	0.007
28	F	0.000	0.008	0.000	0.001	0.007
29	A	0.000	0.008	0.000	0.001	0.007
30	I	0.002	0.006	0.000	0.001	0.004
31	N	0.000	0.006	0.000	0.001	0.005
32	A	0.000	0.006	0.000	0.001	0.005
33	S	0.002	0.003	0.000	0.001	0.002
34	V	0.000	0.003	0.000	0.001	0.002
35	W	0.000	0.003	0.000	0.001	0.002
36	S	0.000	0.003	0.000	0.000	0.003
37	H	0.002	0.001	0.000	0.000	0.001
38	N	0.000	0.001	0.000	0.000	0.001
39	W	0.000	0.001	0.000	0.000	0.001
40	L	0.000	0.001	0.000	0.000	0.001
>XP_001392161.2
pos	aa	C	S	n-reg	h-reg	c-reg
1	M	0.000	0.920	0.920	0.000	0.000
2	V	0.000	0.920	0.920	0.000	0.000
3	S	0.000	0.920	0.920	0.000	0.000
4	L	0.000	0.920	0.920	0.000	0.000
5	S	0.000	0.920	0.920	0.000	0.000
6	F	0.000	0.920	0.920	0.000	0.000
7	R	0.000	0.920	0.920	0.000	0.000
8	G	0.000	0.920	0.920	0.000	0.000
9	E	0.000	0.920	0.920	0.000	0.000
10	T	0.000	0.920	0.920	0.000	0.000
11	T	0.000	0.920	0.919	0.001	0.000
12	S	0.000	0.920	0.919	0.001	0.000
13	I	0.000	0.920	0.917	0.003	0.000
14	P	0.000	0.920	0.912	0.008	0.000
15	S	0.000	0.920	0.850	0.070	0.000
16	M	0.000	0.920	0.692	0.228	0.000
17	A	0.000	0.920	0.513	0.407	0.000
18	S	0.000	0.920	0.388	0.532	0.000
19	W	0.000	0.920	0.205	0.715	0.000
20	L	0.000	0.920	0.030	0.890	0.000
21	L	0.000	0.920	0.010	0.910	0.001
22	S	0.000	0.920	0.006	0.913	0.001
23	T	0.000	0.920	0.003	0.915	0.002
24	L	0.000	0.920	0.001	0.917	0.003
25	L	0.000	0.920	0.000	0.915	0.005
26	F	0.000	0.920	0.000	0.845	0.075
27	L	0.000	0.920	0.000	0.596	0.324
28	S	0.000	0.920	0.000	0.222	0.698
29	P	0.000	0.920	0.000	0.099	0.821
30	S	0.000	0.920	0.000	0.029	0.891
31	L	0.000	0.919	0.000	0.023	0.896
32	V	0.000	0.919	0.000	0.013	0.906
33	S	0.000	0.919	0.000	0.005	0.914
34	A	0.014	0.905	0.000	0.000	0.905
35	K	0.847	0.058	0.000	0.000	0.058
36	S	0.000	0.058	0.000	0.000	0.058
37	A	0.012	0.046	0.000	0.000	0.046
38	A	0.031	0.015	0.000	0.000	0.015
39	D	0.015	0.000	0.000	0.000	0.000
40	Y	0.000	0.000	0.000	0.000	0.000
>XP_001392165.1
pos	aa	C	S	n-reg	h-reg	c-reg
1	M	0.000	0.980	0.980	0.000	0.000
2	W	0.000	0.981	0.981	0.000	0.000
3	L	0.000	0.981	0.940	0.040	0.000
4	F	0.000	0.981	0.926	0.054	0.000
5	R	0.000	0.981	0.923	0.058	0.000
6	A	0.000	0.981	0.515	0.466	0.000
7	L	0.000	0.981	0.147	0.834	0.000
8	S	0.000	0.981	0.121	0.860	0.000
9	S	0.000	0.981	0.092	0.889	0.000
10	A	0.000	0.981	0.048	0.933	0.000
11	V	0.000	0.981	0.014	0.967	0.000
12	F	0.000	0.981	0.006	0.971	0.003
13	L	0.000	0.981	0.002	0.973	0.005
14	A	0.000	0.981	0.002	0.866	0.113
15	V	0.000	0.981	0.001	0.438	0.541
16	T	0.000	0.981	0.001	0.331	0.648
17	V	0.001	0.980	0.001	0.273	0.706
18	S	0.000	0.980	0.001	0.204	0.775
19	S	0.071	0.909	0.001	0.041	0.867
20	I	0.576	0.334	0.001	0.036	0.297
21	P	0.000	0.334	0.001	0.018	0.314
22	L	0.016	0.318	0.001	0.016	0.301
23	A	0.021	0.297	0.001	0.009	0.287
24	F	0.255	0.042	0.001	0.002	0.039
25	D	0.000	0.042	0.001	0.000	0.041
26	V	0.000	0.042	0.001	0.000	0.041
27	G	0.000	0.042	0.001	0.000	0.041
28	G	0.005	0.037	0.001	0.000	0.036
29	K	0.029	0.008	0.001	0.000	0.007
30	T	0.000	0.008	0.001	0.000	0.007
31	C	0.001	0.008	0.001	0.000	0.006
32	G	0.001	0.007	0.001	0.000	0.005
33	L	0.001	0.006	0.001	0.000	0.005
34	A	0.000	0.006	0.001	0.000	0.005
35	Y	0.001	0.005	0.001	0.000	0.003
36	S	0.000	0.005	0.001	0.000	0.003
37	L	0.000	0.004	0.001	0.000	0.003
38	S	0.000	0.004	0.001	0.001	0.003
39	L	0.000	0.004	0.000	0.001	0.003
40	A	0.000	0.004	0.000	0.001	0.003
>XP_001392167.2
pos	aa	C	S	n-reg	h-reg	c-reg
1	M	0.000	0.999	0.999	0.000	0.000
2	Q	0.000	0.999	0.999	0.000	0.000
3	R	0.000	0.999	0.979	0.019	0.000
4	L	0.000	0.999	0.203	0.796	0.000
5	L	0.000	0.999	0.070	0.929	0.000
6	L	0.000	0.999	0.003	0.996	0.000
7	L	0.000	0.999	0.000	0.998	0.000
8	L	0.000	0.999	0.000	0.999	0.000
9	A	0.000	0.999	0.000	0.999	0.000
10	S	0.000	0.999	0.000	0.999	0.000
11	F	0.000	0.999	0.000	0.991	0.007
12	T	0.000	0.999	0.000	0.783	0.216
13	G	0.000	0.999	0.000	0.686	0.313
14	S	0.000	0.999	0.000	0.160	0.839
15	L	0.000	0.998	0.000	0.122	0.876
16	V	0.001	0.997	0.000	0.016	0.981
17	H	0.000	0.997	0.000	0.001	0.997
18	A	0.000	0.997	0.000	0.000	0.997
19	Q	0.903	0.095	0.000	0.000	0.095
20	T	0.000	0.095	0.000	0.000	0.095
21	G	0.061	0.033	0.000	0.000	0.033
22	V	0.008	0.025	0.000	0.000	0.025
23	T	0.000	0.025	0.000	0.000	0.025
24	H	0.023	0.002	0.000	0.000	0.002
25	P	0.000	0.002	0.000	0.000	0.002
26	I	0.002	0.000	0.000	0.000	0.000
27	S	0.000	0.000	0.000	0.000	0.000
28	E	0.000	0.000	0.000	0.000	0.000
29	K	0.000	0.000	0.000	0.000	0.000
30	C	0.000	0.000	0.000	0.000	0.000
31	G	0.000	0.000	0.000	0.000	0.000
32	R	0.000	0.000	0.000	0.000	0.000
33	S	0.000	0.000	0.000	0.000	0.000
34	V	0.000	0.000	0.000	0.000	0.000
35	V	0.000	0.000	0.000	0.000	0.000
36	C	0.000	0.000	0.000	0.000	0.000
37	V	0.000	0.000	0.000	0.000	0.000
38	N	0.000	0.000	0.000	0.000	0.000
39	R	0.000	0.000	0.000	0.000	0.000
40	Y	0.000	0.000	0.000	0.000	0.000
>XP_001392173.2
pos	aa	C	S	n-reg	h-reg	c-reg
1	M	0.000	0.004	0.004	0.000	0.000
2	A	0.000	0.004	0.004	0.000	0.000
3	L	0.000	0.004	0.004	0.000	0.000
4	K	0.000	0.004	0.004	0.000	0.000
5	H	0.000	0.004	0.004	0.000	0.000
6	R	0.000	0.004	0.004	0.000	0.000
7	D	0.000	0.004	0.004	0.000	0.000
8	Y	0.000	0.004	0.004	0.000	0.000
9	V	0.000	0.004	0.003	0.001	0.000
10	L	0.000	0.004	0.003	0.001	0.000
11	L	0.000	0.004	0.003	0.001	0.000
12	G	0.000	0.004	0.003	0.001	0.000
13	I	0.000	0.004	0.003	0.001	0.000
14	G	0.000	0.004	0.003	0.001	0.000
15	A	0.000	0.004	0.003	0.001	0.000
16	F	0.000	0.004	0.003	0.001	0.000
17	I	0.000	0.004	0.003	0.001	0.000
18	A	0.000	0.004	0.003	0.000	0.001
19	W	0.000	0.004	0.003	0.000	0.001
20	G	0.000	0.004	0.003	0.000	0.001
21	L	0.000	0.004	0.003	0.000	0.001
22	A	0.000	0.004	0.003	0.000	0.001
23	V	0.001	0.003	0.003	0.000	0.000
24	K	0.000	0.003	0.003	0.000	0.000
25	W	0.000	0.003	0.003	0.000	0.000
26	L	0.000	0.003	0.003	0.000	0.000
27	P	0.000	0.003	0.003	0.000	0.000
28	V	0.000	0.003	0.003	0.000	0.000
29	L	0.000	0.003	0.003	0.000	0.000
30	R	0.000	0.003	0.003	0.000	0.000
31	F	0.000	0.003	0.003	0.000	0.000
32	L	0.000	0.003	0.002	0.001	0.000
33	G	0.000	0.003	0.002	0.001	0.000
34	Y	0.000	0.003	0.002	0.001	0.000
35	A	0.000	0.003	0.002	0.001	0.000
36	L	0.000	0.003	0.002	0.001	0.000
37	V	0.000	0.003	0.002	0.001	0.000
38	L	0.000	0.003	0.002	0.001	0.000
39	G	0.000	0.003	0.002	0.001	0.000
40	A	0.000	0.003	0.002	0.001	0.000
>XP_001392178.1
pos	aa	C	S	n-reg	h-reg	c-reg
1	M	0.000	0.755	0.755	0.000	0.000
2	L	0.000	0.992	0.992	0.000	0.000
3	S	0.000	0.992	0.992	0.000	0.000
4	Q	0.000	0.992	0.992	0.000	0.000
5	R	0.000	0.992	0.992	0.000	0.000
6	R	0.000	0.992	0.992	0.000	0.000
7	I	0.000	0.992	0.988	0.004	0.000
8	R	0.000	0.992	0.984	0.008	0.000
9	L	0.000	0.992	0.293	0.699	0.000
10	L	0.000	0.992	0.123	0.869	0.000
11	A	0.000	0.992	0.075	0.918	0.000
12	I	0.000	0.992	0.023	0.969	0.000
13	A	0.000	0.992	0.009	0.983	0.000
14	V	0.000	0.992	0.003	0.990	0.000
15	V	0.000	0.992	0.001	0.991	0.000
16	V	0.000	0.992	0.000	0.992	0.000
17	I	0.000	0.992	0.000	0.981	0.011
18	I	0.000	0.992	0.000	0.975	0.017
19	I	0.000	0.992	0.000	0.967	0.025
20	M	0.000	0.992	0.000	0.652	0.340
21	T	0.000	0.973	0.000	0.319	0.654
22	F	0.019	0.931	0.000	0.256	0.675
23	Y	0.000	0.871	0.000	0.176	0.695
24	Y	0.000	0.817	0.000	0.084	0.732
25	S	0.000	0.769	0.000	0.034	0.734
26	S	0.016	0.730	0.000	0.011	0.720
27	E	0.001	0.718	0.000	0.000	0.718
28	A	0.000	0.718	0.000	0.000	0.718
29	R	0.686	0.032	0.000	0.000	0.032
30	S	0.000	0.032	0.000	0.000	0.032
31	V	0.028	0.003	0.000	0.000	0.003
32	Q	0.000	0.003	0.000	0.000	0.003
33	N	0.000	0.003	0.000	0.000	0.003
34	Q	0.000	0.003	0.000	0.000	0.003
35	Q	0.000	0.003	0.000	0.000	0.003
36	F	0.000	0.003	0.000	0.000	0.003
37	Y	0.000	0.003	0.000	0.000	0.003
38	R	0.000	0.003	0.000	0.000	0.003
39	S	0.000	0.003	0.000	0.000	0.003
40	T	0.000	0.003	0.000	0.000	0.003
>XP_001392198.1
pos	aa	C	S	n-reg	h-reg	c-reg
1	M	0.000	0.968	0.968	0.000	0.000
2	A	0.000	0.968	0.968	0.000	0.000
3	L	0.000	0.968	0.597	0.371	0.000
4	F	0.000	0.968	0.465	0.503	0.000
5	A	0.000	0.968	0.330	0.638	0.000
6	L	0.000	0.968	0.081	0.887	0.000
7	A	0.000	0.968	0.044	0.924	0.000
8	L	0.000	0.968	0.013	0.955	0.000
9	L	0.000	0.968	0.003	0.965	0.000
10	S	0.000	0.968	0.002	0.966	0.000
11	I	0.000	0.968	0.001	0.964	0.004
12	L	0.000	0.968	0.000	0.954	0.014
13	V	0.000	0.968	0.000	0.910	0.058
14	T	0.000	0.968	0.000	0.541	0.427
15	V	0.000	0.968	0.000	0.475	0.493
16	V	0.000	0.968	0.000	0.388	0.580
17	A	0.000	0.968	0.000	0.068	0.900
18	G	0.025	0.944	0.000	0.039	0.905
19	L	0.259	0.685	0.000	0.026	0.659
20	Q	0.006	0.678	0.000	0.001	0.677
21	A	0.044	0.634	0.000	0.001	0.633
22	S	0.561	0.073	0.000	0.001	0.072
23	Y	0.012	0.061	0.000	0.000	0.061
24	P	0.000	0.061	0.000	0.000	0.061
25	V	0.011	0.051	0.000	0.000	0.051
26	N	0.000	0.051	0.000	0.000	0.051
27	A	0.000	0.051	0.000	0.000	0.051
28	Q	0.050	0.000	0.000	0.000	0.000
29	L	0.000	0.000	0.000	0.000	0.000
30	P	0.000	0.000	0.000	0.000	0.000
31	P	0.000	0.000	0.000	0.000	0.000
32	V	0.000	0.000	0.000	0.000	0.000
33	A	0.000	0.000	0.000	0.000	0.000
34	R	0.000	0.000	0.000	0.000	0.000
35	V	0.000	0.000	0.000	0.000	0.000
36	S	0.000	0.000	0.000	0.000	0.000
37	K	0.000	0.000	0.000	0.000	0.000
38	P	0.000	0.000	0.000	0.000	0.000
39	F	0.000	0.000	0.000	0.000	0.000
40	E	0.000	0.000	0.000	0.000	0.000
>XP_001392208.2
pos	aa	C	S	n-reg	h-reg	c-reg
1	M	0.000	0.998	0.998	0.000	0.000
2	M	0.000	1.000	1.000	0.000	0.000
3	Q	0.000	1.000	1.000	0.000	0.000
4	S	0.000	1.000	1.000	0.000	0.000
5	A	0.000	1.000	0.999	0.000	0.000
6	L	0.000	1.000	0.997	0.003	0.000
7	F	0.000	1.000	0.995	0.005	0.000
8	N	0.000	1.000	0.994	0.006	0.000
9	F	0.000	1.000	0.946	0.054	0.000
10	Q	0.000	1.000	0.870	0.130	0.000
11	S	0.000	1.000	0.512	0.488	0.000
12	L	0.000	1.000	0.118	0.882	0.000
13	L	0.000	1.000	0.023	0.977	0.000
14	L	0.000	1.000	0.001	0.999	0.000
15	V	0.000	1.000	0.000	1.000	0.000
16	F	0.000	1.000	0.000	1.000	0.000
17	L	0.000	1.000	0.000	0.999	0.001
18	L	0.000	1.000	0.000	0.997	0.003
19	I	0.000	1.000	0.000	0.989	0.011
20	I	0.000	1.000	0.000	0.953	0.047
21	C	0.000	1.000	0.000	0.823	0.176
22	T	0.001	0.999	0.000	0.149	0.850
23	S	0.001	0.999	0.000	0.094	0.905
24	T	0.009	0.989	0.000	0.002	0.987
25	Y	0.008	0.982	0.000	0.001	0.981
26	A	0.000	0.981	0.000	0.000	0.981
27	H	0.729	0.252	0.000	0.000	0.251
28	S	0.000	0.251	0.000	0.000	0.251
29	M	0.250	0.002	0.000	0.000	0.002
30	M	0.000	0.002	0.000	0.000	0.002
31	P	0.000	0.002	0.000	0.000	0.002
32	G	0.002	0.000	0.000	0.000	0.000
33	I	0.000	0.000	0.000	0.000	0.000
34	M	0.000	0.000	0.000	0.000	0.000
35	D	0.000	0.000	0.000	0.000	0.000
36	R	0.000	0.000	0.000	0.000	0.000
37	N	0.000	0.000	0.000	0.000	0.000
38	Q	0.000	0.000	0.000	0.000	0.000
39	S	0.000	0.000	0.000	0.000	0.000
40	G	0.000	0.000	0.000	0.000	0.000
>XP_001392225.2
pos	aa	C	S	n-reg	h-reg	c-reg
1	M	0.000	0.997	0.997	0.000	0.000
2	A	0.000	0.997	0.997	0.000	0.000
3	V	0.000	0.997	0.291	0.706	0.000
4	L	0.000	0.997	0.040	0.957	0.000
5	L	0.000	0.997	0.015	0.982	0.000
6	V	0.000	0.997	0.004	0.992	0.000
7	L	0.000	0.997	0.000	0.997	0.000
8	W	0.000	0.997	0.000	0.997	0.000
9	A	0.000	0.997	0.000	0.997	0.000
10	L	0.000	0.997	0.000	0.995	0.002
11	W	0.000	0.997	0.000	0.725	0.272
12	P	0.000	0.997	0.000	0.550	0.446
13	I	0.000	0.997	0.000	0.463	0.534
14	L	0.000	0.997	0.000	0.383	0.614
15	A	0.000	0.997	0.000	0.017	0.979
16	S	0.078	0.918	0.000	0.003	0.915
17	A	0.022	0.896	0.000	0.002	0.895
18	F	0.613	0.284	0.000	0.001	0.283
19	S	0.000	0.284	0.000	0.000	0.284
20	W	0.239	0.045	0.000	0.000	0.045
21	H	0.000	0.045	0.000	0.000	0.045
22	G	0.000	0.045	0.000	0.000	0.045
23	L	0.030	0.015	0.000	0.000	0.015
24	W	0.001	0.014	0.000	0.000	0.014
25	Y	0.000	0.014	0.000	0.000	0.014
26	D	0.000	0.014	0.000	0.000	0.014
27	L	0.000	0.014	0.000	0.000	0.014
28	G	0.000	0.014	0.000	0.000	0.014
29	F	0.002	0.012	0.000	0.000	0.012
30	L	0.000	0.012	0.000	0.000	0.012
31	G	0.009	0.003	0.000	0.000	0.003
32	P	0.000	0.002	0.000	0.000	0.002
33	H	0.002	0.000	0.000	0.000	0.000
34	P	0.000	0.000	0.000	0.000	0.000
35	T	0.000	0.000	0.000	0.000	0.000
36	L	0.000	0.000	0.000	0.000	0.000
37	K	0.000	0.000	0.000	0.000	0.000
38	Y	0.000	0.000	0.000	0.000	0.000
39	E	0.000	0.000	0.000	0.000	0.000
40	S	0.000	0.000	0.000	0.000	0.000
>XP_001392228.1
pos	aa	C	S	n-reg	h-reg	c-reg
1	M	0.000	1.000	1.000	0.000	0.000
2	Y	0.000	1.000	1.000	0.000	0.000
3	S	0.000	1.000	0.736	0.263	0.000
4	L	0.000	1.000	0.121	0.878	0.000
5	L	0.000	1.000	0.072	0.928	0.000
6	G	0.000	1.000	0.049	0.951	0.000
7	L	0.000	1.000	0.000	0.999	0.000
8	L	0.000	1.000	0.000	1.000	0.000
9	A	0.000	1.000	0.000	1.000	0.000
10	A	0.000	1.000	0.000	1.000	0.000
11	L	0.000	1.000	0.000	0.980	0.020
12	G	0.000	1.000	0.000	0.724	0.276
13	C	0.000	1.000	0.000	0.660	0.340
14	A	0.000	1.000	0.000	0.595	0.405
15	Q	0.001	0.999	0.000	0.008	0.991
16	S	0.000	0.999	0.000	0.002	0.997
17	A	0.017	0.982	0.000	0.001	0.981
18	L	0.001	0.981	0.000	0.001	0.981
19	A	0.001	0.980	0.000	0.000	0.980
20	A	0.965	0.015	0.000	0.000	0.015
21	P	0.001	0.015	0.000	0.000	0.015
22	L	0.003	0.011	0.000	0.000	0.011
23	A	0.002	0.009	0.000	0.000	0.009
24	S	0.008	0.002	0.000	0.000	0.002
25	P	0.001	0.001	0.000	0.000	0.001
26	P	0.001	0.000	0.000	0.000	0.000
27	N	0.000	0.000	0.000	0.000	0.000
28	S	0.000	0.000	0.000	0.000	0.000
29	S	0.000	0.000	0.000	0.000	0.000
30	Y	0.000	0.000	0.000	0.000	0.000
31	I	0.000	0.000	0.000	0.000	0.000
32	D	0.000	0.000	0.000	0.000	0.000
33	W	0.000	0.000	0.000	0.000	0.000
34	R	0.000	0.000	0.000	0.000	0.000
35	T	0.000	0.000	0.000	0.000	0.000
36	F	0.000	0.000	0.000	0.000	0.000
37	K	0.000	0.000	0.000	0.000	0.000
38	G	0.000	0.000	0.000	0.000	0.000
39	N	0.000	0.000	0.000	0.000	0.000
40	G	0.000	0.000	0.000	0.000	0.000
>XP_001392236.1
pos	aa	C	S	n-reg	h-reg	c-reg
1	M	0.000	0.972	0.972	0.000	0.000
2	R	0.000	0.972	0.972	0.000	0.000
3	L	0.000	0.972	0.695	0.277	0.000
4	I	0.000	0.972	0.502	0.471	0.000
5	A	0.000	0.972	0.438	0.534	0.000
6	H	0.000	0.972	0.374	0.598	0.000
7	L	0.000	0.972	0.056	0.916	0.000
8	L	0.000	0.972	0.003	0.969	0.000
9	P	0.000	0.972	0.001	0.971	0.000
10	L	0.000	0.972	0.000	0.972	0.000
11	L	0.000	0.972	0.000	0.969	0.003
12	A	0.000	0.972	0.000	0.933	0.039
13	V	0.000	0.972	0.000	0.873	0.099
14	G	0.000	0.972	0.000	0.710	0.263
15	V	0.003	0.970	0.000	0.597	0.373
16	W	0.000	0.970	0.000	0.060	0.910
17	P	0.000	0.970	0.000	0.008	0.962
18	S	0.027	0.942	0.000	0.001	0.941
19	L	0.001	0.941	0.000	0.001	0.940
20	A	0.001	0.940	0.000	0.000	0.940
21	K	0.938	0.002	0.000	0.000	0.002
22	D	0.000	0.002	0.000	0.000	0.002
23	D	0.000	0.002	0.000	0.000	0.002
24	S	0.000	0.002	0.000	0.000	0.002
25	T	0.001	0.001	0.000	0.000	0.001
26	T	0.000	0.001	0.000	0.000	0.001
27	T	0.000	0.001	0.000	0.000	0.001
28	T	0.000	0.000	0.000	0.000	0.000
29	T	0.000	0.000	0.000	0.000	0.000
30	T	0.000	0.000	0.000	0.000	0.000
31	T	0.000	0.000	0.000	0.000	0.000
32	G	0.000	0.000	0.000	0.000	0.000
33	N	0.000	0.000	0.000	0.000	0.000
34	N	0.000	0.000	0.000	0.000	0.000
35	G	0.000	0.000	0.000	0.000	0.000
36	G	0.000	0.000	0.000	0.000	0.000
37	L	0.000	0.000	0.000	0.000	0.000
38	T	0.000	0.000	0.000	0.000	0.000
39	L	0.000	0.000	0.000	0.000	0.000
40	E	0.000	0.000	0.000	0.000	0.000
>XP_001392252.2
pos	aa	C	S	n-reg	h-reg	c-reg
1	M	0.000	0.448	0.448	0.000	0.000
2	F	0.000	0.448	0.448	0.000	0.000
3	A	0.000	0.448	0.297	0.151	0.000
4	Q	0.000	0.448	0.088	0.360	0.000
5	T	0.000	0.448	0.052	0.396	0.000
6	I	0.000	0.448	0.005	0.443	0.000
7	L	0.000	0.448	0.001	0.447	0.000
8	L	0.000	0.448	0.000	0.448	0.000
9	I	0.000	0.448	0.000	0.448	0.000
10	L	0.000	0.448	0.000	0.448	0.000
11	L	0.000	0.448	0.000	0.441	0.007
12	P	0.000	0.448	0.000	0.091	0.357
13	L	0.000	0.448	0.000	0.078	0.370
14	V	0.000	0.448	0.000	0.020	0.428
15	V	0.000	0.448	0.000	0.018	0.430
16	S	0.000	0.448	0.000	0.003	0.445
17	Y	0.427	0.021	0.000	0.002	0.020
18	F	0.000	0.021	0.000	0.001	0.020
19	I	0.000	0.021	0.000	0.001	0.020
20	T	0.000	0.021	0.000	0.000	0.021
21	R	0.019	0.002	0.000	0.000	0.002
22	I	0.000	0.002	0.000	0.000	0.002
23	R	0.000	0.002	0.000	0.000	0.002
24	Y	0.000	0.002	0.000	0.000	0.002
25	S	0.000	0.002	0.000	0.000	0.002
26	R	0.002	0.000	0.000	0.000	0.000
27	F	0.000	0.000	0.000	0.000	0.000
28	K	0.000	0.000	0.000	0.000	0.000
29	K	0.000	0.000	0.000	0.000	0.000
30	Y	0.000	0.000	0.000	0.000	0.000
31	A	0.000	0.000	0.000	0.000	0.000
32	D	0.000	0.000	0.000	0.000	0.000
33	W	0.000	0.000	0.000	0.000	0.000
34	P	0.000	0.000	0.000	0.000	0.000
35	Q	0.000	0.000	0.000	0.000	0.000
36	L	0.000	0.000	0.000	0.000	0.000
37	P	0.000	0.000	0.000	0.000	0.000
38	T	0.000	0.000	0.000	0.000	0.000
39	S	0.000	0.000	0.000	0.000	0.000
40	L	0.000	0.000	0.000	0.000	0.000
>XP_001392254.2
pos	aa	C	S	n-reg	h-reg	c-reg
1	M	0.000	0.998	0.998	0.000	0.000
2	L	0.000	0.998	0.998	0.000	0.000
3	S	0.000	0.998	0.967	0.031	0.000
4	I	0.000	0.998	0.879	0.118	0.000
5	P	0.000	0.998	0.813	0.185	0.000
6	L	0.000	0.998	0.105	0.892	0.000
7	L	0.000	0.998	0.025	0.973	0.000
8	A	0.000	0.998	0.013	0.985	0.000
9	C	0.000	0.998	0.000	0.998	0.000
10	I	0.000	0.998	0.000	0.998	0.000
11	L	0.000	0.998	0.000	0.997	0.000
12	G	0.000	0.998	0.000	0.988	0.010
13	L	0.000	0.998	0.000	0.975	0.023
14	S	0.000	0.998	0.000	0.822	0.176
15	V	0.000	0.998	0.000	0.774	0.224
16	A	0.000	0.998	0.000	0.683	0.315
17	G	0.008	0.990	0.000	0.023	0.967
18	Q	0.007	0.983	0.000	0.000	0.982
19	A	0.010	0.972	0.000	0.000	0.972
20	S	0.023	0.950	0.000	0.000	0.950
21	A	0.006	0.944	0.000	0.000	0.944
22	S	0.934	0.009	0.000	0.000	0.009
23	N	0.008	0.002	0.000	0.000	0.002
24	V	0.000	0.002	0.000	0.000	0.002
25	S	0.000	0.002	0.000	0.000	0.002
26	I	0.001	0.000	0.000	0.000	0.000
27	P	0.000	0.000	0.000	0.000	0.000
28	N	0.000	0.000	0.000	0.000	0.000
29	D	0.000	0.000	0.000	0.000	0.000
30	S	0.000	0.000	0.000	0.000	0.000
31	Q	0.000	0.000	0.000	0.000	0.000
32	D	0.000	0.000	0.000	0.000	0.000
33	T	0.000	0.000	0.000	0.000	0.000
34	D	0.000	0.000	0.000	0.000	0.000
35	A	0.000	0.000	0.000	0.000	0.000
36	I	0.000	0.000	0.000	0.000	0.000
37	I	0.000	0.000	0.000	0.000	0.000
38	Q	0.000	0.000	0.000	0.000	0.000
39	H	0.000	0.000	0.000	0.000	0.000
40	N	0.000	0.000	0.000	0.000	0.000
>XP_001392291.1
pos	aa	C	S	n-reg	h-reg	c-reg
1	M	0.000	0.482	0.482	0.000	0.000
2	R	0.000	0.484	0.484	0.000	0.000
3	L	0.000	0.484	0.477	0.006	0.000
4	S	0.000	0.484	0.474	0.009	0.000
5	P	0.000	0.484	0.470	0.014	0.000
6	A	0.000	0.484	0.434	0.049	0.000
7	W	0.000	0.484	0.405	0.078	0.000
8	Y	0.000	0.484	0.366	0.117	0.000
9	Q	0.000	0.484	0.294	0.189	0.000
10	F	0.000	0.484	0.128	0.356	0.000
11	L	0.000	0.484	0.039	0.445	0.000
12	V	0.000	0.484	0.013	0.467	0.004
13	G	0.000	0.484	0.009	0.469	0.006
14	V	0.000	0.484	0.003	0.472	0.008
15	F	0.000	0.484	0.001	0.463	0.020
16	A	0.000	0.484	0.000	0.436	0.047
17	S	0.006	0.478	0.000	0.388	0.089
18	L	0.000	0.478	0.000	0.351	0.127
19	G	0.001	0.476	0.000	0.301	0.175
20	S	0.019	0.457	0.000	0.085	0.373
21	F	0.011	0.447	0.000	0.069	0.377
22	L	0.000	0.446	0.000	0.050	0.397
23	Y	0.029	0.417	0.000	0.017	0.401
24	G	0.000	0.417	0.000	0.003	0.414
25	Y	0.344	0.073	0.000	0.001	0.072
26	D	0.000	0.073	0.000	0.000	0.072
27	L	0.000	0.073	0.000	0.000	0.072
28	G	0.001	0.072	0.000	0.000	0.072
29	V	0.016	0.056	0.000	0.000	0.056
30	I	0.000	0.056	0.000	0.000	0.056
31	A	0.000	0.056	0.000	0.000	0.056
32	E	0.053	0.004	0.000	0.000	0.003
33	V	0.000	0.004	0.000	0.000	0.003
34	I	0.000	0.004	0.000	0.000	0.003
35	A	0.000	0.004	0.000	0.000	0.003
36	C	0.003	0.001	0.000	0.000	0.001
37	G	0.000	0.001	0.000	0.000	0.001
38	S	0.000	0.000	0.000	0.000	0.000
39	F	0.000	0.000	0.000	0.000	0.000
40	I	0.000	0.000	0.000	0.000	0.000
>XP_001392299.1
pos	aa	C	S	n-reg	h-reg	c-reg
1	M	0.000	0.010	0.010	0.000	0.000
2	Y	0.000	0.012	0.012	0.000	0.000
3	N	0.000	0.012	0.012	0.000	0.000
4	T	0.000	0.012	0.012	0.000	0.000
5	K	0.000	0.012	0.012	0.000	0.000
6	T	0.000	0.012	0.012	0.000	0.000
7	D	0.000	0.012	0.011	0.000	0.000
8	I	0.000	0.012	0.007	0.005	0.000
9	W	0.000	0.012	0.005	0.007	0.000
10	L	0.000	0.012	0.003	0.009	0.000
11	S	0.000	0.012	0.002	0.009	0.000
12	G	0.000	0.012	0.001	0.010	0.000
13	A	0.000	0.012	0.001	0.011	0.000
14	F	0.000	0.012	0.000	0.011	0.000
15	A	0.000	0.012	0.000	0.012	0.000
16	V	0.000	0.012	0.000	0.012	0.000
17	L	0.000	0.012	0.000	0.012	0.000
18	I	0.000	0.012	0.000	0.011	0.000
19	V	0.000	0.012	0.000	0.010	0.001
20	D	0.000	0.011	0.000	0.003	0.007
21	F	0.000	0.011	0.000	0.003	0.008
22	L	0.000	0.011	0.000	0.002	0.009
23	V	0.000	0.010	0.000	0.002	0.009
24	Y	0.000	0.010	0.000	0.001	0.009
25	P	0.000	0.010	0.000	0.000	0.010
26	I	0.005	0.004	0.000	0.000	0.004
27	D	0.000	0.004	0.000	0.000	0.004
28	T	0.000	0.004	0.000	0.000	0.004
29	L	0.004	0.000	0.000	0.000	0.000
30	K	0.000	0.000	0.000	0.000	0.000
31	T	0.000	0.000	0.000	0.000	0.000
32	R	0.000	0.000	0.000	0.000	0.000
33	I	0.000	0.000	0.000	0.000	0.000
34	Q	0.000	0.000	0.000	0.000	0.000
35	S	0.000	0.000	0.000	0.000	0.000
36	P	0.000	0.000	0.000	0.000	0.000
37	N	0.000	0.000	0.000	0.000	0.000
38	Y	0.000	0.000	0.000	0.000	0.000
39	N	0.000	0.000	0.000	0.000	0.000
40	R	0.000	0.000	0.000	0.000	0.000
>XP_001392309.2
pos	aa	C	S	n-reg	h-reg	c-reg
1	M	0.000	0.935	0.935	0.000	0.000
2	W	0.000	0.935	0.935	0.000	0.000
3	F	0.000	0.935	0.641	0.294	0.000
4	S	0.000	0.935	0.522	0.413	0.000
5	T	0.000	0.935	0.347	0.588	0.000
6	L	0.000	0.935	0.006	0.929	0.000
7	L	0.000	0.935	0.000	0.935	0.000
8	I	0.000	0.935	0.000	0.935	0.000
9	T	0.000	0.935	0.000	0.935	0.000
10	T	0.000	0.935	0.000	0.935	0.000
11	L	0.000	0.935	0.000	0.919	0.016
12	L	0.000	0.935	0.000	0.888	0.047
13	S	0.000	0.935	0.000	0.711	0.224
14	T	0.000	0.935	0.000	0.046	0.889
15	T	0.000	0.935	0.000	0.016	0.919
16	T	0.001	0.934	0.000	0.002	0.932
17	S	0.014	0.919	0.000	0.001	0.919
18	S	0.127	0.792	0.000	0.000	0.792
19	Y	0.774	0.019	0.000	0.000	0.019
20	P	0.000	0.019	0.000	0.000	0.019
21	T	0.016	0.002	0.000	0.000	0.002
22	T	0.000	0.002	0.000	0.000	0.002
23	N	0.000	0.002	0.000	0.000	0.002
24	H	0.000	0.002	0.000	0.000	0.002
25	T	0.000	0.002	0.000	0.000	0.002
26	Y	0.002	0.000	0.000	0.000	0.000
27	T	0.000	0.000	0.000	0.000	0.000
28	N	0.000	0.000	0.000	0.000	0.000
29	P	0.000	0.000	0.000	0.000	0.000
30	I	0.000	0.000	0.000	0.000	0.000
31	L	0.000	0.000	0.000	0.000	0.000
32	P	0.000	0.000	0.000	0.000	0.000
33	G	0.000	0.000	0.000	0.000	0.000
34	W	0.000	0.000	0.000	0.000	0.000
35	H	0.000	0.000	0.000	0.000	0.000
36	S	0.000	0.000	0.000	0.000	0.000
37	D	0.000	0.000	0.000	0.000	0.000
38	P	0.000	0.000	0.000	0.000	0.000
39	T	0.000	0.000	0.000	0.000	0.000
40	C	0.000	0.000	0.000	0.000	0.000
>XP_001392310.2
pos	aa	C	S	n-reg	h-reg	c-reg
1	M	0.000	0.991	0.991	0.000	0.000
2	R	0.000	0.991	0.991	0.000	0.000
3	L	0.000	0.991	0.751	0.240	0.000
4	A	0.000	0.991	0.680	0.311	0.000
5	P	0.000	0.991	0.643	0.348	0.000
6	A	0.000	0.991	0.266	0.725	0.000
7	A	0.000	0.991	0.081	0.910	0.000
8	A	0.000	0.991	0.028	0.963	0.000
9	V	0.000	0.991	0.004	0.987	0.000
10	A	0.000	0.991	0.001	0.990	0.000
11	L	0.000	0.991	0.000	0.955	0.035
12	P	0.000	0.991	0.000	0.907	0.083
13	V	0.000	0.991	0.000	0.898	0.093
14	L	0.000	0.991	0.000	0.616	0.375
15	A	0.000	0.991	0.000	0.342	0.649
16	A	0.018	0.972	0.000	0.169	0.803
17	H	0.013	0.960	0.000	0.059	0.900
18	A	0.000	0.960	0.000	0.011	0.948
19	A	0.635	0.324	0.000	0.007	0.317
20	P	0.001	0.324	0.000	0.000	0.323
21	L	0.019	0.304	0.000	0.000	0.304
22	A	0.042	0.262	0.000	0.000	0.262
23	E	0.162	0.100	0.000	0.000	0.100
24	P	0.000	0.100	0.000	0.000	0.100
25	V	0.098	0.001	0.000	0.000	0.001
26	C	0.000	0.001	0.000	0.000	0.001
27	E	0.001	0.001	0.000	0.000	0.001
28	N	0.000	0.001	0.000	0.000	0.001
29	T	0.000	0.001	0.000	0.000	0.001
30	D	0.000	0.001	0.000	0.000	0.000
31	V	0.000	0.001	0.000	0.000	0.000
32	V	0.000	0.001	0.000	0.000	0.000
33	I	0.000	0.001	0.000	0.000	0.000
34	L	0.000	0.001	0.000	0.000	0.000
35	G	0.000	0.001	0.000	0.000	0.000
36	A	0.000	0.001	0.000	0.000	0.000
37	G	0.000	0.000	0.000	0.000	0.000
38	V	0.000	0.000	0.000	0.000	0.000
39	A	0.000	0.000	0.000	0.000	0.000
40	G	0.000	0.000	0.000	0.000	0.000
>XP_001392334.2
pos	aa	C	S	n-reg	h-reg	c-reg
1	M	0.000	0.999	0.999	0.000	0.000
2	H	0.000	1.000	1.000	0.000	0.000
3	S	0.000	1.000	1.000	0.000	0.000
4	K	0.000	1.000	1.000	0.000	0.000
5	T	0.000	1.000	0.987	0.013	0.000
6	P	0.000	1.000	0.947	0.053	0.000
7	S	0.000	1.000	0.750	0.250	0.000
8	V	0.000	1.000	0.373	0.626	0.000
9	T	0.000	1.000	0.195	0.805	0.000
10	C	0.000	1.000	0.082	0.917	0.000
11	M	0.000	1.000	0.044	0.956	0.000
12	V	0.000	1.000	0.003	0.997	0.000
13	L	0.000	1.000	0.001	0.999	0.000
14	T	0.000	1.000	0.000	0.999	0.001
15	F	0.000	1.000	0.000	0.997	0.002
16	L	0.000	1.000	0.000	0.949	0.050
17	T	0.000	1.000	0.000	0.730	0.269
18	F	0.000	1.000	0.000	0.617	0.383
19	S	0.000	1.000	0.000	0.481	0.519
20	S	0.000	0.999	0.000	0.039	0.960
21	L	0.000	0.999	0.000	0.028	0.972
22	A	0.001	0.999	0.000	0.002	0.997
23	L	0.012	0.987	0.000	0.001	0.986
24	A	0.002	0.985	0.000	0.000	0.984
25	Y	0.939	0.045	0.000	0.000	0.045
26	P	0.000	0.045	0.000	0.000	0.045
27	V	0.044	0.001	0.000	0.000	0.001
28	P	0.000	0.001	0.000	0.000	0.001
29	T	0.000	0.001	0.000	0.000	0.001
30	S	0.001	0.000	0.000	0.000	0.000
31	N	0.000	0.000	0.000	0.000	0.000
32	K	0.000	0.000	0.000	0.000	0.000
33	H	0.000	0.000	0.000	0.000	0.000
34	N	0.000	0.000	0.000	0.000	0.000
35	V	0.000	0.000	0.000	0.000	0.000
36	S	0.000	0.000	0.000	0.000	0.000
37	R	0.000	0.000	0.000	0.000	0.000
38	A	0.000	0.000	0.000	0.000	0.000
39	V	0.000	0.000	0.000	0.000	0.000
40	S	0.000	0.000	0.000	0.000	0.000
>XP_001392341.2
pos	aa	C	S	n-reg	h-reg	c-reg
1	M	0.000	0.316	0.316	0.000	0.000
2	F	0.000	0.320	0.320	0.000	0.000
3	S	0.000	0.320	0.320	0.000	0.000
4	T	0.000	0.320	0.320	0.000	0.000
5	S	0.000	0.320	0.320	0.000	0.000
6	R	0.000	0.320	0.320	0.000	0.000
7	R	0.000	0.320	0.320	0.000	0.000
8	R	0.000	0.320	0.320	0.000	0.000
9	I	0.000	0.320	0.320	0.000	0.000
10	L	0.000	0.320	0.320	0.000	0.000
11	D	0.000	0.320	0.320	0.000	0.000
12	G	0.000	0.320	0.320	0.000	0.000
13	L	0.000	0.320	0.320	0.000	0.000
14	N	0.000	0.320	0.320	0.000	0.000
15	R	0.000	0.320	0.320	0.000	0.000
16	R	0.000	0.320	0.320	0.000	0.000
17	Y	0.000	0.320	0.320	0.000	0.000
18	I	0.000	0.320	0.319	0.000	0.000
19	Y	0.000	0.320	0.319	0.000	0.000
20	G	0.000	0.320	0.319	0.001	0.000
21	R	0.000	0.320	0.316	0.004	0.000
22	L	0.000	0.320	0.155	0.165	0.000
23	P	0.000	0.320	0.136	0.184	0.000
24	L	0.000	0.320	0.034	0.285	0.000
25	L	0.000	0.320	0.007	0.312	0.000
26	H	0.000	0.320	0.007	0.313	0.000
27	A	0.000	0.320	0.005	0.315	0.000
28	I	0.000	0.320	0.004	0.316	0.000
29	I	0.000	0.320	0.004	0.316	0.000
30	F	0.000	0.320	0.003	0.307	0.009
31	L	0.000	0.320	0.003	0.301	0.016
32	I	0.000	0.320	0.003	0.276	0.040
33	E	0.000	0.320	0.003	0.018	0.298
34	M	0.000	0.320	0.003	0.009	0.307
35	A	0.000	0.320	0.003	0.006	0.310
36	A	0.002	0.318	0.003	0.004	0.310
37	A	0.008	0.310	0.003	0.001	0.305
38	M	0.217	0.092	0.003	0.000	0.089
39	R	0.000	0.092	0.003	0.000	0.089
40	L	0.000	0.092	0.003	0.000	0.089
