>XP_001398312.1
pos	aa	C	S	n-reg	h-reg	c-reg
1	M	0.000	0.986	0.986	0.000	0.000
2	R	0.000	0.986	0.986	0.000	0.000
3	S	0.000	0.986	0.986	0.000	0.000
4	K	0.000	0.986	0.984	0.002	0.000
5	M	0.000	0.986	0.882	0.104	0.000
6	S	0.000	0.986	0.610	0.376	0.000
7	L	0.000	0.986	0.068	0.918	0.000
8	L	0.000	0.986	0.021	0.965	0.000
9	A	0.000	0.986	0.012	0.974	0.000
10	G	0.000	0.986	0.008	0.978	0.000
11	T	0.000	0.986	0.002	0.984	0.000
12	A	0.000	0.986	0.001	0.985	0.000
13	A	0.000	0.986	0.000	0.978	0.008
14	L	0.000	0.986	0.000	0.966	0.020
15	S	0.000	0.986	0.000	0.627	0.359
16	F	0.000	0.986	0.000	0.470	0.516
17	A	0.000	0.986	0.000	0.315	0.671
18	Q	0.010	0.976	0.000	0.139	0.837
19	A	0.000	0.976	0.000	0.006	0.970
20	T	0.118	0.858	0.000	0.002	0.856
21	S	0.000	0.858	0.000	0.002	0.857
22	L	0.033	0.826	0.000	0.001	0.824
23	A	0.134	0.692	0.000	0.001	0.691
24	D	0.679	0.013	0.000	0.000	0.013
25	V	0.000	0.013	0.000	0.000	0.013
26	C	0.000	0.013	0.000	0.000	0.013
27	T	0.000	0.013	0.000	0.000	0.013
28	S	0.001	0.012	0.000	0.000	0.012
29	S	0.005	0.007	0.000	0.000	0.007
30	Y	0.001	0.006	0.000	0.000	0.006
31	A	0.000	0.006	0.000	0.000	0.006
32	R	0.004	0.003	0.000	0.000	0.003
33	S	0.000	0.003	0.000	0.000	0.003
34	V	0.001	0.001	0.000	0.000	0.001
35	A	0.000	0.001	0.000	0.000	0.001
36	P	0.000	0.001	0.000	0.000	0.001
37	S	0.000	0.001	0.000	0.000	0.001
38	S	0.000	0.001	0.000	0.000	0.001
39	P	0.000	0.001	0.000	0.000	0.001
40	L	0.000	0.000	0.000	0.000	0.000
>XP_001398346.1
pos	aa	C	S	n-reg	h-reg	c-reg
1	M	0.000	0.074	0.074	0.000	0.000
2	T	0.000	0.074	0.074	0.000	0.000
3	S	0.000	0.074	0.074	0.000	0.000
4	W	0.000	0.074	0.074	0.000	0.000
5	T	0.000	0.074	0.074	0.001	0.000
6	A	0.000	0.074	0.071	0.003	0.000
7	S	0.000	0.074	0.069	0.005	0.000
8	Q	0.000	0.074	0.067	0.007	0.000
9	W	0.000	0.074	0.050	0.024	0.000
10	I	0.000	0.074	0.032	0.042	0.000
11	P	0.000	0.074	0.030	0.045	0.000
12	W	0.000	0.074	0.018	0.056	0.000
13	M	0.000	0.074	0.000	0.074	0.000
14	T	0.000	0.074	0.000	0.074	0.000
15	L	0.000	0.074	0.000	0.074	0.000
16	I	0.000	0.074	0.000	0.074	0.000
17	S	0.000	0.074	0.000	0.065	0.009
18	T	0.000	0.074	0.000	0.055	0.020
19	W	0.000	0.074	0.000	0.051	0.023
20	I	0.000	0.074	0.000	0.047	0.027
21	D	0.000	0.074	0.000	0.000	0.074
22	G	0.000	0.074	0.000	0.000	0.074
23	T	0.001	0.073	0.000	0.000	0.073
24	T	0.000	0.073	0.000	0.000	0.073
25	A	0.000	0.073	0.000	0.000	0.073
26	D	0.073	0.000	0.000	0.000	0.000
27	P	0.000	0.000	0.000	0.000	0.000
28	S	0.000	0.000	0.000	0.000	0.000
29	Q	0.000	0.000	0.000	0.000	0.000
30	T	0.000	0.000	0.000	0.000	0.000
31	I	0.000	0.000	0.000	0.000	0.000
32	C	0.000	0.000	0.000	0.000	0.000
33	P	0.000	0.000	0.000	0.000	0.000
34	A	0.000	0.000	0.000	0.000	0.000
35	P	0.000	0.000	0.000	0.000	0.000
36	R	0.000	0.000	0.000	0.000	0.000
37	W	0.000	0.000	0.000	0.000	0.000
38	Q	0.000	0.000	0.000	0.000	0.000
39	V	0.000	0.000	0.000	0.000	0.000
40	A	0.000	0.000	0.000	0.000	0.000
>XP_001398394.2
pos	aa	C	S	n-reg	h-reg	c-reg
1	M	0.000	0.592	0.592	0.000	0.000
2	K	0.000	0.996	0.996	0.000	0.000
3	P	0.000	0.996	0.996	0.001	0.000
4	V	0.000	0.996	0.985	0.012	0.000
5	V	0.000	0.996	0.980	0.017	0.000
6	S	0.000	0.996	0.977	0.020	0.000
7	A	0.000	0.996	0.966	0.030	0.000
8	L	0.000	0.996	0.958	0.038	0.000
9	N	0.000	0.996	0.955	0.041	0.000
10	A	0.000	0.996	0.893	0.104	0.000
11	W	0.000	0.996	0.834	0.163	0.000
12	S	0.000	0.996	0.670	0.326	0.001
13	C	0.000	0.996	0.268	0.727	0.001
14	V	0.000	0.996	0.086	0.908	0.002
15	V	0.000	0.996	0.038	0.954	0.004
16	I	0.000	0.996	0.023	0.954	0.019
17	S	0.000	0.996	0.020	0.952	0.025
18	V	0.000	0.996	0.016	0.954	0.026
19	F	0.000	0.996	0.015	0.953	0.028
20	A	0.000	0.996	0.015	0.944	0.037
21	I	0.024	0.972	0.015	0.933	0.023
22	V	0.000	0.971	0.015	0.917	0.039
23	I	0.000	0.971	0.015	0.877	0.079
24	L	0.000	0.967	0.015	0.598	0.354
25	S	0.010	0.940	0.015	0.396	0.529
26	V	0.008	0.921	0.015	0.361	0.545
27	L	0.000	0.892	0.015	0.329	0.547
28	G	0.007	0.799	0.015	0.242	0.542
29	S	0.456	0.283	0.015	0.181	0.087
30	L	0.062	0.193	0.015	0.153	0.025
31	Y	0.018	0.093	0.015	0.071	0.007
32	K	0.000	0.022	0.015	0.000	0.007
33	S	0.000	0.022	0.015	0.000	0.007
34	E	0.003	0.019	0.015	0.000	0.004
35	H	0.000	0.019	0.015	0.000	0.004
36	P	0.000	0.019	0.015	0.000	0.004
37	G	0.000	0.019	0.015	0.000	0.004
38	F	0.000	0.019	0.015	0.000	0.004
39	T	0.000	0.019	0.015	0.000	0.004
40	G	0.000	0.019	0.015	0.000	0.004
>XP_001398404.2
pos	aa	C	S	n-reg	h-reg	c-reg
1	M	0.000	0.998	0.998	0.000	0.000
2	A	0.000	0.998	0.998	0.000	0.000
3	I	0.000	0.998	0.998	0.000	0.000
4	L	0.000	0.998	0.998	0.000	0.000
5	S	0.000	0.998	0.998	0.000	0.000
6	R	0.000	0.998	0.998	0.000	0.000
7	L	0.000	0.998	0.952	0.046	0.000
8	G	0.000	0.998	0.941	0.057	0.000
9	P	0.000	0.998	0.919	0.079	0.000
10	Q	0.000	0.998	0.836	0.162	0.000
11	G	0.000	0.998	0.463	0.535	0.000
12	L	0.000	0.998	0.020	0.979	0.000
13	L	0.000	0.998	0.002	0.996	0.000
14	A	0.000	0.998	0.000	0.998	0.000
15	V	0.000	0.998	0.000	0.998	0.000
16	L	0.000	0.998	0.000	0.998	0.001
17	L	0.000	0.998	0.000	0.996	0.002
18	L	0.000	0.998	0.000	0.973	0.026
19	A	0.000	0.998	0.000	0.719	0.279
20	S	0.000	0.998	0.000	0.132	0.866
21	P	0.000	0.998	0.000	0.057	0.941
22	T	0.000	0.998	0.000	0.007	0.991
23	L	0.000	0.998	0.000	0.004	0.994
24	A	0.000	0.997	0.000	0.000	0.997
25	H	0.447	0.550	0.000	0.000	0.550
26	G	0.000	0.550	0.000	0.000	0.550
27	G	0.547	0.003	0.000	0.000	0.003
28	H	0.000	0.003	0.000	0.000	0.003
29	E	0.000	0.003	0.000	0.000	0.003
30	S	0.000	0.003	0.000	0.000	0.003
31	V	0.001	0.002	0.000	0.000	0.002
32	P	0.000	0.002	0.000	0.000	0.002
33	E	0.000	0.002	0.000	0.000	0.002
34	G	0.000	0.002	0.000	0.000	0.002
35	A	0.000	0.002	0.000	0.000	0.002
36	A	0.000	0.002	0.000	0.000	0.002
37	I	0.001	0.000	0.000	0.000	0.000
38	S	0.000	0.000	0.000	0.000	0.000
39	E	0.000	0.000	0.000	0.000	0.000
40	D	0.000	0.000	0.000	0.000	0.000
>XP_001398435.1
pos	aa	C	S	n-reg	h-reg	c-reg
1	M	0.000	0.963	0.963	0.000	0.000
2	F	0.000	0.963	0.963	0.000	0.000
3	V	0.000	0.963	0.963	0.000	0.000
4	R	0.000	0.963	0.963	0.000	0.000
5	L	0.000	0.963	0.963	0.000	0.000
6	I	0.000	0.963	0.963	0.000	0.000
7	P	0.000	0.963	0.963	0.000	0.000
8	P	0.000	0.963	0.963	0.000	0.000
9	R	0.000	0.963	0.963	0.000	0.000
10	L	0.000	0.963	0.963	0.000	0.000
11	Q	0.000	0.963	0.963	0.000	0.000
12	C	0.000	0.963	0.963	0.000	0.000
13	R	0.000	0.963	0.963	0.000	0.000
14	R	0.000	0.963	0.963	0.000	0.000
15	R	0.000	0.963	0.963	0.000	0.000
16	A	0.000	0.963	0.961	0.002	0.000
17	T	0.000	0.963	0.957	0.006	0.000
18	V	0.000	0.963	0.953	0.010	0.000
19	R	0.000	0.963	0.950	0.013	0.000
20	A	0.000	0.963	0.713	0.250	0.000
21	V	0.000	0.963	0.263	0.700	0.000
22	L	0.000	0.963	0.087	0.876	0.000
23	G	0.000	0.963	0.061	0.902	0.000
24	C	0.000	0.963	0.019	0.944	0.000
25	A	0.000	0.963	0.002	0.958	0.003
26	I	0.000	0.963	0.000	0.960	0.003
27	A	0.000	0.963	0.000	0.959	0.004
28	L	0.000	0.963	0.000	0.958	0.005
29	A	0.000	0.963	0.000	0.908	0.055
30	I	0.003	0.960	0.000	0.870	0.089
31	C	0.000	0.960	0.000	0.745	0.215
32	V	0.001	0.959	0.000	0.575	0.384
33	G	0.000	0.959	0.000	0.044	0.914
34	R	0.029	0.929	0.000	0.004	0.926
35	V	0.000	0.929	0.000	0.001	0.929
36	A	0.000	0.929	0.000	0.000	0.929
37	A	0.054	0.875	0.000	0.000	0.875
38	T	0.722	0.153	0.000	0.000	0.153
39	A	0.055	0.099	0.000	0.000	0.099
40	D	0.098	0.000	0.000	0.000	0.000
>XP_001398438.2
pos	aa	C	S	n-reg	h-reg	c-reg
1	M	0.000	0.011	0.011	0.000	0.000
2	E	0.000	0.947	0.947	0.000	0.000
3	S	0.000	0.947	0.947	0.000	0.000
4	L	0.000	0.947	0.947	0.000	0.000
5	L	0.000	0.947	0.947	0.000	0.000
6	A	0.000	0.947	0.947	0.000	0.000
7	P	0.000	0.947	0.947	0.000	0.000
8	I	0.000	0.947	0.947	0.000	0.000
9	Q	0.000	0.947	0.947	0.000	0.000
10	D	0.000	0.947	0.947	0.000	0.000
11	A	0.000	0.947	0.947	0.000	0.000
12	L	0.000	0.947	0.947	0.000	0.000
13	E	0.000	0.947	0.947	0.000	0.000
14	G	0.000	0.947	0.947	0.000	0.000
15	Q	0.000	0.947	0.947	0.000	0.000
16	I	0.000	0.947	0.947	0.000	0.000
17	D	0.000	0.947	0.947	0.000	0.000
18	F	0.000	0.947	0.947	0.000	0.000
19	Q	0.000	0.947	0.947	0.000	0.000
20	G	0.000	0.947	0.947	0.000	0.000
21	Q	0.000	0.947	0.947	0.000	0.000
22	R	0.000	0.947	0.947	0.000	0.000
23	I	0.000	0.947	0.944	0.002	0.000
24	A	0.000	0.947	0.943	0.004	0.000
25	E	0.000	0.947	0.943	0.004	0.000
26	L	0.000	0.947	0.557	0.390	0.000
27	L	0.000	0.947	0.397	0.550	0.000
28	S	0.000	0.947	0.331	0.616	0.000
29	T	0.000	0.947	0.182	0.765	0.000
30	V	0.000	0.947	0.052	0.895	0.000
31	L	0.000	0.947	0.022	0.925	0.000
32	L	0.000	0.947	0.010	0.937	0.000
33	V	0.000	0.947	0.005	0.942	0.000
34	L	0.000	0.947	0.004	0.943	0.001
35	S	0.000	0.947	0.003	0.933	0.011
36	G	0.000	0.947	0.003	0.933	0.011
37	A	0.000	0.947	0.002	0.934	0.011
38	V	0.000	0.946	0.001	0.934	0.011
39	A	0.000	0.944	0.001	0.932	0.011
40	F	0.011	0.931	0.001	0.929	0.000
>XP_001398447.1
pos	aa	C	S	n-reg	h-reg	c-reg
1	M	0.000	0.441	0.441	0.000	0.000
2	D	0.000	0.788	0.788	0.000	0.000
3	Q	0.000	0.788	0.788	0.000	0.000
4	F	0.000	0.788	0.788	0.000	0.000
5	W	0.000	0.788	0.788	0.000	0.000
6	A	0.000	0.788	0.788	0.001	0.000
7	A	0.000	0.788	0.788	0.001	0.000
8	P	0.000	0.788	0.787	0.001	0.000
9	P	0.000	0.788	0.786	0.002	0.000
10	V	0.000	0.788	0.782	0.006	0.000
11	T	0.000	0.788	0.780	0.008	0.000
12	R	0.000	0.788	0.778	0.010	0.000
13	T	0.000	0.788	0.653	0.135	0.000
14	L	0.000	0.788	0.457	0.331	0.000
15	T	0.000	0.788	0.409	0.379	0.000
16	A	0.000	0.788	0.367	0.421	0.000
17	L	0.000	0.788	0.338	0.449	0.000
18	T	0.000	0.788	0.333	0.454	0.001
19	F	0.000	0.788	0.330	0.456	0.002
20	L	0.000	0.788	0.330	0.454	0.005
21	Q	0.000	0.788	0.330	0.417	0.041
22	S	0.000	0.788	0.329	0.406	0.053
23	I	0.001	0.787	0.328	0.373	0.086
24	L	0.000	0.787	0.328	0.328	0.131
25	V	0.001	0.785	0.328	0.214	0.244
26	H	0.000	0.785	0.328	0.051	0.406
27	G	0.000	0.784	0.327	0.027	0.430
28	G	0.142	0.642	0.327	0.019	0.296
29	L	0.003	0.640	0.327	0.018	0.294
30	L	0.003	0.636	0.327	0.018	0.291
31	S	0.124	0.511	0.327	0.017	0.166
32	G	0.067	0.443	0.327	0.017	0.099
33	Y	0.099	0.344	0.327	0.017	0.000
34	Y	0.000	0.344	0.327	0.016	0.000
35	V	0.000	0.344	0.327	0.016	0.000
36	L	0.000	0.343	0.327	0.016	0.000
37	F	0.000	0.342	0.327	0.014	0.000
38	L	0.000	0.338	0.327	0.011	0.000
39	R	0.000	0.328	0.327	0.000	0.000
40	R	0.000	0.328	0.327	0.000	0.000
>XP_001398475.1
pos	aa	C	S	n-reg	h-reg	c-reg
1	M	0.000	0.462	0.462	0.000	0.000
2	L	0.000	0.462	0.462	0.000	0.000
3	R	0.000	0.462	0.462	0.000	0.000
4	G	0.000	0.462	0.462	0.001	0.000
5	K	0.000	0.462	0.461	0.001	0.000
6	S	0.000	0.462	0.332	0.130	0.000
7	L	0.000	0.462	0.089	0.374	0.000
8	H	0.000	0.462	0.083	0.379	0.000
9	L	0.000	0.462	0.044	0.418	0.000
10	A	0.000	0.462	0.038	0.425	0.000
11	Q	0.000	0.462	0.033	0.429	0.000
12	V	0.000	0.462	0.009	0.453	0.000
13	L	0.000	0.462	0.001	0.461	0.000
14	L	0.000	0.462	0.000	0.448	0.014
15	T	0.000	0.462	0.000	0.134	0.328
16	V	0.000	0.462	0.000	0.119	0.343
17	A	0.000	0.462	0.000	0.082	0.381
18	P	0.001	0.462	0.000	0.066	0.395
19	A	0.024	0.437	0.000	0.063	0.374
20	F	0.332	0.106	0.000	0.042	0.064
21	I	0.000	0.106	0.000	0.029	0.077
22	T	0.000	0.106	0.000	0.018	0.088
23	Y	0.004	0.101	0.000	0.014	0.087
24	G	0.000	0.101	0.000	0.000	0.101
25	Y	0.070	0.032	0.000	0.000	0.032
26	N	0.000	0.032	0.000	0.000	0.032
27	Q	0.000	0.032	0.000	0.000	0.032
28	A	0.000	0.031	0.000	0.000	0.031
29	G	0.029	0.002	0.000	0.000	0.002
30	V	0.000	0.002	0.000	0.000	0.002
31	A	0.000	0.002	0.000	0.000	0.002
32	P	0.000	0.002	0.000	0.000	0.002
33	L	0.000	0.002	0.000	0.000	0.002
34	A	0.000	0.001	0.000	0.000	0.001
35	N	0.000	0.001	0.000	0.000	0.001
36	L	0.000	0.001	0.000	0.000	0.001
37	Q	0.001	0.000	0.000	0.000	0.000
38	S	0.000	0.000	0.000	0.000	0.000
39	W	0.000	0.000	0.000	0.000	0.000
40	V	0.000	0.000	0.000	0.000	0.000
>XP_001398480.1
pos	aa	C	S	n-reg	h-reg	c-reg
1	M	0.000	0.228	0.228	0.000	0.000
2	V	0.000	0.228	0.228	0.000	0.000
3	L	0.000	0.228	0.047	0.181	0.000
4	V	0.000	0.228	0.024	0.204	0.000
5	A	0.000	0.228	0.016	0.212	0.000
6	L	0.000	0.228	0.003	0.225	0.000
7	I	0.000	0.228	0.001	0.227	0.000
8	T	0.000	0.228	0.001	0.227	0.000
9	G	0.000	0.228	0.000	0.228	0.000
10	G	0.000	0.228	0.000	0.227	0.001
11	T	0.000	0.228	0.000	0.100	0.128
12	S	0.000	0.228	0.000	0.066	0.162
13	G	0.000	0.228	0.000	0.060	0.168
14	I	0.009	0.218	0.000	0.054	0.164
15	G	0.000	0.218	0.000	0.023	0.195
16	L	0.106	0.113	0.000	0.021	0.092
17	D	0.012	0.101	0.000	0.000	0.101
18	V	0.000	0.101	0.000	0.000	0.101
19	A	0.000	0.101	0.000	0.000	0.101
20	Q	0.067	0.034	0.000	0.000	0.034
21	Q	0.002	0.032	0.000	0.000	0.032
22	L	0.032	0.000	0.000	0.000	0.000
23	D	0.000	0.000	0.000	0.000	0.000
24	V	0.000	0.000	0.000	0.000	0.000
25	T	0.000	0.000	0.000	0.000	0.000
26	G	0.000	0.000	0.000	0.000	0.000
27	L	0.000	0.000	0.000	0.000	0.000
28	W	0.000	0.000	0.000	0.000	0.000
29	K	0.000	0.000	0.000	0.000	0.000
30	I	0.000	0.000	0.000	0.000	0.000
31	H	0.000	0.000	0.000	0.000	0.000
32	I	0.000	0.000	0.000	0.000	0.000
33	I	0.000	0.000	0.000	0.000	0.000
34	G	0.000	0.000	0.000	0.000	0.000
35	S	0.000	0.000	0.000	0.000	0.000
36	N	0.000	0.000	0.000	0.000	0.000
37	L	0.000	0.000	0.000	0.000	0.000
38	K	0.000	0.000	0.000	0.000	0.000
39	R	0.000	0.000	0.000	0.000	0.000
40	G	0.000	0.000	0.000	0.000	0.000
>XP_001398487.1
pos	aa	C	S	n-reg	h-reg	c-reg
1	M	0.000	0.775	0.775	0.000	0.000
2	A	0.000	0.775	0.775	0.000	0.000
3	E	0.000	0.775	0.774	0.001	0.000
4	P	0.000	0.775	0.754	0.020	0.000
5	I	0.000	0.775	0.634	0.141	0.000
6	G	0.000	0.775	0.517	0.258	0.000
7	L	0.000	0.775	0.291	0.484	0.000
8	A	0.000	0.775	0.230	0.544	0.000
9	S	0.000	0.775	0.172	0.603	0.000
10	G	0.000	0.775	0.116	0.659	0.000
11	I	0.000	0.775	0.034	0.741	0.000
12	L	0.000	0.775	0.001	0.773	0.001
13	A	0.000	0.775	0.000	0.768	0.007
14	L	0.000	0.775	0.000	0.733	0.041
15	A	0.000	0.775	0.000	0.691	0.084
16	T	0.002	0.773	0.000	0.584	0.189
17	F	0.000	0.773	0.000	0.456	0.317
18	A	0.000	0.773	0.000	0.315	0.458
19	F	0.095	0.678	0.000	0.246	0.432
20	H	0.000	0.678	0.000	0.025	0.653
21	G	0.000	0.678	0.000	0.001	0.677
22	T	0.005	0.673	0.000	0.000	0.673
23	V	0.002	0.671	0.000	0.000	0.671
24	S	0.000	0.671	0.000	0.000	0.671
25	L	0.501	0.170	0.000	0.000	0.170
26	Y	0.169	0.001	0.000	0.000	0.001
27	E	0.000	0.001	0.000	0.000	0.001
28	T	0.000	0.001	0.000	0.000	0.001
29	V	0.001	0.000	0.000	0.000	0.000
30	N	0.000	0.000	0.000	0.000	0.000
31	N	0.000	0.000	0.000	0.000	0.000
32	F	0.000	0.000	0.000	0.000	0.000
33	R	0.000	0.000	0.000	0.000	0.000
34	S	0.000	0.000	0.000	0.000	0.000
35	H	0.000	0.000	0.000	0.000	0.000
36	P	0.000	0.000	0.000	0.000	0.000
37	K	0.000	0.000	0.000	0.000	0.000
38	R	0.000	0.000	0.000	0.000	0.000
39	V	0.000	0.000	0.000	0.000	0.000
40	R	0.000	0.000	0.000	0.000	0.000
>XP_001398495.1
pos	aa	C	S	n-reg	h-reg	c-reg
1	M	0.000	0.870	0.870	0.000	0.000
2	A	0.000	0.870	0.870	0.000	0.000
3	A	0.000	0.870	0.869	0.001	0.000
4	P	0.000	0.870	0.867	0.004	0.000
5	S	0.000	0.870	0.845	0.026	0.000
6	F	0.000	0.870	0.547	0.324	0.000
7	V	0.000	0.870	0.406	0.465	0.000
8	N	0.000	0.870	0.388	0.482	0.000
9	A	0.000	0.870	0.200	0.671	0.000
10	I	0.000	0.870	0.013	0.857	0.000
11	L	0.000	0.870	0.003	0.868	0.000
12	I	0.000	0.870	0.001	0.869	0.000
13	T	0.000	0.870	0.001	0.869	0.000
14	V	0.000	0.870	0.000	0.868	0.003
15	L	0.000	0.870	0.000	0.852	0.018
16	L	0.000	0.870	0.000	0.835	0.036
17	F	0.001	0.870	0.000	0.763	0.107
18	P	0.000	0.870	0.000	0.050	0.820
19	I	0.000	0.870	0.000	0.043	0.827
20	L	0.000	0.870	0.000	0.036	0.834
21	L	0.000	0.870	0.000	0.032	0.837
22	A	0.015	0.855	0.000	0.002	0.852
23	L	0.807	0.047	0.000	0.001	0.046
24	K	0.010	0.037	0.000	0.000	0.037
25	R	0.000	0.037	0.000	0.000	0.037
26	L	0.000	0.037	0.000	0.000	0.037
27	Y	0.034	0.003	0.000	0.000	0.003
28	F	0.000	0.003	0.000	0.000	0.003
29	H	0.000	0.003	0.000	0.000	0.003
30	P	0.000	0.003	0.000	0.000	0.003
31	L	0.000	0.003	0.000	0.000	0.003
32	S	0.000	0.003	0.000	0.000	0.003
33	R	0.000	0.003	0.000	0.000	0.003
34	Y	0.000	0.003	0.000	0.000	0.003
35	N	0.000	0.003	0.000	0.000	0.003
36	G	0.000	0.003	0.000	0.000	0.003
37	P	0.000	0.003	0.000	0.000	0.003
38	L	0.000	0.003	0.000	0.000	0.003
39	L	0.000	0.003	0.000	0.000	0.003
40	W	0.000	0.003	0.000	0.000	0.003
>XP_001398510.2
pos	aa	C	S	n-reg	h-reg	c-reg
1	M	0.000	0.994	0.994	0.000	0.000
2	I	0.000	0.994	0.994	0.000	0.000
3	L	0.000	0.994	0.994	0.000	0.000
4	K	0.000	0.994	0.994	0.000	0.000
5	V	0.000	0.994	0.985	0.010	0.000
6	M	0.000	0.994	0.975	0.019	0.000
7	L	0.000	0.994	0.965	0.029	0.000
8	R	0.000	0.994	0.963	0.031	0.000
9	G	0.000	0.994	0.823	0.171	0.000
10	H	0.000	0.994	0.712	0.282	0.000
11	L	0.000	0.994	0.143	0.852	0.000
12	L	0.000	0.994	0.002	0.992	0.000
13	L	0.000	0.994	0.000	0.994	0.000
14	L	0.000	0.994	0.000	0.994	0.000
15	A	0.000	0.994	0.000	0.990	0.004
16	I	0.000	0.994	0.000	0.988	0.007
17	G	0.000	0.994	0.000	0.921	0.073
18	W	0.000	0.994	0.000	0.876	0.118
19	A	0.000	0.994	0.000	0.760	0.235
20	G	0.006	0.989	0.000	0.064	0.925
21	V	0.000	0.989	0.000	0.044	0.945
22	L	0.000	0.989	0.000	0.009	0.980
23	H	0.001	0.988	0.000	0.000	0.987
24	A	0.000	0.988	0.000	0.000	0.988
25	L	0.954	0.033	0.000	0.000	0.033
26	P	0.000	0.033	0.000	0.000	0.033
27	N	0.032	0.001	0.000	0.000	0.001
28	P	0.000	0.001	0.000	0.000	0.001
29	Q	0.001	0.000	0.000	0.000	0.000
30	R	0.000	0.000	0.000	0.000	0.000
31	R	0.000	0.000	0.000	0.000	0.000
32	G	0.000	0.000	0.000	0.000	0.000
33	T	0.000	0.000	0.000	0.000	0.000
34	I	0.000	0.000	0.000	0.000	0.000
35	N	0.000	0.000	0.000	0.000	0.000
36	K	0.000	0.000	0.000	0.000	0.000
37	R	0.000	0.000	0.000	0.000	0.000
38	L	0.000	0.000	0.000	0.000	0.000
39	Q	0.000	0.000	0.000	0.000	0.000
40	F	0.000	0.000	0.000	0.000	0.000
>XP_001398512.1
pos	aa	C	S	n-reg	h-reg	c-reg
1	M	0.000	0.801	0.801	0.000	0.000
2	S	0.000	0.864	0.864	0.000	0.000
3	E	0.000	0.864	0.864	0.000	0.000
4	S	0.000	0.864	0.863	0.002	0.000
5	L	0.000	0.864	0.860	0.004	0.000
6	P	0.000	0.864	0.859	0.005	0.000
7	L	0.000	0.864	0.849	0.015	0.000
8	V	0.000	0.864	0.847	0.017	0.000
9	G	0.000	0.864	0.846	0.018	0.000
10	R	0.000	0.864	0.843	0.021	0.000
11	S	0.000	0.864	0.646	0.219	0.000
12	L	0.000	0.864	0.326	0.539	0.000
13	A	0.000	0.864	0.222	0.642	0.000
14	I	0.000	0.864	0.088	0.775	0.001
15	F	0.000	0.864	0.044	0.816	0.004
16	V	0.000	0.864	0.032	0.826	0.007
17	V	0.000	0.864	0.028	0.828	0.008
18	A	0.000	0.864	0.026	0.827	0.011
19	A	0.002	0.862	0.026	0.798	0.038
20	V	0.005	0.857	0.025	0.776	0.056
21	M	0.000	0.857	0.025	0.657	0.175
22	M	0.000	0.857	0.025	0.507	0.325
23	G	0.000	0.857	0.025	0.353	0.479
24	I	0.032	0.824	0.024	0.259	0.541
25	G	0.000	0.822	0.024	0.199	0.600
26	T	0.033	0.788	0.023	0.063	0.702
27	V	0.011	0.776	0.022	0.059	0.694
28	A	0.000	0.773	0.022	0.055	0.696
29	V	0.216	0.554	0.022	0.051	0.480
30	A	0.000	0.545	0.022	0.043	0.480
31	L	0.459	0.076	0.022	0.032	0.022
32	R	0.005	0.042	0.022	0.003	0.017
33	T	0.000	0.042	0.022	0.003	0.017
34	F	0.003	0.039	0.022	0.002	0.014
35	V	0.000	0.039	0.022	0.002	0.015
36	R	0.000	0.039	0.022	0.001	0.016
37	V	0.000	0.039	0.022	0.000	0.016
38	H	0.000	0.039	0.022	0.000	0.016
39	L	0.000	0.039	0.022	0.000	0.016
40	V	0.001	0.038	0.022	0.000	0.016
>XP_001398513.1
pos	aa	C	S	n-reg	h-reg	c-reg
1	M	0.000	0.478	0.478	0.000	0.000
2	T	0.000	0.478	0.478	0.000	0.000
3	D	0.000	0.478	0.478	0.000	0.000
4	S	0.000	0.478	0.478	0.000	0.000
5	I	0.000	0.478	0.478	0.000	0.000
6	A	0.000	0.478	0.478	0.000	0.000
7	R	0.000	0.478	0.478	0.000	0.000
8	K	0.000	0.478	0.478	0.000	0.000
9	P	0.000	0.478	0.466	0.012	0.000
10	Y	0.000	0.478	0.401	0.077	0.000
11	F	0.000	0.478	0.196	0.283	0.000
12	G	0.000	0.478	0.111	0.367	0.000
13	L	0.000	0.478	0.027	0.452	0.000
14	V	0.000	0.478	0.010	0.468	0.000
15	G	0.000	0.478	0.003	0.475	0.000
16	G	0.000	0.478	0.002	0.476	0.000
17	W	0.000	0.478	0.001	0.477	0.000
18	L	0.000	0.478	0.000	0.477	0.001
19	T	0.000	0.478	0.000	0.429	0.049
20	F	0.000	0.478	0.000	0.376	0.103
21	W	0.000	0.478	0.000	0.306	0.172
22	I	0.000	0.478	0.000	0.257	0.222
23	T	0.000	0.478	0.000	0.020	0.458
24	V	0.000	0.478	0.000	0.008	0.470
25	A	0.000	0.478	0.000	0.003	0.475
26	C	0.015	0.463	0.000	0.002	0.461
27	A	0.022	0.441	0.000	0.001	0.440
28	T	0.431	0.009	0.000	0.000	0.009
29	D	0.007	0.003	0.000	0.000	0.002
30	M	0.000	0.003	0.000	0.000	0.002
31	T	0.000	0.003	0.000	0.000	0.002
32	L	0.000	0.002	0.000	0.000	0.002
33	F	0.000	0.002	0.000	0.000	0.002
34	G	0.000	0.002	0.000	0.000	0.002
35	Y	0.001	0.001	0.000	0.000	0.001
36	D	0.000	0.001	0.000	0.000	0.001
37	Q	0.000	0.001	0.000	0.000	0.001
38	G	0.000	0.001	0.000	0.000	0.001
39	V	0.000	0.001	0.000	0.000	0.001
40	F	0.000	0.001	0.000	0.000	0.001
>XP_001398522.1
pos	aa	C	S	n-reg	h-reg	c-reg
1	M	0.000	0.847	0.847	0.000	0.000
2	R	0.000	0.847	0.847	0.000	0.000
3	S	0.000	0.847	0.843	0.004	0.000
4	H	0.000	0.847	0.807	0.039	0.000
5	L	0.000	0.847	0.613	0.233	0.000
6	Q	0.000	0.847	0.563	0.284	0.000
7	S	0.000	0.847	0.325	0.522	0.000
8	A	0.000	0.847	0.017	0.830	0.000
9	V	0.000	0.847	0.001	0.846	0.000
10	I	0.000	0.847	0.000	0.847	0.000
11	F	0.000	0.847	0.000	0.847	0.000
12	S	0.000	0.847	0.000	0.845	0.002
13	L	0.000	0.847	0.000	0.839	0.008
14	C	0.000	0.847	0.000	0.827	0.020
15	L	0.000	0.847	0.000	0.803	0.043
16	G	0.000	0.847	0.000	0.043	0.803
17	P	0.000	0.846	0.000	0.008	0.839
18	A	0.000	0.846	0.000	0.001	0.846
19	V	0.003	0.844	0.000	0.000	0.843
20	A	0.000	0.844	0.000	0.000	0.844
21	T	0.806	0.037	0.000	0.000	0.037
22	P	0.005	0.032	0.000	0.000	0.032
23	Y	0.032	0.000	0.000	0.000	0.000
24	I	0.000	0.000	0.000	0.000	0.000
25	Y	0.000	0.000	0.000	0.000	0.000
26	H	0.000	0.000	0.000	0.000	0.000
27	R	0.000	0.000	0.000	0.000	0.000
28	R	0.000	0.000	0.000	0.000	0.000
29	P	0.000	0.000	0.000	0.000	0.000
30	V	0.000	0.000	0.000	0.000	0.000
31	L	0.000	0.000	0.000	0.000	0.000
32	Q	0.000	0.000	0.000	0.000	0.000
33	E	0.000	0.000	0.000	0.000	0.000
34	Y	0.000	0.000	0.000	0.000	0.000
35	L	0.000	0.000	0.000	0.000	0.000
36	G	0.000	0.000	0.000	0.000	0.000
37	P	0.000	0.000	0.000	0.000	0.000
38	E	0.000	0.000	0.000	0.000	0.000
39	A	0.000	0.000	0.000	0.000	0.000
40	D	0.000	0.000	0.000	0.000	0.000
>XP_001398526.2
pos	aa	C	S	n-reg	h-reg	c-reg
1	M	0.000	0.002	0.002	0.000	0.000
2	G	0.000	0.824	0.824	0.000	0.000
3	Y	0.000	0.824	0.824	0.000	0.000
4	N	0.000	0.824	0.824	0.000	0.000
5	L	0.000	0.824	0.824	0.000	0.000
6	T	0.000	0.824	0.824	0.000	0.000
7	A	0.000	0.824	0.824	0.000	0.000
8	E	0.000	0.824	0.824	0.000	0.000
9	M	0.000	0.824	0.824	0.000	0.000
10	F	0.000	0.824	0.824	0.000	0.000
11	S	0.000	0.824	0.824	0.000	0.000
12	E	0.000	0.824	0.824	0.000	0.000
13	W	0.000	0.824	0.824	0.000	0.000
14	A	0.000	0.824	0.824	0.000	0.000
15	I	0.000	0.824	0.824	0.000	0.000
16	G	0.000	0.824	0.824	0.000	0.000
17	L	0.000	0.824	0.824	0.000	0.000
18	V	0.000	0.824	0.824	0.000	0.000
19	F	0.000	0.824	0.824	0.000	0.000
20	I	0.000	0.824	0.824	0.000	0.000
21	A	0.000	0.824	0.824	0.000	0.000
22	V	0.000	0.824	0.824	0.000	0.000
23	R	0.000	0.824	0.824	0.000	0.000
24	L	0.000	0.824	0.824	0.000	0.000
25	Y	0.000	0.824	0.824	0.000	0.000
26	T	0.000	0.824	0.824	0.000	0.000
27	R	0.000	0.824	0.824	0.000	0.000
28	F	0.000	0.824	0.824	0.000	0.000
29	S	0.000	0.824	0.824	0.000	0.000
30	V	0.000	0.824	0.824	0.000	0.000
31	D	0.000	0.824	0.824	0.000	0.000
32	R	0.000	0.824	0.824	0.000	0.000
33	G	0.000	0.824	0.824	0.000	0.000
34	M	0.000	0.824	0.824	0.000	0.000
35	F	0.000	0.824	0.824	0.000	0.000
36	R	0.000	0.824	0.824	0.000	0.000
37	W	0.000	0.824	0.824	0.000	0.000
38	D	0.000	0.824	0.823	0.001	0.000
39	D	0.000	0.824	0.812	0.012	0.000
40	V	0.000	0.824	0.295	0.529	0.000
>XP_001398531.1
pos	aa	C	S	n-reg	h-reg	c-reg
1	M	0.000	0.948	0.948	0.000	0.000
2	R	0.000	0.949	0.949	0.000	0.000
3	F	0.000	0.949	0.919	0.030	0.000
4	T	0.000	0.949	0.898	0.051	0.000
5	Q	0.000	0.949	0.855	0.094	0.000
6	F	0.000	0.949	0.486	0.463	0.000
7	F	0.000	0.949	0.405	0.544	0.000
8	N	0.000	0.949	0.380	0.569	0.000
9	Y	0.000	0.949	0.114	0.835	0.000
10	L	0.000	0.949	0.033	0.916	0.000
11	A	0.000	0.949	0.018	0.931	0.000
12	V	0.000	0.949	0.009	0.939	0.001
13	G	0.000	0.949	0.006	0.920	0.023
14	S	0.000	0.949	0.003	0.817	0.128
15	L	0.000	0.949	0.001	0.793	0.155
16	A	0.000	0.949	0.000	0.737	0.212
17	G	0.001	0.948	0.000	0.169	0.779
18	I	0.000	0.948	0.000	0.141	0.807
19	A	0.000	0.948	0.000	0.114	0.834
20	A	0.002	0.946	0.000	0.087	0.858
21	A	0.020	0.926	0.000	0.033	0.893
22	A	0.793	0.133	0.000	0.011	0.122
23	P	0.002	0.131	0.000	0.005	0.126
24	L	0.011	0.119	0.000	0.002	0.117
25	G	0.001	0.118	0.000	0.001	0.117
26	T	0.004	0.114	0.000	0.000	0.114
27	R	0.010	0.104	0.000	0.000	0.104
28	T	0.000	0.104	0.000	0.000	0.104
29	L	0.102	0.002	0.000	0.000	0.002
30	E	0.000	0.001	0.000	0.000	0.001
31	V	0.000	0.001	0.000	0.000	0.001
32	E	0.000	0.001	0.000	0.000	0.001
33	A	0.000	0.001	0.000	0.000	0.001
34	G	0.001	0.001	0.000	0.000	0.001
35	E	0.000	0.001	0.000	0.000	0.001
36	H	0.000	0.001	0.000	0.000	0.001
37	L	0.000	0.001	0.000	0.000	0.001
38	A	0.000	0.001	0.000	0.000	0.001
39	S	0.000	0.001	0.000	0.000	0.001
40	R	0.000	0.001	0.000	0.000	0.001
>XP_001398541.1
pos	aa	C	S	n-reg	h-reg	c-reg
1	M	0.000	0.841	0.841	0.000	0.000
2	T	0.000	0.972	0.972	0.000	0.000
3	F	0.000	0.972	0.972	0.000	0.000
4	R	0.000	0.972	0.972	0.000	0.000
5	R	0.000	0.972	0.972	0.000	0.000
6	P	0.000	0.972	0.972	0.000	0.000
7	R	0.000	0.972	0.972	0.000	0.000
8	I	0.000	0.972	0.971	0.001	0.000
9	W	0.000	0.972	0.971	0.001	0.000
10	R	0.000	0.972	0.970	0.001	0.000
11	R	0.000	0.972	0.958	0.013	0.000
12	F	0.000	0.972	0.345	0.626	0.000
13	L	0.000	0.972	0.095	0.877	0.000
14	L	0.000	0.972	0.026	0.945	0.000
15	I	0.000	0.972	0.008	0.964	0.000
16	L	0.000	0.972	0.003	0.969	0.000
17	G	0.000	0.972	0.002	0.969	0.001
18	A	0.000	0.972	0.001	0.970	0.001
19	S	0.000	0.972	0.000	0.965	0.006
20	A	0.000	0.972	0.000	0.909	0.063
21	I	0.001	0.971	0.000	0.880	0.091
22	L	0.000	0.971	0.000	0.693	0.278
23	F	0.003	0.968	0.000	0.504	0.464
24	L	0.000	0.965	0.000	0.196	0.769
25	L	0.020	0.931	0.000	0.156	0.775
26	C	0.004	0.884	0.000	0.091	0.793
27	R	0.698	0.115	0.000	0.002	0.113
28	N	0.000	0.115	0.000	0.000	0.115
29	D	0.000	0.115	0.000	0.000	0.115
30	K	0.000	0.115	0.000	0.000	0.115
31	P	0.000	0.115	0.000	0.000	0.115
32	R	0.007	0.108	0.000	0.000	0.108
33	W	0.000	0.108	0.000	0.000	0.108
34	L	0.000	0.108	0.000	0.000	0.108
35	A	0.005	0.102	0.000	0.000	0.102
36	A	0.016	0.086	0.000	0.000	0.086
37	R	0.021	0.066	0.000	0.000	0.066
38	R	0.000	0.066	0.000	0.000	0.066
39	A	0.000	0.066	0.000	0.000	0.066
40	H	0.005	0.061	0.000	0.000	0.061
>XP_001398562.1
pos	aa	C	S	n-reg	h-reg	c-reg
1	M	0.000	0.970	0.970	0.000	0.000
2	T	0.000	0.990	0.990	0.000	0.000
3	D	0.000	0.990	0.990	0.000	0.000
4	H	0.000	0.990	0.990	0.000	0.000
5	S	0.000	0.990	0.990	0.000	0.000
6	A	0.000	0.990	0.988	0.002	0.000
7	A	0.000	0.990	0.981	0.010	0.000
8	V	0.000	0.990	0.976	0.014	0.000
9	K	0.000	0.990	0.974	0.016	0.000
10	V	0.000	0.990	0.462	0.528	0.000
11	V	0.000	0.990	0.248	0.742	0.000
12	T	0.000	0.990	0.167	0.824	0.000
13	C	0.000	0.990	0.058	0.932	0.000
14	F	0.000	0.990	0.024	0.966	0.000
15	L	0.000	0.990	0.015	0.975	0.000
16	L	0.000	0.990	0.013	0.977	0.000
17	I	0.000	0.990	0.013	0.977	0.000
18	V	0.000	0.990	0.013	0.954	0.023
19	S	0.000	0.990	0.013	0.818	0.159
20	F	0.000	0.990	0.013	0.781	0.196
21	I	0.000	0.990	0.013	0.660	0.318
22	A	0.000	0.990	0.013	0.216	0.761
23	V	0.001	0.989	0.013	0.168	0.809
24	V	0.000	0.989	0.013	0.052	0.923
25	A	0.000	0.988	0.013	0.025	0.949
26	C	0.092	0.894	0.013	0.019	0.863
27	L	0.565	0.327	0.013	0.016	0.298
28	T	0.010	0.312	0.013	0.010	0.289
29	T	0.268	0.039	0.013	0.005	0.021
30	N	0.014	0.021	0.013	0.000	0.008
31	W	0.000	0.021	0.013	0.000	0.008
32	Q	0.000	0.021	0.013	0.000	0.008
33	V	0.001	0.019	0.013	0.000	0.006
34	L	0.000	0.019	0.013	0.000	0.006
35	R	0.000	0.019	0.013	0.000	0.006
36	R	0.000	0.019	0.013	0.000	0.006
37	K	0.000	0.019	0.013	0.000	0.006
38	V	0.000	0.019	0.011	0.002	0.006
39	S	0.000	0.019	0.010	0.003	0.006
40	S	0.000	0.019	0.008	0.005	0.006
>XP_001398563.1
pos	aa	C	S	n-reg	h-reg	c-reg
1	M	0.000	1.000	1.000	0.000	0.000
2	R	0.000	1.000	1.000	0.000	0.000
3	A	0.000	1.000	0.674	0.326	0.000
4	A	0.000	1.000	0.325	0.675	0.000
5	T	0.000	1.000	0.097	0.903	0.000
6	L	0.000	1.000	0.012	0.988	0.000
7	L	0.000	1.000	0.001	0.999	0.000
8	L	0.000	1.000	0.000	1.000	0.000
9	V	0.000	1.000	0.000	1.000	0.000
10	A	0.000	1.000	0.000	0.999	0.001
11	L	0.000	1.000	0.000	0.963	0.037
12	S	0.000	1.000	0.000	0.842	0.158
13	A	0.000	1.000	0.000	0.226	0.774
14	V	0.000	1.000	0.000	0.131	0.869
15	A	0.000	1.000	0.000	0.016	0.984
16	L	0.007	0.993	0.000	0.013	0.980
17	A	0.008	0.985	0.000	0.003	0.982
18	L	0.912	0.073	0.000	0.001	0.072
19	P	0.000	0.073	0.000	0.000	0.073
20	T	0.061	0.012	0.000	0.000	0.012
21	T	0.001	0.011	0.000	0.000	0.011
22	N	0.006	0.005	0.000	0.000	0.005
23	N	0.000	0.005	0.000	0.000	0.005
24	V	0.000	0.005	0.000	0.000	0.005
25	E	0.000	0.005	0.000	0.000	0.005
26	R	0.000	0.005	0.000	0.000	0.005
27	A	0.000	0.005	0.000	0.000	0.005
28	A	0.000	0.004	0.000	0.000	0.004
29	A	0.000	0.004	0.000	0.000	0.004
30	D	0.004	0.001	0.000	0.000	0.001
31	A	0.000	0.001	0.000	0.000	0.001
32	N	0.001	0.000	0.000	0.000	0.000
33	V	0.000	0.000	0.000	0.000	0.000
34	R	0.000	0.000	0.000	0.000	0.000
35	Q	0.000	0.000	0.000	0.000	0.000
36	M	0.000	0.000	0.000	0.000	0.000
37	D	0.000	0.000	0.000	0.000	0.000
38	E	0.000	0.000	0.000	0.000	0.000
39	L	0.000	0.000	0.000	0.000	0.000
40	T	0.000	0.000	0.000	0.000	0.000
>XP_001398573.1
pos	aa	C	S	n-reg	h-reg	c-reg
1	M	0.000	0.909	0.909	0.000	0.000
2	L	0.000	0.909	0.909	0.000	0.000
3	S	0.000	0.909	0.648	0.260	0.000
4	L	0.000	0.909	0.024	0.884	0.000
5	L	0.000	0.909	0.010	0.898	0.000
6	I	0.000	0.909	0.003	0.905	0.000
7	S	0.000	0.909	0.002	0.906	0.000
8	A	0.000	0.909	0.001	0.907	0.000
9	A	0.000	0.909	0.001	0.908	0.000
10	A	0.000	0.909	0.000	0.908	0.001
11	A	0.000	0.909	0.000	0.862	0.047
12	T	0.000	0.909	0.000	0.107	0.802
13	L	0.000	0.909	0.000	0.078	0.831
14	A	0.000	0.909	0.000	0.021	0.888
15	S	0.007	0.901	0.000	0.013	0.889
16	A	0.002	0.899	0.000	0.008	0.891
17	L	0.870	0.029	0.000	0.006	0.023
18	E	0.005	0.025	0.000	0.001	0.024
19	L	0.000	0.025	0.000	0.000	0.024
20	P	0.001	0.023	0.000	0.000	0.023
21	Q	0.003	0.021	0.000	0.000	0.021
22	G	0.000	0.020	0.000	0.000	0.020
23	Y	0.011	0.009	0.000	0.000	0.009
24	S	0.000	0.009	0.000	0.000	0.009
25	P	0.005	0.004	0.000	0.000	0.004
26	D	0.004	0.001	0.000	0.000	0.001
27	P	0.000	0.001	0.000	0.000	0.001
28	V	0.000	0.000	0.000	0.000	0.000
29	S	0.000	0.000	0.000	0.000	0.000
30	C	0.000	0.000	0.000	0.000	0.000
31	P	0.000	0.000	0.000	0.000	0.000
32	T	0.000	0.000	0.000	0.000	0.000
33	N	0.000	0.000	0.000	0.000	0.000
34	L	0.000	0.000	0.000	0.000	0.000
35	S	0.000	0.000	0.000	0.000	0.000
36	W	0.000	0.000	0.000	0.000	0.000
37	I	0.000	0.000	0.000	0.000	0.000
38	R	0.000	0.000	0.000	0.000	0.000
39	P	0.000	0.000	0.000	0.000	0.000
40	A	0.000	0.000	0.000	0.000	0.000
