>XP_001399127.1
pos	aa	C	S	n-reg	h-reg	c-reg
1	M	0.000	0.906	0.906	0.000	0.000
2	W	0.000	0.993	0.993	0.000	0.000
3	I	0.000	0.993	0.970	0.024	0.000
4	L	0.000	0.993	0.948	0.045	0.000
5	P	0.000	0.993	0.940	0.053	0.000
6	L	0.000	0.993	0.798	0.196	0.000
7	V	0.000	0.993	0.692	0.301	0.000
8	G	0.000	0.993	0.642	0.352	0.000
9	Y	0.000	0.993	0.521	0.473	0.000
10	L	0.000	0.993	0.216	0.777	0.000
11	G	0.000	0.993	0.139	0.853	0.001
12	V	0.000	0.993	0.037	0.955	0.001
13	I	0.000	0.993	0.012	0.978	0.003
14	V	0.000	0.993	0.002	0.982	0.010
15	G	0.000	0.993	0.001	0.946	0.046
16	F	0.001	0.993	0.001	0.920	0.072
17	A	0.000	0.993	0.000	0.857	0.135
18	F	0.004	0.988	0.000	0.764	0.224
19	L	0.000	0.988	0.000	0.714	0.274
20	T	0.003	0.985	0.000	0.466	0.519
21	L	0.000	0.984	0.000	0.437	0.547
22	A	0.002	0.979	0.000	0.110	0.869
23	I	0.082	0.894	0.000	0.092	0.802
24	A	0.000	0.886	0.000	0.074	0.812
25	S	0.348	0.528	0.000	0.063	0.465
26	G	0.008	0.515	0.000	0.058	0.457
27	L	0.449	0.063	0.000	0.055	0.008
28	Y	0.003	0.050	0.000	0.045	0.005
29	Y	0.000	0.042	0.000	0.037	0.005
30	L	0.000	0.035	0.000	0.030	0.005
31	S	0.001	0.014	0.000	0.010	0.004
32	E	0.001	0.003	0.000	0.000	0.003
33	L	0.000	0.003	0.000	0.000	0.003
34	V	0.001	0.003	0.000	0.000	0.002
35	E	0.000	0.003	0.000	0.000	0.002
36	E	0.000	0.003	0.000	0.000	0.002
37	H	0.000	0.003	0.000	0.000	0.002
38	T	0.000	0.003	0.000	0.000	0.002
39	V	0.000	0.003	0.000	0.000	0.002
40	L	0.000	0.003	0.000	0.000	0.002
>XP_001399144.1
pos	aa	C	S	n-reg	h-reg	c-reg
1	M	0.000	0.193	0.193	0.000	0.000
2	L	0.000	0.197	0.197	0.000	0.000
3	S	0.000	0.197	0.197	0.000	0.000
4	L	0.000	0.197	0.197	0.000	0.000
5	R	0.000	0.197	0.197	0.000	0.000
6	G	0.000	0.197	0.196	0.001	0.000
7	K	0.000	0.197	0.195	0.002	0.000
8	P	0.000	0.197	0.157	0.040	0.000
9	L	0.000	0.197	0.033	0.163	0.000
10	V	0.000	0.197	0.013	0.184	0.000
11	Y	0.000	0.197	0.011	0.186	0.000
12	L	0.000	0.197	0.005	0.191	0.000
13	V	0.000	0.197	0.002	0.194	0.000
14	T	0.000	0.197	0.001	0.195	0.001
15	V	0.000	0.197	0.001	0.195	0.001
16	V	0.000	0.197	0.000	0.171	0.026
17	S	0.000	0.197	0.000	0.107	0.089
18	S	0.000	0.197	0.000	0.035	0.161
19	T	0.003	0.194	0.000	0.030	0.164
20	G	0.005	0.189	0.000	0.026	0.162
21	F	0.059	0.129	0.000	0.016	0.114
22	C	0.000	0.129	0.000	0.013	0.116
23	L	0.067	0.063	0.000	0.012	0.051
24	F	0.002	0.060	0.000	0.007	0.053
25	G	0.000	0.059	0.000	0.002	0.057
26	Y	0.038	0.020	0.000	0.001	0.019
27	D	0.000	0.019	0.000	0.000	0.019
28	N	0.000	0.019	0.000	0.000	0.019
29	G	0.000	0.019	0.000	0.000	0.019
30	L	0.004	0.015	0.000	0.000	0.015
31	M	0.000	0.015	0.000	0.000	0.015
32	G	0.000	0.015	0.000	0.000	0.015
33	Q	0.013	0.002	0.000	0.000	0.002
34	V	0.000	0.002	0.000	0.000	0.002
35	I	0.000	0.002	0.000	0.000	0.002
36	S	0.000	0.002	0.000	0.000	0.002
37	E	0.002	0.000	0.000	0.000	0.000
38	P	0.000	0.000	0.000	0.000	0.000
39	N	0.000	0.000	0.000	0.000	0.000
40	F	0.000	0.000	0.000	0.000	0.000
>XP_001399148.2
pos	aa	C	S	n-reg	h-reg	c-reg
1	M	0.000	0.013	0.013	0.000	0.000
2	A	0.000	0.013	0.013	0.000	0.000
3	S	0.000	0.013	0.011	0.001	0.000
4	F	0.000	0.013	0.009	0.004	0.000
5	T	0.000	0.013	0.007	0.005	0.000
6	A	0.000	0.013	0.004	0.009	0.000
7	W	0.000	0.013	0.002	0.011	0.000
8	L	0.000	0.013	0.001	0.012	0.000
9	F	0.000	0.013	0.000	0.012	0.000
10	R	0.000	0.013	0.000	0.012	0.000
11	M	0.000	0.013	0.000	0.012	0.000
12	F	0.000	0.013	0.000	0.012	0.000
13	V	0.000	0.013	0.000	0.012	0.000
14	T	0.000	0.013	0.000	0.010	0.002
15	Y	0.000	0.013	0.000	0.007	0.006
16	I	0.000	0.013	0.000	0.006	0.007
17	R	0.000	0.013	0.000	0.001	0.012
18	R	0.000	0.013	0.000	0.000	0.012
19	S	0.000	0.013	0.000	0.000	0.012
20	R	0.004	0.009	0.000	0.000	0.009
21	L	0.000	0.009	0.000	0.000	0.009
22	V	0.005	0.004	0.000	0.000	0.004
23	F	0.000	0.004	0.000	0.000	0.004
24	G	0.000	0.004	0.000	0.000	0.004
25	S	0.004	0.001	0.000	0.000	0.001
26	A	0.000	0.001	0.000	0.000	0.001
27	E	0.001	0.000	0.000	0.000	0.000
28	N	0.000	0.000	0.000	0.000	0.000
29	M	0.000	0.000	0.000	0.000	0.000
30	R	0.000	0.000	0.000	0.000	0.000
31	N	0.000	0.000	0.000	0.000	0.000
32	N	0.000	0.000	0.000	0.000	0.000
33	M	0.000	0.000	0.000	0.000	0.000
34	R	0.000	0.000	0.000	0.000	0.000
35	E	0.000	0.000	0.000	0.000	0.000
36	L	0.000	0.000	0.000	0.000	0.000
37	Y	0.000	0.000	0.000	0.000	0.000
38	L	0.000	0.000	0.000	0.000	0.000
39	R	0.000	0.000	0.000	0.000	0.000
40	P	0.000	0.000	0.000	0.000	0.000
>XP_001399150.2
pos	aa	C	S	n-reg	h-reg	c-reg
1	M	0.000	0.999	0.999	0.000	0.000
2	M	0.000	0.999	0.999	0.000	0.000
3	N	0.000	0.999	0.998	0.001	0.000
4	R	0.000	0.999	0.992	0.007	0.000
5	T	0.000	0.999	0.708	0.292	0.000
6	L	0.000	0.999	0.053	0.946	0.000
7	L	0.000	0.999	0.008	0.991	0.000
8	L	0.000	0.999	0.001	0.998	0.000
9	G	0.000	0.999	0.000	0.999	0.000
10	L	0.000	0.999	0.000	0.999	0.000
11	A	0.000	0.999	0.000	0.999	0.000
12	A	0.000	0.999	0.000	0.997	0.002
13	A	0.000	0.999	0.000	0.951	0.048
14	G	0.000	0.999	0.000	0.363	0.636
15	L	0.000	0.999	0.000	0.342	0.657
16	V	0.000	0.999	0.000	0.131	0.868
17	S	0.000	0.999	0.000	0.025	0.974
18	A	0.011	0.988	0.000	0.004	0.985
19	K	0.645	0.344	0.000	0.000	0.344
20	A	0.000	0.344	0.000	0.000	0.344
21	T	0.280	0.064	0.000	0.000	0.064
22	V	0.005	0.059	0.000	0.000	0.059
23	T	0.000	0.059	0.000	0.000	0.059
24	S	0.009	0.049	0.000	0.000	0.049
25	M	0.049	0.000	0.000	0.000	0.000
26	F	0.000	0.000	0.000	0.000	0.000
27	I	0.000	0.000	0.000	0.000	0.000
28	Y	0.000	0.000	0.000	0.000	0.000
29	D	0.000	0.000	0.000	0.000	0.000
30	T	0.000	0.000	0.000	0.000	0.000
31	D	0.000	0.000	0.000	0.000	0.000
32	P	0.000	0.000	0.000	0.000	0.000
33	Q	0.000	0.000	0.000	0.000	0.000
34	P	0.000	0.000	0.000	0.000	0.000
35	L	0.000	0.000	0.000	0.000	0.000
36	A	0.000	0.000	0.000	0.000	0.000
37	A	0.000	0.000	0.000	0.000	0.000
38	S	0.000	0.000	0.000	0.000	0.000
39	I	0.000	0.000	0.000	0.000	0.000
40	I	0.000	0.000	0.000	0.000	0.000
>XP_001399153.2
pos	aa	C	S	n-reg	h-reg	c-reg
1	M	0.000	0.954	0.954	0.000	0.000
2	P	0.000	0.955	0.955	0.000	0.000
3	V	0.000	0.955	0.896	0.059	0.000
4	L	0.000	0.955	0.888	0.067	0.000
5	F	0.000	0.955	0.887	0.068	0.000
6	A	0.000	0.955	0.886	0.069	0.000
7	S	0.000	0.955	0.886	0.069	0.000
8	A	0.000	0.955	0.885	0.070	0.000
9	W	0.000	0.955	0.885	0.070	0.000
10	L	0.000	0.955	0.884	0.071	0.000
11	P	0.000	0.955	0.884	0.023	0.048
12	G	0.000	0.955	0.881	0.015	0.059
13	S	0.000	0.955	0.872	0.023	0.060
14	L	0.000	0.955	0.830	0.063	0.062
15	T	0.001	0.955	0.802	0.086	0.067
16	S	0.033	0.921	0.754	0.133	0.034
17	L	0.021	0.900	0.581	0.306	0.013
18	P	0.000	0.900	0.535	0.350	0.015
19	V	0.003	0.897	0.362	0.523	0.012
20	S	0.000	0.897	0.305	0.579	0.012
21	L	0.000	0.896	0.199	0.685	0.012
22	P	0.000	0.896	0.185	0.698	0.013
23	F	0.006	0.890	0.059	0.822	0.009
24	L	0.000	0.890	0.008	0.865	0.017
25	L	0.000	0.890	0.002	0.854	0.034
26	F	0.000	0.890	0.001	0.820	0.069
27	V	0.000	0.890	0.000	0.711	0.179
28	F	0.000	0.890	0.000	0.659	0.231
29	V	0.000	0.890	0.000	0.329	0.561
30	V	0.000	0.890	0.000	0.272	0.618
31	A	0.000	0.890	0.000	0.209	0.681
32	I	0.188	0.702	0.000	0.191	0.511
33	A	0.000	0.701	0.000	0.160	0.542
34	V	0.478	0.223	0.000	0.140	0.083
35	K	0.000	0.222	0.000	0.000	0.222
36	R	0.000	0.222	0.000	0.000	0.222
37	R	0.000	0.222	0.000	0.000	0.222
38	Y	0.000	0.222	0.000	0.000	0.222
39	A	0.000	0.222	0.000	0.000	0.222
40	T	0.216	0.006	0.000	0.000	0.006
>XP_001399157.1
pos	aa	C	S	n-reg	h-reg	c-reg
1	M	0.000	0.941	0.941	0.000	0.000
2	P	0.000	0.941	0.941	0.000	0.000
3	S	0.000	0.941	0.800	0.141	0.000
4	F	0.000	0.941	0.540	0.401	0.000
5	A	0.000	0.941	0.462	0.480	0.000
6	S	0.000	0.941	0.302	0.639	0.000
7	W	0.000	0.941	0.094	0.848	0.000
8	L	0.000	0.941	0.027	0.914	0.000
9	L	0.000	0.941	0.007	0.934	0.000
10	T	0.000	0.941	0.004	0.937	0.000
11	S	0.000	0.941	0.003	0.910	0.027
12	G	0.000	0.941	0.002	0.865	0.074
13	L	0.000	0.941	0.000	0.844	0.097
14	A	0.000	0.941	0.000	0.713	0.228
15	A	0.003	0.938	0.000	0.304	0.634
16	V	0.002	0.936	0.000	0.251	0.685
17	A	0.000	0.936	0.000	0.120	0.816
18	S	0.017	0.920	0.000	0.015	0.904
19	A	0.081	0.838	0.000	0.009	0.829
20	I	0.513	0.325	0.000	0.007	0.318
21	T	0.000	0.325	0.000	0.002	0.322
22	A	0.174	0.151	0.000	0.002	0.150
23	N	0.133	0.018	0.000	0.001	0.018
24	D	0.000	0.018	0.000	0.000	0.018
25	S	0.000	0.018	0.000	0.000	0.018
26	L	0.011	0.007	0.000	0.000	0.007
27	V	0.000	0.007	0.000	0.000	0.007
28	A	0.000	0.007	0.000	0.000	0.007
29	R	0.005	0.002	0.000	0.000	0.002
30	Q	0.000	0.002	0.000	0.000	0.002
31	I	0.001	0.001	0.000	0.000	0.001
32	D	0.000	0.001	0.000	0.000	0.001
33	T	0.000	0.001	0.000	0.000	0.001
34	Q	0.001	0.000	0.000	0.000	0.000
35	P	0.000	0.000	0.000	0.000	0.000
36	F	0.000	0.000	0.000	0.000	0.000
37	P	0.000	0.000	0.000	0.000	0.000
38	Y	0.000	0.000	0.000	0.000	0.000
39	D	0.000	0.000	0.000	0.000	0.000
40	F	0.000	0.000	0.000	0.000	0.000
>XP_001399170.2
pos	aa	C	S	n-reg	h-reg	c-reg
1	M	0.000	0.984	0.984	0.000	0.000
2	H	0.000	0.984	0.984	0.000	0.000
3	F	0.000	0.984	0.979	0.005	0.000
4	H	0.000	0.984	0.973	0.011	0.000
5	H	0.000	0.984	0.948	0.036	0.000
6	Q	0.000	0.984	0.768	0.216	0.000
7	L	0.000	0.984	0.118	0.866	0.000
8	L	0.000	0.984	0.007	0.977	0.000
9	F	0.000	0.984	0.000	0.983	0.000
10	L	0.000	0.984	0.000	0.984	0.000
11	I	0.000	0.984	0.000	0.984	0.000
12	S	0.000	0.984	0.000	0.980	0.004
13	A	0.000	0.984	0.000	0.973	0.011
14	T	0.000	0.984	0.000	0.930	0.054
15	F	0.000	0.984	0.000	0.833	0.151
16	T	0.000	0.984	0.000	0.160	0.823
17	R	0.002	0.982	0.000	0.018	0.964
18	V	0.000	0.982	0.000	0.010	0.972
19	T	0.000	0.982	0.000	0.005	0.977
20	A	0.002	0.980	0.000	0.000	0.980
21	G	0.782	0.198	0.000	0.000	0.198
22	G	0.131	0.067	0.000	0.000	0.067
23	H	0.033	0.033	0.000	0.000	0.033
24	S	0.000	0.033	0.000	0.000	0.033
25	S	0.028	0.006	0.000	0.000	0.006
26	L	0.004	0.002	0.000	0.000	0.002
27	P	0.000	0.002	0.000	0.000	0.002
28	E	0.002	0.000	0.000	0.000	0.000
29	Q	0.000	0.000	0.000	0.000	0.000
30	L	0.000	0.000	0.000	0.000	0.000
31	F	0.000	0.000	0.000	0.000	0.000
32	L	0.000	0.000	0.000	0.000	0.000
33	D	0.000	0.000	0.000	0.000	0.000
34	L	0.000	0.000	0.000	0.000	0.000
35	H	0.000	0.000	0.000	0.000	0.000
36	I	0.000	0.000	0.000	0.000	0.000
37	A	0.000	0.000	0.000	0.000	0.000
38	E	0.000	0.000	0.000	0.000	0.000
39	V	0.000	0.000	0.000	0.000	0.000
40	L	0.000	0.000	0.000	0.000	0.000
>XP_001399171.1
pos	aa	C	S	n-reg	h-reg	c-reg
1	M	0.000	0.998	0.998	0.000	0.000
2	R	0.000	0.998	0.998	0.000	0.000
3	I	0.000	0.998	0.847	0.152	0.000
4	V	0.000	0.998	0.680	0.318	0.000
5	A	0.000	0.998	0.524	0.474	0.000
6	I	0.000	0.998	0.225	0.773	0.000
7	V	0.000	0.998	0.131	0.867	0.000
8	T	0.000	0.998	0.097	0.901	0.000
9	G	0.000	0.998	0.047	0.951	0.000
10	L	0.000	0.998	0.010	0.988	0.000
11	V	0.000	0.998	0.003	0.991	0.005
12	S	0.000	0.998	0.000	0.965	0.034
13	L	0.000	0.998	0.000	0.955	0.044
14	S	0.000	0.998	0.000	0.874	0.124
15	I	0.000	0.998	0.000	0.786	0.212
16	L	0.000	0.998	0.000	0.632	0.366
17	T	0.001	0.998	0.000	0.200	0.798
18	A	0.002	0.996	0.000	0.119	0.877
19	A	0.049	0.947	0.000	0.074	0.873
20	Q	0.152	0.795	0.000	0.001	0.794
21	G	0.004	0.791	0.000	0.000	0.791
22	V	0.174	0.617	0.000	0.000	0.617
23	G	0.000	0.617	0.000	0.000	0.617
24	A	0.081	0.536	0.000	0.000	0.536
25	E	0.532	0.003	0.000	0.000	0.003
26	G	0.000	0.003	0.000	0.000	0.003
27	P	0.003	0.000	0.000	0.000	0.000
28	D	0.000	0.000	0.000	0.000	0.000
29	E	0.000	0.000	0.000	0.000	0.000
30	F	0.000	0.000	0.000	0.000	0.000
31	T	0.000	0.000	0.000	0.000	0.000
32	A	0.000	0.000	0.000	0.000	0.000
33	L	0.000	0.000	0.000	0.000	0.000
34	G	0.000	0.000	0.000	0.000	0.000
35	C	0.000	0.000	0.000	0.000	0.000
36	P	0.000	0.000	0.000	0.000	0.000
37	D	0.000	0.000	0.000	0.000	0.000
38	T	0.000	0.000	0.000	0.000	0.000
39	T	0.000	0.000	0.000	0.000	0.000
40	K	0.000	0.000	0.000	0.000	0.000
>XP_001399173.1
pos	aa	C	S	n-reg	h-reg	c-reg
1	M	0.000	0.795	0.795	0.000	0.000
2	R	0.000	0.795	0.795	0.000	0.000
3	T	0.000	0.795	0.702	0.093	0.000
4	A	0.000	0.795	0.479	0.316	0.000
5	L	0.000	0.795	0.300	0.495	0.000
6	G	0.000	0.795	0.202	0.592	0.000
7	V	0.000	0.795	0.038	0.757	0.000
8	L	0.000	0.795	0.011	0.784	0.000
9	A	0.000	0.795	0.005	0.790	0.000
10	G	0.000	0.795	0.002	0.792	0.000
11	A	0.000	0.795	0.001	0.777	0.017
12	T	0.000	0.795	0.001	0.743	0.051
13	T	0.000	0.795	0.000	0.708	0.087
14	I	0.000	0.795	0.000	0.695	0.099
15	A	0.000	0.795	0.000	0.478	0.317
16	L	0.008	0.786	0.000	0.293	0.493
17	S	0.001	0.785	0.000	0.107	0.678
18	K	0.027	0.758	0.000	0.019	0.739
19	A	0.000	0.758	0.000	0.002	0.757
20	A	0.140	0.619	0.000	0.001	0.618
21	S	0.004	0.615	0.000	0.001	0.614
22	L	0.042	0.573	0.000	0.001	0.572
23	A	0.113	0.460	0.000	0.001	0.460
24	D	0.454	0.006	0.000	0.000	0.006
25	V	0.000	0.006	0.000	0.000	0.006
26	C	0.000	0.006	0.000	0.000	0.006
27	T	0.000	0.006	0.000	0.000	0.006
28	T	0.001	0.006	0.000	0.000	0.006
29	S	0.002	0.004	0.000	0.000	0.004
30	H	0.000	0.003	0.000	0.000	0.003
31	A	0.000	0.003	0.000	0.000	0.003
32	K	0.003	0.000	0.000	0.000	0.000
33	S	0.000	0.000	0.000	0.000	0.000
34	S	0.000	0.000	0.000	0.000	0.000
35	L	0.000	0.000	0.000	0.000	0.000
36	P	0.000	0.000	0.000	0.000	0.000
37	S	0.000	0.000	0.000	0.000	0.000
38	S	0.000	0.000	0.000	0.000	0.000
39	D	0.000	0.000	0.000	0.000	0.000
40	E	0.000	0.000	0.000	0.000	0.000
>XP_001399184.2
pos	aa	C	S	n-reg	h-reg	c-reg
1	M	0.000	0.961	0.961	0.000	0.000
2	T	0.000	0.961	0.961	0.000	0.000
3	P	0.000	0.961	0.961	0.000	0.000
4	S	0.000	0.961	0.961	0.000	0.000
5	P	0.000	0.961	0.960	0.000	0.000
6	S	0.000	0.961	0.960	0.001	0.000
7	K	0.000	0.961	0.958	0.002	0.000
8	T	0.000	0.961	0.827	0.133	0.000
9	S	0.000	0.961	0.593	0.367	0.000
10	L	0.000	0.961	0.148	0.812	0.000
11	A	0.000	0.961	0.065	0.896	0.000
12	L	0.000	0.961	0.015	0.946	0.000
13	L	0.000	0.961	0.003	0.958	0.000
14	A	0.000	0.961	0.001	0.959	0.000
15	V	0.000	0.961	0.001	0.959	0.000
16	Q	0.000	0.961	0.001	0.920	0.040
17	F	0.000	0.961	0.000	0.904	0.056
18	F	0.000	0.961	0.000	0.853	0.108
19	G	0.000	0.961	0.000	0.667	0.294
20	L	0.000	0.961	0.000	0.585	0.375
21	G	0.000	0.961	0.000	0.144	0.816
22	S	0.006	0.954	0.000	0.036	0.918
23	A	0.005	0.950	0.000	0.010	0.939
24	C	0.173	0.776	0.000	0.003	0.773
25	G	0.042	0.735	0.000	0.001	0.734
26	C	0.360	0.375	0.000	0.000	0.375
27	A	0.112	0.263	0.000	0.000	0.263
28	C	0.114	0.149	0.000	0.000	0.148
29	T	0.095	0.054	0.000	0.000	0.054
30	L	0.030	0.024	0.000	0.000	0.024
31	D	0.005	0.019	0.000	0.000	0.019
32	S	0.000	0.019	0.000	0.000	0.019
33	L	0.005	0.014	0.000	0.000	0.014
34	N	0.000	0.014	0.000	0.000	0.014
35	T	0.000	0.014	0.000	0.000	0.014
36	T	0.001	0.014	0.000	0.000	0.014
37	L	0.000	0.014	0.000	0.000	0.014
38	Q	0.000	0.013	0.000	0.000	0.013
39	G	0.003	0.010	0.000	0.000	0.010
40	R	0.006	0.004	0.000	0.000	0.004
>XP_001399197.1
pos	aa	C	S	n-reg	h-reg	c-reg
1	M	0.000	0.030	0.030	0.000	0.000
2	L	0.000	0.030	0.030	0.000	0.000
3	I	0.000	0.030	0.030	0.001	0.000
4	G	0.000	0.030	0.029	0.001	0.000
5	N	0.000	0.030	0.028	0.002	0.000
6	I	0.000	0.030	0.011	0.019	0.000
7	Y	0.000	0.030	0.008	0.023	0.000
8	V	0.000	0.030	0.004	0.027	0.000
9	I	0.000	0.030	0.001	0.029	0.000
10	A	0.000	0.030	0.001	0.029	0.000
11	S	0.000	0.030	0.001	0.029	0.000
12	V	0.000	0.030	0.000	0.030	0.000
13	A	0.000	0.030	0.000	0.029	0.001
14	V	0.000	0.030	0.000	0.028	0.002
15	V	0.000	0.030	0.000	0.027	0.003
16	G	0.000	0.030	0.000	0.024	0.006
17	G	0.000	0.030	0.000	0.003	0.027
18	G	0.001	0.029	0.000	0.002	0.027
19	L	0.001	0.028	0.000	0.002	0.027
20	F	0.000	0.028	0.000	0.002	0.026
21	G	0.000	0.028	0.000	0.001	0.027
22	F	0.026	0.002	0.000	0.000	0.002
23	D	0.000	0.002	0.000	0.000	0.002
24	I	0.000	0.002	0.000	0.000	0.002
25	S	0.000	0.002	0.000	0.000	0.002
26	S	0.000	0.002	0.000	0.000	0.002
27	M	0.000	0.002	0.000	0.000	0.002
28	S	0.000	0.002	0.000	0.000	0.002
29	A	0.000	0.002	0.000	0.000	0.002
30	Q	0.002	0.000	0.000	0.000	0.000
31	L	0.000	0.000	0.000	0.000	0.000
32	S	0.000	0.000	0.000	0.000	0.000
33	E	0.000	0.000	0.000	0.000	0.000
34	N	0.000	0.000	0.000	0.000	0.000
35	S	0.000	0.000	0.000	0.000	0.000
36	Y	0.000	0.000	0.000	0.000	0.000
37	L	0.000	0.000	0.000	0.000	0.000
38	C	0.000	0.000	0.000	0.000	0.000
39	Y	0.000	0.000	0.000	0.000	0.000
40	F	0.000	0.000	0.000	0.000	0.000
>XP_001399199.2
pos	aa	C	S	n-reg	h-reg	c-reg
1	M	0.000	0.864	0.864	0.000	0.000
2	Y	0.000	0.864	0.864	0.000	0.000
3	G	0.000	0.864	0.757	0.107	0.000
4	T	0.000	0.864	0.459	0.405	0.000
5	L	0.000	0.864	0.093	0.771	0.000
6	A	0.000	0.864	0.040	0.824	0.000
7	C	0.000	0.864	0.006	0.858	0.000
8	L	0.000	0.864	0.002	0.862	0.000
9	S	0.000	0.864	0.001	0.863	0.000
10	F	0.000	0.864	0.000	0.863	0.000
11	F	0.000	0.864	0.000	0.859	0.004
12	L	0.000	0.864	0.000	0.843	0.020
13	T	0.000	0.864	0.000	0.301	0.563
14	C	0.000	0.864	0.000	0.254	0.610
15	S	0.000	0.863	0.000	0.122	0.742
16	F	0.001	0.862	0.000	0.072	0.791
17	A	0.000	0.862	0.000	0.017	0.845
18	R	0.584	0.278	0.000	0.004	0.275
19	S	0.000	0.278	0.000	0.000	0.278
20	V	0.050	0.228	0.000	0.000	0.228
21	G	0.000	0.228	0.000	0.000	0.228
22	N	0.071	0.157	0.000	0.000	0.157
23	A	0.000	0.157	0.000	0.000	0.157
24	H	0.143	0.015	0.000	0.000	0.015
25	Q	0.000	0.015	0.000	0.000	0.015
26	H	0.009	0.005	0.000	0.000	0.005
27	T	0.000	0.005	0.000	0.000	0.005
28	A	0.000	0.005	0.000	0.000	0.005
29	R	0.000	0.005	0.000	0.000	0.005
30	T	0.000	0.005	0.000	0.000	0.005
31	T	0.000	0.005	0.000	0.000	0.005
32	A	0.000	0.005	0.000	0.000	0.005
33	Q	0.005	0.000	0.000	0.000	0.000
34	Y	0.000	0.000	0.000	0.000	0.000
35	A	0.000	0.000	0.000	0.000	0.000
36	Q	0.000	0.000	0.000	0.000	0.000
37	K	0.000	0.000	0.000	0.000	0.000
38	Q	0.000	0.000	0.000	0.000	0.000
39	P	0.000	0.000	0.000	0.000	0.000
40	P	0.000	0.000	0.000	0.000	0.000
>XP_001399211.1
pos	aa	C	S	n-reg	h-reg	c-reg
1	M	0.000	1.000	1.000	0.000	0.000
2	K	0.000	1.000	1.000	0.000	0.000
3	S	0.000	1.000	0.734	0.265	0.000
4	F	0.000	1.000	0.313	0.686	0.000
5	I	0.000	1.000	0.178	0.822	0.000
6	A	0.000	1.000	0.085	0.915	0.000
7	L	0.000	1.000	0.018	0.981	0.000
8	S	0.000	1.000	0.012	0.988	0.000
9	L	0.000	1.000	0.002	0.998	0.000
10	L	0.000	1.000	0.001	0.999	0.000
11	A	0.000	1.000	0.001	0.869	0.130
12	T	0.000	1.000	0.001	0.766	0.233
13	A	0.000	1.000	0.001	0.697	0.302
14	L	0.000	0.999	0.001	0.613	0.385
15	G	0.000	0.999	0.001	0.298	0.701
16	A	0.125	0.874	0.001	0.122	0.751
17	P	0.001	0.873	0.001	0.037	0.835
18	T	0.002	0.870	0.001	0.013	0.857
19	A	0.009	0.861	0.001	0.005	0.855
20	T	0.006	0.855	0.001	0.002	0.853
21	H	0.030	0.825	0.001	0.000	0.825
22	Q	0.000	0.825	0.001	0.000	0.825
23	A	0.053	0.772	0.001	0.000	0.771
24	R	0.005	0.767	0.001	0.000	0.767
25	Q	0.000	0.767	0.001	0.000	0.767
26	F	0.003	0.765	0.000	0.000	0.764
27	D	0.000	0.765	0.000	0.000	0.764
28	L	0.000	0.765	0.000	0.000	0.764
29	S	0.000	0.765	0.000	0.000	0.764
30	S	0.000	0.764	0.000	0.000	0.764
31	L	0.000	0.764	0.000	0.000	0.764
32	T	0.000	0.764	0.000	0.000	0.764
33	S	0.000	0.764	0.000	0.000	0.764
34	G	0.000	0.764	0.000	0.001	0.764
35	L	0.000	0.764	0.000	0.001	0.764
36	S	0.000	0.764	0.000	0.000	0.764
37	A	0.001	0.763	0.000	0.000	0.763
38	L	0.001	0.762	0.000	0.000	0.761
39	T	0.000	0.762	0.000	0.000	0.762
40	S	0.000	0.762	0.000	0.000	0.762
>XP_001399212.1
pos	aa	C	S	n-reg	h-reg	c-reg
1	M	0.000	0.943	0.943	0.000	0.000
2	R	0.000	0.943	0.943	0.000	0.000
3	I	0.000	0.943	0.538	0.405	0.000
4	A	0.000	0.943	0.409	0.534	0.000
5	S	0.000	0.943	0.321	0.622	0.000
6	L	0.000	0.943	0.051	0.891	0.000
7	L	0.000	0.943	0.021	0.922	0.000
8	P	0.000	0.943	0.018	0.925	0.000
9	L	0.000	0.943	0.005	0.938	0.000
10	T	0.000	0.943	0.002	0.940	0.001
11	A	0.000	0.943	0.000	0.850	0.092
12	A	0.000	0.943	0.000	0.792	0.150
13	A	0.000	0.943	0.000	0.648	0.295
14	T	0.002	0.941	0.000	0.207	0.734
15	T	0.001	0.941	0.000	0.162	0.778
16	V	0.003	0.937	0.000	0.128	0.809
17	A	0.000	0.937	0.000	0.093	0.844
18	A	0.167	0.771	0.000	0.018	0.753
19	K	0.554	0.217	0.000	0.001	0.216
20	A	0.000	0.217	0.000	0.000	0.217
21	T	0.056	0.161	0.000	0.000	0.160
22	S	0.002	0.158	0.000	0.000	0.158
23	A	0.105	0.054	0.000	0.000	0.054
24	G	0.038	0.015	0.000	0.000	0.015
25	C	0.006	0.010	0.000	0.000	0.010
26	K	0.006	0.003	0.000	0.000	0.003
27	A	0.000	0.003	0.000	0.000	0.003
28	L	0.003	0.000	0.000	0.000	0.000
29	N	0.000	0.000	0.000	0.000	0.000
30	K	0.000	0.000	0.000	0.000	0.000
31	S	0.000	0.000	0.000	0.000	0.000
32	L	0.000	0.000	0.000	0.000	0.000
33	S	0.000	0.000	0.000	0.000	0.000
34	S	0.000	0.000	0.000	0.000	0.000
35	A	0.000	0.000	0.000	0.000	0.000
36	V	0.000	0.000	0.000	0.000	0.000
37	F	0.000	0.000	0.000	0.000	0.000
38	A	0.000	0.000	0.000	0.000	0.000
39	P	0.000	0.000	0.000	0.000	0.000
40	S	0.000	0.000	0.000	0.000	0.000
>XP_001399223.1
pos	aa	C	S	n-reg	h-reg	c-reg
1	M	0.000	0.837	0.837	0.000	0.000
2	P	0.000	0.837	0.837	0.000	0.000
3	T	0.000	0.837	0.825	0.012	0.000
4	S	0.000	0.837	0.758	0.079	0.000
5	T	0.000	0.837	0.603	0.235	0.000
6	L	0.000	0.837	0.237	0.600	0.000
7	L	0.000	0.837	0.157	0.680	0.000
8	W	0.000	0.837	0.140	0.697	0.000
9	S	0.000	0.837	0.104	0.733	0.000
10	V	0.000	0.837	0.057	0.780	0.000
11	G	0.000	0.837	0.046	0.789	0.002
12	S	0.000	0.837	0.026	0.804	0.007
13	L	0.000	0.837	0.002	0.826	0.010
14	A	0.000	0.837	0.000	0.810	0.028
15	L	0.000	0.837	0.000	0.793	0.043
16	S	0.000	0.837	0.000	0.515	0.322
17	S	0.003	0.834	0.000	0.245	0.589
18	M	0.001	0.833	0.000	0.154	0.680
19	V	0.000	0.833	0.000	0.134	0.699
20	L	0.000	0.833	0.000	0.094	0.739
21	P	0.000	0.833	0.000	0.020	0.813
22	A	0.029	0.804	0.000	0.002	0.802
23	A	0.003	0.800	0.000	0.001	0.799
24	A	0.004	0.797	0.000	0.000	0.796
25	S	0.611	0.186	0.000	0.000	0.186
26	S	0.036	0.150	0.000	0.000	0.150
27	Y	0.149	0.001	0.000	0.000	0.001
28	E	0.000	0.001	0.000	0.000	0.001
29	L	0.000	0.001	0.000	0.000	0.001
30	V	0.000	0.001	0.000	0.000	0.001
31	E	0.000	0.001	0.000	0.000	0.001
32	T	0.000	0.001	0.000	0.000	0.001
33	W	0.001	0.000	0.000	0.000	0.000
34	K	0.000	0.000	0.000	0.000	0.000
35	G	0.000	0.000	0.000	0.000	0.000
36	E	0.000	0.000	0.000	0.000	0.000
37	D	0.000	0.000	0.000	0.000	0.000
38	F	0.000	0.000	0.000	0.000	0.000
39	L	0.000	0.000	0.000	0.000	0.000
40	T	0.000	0.000	0.000	0.000	0.000
>XP_001399246.2
pos	aa	C	S	n-reg	h-reg	c-reg
1	M	0.000	0.319	0.319	0.000	0.000
2	Q	0.000	0.321	0.321	0.000	0.000
3	F	0.000	0.321	0.321	0.000	0.000
4	T	0.000	0.321	0.321	0.000	0.000
5	K	0.000	0.321	0.321	0.000	0.000
6	L	0.000	0.321	0.309	0.012	0.000
7	T	0.000	0.321	0.307	0.014	0.000
8	Q	0.000	0.321	0.304	0.017	0.000
9	S	0.000	0.321	0.300	0.021	0.000
10	R	0.000	0.321	0.296	0.025	0.000
11	L	0.000	0.321	0.132	0.189	0.000
12	I	0.000	0.321	0.076	0.245	0.000
13	T	0.000	0.321	0.062	0.259	0.000
14	L	0.000	0.321	0.052	0.269	0.001
15	C	0.000	0.321	0.049	0.269	0.003
16	K	0.000	0.321	0.048	0.259	0.013
17	F	0.000	0.321	0.023	0.282	0.016
18	S	0.000	0.321	0.013	0.288	0.020
19	A	0.000	0.321	0.006	0.263	0.053
20	A	0.000	0.321	0.003	0.169	0.149
21	A	0.006	0.315	0.001	0.141	0.172
22	S	0.002	0.313	0.000	0.115	0.197
23	L	0.002	0.311	0.000	0.101	0.210
24	A	0.019	0.292	0.000	0.054	0.238
25	G	0.114	0.178	0.000	0.044	0.134
26	V	0.006	0.172	0.000	0.025	0.147
27	G	0.000	0.172	0.000	0.017	0.154
28	G	0.007	0.164	0.000	0.012	0.152
29	W	0.101	0.064	0.000	0.007	0.056
30	Q	0.000	0.063	0.000	0.003	0.060
31	F	0.044	0.019	0.000	0.003	0.016
32	W	0.000	0.019	0.000	0.001	0.017
33	T	0.000	0.018	0.000	0.001	0.018
34	G	0.002	0.016	0.000	0.000	0.016
35	K	0.007	0.009	0.000	0.000	0.009
36	C	0.000	0.009	0.000	0.000	0.009
37	Y	0.009	0.000	0.000	0.000	0.000
38	F	0.000	0.000	0.000	0.000	0.000
39	E	0.000	0.000	0.000	0.000	0.000
40	P	0.000	0.000	0.000	0.000	0.000
>XP_001399255.1
pos	aa	C	S	n-reg	h-reg	c-reg
1	M	0.000	0.997	0.997	0.000	0.000
2	R	0.000	1.000	1.000	0.000	0.000
3	R	0.000	1.000	1.000	0.000	0.000
4	P	0.000	1.000	1.000	0.000	0.000
5	S	0.000	1.000	0.999	0.001	0.000
6	R	0.000	1.000	0.995	0.005	0.000
7	F	0.000	1.000	0.713	0.287	0.000
8	Q	0.000	1.000	0.640	0.360	0.000
9	L	0.000	1.000	0.220	0.780	0.000
10	C	0.000	1.000	0.076	0.923	0.000
11	I	0.000	1.000	0.023	0.977	0.000
12	C	0.000	1.000	0.006	0.994	0.000
13	L	0.000	1.000	0.001	0.999	0.000
14	L	0.000	1.000	0.000	1.000	0.000
15	F	0.000	1.000	0.000	0.986	0.013
16	L	0.000	1.000	0.000	0.965	0.035
17	I	0.000	1.000	0.000	0.895	0.105
18	P	0.000	1.000	0.000	0.518	0.482
19	L	0.000	1.000	0.000	0.370	0.630
20	T	0.000	1.000	0.000	0.189	0.811
21	L	0.000	0.999	0.000	0.156	0.843
22	L	0.002	0.997	0.000	0.038	0.960
23	A	0.198	0.798	0.000	0.010	0.788
24	S	0.433	0.364	0.000	0.001	0.363
25	H	0.105	0.259	0.000	0.000	0.259
26	L	0.000	0.259	0.000	0.000	0.259
27	E	0.247	0.012	0.000	0.000	0.012
28	D	0.000	0.012	0.000	0.000	0.012
29	L	0.000	0.012	0.000	0.000	0.012
30	C	0.001	0.011	0.000	0.000	0.011
31	D	0.004	0.007	0.000	0.000	0.007
32	Q	0.000	0.007	0.000	0.000	0.007
33	Y	0.005	0.001	0.000	0.000	0.001
34	R	0.000	0.001	0.000	0.000	0.001
35	A	0.000	0.001	0.000	0.000	0.001
36	Q	0.001	0.000	0.000	0.000	0.000
37	E	0.000	0.000	0.000	0.000	0.000
38	Y	0.000	0.000	0.000	0.000	0.000
39	I	0.000	0.000	0.000	0.000	0.000
40	F	0.000	0.000	0.000	0.000	0.000
>XP_001399270.2
pos	aa	C	S	n-reg	h-reg	c-reg
1	M	0.000	0.999	0.999	0.000	0.000
2	F	0.000	0.999	0.999	0.000	0.000
3	K	0.000	0.999	0.998	0.001	0.000
4	Y	0.000	0.999	0.900	0.100	0.000
5	S	0.000	0.999	0.754	0.245	0.000
6	L	0.000	0.999	0.099	0.900	0.000
7	A	0.000	0.999	0.032	0.968	0.000
8	C	0.000	0.999	0.011	0.988	0.000
9	L	0.000	0.999	0.003	0.997	0.000
10	A	0.000	0.999	0.001	0.999	0.000
11	L	0.000	1.000	0.000	0.999	0.000
12	L	0.000	0.999	0.000	0.990	0.009
13	A	0.000	1.000	0.000	0.950	0.049
14	T	0.000	0.999	0.000	0.378	0.621
15	G	0.000	0.999	0.000	0.291	0.708
16	C	0.001	0.999	0.000	0.257	0.742
17	L	0.002	0.997	0.000	0.211	0.786
18	S	0.004	0.993	0.000	0.029	0.964
19	S	0.606	0.387	0.000	0.007	0.380
20	T	0.052	0.334	0.000	0.002	0.332
21	T	0.032	0.302	0.000	0.001	0.302
22	T	0.025	0.277	0.000	0.000	0.277
23	T	0.123	0.154	0.000	0.000	0.154
24	T	0.025	0.130	0.000	0.000	0.130
25	T	0.040	0.090	0.000	0.000	0.090
26	S	0.049	0.041	0.000	0.000	0.041
27	K	0.039	0.001	0.000	0.000	0.001
28	P	0.000	0.001	0.000	0.000	0.001
29	G	0.000	0.001	0.000	0.000	0.001
30	Y	0.000	0.001	0.000	0.000	0.001
31	S	0.000	0.001	0.000	0.000	0.001
32	R	0.001	0.000	0.000	0.000	0.000
33	N	0.000	0.000	0.000	0.000	0.000
34	I	0.000	0.000	0.000	0.000	0.000
35	T	0.000	0.000	0.000	0.000	0.000
36	S	0.000	0.000	0.000	0.000	0.000
37	T	0.000	0.000	0.000	0.000	0.000
38	V	0.000	0.000	0.000	0.000	0.000
39	T	0.000	0.000	0.000	0.000	0.000
40	D	0.000	0.000	0.000	0.000	0.000
>XP_001399295.1
pos	aa	C	S	n-reg	h-reg	c-reg
1	M	0.000	1.000	1.000	0.000	0.000
2	K	0.000	1.000	1.000	0.000	0.000
3	T	0.000	1.000	0.856	0.144	0.000
4	F	0.000	1.000	0.602	0.398	0.000
5	S	0.000	1.000	0.552	0.448	0.000
6	T	0.000	1.000	0.363	0.637	0.000
7	V	0.000	1.000	0.079	0.921	0.000
8	T	0.000	1.000	0.061	0.939	0.000
9	S	0.000	1.000	0.038	0.962	0.000
10	L	0.000	1.000	0.011	0.989	0.000
11	L	0.000	1.000	0.002	0.995	0.003
12	A	0.000	1.000	0.001	0.969	0.031
13	L	0.000	1.000	0.000	0.956	0.044
14	F	0.000	1.000	0.000	0.908	0.092
15	S	0.000	1.000	0.000	0.145	0.855
16	S	0.000	1.000	0.000	0.111	0.889
17	A	0.000	1.000	0.000	0.095	0.904
18	L	0.001	0.999	0.000	0.089	0.909
19	A	0.000	0.999	0.000	0.061	0.938
20	A	0.873	0.126	0.000	0.022	0.104
21	P	0.001	0.125	0.000	0.008	0.117
22	V	0.002	0.123	0.000	0.005	0.117
23	D	0.000	0.123	0.000	0.000	0.123
24	S	0.000	0.123	0.000	0.000	0.123
25	A	0.044	0.078	0.000	0.000	0.078
26	E	0.007	0.072	0.000	0.000	0.072
27	A	0.000	0.072	0.000	0.000	0.072
28	A	0.070	0.001	0.000	0.000	0.001
29	G	0.000	0.001	0.000	0.000	0.001
30	T	0.001	0.000	0.000	0.000	0.000
31	T	0.000	0.000	0.000	0.000	0.000
32	V	0.000	0.000	0.000	0.000	0.000
33	S	0.000	0.000	0.000	0.000	0.000
34	V	0.000	0.000	0.000	0.000	0.000
35	S	0.000	0.000	0.000	0.000	0.000
36	Y	0.000	0.000	0.000	0.000	0.000
37	D	0.000	0.000	0.000	0.000	0.000
38	T	0.000	0.000	0.000	0.000	0.000
39	A	0.000	0.000	0.000	0.000	0.000
40	Y	0.000	0.000	0.000	0.000	0.000
>XP_001399296.1
pos	aa	C	S	n-reg	h-reg	c-reg
1	M	0.000	0.013	0.013	0.000	0.000
2	L	0.000	0.279	0.279	0.000	0.000
3	A	0.000	0.279	0.273	0.006	0.000
4	L	0.000	0.279	0.269	0.010	0.000
5	L	0.000	0.279	0.269	0.011	0.000
6	R	0.000	0.279	0.269	0.011	0.000
7	L	0.000	0.279	0.268	0.011	0.000
8	S	0.000	0.279	0.268	0.011	0.000
9	R	0.000	0.279	0.268	0.011	0.000
10	L	0.000	0.279	0.268	0.011	0.000
11	L	0.000	0.279	0.268	0.008	0.003
12	G	0.000	0.279	0.268	0.003	0.008
13	S	0.000	0.279	0.268	0.001	0.010
14	D	0.000	0.279	0.268	0.000	0.010
15	G	0.000	0.279	0.268	0.000	0.011
16	A	0.005	0.274	0.268	0.000	0.005
17	G	0.002	0.272	0.268	0.000	0.004
18	H	0.001	0.271	0.268	0.000	0.002
19	T	0.000	0.271	0.268	0.000	0.002
20	H	0.001	0.269	0.268	0.000	0.001
21	L	0.000	0.269	0.268	0.000	0.001
22	A	0.001	0.269	0.268	0.000	0.001
23	S	0.000	0.269	0.268	0.000	0.001
24	R	0.000	0.269	0.268	0.000	0.001
25	S	0.000	0.269	0.268	0.000	0.001
26	N	0.000	0.269	0.268	0.000	0.000
27	T	0.000	0.269	0.268	0.000	0.000
28	E	0.000	0.268	0.268	0.000	0.000
29	V	0.000	0.268	0.268	0.000	0.000
30	V	0.000	0.268	0.268	0.000	0.000
31	E	0.000	0.268	0.268	0.000	0.000
32	G	0.000	0.268	0.268	0.000	0.000
33	S	0.000	0.268	0.268	0.000	0.000
34	D	0.000	0.268	0.268	0.000	0.000
35	R	0.000	0.268	0.268	0.000	0.000
36	A	0.000	0.268	0.191	0.077	0.000
37	G	0.000	0.268	0.134	0.134	0.000
38	F	0.000	0.268	0.068	0.200	0.000
39	I	0.000	0.268	0.038	0.231	0.000
40	A	0.000	0.268	0.028	0.240	0.000
>XP_001399328.1
pos	aa	C	S	n-reg	h-reg	c-reg
1	M	0.000	0.822	0.822	0.000	0.000
2	P	0.000	0.827	0.827	0.000	0.000
3	W	0.000	0.827	0.802	0.025	0.000
4	S	0.000	0.827	0.781	0.047	0.000
5	A	0.000	0.827	0.751	0.077	0.000
6	A	0.000	0.827	0.688	0.140	0.000
7	L	0.000	0.827	0.676	0.152	0.000
8	P	0.000	0.827	0.674	0.153	0.000
9	Q	0.000	0.827	0.655	0.173	0.000
10	A	0.000	0.827	0.436	0.391	0.000
11	M	0.000	0.827	0.292	0.529	0.007
12	F	0.000	0.827	0.195	0.621	0.012
13	A	0.000	0.827	0.148	0.659	0.021
14	H	0.000	0.827	0.111	0.593	0.123
15	P	0.000	0.827	0.087	0.612	0.129
16	L	0.002	0.825	0.017	0.680	0.127
17	V	0.000	0.825	0.007	0.686	0.131
18	S	0.000	0.825	0.004	0.646	0.175
19	V	0.096	0.729	0.003	0.639	0.086
20	V	0.000	0.729	0.003	0.621	0.105
21	T	0.000	0.729	0.003	0.516	0.210
22	P	0.003	0.726	0.003	0.124	0.599
23	I	0.064	0.662	0.003	0.113	0.546
24	A	0.000	0.661	0.003	0.066	0.592
25	T	0.002	0.660	0.003	0.058	0.599
26	G	0.070	0.590	0.003	0.006	0.581
27	S	0.461	0.129	0.003	0.004	0.122
28	L	0.014	0.115	0.003	0.003	0.109
29	V	0.035	0.080	0.003	0.003	0.074
30	G	0.000	0.079	0.003	0.002	0.074
31	Y	0.073	0.005	0.003	0.001	0.001
32	H	0.000	0.004	0.003	0.000	0.001
33	T	0.000	0.004	0.003	0.000	0.001
34	N	0.001	0.003	0.003	0.000	0.000
35	R	0.000	0.003	0.003	0.000	0.000
36	K	0.000	0.003	0.003	0.000	0.000
37	G	0.000	0.003	0.003	0.000	0.000
38	R	0.000	0.003	0.003	0.000	0.000
39	T	0.000	0.003	0.003	0.000	0.000
40	K	0.000	0.003	0.003	0.000	0.000
>XP_001399367.2
pos	aa	C	S	n-reg	h-reg	c-reg
1	M	0.000	0.906	0.906	0.000	0.000
2	A	0.000	0.906	0.906	0.000	0.000
3	A	0.000	0.906	0.906	0.000	0.000
4	S	0.000	0.906	0.906	0.000	0.000
5	P	0.000	0.906	0.906	0.000	0.000
6	H	0.000	0.906	0.906	0.000	0.000
7	K	0.000	0.906	0.906	0.000	0.000
8	S	0.000	0.906	0.906	0.000	0.000
9	K	0.000	0.906	0.906	0.000	0.000
10	R	0.000	0.906	0.897	0.009	0.000
11	I	0.000	0.906	0.487	0.419	0.000
12	V	0.000	0.906	0.291	0.615	0.000
13	S	0.000	0.906	0.200	0.706	0.000
14	V	0.000	0.906	0.088	0.818	0.000
15	V	0.000	0.906	0.035	0.871	0.000
16	A	0.000	0.906	0.017	0.889	0.000
17	A	0.000	0.906	0.009	0.897	0.000
18	T	0.000	0.906	0.005	0.900	0.002
19	L	0.000	0.906	0.000	0.847	0.059
20	V	0.000	0.906	0.000	0.790	0.116
21	A	0.000	0.906	0.000	0.582	0.324
22	L	0.000	0.906	0.000	0.520	0.386
23	A	0.001	0.905	0.000	0.302	0.603
24	C	0.094	0.811	0.000	0.179	0.632
25	G	0.007	0.804	0.000	0.073	0.731
26	T	0.272	0.531	0.000	0.054	0.477
27	N	0.019	0.512	0.000	0.001	0.511
28	Y	0.000	0.512	0.000	0.000	0.512
29	A	0.000	0.512	0.000	0.000	0.512
30	Y	0.126	0.386	0.000	0.000	0.386
31	S	0.000	0.386	0.000	0.000	0.386
32	A	0.352	0.034	0.000	0.000	0.034
33	W	0.001	0.033	0.000	0.000	0.033
34	A	0.000	0.033	0.000	0.000	0.033
35	P	0.007	0.026	0.000	0.000	0.026
36	Q	0.000	0.025	0.000	0.000	0.025
37	F	0.000	0.025	0.000	0.000	0.025
38	A	0.000	0.025	0.000	0.000	0.025
39	Q	0.007	0.018	0.000	0.000	0.018
40	Q	0.000	0.018	0.000	0.000	0.018
>XP_001399395.2
pos	aa	C	S	n-reg	h-reg	c-reg
1	M	0.000	0.421	0.421	0.000	0.000
2	P	0.000	0.421	0.421	0.000	0.000
3	F	0.000	0.421	0.421	0.000	0.000
4	F	0.000	0.421	0.421	0.000	0.000
5	R	0.000	0.421	0.421	0.000	0.000
6	A	0.000	0.421	0.421	0.000	0.000
7	K	0.000	0.421	0.421	0.000	0.000
8	S	0.000	0.421	0.421	0.000	0.000
9	S	0.000	0.421	0.421	0.000	0.000
10	K	0.000	0.421	0.421	0.000	0.000
11	R	0.000	0.421	0.421	0.000	0.000
12	Q	0.000	0.421	0.418	0.003	0.000
13	I	0.000	0.421	0.406	0.016	0.000
14	M	0.000	0.421	0.402	0.020	0.000
15	F	0.000	0.421	0.394	0.028	0.000
16	V	0.000	0.421	0.390	0.031	0.000
17	K	0.000	0.421	0.390	0.032	0.000
18	W	0.000	0.421	0.327	0.094	0.000
19	H	0.000	0.421	0.232	0.189	0.000
20	F	0.000	0.421	0.088	0.333	0.000
21	L	0.000	0.421	0.017	0.403	0.001
22	V	0.000	0.421	0.003	0.415	0.003
23	L	0.000	0.421	0.001	0.414	0.006
24	G	0.000	0.421	0.001	0.401	0.020
25	A	0.002	0.419	0.000	0.398	0.021
26	I	0.001	0.418	0.000	0.389	0.030
27	P	0.000	0.418	0.000	0.266	0.152
28	M	0.002	0.417	0.000	0.244	0.173
29	I	0.000	0.417	0.000	0.205	0.211
30	P	0.000	0.417	0.000	0.115	0.301
31	A	0.003	0.413	0.000	0.085	0.329
32	Y	0.154	0.259	0.000	0.027	0.232
33	P	0.000	0.259	0.000	0.000	0.259
34	S	0.024	0.235	0.000	0.000	0.234
35	G	0.001	0.234	0.000	0.000	0.234
36	A	0.022	0.212	0.000	0.000	0.212
37	A	0.095	0.117	0.000	0.000	0.117
38	Y	0.116	0.000	0.000	0.000	0.000
39	K	0.000	0.000	0.000	0.000	0.000
40	G	0.000	0.000	0.000	0.000	0.000
