>XP_001396349.2
pos	aa	C	S	n-reg	h-reg	c-reg
1	M	0.000	0.003	0.003	0.000	0.000
2	T	0.000	0.003	0.003	0.000	0.000
3	T	0.000	0.003	0.003	0.000	0.000
4	S	0.000	0.003	0.003	0.001	0.000
5	A	0.000	0.003	0.002	0.001	0.000
6	L	0.000	0.003	0.002	0.001	0.000
7	L	0.000	0.003	0.002	0.001	0.000
8	P	0.000	0.003	0.002	0.001	0.000
9	R	0.000	0.003	0.002	0.001	0.000
10	F	0.000	0.003	0.001	0.002	0.000
11	V	0.000	0.003	0.000	0.003	0.000
12	G	0.000	0.003	0.000	0.002	0.000
13	L	0.000	0.003	0.000	0.003	0.000
14	V	0.000	0.003	0.000	0.003	0.001
15	V	0.000	0.003	0.000	0.003	0.001
16	T	0.000	0.003	0.000	0.002	0.001
17	V	0.000	0.003	0.000	0.002	0.000
18	P	0.000	0.003	0.000	0.002	0.001
19	L	0.000	0.003	0.000	0.002	0.001
20	G	0.000	0.003	0.000	0.002	0.001
21	L	0.000	0.002	0.000	0.001	0.001
22	K	0.000	0.002	0.000	0.000	0.002
23	L	0.000	0.002	0.000	0.000	0.002
24	I	0.000	0.002	0.000	0.000	0.002
25	I	0.000	0.002	0.000	0.000	0.002
26	Q	0.000	0.002	0.000	0.000	0.002
27	S	0.001	0.001	0.000	0.000	0.001
28	E	0.001	0.000	0.000	0.000	0.000
29	F	0.000	0.000	0.000	0.000	0.000
30	V	0.000	0.000	0.000	0.000	0.000
31	S	0.000	0.000	0.000	0.000	0.000
32	L	0.000	0.000	0.000	0.000	0.000
33	D	0.000	0.000	0.000	0.000	0.000
34	S	0.000	0.000	0.000	0.000	0.000
35	Y	0.000	0.000	0.000	0.000	0.000
36	F	0.000	0.000	0.000	0.000	0.000
37	N	0.000	0.000	0.000	0.000	0.000
38	N	0.000	0.000	0.000	0.000	0.000
39	K	0.000	0.000	0.000	0.000	0.000
40	A	0.000	0.000	0.000	0.000	0.000
>XP_001396351.1
pos	aa	C	S	n-reg	h-reg	c-reg
1	M	0.000	0.740	0.740	0.000	0.000
2	K	0.000	0.740	0.740	0.000	0.000
3	G	0.000	0.740	0.564	0.176	0.000
4	A	0.000	0.740	0.348	0.392	0.000
5	A	0.000	0.740	0.229	0.511	0.000
6	L	0.000	0.740	0.005	0.735	0.000
7	I	0.000	0.740	0.002	0.739	0.000
8	P	0.000	0.740	0.001	0.739	0.000
9	L	0.000	0.740	0.000	0.740	0.000
10	A	0.000	0.740	0.000	0.740	0.000
11	A	0.000	0.740	0.000	0.690	0.050
12	G	0.000	0.740	0.000	0.611	0.129
13	I	0.000	0.740	0.000	0.569	0.171
14	P	0.000	0.740	0.000	0.041	0.699
15	F	0.000	0.740	0.000	0.031	0.709
16	A	0.000	0.740	0.000	0.008	0.732
17	H	0.007	0.733	0.000	0.000	0.733
18	G	0.000	0.733	0.000	0.000	0.733
19	L	0.699	0.034	0.000	0.000	0.034
20	S	0.000	0.034	0.000	0.000	0.034
21	L	0.019	0.015	0.000	0.000	0.015
22	H	0.015	0.000	0.000	0.000	0.000
23	K	0.000	0.000	0.000	0.000	0.000
24	R	0.000	0.000	0.000	0.000	0.000
25	D	0.000	0.000	0.000	0.000	0.000
26	G	0.000	0.000	0.000	0.000	0.000
27	P	0.000	0.000	0.000	0.000	0.000
28	A	0.000	0.000	0.000	0.000	0.000
29	V	0.000	0.000	0.000	0.000	0.000
30	V	0.000	0.000	0.000	0.000	0.000
31	R	0.000	0.000	0.000	0.000	0.000
32	M	0.000	0.000	0.000	0.000	0.000
33	P	0.000	0.000	0.000	0.000	0.000
34	I	0.000	0.000	0.000	0.000	0.000
35	E	0.000	0.000	0.000	0.000	0.000
36	R	0.000	0.000	0.000	0.000	0.000
37	R	0.000	0.000	0.000	0.000	0.000
38	S	0.000	0.000	0.000	0.000	0.000
39	A	0.000	0.000	0.000	0.000	0.000
40	Q	0.000	0.000	0.000	0.000	0.000
>XP_001396354.2
pos	aa	C	S	n-reg	h-reg	c-reg
1	M	0.000	0.959	0.959	0.000	0.000
2	L	0.000	0.959	0.959	0.000	0.000
3	L	0.000	0.959	0.186	0.774	0.000
4	I	0.000	0.959	0.043	0.916	0.000
5	L	0.000	0.959	0.017	0.942	0.000
6	L	0.000	0.959	0.002	0.957	0.000
7	L	0.000	0.959	0.000	0.959	0.000
8	L	0.000	0.959	0.000	0.959	0.000
9	V	0.000	0.959	0.000	0.959	0.000
10	G	0.000	0.959	0.000	0.914	0.045
11	A	0.000	0.959	0.000	0.645	0.314
12	V	0.000	0.959	0.000	0.486	0.473
13	A	0.000	0.959	0.000	0.451	0.509
14	S	0.044	0.915	0.000	0.214	0.701
15	S	0.259	0.656	0.000	0.027	0.629
16	P	0.101	0.556	0.000	0.007	0.549
17	I	0.093	0.463	0.000	0.005	0.457
18	H	0.000	0.463	0.000	0.000	0.463
19	N	0.000	0.463	0.000	0.000	0.463
20	T	0.000	0.463	0.000	0.000	0.463
21	F	0.021	0.442	0.000	0.000	0.442
22	T	0.000	0.442	0.000	0.000	0.442
23	S	0.433	0.009	0.000	0.000	0.009
24	P	0.000	0.009	0.000	0.000	0.009
25	I	0.002	0.007	0.000	0.000	0.007
26	V	0.000	0.007	0.000	0.000	0.007
27	H	0.000	0.007	0.000	0.000	0.007
28	T	0.000	0.007	0.000	0.000	0.007
29	N	0.006	0.001	0.000	0.000	0.001
30	Y	0.000	0.001	0.000	0.000	0.001
31	G	0.000	0.001	0.000	0.000	0.001
32	D	0.001	0.000	0.000	0.000	0.000
33	I	0.000	0.000	0.000	0.000	0.000
34	L	0.000	0.000	0.000	0.000	0.000
35	G	0.000	0.000	0.000	0.000	0.000
36	T	0.000	0.000	0.000	0.000	0.000
37	T	0.000	0.000	0.000	0.000	0.000
38	S	0.000	0.000	0.000	0.000	0.000
39	P	0.000	0.000	0.000	0.000	0.000
40	Y	0.000	0.000	0.000	0.000	0.000
>XP_001396356.1
pos	aa	C	S	n-reg	h-reg	c-reg
1	M	0.000	0.032	0.032	0.000	0.000
2	L	0.000	0.032	0.032	0.000	0.000
3	L	0.000	0.032	0.026	0.006	0.000
4	R	0.000	0.032	0.023	0.008	0.000
5	I	0.000	0.032	0.003	0.029	0.000
6	S	0.000	0.032	0.000	0.031	0.000
7	F	0.000	0.032	0.000	0.032	0.000
8	L	0.000	0.032	0.000	0.032	0.000
9	A	0.000	0.032	0.000	0.032	0.000
10	I	0.000	0.032	0.000	0.032	0.000
11	F	0.000	0.032	0.000	0.031	0.001
12	V	0.000	0.032	0.000	0.024	0.008
13	P	0.000	0.032	0.000	0.005	0.027
14	A	0.000	0.032	0.000	0.001	0.031
15	M	0.000	0.032	0.000	0.000	0.031
16	A	0.000	0.032	0.000	0.000	0.032
17	K	0.028	0.004	0.000	0.000	0.004
18	Q	0.000	0.004	0.000	0.000	0.004
19	K	0.003	0.000	0.000	0.000	0.000
20	S	0.000	0.000	0.000	0.000	0.000
21	F	0.000	0.000	0.000	0.000	0.000
22	D	0.000	0.000	0.000	0.000	0.000
23	D	0.000	0.000	0.000	0.000	0.000
24	A	0.000	0.000	0.000	0.000	0.000
25	V	0.000	0.000	0.000	0.000	0.000
26	S	0.000	0.000	0.000	0.000	0.000
27	S	0.000	0.000	0.000	0.000	0.000
28	L	0.000	0.000	0.000	0.000	0.000
29	D	0.000	0.000	0.000	0.000	0.000
30	A	0.000	0.000	0.000	0.000	0.000
31	D	0.000	0.000	0.000	0.000	0.000
32	C	0.000	0.000	0.000	0.000	0.000
33	L	0.000	0.000	0.000	0.000	0.000
34	C	0.000	0.000	0.000	0.000	0.000
35	P	0.000	0.000	0.000	0.000	0.000
36	I	0.000	0.000	0.000	0.000	0.000
37	Y	0.000	0.000	0.000	0.000	0.000
38	T	0.000	0.000	0.000	0.000	0.000
39	A	0.000	0.000	0.000	0.000	0.000
40	L	0.000	0.000	0.000	0.000	0.000
>XP_001396376.1
pos	aa	C	S	n-reg	h-reg	c-reg
1	M	0.000	0.636	0.636	0.000	0.000
2	S	0.000	0.637	0.637	0.000	0.000
3	V	0.000	0.637	0.633	0.004	0.000
4	K	0.000	0.637	0.631	0.006	0.000
5	L	0.000	0.637	0.365	0.272	0.000
6	I	0.000	0.637	0.267	0.371	0.000
7	L	0.000	0.637	0.214	0.424	0.000
8	P	0.000	0.637	0.196	0.441	0.000
9	A	0.000	0.637	0.088	0.549	0.000
10	L	0.000	0.637	0.033	0.604	0.000
11	S	0.000	0.637	0.021	0.616	0.000
12	L	0.000	0.637	0.001	0.635	0.000
13	F	0.000	0.637	0.000	0.532	0.105
14	T	0.000	0.637	0.000	0.461	0.176
15	L	0.000	0.637	0.000	0.438	0.199
16	Y	0.000	0.637	0.000	0.363	0.274
17	A	0.000	0.637	0.000	0.281	0.356
18	I	0.187	0.450	0.000	0.243	0.207
19	W	0.000	0.450	0.000	0.186	0.264
20	Y	0.000	0.450	0.000	0.030	0.420
21	Y	0.000	0.450	0.000	0.011	0.438
22	A	0.000	0.450	0.000	0.001	0.449
23	D	0.031	0.419	0.000	0.000	0.418
24	A	0.000	0.419	0.000	0.000	0.418
25	N	0.365	0.054	0.000	0.000	0.054
26	G	0.000	0.054	0.000	0.000	0.054
27	L	0.049	0.005	0.000	0.000	0.005
28	L	0.000	0.005	0.000	0.000	0.004
29	E	0.002	0.003	0.000	0.000	0.003
30	L	0.000	0.003	0.000	0.000	0.003
31	A	0.001	0.002	0.000	0.000	0.002
32	R	0.000	0.002	0.000	0.000	0.002
33	E	0.000	0.002	0.000	0.000	0.002
34	S	0.000	0.002	0.000	0.000	0.002
35	I	0.000	0.002	0.000	0.000	0.002
36	E	0.000	0.002	0.000	0.000	0.002
37	R	0.000	0.002	0.000	0.000	0.002
38	K	0.000	0.002	0.000	0.000	0.002
39	T	0.000	0.002	0.000	0.000	0.002
40	L	0.000	0.002	0.000	0.000	0.002
>XP_001396382.2
pos	aa	C	S	n-reg	h-reg	c-reg
1	M	0.000	0.714	0.714	0.000	0.000
2	R	0.000	0.714	0.714	0.000	0.000
3	S	0.000	0.714	0.590	0.124	0.000
4	L	0.000	0.714	0.353	0.361	0.000
5	Q	0.000	0.714	0.303	0.411	0.000
6	V	0.000	0.714	0.052	0.662	0.000
7	F	0.000	0.714	0.011	0.703	0.000
8	A	0.000	0.714	0.002	0.713	0.000
9	L	0.000	0.714	0.000	0.714	0.000
10	A	0.000	0.714	0.000	0.713	0.001
11	G	0.000	0.714	0.000	0.692	0.022
12	V	0.000	0.714	0.000	0.670	0.044
13	L	0.000	0.714	0.000	0.516	0.198
14	G	0.000	0.714	0.000	0.236	0.478
15	A	0.005	0.709	0.000	0.169	0.540
16	S	0.004	0.705	0.000	0.025	0.680
17	A	0.004	0.701	0.000	0.016	0.685
18	L	0.411	0.290	0.000	0.004	0.286
19	D	0.021	0.269	0.000	0.000	0.268
20	A	0.000	0.269	0.000	0.000	0.268
21	D	0.243	0.025	0.000	0.000	0.025
22	S	0.000	0.025	0.000	0.000	0.025
23	I	0.011	0.014	0.000	0.000	0.014
24	L	0.000	0.014	0.000	0.000	0.014
25	S	0.001	0.013	0.000	0.000	0.013
26	K	0.013	0.000	0.000	0.000	0.000
27	Y	0.000	0.000	0.000	0.000	0.000
28	F	0.000	0.000	0.000	0.000	0.000
29	G	0.000	0.000	0.000	0.000	0.000
30	N	0.000	0.000	0.000	0.000	0.000
31	D	0.000	0.000	0.000	0.000	0.000
32	A	0.000	0.000	0.000	0.000	0.000
33	P	0.000	0.000	0.000	0.000	0.000
34	W	0.000	0.000	0.000	0.000	0.000
35	Y	0.000	0.000	0.000	0.000	0.000
36	S	0.000	0.000	0.000	0.000	0.000
37	D	0.000	0.000	0.000	0.000	0.000
38	R	0.000	0.000	0.000	0.000	0.000
39	I	0.000	0.000	0.000	0.000	0.000
40	P	0.000	0.000	0.000	0.000	0.000
>XP_001396385.1
pos	aa	C	S	n-reg	h-reg	c-reg
1	M	0.000	0.996	0.996	0.000	0.000
2	Q	0.000	0.996	0.996	0.000	0.000
3	L	0.000	0.996	0.416	0.580	0.000
4	S	0.000	0.996	0.264	0.732	0.000
5	L	0.000	0.996	0.094	0.903	0.000
6	L	0.000	0.996	0.014	0.983	0.000
7	A	0.000	0.996	0.002	0.994	0.000
8	L	0.000	0.996	0.000	0.996	0.000
9	L	0.000	0.996	0.000	0.996	0.000
10	G	0.000	0.996	0.000	0.995	0.001
11	A	0.000	0.996	0.000	0.952	0.044
12	L	0.000	0.996	0.000	0.928	0.068
13	A	0.000	0.996	0.000	0.809	0.187
14	L	0.004	0.993	0.000	0.424	0.569
15	P	0.000	0.993	0.000	0.055	0.937
16	S	0.007	0.986	0.000	0.014	0.972
17	A	0.003	0.983	0.000	0.010	0.972
18	A	0.076	0.907	0.000	0.000	0.907
19	V	0.618	0.289	0.000	0.000	0.289
20	P	0.000	0.289	0.000	0.000	0.289
21	H	0.107	0.183	0.000	0.000	0.183
22	A	0.000	0.183	0.000	0.000	0.183
23	R	0.181	0.001	0.000	0.000	0.001
24	D	0.000	0.001	0.000	0.000	0.001
25	E	0.000	0.001	0.000	0.000	0.001
26	G	0.000	0.001	0.000	0.000	0.001
27	Q	0.000	0.001	0.000	0.000	0.001
28	C	0.000	0.001	0.000	0.000	0.001
29	K	0.001	0.000	0.000	0.000	0.000
30	Q	0.000	0.000	0.000	0.000	0.000
31	T	0.000	0.000	0.000	0.000	0.000
32	T	0.000	0.000	0.000	0.000	0.000
33	V	0.000	0.000	0.000	0.000	0.000
34	A	0.000	0.000	0.000	0.000	0.000
35	I	0.000	0.000	0.000	0.000	0.000
36	L	0.000	0.000	0.000	0.000	0.000
37	G	0.000	0.000	0.000	0.000	0.000
38	G	0.000	0.000	0.000	0.000	0.000
39	G	0.000	0.000	0.000	0.000	0.000
40	M	0.000	0.000	0.000	0.000	0.000
>XP_001396387.1
pos	aa	C	S	n-reg	h-reg	c-reg
1	M	0.000	0.999	0.999	0.000	0.000
2	K	0.000	0.999	0.999	0.000	0.000
3	S	0.000	0.999	0.963	0.036	0.000
4	Y	0.000	0.999	0.879	0.120	0.000
5	M	0.000	0.999	0.663	0.336	0.000
6	L	0.000	0.999	0.177	0.822	0.000
7	W	0.000	0.999	0.111	0.888	0.000
8	A	0.000	0.999	0.058	0.941	0.000
9	L	0.000	0.999	0.006	0.993	0.000
10	T	0.000	0.999	0.004	0.995	0.000
11	A	0.000	0.999	0.001	0.997	0.001
12	L	0.000	0.999	0.000	0.996	0.003
13	A	0.000	0.999	0.000	0.942	0.057
14	A	0.000	0.999	0.000	0.754	0.245
15	T	0.000	0.999	0.000	0.654	0.344
16	V	0.001	0.998	0.000	0.564	0.434
17	P	0.000	0.998	0.000	0.057	0.941
18	L	0.001	0.997	0.000	0.041	0.956
19	S	0.001	0.996	0.000	0.008	0.988
20	A	0.002	0.995	0.000	0.005	0.989
21	A	0.066	0.928	0.000	0.001	0.928
22	Q	0.848	0.081	0.000	0.000	0.080
23	T	0.007	0.074	0.000	0.000	0.074
24	Y	0.038	0.036	0.000	0.000	0.036
25	T	0.000	0.036	0.000	0.000	0.036
26	D	0.029	0.006	0.000	0.000	0.006
27	C	0.000	0.006	0.000	0.000	0.006
28	N	0.006	0.000	0.000	0.000	0.000
29	P	0.000	0.000	0.000	0.000	0.000
30	L	0.000	0.000	0.000	0.000	0.000
31	N	0.000	0.000	0.000	0.000	0.000
32	K	0.000	0.000	0.000	0.000	0.000
33	T	0.000	0.000	0.000	0.000	0.000
34	C	0.000	0.000	0.000	0.000	0.000
35	T	0.000	0.000	0.000	0.000	0.000
36	P	0.000	0.000	0.000	0.000	0.000
37	D	0.000	0.000	0.000	0.000	0.000
38	K	0.000	0.000	0.000	0.000	0.000
39	G	0.000	0.000	0.000	0.000	0.000
40	L	0.000	0.000	0.000	0.000	0.000
>XP_001396389.1
pos	aa	C	S	n-reg	h-reg	c-reg
1	M	0.000	0.998	0.998	0.000	0.000
2	H	0.000	0.999	0.999	0.000	0.000
3	L	0.000	0.998	0.098	0.900	0.000
4	T	0.000	0.999	0.064	0.935	0.000
5	S	0.000	0.998	0.040	0.958	0.000
6	L	0.000	0.998	0.008	0.990	0.000
7	L	0.000	0.999	0.001	0.998	0.000
8	L	0.000	0.999	0.000	0.998	0.000
9	L	0.000	0.999	0.000	0.998	0.000
10	I	0.000	0.998	0.000	0.995	0.003
11	P	0.000	0.999	0.000	0.185	0.813
12	A	0.000	0.998	0.000	0.143	0.855
13	V	0.000	0.998	0.000	0.086	0.913
14	A	0.000	0.998	0.000	0.048	0.950
15	A	0.109	0.890	0.000	0.022	0.868
16	S	0.675	0.215	0.000	0.013	0.202
17	C	0.050	0.165	0.000	0.008	0.157
18	F	0.125	0.040	0.000	0.004	0.035
19	H	0.000	0.040	0.000	0.000	0.040
20	N	0.000	0.040	0.000	0.000	0.040
21	T	0.000	0.040	0.000	0.000	0.040
22	P	0.000	0.040	0.000	0.000	0.040
23	L	0.000	0.039	0.000	0.000	0.039
24	A	0.003	0.036	0.000	0.000	0.036
25	R	0.008	0.028	0.000	0.000	0.028
26	R	0.000	0.028	0.000	0.000	0.028
27	A	0.000	0.028	0.000	0.000	0.028
28	T	0.008	0.020	0.000	0.000	0.020
29	A	0.001	0.018	0.000	0.000	0.018
30	P	0.007	0.011	0.000	0.000	0.011
31	S	0.000	0.011	0.000	0.000	0.011
32	F	0.001	0.010	0.000	0.000	0.010
33	G	0.000	0.010	0.000	0.000	0.010
34	Y	0.004	0.006	0.000	0.000	0.006
35	T	0.000	0.006	0.000	0.000	0.006
36	A	0.004	0.002	0.000	0.000	0.002
37	T	0.000	0.002	0.000	0.000	0.002
38	R	0.002	0.001	0.000	0.000	0.001
39	G	0.000	0.001	0.000	0.000	0.001
40	P	0.000	0.001	0.000	0.000	0.001
>XP_001396395.2
pos	aa	C	S	n-reg	h-reg	c-reg
1	M	0.000	0.976	0.976	0.000	0.000
2	A	0.000	0.976	0.976	0.000	0.000
3	S	0.000	0.976	0.976	0.000	0.000
4	R	0.000	0.976	0.976	0.000	0.000
5	T	0.000	0.976	0.976	0.000	0.000
6	Q	0.000	0.976	0.975	0.001	0.000
7	W	0.000	0.976	0.970	0.006	0.000
8	S	0.000	0.976	0.966	0.011	0.000
9	R	0.000	0.976	0.956	0.020	0.000
10	M	0.000	0.976	0.459	0.518	0.000
11	L	0.000	0.976	0.104	0.872	0.000
12	I	0.000	0.976	0.033	0.943	0.000
13	F	0.000	0.976	0.013	0.963	0.000
14	T	0.000	0.976	0.009	0.967	0.000
15	T	0.000	0.976	0.005	0.971	0.000
16	V	0.000	0.976	0.000	0.976	0.000
17	L	0.000	0.976	0.000	0.975	0.001
18	L	0.000	0.976	0.000	0.754	0.222
19	A	0.000	0.976	0.000	0.513	0.463
20	V	0.000	0.976	0.000	0.360	0.616
21	S	0.000	0.976	0.000	0.206	0.770
22	A	0.008	0.968	0.000	0.092	0.876
23	F	0.572	0.396	0.000	0.057	0.339
24	N	0.000	0.396	0.000	0.002	0.394
25	Y	0.000	0.396	0.000	0.001	0.394
26	G	0.000	0.396	0.000	0.001	0.395
27	F	0.083	0.313	0.000	0.000	0.312
28	S	0.000	0.313	0.000	0.000	0.313
29	D	0.194	0.118	0.000	0.000	0.118
30	Q	0.000	0.118	0.000	0.000	0.118
31	A	0.008	0.110	0.000	0.000	0.110
32	F	0.003	0.107	0.000	0.000	0.107
33	S	0.000	0.107	0.000	0.000	0.107
34	S	0.003	0.104	0.000	0.000	0.104
35	C	0.000	0.104	0.000	0.000	0.104
36	Q	0.007	0.097	0.000	0.000	0.097
37	A	0.000	0.097	0.000	0.000	0.097
38	M	0.083	0.013	0.000	0.000	0.013
39	D	0.000	0.013	0.000	0.000	0.013
40	S	0.000	0.013	0.000	0.000	0.013
>XP_001396398.2
pos	aa	C	S	n-reg	h-reg	c-reg
1	M	0.000	0.872	0.872	0.000	0.000
2	T	0.000	0.872	0.872	0.000	0.000
3	R	0.000	0.872	0.872	0.000	0.000
4	Q	0.000	0.872	0.870	0.002	0.000
5	T	0.000	0.872	0.862	0.010	0.000
6	S	0.000	0.872	0.839	0.033	0.000
7	L	0.000	0.872	0.767	0.105	0.000
8	V	0.000	0.872	0.758	0.114	0.000
9	P	0.000	0.872	0.754	0.118	0.000
10	R	0.000	0.872	0.737	0.135	0.000
11	L	0.000	0.872	0.066	0.806	0.000
12	L	0.000	0.872	0.014	0.858	0.000
13	T	0.000	0.872	0.001	0.871	0.000
14	L	0.000	0.872	0.000	0.870	0.002
15	A	0.000	0.872	0.000	0.853	0.019
16	S	0.000	0.872	0.000	0.831	0.041
17	L	0.000	0.872	0.000	0.823	0.049
18	A	0.000	0.872	0.000	0.797	0.075
19	A	0.003	0.869	0.000	0.279	0.590
20	L	0.002	0.867	0.000	0.238	0.629
21	S	0.002	0.865	0.000	0.020	0.845
22	Q	0.018	0.848	0.000	0.001	0.847
23	A	0.014	0.834	0.000	0.000	0.834
24	E	0.618	0.216	0.000	0.000	0.216
25	L	0.000	0.216	0.000	0.000	0.216
26	G	0.204	0.011	0.000	0.000	0.011
27	K	0.011	0.000	0.000	0.000	0.000
28	I	0.000	0.000	0.000	0.000	0.000
29	Q	0.000	0.000	0.000	0.000	0.000
30	W	0.000	0.000	0.000	0.000	0.000
31	K	0.000	0.000	0.000	0.000	0.000
32	G	0.000	0.000	0.000	0.000	0.000
33	S	0.000	0.000	0.000	0.000	0.000
34	C	0.000	0.000	0.000	0.000	0.000
35	N	0.000	0.000	0.000	0.000	0.000
36	L	0.000	0.000	0.000	0.000	0.000
37	T	0.000	0.000	0.000	0.000	0.000
38	T	0.000	0.000	0.000	0.000	0.000
39	Y	0.000	0.000	0.000	0.000	0.000
40	P	0.000	0.000	0.000	0.000	0.000
>XP_001396403.1
pos	aa	C	S	n-reg	h-reg	c-reg
1	M	0.000	0.867	0.867	0.000	0.000
2	K	0.000	0.867	0.867	0.000	0.000
3	F	0.000	0.867	0.671	0.196	0.000
4	T	0.000	0.867	0.546	0.321	0.000
5	G	0.000	0.867	0.402	0.465	0.000
6	I	0.000	0.867	0.192	0.675	0.000
7	A	0.000	0.867	0.090	0.777	0.000
8	F	0.000	0.867	0.049	0.818	0.000
9	A	0.000	0.867	0.033	0.835	0.000
10	G	0.000	0.867	0.020	0.847	0.000
11	L	0.000	0.867	0.002	0.847	0.019
12	I	0.000	0.867	0.001	0.811	0.056
13	G	0.000	0.867	0.000	0.504	0.363
14	Y	0.000	0.867	0.000	0.416	0.451
15	A	0.000	0.867	0.000	0.333	0.534
16	A	0.014	0.853	0.000	0.286	0.567
17	A	0.001	0.853	0.000	0.242	0.610
18	L	0.359	0.494	0.000	0.124	0.370
19	P	0.000	0.494	0.000	0.015	0.479
20	A	0.016	0.478	0.000	0.008	0.470
21	M	0.010	0.468	0.000	0.003	0.466
22	G	0.000	0.468	0.000	0.001	0.467
23	A	0.256	0.212	0.000	0.000	0.212
24	Q	0.094	0.119	0.000	0.000	0.119
25	Q	0.023	0.096	0.000	0.000	0.096
26	D	0.030	0.066	0.000	0.000	0.066
27	S	0.000	0.066	0.000	0.000	0.066
28	A	0.003	0.063	0.000	0.000	0.063
29	P	0.000	0.062	0.000	0.000	0.062
30	N	0.000	0.062	0.000	0.000	0.062
31	G	0.000	0.062	0.000	0.000	0.062
32	V	0.000	0.062	0.000	0.000	0.062
33	Q	0.000	0.062	0.000	0.000	0.062
34	A	0.000	0.062	0.000	0.000	0.062
35	T	0.059	0.003	0.000	0.000	0.003
36	G	0.000	0.003	0.000	0.000	0.003
37	A	0.002	0.001	0.000	0.000	0.001
38	P	0.000	0.001	0.000	0.000	0.001
39	S	0.000	0.001	0.000	0.000	0.001
40	F	0.000	0.001	0.000	0.000	0.001
>XP_001396414.2
pos	aa	C	S	n-reg	h-reg	c-reg
1	M	0.000	0.188	0.188	0.000	0.000
2	G	0.000	0.188	0.188	0.000	0.000
3	I	0.000	0.188	0.118	0.070	0.000
4	A	0.000	0.188	0.069	0.119	0.000
5	V	0.000	0.188	0.032	0.156	0.000
6	V	0.000	0.188	0.010	0.178	0.000
7	A	0.000	0.188	0.004	0.184	0.000
8	L	0.000	0.188	0.001	0.187	0.000
9	A	0.000	0.188	0.000	0.188	0.000
10	G	0.000	0.188	0.000	0.188	0.000
11	I	0.000	0.188	0.000	0.185	0.003
12	A	0.000	0.188	0.000	0.171	0.017
13	W	0.000	0.188	0.000	0.154	0.034
14	W	0.000	0.188	0.000	0.108	0.081
15	T	0.000	0.188	0.000	0.071	0.117
16	S	0.001	0.187	0.000	0.022	0.165
17	R	0.005	0.182	0.000	0.002	0.180
18	L	0.000	0.182	0.000	0.001	0.180
19	Y	0.020	0.162	0.000	0.001	0.161
20	T	0.000	0.162	0.000	0.000	0.162
21	G	0.028	0.134	0.000	0.000	0.134
22	A	0.020	0.114	0.000	0.000	0.114
23	H	0.047	0.067	0.000	0.000	0.067
24	T	0.000	0.067	0.000	0.000	0.067
25	E	0.067	0.000	0.000	0.000	0.000
26	I	0.000	0.000	0.000	0.000	0.000
27	I	0.000	0.000	0.000	0.000	0.000
28	I	0.000	0.000	0.000	0.000	0.000
29	Q	0.000	0.000	0.000	0.000	0.000
30	S	0.000	0.000	0.000	0.000	0.000
31	E	0.000	0.000	0.000	0.000	0.000
32	F	0.000	0.000	0.000	0.000	0.000
33	S	0.000	0.000	0.000	0.000	0.000
34	W	0.000	0.000	0.000	0.000	0.000
35	D	0.000	0.000	0.000	0.000	0.000
36	Q	0.000	0.000	0.000	0.000	0.000
37	I	0.000	0.000	0.000	0.000	0.000
38	T	0.000	0.000	0.000	0.000	0.000
39	P	0.000	0.000	0.000	0.000	0.000
40	S	0.000	0.000	0.000	0.000	0.000
>XP_001396417.1
pos	aa	C	S	n-reg	h-reg	c-reg
1	M	0.000	0.986	0.986	0.000	0.000
2	R	0.000	0.986	0.986	0.000	0.000
3	L	0.000	0.986	0.561	0.425	0.000
4	S	0.000	0.986	0.472	0.514	0.000
5	S	0.000	0.986	0.381	0.605	0.000
6	L	0.000	0.986	0.048	0.938	0.000
7	A	0.000	0.986	0.006	0.980	0.000
8	L	0.000	0.986	0.001	0.985	0.000
9	A	0.000	0.986	0.000	0.985	0.000
10	S	0.000	0.986	0.000	0.984	0.001
11	S	0.000	0.986	0.000	0.879	0.107
12	A	0.000	0.986	0.000	0.848	0.138
13	I	0.000	0.986	0.000	0.820	0.166
14	L	0.000	0.986	0.000	0.393	0.592
15	P	0.000	0.986	0.000	0.074	0.911
16	A	0.005	0.981	0.000	0.012	0.969
17	L	0.006	0.975	0.000	0.008	0.968
18	G	0.000	0.975	0.000	0.001	0.975
19	Y	0.741	0.234	0.000	0.000	0.234
20	S	0.000	0.234	0.000	0.000	0.234
21	I	0.233	0.002	0.000	0.000	0.001
22	N	0.000	0.002	0.000	0.000	0.002
23	D	0.000	0.002	0.000	0.000	0.002
24	F	0.000	0.002	0.000	0.000	0.002
25	S	0.000	0.002	0.000	0.000	0.002
26	C	0.000	0.002	0.000	0.000	0.002
27	N	0.001	0.001	0.000	0.000	0.001
28	S	0.000	0.001	0.000	0.000	0.001
29	T	0.000	0.000	0.000	0.000	0.000
30	E	0.000	0.000	0.000	0.000	0.000
31	H	0.000	0.000	0.000	0.000	0.000
32	P	0.000	0.000	0.000	0.000	0.000
33	N	0.000	0.000	0.000	0.000	0.000
34	P	0.000	0.000	0.000	0.000	0.000
35	V	0.000	0.000	0.000	0.000	0.000
36	V	0.000	0.000	0.000	0.000	0.000
37	L	0.000	0.000	0.000	0.000	0.000
38	L	0.000	0.000	0.000	0.000	0.000
39	H	0.000	0.000	0.000	0.000	0.000
40	G	0.000	0.000	0.000	0.000	0.000
>XP_001396435.1
pos	aa	C	S	n-reg	h-reg	c-reg
1	M	0.000	0.953	0.953	0.000	0.000
2	G	0.000	0.953	0.953	0.000	0.000
3	L	0.000	0.953	0.733	0.220	0.000
4	A	0.000	0.953	0.667	0.286	0.000
5	S	0.000	0.953	0.566	0.387	0.000
6	L	0.000	0.953	0.082	0.871	0.000
7	L	0.000	0.953	0.011	0.942	0.000
8	L	0.000	0.953	0.003	0.950	0.000
9	V	0.000	0.953	0.000	0.952	0.000
10	L	0.000	0.953	0.000	0.952	0.000
11	V	0.000	0.953	0.000	0.938	0.014
12	G	0.000	0.953	0.000	0.925	0.027
13	L	0.000	0.953	0.000	0.899	0.054
14	T	0.001	0.952	0.000	0.652	0.300
15	F	0.023	0.929	0.000	0.571	0.358
16	I	0.000	0.929	0.000	0.526	0.403
17	L	0.000	0.929	0.000	0.174	0.754
18	R	0.002	0.927	0.000	0.001	0.925
19	I	0.000	0.927	0.000	0.000	0.927
20	V	0.000	0.927	0.000	0.000	0.927
21	S	0.000	0.927	0.000	0.000	0.927
22	E	0.927	0.000	0.000	0.000	0.000
23	K	0.000	0.000	0.000	0.000	0.000
24	W	0.000	0.000	0.000	0.000	0.000
25	R	0.000	0.000	0.000	0.000	0.000
26	H	0.000	0.000	0.000	0.000	0.000
27	R	0.000	0.000	0.000	0.000	0.000
28	Q	0.000	0.000	0.000	0.000	0.000
29	N	0.000	0.000	0.000	0.000	0.000
30	A	0.000	0.000	0.000	0.000	0.000
31	K	0.000	0.000	0.000	0.000	0.000
32	R	0.000	0.000	0.000	0.000	0.000
33	L	0.000	0.000	0.000	0.000	0.000
34	G	0.000	0.000	0.000	0.000	0.000
35	C	0.000	0.000	0.000	0.000	0.000
36	Q	0.000	0.000	0.000	0.000	0.000
37	P	0.000	0.000	0.000	0.000	0.000
38	A	0.000	0.000	0.000	0.000	0.000
39	P	0.000	0.000	0.000	0.000	0.000
40	M	0.000	0.000	0.000	0.000	0.000
>XP_001396440.2
pos	aa	C	S	n-reg	h-reg	c-reg
1	M	0.000	0.548	0.548	0.000	0.000
2	G	0.000	0.811	0.811	0.000	0.000
3	K	0.000	0.811	0.811	0.000	0.000
4	F	0.000	0.811	0.811	0.000	0.000
5	T	0.000	0.811	0.811	0.000	0.000
6	Y	0.000	0.811	0.811	0.000	0.000
7	E	0.000	0.811	0.811	0.000	0.000
8	D	0.000	0.811	0.809	0.003	0.000
9	G	0.000	0.811	0.702	0.109	0.000
10	I	0.000	0.811	0.545	0.267	0.000
11	A	0.000	0.811	0.472	0.339	0.000
12	L	0.000	0.811	0.381	0.430	0.000
13	L	0.000	0.811	0.327	0.485	0.000
14	Q	0.000	0.811	0.309	0.503	0.000
15	L	0.000	0.811	0.177	0.635	0.000
16	I	0.000	0.811	0.123	0.688	0.000
17	A	0.000	0.811	0.088	0.721	0.002
18	F	0.000	0.811	0.054	0.751	0.007
19	V	0.000	0.811	0.038	0.761	0.013
20	P	0.000	0.811	0.032	0.729	0.050
21	C	0.000	0.811	0.010	0.718	0.083
22	L	0.001	0.811	0.005	0.691	0.114
23	F	0.000	0.810	0.005	0.640	0.166
24	L	0.000	0.810	0.005	0.602	0.203
25	A	0.006	0.802	0.005	0.511	0.287
26	L	0.011	0.789	0.005	0.495	0.290
27	L	0.001	0.782	0.005	0.391	0.386
28	L	0.029	0.733	0.005	0.337	0.391
29	C	0.006	0.670	0.005	0.223	0.442
30	Y	0.136	0.446	0.005	0.106	0.336
31	Q	0.000	0.373	0.005	0.020	0.349
32	Q	0.155	0.207	0.005	0.005	0.198
33	G	0.000	0.205	0.005	0.003	0.198
34	M	0.026	0.178	0.005	0.001	0.172
35	K	0.000	0.177	0.005	0.000	0.173
36	A	0.000	0.177	0.005	0.000	0.173
37	V	0.037	0.140	0.004	0.000	0.135
38	A	0.000	0.140	0.004	0.000	0.135
39	S	0.034	0.106	0.004	0.000	0.102
40	C	0.007	0.100	0.004	0.001	0.095
>XP_001396445.2
pos	aa	C	S	n-reg	h-reg	c-reg
1	M	0.000	0.121	0.121	0.000	0.000
2	A	0.000	0.121	0.121	0.000	0.000
3	L	0.000	0.121	0.121	0.000	0.000
4	K	0.000	0.121	0.121	0.000	0.000
5	T	0.000	0.121	0.119	0.002	0.000
6	F	0.000	0.121	0.116	0.005	0.000
7	T	0.000	0.121	0.115	0.007	0.000
8	F	0.000	0.121	0.114	0.007	0.000
9	L	0.000	0.121	0.113	0.008	0.000
10	I	0.000	0.121	0.113	0.008	0.000
11	S	0.000	0.121	0.113	0.007	0.000
12	N	0.000	0.121	0.113	0.007	0.000
13	Y	0.000	0.121	0.113	0.007	0.001
14	S	0.000	0.121	0.113	0.006	0.002
15	V	0.000	0.121	0.113	0.006	0.002
16	G	0.000	0.121	0.113	0.004	0.004
17	M	0.000	0.121	0.113	0.003	0.006
18	S	0.000	0.121	0.113	0.001	0.007
19	R	0.001	0.120	0.112	0.001	0.007
20	W	0.000	0.120	0.096	0.017	0.007
21	W	0.000	0.120	0.080	0.033	0.007
22	L	0.000	0.120	0.061	0.053	0.007
23	A	0.000	0.120	0.055	0.058	0.007
24	S	0.000	0.120	0.052	0.061	0.007
25	T	0.000	0.120	0.049	0.064	0.007
26	S	0.001	0.119	0.045	0.068	0.006
27	F	0.001	0.118	0.039	0.073	0.006
28	P	0.000	0.118	0.037	0.072	0.008
29	V	0.000	0.118	0.025	0.084	0.009
30	L	0.000	0.118	0.020	0.086	0.012
31	A	0.000	0.118	0.019	0.068	0.031
32	G	0.004	0.114	0.018	0.044	0.052
33	T	0.001	0.113	0.013	0.046	0.054
34	I	0.001	0.113	0.008	0.044	0.060
35	S	0.000	0.113	0.006	0.041	0.065
36	A	0.015	0.098	0.004	0.042	0.052
37	M	0.027	0.071	0.002	0.040	0.030
38	A	0.000	0.071	0.001	0.032	0.038
39	T	0.016	0.055	0.000	0.030	0.025
40	I	0.001	0.055	0.000	0.029	0.026
>XP_001396449.1
pos	aa	C	S	n-reg	h-reg	c-reg
1	M	0.000	0.964	0.964	0.000	0.000
2	R	0.000	0.964	0.964	0.000	0.000
3	Y	0.000	0.964	0.877	0.087	0.000
4	S	0.000	0.964	0.737	0.227	0.000
5	S	0.000	0.964	0.579	0.385	0.000
6	V	0.000	0.964	0.107	0.857	0.000
7	A	0.000	0.964	0.065	0.899	0.000
8	V	0.000	0.964	0.055	0.909	0.000
9	P	0.000	0.964	0.047	0.917	0.000
10	L	0.000	0.964	0.010	0.954	0.000
11	A	0.000	0.964	0.005	0.947	0.012
12	F	0.000	0.964	0.002	0.899	0.063
13	A	0.000	0.964	0.001	0.801	0.162
14	A	0.000	0.964	0.000	0.237	0.726
15	R	0.000	0.964	0.000	0.117	0.846
16	A	0.000	0.964	0.000	0.103	0.861
17	A	0.126	0.838	0.000	0.077	0.761
18	A	0.038	0.800	0.000	0.064	0.735
19	V	0.506	0.293	0.000	0.052	0.241
20	T	0.000	0.293	0.000	0.043	0.250
21	S	0.020	0.273	0.000	0.004	0.269
22	D	0.128	0.145	0.000	0.000	0.145
23	A	0.000	0.145	0.000	0.000	0.145
24	W	0.069	0.076	0.000	0.000	0.075
25	A	0.000	0.076	0.000	0.000	0.076
26	F	0.059	0.016	0.000	0.000	0.016
27	G	0.000	0.016	0.000	0.000	0.016
28	N	0.005	0.011	0.000	0.000	0.011
29	G	0.000	0.011	0.000	0.000	0.011
30	F	0.008	0.003	0.000	0.000	0.003
31	Y	0.000	0.003	0.000	0.000	0.003
32	T	0.000	0.003	0.000	0.000	0.003
33	G	0.000	0.003	0.000	0.000	0.003
34	P	0.000	0.003	0.000	0.000	0.003
35	P	0.000	0.003	0.000	0.000	0.003
36	T	0.000	0.003	0.000	0.000	0.003
37	N	0.000	0.003	0.000	0.000	0.003
38	A	0.000	0.003	0.000	0.000	0.003
39	H	0.003	0.000	0.000	0.000	0.000
40	I	0.000	0.000	0.000	0.000	0.000
>XP_001396501.2
pos	aa	C	S	n-reg	h-reg	c-reg
1	M	0.000	0.444	0.444	0.000	0.000
2	A	0.000	0.529	0.529	0.000	0.000
3	I	0.000	0.529	0.282	0.248	0.000
4	G	0.000	0.529	0.246	0.283	0.000
5	M	0.000	0.529	0.199	0.331	0.000
6	F	0.000	0.529	0.091	0.439	0.000
7	V	0.000	0.529	0.086	0.443	0.000
8	I	0.000	0.529	0.086	0.444	0.000
9	L	0.000	0.529	0.086	0.444	0.000
10	L	0.000	0.529	0.086	0.443	0.001
11	R	0.000	0.529	0.086	0.294	0.150
12	L	0.000	0.529	0.086	0.274	0.169
13	Y	0.000	0.529	0.086	0.242	0.202
14	A	0.000	0.529	0.086	0.023	0.420
15	R	0.023	0.506	0.086	0.003	0.418
16	T	0.000	0.506	0.086	0.000	0.421
17	R	0.039	0.467	0.086	0.000	0.381
18	A	0.000	0.467	0.086	0.000	0.381
19	V	0.362	0.105	0.086	0.000	0.019
20	G	0.000	0.105	0.086	0.000	0.019
21	F	0.019	0.086	0.086	0.000	0.000
22	R	0.000	0.086	0.086	0.000	0.000
23	K	0.000	0.086	0.086	0.000	0.000
24	W	0.000	0.086	0.086	0.000	0.000
25	Q	0.000	0.086	0.086	0.000	0.000
26	G	0.000	0.086	0.086	0.000	0.000
27	D	0.000	0.086	0.086	0.000	0.000
28	D	0.000	0.086	0.085	0.000	0.000
29	Y	0.000	0.086	0.079	0.006	0.000
30	L	0.000	0.086	0.079	0.006	0.000
31	G	0.000	0.086	0.079	0.006	0.000
32	I	0.000	0.086	0.079	0.006	0.000
33	V	0.000	0.086	0.079	0.006	0.000
34	V	0.000	0.086	0.079	0.006	0.000
35	L	0.000	0.086	0.079	0.006	0.000
36	V	0.000	0.086	0.079	0.006	0.000
37	L	0.000	0.086	0.079	0.006	0.000
38	W	0.000	0.086	0.079	0.006	0.000
39	V	0.000	0.086	0.079	0.006	0.000
40	T	0.000	0.086	0.079	0.006	0.000
>XP_001396512.1
pos	aa	C	S	n-reg	h-reg	c-reg
1	M	0.000	0.497	0.497	0.000	0.000
2	L	0.000	0.497	0.497	0.000	0.000
3	R	0.000	0.497	0.497	0.000	0.000
4	N	0.000	0.497	0.478	0.019	0.000
5	T	0.000	0.497	0.353	0.144	0.000
6	L	0.000	0.497	0.056	0.441	0.000
7	P	0.000	0.497	0.040	0.457	0.000
8	T	0.000	0.497	0.005	0.492	0.000
9	L	0.000	0.497	0.000	0.497	0.000
10	L	0.000	0.497	0.000	0.497	0.000
11	G	0.000	0.497	0.000	0.497	0.000
12	L	0.000	0.497	0.000	0.495	0.002
13	A	0.000	0.497	0.000	0.468	0.029
14	S	0.000	0.497	0.000	0.149	0.348
15	F	0.000	0.497	0.000	0.112	0.386
16	S	0.000	0.497	0.000	0.015	0.483
17	S	0.001	0.497	0.000	0.002	0.495
18	A	0.001	0.495	0.000	0.001	0.494
19	A	0.358	0.137	0.000	0.000	0.137
20	L	0.060	0.077	0.000	0.000	0.077
21	Y	0.074	0.003	0.000	0.000	0.003
22	E	0.000	0.003	0.000	0.000	0.003
23	T	0.000	0.003	0.000	0.000	0.003
24	K	0.003	0.001	0.000	0.000	0.001
25	I	0.000	0.001	0.000	0.000	0.001
26	E	0.000	0.001	0.000	0.000	0.001
27	T	0.000	0.001	0.000	0.000	0.001
28	K	0.001	0.000	0.000	0.000	0.000
29	Y	0.000	0.000	0.000	0.000	0.000
30	G	0.000	0.000	0.000	0.000	0.000
31	S	0.000	0.000	0.000	0.000	0.000
32	V	0.000	0.000	0.000	0.000	0.000
33	Q	0.000	0.000	0.000	0.000	0.000
34	G	0.000	0.000	0.000	0.000	0.000
35	Y	0.000	0.000	0.000	0.000	0.000
36	P	0.000	0.000	0.000	0.000	0.000
37	A	0.000	0.000	0.000	0.000	0.000
38	F	0.000	0.000	0.000	0.000	0.000
39	N	0.000	0.000	0.000	0.000	0.000
40	S	0.000	0.000	0.000	0.000	0.000
>XP_001396513.1
pos	aa	C	S	n-reg	h-reg	c-reg
1	M	0.000	0.857	0.857	0.000	0.000
2	R	0.000	0.857	0.857	0.000	0.000
3	N	0.000	0.857	0.797	0.061	0.000
4	L	0.000	0.857	0.050	0.807	0.000
5	V	0.000	0.857	0.034	0.824	0.000
6	P	0.000	0.857	0.026	0.832	0.000
7	L	0.000	0.857	0.001	0.856	0.000
8	A	0.000	0.857	0.000	0.857	0.000
9	A	0.000	0.857	0.000	0.857	0.000
10	A	0.000	0.857	0.000	0.857	0.000
11	V	0.000	0.857	0.000	0.849	0.009
12	G	0.000	0.857	0.000	0.142	0.715
13	A	0.000	0.857	0.000	0.108	0.749
14	A	0.000	0.857	0.000	0.080	0.777
15	H	0.001	0.857	0.000	0.016	0.840
16	A	0.000	0.857	0.000	0.001	0.855
17	A	0.710	0.146	0.000	0.001	0.146
18	S	0.001	0.145	0.000	0.000	0.145
19	L	0.012	0.133	0.000	0.000	0.133
20	S	0.082	0.051	0.000	0.000	0.051
21	D	0.051	0.000	0.000	0.000	0.000
22	I	0.000	0.000	0.000	0.000	0.000
23	C	0.000	0.000	0.000	0.000	0.000
24	N	0.000	0.000	0.000	0.000	0.000
25	D	0.000	0.000	0.000	0.000	0.000
26	A	0.000	0.000	0.000	0.000	0.000
27	Y	0.000	0.000	0.000	0.000	0.000
28	I	0.000	0.000	0.000	0.000	0.000
29	K	0.000	0.000	0.000	0.000	0.000
30	A	0.000	0.000	0.000	0.000	0.000
31	A	0.000	0.000	0.000	0.000	0.000
32	L	0.000	0.000	0.000	0.000	0.000
33	P	0.000	0.000	0.000	0.000	0.000
34	A	0.000	0.000	0.000	0.000	0.000
35	D	0.000	0.000	0.000	0.000	0.000
36	G	0.000	0.000	0.000	0.000	0.000
37	T	0.000	0.000	0.000	0.000	0.000
38	F	0.000	0.000	0.000	0.000	0.000
39	Q	0.000	0.000	0.000	0.000	0.000
40	G	0.000	0.000	0.000	0.000	0.000
>XP_001396538.2
pos	aa	C	S	n-reg	h-reg	c-reg
1	M	0.000	0.124	0.124	0.000	0.000
2	Q	0.000	0.133	0.133	0.000	0.000
3	L	0.000	0.133	0.133	0.000	0.000
4	F	0.000	0.133	0.133	0.000	0.000
5	T	0.000	0.133	0.133	0.000	0.000
6	E	0.000	0.133	0.133	0.000	0.000
7	I	0.000	0.133	0.132	0.001	0.000
8	I	0.000	0.133	0.132	0.001	0.000
9	P	0.000	0.133	0.132	0.001	0.000
10	P	0.000	0.133	0.131	0.002	0.000
11	A	0.000	0.133	0.125	0.008	0.000
12	Y	0.000	0.133	0.119	0.014	0.000
13	F	0.000	0.133	0.105	0.028	0.000
14	L	0.000	0.133	0.097	0.036	0.000
15	P	0.000	0.133	0.094	0.039	0.000
16	G	0.000	0.133	0.073	0.060	0.000
17	F	0.000	0.133	0.026	0.106	0.000
18	C	0.000	0.133	0.007	0.125	0.001
19	L	0.000	0.133	0.002	0.130	0.001
20	T	0.000	0.133	0.001	0.130	0.002
21	V	0.000	0.133	0.000	0.130	0.003
22	A	0.000	0.133	0.000	0.128	0.005
23	V	0.000	0.133	0.000	0.120	0.013
24	L	0.000	0.133	0.000	0.114	0.018
25	V	0.000	0.132	0.000	0.097	0.036
26	L	0.000	0.132	0.000	0.089	0.042
27	L	0.001	0.130	0.000	0.066	0.065
28	S	0.014	0.115	0.000	0.044	0.071
29	C	0.007	0.106	0.000	0.010	0.097
30	V	0.016	0.088	0.000	0.006	0.083
31	Q	0.000	0.084	0.000	0.001	0.084
32	N	0.034	0.050	0.000	0.000	0.050
33	A	0.000	0.050	0.000	0.000	0.050
34	I	0.049	0.000	0.000	0.000	0.000
35	H	0.000	0.000	0.000	0.000	0.000
36	N	0.000	0.000	0.000	0.000	0.000
37	L	0.000	0.000	0.000	0.000	0.000
38	P	0.000	0.000	0.000	0.000	0.000
39	Y	0.000	0.000	0.000	0.000	0.000
40	Y	0.000	0.000	0.000	0.000	0.000
>XP_001396542.2
pos	aa	C	S	n-reg	h-reg	c-reg
1	M	0.000	0.024	0.024	0.000	0.000
2	A	0.000	0.024	0.024	0.000	0.000
3	I	0.000	0.024	0.024	0.000	0.000
4	L	0.000	0.024	0.024	0.000	0.000
5	P	0.000	0.024	0.024	0.000	0.000
6	R	0.000	0.024	0.024	0.000	0.000
7	S	0.000	0.024	0.023	0.001	0.000
8	W	0.000	0.024	0.021	0.003	0.000
9	A	0.000	0.024	0.016	0.008	0.000
10	I	0.000	0.024	0.012	0.012	0.000
11	I	0.000	0.024	0.007	0.017	0.000
12	I	0.000	0.024	0.005	0.019	0.000
13	A	0.000	0.024	0.004	0.020	0.000
14	N	0.000	0.024	0.004	0.020	0.000
15	V	0.000	0.024	0.001	0.023	0.000
16	L	0.000	0.024	0.000	0.024	0.000
17	T	0.000	0.024	0.000	0.022	0.001
18	P	0.000	0.024	0.000	0.020	0.004
19	L	0.000	0.024	0.000	0.019	0.005
20	A	0.000	0.024	0.000	0.017	0.006
21	V	0.000	0.024	0.000	0.013	0.011
22	L	0.000	0.024	0.000	0.012	0.012
23	V	0.001	0.023	0.000	0.002	0.020
24	F	0.000	0.023	0.000	0.001	0.022
25	S	0.000	0.023	0.000	0.000	0.023
26	S	0.010	0.013	0.000	0.000	0.013
27	G	0.000	0.013	0.000	0.000	0.013
28	F	0.012	0.000	0.000	0.000	0.000
29	F	0.000	0.000	0.000	0.000	0.000
30	P	0.000	0.000	0.000	0.000	0.000
31	Y	0.000	0.000	0.000	0.000	0.000
32	K	0.000	0.000	0.000	0.000	0.000
33	P	0.000	0.000	0.000	0.000	0.000
34	L	0.000	0.000	0.000	0.000	0.000
35	I	0.000	0.000	0.000	0.000	0.000
36	P	0.000	0.000	0.000	0.000	0.000
37	G	0.000	0.000	0.000	0.000	0.000
38	L	0.000	0.000	0.000	0.000	0.000
39	A	0.000	0.000	0.000	0.000	0.000
40	K	0.000	0.000	0.000	0.000	0.000
>XP_001396548.1
pos	aa	C	S	n-reg	h-reg	c-reg
1	M	0.000	0.891	0.891	0.000	0.000
2	A	0.000	0.966	0.966	0.000	0.000
3	Y	0.000	0.967	0.869	0.098	0.000
4	Y	0.000	0.966	0.594	0.372	0.000
5	L	0.000	0.966	0.304	0.662	0.000
6	L	0.000	0.967	0.162	0.804	0.000
7	Y	0.000	0.966	0.099	0.867	0.000
8	F	0.000	0.966	0.054	0.913	0.000
9	L	0.000	0.966	0.020	0.946	0.000
10	T	0.000	0.966	0.011	0.955	0.000
11	I	0.000	0.966	0.004	0.958	0.004
12	S	0.000	0.966	0.003	0.886	0.078
13	V	0.000	0.966	0.000	0.829	0.137
14	V	0.000	0.966	0.000	0.758	0.209
15	V	0.000	0.966	0.000	0.410	0.556
16	C	0.000	0.966	0.000	0.256	0.710
17	G	0.048	0.918	0.000	0.149	0.769
18	T	0.071	0.847	0.000	0.114	0.734
19	A	0.044	0.802	0.000	0.108	0.695
20	L	0.509	0.290	0.000	0.103	0.188
21	Y	0.075	0.206	0.000	0.065	0.141
22	L	0.000	0.197	0.000	0.054	0.142
23	T	0.013	0.156	0.000	0.025	0.131
24	R	0.002	0.129	0.000	0.000	0.129
25	S	0.000	0.129	0.000	0.000	0.129
26	R	0.126	0.003	0.000	0.000	0.003
27	W	0.000	0.003	0.000	0.000	0.003
28	L	0.000	0.003	0.000	0.000	0.003
29	P	0.000	0.003	0.000	0.000	0.003
30	L	0.000	0.002	0.000	0.000	0.002
31	L	0.001	0.002	0.000	0.000	0.002
32	P	0.000	0.002	0.000	0.000	0.002
33	V	0.002	0.000	0.000	0.000	0.000
34	P	0.000	0.000	0.000	0.000	0.000
35	D	0.000	0.000	0.000	0.000	0.000
36	Y	0.000	0.000	0.000	0.000	0.000
37	I	0.000	0.000	0.000	0.000	0.000
38	Y	0.000	0.000	0.000	0.000	0.000
39	D	0.000	0.000	0.000	0.000	0.000
40	R	0.000	0.000	0.000	0.000	0.000
>XP_001396579.1
pos	aa	C	S	n-reg	h-reg	c-reg
1	M	0.000	0.036	0.036	0.000	0.000
2	G	0.000	0.921	0.921	0.000	0.000
3	S	0.000	0.921	0.921	0.000	0.000
4	A	0.000	0.921	0.921	0.000	0.000
5	T	0.000	0.921	0.921	0.000	0.000
6	N	0.000	0.921	0.921	0.000	0.000
7	F	0.000	0.921	0.920	0.000	0.000
8	A	0.000	0.921	0.920	0.000	0.000
9	K	0.000	0.921	0.920	0.000	0.000
10	T	0.000	0.921	0.593	0.328	0.000
11	I	0.000	0.921	0.299	0.622	0.000
12	I	0.000	0.921	0.211	0.710	0.000
13	I	0.000	0.921	0.183	0.737	0.000
14	P	0.000	0.921	0.175	0.746	0.000
15	A	0.000	0.921	0.102	0.818	0.000
16	F	0.000	0.921	0.050	0.870	0.000
17	I	0.000	0.921	0.027	0.894	0.000
18	S	0.000	0.921	0.019	0.900	0.001
19	L	0.000	0.921	0.006	0.913	0.002
20	T	0.000	0.921	0.003	0.914	0.003
21	L	0.000	0.920	0.001	0.916	0.004
22	Y	0.000	0.920	0.000	0.894	0.026
23	L	0.000	0.919	0.000	0.891	0.028
24	L	0.000	0.916	0.000	0.886	0.030
25	F	0.000	0.909	0.000	0.879	0.030
26	S	0.000	0.893	0.000	0.862	0.031
27	F	0.028	0.856	0.000	0.851	0.005
28	V	0.000	0.835	0.000	0.830	0.006
29	I	0.000	0.783	0.000	0.777	0.006
30	I	0.000	0.655	0.000	0.649	0.006
31	P	0.000	0.343	0.000	0.336	0.006
32	F	0.006	0.298	0.000	0.298	0.001
33	F	0.000	0.209	0.000	0.208	0.001
34	R	0.000	0.001	0.000	0.000	0.001
35	R	0.000	0.001	0.000	0.000	0.001
36	Y	0.000	0.001	0.000	0.000	0.001
37	H	0.000	0.001	0.000	0.000	0.001
38	Q	0.000	0.001	0.000	0.000	0.001
39	R	0.000	0.001	0.000	0.000	0.001
40	Y	0.000	0.001	0.000	0.000	0.001
>XP_001396591.1
pos	aa	C	S	n-reg	h-reg	c-reg
1	M	0.000	0.871	0.871	0.000	0.000
2	T	0.000	1.000	1.000	0.000	0.000
3	A	0.000	1.000	1.000	0.000	0.000
4	G	0.000	1.000	1.000	0.000	0.000
5	L	0.000	1.000	0.999	0.000	0.000
6	K	0.000	1.000	0.999	0.001	0.000
7	T	0.000	1.000	0.896	0.104	0.000
8	I	0.000	1.000	0.781	0.219	0.000
9	I	0.000	1.000	0.704	0.296	0.000
10	A	0.000	1.000	0.639	0.361	0.000
11	L	0.000	1.000	0.512	0.488	0.000
12	S	0.000	1.000	0.441	0.559	0.000
13	F	0.000	1.000	0.192	0.808	0.000
14	V	0.000	1.000	0.065	0.934	0.000
15	L	0.000	1.000	0.027	0.972	0.001
16	A	0.000	1.000	0.018	0.976	0.007
17	I	0.000	1.000	0.009	0.979	0.011
18	G	0.000	1.000	0.007	0.949	0.043
19	F	0.000	0.999	0.002	0.912	0.085
20	L	0.000	0.999	0.001	0.863	0.136
21	L	0.001	0.998	0.000	0.817	0.181
22	V	0.000	0.997	0.000	0.736	0.261
23	I	0.000	0.994	0.000	0.605	0.389
24	L	0.000	0.988	0.000	0.449	0.539
25	S	0.002	0.967	0.000	0.172	0.794
26	S	0.014	0.943	0.000	0.113	0.830
27	A	0.063	0.876	0.000	0.100	0.776
28	L	0.189	0.683	0.000	0.092	0.591
29	W	0.008	0.660	0.000	0.072	0.588
30	H	0.000	0.640	0.000	0.050	0.590
31	N	0.000	0.637	0.000	0.044	0.593
32	F	0.000	0.637	0.000	0.044	0.593
33	L	0.000	0.637	0.000	0.044	0.594
34	P	0.000	0.637	0.000	0.043	0.593
35	L	0.002	0.635	0.000	0.043	0.592
36	V	0.000	0.634	0.000	0.043	0.591
37	V	0.000	0.634	0.000	0.043	0.591
38	V	0.000	0.633	0.000	0.042	0.591
39	A	0.000	0.631	0.000	0.040	0.591
40	T	0.564	0.065	0.000	0.037	0.028
>XP_001396601.2
pos	aa	C	S	n-reg	h-reg	c-reg
1	M	0.000	0.947	0.947	0.000	0.000
2	K	0.000	0.947	0.947	0.000	0.000
3	S	0.000	0.947	0.864	0.083	0.000
4	T	0.000	0.947	0.682	0.265	0.000
5	S	0.000	0.947	0.491	0.456	0.000
6	I	0.000	0.947	0.105	0.843	0.000
7	L	0.000	0.947	0.025	0.922	0.000
8	S	0.000	0.947	0.017	0.930	0.000
9	T	0.000	0.947	0.003	0.944	0.000
10	M	0.000	0.947	0.001	0.947	0.000
11	C	0.000	0.947	0.000	0.936	0.011
12	I	0.000	0.947	0.000	0.880	0.067
13	M	0.000	0.947	0.000	0.694	0.253
14	P	0.000	0.947	0.000	0.506	0.442
15	L	0.000	0.947	0.000	0.358	0.589
16	L	0.000	0.947	0.000	0.275	0.672
17	A	0.000	0.947	0.000	0.035	0.913
18	Y	0.017	0.931	0.000	0.003	0.927
19	A	0.000	0.931	0.000	0.001	0.930
20	S	0.796	0.135	0.000	0.000	0.134
21	P	0.000	0.134	0.000	0.000	0.134
22	A	0.095	0.040	0.000	0.000	0.040
23	G	0.037	0.003	0.000	0.000	0.003
24	R	0.003	0.000	0.000	0.000	0.000
25	I	0.000	0.000	0.000	0.000	0.000
26	R	0.000	0.000	0.000	0.000	0.000
27	V	0.000	0.000	0.000	0.000	0.000
28	R	0.000	0.000	0.000	0.000	0.000
29	D	0.000	0.000	0.000	0.000	0.000
30	N	0.000	0.000	0.000	0.000	0.000
31	S	0.000	0.000	0.000	0.000	0.000
32	A	0.000	0.000	0.000	0.000	0.000
33	L	0.000	0.000	0.000	0.000	0.000
34	T	0.000	0.000	0.000	0.000	0.000
35	V	0.000	0.000	0.000	0.000	0.000
36	A	0.000	0.000	0.000	0.000	0.000
37	Q	0.000	0.000	0.000	0.000	0.000
38	L	0.000	0.000	0.000	0.000	0.000
39	E	0.000	0.000	0.000	0.000	0.000
40	A	0.000	0.000	0.000	0.000	0.000
>XP_001396602.1
pos	aa	C	S	n-reg	h-reg	c-reg
1	M	0.000	0.967	0.967	0.000	0.000
2	R	0.000	0.968	0.968	0.000	0.000
3	R	0.000	0.968	0.968	0.000	0.000
4	G	0.000	0.968	0.914	0.054	0.000
5	L	0.000	0.968	0.646	0.322	0.000
6	L	0.000	0.968	0.316	0.652	0.000
7	I	0.000	0.968	0.214	0.754	0.000
8	F	0.000	0.968	0.176	0.792	0.000
9	L	0.000	0.968	0.122	0.846	0.000
10	I	0.000	0.968	0.110	0.858	0.000
11	A	0.000	0.968	0.107	0.861	0.000
12	N	0.000	0.968	0.105	0.855	0.008
13	L	0.000	0.968	0.084	0.873	0.011
14	I	0.000	0.968	0.082	0.869	0.017
15	I	0.000	0.968	0.081	0.844	0.043
16	V	0.000	0.968	0.078	0.791	0.099
17	T	0.000	0.968	0.076	0.479	0.413
18	F	0.007	0.961	0.073	0.201	0.687
19	L	0.000	0.961	0.070	0.146	0.745
20	V	0.034	0.927	0.068	0.108	0.751
21	R	0.000	0.926	0.068	0.024	0.834
22	S	0.000	0.926	0.049	0.042	0.835
23	V	0.274	0.651	0.014	0.075	0.562
24	F	0.000	0.651	0.000	0.087	0.564
25	T	0.000	0.651	0.000	0.083	0.568
26	L	0.319	0.332	0.000	0.083	0.250
27	L	0.001	0.332	0.000	0.082	0.250
28	S	0.005	0.327	0.000	0.076	0.250
29	L	0.030	0.296	0.000	0.074	0.222
30	L	0.006	0.290	0.000	0.071	0.220
31	V	0.001	0.289	0.000	0.061	0.228
32	E	0.000	0.289	0.000	0.001	0.288
33	D	0.000	0.289	0.000	0.000	0.289
34	A	0.000	0.289	0.000	0.000	0.289
35	S	0.001	0.288	0.000	0.000	0.288
36	A	0.002	0.287	0.000	0.000	0.287
37	D	0.262	0.024	0.000	0.000	0.024
38	A	0.000	0.024	0.000	0.000	0.024
39	I	0.023	0.002	0.000	0.000	0.002
40	H	0.000	0.002	0.000	0.000	0.002
>XP_001396606.1
pos	aa	C	S	n-reg	h-reg	c-reg
1	M	0.000	0.215	0.215	0.000	0.000
2	S	0.000	0.217	0.217	0.000	0.000
3	F	0.000	0.217	0.216	0.001	0.000
4	V	0.000	0.217	0.216	0.001	0.000
5	D	0.000	0.217	0.216	0.001	0.000
6	T	0.000	0.217	0.208	0.009	0.000
7	P	0.000	0.217	0.201	0.016	0.000
8	I	0.000	0.217	0.170	0.047	0.000
9	S	0.000	0.217	0.132	0.085	0.000
10	L	0.000	0.217	0.066	0.151	0.000
11	L	0.000	0.217	0.054	0.163	0.000
12	S	0.000	0.217	0.051	0.166	0.000
13	T	0.000	0.217	0.040	0.176	0.000
14	F	0.000	0.217	0.027	0.188	0.002
15	S	0.000	0.217	0.022	0.190	0.004
16	I	0.000	0.217	0.016	0.195	0.006
17	P	0.000	0.217	0.014	0.178	0.025
18	L	0.000	0.217	0.002	0.181	0.033
19	L	0.000	0.217	0.001	0.172	0.045
20	V	0.000	0.217	0.000	0.154	0.062
21	A	0.000	0.217	0.000	0.068	0.148
22	G	0.015	0.202	0.000	0.053	0.149
23	L	0.008	0.194	0.000	0.048	0.146
24	L	0.002	0.191	0.000	0.045	0.146
25	G	0.002	0.189	0.000	0.027	0.162
26	M	0.114	0.075	0.000	0.013	0.061
27	G	0.000	0.075	0.000	0.010	0.065
28	L	0.009	0.065	0.000	0.009	0.056
29	L	0.001	0.064	0.000	0.009	0.055
30	S	0.026	0.038	0.000	0.002	0.036
31	W	0.026	0.012	0.000	0.001	0.010
32	I	0.000	0.011	0.000	0.001	0.010
33	R	0.000	0.011	0.000	0.000	0.011
34	P	0.000	0.011	0.000	0.000	0.011
35	N	0.009	0.002	0.000	0.000	0.002
36	G	0.000	0.002	0.000	0.000	0.002
37	R	0.001	0.001	0.000	0.000	0.001
38	I	0.000	0.001	0.000	0.000	0.001
39	A	0.000	0.001	0.000	0.000	0.001
40	Y	0.001	0.000	0.000	0.000	0.000
