>XP_001393530.2
pos	aa	C	S	n-reg	h-reg	c-reg
1	M	0.000	0.967	0.967	0.000	0.000
2	K	0.000	0.968	0.968	0.000	0.000
3	V	0.000	0.968	0.637	0.331	0.000
4	S	0.000	0.968	0.454	0.514	0.000
5	S	0.000	0.968	0.133	0.835	0.000
6	L	0.000	0.968	0.060	0.908	0.000
7	P	0.000	0.968	0.048	0.920	0.000
8	I	0.000	0.968	0.026	0.942	0.000
9	L	0.000	0.968	0.014	0.954	0.000
10	A	0.000	0.968	0.010	0.957	0.000
11	F	0.000	0.968	0.007	0.942	0.018
12	L	0.000	0.968	0.006	0.916	0.045
13	P	0.000	0.968	0.006	0.160	0.803
14	T	0.000	0.968	0.004	0.119	0.845
15	S	0.000	0.968	0.002	0.081	0.884
16	L	0.000	0.968	0.000	0.078	0.890
17	A	0.010	0.957	0.000	0.062	0.895
18	T	0.807	0.150	0.000	0.036	0.114
19	T	0.015	0.136	0.000	0.025	0.111
20	I	0.033	0.103	0.000	0.017	0.086
21	Y	0.000	0.103	0.000	0.011	0.092
22	L	0.000	0.103	0.000	0.008	0.095
23	A	0.041	0.062	0.000	0.006	0.056
24	G	0.015	0.047	0.000	0.004	0.043
25	D	0.019	0.028	0.000	0.000	0.028
26	S	0.000	0.028	0.000	0.000	0.028
27	T	0.002	0.026	0.000	0.000	0.026
28	M	0.001	0.025	0.000	0.000	0.025
29	A	0.000	0.025	0.000	0.000	0.025
30	T	0.013	0.012	0.000	0.000	0.012
31	G	0.000	0.011	0.000	0.000	0.011
32	G	0.001	0.010	0.000	0.000	0.010
33	G	0.000	0.010	0.000	0.000	0.010
34	G	0.000	0.009	0.000	0.000	0.009
35	W	0.001	0.008	0.000	0.000	0.008
36	G	0.000	0.008	0.000	0.000	0.008
37	D	0.008	0.000	0.000	0.000	0.000
38	Y	0.000	0.000	0.000	0.000	0.000
39	V	0.000	0.000	0.000	0.000	0.000
40	A	0.000	0.000	0.000	0.000	0.000
>XP_001393532.1
pos	aa	C	S	n-reg	h-reg	c-reg
1	M	0.000	0.994	0.994	0.000	0.000
2	F	0.000	0.994	0.994	0.000	0.000
3	L	0.000	0.994	0.994	0.000	0.000
4	R	0.000	0.994	0.994	0.000	0.000
5	R	0.000	0.994	0.993	0.001	0.000
6	E	0.000	0.994	0.925	0.069	0.000
7	F	0.000	0.994	0.266	0.728	0.000
8	G	0.000	0.994	0.184	0.810	0.000
9	A	0.000	0.994	0.013	0.981	0.000
10	V	0.000	0.994	0.001	0.993	0.000
11	A	0.000	0.994	0.000	0.994	0.000
12	A	0.000	0.994	0.000	0.994	0.000
13	L	0.000	0.994	0.000	0.994	0.000
14	S	0.000	0.994	0.000	0.985	0.009
15	V	0.000	0.994	0.000	0.556	0.438
16	L	0.000	0.994	0.000	0.454	0.539
17	A	0.000	0.994	0.000	0.059	0.934
18	H	0.003	0.991	0.000	0.007	0.984
19	A	0.000	0.991	0.000	0.003	0.988
20	A	0.760	0.231	0.000	0.000	0.231
21	P	0.000	0.231	0.000	0.000	0.231
22	A	0.176	0.055	0.000	0.000	0.055
23	P	0.030	0.025	0.000	0.000	0.025
24	A	0.004	0.022	0.000	0.000	0.022
25	P	0.020	0.001	0.000	0.000	0.001
26	M	0.001	0.000	0.000	0.000	0.000
27	Q	0.000	0.000	0.000	0.000	0.000
28	R	0.000	0.000	0.000	0.000	0.000
29	R	0.000	0.000	0.000	0.000	0.000
30	D	0.000	0.000	0.000	0.000	0.000
31	I	0.000	0.000	0.000	0.000	0.000
32	S	0.000	0.000	0.000	0.000	0.000
33	S	0.000	0.000	0.000	0.000	0.000
34	T	0.000	0.000	0.000	0.000	0.000
35	V	0.000	0.000	0.000	0.000	0.000
36	L	0.000	0.000	0.000	0.000	0.000
37	D	0.000	0.000	0.000	0.000	0.000
38	N	0.000	0.000	0.000	0.000	0.000
39	I	0.000	0.000	0.000	0.000	0.000
40	D	0.000	0.000	0.000	0.000	0.000
>XP_001393538.1
pos	aa	C	S	n-reg	h-reg	c-reg
1	M	0.000	0.990	0.990	0.000	0.000
2	L	0.000	0.990	0.990	0.000	0.000
3	L	0.000	0.990	0.976	0.014	0.000
4	A	0.000	0.990	0.963	0.026	0.000
5	R	0.000	0.990	0.955	0.035	0.000
6	L	0.000	0.990	0.402	0.588	0.000
7	W	0.000	0.990	0.273	0.717	0.000
8	P	0.000	0.990	0.155	0.834	0.000
9	A	0.000	0.990	0.047	0.942	0.000
10	C	0.000	0.990	0.009	0.980	0.000
11	L	0.000	0.990	0.003	0.987	0.000
12	T	0.000	0.990	0.002	0.987	0.002
13	L	0.000	0.990	0.000	0.986	0.003
14	L	0.000	0.990	0.000	0.931	0.058
15	V	0.000	0.990	0.000	0.820	0.169
16	A	0.000	0.990	0.000	0.255	0.735
17	G	0.000	0.990	0.000	0.112	0.878
18	A	0.004	0.986	0.000	0.068	0.918
19	A	0.028	0.958	0.000	0.060	0.898
20	A	0.060	0.898	0.000	0.053	0.845
21	V	0.784	0.114	0.000	0.006	0.107
22	K	0.000	0.114	0.000	0.000	0.114
23	V	0.000	0.114	0.000	0.000	0.114
24	N	0.000	0.114	0.000	0.000	0.114
25	P	0.000	0.114	0.000	0.000	0.114
26	L	0.113	0.000	0.000	0.000	0.000
27	P	0.000	0.000	0.000	0.000	0.000
28	A	0.000	0.000	0.000	0.000	0.000
29	P	0.000	0.000	0.000	0.000	0.000
30	R	0.000	0.000	0.000	0.000	0.000
31	N	0.000	0.000	0.000	0.000	0.000
32	I	0.000	0.000	0.000	0.000	0.000
33	S	0.000	0.000	0.000	0.000	0.000
34	W	0.000	0.000	0.000	0.000	0.000
35	T	0.000	0.000	0.000	0.000	0.000
36	S	0.000	0.000	0.000	0.000	0.000
37	S	0.000	0.000	0.000	0.000	0.000
38	G	0.000	0.000	0.000	0.000	0.000
39	P	0.000	0.000	0.000	0.000	0.000
40	K	0.000	0.000	0.000	0.000	0.000
>XP_001393541.2
pos	aa	C	S	n-reg	h-reg	c-reg
1	M	0.000	0.994	0.994	0.000	0.000
2	L	0.000	0.994	0.994	0.000	0.000
3	N	0.000	0.994	0.994	0.000	0.000
4	A	0.000	0.994	0.994	0.000	0.000
5	R	0.000	0.994	0.993	0.000	0.000
6	S	0.000	0.994	0.885	0.109	0.000
7	I	0.000	0.994	0.565	0.429	0.000
8	A	0.000	0.994	0.417	0.577	0.000
9	L	0.000	0.994	0.140	0.854	0.000
10	A	0.000	0.994	0.083	0.911	0.000
11	S	0.000	0.994	0.055	0.938	0.000
12	L	0.000	0.994	0.011	0.983	0.000
13	P	0.000	0.994	0.002	0.991	0.000
14	V	0.000	0.994	0.000	0.993	0.000
15	L	0.000	0.994	0.000	0.993	0.001
16	L	0.000	0.994	0.000	0.984	0.010
17	L	0.000	0.994	0.000	0.931	0.062
18	L	0.000	0.994	0.000	0.713	0.281
19	F	0.000	0.994	0.000	0.503	0.490
20	A	0.000	0.994	0.000	0.276	0.718
21	Q	0.015	0.979	0.000	0.005	0.975
22	Q	0.000	0.979	0.000	0.002	0.977
23	L	0.015	0.964	0.000	0.001	0.963
24	A	0.004	0.960	0.000	0.001	0.959
25	S	0.209	0.751	0.000	0.001	0.750
26	H	0.698	0.053	0.000	0.000	0.053
27	P	0.000	0.053	0.000	0.000	0.053
28	T	0.015	0.037	0.000	0.000	0.037
29	E	0.001	0.036	0.000	0.000	0.036
30	Q	0.000	0.036	0.000	0.000	0.036
31	I	0.004	0.032	0.000	0.000	0.032
32	Q	0.000	0.032	0.000	0.000	0.032
33	A	0.000	0.032	0.000	0.000	0.032
34	I	0.006	0.026	0.000	0.000	0.026
35	L	0.000	0.026	0.000	0.000	0.026
36	A	0.001	0.024	0.000	0.000	0.024
37	P	0.010	0.015	0.000	0.000	0.015
38	W	0.000	0.014	0.000	0.000	0.014
39	V	0.000	0.014	0.000	0.000	0.014
40	P	0.000	0.014	0.000	0.000	0.014
>XP_001393548.1
pos	aa	C	S	n-reg	h-reg	c-reg
1	M	0.000	1.000	1.000	0.000	0.000
2	R	0.000	1.000	1.000	0.000	0.000
3	L	0.000	1.000	0.417	0.583	0.000
4	V	0.000	1.000	0.244	0.756	0.000
5	S	0.000	1.000	0.212	0.788	0.000
6	A	0.000	1.000	0.089	0.911	0.000
7	I	0.000	1.000	0.005	0.995	0.000
8	A	0.000	1.000	0.002	0.997	0.000
9	A	0.000	1.000	0.000	0.999	0.000
10	F	0.000	1.000	0.000	0.999	0.000
11	A	0.000	1.000	0.000	0.956	0.043
12	A	0.000	1.000	0.000	0.867	0.133
13	V	0.000	1.000	0.000	0.840	0.160
14	A	0.000	1.000	0.000	0.649	0.351
15	T	0.000	0.999	0.000	0.048	0.951
16	A	0.003	0.997	0.000	0.032	0.965
17	A	0.066	0.930	0.000	0.002	0.928
18	T	0.011	0.919	0.000	0.001	0.919
19	A	0.098	0.821	0.000	0.000	0.821
20	D	0.733	0.088	0.000	0.000	0.088
21	T	0.000	0.088	0.000	0.000	0.088
22	V	0.087	0.001	0.000	0.000	0.001
23	P	0.000	0.001	0.000	0.000	0.001
24	P	0.000	0.001	0.000	0.000	0.001
25	E	0.000	0.000	0.000	0.000	0.000
26	L	0.000	0.000	0.000	0.000	0.000
27	A	0.000	0.000	0.000	0.000	0.000
28	S	0.000	0.000	0.000	0.000	0.000
29	I	0.000	0.000	0.000	0.000	0.000
30	G	0.000	0.000	0.000	0.000	0.000
31	E	0.000	0.000	0.000	0.000	0.000
32	P	0.000	0.000	0.000	0.000	0.000
33	S	0.000	0.000	0.000	0.000	0.000
34	T	0.000	0.000	0.000	0.000	0.000
35	V	0.000	0.000	0.000	0.000	0.000
36	L	0.000	0.000	0.000	0.000	0.000
37	N	0.000	0.000	0.000	0.000	0.000
38	V	0.000	0.000	0.000	0.000	0.000
39	T	0.000	0.000	0.000	0.000	0.000
40	Y	0.000	0.000	0.000	0.000	0.000
>XP_001393551.2
pos	aa	C	S	n-reg	h-reg	c-reg
1	M	0.000	0.939	0.939	0.000	0.000
2	F	0.000	0.942	0.942	0.000	0.000
3	G	0.000	0.942	0.942	0.000	0.000
4	F	0.000	0.942	0.942	0.000	0.000
5	R	0.000	0.942	0.942	0.000	0.000
6	D	0.000	0.942	0.942	0.000	0.000
7	W	0.000	0.942	0.940	0.002	0.000
8	N	0.000	0.942	0.937	0.005	0.000
9	S	0.000	0.942	0.869	0.073	0.000
10	L	0.000	0.942	0.485	0.457	0.000
11	V	0.000	0.942	0.345	0.597	0.000
12	S	0.000	0.942	0.296	0.645	0.000
13	C	0.000	0.942	0.184	0.757	0.000
14	V	0.000	0.942	0.074	0.868	0.000
15	V	0.000	0.942	0.034	0.908	0.000
16	T	0.000	0.942	0.025	0.916	0.001
17	T	0.000	0.942	0.014	0.924	0.004
18	V	0.000	0.942	0.001	0.933	0.008
19	C	0.000	0.942	0.000	0.919	0.023
20	I	0.000	0.942	0.000	0.904	0.038
21	S	0.000	0.942	0.000	0.795	0.147
22	S	0.001	0.941	0.000	0.371	0.569
23	A	0.001	0.940	0.000	0.253	0.687
24	L	0.008	0.932	0.000	0.219	0.713
25	V	0.000	0.932	0.000	0.172	0.759
26	A	0.000	0.932	0.000	0.013	0.919
27	L	0.008	0.924	0.000	0.007	0.916
28	C	0.001	0.922	0.000	0.002	0.920
29	L	0.022	0.901	0.000	0.002	0.899
30	A	0.001	0.899	0.000	0.001	0.898
31	K	0.898	0.000	0.000	0.000	0.000
32	D	0.000	0.000	0.000	0.000	0.000
33	V	0.000	0.000	0.000	0.000	0.000
34	Q	0.000	0.000	0.000	0.000	0.000
35	M	0.000	0.000	0.000	0.000	0.000
36	P	0.000	0.000	0.000	0.000	0.000
37	L	0.000	0.000	0.000	0.000	0.000
38	N	0.000	0.000	0.000	0.000	0.000
39	L	0.000	0.000	0.000	0.000	0.000
40	Y	0.000	0.000	0.000	0.000	0.000
>XP_001393565.1
pos	aa	C	S	n-reg	h-reg	c-reg
1	M	0.000	0.861	0.861	0.000	0.000
2	L	0.000	0.874	0.874	0.000	0.000
3	A	0.000	0.874	0.874	0.000	0.000
4	W	0.000	0.874	0.874	0.000	0.000
5	Y	0.000	0.874	0.874	0.000	0.000
6	Q	0.000	0.874	0.874	0.000	0.000
7	R	0.000	0.874	0.873	0.000	0.000
8	C	0.000	0.874	0.868	0.006	0.000
9	L	0.000	0.874	0.866	0.008	0.000
10	I	0.000	0.874	0.866	0.008	0.000
11	Q	0.000	0.874	0.866	0.008	0.000
12	R	0.000	0.874	0.865	0.008	0.000
13	P	0.000	0.874	0.819	0.054	0.000
14	L	0.000	0.874	0.484	0.390	0.000
15	L	0.000	0.874	0.402	0.472	0.000
16	T	0.000	0.874	0.364	0.507	0.003
17	Q	0.000	0.874	0.317	0.551	0.005
18	S	0.000	0.874	0.200	0.667	0.006
19	L	0.000	0.874	0.045	0.823	0.006
20	T	0.000	0.874	0.004	0.862	0.008
21	T	0.001	0.873	0.000	0.864	0.009
22	A	0.001	0.872	0.000	0.835	0.037
23	T	0.001	0.871	0.000	0.824	0.047
24	L	0.000	0.871	0.000	0.791	0.080
25	F	0.002	0.869	0.000	0.603	0.266
26	A	0.000	0.868	0.000	0.398	0.470
27	V	0.023	0.843	0.000	0.338	0.505
28	G	0.000	0.838	0.000	0.030	0.808
29	D	0.018	0.816	0.000	0.003	0.814
30	G	0.000	0.816	0.000	0.001	0.815
31	L	0.093	0.723	0.000	0.001	0.722
32	A	0.000	0.722	0.000	0.000	0.722
33	Q	0.685	0.037	0.000	0.000	0.036
34	Q	0.015	0.021	0.000	0.000	0.021
35	A	0.020	0.001	0.000	0.000	0.001
36	V	0.001	0.000	0.000	0.000	0.000
37	E	0.000	0.000	0.000	0.000	0.000
38	K	0.000	0.000	0.000	0.000	0.000
39	K	0.000	0.000	0.000	0.000	0.000
40	G	0.000	0.000	0.000	0.000	0.000
>XP_001393570.2
pos	aa	C	S	n-reg	h-reg	c-reg
1	M	0.000	0.659	0.659	0.000	0.000
2	H	0.000	0.659	0.659	0.000	0.000
3	T	0.000	0.659	0.653	0.006	0.000
4	I	0.000	0.659	0.634	0.025	0.000
5	P	0.000	0.659	0.626	0.033	0.000
6	I	0.000	0.659	0.544	0.115	0.000
7	T	0.000	0.659	0.501	0.157	0.000
8	V	0.000	0.659	0.384	0.275	0.000
9	S	0.000	0.659	0.284	0.375	0.000
10	L	0.000	0.659	0.138	0.520	0.000
11	Y	0.000	0.659	0.110	0.548	0.001
12	A	0.000	0.659	0.048	0.609	0.002
13	F	0.000	0.659	0.010	0.647	0.002
14	L	0.000	0.659	0.002	0.650	0.007
15	A	0.000	0.659	0.001	0.622	0.036
16	T	0.000	0.659	0.000	0.580	0.078
17	T	0.000	0.659	0.000	0.528	0.130
18	F	0.001	0.658	0.000	0.509	0.149
19	L	0.000	0.658	0.000	0.490	0.168
20	F	0.018	0.640	0.000	0.277	0.363
21	S	0.000	0.640	0.000	0.088	0.552
22	C	0.006	0.634	0.000	0.050	0.584
23	S	0.001	0.633	0.000	0.036	0.597
24	A	0.026	0.607	0.000	0.005	0.602
25	Y	0.324	0.283	0.000	0.001	0.282
26	V	0.000	0.283	0.000	0.000	0.282
27	A	0.000	0.283	0.000	0.000	0.282
28	Q	0.008	0.275	0.000	0.000	0.275
29	A	0.231	0.044	0.000	0.000	0.044
30	P	0.038	0.006	0.000	0.000	0.006
31	L	0.000	0.005	0.000	0.000	0.005
32	S	0.003	0.002	0.000	0.000	0.002
33	D	0.001	0.001	0.000	0.000	0.001
34	D	0.000	0.001	0.000	0.000	0.001
35	K	0.000	0.001	0.000	0.000	0.001
36	C	0.000	0.001	0.000	0.000	0.001
37	T	0.000	0.001	0.000	0.000	0.001
38	E	0.000	0.001	0.000	0.000	0.001
39	T	0.000	0.001	0.000	0.000	0.001
40	T	0.000	0.001	0.000	0.000	0.001
>XP_001393603.1
pos	aa	C	S	n-reg	h-reg	c-reg
1	M	0.000	0.877	0.877	0.000	0.000
2	R	0.000	0.877	0.877	0.000	0.000
3	L	0.000	0.877	0.379	0.498	0.000
4	T	0.000	0.877	0.267	0.610	0.000
5	L	0.000	0.877	0.141	0.736	0.000
6	P	0.000	0.877	0.106	0.771	0.000
7	I	0.000	0.877	0.018	0.859	0.000
8	V	0.000	0.877	0.004	0.873	0.000
9	F	0.000	0.877	0.001	0.876	0.000
10	S	0.000	0.877	0.001	0.874	0.002
11	S	0.000	0.877	0.000	0.732	0.145
12	L	0.000	0.877	0.000	0.710	0.167
13	A	0.000	0.877	0.000	0.478	0.399
14	V	0.002	0.875	0.000	0.258	0.617
15	A	0.000	0.875	0.000	0.125	0.750
16	S	0.092	0.784	0.000	0.062	0.722
17	T	0.011	0.772	0.000	0.020	0.752
18	A	0.277	0.496	0.000	0.016	0.480
19	R	0.337	0.159	0.000	0.000	0.159
20	H	0.000	0.159	0.000	0.000	0.159
21	G	0.000	0.159	0.000	0.000	0.159
22	E	0.080	0.079	0.000	0.000	0.079
23	S	0.000	0.079	0.000	0.000	0.079
24	S	0.077	0.002	0.000	0.000	0.002
25	R	0.002	0.000	0.000	0.000	0.000
26	V	0.000	0.000	0.000	0.000	0.000
27	F	0.000	0.000	0.000	0.000	0.000
28	N	0.000	0.000	0.000	0.000	0.000
29	R	0.000	0.000	0.000	0.000	0.000
30	D	0.000	0.000	0.000	0.000	0.000
31	T	0.000	0.000	0.000	0.000	0.000
32	S	0.000	0.000	0.000	0.000	0.000
33	S	0.000	0.000	0.000	0.000	0.000
34	F	0.000	0.000	0.000	0.000	0.000
35	I	0.000	0.000	0.000	0.000	0.000
36	H	0.000	0.000	0.000	0.000	0.000
37	P	0.000	0.000	0.000	0.000	0.000
38	G	0.000	0.000	0.000	0.000	0.000
39	L	0.000	0.000	0.000	0.000	0.000
40	L	0.000	0.000	0.000	0.000	0.000
>XP_001393607.1
pos	aa	C	S	n-reg	h-reg	c-reg
1	M	0.000	0.086	0.086	0.000	0.000
2	A	0.000	0.087	0.087	0.000	0.000
3	P	0.000	0.087	0.087	0.000	0.000
4	T	0.000	0.087	0.087	0.000	0.000
5	Y	0.000	0.087	0.087	0.000	0.000
6	A	0.000	0.087	0.087	0.000	0.000
7	G	0.000	0.087	0.087	0.000	0.000
8	L	0.000	0.087	0.087	0.000	0.000
9	S	0.000	0.087	0.087	0.000	0.000
10	G	0.000	0.087	0.087	0.000	0.000
11	R	0.000	0.087	0.087	0.000	0.000
12	K	0.000	0.087	0.087	0.000	0.000
13	L	0.000	0.087	0.060	0.027	0.000
14	S	0.000	0.087	0.053	0.034	0.000
15	L	0.000	0.087	0.043	0.044	0.000
16	A	0.000	0.087	0.037	0.050	0.000
17	V	0.000	0.087	0.023	0.064	0.000
18	S	0.000	0.087	0.018	0.069	0.000
19	T	0.000	0.087	0.011	0.076	0.000
20	I	0.000	0.087	0.003	0.083	0.000
21	A	0.000	0.087	0.001	0.077	0.009
22	T	0.000	0.087	0.000	0.068	0.019
23	M	0.000	0.087	0.000	0.065	0.022
24	G	0.000	0.087	0.000	0.062	0.024
25	F	0.006	0.081	0.000	0.053	0.027
26	L	0.000	0.081	0.000	0.049	0.032
27	L	0.002	0.079	0.000	0.045	0.034
28	F	0.000	0.078	0.000	0.032	0.046
29	G	0.000	0.078	0.000	0.007	0.071
30	Y	0.023	0.055	0.000	0.002	0.053
31	D	0.000	0.055	0.000	0.000	0.054
32	Q	0.000	0.055	0.000	0.000	0.055
33	G	0.000	0.054	0.000	0.000	0.054
34	V	0.015	0.039	0.000	0.000	0.039
35	M	0.000	0.039	0.000	0.000	0.039
36	S	0.000	0.039	0.000	0.000	0.039
37	G	0.037	0.002	0.000	0.000	0.002
38	I	0.002	0.000	0.000	0.000	0.000
39	I	0.000	0.000	0.000	0.000	0.000
40	S	0.000	0.000	0.000	0.000	0.000
>XP_001393614.2
pos	aa	C	S	n-reg	h-reg	c-reg
1	M	0.000	0.999	0.999	0.000	0.000
2	R	0.000	0.999	0.999	0.000	0.000
3	A	0.000	0.999	0.982	0.017	0.000
4	W	0.000	0.999	0.951	0.047	0.000
5	H	0.000	0.999	0.918	0.081	0.000
6	T	0.000	0.999	0.548	0.451	0.000
7	I	0.000	0.999	0.091	0.908	0.000
8	L	0.000	0.999	0.010	0.989	0.000
9	L	0.000	0.999	0.002	0.997	0.000
10	L	0.000	0.999	0.000	0.998	0.000
11	P	0.000	0.999	0.000	0.997	0.002
12	V	0.000	0.999	0.000	0.996	0.002
13	L	0.000	0.999	0.000	0.994	0.005
14	V	0.000	0.999	0.000	0.934	0.065
15	A	0.000	0.999	0.000	0.688	0.311
16	S	0.001	0.998	0.000	0.277	0.720
17	T	0.002	0.996	0.000	0.229	0.766
18	A	0.008	0.988	0.000	0.029	0.959
19	T	0.053	0.934	0.000	0.010	0.924
20	G	0.074	0.860	0.000	0.001	0.859
21	R	0.435	0.424	0.000	0.000	0.424
22	C	0.000	0.424	0.000	0.000	0.424
23	R	0.365	0.059	0.000	0.000	0.059
24	P	0.000	0.059	0.000	0.000	0.059
25	A	0.039	0.020	0.000	0.000	0.020
26	Q	0.001	0.019	0.000	0.000	0.019
27	A	0.000	0.019	0.000	0.000	0.019
28	S	0.016	0.003	0.000	0.000	0.003
29	S	0.000	0.003	0.000	0.000	0.003
30	R	0.003	0.000	0.000	0.000	0.000
31	K	0.000	0.000	0.000	0.000	0.000
32	D	0.000	0.000	0.000	0.000	0.000
33	W	0.000	0.000	0.000	0.000	0.000
34	D	0.000	0.000	0.000	0.000	0.000
35	D	0.000	0.000	0.000	0.000	0.000
36	L	0.000	0.000	0.000	0.000	0.000
37	S	0.000	0.000	0.000	0.000	0.000
38	T	0.000	0.000	0.000	0.000	0.000
39	Q	0.000	0.000	0.000	0.000	0.000
40	E	0.000	0.000	0.000	0.000	0.000
>XP_001393617.2
pos	aa	C	S	n-reg	h-reg	c-reg
1	M	0.000	0.991	0.991	0.000	0.000
2	Y	0.000	0.991	0.991	0.000	0.000
3	L	0.000	0.991	0.566	0.425	0.000
4	T	0.000	0.991	0.472	0.519	0.000
5	Y	0.000	0.991	0.372	0.619	0.000
6	L	0.000	0.991	0.043	0.948	0.000
7	T	0.000	0.991	0.023	0.968	0.000
8	I	0.000	0.991	0.009	0.982	0.000
9	F	0.000	0.991	0.005	0.986	0.000
10	T	0.000	0.991	0.004	0.986	0.000
11	L	0.000	0.991	0.003	0.963	0.024
12	L	0.000	0.991	0.003	0.923	0.065
13	S	0.000	0.991	0.003	0.817	0.170
14	S	0.000	0.991	0.003	0.161	0.827
15	L	0.000	0.991	0.003	0.125	0.863
16	A	0.001	0.990	0.003	0.066	0.921
17	T	0.021	0.970	0.003	0.033	0.933
18	A	0.041	0.928	0.003	0.016	0.909
19	H	0.782	0.146	0.003	0.002	0.141
20	V	0.000	0.146	0.003	0.001	0.142
21	P	0.000	0.146	0.003	0.000	0.143
22	R	0.001	0.145	0.003	0.000	0.142
23	A	0.000	0.145	0.003	0.000	0.142
24	G	0.045	0.100	0.002	0.001	0.097
25	T	0.020	0.079	0.002	0.001	0.076
26	P	0.006	0.073	0.002	0.001	0.070
27	T	0.002	0.071	0.001	0.002	0.068
28	T	0.000	0.071	0.001	0.003	0.068
29	L	0.000	0.071	0.000	0.003	0.068
30	L	0.000	0.071	0.000	0.003	0.067
31	A	0.000	0.070	0.000	0.003	0.067
32	A	0.026	0.044	0.000	0.003	0.041
33	P	0.000	0.044	0.000	0.003	0.041
34	A	0.000	0.044	0.000	0.002	0.042
35	A	0.001	0.043	0.000	0.002	0.042
36	A	0.000	0.043	0.000	0.002	0.042
37	I	0.023	0.020	0.000	0.001	0.019
38	N	0.000	0.020	0.000	0.000	0.019
39	A	0.000	0.020	0.000	0.000	0.020
40	V	0.009	0.011	0.000	0.000	0.011
>XP_001393618.1
pos	aa	C	S	n-reg	h-reg	c-reg
1	M	0.000	0.256	0.256	0.000	0.000
2	T	0.000	0.256	0.256	0.000	0.000
3	E	0.000	0.256	0.256	0.000	0.000
4	L	0.000	0.256	0.256	0.000	0.000
5	L	0.000	0.256	0.256	0.000	0.000
6	W	0.000	0.256	0.256	0.000	0.000
7	R	0.000	0.256	0.255	0.000	0.000
8	G	0.000	0.256	0.254	0.002	0.000
9	R	0.000	0.256	0.252	0.004	0.000
10	G	0.000	0.256	0.174	0.082	0.000
11	V	0.000	0.256	0.005	0.251	0.000
12	T	0.000	0.256	0.001	0.255	0.000
13	S	0.000	0.256	0.001	0.255	0.000
14	L	0.000	0.256	0.000	0.256	0.000
15	L	0.000	0.256	0.000	0.256	0.000
16	S	0.000	0.256	0.000	0.255	0.001
17	S	0.000	0.256	0.000	0.254	0.002
18	L	0.000	0.256	0.000	0.245	0.011
19	R	0.000	0.256	0.000	0.015	0.240
20	R	0.000	0.256	0.000	0.004	0.252
21	T	0.000	0.256	0.000	0.003	0.253
22	R	0.001	0.255	0.000	0.000	0.255
23	L	0.000	0.255	0.000	0.000	0.255
24	A	0.170	0.085	0.000	0.000	0.085
25	S	0.021	0.064	0.000	0.000	0.064
26	C	0.005	0.059	0.000	0.000	0.059
27	N	0.058	0.001	0.000	0.000	0.001
28	P	0.000	0.001	0.000	0.000	0.001
29	I	0.001	0.000	0.000	0.000	0.000
30	I	0.000	0.000	0.000	0.000	0.000
31	V	0.000	0.000	0.000	0.000	0.000
32	I	0.000	0.000	0.000	0.000	0.000
33	D	0.000	0.000	0.000	0.000	0.000
34	K	0.000	0.000	0.000	0.000	0.000
35	P	0.000	0.000	0.000	0.000	0.000
36	S	0.000	0.000	0.000	0.000	0.000
37	S	0.000	0.000	0.000	0.000	0.000
38	R	0.000	0.000	0.000	0.000	0.000
39	T	0.000	0.000	0.000	0.000	0.000
40	N	0.000	0.000	0.000	0.000	0.000
>XP_001393623.2
pos	aa	C	S	n-reg	h-reg	c-reg
1	M	0.000	0.000	0.000	0.000	0.000
2	K	0.000	0.000	0.000	0.000	0.000
3	W	0.000	0.000	0.000	0.000	0.000
4	A	0.000	0.000	0.000	0.000	0.000
5	I	0.000	0.000	0.000	0.000	0.000
6	S	0.000	0.000	0.000	0.000	0.000
7	G	0.000	0.000	0.000	0.000	0.000
8	T	0.000	0.000	0.000	0.000	0.000
9	L	0.000	0.000	0.000	0.000	0.000
10	L	0.000	0.000	0.000	0.000	0.000
11	A	0.000	0.000	0.000	0.000	0.000
12	C	0.000	0.000	0.000	0.000	0.000
13	F	0.000	0.000	0.000	0.000	0.000
14	A	0.000	0.000	0.000	0.000	0.000
15	T	0.000	0.000	0.000	0.000	0.000
16	T	0.000	0.000	0.000	0.000	0.000
17	A	0.000	0.000	0.000	0.000	0.000
18	T	0.000	0.000	0.000	0.000	0.000
19	A	0.000	0.000	0.000	0.000	0.000
20	W	0.000	0.000	0.000	0.000	0.000
21	P	0.000	0.000	0.000	0.000	0.000
22	Y	0.000	0.000	0.000	0.000	0.000
23	D	0.000	0.000	0.000	0.000	0.000
24	E	0.000	0.000	0.000	0.000	0.000
25	S	0.000	0.000	0.000	0.000	0.000
26	L	0.000	0.000	0.000	0.000	0.000
27	V	0.000	0.000	0.000	0.000	0.000
28	D	0.000	0.000	0.000	0.000	0.000
29	Y	0.000	0.000	0.000	0.000	0.000
30	N	0.000	0.000	0.000	0.000	0.000
31	F	0.000	0.000	0.000	0.000	0.000
32	N	0.000	0.000	0.000	0.000	0.000
33	Q	0.000	0.000	0.000	0.000	0.000
34	N	0.000	0.000	0.000	0.000	0.000
35	Q	0.000	0.000	0.000	0.000	0.000
36	S	0.000	0.000	0.000	0.000	0.000
37	A	0.000	0.000	0.000	0.000	0.000
38	T	0.000	0.000	0.000	0.000	0.000
39	N	0.000	0.000	0.000	0.000	0.000
40	P	0.000	0.000	0.000	0.000	0.000
>XP_001393626.1
pos	aa	C	S	n-reg	h-reg	c-reg
1	M	0.000	0.964	0.964	0.000	0.000
2	V	0.000	0.964	0.964	0.000	0.000
3	S	0.000	0.964	0.964	0.000	0.000
4	M	0.000	0.964	0.964	0.000	0.000
5	S	0.000	0.964	0.963	0.000	0.000
6	A	0.000	0.964	0.961	0.003	0.000
7	L	0.000	0.964	0.959	0.005	0.000
8	R	0.000	0.964	0.958	0.005	0.000
9	H	0.000	0.964	0.902	0.062	0.000
10	G	0.000	0.964	0.550	0.414	0.000
11	L	0.000	0.964	0.238	0.726	0.000
12	G	0.000	0.964	0.168	0.796	0.000
13	V	0.000	0.964	0.007	0.956	0.000
14	L	0.000	0.964	0.001	0.963	0.000
15	Y	0.000	0.964	0.000	0.963	0.000
16	L	0.000	0.964	0.000	0.963	0.000
17	A	0.000	0.964	0.000	0.956	0.008
18	S	0.000	0.964	0.000	0.892	0.072
19	W	0.000	0.964	0.000	0.853	0.111
20	L	0.000	0.964	0.000	0.828	0.135
21	G	0.000	0.964	0.000	0.090	0.874
22	S	0.000	0.964	0.000	0.024	0.939
23	S	0.000	0.963	0.000	0.005	0.958
24	L	0.002	0.962	0.000	0.002	0.959
25	A	0.002	0.959	0.000	0.001	0.959
26	A	0.863	0.096	0.000	0.000	0.096
27	S	0.045	0.051	0.000	0.000	0.051
28	T	0.024	0.027	0.000	0.000	0.027
29	E	0.022	0.005	0.000	0.000	0.005
30	Q	0.000	0.005	0.000	0.000	0.005
31	W	0.005	0.000	0.000	0.000	0.000
32	K	0.000	0.000	0.000	0.000	0.000
33	S	0.000	0.000	0.000	0.000	0.000
34	R	0.000	0.000	0.000	0.000	0.000
35	S	0.000	0.000	0.000	0.000	0.000
36	I	0.000	0.000	0.000	0.000	0.000
37	Y	0.000	0.000	0.000	0.000	0.000
38	Q	0.000	0.000	0.000	0.000	0.000
39	T	0.000	0.000	0.000	0.000	0.000
40	M	0.000	0.000	0.000	0.000	0.000
>XP_001393628.2
pos	aa	C	S	n-reg	h-reg	c-reg
1	M	0.000	0.986	0.986	0.000	0.000
2	R	0.000	0.986	0.986	0.000	0.000
3	L	0.000	0.986	0.612	0.374	0.000
4	S	0.000	0.986	0.548	0.438	0.000
5	Y	0.000	0.986	0.457	0.528	0.000
6	A	0.000	0.986	0.112	0.874	0.000
7	V	0.000	0.986	0.053	0.933	0.000
8	S	0.000	0.986	0.034	0.952	0.000
9	L	0.000	0.986	0.008	0.978	0.000
10	L	0.000	0.986	0.005	0.981	0.000
11	P	0.000	0.986	0.004	0.897	0.085
12	L	0.000	0.986	0.000	0.884	0.102
13	A	0.000	0.986	0.000	0.844	0.141
14	A	0.000	0.985	0.000	0.227	0.759
15	F	0.002	0.984	0.000	0.157	0.826
16	V	0.000	0.984	0.000	0.083	0.900
17	G	0.000	0.984	0.000	0.058	0.926
18	A	0.002	0.982	0.000	0.049	0.933
19	L	0.873	0.109	0.000	0.042	0.067
20	E	0.026	0.083	0.000	0.001	0.083
21	V	0.000	0.083	0.000	0.000	0.083
22	T	0.000	0.083	0.000	0.000	0.083
23	S	0.003	0.080	0.000	0.000	0.080
24	P	0.012	0.068	0.000	0.000	0.068
25	K	0.066	0.002	0.000	0.000	0.002
26	K	0.000	0.002	0.000	0.000	0.002
27	G	0.000	0.002	0.000	0.000	0.002
28	E	0.002	0.000	0.000	0.000	0.000
29	D	0.000	0.000	0.000	0.000	0.000
30	V	0.000	0.000	0.000	0.000	0.000
31	D	0.000	0.000	0.000	0.000	0.000
32	L	0.000	0.000	0.000	0.000	0.000
33	S	0.000	0.000	0.000	0.000	0.000
34	S	0.000	0.000	0.000	0.000	0.000
35	S	0.000	0.000	0.000	0.000	0.000
36	F	0.000	0.000	0.000	0.000	0.000
37	T	0.000	0.000	0.000	0.000	0.000
38	V	0.000	0.000	0.000	0.000	0.000
39	T	0.000	0.000	0.000	0.000	0.000
40	W	0.000	0.000	0.000	0.000	0.000
>XP_001393642.2
pos	aa	C	S	n-reg	h-reg	c-reg
1	M	0.000	1.000	1.000	0.000	0.000
2	K	0.000	1.000	1.000	0.000	0.000
3	R	0.000	1.000	0.998	0.002	0.000
4	S	0.000	1.000	0.825	0.175	0.000
5	A	0.000	1.000	0.566	0.434	0.000
6	L	0.000	1.000	0.111	0.889	0.000
7	L	0.000	1.000	0.022	0.978	0.000
8	A	0.000	1.000	0.012	0.987	0.000
9	S	0.000	1.000	0.006	0.993	0.000
10	F	0.000	1.000	0.000	0.999	0.000
11	L	0.000	1.000	0.000	0.999	0.000
12	P	0.000	1.000	0.000	0.970	0.030
13	L	0.000	1.000	0.000	0.949	0.050
14	A	0.000	1.000	0.000	0.849	0.150
15	L	0.000	1.000	0.000	0.725	0.274
16	G	0.000	1.000	0.000	0.400	0.599
17	C	0.004	0.995	0.000	0.186	0.809
18	D	0.000	0.995	0.000	0.002	0.992
19	S	0.000	0.995	0.000	0.001	0.994
20	A	0.032	0.963	0.000	0.000	0.962
21	E	0.008	0.955	0.000	0.000	0.955
22	T	0.000	0.955	0.000	0.000	0.955
23	H	0.011	0.944	0.000	0.000	0.944
24	S	0.000	0.944	0.000	0.000	0.944
25	C	0.001	0.943	0.000	0.000	0.943
26	A	0.000	0.943	0.000	0.000	0.943
27	S	0.000	0.942	0.000	0.000	0.942
28	A	0.000	0.942	0.000	0.000	0.942
29	F	0.003	0.939	0.000	0.000	0.939
30	S	0.000	0.939	0.000	0.000	0.939
31	V	0.000	0.939	0.000	0.000	0.939
32	S	0.000	0.939	0.000	0.000	0.939
33	S	0.000	0.939	0.000	0.000	0.939
34	A	0.001	0.938	0.000	0.000	0.938
35	A	0.012	0.927	0.000	0.000	0.927
36	A	0.003	0.924	0.000	0.000	0.924
37	A	0.100	0.824	0.000	0.000	0.824
38	S	0.008	0.816	0.000	0.000	0.816
39	F	0.003	0.813	0.000	0.000	0.813
40	C	0.000	0.813	0.000	0.000	0.813
>XP_001393644.2
pos	aa	C	S	n-reg	h-reg	c-reg
1	M	0.000	0.460	0.460	0.000	0.000
2	A	0.000	0.681	0.681	0.000	0.000
3	T	0.000	0.681	0.680	0.001	0.000
4	G	0.000	0.681	0.679	0.001	0.000
5	W	0.000	0.681	0.679	0.002	0.000
6	T	0.000	0.681	0.679	0.002	0.000
7	A	0.000	0.681	0.669	0.012	0.000
8	Y	0.000	0.681	0.662	0.019	0.000
9	A	0.000	0.681	0.656	0.025	0.000
10	Y	0.000	0.681	0.651	0.030	0.000
11	Y	0.000	0.681	0.647	0.034	0.000
12	P	0.000	0.681	0.642	0.037	0.001
13	S	0.000	0.681	0.603	0.077	0.001
14	V	0.000	0.681	0.512	0.167	0.002
15	G	0.000	0.681	0.485	0.194	0.002
16	G	0.000	0.681	0.427	0.252	0.002
17	A	0.001	0.680	0.322	0.357	0.001
18	A	0.001	0.679	0.234	0.445	0.000
19	V	0.000	0.679	0.147	0.531	0.000
20	M	0.000	0.679	0.104	0.574	0.000
21	I	0.000	0.679	0.050	0.628	0.000
22	M	0.000	0.679	0.029	0.648	0.002
23	L	0.000	0.679	0.009	0.666	0.004
24	F	0.000	0.679	0.004	0.662	0.012
25	L	0.000	0.679	0.002	0.637	0.040
26	A	0.000	0.678	0.001	0.606	0.070
27	G	0.002	0.674	0.001	0.579	0.093
28	V	0.008	0.665	0.001	0.471	0.193
29	I	0.000	0.662	0.001	0.435	0.226
30	V	0.000	0.654	0.001	0.360	0.293
31	F	0.000	0.633	0.001	0.293	0.339
32	T	0.000	0.585	0.001	0.190	0.394
33	Y	0.216	0.327	0.001	0.116	0.210
34	Q	0.000	0.291	0.001	0.064	0.226
35	L	0.076	0.209	0.001	0.058	0.150
36	I	0.002	0.191	0.001	0.039	0.151
37	R	0.000	0.154	0.001	0.000	0.153
38	T	0.000	0.154	0.001	0.000	0.153
39	R	0.064	0.090	0.001	0.000	0.089
40	A	0.000	0.090	0.001	0.000	0.089
>XP_001393647.1
pos	aa	C	S	n-reg	h-reg	c-reg
1	M	0.000	0.694	0.694	0.000	0.000
2	Y	0.000	0.694	0.694	0.000	0.000
3	F	0.000	0.694	0.469	0.225	0.000
4	S	0.000	0.694	0.392	0.302	0.000
5	S	0.000	0.694	0.269	0.425	0.000
6	F	0.000	0.694	0.014	0.680	0.000
7	L	0.000	0.694	0.003	0.692	0.000
8	A	0.000	0.694	0.002	0.692	0.000
9	L	0.000	0.694	0.001	0.693	0.000
10	G	0.000	0.694	0.001	0.693	0.000
11	A	0.000	0.694	0.000	0.639	0.055
12	L	0.000	0.694	0.000	0.625	0.069
13	V	0.000	0.694	0.000	0.466	0.228
14	Q	0.000	0.694	0.000	0.043	0.651
15	A	0.000	0.694	0.000	0.012	0.682
16	A	0.055	0.639	0.000	0.008	0.630
17	A	0.001	0.637	0.000	0.007	0.631
18	A	0.232	0.405	0.000	0.005	0.400
19	T	0.361	0.044	0.000	0.002	0.042
20	Y	0.030	0.013	0.000	0.001	0.013
21	F	0.000	0.013	0.000	0.001	0.013
22	A	0.000	0.013	0.000	0.001	0.013
23	P	0.002	0.011	0.000	0.000	0.011
24	N	0.001	0.010	0.000	0.000	0.010
25	S	0.000	0.010	0.000	0.000	0.010
26	T	0.000	0.010	0.000	0.000	0.010
27	G	0.000	0.010	0.000	0.000	0.010
28	L	0.009	0.001	0.000	0.000	0.001
29	R	0.001	0.000	0.000	0.000	0.000
30	I	0.000	0.000	0.000	0.000	0.000
31	Q	0.000	0.000	0.000	0.000	0.000
32	H	0.000	0.000	0.000	0.000	0.000
33	G	0.000	0.000	0.000	0.000	0.000
34	F	0.000	0.000	0.000	0.000	0.000
35	E	0.000	0.000	0.000	0.000	0.000
36	T	0.000	0.000	0.000	0.000	0.000
37	I	0.000	0.000	0.000	0.000	0.000
38	L	0.000	0.000	0.000	0.000	0.000
39	I	0.000	0.000	0.000	0.000	0.000
40	Q	0.000	0.000	0.000	0.000	0.000
>XP_001393648.2
pos	aa	C	S	n-reg	h-reg	c-reg
1	M	0.000	0.773	0.773	0.000	0.000
2	G	0.000	0.830	0.830	0.000	0.000
3	C	0.000	0.830	0.796	0.034	0.000
4	L	0.000	0.830	0.774	0.057	0.000
5	Q	0.000	0.830	0.772	0.058	0.000
6	I	0.000	0.830	0.750	0.081	0.000
7	F	0.000	0.830	0.718	0.112	0.000
8	L	0.000	0.830	0.702	0.128	0.000
9	P	0.000	0.830	0.696	0.134	0.000
10	G	0.000	0.830	0.646	0.184	0.000
11	I	0.000	0.830	0.515	0.311	0.004
12	G	0.000	0.830	0.464	0.320	0.046
13	S	0.000	0.830	0.362	0.419	0.049
14	C	0.000	0.830	0.137	0.641	0.052
15	V	0.000	0.830	0.049	0.726	0.055
16	A	0.000	0.830	0.023	0.743	0.064
17	F	0.043	0.787	0.006	0.754	0.026
18	L	0.000	0.787	0.001	0.747	0.040
19	L	0.002	0.786	0.000	0.707	0.078
20	G	0.000	0.785	0.000	0.676	0.109
21	I	0.007	0.778	0.000	0.659	0.119
22	F	0.000	0.777	0.000	0.538	0.240
23	S	0.000	0.775	0.000	0.409	0.366
24	L	0.030	0.744	0.000	0.331	0.413
25	F	0.001	0.738	0.000	0.216	0.522
26	A	0.000	0.726	0.000	0.089	0.638
27	G	0.114	0.595	0.000	0.032	0.563
28	S	0.028	0.555	0.000	0.010	0.545
29	Q	0.146	0.403	0.000	0.001	0.402
30	R	0.025	0.377	0.000	0.000	0.377
31	Q	0.000	0.377	0.000	0.000	0.377
32	F	0.024	0.353	0.000	0.000	0.353
33	L	0.000	0.353	0.000	0.000	0.353
34	P	0.000	0.352	0.000	0.000	0.352
35	Q	0.002	0.350	0.000	0.000	0.350
36	A	0.001	0.349	0.000	0.000	0.349
37	D	0.002	0.347	0.000	0.000	0.347
38	L	0.000	0.347	0.000	0.000	0.347
39	L	0.009	0.338	0.000	0.000	0.338
40	T	0.001	0.338	0.000	0.000	0.338
>XP_001393667.1
pos	aa	C	S	n-reg	h-reg	c-reg
1	M	0.000	0.396	0.396	0.000	0.000
2	L	0.000	0.402	0.402	0.000	0.000
3	A	0.000	0.402	0.393	0.009	0.000
4	L	0.000	0.402	0.385	0.017	0.000
5	L	0.000	0.402	0.384	0.017	0.000
6	L	0.000	0.402	0.384	0.018	0.000
7	S	0.000	0.402	0.384	0.018	0.000
8	P	0.000	0.402	0.383	0.019	0.000
9	Y	0.000	0.402	0.378	0.024	0.000
10	G	0.000	0.402	0.364	0.038	0.000
11	A	0.000	0.402	0.334	0.067	0.001
12	Y	0.000	0.402	0.296	0.099	0.008
13	L	0.000	0.402	0.141	0.252	0.009
14	G	0.000	0.402	0.104	0.282	0.016
15	L	0.000	0.402	0.050	0.335	0.016
16	A	0.000	0.402	0.024	0.360	0.018
17	L	0.008	0.394	0.003	0.381	0.009
18	L	0.000	0.393	0.001	0.383	0.009
19	V	0.007	0.386	0.001	0.382	0.004
20	L	0.000	0.386	0.000	0.379	0.007
21	Y	0.001	0.385	0.000	0.347	0.037
22	Y	0.000	0.384	0.000	0.319	0.064
23	L	0.000	0.384	0.000	0.293	0.091
24	L	0.003	0.381	0.000	0.231	0.149
25	P	0.000	0.378	0.000	0.073	0.304
26	Y	0.027	0.350	0.000	0.048	0.302
27	L	0.000	0.350	0.000	0.042	0.307
28	K	0.003	0.347	0.000	0.000	0.346
29	R	0.000	0.347	0.000	0.000	0.346
30	A	0.000	0.347	0.000	0.000	0.346
31	H	0.119	0.228	0.000	0.000	0.228
32	L	0.000	0.228	0.000	0.000	0.228
33	R	0.219	0.009	0.000	0.000	0.009
34	D	0.000	0.009	0.000	0.000	0.009
35	I	0.000	0.009	0.000	0.000	0.009
36	P	0.000	0.009	0.000	0.000	0.009
37	A	0.000	0.009	0.000	0.000	0.009
38	P	0.000	0.009	0.000	0.000	0.009
39	G	0.000	0.009	0.000	0.000	0.009
40	L	0.000	0.009	0.000	0.000	0.009
>XP_001393679.1
pos	aa	C	S	n-reg	h-reg	c-reg
1	M	0.000	0.461	0.461	0.000	0.000
2	F	0.000	0.461	0.461	0.000	0.000
3	S	0.000	0.461	0.394	0.067	0.000
4	V	0.000	0.461	0.253	0.208	0.000
5	F	0.000	0.461	0.210	0.251	0.000
6	L	0.000	0.461	0.052	0.410	0.000
7	L	0.000	0.461	0.012	0.450	0.000
8	Y	0.000	0.461	0.009	0.453	0.000
9	L	0.000	0.461	0.003	0.459	0.000
10	Q	0.000	0.461	0.001	0.460	0.000
11	L	0.000	0.461	0.000	0.460	0.001
12	L	0.000	0.461	0.000	0.460	0.002
13	L	0.000	0.461	0.000	0.451	0.011
14	F	0.001	0.461	0.000	0.389	0.072
15	K	0.000	0.461	0.000	0.203	0.257
16	I	0.000	0.461	0.000	0.197	0.264
17	L	0.000	0.461	0.000	0.186	0.275
18	Y	0.029	0.432	0.000	0.007	0.425
19	Y	0.000	0.432	0.000	0.001	0.431
20	I	0.000	0.432	0.000	0.000	0.432
21	R	0.000	0.432	0.000	0.000	0.432
22	G	0.000	0.432	0.000	0.000	0.432
23	H	0.432	0.000	0.000	0.000	0.000
24	D	0.000	0.000	0.000	0.000	0.000
25	K	0.000	0.000	0.000	0.000	0.000
26	N	0.000	0.000	0.000	0.000	0.000
27	L	0.000	0.000	0.000	0.000	0.000
28	I	0.000	0.000	0.000	0.000	0.000
29	T	0.000	0.000	0.000	0.000	0.000
30	K	0.000	0.000	0.000	0.000	0.000
31	S	0.000	0.000	0.000	0.000	0.000
32	A	0.000	0.000	0.000	0.000	0.000
33	A	0.000	0.000	0.000	0.000	0.000
34	F	0.000	0.000	0.000	0.000	0.000
35	A	0.000	0.000	0.000	0.000	0.000
36	H	0.000	0.000	0.000	0.000	0.000
37	L	0.000	0.000	0.000	0.000	0.000
38	S	0.000	0.000	0.000	0.000	0.000
39	E	0.000	0.000	0.000	0.000	0.000
40	P	0.000	0.000	0.000	0.000	0.000
>XP_001393682.1
pos	aa	C	S	n-reg	h-reg	c-reg
1	M	0.000	0.971	0.971	0.000	0.000
2	I	0.000	0.971	0.971	0.000	0.000
3	P	0.000	0.971	0.884	0.086	0.000
4	A	0.000	0.971	0.502	0.469	0.000
5	I	0.000	0.971	0.243	0.728	0.000
6	L	0.000	0.971	0.061	0.910	0.000
7	T	0.000	0.971	0.045	0.925	0.000
8	G	0.000	0.971	0.035	0.936	0.000
9	V	0.000	0.971	0.023	0.947	0.000
10	S	0.000	0.971	0.016	0.954	0.000
11	M	0.000	0.971	0.006	0.949	0.015
12	L	0.000	0.971	0.002	0.912	0.057
13	A	0.000	0.971	0.001	0.771	0.199
14	G	0.000	0.971	0.000	0.277	0.693
15	S	0.000	0.970	0.000	0.220	0.750
16	A	0.001	0.969	0.000	0.072	0.897
17	Y	0.004	0.966	0.000	0.060	0.906
18	A	0.000	0.966	0.000	0.040	0.926
19	S	0.554	0.412	0.000	0.021	0.390
20	A	0.001	0.410	0.000	0.017	0.393
21	V	0.298	0.112	0.000	0.014	0.098
22	Q	0.000	0.112	0.000	0.000	0.112
23	P	0.000	0.112	0.000	0.000	0.112
24	V	0.012	0.100	0.000	0.000	0.100
25	R	0.000	0.100	0.000	0.000	0.100
26	A	0.000	0.100	0.000	0.000	0.100
27	T	0.097	0.003	0.000	0.000	0.003
28	G	0.000	0.003	0.000	0.000	0.003
29	G	0.002	0.000	0.000	0.000	0.000
30	C	0.000	0.000	0.000	0.000	0.000
31	A	0.000	0.000	0.000	0.000	0.000
32	N	0.000	0.000	0.000	0.000	0.000
33	I	0.000	0.000	0.000	0.000	0.000
34	N	0.000	0.000	0.000	0.000	0.000
35	S	0.000	0.000	0.000	0.000	0.000
36	Y	0.000	0.000	0.000	0.000	0.000
37	Y	0.000	0.000	0.000	0.000	0.000
38	P	0.000	0.000	0.000	0.000	0.000
39	E	0.000	0.000	0.000	0.000	0.000
40	T	0.000	0.000	0.000	0.000	0.000
>XP_001393686.2
pos	aa	C	S	n-reg	h-reg	c-reg
1	M	0.000	0.975	0.975	0.000	0.000
2	L	0.000	0.980	0.980	0.000	0.000
3	Q	0.000	0.980	0.980	0.000	0.000
4	W	0.000	0.980	0.980	0.000	0.000
5	S	0.000	0.980	0.980	0.000	0.000
6	S	0.000	0.980	0.980	0.000	0.000
7	R	0.000	0.980	0.979	0.001	0.000
8	C	0.000	0.980	0.906	0.074	0.000
9	L	0.000	0.980	0.859	0.121	0.000
10	P	0.000	0.980	0.844	0.136	0.000
11	G	0.000	0.980	0.766	0.214	0.000
12	F	0.000	0.980	0.603	0.376	0.000
13	S	0.000	0.980	0.456	0.524	0.000
14	I	0.000	0.980	0.146	0.834	0.000
15	L	0.000	0.980	0.029	0.951	0.000
16	L	0.000	0.980	0.005	0.974	0.001
17	L	0.000	0.980	0.001	0.975	0.004
18	I	0.000	0.980	0.000	0.972	0.008
19	A	0.000	0.980	0.000	0.941	0.039
20	L	0.000	0.980	0.000	0.820	0.160
21	L	0.000	0.980	0.000	0.761	0.219
22	L	0.001	0.979	0.000	0.641	0.338
23	L	0.001	0.978	0.000	0.593	0.385
24	A	0.023	0.955	0.000	0.516	0.439
25	F	0.269	0.686	0.000	0.205	0.481
26	F	0.000	0.685	0.000	0.076	0.609
27	D	0.000	0.682	0.000	0.000	0.682
28	N	0.000	0.682	0.000	0.000	0.682
29	A	0.000	0.682	0.000	0.000	0.682
30	D	0.647	0.035	0.000	0.000	0.035
31	W	0.000	0.035	0.000	0.000	0.035
32	N	0.000	0.035	0.000	0.000	0.035
33	L	0.000	0.035	0.000	0.000	0.035
34	R	0.005	0.030	0.000	0.000	0.030
35	K	0.000	0.030	0.000	0.000	0.030
36	G	0.000	0.030	0.000	0.000	0.030
37	L	0.012	0.018	0.000	0.000	0.018
38	R	0.000	0.018	0.000	0.000	0.018
39	P	0.000	0.018	0.000	0.000	0.018
40	S	0.017	0.000	0.000	0.000	0.000
>XP_001393694.1
pos	aa	C	S	n-reg	h-reg	c-reg
1	M	0.000	0.997	0.997	0.000	0.000
2	A	0.000	0.997	0.997	0.000	0.000
3	F	0.000	0.997	0.997	0.000	0.000
4	L	0.000	0.997	0.997	0.001	0.000
5	K	0.000	0.997	0.997	0.001	0.000
6	R	0.000	0.997	0.985	0.013	0.000
7	I	0.000	0.997	0.295	0.702	0.000
8	L	0.000	0.997	0.070	0.927	0.000
9	P	0.000	0.997	0.054	0.943	0.000
10	L	0.000	0.997	0.011	0.986	0.000
11	L	0.000	0.997	0.002	0.995	0.000
12	A	0.000	0.997	0.000	0.997	0.000
13	L	0.000	0.997	0.000	0.997	0.000
14	I	0.000	0.997	0.000	0.997	0.000
15	L	0.000	0.997	0.000	0.955	0.042
16	P	0.000	0.997	0.000	0.216	0.781
17	A	0.000	0.997	0.000	0.192	0.806
18	V	0.000	0.997	0.000	0.137	0.861
19	F	0.000	0.997	0.000	0.102	0.895
20	S	0.000	0.997	0.000	0.005	0.992
21	A	0.750	0.247	0.000	0.002	0.244
22	T	0.026	0.221	0.000	0.000	0.221
23	E	0.074	0.147	0.000	0.000	0.147
24	Q	0.000	0.147	0.000	0.000	0.147
25	V	0.143	0.004	0.000	0.000	0.004
26	P	0.000	0.004	0.000	0.000	0.004
27	H	0.003	0.001	0.000	0.000	0.001
28	P	0.000	0.001	0.000	0.000	0.001
29	T	0.000	0.001	0.000	0.000	0.001
30	I	0.000	0.001	0.000	0.000	0.001
31	Q	0.000	0.001	0.000	0.000	0.001
32	T	0.001	0.000	0.000	0.000	0.000
33	I	0.000	0.000	0.000	0.000	0.000
34	P	0.000	0.000	0.000	0.000	0.000
35	G	0.000	0.000	0.000	0.000	0.000
36	K	0.000	0.000	0.000	0.000	0.000
37	Y	0.000	0.000	0.000	0.000	0.000
38	I	0.000	0.000	0.000	0.000	0.000
39	V	0.000	0.000	0.000	0.000	0.000
40	T	0.000	0.000	0.000	0.000	0.000
>XP_001393709.2
pos	aa	C	S	n-reg	h-reg	c-reg
1	M	0.000	0.563	0.563	0.000	0.000
2	G	0.000	0.643	0.643	0.000	0.000
3	P	0.000	0.643	0.643	0.000	0.000
4	S	0.000	0.643	0.643	0.000	0.000
5	P	0.000	0.643	0.643	0.000	0.000
6	K	0.000	0.643	0.643	0.000	0.000
7	G	0.000	0.643	0.643	0.000	0.000
8	K	0.000	0.643	0.643	0.000	0.000
9	E	0.000	0.643	0.624	0.019	0.000
10	M	0.000	0.643	0.357	0.286	0.000
11	I	0.000	0.643	0.110	0.533	0.000
12	V	0.000	0.643	0.036	0.607	0.000
13	I	0.000	0.643	0.019	0.624	0.000
14	V	0.000	0.643	0.015	0.627	0.000
15	S	0.000	0.643	0.015	0.628	0.000
16	V	0.000	0.643	0.014	0.629	0.000
17	L	0.000	0.643	0.014	0.628	0.001
18	V	0.000	0.643	0.014	0.583	0.046
19	G	0.000	0.643	0.014	0.502	0.127
20	L	0.000	0.643	0.014	0.362	0.267
21	T	0.000	0.642	0.014	0.249	0.380
22	C	0.002	0.638	0.014	0.101	0.524
23	L	0.052	0.581	0.014	0.076	0.492
24	S	0.035	0.530	0.014	0.045	0.471
25	M	0.287	0.235	0.014	0.036	0.185
26	T	0.000	0.227	0.014	0.028	0.185
27	L	0.166	0.054	0.014	0.021	0.019
28	R	0.010	0.023	0.014	0.000	0.009
29	F	0.000	0.023	0.014	0.000	0.009
30	V	0.000	0.023	0.014	0.000	0.009
31	A	0.000	0.023	0.014	0.000	0.009
32	R	0.008	0.015	0.014	0.000	0.001
33	I	0.000	0.015	0.014	0.000	0.001
34	K	0.000	0.015	0.014	0.000	0.001
35	R	0.000	0.015	0.014	0.000	0.001
36	R	0.000	0.015	0.014	0.000	0.001
37	T	0.000	0.015	0.014	0.000	0.001
38	G	0.000	0.015	0.014	0.000	0.001
39	F	0.001	0.014	0.014	0.000	0.000
40	G	0.000	0.014	0.014	0.000	0.000
>XP_001393727.1
pos	aa	C	S	n-reg	h-reg	c-reg
1	M	0.000	0.017	0.017	0.000	0.000
2	R	0.000	0.017	0.017	0.000	0.000
3	G	0.000	0.017	0.016	0.000	0.000
4	C	0.000	0.017	0.015	0.001	0.000
5	L	0.000	0.017	0.015	0.001	0.000
6	Q	0.000	0.017	0.015	0.001	0.000
7	L	0.000	0.017	0.015	0.001	0.000
8	A	0.000	0.017	0.015	0.001	0.000
9	R	0.000	0.017	0.015	0.001	0.000
10	W	0.000	0.017	0.015	0.001	0.000
11	L	0.000	0.017	0.015	0.001	0.000
12	R	0.000	0.017	0.015	0.000	0.001
13	A	0.000	0.017	0.015	0.001	0.001
14	A	0.000	0.017	0.015	0.001	0.001
15	P	0.000	0.017	0.015	0.000	0.001
16	K	0.000	0.016	0.015	0.000	0.001
17	C	0.000	0.016	0.013	0.002	0.001
18	P	0.000	0.016	0.013	0.002	0.001
19	A	0.000	0.016	0.013	0.002	0.001
20	A	0.001	0.015	0.013	0.002	0.000
21	S	0.000	0.015	0.013	0.002	0.000
22	L	0.000	0.015	0.013	0.002	0.000
23	L	0.000	0.015	0.013	0.002	0.000
24	K	0.000	0.015	0.013	0.002	0.001
25	P	0.000	0.015	0.013	0.001	0.001
26	P	0.000	0.015	0.013	0.000	0.002
27	S	0.000	0.015	0.013	0.000	0.002
28	G	0.000	0.015	0.013	0.001	0.002
29	L	0.000	0.015	0.012	0.001	0.002
30	A	0.000	0.015	0.012	0.001	0.002
31	N	0.002	0.013	0.012	0.001	0.000
32	P	0.000	0.013	0.012	0.001	0.000
33	A	0.000	0.013	0.011	0.002	0.000
34	R	0.000	0.013	0.011	0.002	0.000
35	F	0.000	0.013	0.003	0.010	0.000
36	F	0.000	0.013	0.001	0.012	0.000
37	T	0.000	0.013	0.000	0.012	0.001
38	T	0.000	0.013	0.000	0.012	0.001
39	S	0.000	0.013	0.000	0.012	0.001
40	T	0.000	0.013	0.000	0.012	0.001
>XP_001393736.2
pos	aa	C	S	n-reg	h-reg	c-reg
1	M	0.000	1.000	1.000	0.000	0.000
2	K	0.000	1.000	1.000	0.000	0.000
3	L	0.000	1.000	0.642	0.358	0.000
4	S	0.000	1.000	0.529	0.471	0.000
5	S	0.000	1.000	0.434	0.566	0.000
6	L	0.000	1.000	0.086	0.914	0.000
7	F	0.000	1.000	0.003	0.997	0.000
8	L	0.000	1.000	0.001	0.999	0.000
9	L	0.000	1.000	0.000	1.000	0.000
10	P	0.000	1.000	0.000	1.000	0.000
11	T	0.000	1.000	0.000	0.986	0.014
12	L	0.000	1.000	0.000	0.968	0.032
13	L	0.000	1.000	0.000	0.936	0.064
14	A	0.000	1.000	0.000	0.793	0.207
15	T	0.000	1.000	0.000	0.068	0.932
16	T	0.000	1.000	0.000	0.045	0.955
17	A	0.002	0.998	0.000	0.003	0.994
18	F	0.023	0.974	0.000	0.001	0.973
19	C	0.000	0.974	0.000	0.000	0.974
20	A	0.902	0.073	0.000	0.000	0.073
21	P	0.001	0.072	0.000	0.000	0.072
22	E	0.072	0.000	0.000	0.000	0.000
23	P	0.000	0.000	0.000	0.000	0.000
24	I	0.000	0.000	0.000	0.000	0.000
25	P	0.000	0.000	0.000	0.000	0.000
26	N	0.000	0.000	0.000	0.000	0.000
27	V	0.000	0.000	0.000	0.000	0.000
28	N	0.000	0.000	0.000	0.000	0.000
29	L	0.000	0.000	0.000	0.000	0.000
30	N	0.000	0.000	0.000	0.000	0.000
31	D	0.000	0.000	0.000	0.000	0.000
32	N	0.000	0.000	0.000	0.000	0.000
33	N	0.000	0.000	0.000	0.000	0.000
34	L	0.000	0.000	0.000	0.000	0.000
35	A	0.000	0.000	0.000	0.000	0.000
36	A	0.000	0.000	0.000	0.000	0.000
37	L	0.000	0.000	0.000	0.000	0.000
38	A	0.000	0.000	0.000	0.000	0.000
39	Q	0.000	0.000	0.000	0.000	0.000
40	A	0.000	0.000	0.000	0.000	0.000
>XP_001393748.1
pos	aa	C	S	n-reg	h-reg	c-reg
1	M	0.000	0.996	0.996	0.000	0.000
2	N	0.000	0.996	0.996	0.000	0.000
3	L	0.000	0.996	0.989	0.007	0.000
4	K	0.000	0.996	0.988	0.008	0.000
5	H	0.000	0.996	0.921	0.075	0.000
6	L	0.000	0.996	0.043	0.953	0.000
7	L	0.000	0.996	0.005	0.991	0.000
8	L	0.000	0.996	0.000	0.996	0.000
9	L	0.000	0.996	0.000	0.996	0.000
10	A	0.000	0.996	0.000	0.996	0.000
11	T	0.000	0.996	0.000	0.993	0.003
12	P	0.000	0.996	0.000	0.992	0.005
13	I	0.000	0.996	0.000	0.982	0.014
14	S	0.000	0.996	0.000	0.188	0.809
15	L	0.000	0.996	0.000	0.157	0.839
16	T	0.000	0.996	0.000	0.021	0.975
17	L	0.001	0.995	0.000	0.015	0.981
18	A	0.001	0.995	0.000	0.002	0.993
19	N	0.864	0.131	0.000	0.000	0.131
20	P	0.000	0.131	0.000	0.000	0.131
21	N	0.125	0.006	0.000	0.000	0.006
22	P	0.000	0.006	0.000	0.000	0.006
23	N	0.003	0.002	0.000	0.000	0.002
24	P	0.000	0.002	0.000	0.000	0.002
25	V	0.000	0.002	0.000	0.000	0.002
26	G	0.000	0.002	0.000	0.000	0.002
27	P	0.000	0.002	0.000	0.000	0.002
28	R	0.002	0.000	0.000	0.000	0.000
29	S	0.000	0.000	0.000	0.000	0.000
30	P	0.000	0.000	0.000	0.000	0.000
31	Q	0.000	0.000	0.000	0.000	0.000
32	S	0.000	0.000	0.000	0.000	0.000
33	T	0.000	0.000	0.000	0.000	0.000
34	G	0.000	0.000	0.000	0.000	0.000
35	L	0.000	0.000	0.000	0.000	0.000
36	L	0.000	0.000	0.000	0.000	0.000
37	S	0.000	0.000	0.000	0.000	0.000
38	D	0.000	0.000	0.000	0.000	0.000
39	L	0.000	0.000	0.000	0.000	0.000
40	P	0.000	0.000	0.000	0.000	0.000
>XP_001393750.1
pos	aa	C	S	n-reg	h-reg	c-reg
1	M	0.000	0.996	0.996	0.000	0.000
2	N	0.000	0.996	0.996	0.000	0.000
3	L	0.000	0.996	0.989	0.007	0.000
4	K	0.000	0.996	0.988	0.008	0.000
5	H	0.000	0.996	0.921	0.075	0.000
6	L	0.000	0.996	0.043	0.953	0.000
7	L	0.000	0.996	0.005	0.991	0.000
8	L	0.000	0.996	0.000	0.996	0.000
9	L	0.000	0.996	0.000	0.996	0.000
10	A	0.000	0.996	0.000	0.996	0.000
11	T	0.000	0.996	0.000	0.993	0.003
12	P	0.000	0.996	0.000	0.992	0.005
13	I	0.000	0.996	0.000	0.982	0.014
14	S	0.000	0.996	0.000	0.188	0.809
15	L	0.000	0.996	0.000	0.157	0.839
16	T	0.000	0.996	0.000	0.021	0.975
17	L	0.001	0.995	0.000	0.015	0.981
18	A	0.001	0.995	0.000	0.002	0.993
19	N	0.864	0.131	0.000	0.000	0.131
20	P	0.000	0.131	0.000	0.000	0.131
21	N	0.125	0.006	0.000	0.000	0.006
22	P	0.000	0.006	0.000	0.000	0.006
23	N	0.003	0.002	0.000	0.000	0.002
24	P	0.000	0.002	0.000	0.000	0.002
25	V	0.000	0.002	0.000	0.000	0.002
26	G	0.000	0.002	0.000	0.000	0.002
27	P	0.000	0.002	0.000	0.000	0.002
28	R	0.002	0.000	0.000	0.000	0.000
29	S	0.000	0.000	0.000	0.000	0.000
30	P	0.000	0.000	0.000	0.000	0.000
31	Q	0.000	0.000	0.000	0.000	0.000
32	S	0.000	0.000	0.000	0.000	0.000
33	T	0.000	0.000	0.000	0.000	0.000
34	G	0.000	0.000	0.000	0.000	0.000
35	L	0.000	0.000	0.000	0.000	0.000
36	L	0.000	0.000	0.000	0.000	0.000
37	S	0.000	0.000	0.000	0.000	0.000
38	D	0.000	0.000	0.000	0.000	0.000
39	L	0.000	0.000	0.000	0.000	0.000
40	P	0.000	0.000	0.000	0.000	0.000
>XP_001393753.2
pos	aa	C	S	n-reg	h-reg	c-reg
1	M	0.000	0.486	0.486	0.000	0.000
2	A	0.000	0.486	0.486	0.000	0.000
3	P	0.000	0.486	0.485	0.001	0.000
4	H	0.000	0.486	0.467	0.019	0.000
5	S	0.000	0.486	0.380	0.106	0.000
6	L	0.000	0.486	0.234	0.252	0.000
7	N	0.000	0.486	0.203	0.283	0.000
8	I	0.000	0.486	0.013	0.473	0.000
9	A	0.000	0.486	0.001	0.485	0.000
10	I	0.000	0.486	0.000	0.486	0.000
11	I	0.000	0.486	0.000	0.486	0.000
12	G	0.000	0.486	0.000	0.481	0.005
13	S	0.000	0.486	0.000	0.461	0.026
14	G	0.000	0.486	0.000	0.441	0.045
15	L	0.000	0.486	0.000	0.433	0.053
16	A	0.000	0.486	0.000	0.072	0.414
17	G	0.002	0.484	0.000	0.007	0.478
18	C	0.000	0.484	0.000	0.001	0.482
19	L	0.002	0.482	0.000	0.001	0.481
20	A	0.000	0.481	0.000	0.000	0.481
21	A	0.439	0.042	0.000	0.000	0.042
22	R	0.041	0.001	0.000	0.000	0.001
23	I	0.000	0.001	0.000	0.000	0.001
24	L	0.000	0.001	0.000	0.000	0.001
25	R	0.001	0.000	0.000	0.000	0.000
26	E	0.000	0.000	0.000	0.000	0.000
27	Q	0.000	0.000	0.000	0.000	0.000
28	H	0.000	0.000	0.000	0.000	0.000
29	T	0.000	0.000	0.000	0.000	0.000
30	V	0.000	0.000	0.000	0.000	0.000
31	T	0.000	0.000	0.000	0.000	0.000
32	I	0.000	0.000	0.000	0.000	0.000
33	Y	0.000	0.000	0.000	0.000	0.000
34	E	0.000	0.000	0.000	0.000	0.000
35	R	0.000	0.000	0.000	0.000	0.000
36	D	0.000	0.000	0.000	0.000	0.000
37	T	0.000	0.000	0.000	0.000	0.000
38	A	0.000	0.000	0.000	0.000	0.000
39	K	0.000	0.000	0.000	0.000	0.000
40	A	0.000	0.000	0.000	0.000	0.000
>XP_001393781.1
pos	aa	C	S	n-reg	h-reg	c-reg
1	M	0.000	0.009	0.009	0.000	0.000
2	V	0.000	0.010	0.010	0.000	0.000
3	S	0.000	0.010	0.010	0.000	0.000
4	P	0.000	0.010	0.010	0.000	0.000
5	E	0.000	0.010	0.010	0.000	0.000
6	P	0.000	0.010	0.010	0.000	0.000
7	I	0.000	0.010	0.010	0.000	0.000
8	R	0.000	0.010	0.010	0.000	0.000
9	S	0.000	0.010	0.010	0.000	0.000
10	R	0.000	0.010	0.010	0.000	0.000
11	V	0.000	0.010	0.008	0.002	0.000
12	T	0.000	0.010	0.007	0.002	0.000
13	P	0.000	0.010	0.007	0.003	0.000
14	Y	0.000	0.010	0.004	0.006	0.000
15	L	0.000	0.010	0.001	0.009	0.000
16	V	0.000	0.010	0.001	0.009	0.000
17	Y	0.000	0.010	0.000	0.009	0.000
18	L	0.000	0.010	0.000	0.010	0.000
19	V	0.000	0.010	0.000	0.010	0.000
20	F	0.000	0.010	0.000	0.009	0.000
21	I	0.000	0.010	0.000	0.009	0.001
22	T	0.000	0.010	0.000	0.007	0.003
23	T	0.000	0.010	0.000	0.006	0.004
24	L	0.000	0.010	0.000	0.005	0.004
25	G	0.001	0.009	0.000	0.004	0.004
26	P	0.000	0.008	0.000	0.001	0.007
27	L	0.001	0.007	0.000	0.001	0.006
28	Q	0.001	0.006	0.000	0.000	0.006
29	F	0.000	0.006	0.000	0.000	0.005
30	G	0.000	0.006	0.000	0.000	0.005
31	Y	0.003	0.002	0.000	0.000	0.002
32	H	0.000	0.002	0.000	0.000	0.002
33	L	0.000	0.002	0.000	0.000	0.002
34	A	0.000	0.002	0.000	0.000	0.002
35	E	0.001	0.001	0.000	0.000	0.001
36	L	0.000	0.001	0.000	0.000	0.001
37	N	0.000	0.001	0.000	0.000	0.001
38	A	0.000	0.001	0.000	0.000	0.001
39	P	0.000	0.001	0.000	0.000	0.001
40	Q	0.000	0.001	0.000	0.000	0.001
>XP_001393816.2
pos	aa	C	S	n-reg	h-reg	c-reg
1	M	0.000	0.980	0.980	0.000	0.000
2	R	0.000	0.980	0.980	0.000	0.000
3	Q	0.000	0.980	0.972	0.008	0.000
4	N	0.000	0.980	0.890	0.090	0.000
5	V	0.000	0.980	0.460	0.520	0.000
6	A	0.000	0.980	0.232	0.748	0.000
7	F	0.000	0.980	0.038	0.942	0.000
8	L	0.000	0.980	0.003	0.977	0.000
9	A	0.000	0.980	0.001	0.979	0.000
10	C	0.000	0.980	0.000	0.980	0.000
11	L	0.000	0.980	0.000	0.980	0.000
12	A	0.000	0.980	0.000	0.971	0.009
13	A	0.000	0.980	0.000	0.910	0.070
14	L	0.000	0.980	0.000	0.859	0.121
15	S	0.000	0.980	0.000	0.537	0.443
16	S	0.003	0.977	0.000	0.048	0.930
17	V	0.001	0.976	0.000	0.024	0.952
18	S	0.000	0.976	0.000	0.005	0.971
19	Q	0.021	0.955	0.000	0.002	0.953
20	A	0.264	0.691	0.000	0.001	0.690
21	F	0.661	0.031	0.000	0.001	0.030
22	W	0.000	0.031	0.000	0.000	0.030
23	R	0.000	0.031	0.000	0.000	0.031
24	L	0.000	0.031	0.000	0.000	0.031
25	P	0.000	0.030	0.000	0.000	0.030
26	C	0.001	0.030	0.000	0.000	0.030
27	R	0.003	0.027	0.000	0.000	0.027
28	G	0.000	0.027	0.000	0.000	0.027
29	R	0.019	0.009	0.000	0.000	0.009
30	S	0.000	0.009	0.000	0.000	0.009
31	G	0.007	0.002	0.000	0.000	0.002
32	V	0.000	0.002	0.000	0.000	0.002
33	A	0.000	0.002	0.000	0.000	0.002
34	R	0.001	0.000	0.000	0.000	0.000
35	I	0.000	0.000	0.000	0.000	0.000
36	D	0.000	0.000	0.000	0.000	0.000
37	P	0.000	0.000	0.000	0.000	0.000
38	I	0.000	0.000	0.000	0.000	0.000
39	M	0.000	0.000	0.000	0.000	0.000
40	A	0.000	0.000	0.000	0.000	0.000
