>XP_001389800.1
pos	aa	C	S	n-reg	h-reg	c-reg
1	M	0.000	0.974	0.974	0.000	0.000
2	Y	0.000	0.974	0.974	0.000	0.000
3	P	0.000	0.974	0.973	0.001	0.000
4	F	0.000	0.974	0.947	0.028	0.000
5	Q	0.000	0.974	0.936	0.039	0.000
6	F	0.000	0.974	0.782	0.193	0.000
7	G	0.000	0.974	0.484	0.491	0.000
8	L	0.000	0.974	0.117	0.857	0.000
9	A	0.000	0.974	0.061	0.913	0.000
10	L	0.000	0.974	0.014	0.961	0.000
11	L	0.000	0.974	0.001	0.974	0.000
12	A	0.000	0.974	0.000	0.973	0.001
13	S	0.000	0.974	0.000	0.972	0.002
14	V	0.000	0.974	0.000	0.970	0.004
15	F	0.000	0.974	0.000	0.936	0.038
16	S	0.000	0.974	0.000	0.849	0.125
17	L	0.001	0.973	0.000	0.804	0.170
18	L	0.000	0.973	0.000	0.744	0.230
19	S	0.000	0.973	0.000	0.029	0.944
20	W	0.002	0.971	0.000	0.009	0.962
21	A	0.000	0.971	0.000	0.003	0.968
22	N	0.069	0.903	0.000	0.000	0.902
23	G	0.000	0.903	0.000	0.000	0.902
24	S	0.865	0.038	0.000	0.000	0.038
25	N	0.001	0.036	0.000	0.000	0.036
26	L	0.000	0.036	0.000	0.000	0.036
27	H	0.027	0.009	0.000	0.000	0.009
28	V	0.000	0.009	0.000	0.000	0.009
29	R	0.000	0.009	0.000	0.000	0.009
30	A	0.000	0.009	0.000	0.000	0.009
31	T	0.005	0.004	0.000	0.000	0.004
32	G	0.000	0.004	0.000	0.000	0.004
33	N	0.004	0.000	0.000	0.000	0.000
34	T	0.000	0.000	0.000	0.000	0.000
35	V	0.000	0.000	0.000	0.000	0.000
36	R	0.000	0.000	0.000	0.000	0.000
37	F	0.000	0.000	0.000	0.000	0.000
38	N	0.000	0.000	0.000	0.000	0.000
39	V	0.000	0.000	0.000	0.000	0.000
40	T	0.000	0.000	0.000	0.000	0.000
>XP_001389822.2
pos	aa	C	S	n-reg	h-reg	c-reg
1	M	0.000	0.349	0.349	0.000	0.000
2	L	0.000	0.354	0.354	0.000	0.000
3	S	0.000	0.354	0.354	0.000	0.000
4	E	0.000	0.354	0.353	0.000	0.000
5	K	0.000	0.354	0.352	0.001	0.000
6	Y	0.000	0.354	0.114	0.239	0.000
7	I	0.000	0.354	0.025	0.328	0.000
8	G	0.000	0.354	0.013	0.340	0.000
9	L	0.000	0.354	0.003	0.350	0.000
10	I	0.000	0.354	0.000	0.353	0.000
11	L	0.000	0.354	0.000	0.353	0.000
12	A	0.000	0.354	0.000	0.353	0.000
13	I	0.000	0.354	0.000	0.353	0.000
14	T	0.000	0.354	0.000	0.150	0.203
15	S	0.000	0.354	0.000	0.105	0.248
16	T	0.000	0.354	0.000	0.061	0.293
17	M	0.001	0.353	0.000	0.055	0.298
18	A	0.000	0.353	0.000	0.009	0.343
19	I	0.211	0.142	0.000	0.006	0.136
20	G	0.000	0.142	0.000	0.004	0.137
21	T	0.054	0.087	0.000	0.004	0.083
22	S	0.002	0.085	0.000	0.004	0.082
23	F	0.081	0.005	0.000	0.004	0.001
24	V	0.000	0.005	0.000	0.003	0.001
25	I	0.000	0.004	0.000	0.003	0.001
26	T	0.000	0.002	0.000	0.001	0.001
27	K	0.001	0.000	0.000	0.000	0.000
28	K	0.000	0.000	0.000	0.000	0.000
29	G	0.000	0.000	0.000	0.000	0.000
30	L	0.000	0.000	0.000	0.000	0.000
31	M	0.000	0.000	0.000	0.000	0.000
32	Q	0.000	0.000	0.000	0.000	0.000
33	A	0.000	0.000	0.000	0.000	0.000
34	S	0.000	0.000	0.000	0.000	0.000
35	E	0.000	0.000	0.000	0.000	0.000
36	R	0.000	0.000	0.000	0.000	0.000
37	H	0.000	0.000	0.000	0.000	0.000
38	G	0.000	0.000	0.000	0.000	0.000
39	F	0.000	0.000	0.000	0.000	0.000
40	E	0.000	0.000	0.000	0.000	0.000
>XP_001389823.2
pos	aa	C	S	n-reg	h-reg	c-reg
1	M	0.000	0.001	0.001	0.000	0.000
2	P	0.000	0.001	0.001	0.000	0.000
3	S	0.000	0.001	0.001	0.000	0.000
4	L	0.000	0.001	0.001	0.000	0.000
5	L	0.000	0.001	0.001	0.000	0.000
6	R	0.000	0.001	0.001	0.000	0.000
7	K	0.000	0.001	0.001	0.000	0.000
8	L	0.000	0.001	0.000	0.001	0.000
9	V	0.000	0.001	0.000	0.001	0.000
10	I	0.000	0.001	0.000	0.001	0.000
11	I	0.000	0.001	0.000	0.001	0.000
12	A	0.000	0.001	0.000	0.001	0.000
13	A	0.000	0.001	0.000	0.001	0.000
14	V	0.000	0.001	0.000	0.001	0.000
15	D	0.000	0.001	0.000	0.001	0.000
16	G	0.000	0.001	0.000	0.001	0.000
17	L	0.000	0.001	0.000	0.001	0.000
18	I	0.000	0.001	0.000	0.001	0.000
19	L	0.000	0.001	0.000	0.000	0.000
20	Q	0.000	0.001	0.000	0.000	0.001
21	S	0.000	0.001	0.000	0.000	0.001
22	S	0.000	0.001	0.000	0.000	0.001
23	G	0.000	0.001	0.000	0.000	0.001
24	N	0.000	0.000	0.000	0.000	0.000
25	G	0.000	0.000	0.000	0.000	0.000
26	L	0.000	0.000	0.000	0.000	0.000
27	R	0.000	0.000	0.000	0.000	0.000
28	H	0.000	0.000	0.000	0.000	0.000
29	A	0.000	0.000	0.000	0.000	0.000
30	G	0.000	0.000	0.000	0.000	0.000
31	N	0.000	0.000	0.000	0.000	0.000
32	N	0.000	0.000	0.000	0.000	0.000
33	E	0.000	0.000	0.000	0.000	0.000
34	P	0.000	0.000	0.000	0.000	0.000
35	S	0.000	0.000	0.000	0.000	0.000
36	S	0.000	0.000	0.000	0.000	0.000
37	L	0.000	0.000	0.000	0.000	0.000
38	R	0.000	0.000	0.000	0.000	0.000
39	I	0.000	0.000	0.000	0.000	0.000
40	D	0.000	0.000	0.000	0.000	0.000
>XP_001389831.1
pos	aa	C	S	n-reg	h-reg	c-reg
1	M	0.000	0.999	0.999	0.000	0.000
2	R	0.000	0.999	0.999	0.000	0.000
3	Y	0.000	0.999	0.731	0.268	0.000
4	L	0.000	0.999	0.038	0.961	0.000
5	S	0.000	0.999	0.022	0.977	0.000
6	L	0.000	0.999	0.002	0.997	0.000
7	V	0.000	0.999	0.001	0.998	0.000
8	S	0.000	0.999	0.001	0.999	0.000
9	A	0.000	0.999	0.000	0.999	0.000
10	L	0.000	0.999	0.000	0.999	0.000
11	A	0.000	0.999	0.000	0.952	0.047
12	A	0.000	0.999	0.000	0.116	0.884
13	T	0.000	0.999	0.000	0.056	0.944
14	A	0.000	0.999	0.000	0.022	0.977
15	L	0.001	0.998	0.000	0.021	0.978
16	A	0.002	0.996	0.000	0.009	0.987
17	Q	0.959	0.037	0.000	0.001	0.036
18	T	0.005	0.032	0.000	0.000	0.032
19	P	0.009	0.022	0.000	0.000	0.022
20	P	0.000	0.022	0.000	0.000	0.022
21	G	0.006	0.016	0.000	0.000	0.016
22	S	0.001	0.015	0.000	0.000	0.015
23	Y	0.001	0.014	0.000	0.000	0.014
24	P	0.000	0.014	0.000	0.000	0.014
25	S	0.014	0.000	0.000	0.000	0.000
26	T	0.000	0.000	0.000	0.000	0.000
27	N	0.000	0.000	0.000	0.000	0.000
28	K	0.000	0.000	0.000	0.000	0.000
29	N	0.000	0.000	0.000	0.000	0.000
30	F	0.000	0.000	0.000	0.000	0.000
31	G	0.000	0.000	0.000	0.000	0.000
32	V	0.000	0.000	0.000	0.000	0.000
33	A	0.000	0.000	0.000	0.000	0.000
34	F	0.000	0.000	0.000	0.000	0.000
35	P	0.000	0.000	0.000	0.000	0.000
36	N	0.000	0.000	0.000	0.000	0.000
37	A	0.000	0.000	0.000	0.000	0.000
38	T	0.000	0.000	0.000	0.000	0.000
39	V	0.000	0.000	0.000	0.000	0.000
40	T	0.000	0.000	0.000	0.000	0.000
>XP_001389835.2
pos	aa	C	S	n-reg	h-reg	c-reg
1	M	0.000	0.995	0.995	0.000	0.000
2	P	0.000	0.995	0.995	0.000	0.000
3	A	0.000	0.995	0.995	0.000	0.000
4	T	0.000	0.995	0.995	0.000	0.000
5	L	0.000	0.995	0.995	0.000	0.000
6	R	0.000	0.995	0.995	0.000	0.000
7	R	0.000	0.995	0.990	0.006	0.000
8	T	0.000	0.995	0.608	0.387	0.000
9	L	0.000	0.995	0.074	0.922	0.000
10	L	0.000	0.995	0.017	0.978	0.000
11	L	0.000	0.995	0.004	0.992	0.000
12	A	0.000	0.995	0.000	0.995	0.000
13	L	0.000	0.995	0.000	0.995	0.000
14	W	0.000	0.995	0.000	0.995	0.000
15	A	0.000	0.995	0.000	0.995	0.000
16	G	0.000	0.995	0.000	0.933	0.062
17	S	0.000	0.995	0.000	0.790	0.205
18	L	0.000	0.995	0.000	0.762	0.234
19	V	0.000	0.995	0.000	0.699	0.296
20	S	0.000	0.995	0.000	0.023	0.972
21	S	0.003	0.993	0.000	0.002	0.991
22	S	0.007	0.985	0.000	0.000	0.985
23	W	0.003	0.982	0.000	0.000	0.982
24	G	0.000	0.982	0.000	0.000	0.982
25	A	0.972	0.010	0.000	0.000	0.010
26	D	0.005	0.005	0.000	0.000	0.005
27	L	0.000	0.005	0.000	0.000	0.005
28	P	0.002	0.004	0.000	0.000	0.004
29	T	0.001	0.003	0.000	0.000	0.003
30	T	0.000	0.003	0.000	0.000	0.003
31	D	0.000	0.003	0.000	0.000	0.003
32	M	0.000	0.003	0.000	0.000	0.003
33	V	0.000	0.003	0.000	0.000	0.003
34	A	0.000	0.003	0.000	0.000	0.003
35	S	0.000	0.003	0.000	0.000	0.003
36	H	0.000	0.002	0.000	0.000	0.002
37	P	0.000	0.002	0.000	0.000	0.002
38	A	0.000	0.002	0.000	0.000	0.002
39	I	0.000	0.002	0.000	0.000	0.002
40	T	0.000	0.002	0.000	0.000	0.002
>XP_001389839.1
pos	aa	C	S	n-reg	h-reg	c-reg
1	M	0.000	0.021	0.021	0.000	0.000
2	L	0.000	0.022	0.022	0.000	0.000
3	L	0.000	0.022	0.022	0.000	0.000
4	G	0.000	0.022	0.022	0.000	0.000
5	N	0.000	0.022	0.022	0.000	0.000
6	G	0.000	0.022	0.021	0.001	0.000
7	V	0.000	0.022	0.018	0.003	0.000
8	A	0.000	0.022	0.018	0.004	0.000
9	A	0.000	0.022	0.017	0.004	0.000
10	D	0.000	0.022	0.017	0.004	0.000
11	A	0.000	0.022	0.012	0.009	0.000
12	S	0.000	0.022	0.010	0.012	0.000
13	I	0.000	0.022	0.003	0.019	0.000
14	L	0.000	0.022	0.000	0.021	0.000
15	L	0.000	0.022	0.000	0.021	0.000
16	C	0.000	0.022	0.000	0.021	0.001
17	I	0.000	0.022	0.000	0.020	0.001
18	G	0.000	0.022	0.000	0.019	0.002
19	V	0.000	0.021	0.000	0.015	0.007
20	I	0.000	0.021	0.000	0.013	0.008
21	T	0.000	0.021	0.000	0.011	0.010
22	V	0.001	0.020	0.000	0.011	0.009
23	A	0.000	0.020	0.000	0.009	0.011
24	I	0.008	0.012	0.000	0.007	0.005
25	Y	0.000	0.012	0.000	0.001	0.011
26	R	0.000	0.011	0.000	0.000	0.011
27	L	0.000	0.011	0.000	0.000	0.011
28	T	0.001	0.011	0.000	0.000	0.011
29	L	0.002	0.009	0.000	0.000	0.009
30	H	0.006	0.003	0.000	0.000	0.003
31	P	0.000	0.003	0.000	0.000	0.003
32	L	0.001	0.002	0.000	0.000	0.002
33	A	0.000	0.002	0.000	0.000	0.002
34	H	0.001	0.000	0.000	0.000	0.000
35	V	0.000	0.000	0.000	0.000	0.000
36	P	0.000	0.000	0.000	0.000	0.000
37	G	0.000	0.000	0.000	0.000	0.000
38	P	0.000	0.000	0.000	0.000	0.000
39	W	0.000	0.000	0.000	0.000	0.000
40	I	0.000	0.000	0.000	0.000	0.000
>XP_001389841.2
pos	aa	C	S	n-reg	h-reg	c-reg
1	M	0.000	0.978	0.978	0.000	0.000
2	L	0.000	0.978	0.978	0.000	0.000
3	S	0.000	0.978	0.977	0.000	0.000
4	T	0.000	0.978	0.976	0.001	0.000
5	M	0.000	0.978	0.976	0.002	0.000
6	A	0.000	0.978	0.971	0.006	0.000
7	F	0.000	0.978	0.959	0.018	0.000
8	S	0.000	0.978	0.953	0.024	0.000
9	F	0.000	0.978	0.900	0.077	0.000
10	V	0.000	0.978	0.766	0.212	0.000
11	L	0.000	0.978	0.713	0.265	0.000
12	R	0.000	0.978	0.705	0.272	0.000
13	I	0.000	0.978	0.239	0.738	0.000
14	L	0.000	0.978	0.059	0.918	0.001
15	S	0.000	0.978	0.050	0.925	0.003
16	P	0.000	0.978	0.034	0.940	0.003
17	L	0.000	0.978	0.005	0.969	0.004
18	F	0.000	0.978	0.001	0.967	0.010
19	L	0.000	0.978	0.000	0.960	0.018
20	I	0.000	0.978	0.000	0.950	0.027
21	L	0.000	0.978	0.000	0.878	0.099
22	Q	0.000	0.977	0.000	0.244	0.733
23	L	0.000	0.977	0.000	0.221	0.756
24	S	0.000	0.977	0.000	0.091	0.886
25	T	0.000	0.977	0.000	0.027	0.950
26	A	0.004	0.973	0.000	0.018	0.955
27	A	0.611	0.361	0.000	0.008	0.353
28	S	0.036	0.326	0.000	0.002	0.323
29	T	0.120	0.205	0.000	0.001	0.205
30	S	0.108	0.098	0.000	0.000	0.098
31	T	0.015	0.083	0.000	0.000	0.083
32	L	0.048	0.034	0.000	0.000	0.034
33	R	0.014	0.020	0.000	0.000	0.020
34	Q	0.000	0.020	0.000	0.000	0.020
35	C	0.001	0.019	0.000	0.000	0.019
36	L	0.003	0.016	0.000	0.000	0.016
37	L	0.000	0.016	0.000	0.000	0.016
38	T	0.005	0.011	0.000	0.000	0.011
39	A	0.004	0.007	0.000	0.000	0.007
40	V	0.003	0.004	0.000	0.000	0.004
>XP_001389845.2
pos	aa	C	S	n-reg	h-reg	c-reg
1	M	0.000	0.999	0.999	0.000	0.000
2	K	0.000	0.999	0.999	0.000	0.000
3	A	0.000	0.999	0.998	0.001	0.000
4	F	0.000	0.999	0.997	0.002	0.000
5	K	0.000	0.999	0.997	0.003	0.000
6	Q	0.000	0.999	0.890	0.109	0.000
7	S	0.000	0.999	0.475	0.524	0.000
8	L	0.000	0.999	0.113	0.886	0.000
9	L	0.000	0.999	0.027	0.973	0.000
10	A	0.000	0.999	0.014	0.986	0.000
11	L	0.000	0.999	0.004	0.996	0.000
12	S	0.000	0.999	0.002	0.997	0.000
13	L	0.000	0.999	0.001	0.998	0.001
14	T	0.000	0.999	0.000	0.966	0.033
15	S	0.000	0.999	0.000	0.827	0.172
16	V	0.000	0.999	0.000	0.671	0.329
17	A	0.000	0.999	0.000	0.450	0.549
18	V	0.000	0.999	0.000	0.343	0.656
19	A	0.000	0.999	0.000	0.096	0.903
20	A	0.083	0.917	0.000	0.032	0.884
21	A	0.198	0.719	0.000	0.008	0.711
22	S	0.267	0.451	0.000	0.005	0.446
23	C	0.071	0.380	0.000	0.001	0.379
24	N	0.232	0.148	0.000	0.000	0.148
25	T	0.000	0.148	0.000	0.000	0.148
26	T	0.047	0.101	0.000	0.000	0.101
27	A	0.005	0.096	0.000	0.000	0.096
28	L	0.090	0.006	0.000	0.000	0.006
29	N	0.005	0.001	0.000	0.000	0.001
30	T	0.000	0.001	0.000	0.000	0.001
31	T	0.001	0.000	0.000	0.000	0.000
32	T	0.000	0.000	0.000	0.000	0.000
33	Y	0.000	0.000	0.000	0.000	0.000
34	N	0.000	0.000	0.000	0.000	0.000
35	Y	0.000	0.000	0.000	0.000	0.000
36	Y	0.000	0.000	0.000	0.000	0.000
37	I	0.000	0.000	0.000	0.000	0.000
38	T	0.000	0.000	0.000	0.000	0.000
39	V	0.000	0.000	0.000	0.000	0.000
40	D	0.000	0.000	0.000	0.000	0.000
>XP_001389848.1
pos	aa	C	S	n-reg	h-reg	c-reg
1	M	0.000	0.999	0.999	0.000	0.000
2	V	0.000	0.999	0.999	0.000	0.000
3	A	0.000	0.999	0.868	0.131	0.000
4	Y	0.000	0.999	0.721	0.278	0.000
5	S	0.000	0.999	0.633	0.366	0.000
6	S	0.000	0.999	0.409	0.590	0.000
7	L	0.000	0.999	0.006	0.993	0.000
8	L	0.000	0.999	0.002	0.998	0.000
9	L	0.000	0.999	0.000	0.999	0.000
10	A	0.000	0.999	0.000	0.999	0.000
11	L	0.000	0.999	0.000	0.986	0.013
12	S	0.000	0.999	0.000	0.882	0.117
13	A	0.000	0.999	0.000	0.818	0.181
14	A	0.000	0.999	0.000	0.749	0.250
15	S	0.001	0.998	0.000	0.044	0.955
16	S	0.001	0.997	0.000	0.019	0.979
17	A	0.021	0.976	0.000	0.007	0.970
18	V	0.052	0.924	0.000	0.005	0.919
19	A	0.000	0.924	0.000	0.002	0.922
20	L	0.900	0.024	0.000	0.002	0.023
21	P	0.001	0.023	0.000	0.000	0.023
22	N	0.013	0.009	0.000	0.000	0.009
23	G	0.000	0.009	0.000	0.000	0.009
24	K	0.004	0.006	0.000	0.000	0.006
25	A	0.000	0.006	0.000	0.000	0.006
26	L	0.004	0.002	0.000	0.000	0.002
27	L	0.001	0.001	0.000	0.000	0.001
28	D	0.001	0.000	0.000	0.000	0.000
29	M	0.000	0.000	0.000	0.000	0.000
30	A	0.000	0.000	0.000	0.000	0.000
31	K	0.000	0.000	0.000	0.000	0.000
32	R	0.000	0.000	0.000	0.000	0.000
33	S	0.000	0.000	0.000	0.000	0.000
34	L	0.000	0.000	0.000	0.000	0.000
35	T	0.000	0.000	0.000	0.000	0.000
36	S	0.000	0.000	0.000	0.000	0.000
37	S	0.000	0.000	0.000	0.000	0.000
38	A	0.000	0.000	0.000	0.000	0.000
39	E	0.000	0.000	0.000	0.000	0.000
40	G	0.000	0.000	0.000	0.000	0.000
>XP_001389850.1
pos	aa	C	S	n-reg	h-reg	c-reg
1	M	0.000	0.698	0.698	0.000	0.000
2	R	0.000	0.703	0.703	0.000	0.000
3	L	0.000	0.703	0.703	0.000	0.000
4	W	0.000	0.703	0.703	0.000	0.000
5	K	0.000	0.703	0.703	0.000	0.000
6	H	0.000	0.703	0.703	0.000	0.000
7	D	0.000	0.703	0.703	0.000	0.000
8	F	0.000	0.703	0.703	0.000	0.000
9	R	0.000	0.703	0.702	0.001	0.000
10	G	0.000	0.703	0.695	0.009	0.000
11	R	0.000	0.703	0.685	0.018	0.000
12	A	0.000	0.703	0.204	0.500	0.000
13	L	0.000	0.703	0.100	0.603	0.000
14	I	0.000	0.703	0.084	0.619	0.000
15	I	0.000	0.703	0.078	0.625	0.000
16	A	0.000	0.703	0.070	0.633	0.000
17	I	0.000	0.703	0.047	0.656	0.000
18	T	0.000	0.703	0.037	0.663	0.003
19	M	0.000	0.703	0.027	0.669	0.007
20	A	0.000	0.703	0.016	0.300	0.388
21	S	0.000	0.703	0.007	0.200	0.496
22	C	0.000	0.703	0.002	0.153	0.547
23	Q	0.006	0.697	0.001	0.113	0.583
24	A	0.001	0.696	0.000	0.105	0.591
25	F	0.401	0.294	0.000	0.092	0.202
26	L	0.000	0.294	0.000	0.089	0.205
27	L	0.007	0.287	0.000	0.087	0.201
28	L	0.002	0.285	0.000	0.071	0.215
29	G	0.008	0.276	0.000	0.026	0.250
30	F	0.093	0.181	0.000	0.014	0.167
31	D	0.000	0.179	0.000	0.003	0.176
32	Q	0.000	0.179	0.000	0.000	0.179
33	G	0.001	0.179	0.000	0.000	0.178
34	V	0.007	0.171	0.000	0.000	0.171
35	M	0.000	0.171	0.000	0.000	0.171
36	S	0.000	0.171	0.000	0.000	0.171
37	G	0.143	0.028	0.000	0.000	0.028
38	I	0.005	0.023	0.000	0.000	0.023
39	V	0.000	0.023	0.000	0.000	0.023
40	G	0.000	0.023	0.000	0.000	0.023
>XP_001389853.2
pos	aa	C	S	n-reg	h-reg	c-reg
1	M	0.000	0.906	0.906	0.000	0.000
2	R	0.000	0.906	0.906	0.000	0.000
3	M	0.000	0.906	0.895	0.011	0.000
4	P	0.000	0.906	0.869	0.037	0.000
5	S	0.000	0.906	0.730	0.176	0.000
6	A	0.000	0.906	0.343	0.563	0.000
7	I	0.000	0.906	0.120	0.786	0.000
8	S	0.000	0.906	0.069	0.837	0.000
9	I	0.000	0.906	0.019	0.887	0.000
10	G	0.000	0.906	0.011	0.895	0.000
11	V	0.000	0.906	0.002	0.904	0.000
12	I	0.000	0.906	0.001	0.904	0.001
13	A	0.000	0.906	0.001	0.884	0.022
14	G	0.000	0.906	0.000	0.754	0.152
15	L	0.000	0.906	0.000	0.678	0.228
16	S	0.000	0.906	0.000	0.367	0.539
17	V	0.000	0.906	0.000	0.131	0.774
18	A	0.000	0.906	0.000	0.057	0.849
19	A	0.080	0.826	0.000	0.016	0.810
20	S	0.095	0.731	0.000	0.006	0.724
21	A	0.300	0.431	0.000	0.005	0.426
22	V	0.374	0.057	0.000	0.002	0.056
23	P	0.000	0.057	0.000	0.001	0.056
24	S	0.011	0.046	0.000	0.000	0.045
25	L	0.016	0.030	0.000	0.000	0.030
26	Q	0.002	0.028	0.000	0.000	0.028
27	K	0.026	0.002	0.000	0.000	0.002
28	N	0.000	0.002	0.000	0.000	0.002
29	G	0.000	0.002	0.000	0.000	0.002
30	T	0.000	0.002	0.000	0.000	0.002
31	T	0.000	0.002	0.000	0.000	0.002
32	C	0.000	0.002	0.000	0.000	0.002
33	T	0.001	0.000	0.000	0.000	0.000
34	V	0.000	0.000	0.000	0.000	0.000
35	I	0.000	0.000	0.000	0.000	0.000
36	P	0.000	0.000	0.000	0.000	0.000
37	L	0.000	0.000	0.000	0.000	0.000
38	G	0.000	0.000	0.000	0.000	0.000
39	N	0.000	0.000	0.000	0.000	0.000
40	G	0.000	0.000	0.000	0.000	0.000
>XP_001389855.1
pos	aa	C	S	n-reg	h-reg	c-reg
1	M	0.000	0.998	0.998	0.000	0.000
2	V	0.000	0.998	0.998	0.000	0.000
3	T	0.000	0.998	0.952	0.046	0.000
4	S	0.000	0.998	0.878	0.120	0.000
5	S	0.000	0.998	0.805	0.193	0.000
6	S	0.000	0.998	0.538	0.460	0.000
7	V	0.000	0.998	0.064	0.934	0.000
8	I	0.000	0.998	0.026	0.972	0.000
9	V	0.000	0.998	0.007	0.991	0.000
10	L	0.000	0.998	0.001	0.996	0.000
11	T	0.000	0.998	0.001	0.992	0.005
12	L	0.000	0.998	0.000	0.981	0.017
13	W	0.000	0.998	0.000	0.954	0.043
14	A	0.000	0.998	0.000	0.905	0.093
15	A	0.000	0.998	0.000	0.358	0.639
16	L	0.000	0.997	0.000	0.316	0.681
17	V	0.000	0.997	0.000	0.206	0.791
18	S	0.000	0.997	0.000	0.066	0.931
19	A	0.005	0.992	0.000	0.016	0.977
20	S	0.736	0.256	0.000	0.010	0.246
21	P	0.003	0.253	0.000	0.000	0.253
22	V	0.034	0.219	0.000	0.000	0.219
23	A	0.000	0.219	0.000	0.000	0.219
24	D	0.045	0.174	0.000	0.000	0.174
25	P	0.000	0.174	0.000	0.000	0.174
26	L	0.172	0.002	0.000	0.000	0.002
27	V	0.000	0.002	0.000	0.000	0.002
28	T	0.000	0.002	0.000	0.000	0.002
29	P	0.000	0.002	0.000	0.000	0.002
30	A	0.001	0.000	0.000	0.000	0.000
31	P	0.000	0.000	0.000	0.000	0.000
32	K	0.000	0.000	0.000	0.000	0.000
33	L	0.000	0.000	0.000	0.000	0.000
34	E	0.000	0.000	0.000	0.000	0.000
35	D	0.000	0.000	0.000	0.000	0.000
36	L	0.000	0.000	0.000	0.000	0.000
37	E	0.000	0.000	0.000	0.000	0.000
38	K	0.000	0.000	0.000	0.000	0.000
39	R	0.000	0.000	0.000	0.000	0.000
40	A	0.000	0.000	0.000	0.000	0.000
>XP_001389861.2
pos	aa	C	S	n-reg	h-reg	c-reg
1	M	0.000	0.884	0.884	0.000	0.000
2	K	0.000	0.884	0.884	0.000	0.000
3	F	0.000	0.884	0.564	0.320	0.000
4	S	0.000	0.884	0.468	0.416	0.000
5	V	0.000	0.884	0.308	0.576	0.000
6	V	0.000	0.884	0.175	0.709	0.000
7	P	0.000	0.884	0.125	0.759	0.000
8	L	0.000	0.884	0.037	0.847	0.000
9	L	0.000	0.884	0.012	0.872	0.000
10	F	0.000	0.884	0.006	0.877	0.001
11	G	0.000	0.884	0.005	0.708	0.171
12	A	0.000	0.884	0.004	0.672	0.208
13	T	0.000	0.884	0.004	0.451	0.429
14	S	0.000	0.884	0.003	0.355	0.525
15	A	0.017	0.866	0.003	0.319	0.544
16	V	0.112	0.754	0.003	0.300	0.452
17	A	0.000	0.754	0.003	0.247	0.504
18	S	0.282	0.472	0.003	0.041	0.428
19	R	0.063	0.408	0.003	0.005	0.400
20	L	0.000	0.408	0.002	0.005	0.402
21	Y	0.008	0.401	0.002	0.004	0.395
22	A	0.000	0.401	0.001	0.003	0.397
23	A	0.277	0.123	0.001	0.003	0.120
24	S	0.003	0.120	0.001	0.003	0.117
25	Y	0.009	0.111	0.000	0.003	0.108
26	A	0.000	0.111	0.000	0.003	0.108
27	G	0.093	0.018	0.000	0.003	0.015
28	T	0.001	0.018	0.000	0.003	0.015
29	V	0.002	0.016	0.000	0.003	0.013
30	T	0.000	0.016	0.000	0.003	0.013
31	T	0.000	0.015	0.000	0.002	0.014
32	L	0.006	0.009	0.000	0.001	0.008
33	S	0.000	0.009	0.000	0.001	0.008
34	L	0.001	0.007	0.000	0.000	0.007
35	S	0.000	0.007	0.000	0.000	0.007
36	Q	0.003	0.004	0.000	0.000	0.004
37	S	0.000	0.004	0.000	0.000	0.004
38	S	0.002	0.002	0.000	0.000	0.002
39	K	0.000	0.002	0.000	0.000	0.002
40	G	0.000	0.002	0.000	0.000	0.002
>XP_001389862.2
pos	aa	C	S	n-reg	h-reg	c-reg
1	M	0.000	0.983	0.983	0.000	0.000
2	Q	0.000	0.983	0.983	0.000	0.000
3	T	0.000	0.983	0.649	0.334	0.000
4	L	0.000	0.983	0.077	0.906	0.000
5	L	0.000	0.983	0.038	0.945	0.000
6	V	0.000	0.983	0.016	0.967	0.000
7	S	0.000	0.983	0.010	0.973	0.000
8	S	0.000	0.983	0.006	0.977	0.000
9	L	0.000	0.983	0.001	0.982	0.000
10	V	0.000	0.983	0.000	0.983	0.000
11	V	0.000	0.983	0.000	0.933	0.050
12	S	0.000	0.983	0.000	0.359	0.624
13	L	0.000	0.983	0.000	0.335	0.648
14	A	0.000	0.983	0.000	0.171	0.812
15	A	0.020	0.964	0.000	0.103	0.861
16	A	0.019	0.945	0.000	0.030	0.915
17	L	0.626	0.318	0.000	0.017	0.301
18	P	0.001	0.318	0.000	0.005	0.313
19	H	0.158	0.160	0.000	0.000	0.159
20	Y	0.000	0.160	0.000	0.000	0.159
21	I	0.000	0.160	0.000	0.000	0.160
22	R	0.000	0.160	0.000	0.000	0.160
23	S	0.000	0.160	0.000	0.000	0.160
24	N	0.155	0.004	0.000	0.000	0.004
25	G	0.000	0.004	0.000	0.000	0.004
26	I	0.003	0.001	0.000	0.000	0.001
27	E	0.000	0.001	0.000	0.000	0.001
28	A	0.000	0.001	0.000	0.000	0.001
29	S	0.001	0.000	0.000	0.000	0.000
30	L	0.000	0.000	0.000	0.000	0.000
31	L	0.000	0.000	0.000	0.000	0.000
32	T	0.000	0.000	0.000	0.000	0.000
33	D	0.000	0.000	0.000	0.000	0.000
34	P	0.000	0.000	0.000	0.000	0.000
35	K	0.000	0.000	0.000	0.000	0.000
36	D	0.000	0.000	0.000	0.000	0.000
37	V	0.000	0.000	0.000	0.000	0.000
38	S	0.000	0.000	0.000	0.000	0.000
39	G	0.000	0.000	0.000	0.000	0.000
40	R	0.000	0.000	0.000	0.000	0.000
>XP_001389868.1
pos	aa	C	S	n-reg	h-reg	c-reg
1	M	0.000	0.843	0.843	0.000	0.000
2	R	0.000	0.843	0.843	0.000	0.000
3	R	0.000	0.843	0.837	0.006	0.000
4	A	0.000	0.843	0.526	0.317	0.000
5	A	0.000	0.843	0.302	0.540	0.000
6	M	0.000	0.843	0.166	0.676	0.000
7	M	0.000	0.843	0.090	0.753	0.000
8	A	0.000	0.843	0.049	0.794	0.000
9	G	0.000	0.843	0.026	0.817	0.000
10	L	0.000	0.843	0.008	0.834	0.000
11	T	0.000	0.843	0.005	0.835	0.003
12	A	0.000	0.843	0.004	0.792	0.047
13	T	0.000	0.843	0.003	0.479	0.361
14	T	0.000	0.843	0.001	0.350	0.492
15	A	0.000	0.843	0.001	0.262	0.579
16	Q	0.004	0.839	0.001	0.144	0.694
17	A	0.001	0.838	0.001	0.047	0.790
18	A	0.283	0.555	0.001	0.032	0.522
19	S	0.001	0.554	0.001	0.019	0.534
20	L	0.016	0.538	0.001	0.017	0.520
21	A	0.118	0.420	0.001	0.013	0.406
22	D	0.375	0.045	0.001	0.001	0.043
23	V	0.000	0.045	0.001	0.001	0.043
24	C	0.000	0.045	0.001	0.001	0.043
25	T	0.000	0.044	0.001	0.000	0.043
26	T	0.003	0.042	0.001	0.000	0.041
27	A	0.034	0.008	0.001	0.000	0.007
28	N	0.004	0.004	0.001	0.000	0.003
29	V	0.000	0.004	0.001	0.000	0.003
30	K	0.000	0.004	0.001	0.000	0.003
31	A	0.000	0.004	0.000	0.000	0.003
32	A	0.001	0.003	0.000	0.000	0.002
33	L	0.000	0.003	0.000	0.000	0.002
34	P	0.000	0.003	0.000	0.000	0.002
35	S	0.001	0.002	0.000	0.001	0.001
36	S	0.000	0.002	0.000	0.001	0.001
37	V	0.000	0.002	0.000	0.001	0.001
38	Y	0.000	0.002	0.000	0.001	0.001
39	G	0.000	0.002	0.000	0.001	0.001
40	L	0.001	0.001	0.000	0.001	0.001
>XP_001389870.1
pos	aa	C	S	n-reg	h-reg	c-reg
1	M	0.000	0.998	0.998	0.000	0.000
2	P	0.000	0.998	0.998	0.000	0.000
3	S	0.000	0.998	0.995	0.003	0.000
4	M	0.000	0.998	0.984	0.014	0.000
5	N	0.000	0.998	0.973	0.025	0.000
6	M	0.000	0.998	0.750	0.248	0.000
7	F	0.000	0.998	0.337	0.661	0.000
8	T	0.000	0.998	0.237	0.761	0.000
9	S	0.000	0.998	0.149	0.849	0.000
10	L	0.000	0.998	0.031	0.967	0.000
11	L	0.000	0.998	0.002	0.996	0.000
12	A	0.000	0.998	0.001	0.996	0.001
13	T	0.000	0.998	0.001	0.995	0.003
14	A	0.000	0.998	0.000	0.984	0.013
15	S	0.000	0.998	0.000	0.850	0.148
16	L	0.000	0.998	0.000	0.753	0.244
17	M	0.000	0.998	0.000	0.586	0.412
18	A	0.000	0.998	0.000	0.465	0.532
19	S	0.003	0.995	0.000	0.030	0.966
20	G	0.001	0.995	0.000	0.016	0.979
21	V	0.003	0.992	0.000	0.012	0.980
22	Y	0.000	0.992	0.000	0.001	0.991
23	A	0.000	0.992	0.000	0.001	0.991
24	A	0.894	0.098	0.000	0.000	0.097
25	E	0.001	0.096	0.000	0.000	0.096
26	A	0.000	0.096	0.000	0.000	0.096
27	S	0.060	0.036	0.000	0.000	0.036
28	D	0.000	0.036	0.000	0.000	0.036
29	M	0.000	0.036	0.000	0.000	0.036
30	G	0.000	0.036	0.000	0.000	0.036
31	A	0.000	0.036	0.000	0.000	0.036
32	A	0.000	0.036	0.000	0.000	0.036
33	A	0.000	0.035	0.000	0.000	0.035
34	F	0.001	0.035	0.000	0.000	0.035
35	L	0.000	0.035	0.000	0.000	0.035
36	W	0.000	0.034	0.000	0.000	0.034
37	P	0.000	0.034	0.000	0.000	0.034
38	P	0.000	0.034	0.000	0.000	0.034
39	D	0.000	0.034	0.000	0.000	0.034
40	R	0.000	0.034	0.000	0.000	0.034
>XP_001389882.1
pos	aa	C	S	n-reg	h-reg	c-reg
1	M	0.000	0.997	0.997	0.000	0.000
2	H	0.000	0.997	0.997	0.000	0.000
3	P	0.000	0.997	0.949	0.049	0.000
4	S	0.000	0.997	0.743	0.255	0.000
5	A	0.000	0.997	0.458	0.539	0.000
6	L	0.000	0.997	0.029	0.968	0.000
7	V	0.000	0.997	0.008	0.989	0.000
8	G	0.000	0.997	0.004	0.993	0.000
9	L	0.000	0.997	0.000	0.997	0.000
10	L	0.000	0.997	0.000	0.997	0.000
11	A	0.000	0.997	0.000	0.988	0.010
12	F	0.000	0.997	0.000	0.953	0.044
13	A	0.000	0.997	0.000	0.842	0.155
14	A	0.000	0.997	0.000	0.235	0.763
15	A	0.000	0.997	0.000	0.166	0.831
16	A	0.005	0.992	0.000	0.065	0.927
17	S	0.018	0.974	0.000	0.005	0.969
18	A	0.045	0.929	0.000	0.002	0.927
19	I	0.723	0.206	0.000	0.001	0.205
20	P	0.000	0.206	0.000	0.000	0.206
21	A	0.096	0.110	0.000	0.000	0.110
22	N	0.097	0.013	0.000	0.000	0.013
23	P	0.000	0.013	0.000	0.000	0.013
24	S	0.008	0.004	0.000	0.000	0.004
25	H	0.003	0.001	0.000	0.000	0.001
26	K	0.000	0.001	0.000	0.000	0.001
27	A	0.000	0.001	0.000	0.000	0.001
28	H	0.000	0.001	0.000	0.000	0.001
29	S	0.000	0.001	0.000	0.000	0.001
30	D	0.001	0.000	0.000	0.000	0.000
31	S	0.000	0.000	0.000	0.000	0.000
32	A	0.000	0.000	0.000	0.000	0.000
33	V	0.000	0.000	0.000	0.000	0.000
34	Q	0.000	0.000	0.000	0.000	0.000
35	N	0.000	0.000	0.000	0.000	0.000
36	L	0.000	0.000	0.000	0.000	0.000
37	K	0.000	0.000	0.000	0.000	0.000
38	S	0.000	0.000	0.000	0.000	0.000
39	K	0.000	0.000	0.000	0.000	0.000
40	I	0.000	0.000	0.000	0.000	0.000
>XP_001389884.1
pos	aa	C	S	n-reg	h-reg	c-reg
1	M	0.000	0.986	0.986	0.000	0.000
2	P	0.000	0.986	0.986	0.000	0.000
3	L	0.000	0.986	0.978	0.008	0.000
4	K	0.000	0.986	0.975	0.011	0.000
5	P	0.000	0.986	0.725	0.262	0.000
6	I	0.000	0.986	0.226	0.760	0.000
7	L	0.000	0.986	0.023	0.964	0.000
8	L	0.000	0.986	0.008	0.979	0.000
9	S	0.000	0.986	0.006	0.981	0.000
10	A	0.000	0.986	0.003	0.984	0.000
11	L	0.000	0.986	0.000	0.985	0.001
12	A	0.000	0.986	0.000	0.984	0.003
13	S	0.000	0.986	0.000	0.749	0.237
14	L	0.000	0.986	0.000	0.658	0.328
15	A	0.000	0.986	0.000	0.303	0.684
16	S	0.001	0.985	0.000	0.167	0.818
17	A	0.002	0.983	0.000	0.110	0.874
18	S	0.463	0.521	0.000	0.062	0.458
19	P	0.003	0.518	0.000	0.003	0.515
20	L	0.144	0.374	0.000	0.003	0.372
21	L	0.006	0.368	0.000	0.001	0.367
22	Y	0.004	0.364	0.000	0.000	0.364
23	S	0.000	0.364	0.000	0.000	0.364
24	R	0.332	0.032	0.000	0.000	0.032
25	T	0.000	0.032	0.000	0.000	0.032
26	T	0.028	0.005	0.000	0.000	0.005
27	N	0.001	0.003	0.000	0.000	0.003
28	E	0.000	0.003	0.000	0.000	0.003
29	T	0.000	0.003	0.000	0.000	0.003
30	F	0.001	0.003	0.000	0.000	0.003
31	V	0.000	0.003	0.000	0.000	0.003
32	F	0.000	0.003	0.000	0.000	0.003
33	T	0.000	0.003	0.000	0.000	0.003
34	N	0.000	0.002	0.000	0.000	0.002
35	A	0.000	0.002	0.000	0.000	0.002
36	N	0.001	0.001	0.000	0.000	0.001
37	G	0.000	0.001	0.000	0.000	0.001
38	L	0.001	0.000	0.000	0.000	0.000
39	N	0.000	0.000	0.000	0.000	0.000
40	F	0.000	0.000	0.000	0.000	0.000
>XP_001389886.1
pos	aa	C	S	n-reg	h-reg	c-reg
1	M	0.000	0.989	0.989	0.000	0.000
2	S	0.000	0.989	0.989	0.000	0.000
3	I	0.000	0.989	0.988	0.001	0.000
4	F	0.000	0.989	0.988	0.001	0.000
5	F	0.000	0.989	0.988	0.001	0.000
6	S	0.000	0.989	0.988	0.001	0.000
7	I	0.000	0.989	0.987	0.002	0.000
8	R	0.000	0.989	0.986	0.002	0.000
9	F	0.000	0.989	0.951	0.038	0.000
10	W	0.000	0.989	0.871	0.118	0.000
11	P	0.000	0.989	0.754	0.234	0.001
12	A	0.000	0.989	0.472	0.516	0.001
13	A	0.000	0.989	0.244	0.744	0.001
14	I	0.000	0.989	0.011	0.977	0.001
15	S	0.000	0.989	0.006	0.981	0.001
16	A	0.000	0.989	0.004	0.984	0.001
17	A	0.001	0.988	0.002	0.986	0.001
18	I	0.000	0.988	0.000	0.986	0.002
19	L	0.000	0.988	0.000	0.975	0.013
20	W	0.000	0.988	0.000	0.936	0.051
21	L	0.000	0.988	0.000	0.905	0.083
22	P	0.000	0.988	0.000	0.036	0.952
23	Q	0.000	0.987	0.000	0.019	0.968
24	V	0.000	0.987	0.000	0.017	0.971
25	L	0.000	0.987	0.000	0.016	0.972
26	G	0.000	0.987	0.000	0.001	0.987
27	R	0.957	0.030	0.000	0.000	0.030
28	S	0.000	0.030	0.000	0.000	0.030
29	N	0.006	0.024	0.000	0.000	0.024
30	G	0.000	0.024	0.000	0.000	0.024
31	T	0.023	0.001	0.000	0.000	0.001
32	A	0.000	0.001	0.000	0.000	0.001
33	P	0.000	0.001	0.000	0.000	0.001
34	N	0.000	0.000	0.000	0.000	0.000
35	Y	0.000	0.000	0.000	0.000	0.000
36	T	0.000	0.000	0.000	0.000	0.000
37	V	0.000	0.000	0.000	0.000	0.000
38	E	0.000	0.000	0.000	0.000	0.000
39	E	0.000	0.000	0.000	0.000	0.000
40	L	0.000	0.000	0.000	0.000	0.000
>XP_001389901.1
pos	aa	C	S	n-reg	h-reg	c-reg
1	M	0.000	0.949	0.949	0.000	0.000
2	R	0.000	0.949	0.949	0.000	0.000
3	Y	0.000	0.949	0.836	0.113	0.000
4	S	0.000	0.949	0.653	0.296	0.000
5	L	0.000	0.949	0.358	0.592	0.000
6	W	0.000	0.949	0.202	0.747	0.000
7	W	0.000	0.949	0.125	0.824	0.000
8	S	0.000	0.949	0.079	0.870	0.000
9	I	0.000	0.949	0.006	0.943	0.000
10	F	0.000	0.949	0.002	0.947	0.000
11	G	0.000	0.949	0.000	0.938	0.011
12	L	0.000	0.949	0.000	0.930	0.019
13	I	0.000	0.949	0.000	0.880	0.069
14	G	0.000	0.949	0.000	0.482	0.468
15	G	0.000	0.949	0.000	0.346	0.603
16	S	0.001	0.948	0.000	0.244	0.704
17	S	0.001	0.947	0.000	0.035	0.912
18	A	0.009	0.938	0.000	0.025	0.914
19	T	0.286	0.653	0.000	0.004	0.649
20	Q	0.027	0.625	0.000	0.000	0.625
21	A	0.016	0.609	0.000	0.000	0.609
22	S	0.473	0.136	0.000	0.000	0.136
23	P	0.000	0.136	0.000	0.000	0.136
24	A	0.126	0.009	0.000	0.000	0.009
25	H	0.009	0.000	0.000	0.000	0.000
26	V	0.000	0.000	0.000	0.000	0.000
27	Q	0.000	0.000	0.000	0.000	0.000
28	E	0.000	0.000	0.000	0.000	0.000
29	L	0.000	0.000	0.000	0.000	0.000
30	K	0.000	0.000	0.000	0.000	0.000
31	E	0.000	0.000	0.000	0.000	0.000
32	R	0.000	0.000	0.000	0.000	0.000
33	W	0.000	0.000	0.000	0.000	0.000
34	G	0.000	0.000	0.000	0.000	0.000
35	E	0.000	0.000	0.000	0.000	0.000
36	D	0.000	0.000	0.000	0.000	0.000
37	W	0.000	0.000	0.000	0.000	0.000
38	A	0.000	0.000	0.000	0.000	0.000
39	F	0.000	0.000	0.000	0.000	0.000
40	S	0.000	0.000	0.000	0.000	0.000
>XP_001389926.1
pos	aa	C	S	n-reg	h-reg	c-reg
1	M	0.000	0.999	0.999	0.000	0.000
2	H	0.000	0.999	0.999	0.000	0.000
3	Y	0.000	0.999	0.997	0.002	0.000
4	K	0.000	0.999	0.990	0.009	0.000
5	L	0.000	0.999	0.342	0.657	0.000
6	L	0.000	0.999	0.134	0.865	0.000
7	F	0.000	0.999	0.067	0.932	0.000
8	A	0.000	0.999	0.047	0.952	0.000
9	A	0.000	0.999	0.035	0.964	0.000
10	A	0.000	0.999	0.023	0.976	0.000
11	A	0.000	0.999	0.015	0.984	0.000
12	A	0.000	0.999	0.012	0.985	0.002
13	S	0.000	0.999	0.008	0.848	0.142
14	L	0.000	0.999	0.002	0.808	0.189
15	A	0.000	0.999	0.002	0.728	0.269
16	S	0.000	0.998	0.001	0.269	0.729
17	A	0.000	0.998	0.000	0.132	0.866
18	V	0.018	0.980	0.000	0.089	0.890
19	S	0.000	0.980	0.000	0.037	0.943
20	A	0.011	0.969	0.000	0.031	0.938
21	A	0.621	0.348	0.000	0.021	0.327
22	G	0.169	0.179	0.000	0.009	0.170
23	V	0.022	0.156	0.000	0.008	0.149
24	V	0.000	0.156	0.000	0.007	0.150
25	G	0.000	0.156	0.000	0.002	0.155
26	A	0.051	0.106	0.000	0.001	0.104
27	A	0.087	0.019	0.000	0.000	0.018
28	E	0.004	0.015	0.000	0.000	0.015
29	G	0.000	0.015	0.000	0.000	0.015
30	F	0.009	0.006	0.000	0.000	0.006
31	A	0.000	0.006	0.000	0.000	0.006
32	H	0.003	0.004	0.000	0.000	0.004
33	G	0.000	0.004	0.000	0.000	0.004
34	V	0.002	0.002	0.000	0.000	0.002
35	T	0.000	0.002	0.000	0.000	0.002
36	G	0.000	0.002	0.000	0.000	0.002
37	G	0.001	0.002	0.000	0.000	0.002
38	G	0.000	0.002	0.000	0.000	0.002
39	S	0.000	0.002	0.000	0.000	0.002
40	A	0.000	0.001	0.000	0.000	0.001
>XP_001389932.1
pos	aa	C	S	n-reg	h-reg	c-reg
1	M	0.000	0.998	0.998	0.000	0.000
2	K	0.000	0.998	0.998	0.000	0.000
3	V	0.000	0.998	0.883	0.116	0.000
4	T	0.000	0.998	0.751	0.247	0.000
5	G	0.000	0.998	0.608	0.391	0.000
6	F	0.000	0.998	0.302	0.697	0.000
7	S	0.000	0.998	0.177	0.822	0.000
8	A	0.000	0.998	0.034	0.965	0.000
9	V	0.000	0.998	0.005	0.993	0.000
10	L	0.000	0.998	0.001	0.997	0.000
11	A	0.000	0.998	0.001	0.993	0.004
12	L	0.000	0.998	0.000	0.979	0.019
13	S	0.000	0.998	0.000	0.908	0.091
14	L	0.000	0.998	0.000	0.825	0.173
15	T	0.000	0.998	0.000	0.713	0.285
16	A	0.001	0.997	0.000	0.129	0.868
17	Q	0.003	0.995	0.000	0.026	0.969
18	A	0.003	0.992	0.000	0.020	0.972
19	L	0.079	0.913	0.000	0.019	0.894
20	A	0.001	0.912	0.000	0.010	0.902
21	S	0.796	0.116	0.000	0.002	0.114
22	E	0.082	0.034	0.000	0.000	0.034
23	F	0.000	0.034	0.000	0.000	0.034
24	V	0.000	0.034	0.000	0.000	0.034
25	G	0.000	0.034	0.000	0.000	0.034
26	C	0.001	0.034	0.000	0.000	0.034
27	Y	0.005	0.029	0.000	0.000	0.029
28	S	0.000	0.029	0.000	0.000	0.029
29	S	0.026	0.003	0.000	0.000	0.003
30	S	0.000	0.003	0.000	0.000	0.003
31	G	0.001	0.002	0.000	0.000	0.002
32	S	0.000	0.001	0.000	0.000	0.001
33	L	0.000	0.001	0.000	0.000	0.001
34	V	0.000	0.001	0.000	0.000	0.001
35	N	0.000	0.001	0.000	0.000	0.001
36	K	0.000	0.001	0.000	0.000	0.001
37	G	0.000	0.001	0.000	0.000	0.001
38	S	0.000	0.001	0.000	0.000	0.001
39	S	0.000	0.001	0.000	0.000	0.001
40	Q	0.001	0.001	0.000	0.000	0.001
>XP_001389935.1
pos	aa	C	S	n-reg	h-reg	c-reg
1	M	0.000	0.998	0.998	0.000	0.000
2	R	0.000	0.998	0.998	0.000	0.000
3	L	0.000	0.998	0.716	0.282	0.000
4	S	0.000	0.998	0.520	0.478	0.000
5	I	0.000	0.998	0.219	0.779	0.000
6	L	0.000	0.998	0.069	0.929	0.000
7	S	0.000	0.998	0.041	0.957	0.000
8	A	0.000	0.998	0.008	0.990	0.000
9	A	0.000	0.998	0.001	0.997	0.000
10	I	0.000	0.998	0.000	0.998	0.000
11	A	0.000	0.998	0.000	0.995	0.003
12	A	0.000	0.998	0.000	0.952	0.046
13	L	0.000	0.998	0.000	0.868	0.131
14	T	0.000	0.998	0.000	0.677	0.321
15	V	0.000	0.998	0.000	0.573	0.425
16	T	0.000	0.998	0.000	0.098	0.900
17	P	0.000	0.998	0.000	0.010	0.988
18	V	0.001	0.996	0.000	0.004	0.992
19	S	0.000	0.996	0.000	0.000	0.996
20	A	0.001	0.996	0.000	0.000	0.996
21	A	0.815	0.180	0.000	0.000	0.180
22	T	0.086	0.094	0.000	0.000	0.094
23	Q	0.064	0.030	0.000	0.000	0.030
24	D	0.030	0.000	0.000	0.000	0.000
25	P	0.000	0.000	0.000	0.000	0.000
26	V	0.000	0.000	0.000	0.000	0.000
27	D	0.000	0.000	0.000	0.000	0.000
28	V	0.000	0.000	0.000	0.000	0.000
29	L	0.000	0.000	0.000	0.000	0.000
30	A	0.000	0.000	0.000	0.000	0.000
31	S	0.000	0.000	0.000	0.000	0.000
32	K	0.000	0.000	0.000	0.000	0.000
33	A	0.000	0.000	0.000	0.000	0.000
34	L	0.000	0.000	0.000	0.000	0.000
35	A	0.000	0.000	0.000	0.000	0.000
36	T	0.000	0.000	0.000	0.000	0.000
37	K	0.000	0.000	0.000	0.000	0.000
38	R	0.000	0.000	0.000	0.000	0.000
39	A	0.000	0.000	0.000	0.000	0.000
40	Y	0.000	0.000	0.000	0.000	0.000
>XP_001389938.1
pos	aa	C	S	n-reg	h-reg	c-reg
1	M	0.000	0.991	0.991	0.000	0.000
2	A	0.000	0.991	0.991	0.000	0.000
3	P	0.000	0.991	0.932	0.059	0.000
4	I	0.000	0.991	0.420	0.570	0.000
5	Q	0.000	0.991	0.384	0.606	0.000
6	L	0.000	0.991	0.062	0.929	0.000
7	L	0.000	0.991	0.010	0.980	0.000
8	L	0.000	0.991	0.003	0.988	0.000
9	A	0.000	0.991	0.001	0.990	0.000
10	C	0.000	0.991	0.000	0.990	0.000
11	L	0.000	0.991	0.000	0.988	0.003
12	P	0.000	0.991	0.000	0.480	0.511
13	L	0.000	0.991	0.000	0.471	0.520
14	A	0.000	0.991	0.000	0.396	0.595
15	L	0.000	0.991	0.000	0.359	0.632
16	A	0.000	0.990	0.000	0.290	0.700
17	T	0.550	0.441	0.000	0.036	0.404
18	I	0.002	0.438	0.000	0.020	0.418
19	T	0.000	0.438	0.000	0.001	0.437
20	V	0.023	0.415	0.000	0.001	0.414
21	L	0.000	0.415	0.000	0.000	0.414
22	D	0.334	0.081	0.000	0.000	0.081
23	P	0.000	0.081	0.000	0.000	0.081
24	S	0.078	0.003	0.000	0.000	0.003
25	D	0.001	0.002	0.000	0.000	0.002
26	Y	0.000	0.002	0.000	0.000	0.002
27	A	0.000	0.002	0.000	0.000	0.002
28	D	0.001	0.001	0.000	0.000	0.001
29	L	0.000	0.001	0.000	0.000	0.001
30	A	0.000	0.001	0.000	0.000	0.001
31	A	0.000	0.001	0.000	0.000	0.001
32	D	0.000	0.000	0.000	0.000	0.000
33	A	0.000	0.000	0.000	0.000	0.000
34	T	0.000	0.000	0.000	0.000	0.000
35	D	0.000	0.000	0.000	0.000	0.000
36	N	0.000	0.000	0.000	0.000	0.000
37	T	0.000	0.000	0.000	0.000	0.000
38	L	0.000	0.000	0.000	0.000	0.000
39	E	0.000	0.000	0.000	0.000	0.000
40	A	0.000	0.000	0.000	0.000	0.000
>XP_001389942.2
pos	aa	C	S	n-reg	h-reg	c-reg
1	M	0.000	0.026	0.026	0.000	0.000
2	S	0.000	0.026	0.026	0.000	0.000
3	L	0.000	0.026	0.011	0.015	0.000
4	W	0.000	0.026	0.007	0.019	0.000
5	L	0.000	0.026	0.000	0.026	0.000
6	I	0.000	0.026	0.000	0.026	0.000
7	D	0.000	0.026	0.000	0.026	0.000
8	L	0.000	0.026	0.000	0.026	0.000
9	I	0.000	0.026	0.000	0.026	0.000
10	A	0.000	0.026	0.000	0.026	0.000
11	L	0.000	0.026	0.000	0.025	0.001
12	L	0.000	0.026	0.000	0.023	0.003
13	P	0.000	0.026	0.000	0.001	0.025
14	S	0.001	0.025	0.000	0.001	0.025
15	K	0.001	0.025	0.000	0.000	0.024
16	W	0.000	0.025	0.000	0.000	0.024
17	Q	0.000	0.025	0.000	0.000	0.025
18	N	0.023	0.002	0.000	0.000	0.001
19	W	0.000	0.002	0.000	0.000	0.001
20	I	0.000	0.002	0.000	0.000	0.001
21	L	0.000	0.002	0.000	0.000	0.001
22	P	0.000	0.001	0.000	0.000	0.001
23	P	0.000	0.001	0.000	0.000	0.001
24	S	0.000	0.001	0.000	0.000	0.001
25	T	0.000	0.001	0.000	0.000	0.001
26	I	0.000	0.001	0.000	0.000	0.001
27	P	0.000	0.001	0.000	0.000	0.001
28	V	0.001	0.000	0.000	0.000	0.000
29	V	0.000	0.000	0.000	0.000	0.000
30	H	0.000	0.000	0.000	0.000	0.000
31	N	0.000	0.000	0.000	0.000	0.000
32	S	0.000	0.000	0.000	0.000	0.000
33	P	0.000	0.000	0.000	0.000	0.000
34	Q	0.000	0.000	0.000	0.000	0.000
35	K	0.000	0.000	0.000	0.000	0.000
36	V	0.000	0.000	0.000	0.000	0.000
37	Q	0.000	0.000	0.000	0.000	0.000
38	L	0.000	0.000	0.000	0.000	0.000
39	S	0.000	0.000	0.000	0.000	0.000
40	R	0.000	0.000	0.000	0.000	0.000
>XP_001389952.1
pos	aa	C	S	n-reg	h-reg	c-reg
1	M	0.000	0.768	0.768	0.000	0.000
2	F	0.000	0.768	0.768	0.000	0.000
3	R	0.000	0.768	0.768	0.000	0.000
4	L	0.000	0.768	0.767	0.001	0.000
5	K	0.000	0.768	0.767	0.002	0.000
6	M	0.000	0.768	0.679	0.090	0.000
7	E	0.000	0.768	0.598	0.171	0.000
8	V	0.000	0.768	0.218	0.550	0.000
9	L	0.000	0.768	0.065	0.704	0.000
10	T	0.000	0.768	0.027	0.741	0.000
11	A	0.000	0.768	0.008	0.761	0.000
12	I	0.000	0.768	0.003	0.766	0.000
13	A	0.000	0.768	0.001	0.767	0.000
14	A	0.000	0.768	0.000	0.736	0.032
15	W	0.000	0.768	0.000	0.710	0.058
16	A	0.000	0.768	0.000	0.636	0.132
17	F	0.001	0.767	0.000	0.546	0.221
18	A	0.000	0.767	0.000	0.248	0.519
19	T	0.037	0.730	0.000	0.062	0.668
20	V	0.000	0.729	0.000	0.046	0.683
21	S	0.000	0.729	0.000	0.013	0.717
22	Q	0.112	0.617	0.000	0.001	0.616
23	Q	0.366	0.251	0.000	0.000	0.251
24	I	0.200	0.051	0.000	0.000	0.051
25	P	0.000	0.051	0.000	0.000	0.051
26	R	0.001	0.050	0.000	0.000	0.050
27	S	0.000	0.050	0.000	0.000	0.050
28	S	0.002	0.048	0.000	0.000	0.048
29	S	0.001	0.047	0.000	0.000	0.047
30	W	0.047	0.000	0.000	0.000	0.000
31	E	0.000	0.000	0.000	0.000	0.000
32	S	0.000	0.000	0.000	0.000	0.000
33	D	0.000	0.000	0.000	0.000	0.000
34	L	0.000	0.000	0.000	0.000	0.000
35	Q	0.000	0.000	0.000	0.000	0.000
36	T	0.000	0.000	0.000	0.000	0.000
37	L	0.000	0.000	0.000	0.000	0.000
38	S	0.000	0.000	0.000	0.000	0.000
39	G	0.000	0.000	0.000	0.000	0.000
40	R	0.000	0.000	0.000	0.000	0.000
>XP_001389956.2
pos	aa	C	S	n-reg	h-reg	c-reg
1	M	0.000	0.525	0.525	0.000	0.000
2	S	0.000	0.525	0.525	0.000	0.000
3	W	0.000	0.525	0.396	0.129	0.000
4	M	0.000	0.525	0.251	0.274	0.000
5	L	0.000	0.525	0.108	0.417	0.000
6	W	0.000	0.525	0.042	0.483	0.000
7	Y	0.000	0.525	0.025	0.500	0.000
8	T	0.000	0.525	0.006	0.519	0.000
9	I	0.000	0.525	0.002	0.523	0.000
10	A	0.000	0.525	0.001	0.524	0.000
11	G	0.000	0.525	0.001	0.499	0.025
12	L	0.000	0.525	0.000	0.478	0.047
13	A	0.000	0.525	0.000	0.428	0.097
14	S	0.001	0.524	0.000	0.129	0.395
15	L	0.000	0.524	0.000	0.110	0.415
16	G	0.006	0.518	0.000	0.014	0.504
17	H	0.014	0.504	0.000	0.006	0.498
18	A	0.000	0.504	0.000	0.005	0.499
19	S	0.399	0.104	0.000	0.004	0.100
20	L	0.003	0.101	0.000	0.002	0.099
21	E	0.076	0.025	0.000	0.000	0.025
22	K	0.000	0.025	0.000	0.000	0.025
23	R	0.000	0.025	0.000	0.000	0.025
24	A	0.000	0.025	0.000	0.000	0.025
25	T	0.011	0.015	0.000	0.000	0.015
26	D	0.000	0.014	0.000	0.000	0.014
27	A	0.000	0.014	0.000	0.000	0.014
28	S	0.009	0.005	0.000	0.000	0.005
29	A	0.000	0.005	0.000	0.000	0.005
30	Y	0.004	0.001	0.000	0.000	0.001
31	C	0.000	0.001	0.000	0.000	0.001
32	S	0.001	0.000	0.000	0.000	0.000
33	D	0.000	0.000	0.000	0.000	0.000
34	S	0.000	0.000	0.000	0.000	0.000
35	S	0.000	0.000	0.000	0.000	0.000
36	G	0.000	0.000	0.000	0.000	0.000
37	T	0.000	0.000	0.000	0.000	0.000
38	Y	0.000	0.000	0.000	0.000	0.000
39	K	0.000	0.000	0.000	0.000	0.000
40	L	0.000	0.000	0.000	0.000	0.000
>XP_001389963.2
pos	aa	C	S	n-reg	h-reg	c-reg
1	M	0.000	0.997	0.997	0.000	0.000
2	D	0.000	0.997	0.997	0.000	0.000
3	W	0.000	0.997	0.997	0.000	0.000
4	T	0.000	0.997	0.996	0.001	0.000
5	G	0.000	0.997	0.994	0.003	0.000
6	M	0.000	0.997	0.976	0.021	0.000
7	N	0.000	0.997	0.902	0.095	0.000
8	F	0.000	0.997	0.356	0.641	0.000
9	L	0.000	0.997	0.095	0.902	0.000
10	L	0.000	0.997	0.040	0.957	0.000
11	F	0.000	0.997	0.027	0.970	0.000
12	H	0.000	0.997	0.023	0.974	0.000
13	L	0.000	0.997	0.008	0.988	0.000
14	I	0.000	0.997	0.003	0.994	0.000
15	L	0.000	0.997	0.001	0.995	0.001
16	F	0.000	0.997	0.000	0.984	0.013
17	V	0.000	0.997	0.000	0.964	0.033
18	L	0.000	0.997	0.000	0.897	0.099
19	M	0.000	0.997	0.000	0.426	0.571
20	T	0.000	0.997	0.000	0.090	0.907
21	A	0.001	0.996	0.000	0.033	0.964
22	T	0.003	0.994	0.000	0.019	0.975
23	A	0.007	0.986	0.000	0.016	0.971
24	A	0.417	0.570	0.000	0.013	0.557
25	L	0.203	0.367	0.000	0.007	0.359
26	W	0.021	0.346	0.000	0.001	0.344
27	R	0.000	0.346	0.000	0.000	0.345
28	L	0.000	0.346	0.000	0.000	0.345
29	A	0.006	0.340	0.000	0.000	0.339
30	T	0.014	0.325	0.000	0.000	0.325
31	H	0.005	0.321	0.000	0.000	0.321
32	F	0.000	0.321	0.000	0.000	0.321
33	A	0.000	0.321	0.000	0.000	0.321
34	V	0.026	0.295	0.000	0.000	0.295
35	P	0.000	0.295	0.000	0.000	0.295
36	V	0.003	0.292	0.000	0.000	0.292
37	S	0.000	0.292	0.000	0.000	0.292
38	G	0.002	0.290	0.000	0.000	0.290
39	K	0.287	0.003	0.000	0.000	0.003
40	I	0.000	0.003	0.000	0.000	0.003
>XP_001389977.2
pos	aa	C	S	n-reg	h-reg	c-reg
1	M	0.000	0.958	0.958	0.000	0.000
2	S	0.000	0.959	0.959	0.000	0.000
3	R	0.000	0.959	0.959	0.000	0.000
4	I	0.000	0.959	0.959	0.000	0.000
5	P	0.000	0.959	0.959	0.000	0.000
6	Q	0.000	0.959	0.959	0.000	0.000
7	F	0.000	0.959	0.958	0.001	0.000
8	R	0.000	0.959	0.958	0.001	0.000
9	L	0.000	0.959	0.950	0.009	0.000
10	W	0.000	0.959	0.948	0.011	0.000
11	R	0.000	0.959	0.946	0.013	0.000
12	S	0.000	0.959	0.686	0.273	0.000
13	I	0.000	0.959	0.175	0.784	0.000
14	I	0.000	0.959	0.044	0.915	0.000
15	L	0.000	0.959	0.011	0.948	0.000
16	C	0.000	0.959	0.002	0.957	0.001
17	V	0.000	0.959	0.000	0.957	0.002
18	V	0.000	0.959	0.000	0.956	0.003
19	W	0.000	0.959	0.000	0.955	0.004
20	S	0.000	0.959	0.000	0.913	0.046
21	L	0.003	0.956	0.000	0.845	0.112
22	P	0.000	0.956	0.000	0.771	0.185
23	C	0.001	0.955	0.000	0.745	0.211
24	F	0.001	0.954	0.000	0.229	0.725
25	H	0.000	0.954	0.000	0.011	0.943
26	V	0.000	0.954	0.000	0.001	0.953
27	L	0.000	0.954	0.000	0.001	0.953
28	A	0.001	0.953	0.000	0.001	0.953
29	I	0.945	0.009	0.000	0.000	0.008
30	D	0.000	0.008	0.000	0.000	0.008
31	L	0.000	0.008	0.000	0.000	0.008
32	D	0.006	0.002	0.000	0.000	0.002
33	L	0.000	0.002	0.000	0.000	0.002
34	Q	0.001	0.001	0.000	0.000	0.001
35	N	0.001	0.000	0.000	0.000	0.000
36	P	0.000	0.000	0.000	0.000	0.000
37	D	0.000	0.000	0.000	0.000	0.000
38	S	0.000	0.000	0.000	0.000	0.000
39	V	0.000	0.000	0.000	0.000	0.000
40	K	0.000	0.000	0.000	0.000	0.000
>XP_001389980.1
pos	aa	C	S	n-reg	h-reg	c-reg
1	M	0.000	0.996	0.996	0.000	0.000
2	Q	0.000	0.996	0.996	0.000	0.000
3	W	0.000	0.996	0.994	0.002	0.000
4	K	0.000	0.996	0.992	0.004	0.000
5	S	0.000	0.996	0.784	0.212	0.000
6	L	0.000	0.996	0.014	0.982	0.000
7	L	0.000	0.996	0.001	0.995	0.000
8	L	0.000	0.996	0.000	0.996	0.000
9	C	0.000	0.996	0.000	0.996	0.000
10	A	0.000	0.996	0.000	0.996	0.000
11	A	0.000	0.996	0.000	0.996	0.000
12	I	0.000	0.996	0.000	0.995	0.001
13	A	0.000	0.996	0.000	0.940	0.056
14	E	0.000	0.996	0.000	0.057	0.939
15	S	0.000	0.996	0.000	0.046	0.950
16	A	0.001	0.994	0.000	0.039	0.956
17	L	0.000	0.994	0.000	0.037	0.958
18	A	0.008	0.986	0.000	0.001	0.986
19	R	0.824	0.162	0.000	0.000	0.162
20	T	0.000	0.162	0.000	0.000	0.162
21	H	0.049	0.113	0.000	0.000	0.113
22	G	0.000	0.113	0.000	0.000	0.113
23	H	0.110	0.003	0.000	0.000	0.003
24	Q	0.000	0.003	0.000	0.000	0.003
25	R	0.000	0.002	0.000	0.000	0.002
26	R	0.000	0.002	0.000	0.000	0.002
27	Q	0.000	0.002	0.000	0.000	0.002
28	H	0.000	0.002	0.000	0.000	0.002
29	G	0.000	0.002	0.000	0.000	0.002
30	H	0.000	0.002	0.000	0.000	0.002
31	G	0.000	0.002	0.000	0.000	0.002
32	H	0.000	0.002	0.000	0.000	0.002
33	A	0.000	0.002	0.000	0.000	0.002
34	Q	0.000	0.002	0.000	0.000	0.002
35	E	0.000	0.002	0.000	0.000	0.002
36	A	0.000	0.002	0.000	0.000	0.002
37	H	0.000	0.002	0.000	0.000	0.002
38	V	0.000	0.002	0.000	0.000	0.002
39	A	0.000	0.002	0.000	0.000	0.002
40	A	0.000	0.002	0.000	0.000	0.002
>XP_001389987.1
pos	aa	C	S	n-reg	h-reg	c-reg
1	M	0.000	0.944	0.944	0.000	0.000
2	E	0.000	0.949	0.949	0.000	0.000
3	P	0.000	0.949	0.949	0.000	0.000
4	L	0.000	0.949	0.949	0.000	0.000
5	Q	0.000	0.949	0.949	0.000	0.000
6	H	0.000	0.949	0.948	0.000	0.000
7	H	0.000	0.949	0.946	0.003	0.000
8	L	0.000	0.949	0.931	0.018	0.000
9	P	0.000	0.949	0.918	0.030	0.000
10	Q	0.000	0.949	0.846	0.102	0.000
11	T	0.000	0.949	0.634	0.314	0.000
12	S	0.000	0.949	0.417	0.531	0.000
13	L	0.000	0.949	0.031	0.918	0.000
14	A	0.000	0.949	0.006	0.943	0.000
15	F	0.000	0.949	0.003	0.946	0.000
16	L	0.000	0.949	0.001	0.947	0.001
17	A	0.000	0.949	0.000	0.946	0.002
18	L	0.000	0.949	0.000	0.940	0.009
19	L	0.000	0.949	0.000	0.916	0.032
20	A	0.000	0.949	0.000	0.850	0.099
21	V	0.001	0.947	0.000	0.239	0.709
22	P	0.000	0.947	0.000	0.026	0.922
23	I	0.001	0.946	0.000	0.011	0.935
24	T	0.000	0.946	0.000	0.009	0.937
25	A	0.003	0.944	0.000	0.009	0.935
26	L	0.851	0.092	0.000	0.008	0.085
27	V	0.082	0.010	0.000	0.005	0.004
28	W	0.000	0.008	0.000	0.002	0.006
29	D	0.000	0.006	0.000	0.000	0.006
30	R	0.000	0.006	0.000	0.000	0.006
31	I	0.000	0.006	0.000	0.000	0.006
32	L	0.000	0.006	0.000	0.000	0.006
33	N	0.002	0.004	0.000	0.000	0.004
34	P	0.000	0.004	0.000	0.000	0.004
35	L	0.004	0.000	0.000	0.000	0.000
36	P	0.000	0.000	0.000	0.000	0.000
37	T	0.000	0.000	0.000	0.000	0.000
38	T	0.000	0.000	0.000	0.000	0.000
39	K	0.000	0.000	0.000	0.000	0.000
40	R	0.000	0.000	0.000	0.000	0.000
>XP_001389996.2
pos	aa	C	S	n-reg	h-reg	c-reg
1	M	0.000	0.989	0.989	0.000	0.000
2	V	0.000	0.989	0.989	0.000	0.000
3	Q	0.000	0.989	0.986	0.003	0.000
4	I	0.000	0.989	0.967	0.022	0.000
5	K	0.000	0.989	0.964	0.025	0.000
6	V	0.000	0.989	0.292	0.698	0.000
7	A	0.000	0.989	0.008	0.981	0.000
8	A	0.000	0.989	0.001	0.988	0.000
9	L	0.000	0.989	0.000	0.989	0.000
10	A	0.000	0.989	0.000	0.989	0.000
11	M	0.000	0.989	0.000	0.989	0.000
12	L	0.000	0.989	0.000	0.987	0.002
13	F	0.000	0.989	0.000	0.984	0.005
14	A	0.000	0.989	0.000	0.864	0.125
15	S	0.000	0.989	0.000	0.036	0.953
16	Q	0.000	0.989	0.000	0.007	0.982
17	V	0.000	0.989	0.000	0.001	0.987
18	L	0.000	0.989	0.000	0.001	0.988
19	S	0.000	0.988	0.000	0.000	0.988
20	E	0.982	0.007	0.000	0.000	0.007
21	P	0.000	0.007	0.000	0.000	0.007
22	I	0.006	0.001	0.000	0.000	0.001
23	E	0.000	0.001	0.000	0.000	0.001
24	P	0.000	0.001	0.000	0.000	0.001
25	R	0.001	0.000	0.000	0.000	0.000
26	Q	0.000	0.000	0.000	0.000	0.000
27	A	0.000	0.000	0.000	0.000	0.000
28	S	0.000	0.000	0.000	0.000	0.000
29	V	0.000	0.000	0.000	0.000	0.000
30	S	0.000	0.000	0.000	0.000	0.000
31	I	0.000	0.000	0.000	0.000	0.000
32	D	0.000	0.000	0.000	0.000	0.000
33	T	0.000	0.000	0.000	0.000	0.000
34	K	0.000	0.000	0.000	0.000	0.000
35	F	0.000	0.000	0.000	0.000	0.000
36	K	0.000	0.000	0.000	0.000	0.000
37	A	0.000	0.000	0.000	0.000	0.000
38	H	0.000	0.000	0.000	0.000	0.000
39	G	0.000	0.000	0.000	0.000	0.000
40	K	0.000	0.000	0.000	0.000	0.000
>XP_001389998.1
pos	aa	C	S	n-reg	h-reg	c-reg
1	M	0.000	0.950	0.950	0.000	0.000
2	K	0.000	0.951	0.951	0.000	0.000
3	F	0.000	0.951	0.951	0.000	0.000
4	L	0.000	0.951	0.951	0.000	0.000
5	K	0.000	0.951	0.951	0.000	0.000
6	A	0.000	0.951	0.950	0.000	0.000
7	K	0.000	0.951	0.950	0.001	0.000
8	G	0.000	0.951	0.914	0.037	0.000
9	S	0.000	0.951	0.791	0.160	0.000
10	L	0.000	0.951	0.242	0.709	0.000
11	L	0.000	0.951	0.114	0.836	0.000
12	S	0.000	0.951	0.098	0.852	0.000
13	S	0.000	0.951	0.069	0.882	0.000
14	G	0.000	0.951	0.018	0.932	0.000
15	I	0.000	0.951	0.008	0.943	0.000
16	Y	0.000	0.951	0.004	0.946	0.000
17	L	0.000	0.951	0.000	0.948	0.002
18	I	0.000	0.951	0.000	0.933	0.018
19	A	0.000	0.951	0.000	0.826	0.125
20	L	0.000	0.950	0.000	0.768	0.182
21	A	0.000	0.950	0.000	0.623	0.327
22	P	0.004	0.946	0.000	0.035	0.911
23	F	0.000	0.945	0.000	0.028	0.917
24	V	0.000	0.945	0.000	0.018	0.927
25	N	0.000	0.945	0.000	0.003	0.942
26	A	0.000	0.945	0.000	0.002	0.943
27	K	0.860	0.085	0.000	0.000	0.085
28	C	0.000	0.085	0.000	0.000	0.085
29	A	0.028	0.057	0.000	0.000	0.057
30	L	0.042	0.015	0.000	0.000	0.015
31	P	0.000	0.014	0.000	0.000	0.014
32	S	0.007	0.007	0.000	0.000	0.007
33	T	0.000	0.007	0.000	0.000	0.007
34	Y	0.000	0.007	0.000	0.000	0.007
35	S	0.000	0.007	0.000	0.000	0.007
36	W	0.001	0.006	0.000	0.000	0.006
37	T	0.000	0.006	0.000	0.000	0.006
38	S	0.000	0.006	0.000	0.000	0.006
39	T	0.000	0.006	0.000	0.000	0.006
40	D	0.000	0.006	0.000	0.000	0.006
>XP_001390003.1
pos	aa	C	S	n-reg	h-reg	c-reg
1	M	0.000	0.949	0.949	0.000	0.000
2	L	0.000	0.949	0.949	0.000	0.000
3	V	0.000	0.949	0.943	0.006	0.000
4	R	0.000	0.949	0.941	0.008	0.000
5	Q	0.000	0.949	0.857	0.092	0.000
6	L	0.000	0.949	0.044	0.905	0.000
7	A	0.000	0.949	0.012	0.937	0.000
8	L	0.000	0.949	0.000	0.949	0.000
9	A	0.000	0.949	0.000	0.949	0.000
10	L	0.000	0.949	0.000	0.949	0.000
11	A	0.000	0.949	0.000	0.948	0.000
12	I	0.000	0.949	0.000	0.948	0.001
13	A	0.000	0.949	0.000	0.932	0.017
14	A	0.000	0.949	0.000	0.167	0.782
15	L	0.000	0.949	0.000	0.114	0.835
16	S	0.000	0.949	0.000	0.004	0.944
17	D	0.015	0.934	0.000	0.000	0.934
18	A	0.000	0.934	0.000	0.000	0.934
19	I	0.905	0.029	0.000	0.000	0.029
20	P	0.000	0.029	0.000	0.000	0.029
21	T	0.024	0.005	0.000	0.000	0.005
22	S	0.004	0.001	0.000	0.000	0.001
23	I	0.001	0.000	0.000	0.000	0.000
24	K	0.000	0.000	0.000	0.000	0.000
25	H	0.000	0.000	0.000	0.000	0.000
26	V	0.000	0.000	0.000	0.000	0.000
27	L	0.000	0.000	0.000	0.000	0.000
28	H	0.000	0.000	0.000	0.000	0.000
29	E	0.000	0.000	0.000	0.000	0.000
30	K	0.000	0.000	0.000	0.000	0.000
31	R	0.000	0.000	0.000	0.000	0.000
32	H	0.000	0.000	0.000	0.000	0.000
33	K	0.000	0.000	0.000	0.000	0.000
34	P	0.000	0.000	0.000	0.000	0.000
35	A	0.000	0.000	0.000	0.000	0.000
36	S	0.000	0.000	0.000	0.000	0.000
37	D	0.000	0.000	0.000	0.000	0.000
38	W	0.000	0.000	0.000	0.000	0.000
39	V	0.000	0.000	0.000	0.000	0.000
40	K	0.000	0.000	0.000	0.000	0.000
>XP_001390007.2
pos	aa	C	S	n-reg	h-reg	c-reg
1	M	0.000	0.975	0.975	0.000	0.000
2	H	0.000	0.975	0.975	0.000	0.000
3	L	0.000	0.975	0.931	0.044	0.000
4	G	0.000	0.975	0.916	0.059	0.000
5	N	0.000	0.975	0.898	0.078	0.000
6	S	0.000	0.975	0.672	0.304	0.000
7	L	0.000	0.975	0.147	0.828	0.000
8	S	0.000	0.975	0.097	0.878	0.000
9	L	0.000	0.975	0.036	0.939	0.000
10	L	0.000	0.975	0.010	0.965	0.000
11	C	0.000	0.975	0.003	0.971	0.002
12	L	0.000	0.975	0.001	0.968	0.007
13	A	0.000	0.975	0.001	0.948	0.026
14	A	0.001	0.975	0.000	0.877	0.098
15	P	0.000	0.975	0.000	0.525	0.449
16	G	0.000	0.974	0.000	0.430	0.544
17	L	0.001	0.973	0.000	0.407	0.566
18	V	0.000	0.973	0.000	0.334	0.639
19	A	0.000	0.973	0.000	0.054	0.919
20	S	0.210	0.764	0.000	0.034	0.729
21	I	0.196	0.567	0.000	0.026	0.541
22	S	0.000	0.567	0.000	0.005	0.563
23	S	0.033	0.534	0.000	0.001	0.533
24	S	0.463	0.071	0.000	0.000	0.071
25	P	0.008	0.063	0.000	0.000	0.063
26	L	0.009	0.053	0.000	0.000	0.053
27	S	0.006	0.047	0.000	0.000	0.047
28	T	0.001	0.046	0.000	0.000	0.046
29	S	0.002	0.044	0.000	0.000	0.044
30	G	0.010	0.034	0.000	0.000	0.034
31	R	0.033	0.001	0.000	0.000	0.001
32	W	0.000	0.001	0.000	0.000	0.001
33	I	0.000	0.001	0.000	0.000	0.001
34	V	0.000	0.001	0.000	0.000	0.001
35	D	0.000	0.001	0.000	0.000	0.001
36	T	0.000	0.001	0.000	0.000	0.001
37	D	0.000	0.001	0.000	0.000	0.001
38	G	0.000	0.001	0.000	0.000	0.001
39	N	0.001	0.000	0.000	0.000	0.000
40	N	0.000	0.000	0.000	0.000	0.000
>XP_001390008.1
pos	aa	C	S	n-reg	h-reg	c-reg
1	M	0.000	1.000	1.000	0.000	0.000
2	Q	0.000	1.000	1.000	0.000	0.000
3	F	0.000	1.000	0.647	0.353	0.000
4	T	0.000	1.000	0.439	0.561	0.000
5	A	0.000	1.000	0.344	0.655	0.000
6	T	0.000	1.000	0.203	0.796	0.000
7	I	0.000	1.000	0.005	0.995	0.000
8	L	0.000	1.000	0.001	0.999	0.000
9	L	0.000	1.000	0.000	1.000	0.000
10	L	0.000	1.000	0.000	1.000	0.000
11	A	0.000	1.000	0.000	0.946	0.054
12	T	0.000	1.000	0.000	0.817	0.182
13	A	0.000	1.000	0.000	0.761	0.239
14	V	0.000	0.999	0.000	0.701	0.299
15	T	0.000	0.999	0.000	0.040	0.960
16	G	0.001	0.998	0.000	0.015	0.983
17	A	0.026	0.972	0.000	0.008	0.964
18	I	0.016	0.956	0.000	0.005	0.951
19	A	0.000	0.956	0.000	0.001	0.955
20	A	0.932	0.024	0.000	0.000	0.024
21	P	0.003	0.021	0.000	0.000	0.021
22	G	0.006	0.015	0.000	0.000	0.015
23	A	0.008	0.008	0.000	0.000	0.008
24	L	0.002	0.005	0.000	0.000	0.005
25	E	0.002	0.003	0.000	0.000	0.003
26	Q	0.000	0.003	0.000	0.000	0.003
27	R	0.003	0.000	0.000	0.000	0.000
28	D	0.000	0.000	0.000	0.000	0.000
29	N	0.000	0.000	0.000	0.000	0.000
30	S	0.000	0.000	0.000	0.000	0.000
31	I	0.000	0.000	0.000	0.000	0.000
32	Q	0.000	0.000	0.000	0.000	0.000
33	I	0.000	0.000	0.000	0.000	0.000
34	K	0.000	0.000	0.000	0.000	0.000
35	A	0.000	0.000	0.000	0.000	0.000
36	C	0.000	0.000	0.000	0.000	0.000
37	D	0.000	0.000	0.000	0.000	0.000
38	G	0.000	0.000	0.000	0.000	0.000
39	Q	0.000	0.000	0.000	0.000	0.000
40	N	0.000	0.000	0.000	0.000	0.000
>XP_001390011.1
pos	aa	C	S	n-reg	h-reg	c-reg
1	M	0.000	0.977	0.977	0.000	0.000
2	A	0.000	0.990	0.990	0.000	0.000
3	P	0.000	0.990	0.990	0.000	0.000
4	T	0.000	0.990	0.990	0.000	0.000
5	R	0.000	0.990	0.990	0.000	0.000
6	L	0.000	0.990	0.990	0.000	0.000
7	R	0.000	0.990	0.990	0.000	0.000
8	R	0.000	0.990	0.982	0.008	0.000
9	L	0.000	0.990	0.352	0.638	0.000
10	A	0.000	0.990	0.191	0.798	0.000
11	I	0.000	0.990	0.064	0.925	0.000
12	V	0.000	0.990	0.020	0.969	0.000
13	A	0.000	0.990	0.008	0.981	0.000
14	L	0.000	0.990	0.001	0.989	0.000
15	I	0.000	0.990	0.000	0.989	0.000
16	G	0.000	0.990	0.000	0.989	0.000
17	A	0.000	0.990	0.000	0.981	0.009
18	V	0.000	0.990	0.000	0.966	0.024
19	L	0.000	0.990	0.000	0.912	0.078
20	M	0.000	0.989	0.000	0.416	0.573
21	I	0.000	0.989	0.000	0.206	0.783
22	C	0.000	0.988	0.000	0.046	0.942
23	I	0.011	0.976	0.000	0.028	0.948
24	C	0.000	0.972	0.000	0.012	0.960
25	Q	0.544	0.423	0.000	0.001	0.422
26	Q	0.099	0.323	0.000	0.000	0.322
27	R	0.280	0.042	0.000	0.000	0.042
28	T	0.000	0.042	0.000	0.000	0.042
29	Q	0.034	0.008	0.000	0.000	0.008
30	F	0.007	0.002	0.000	0.000	0.002
31	D	0.000	0.002	0.000	0.000	0.002
32	T	0.000	0.002	0.000	0.000	0.002
33	R	0.001	0.000	0.000	0.000	0.000
34	P	0.000	0.000	0.000	0.000	0.000
35	L	0.000	0.000	0.000	0.000	0.000
36	D	0.000	0.000	0.000	0.000	0.000
37	L	0.000	0.000	0.000	0.000	0.000
38	E	0.000	0.000	0.000	0.000	0.000
39	D	0.000	0.000	0.000	0.000	0.000
40	Q	0.000	0.000	0.000	0.000	0.000
>XP_001390016.1
pos	aa	C	S	n-reg	h-reg	c-reg
1	M	0.000	0.997	0.997	0.000	0.000
2	Q	0.000	0.997	0.997	0.000	0.000
3	L	0.000	0.997	0.997	0.000	0.000
4	T	0.000	0.997	0.997	0.000	0.000
5	L	0.000	0.997	0.997	0.000	0.000
6	P	0.000	0.997	0.997	0.000	0.000
7	P	0.000	0.997	0.997	0.000	0.000
8	R	0.000	0.997	0.997	0.000	0.000
9	Q	0.000	0.997	0.966	0.031	0.000
10	L	0.000	0.997	0.217	0.781	0.000
11	L	0.000	0.997	0.035	0.962	0.000
12	L	0.000	0.997	0.016	0.981	0.000
13	S	0.000	0.997	0.011	0.987	0.000
14	F	0.000	0.997	0.000	0.997	0.000
15	A	0.000	0.997	0.000	0.997	0.000
16	T	0.000	0.997	0.000	0.997	0.000
17	V	0.000	0.997	0.000	0.997	0.001
18	A	0.000	0.997	0.000	0.979	0.019
19	A	0.000	0.997	0.000	0.951	0.046
20	L	0.000	0.997	0.000	0.939	0.058
21	L	0.000	0.997	0.000	0.903	0.095
22	D	0.001	0.996	0.000	0.001	0.996
23	P	0.000	0.996	0.000	0.000	0.996
24	S	0.001	0.995	0.000	0.000	0.995
25	H	0.000	0.995	0.000	0.000	0.995
26	G	0.000	0.995	0.000	0.000	0.995
27	G	0.993	0.002	0.000	0.000	0.002
28	P	0.000	0.002	0.000	0.000	0.002
29	V	0.002	0.000	0.000	0.000	0.000
30	P	0.000	0.000	0.000	0.000	0.000
31	N	0.000	0.000	0.000	0.000	0.000
32	E	0.000	0.000	0.000	0.000	0.000
33	A	0.000	0.000	0.000	0.000	0.000
34	Y	0.000	0.000	0.000	0.000	0.000
35	Q	0.000	0.000	0.000	0.000	0.000
36	Q	0.000	0.000	0.000	0.000	0.000
37	L	0.000	0.000	0.000	0.000	0.000
38	L	0.000	0.000	0.000	0.000	0.000
39	Q	0.000	0.000	0.000	0.000	0.000
40	I	0.000	0.000	0.000	0.000	0.000
>XP_001390029.2
pos	aa	C	S	n-reg	h-reg	c-reg
1	M	0.000	0.469	0.469	0.000	0.000
2	K	0.000	0.472	0.472	0.000	0.000
3	T	0.000	0.472	0.454	0.018	0.000
4	V	0.000	0.472	0.410	0.062	0.000
5	Y	0.000	0.472	0.386	0.086	0.000
6	V	0.000	0.472	0.235	0.237	0.000
7	F	0.000	0.472	0.136	0.336	0.000
8	L	0.000	0.472	0.107	0.366	0.000
9	H	0.000	0.472	0.098	0.374	0.000
10	C	0.000	0.472	0.034	0.438	0.000
11	T	0.000	0.472	0.014	0.455	0.003
12	L	0.000	0.472	0.003	0.464	0.005
13	I	0.000	0.472	0.001	0.462	0.009
14	S	0.000	0.472	0.000	0.434	0.038
15	L	0.000	0.472	0.000	0.417	0.054
16	F	0.003	0.469	0.000	0.366	0.103
17	M	0.000	0.469	0.000	0.296	0.173
18	F	0.000	0.469	0.000	0.184	0.286
19	Y	0.000	0.468	0.000	0.082	0.387
20	A	0.000	0.468	0.000	0.063	0.405
21	S	0.038	0.429	0.000	0.041	0.388
22	H	0.016	0.412	0.000	0.001	0.411
23	R	0.000	0.412	0.000	0.000	0.412
24	I	0.000	0.412	0.000	0.000	0.412
25	S	0.000	0.412	0.000	0.000	0.412
26	L	0.049	0.363	0.000	0.000	0.363
27	L	0.239	0.124	0.000	0.000	0.124
28	P	0.007	0.117	0.000	0.000	0.117
29	T	0.004	0.114	0.000	0.000	0.114
30	L	0.009	0.105	0.000	0.000	0.105
31	S	0.000	0.105	0.000	0.000	0.104
32	R	0.027	0.078	0.000	0.000	0.078
33	S	0.000	0.078	0.000	0.000	0.078
34	S	0.070	0.008	0.000	0.000	0.008
35	L	0.001	0.007	0.000	0.000	0.007
36	K	0.003	0.004	0.000	0.000	0.004
37	L	0.000	0.004	0.000	0.000	0.004
38	R	0.001	0.003	0.000	0.000	0.003
39	T	0.000	0.003	0.000	0.000	0.003
40	Y	0.002	0.001	0.000	0.000	0.001
>XP_001390031.1
pos	aa	C	S	n-reg	h-reg	c-reg
1	M	0.000	0.989	0.989	0.000	0.000
2	R	0.000	0.989	0.989	0.000	0.000
3	M	0.000	0.989	0.902	0.087	0.000
4	I	0.000	0.989	0.766	0.224	0.000
5	P	0.000	0.989	0.744	0.245	0.000
6	S	0.000	0.989	0.495	0.494	0.000
7	L	0.000	0.989	0.003	0.987	0.000
8	C	0.000	0.989	0.001	0.988	0.000
9	A	0.000	0.989	0.001	0.989	0.000
10	A	0.000	0.989	0.000	0.989	0.000
11	A	0.000	0.989	0.000	0.987	0.002
12	L	0.000	0.989	0.000	0.981	0.008
13	L	0.000	0.989	0.000	0.974	0.016
14	F	0.000	0.989	0.000	0.925	0.064
15	R	0.000	0.989	0.000	0.011	0.979
16	S	0.000	0.989	0.000	0.006	0.983
17	A	0.000	0.989	0.000	0.003	0.986
18	L	0.002	0.987	0.000	0.003	0.984
19	A	0.002	0.985	0.000	0.001	0.984
20	V	0.966	0.019	0.000	0.001	0.018
21	T	0.000	0.019	0.000	0.000	0.018
22	I	0.012	0.007	0.000	0.000	0.007
23	P	0.000	0.007	0.000	0.000	0.007
24	E	0.005	0.002	0.000	0.000	0.002
25	I	0.000	0.002	0.000	0.000	0.002
26	N	0.000	0.002	0.000	0.000	0.002
27	G	0.000	0.002	0.000	0.000	0.002
28	D	0.002	0.000	0.000	0.000	0.000
29	R	0.000	0.000	0.000	0.000	0.000
30	Y	0.000	0.000	0.000	0.000	0.000
31	V	0.000	0.000	0.000	0.000	0.000
32	S	0.000	0.000	0.000	0.000	0.000
33	S	0.000	0.000	0.000	0.000	0.000
34	Y	0.000	0.000	0.000	0.000	0.000
35	Q	0.000	0.000	0.000	0.000	0.000
36	G	0.000	0.000	0.000	0.000	0.000
37	K	0.000	0.000	0.000	0.000	0.000
38	R	0.000	0.000	0.000	0.000	0.000
39	V	0.000	0.000	0.000	0.000	0.000
40	S	0.000	0.000	0.000	0.000	0.000
>XP_001390032.2
pos	aa	C	S	n-reg	h-reg	c-reg
1	M	0.000	0.502	0.502	0.000	0.000
2	A	0.000	0.511	0.511	0.000	0.000
3	V	0.000	0.511	0.511	0.000	0.000
4	D	0.000	0.511	0.511	0.000	0.000
5	R	0.000	0.511	0.511	0.000	0.000
6	S	0.000	0.511	0.508	0.002	0.000
7	L	0.000	0.511	0.504	0.007	0.000
8	E	0.000	0.511	0.503	0.008	0.000
9	V	0.000	0.511	0.485	0.026	0.000
10	R	0.000	0.511	0.480	0.030	0.000
11	A	0.000	0.511	0.289	0.221	0.000
12	V	0.000	0.511	0.085	0.425	0.000
13	A	0.000	0.511	0.050	0.460	0.000
14	A	0.000	0.511	0.031	0.479	0.000
15	V	0.000	0.511	0.014	0.497	0.000
16	F	0.000	0.511	0.006	0.502	0.002
17	F	0.000	0.511	0.005	0.501	0.005
18	A	0.000	0.511	0.004	0.496	0.011
19	L	0.000	0.511	0.003	0.479	0.028
20	A	0.000	0.511	0.003	0.225	0.282
21	S	0.008	0.502	0.003	0.187	0.312
22	V	0.001	0.501	0.003	0.149	0.350
23	T	0.000	0.501	0.003	0.124	0.374
24	T	0.016	0.484	0.003	0.034	0.447
25	I	0.265	0.218	0.003	0.027	0.188
26	L	0.000	0.217	0.003	0.016	0.198
27	R	0.050	0.163	0.003	0.003	0.157
28	C	0.000	0.163	0.003	0.001	0.159
29	Y	0.119	0.044	0.003	0.001	0.040
30	V	0.000	0.044	0.003	0.001	0.040
31	R	0.000	0.044	0.003	0.000	0.041
32	L	0.000	0.044	0.003	0.000	0.041
33	A	0.030	0.014	0.003	0.000	0.011
34	V	0.002	0.011	0.003	0.000	0.009
35	V	0.000	0.011	0.003	0.000	0.009
36	K	0.000	0.011	0.003	0.000	0.009
37	A	0.000	0.011	0.003	0.000	0.009
38	F	0.006	0.006	0.003	0.000	0.003
39	G	0.000	0.006	0.003	0.000	0.003
40	W	0.003	0.003	0.003	0.000	0.000
>XP_001390041.1
pos	aa	C	S	n-reg	h-reg	c-reg
1	M	0.000	0.563	0.563	0.000	0.000
2	K	0.000	0.563	0.563	0.000	0.000
3	I	0.000	0.563	0.213	0.350	0.000
4	L	0.000	0.563	0.016	0.548	0.000
5	I	0.000	0.563	0.013	0.550	0.000
6	S	0.000	0.563	0.012	0.551	0.000
7	G	0.000	0.563	0.010	0.554	0.000
8	A	0.000	0.563	0.007	0.556	0.000
9	G	0.000	0.563	0.005	0.558	0.000
10	C	0.000	0.563	0.001	0.561	0.001
11	A	0.000	0.563	0.001	0.500	0.063
12	G	0.000	0.563	0.000	0.032	0.531
13	P	0.000	0.563	0.000	0.021	0.543
14	A	0.000	0.563	0.000	0.018	0.545
15	L	0.000	0.563	0.000	0.016	0.548
16	A	0.000	0.563	0.000	0.013	0.550
17	F	0.542	0.021	0.000	0.012	0.009
18	W	0.000	0.021	0.000	0.005	0.016
19	L	0.000	0.021	0.000	0.004	0.017
20	S	0.000	0.021	0.000	0.002	0.018
21	R	0.003	0.018	0.000	0.000	0.018
22	T	0.000	0.018	0.000	0.000	0.018
23	N	0.014	0.004	0.000	0.000	0.004
24	H	0.000	0.004	0.000	0.000	0.004
25	Q	0.000	0.004	0.000	0.000	0.004
26	V	0.004	0.000	0.000	0.000	0.000
27	V	0.000	0.000	0.000	0.000	0.000
28	V	0.000	0.000	0.000	0.000	0.000
29	V	0.000	0.000	0.000	0.000	0.000
30	E	0.000	0.000	0.000	0.000	0.000
31	R	0.000	0.000	0.000	0.000	0.000
32	F	0.000	0.000	0.000	0.000	0.000
33	P	0.000	0.000	0.000	0.000	0.000
34	T	0.000	0.000	0.000	0.000	0.000
35	L	0.000	0.000	0.000	0.000	0.000
36	R	0.000	0.000	0.000	0.000	0.000
37	D	0.000	0.000	0.000	0.000	0.000
38	K	0.000	0.000	0.000	0.000	0.000
39	G	0.000	0.000	0.000	0.000	0.000
40	A	0.000	0.000	0.000	0.000	0.000
>XP_001390068.2
pos	aa	C	S	n-reg	h-reg	c-reg
1	M	0.000	0.506	0.506	0.000	0.000
2	R	0.000	0.506	0.506	0.000	0.000
3	I	0.000	0.506	0.504	0.002	0.000
4	D	0.000	0.506	0.498	0.008	0.000
5	S	0.000	0.506	0.410	0.096	0.000
6	A	0.000	0.506	0.238	0.268	0.000
7	A	0.000	0.506	0.093	0.413	0.000
8	L	0.000	0.506	0.008	0.498	0.000
9	H	0.000	0.506	0.006	0.500	0.000
10	L	0.000	0.506	0.001	0.505	0.000
11	V	0.000	0.506	0.001	0.505	0.000
12	P	0.000	0.506	0.001	0.504	0.001
13	V	0.000	0.506	0.000	0.504	0.002
14	L	0.000	0.506	0.000	0.497	0.009
15	L	0.000	0.506	0.000	0.476	0.030
16	G	0.000	0.506	0.000	0.052	0.454
17	Q	0.001	0.505	0.000	0.023	0.482
18	V	0.000	0.505	0.000	0.004	0.500
19	G	0.000	0.505	0.000	0.001	0.504
20	A	0.001	0.504	0.000	0.001	0.503
21	L	0.444	0.060	0.000	0.001	0.059
22	Q	0.010	0.051	0.000	0.001	0.050
23	L	0.047	0.004	0.000	0.001	0.003
24	P	0.002	0.002	0.000	0.000	0.002
25	L	0.000	0.002	0.000	0.000	0.001
26	V	0.000	0.001	0.000	0.000	0.001
27	Q	0.000	0.001	0.000	0.000	0.001
28	D	0.000	0.001	0.000	0.000	0.001
29	S	0.000	0.001	0.000	0.000	0.001
30	N	0.000	0.001	0.000	0.000	0.001
31	S	0.000	0.001	0.000	0.000	0.001
32	Q	0.001	0.000	0.000	0.000	0.000
33	W	0.000	0.000	0.000	0.000	0.000
34	Q	0.000	0.000	0.000	0.000	0.000
35	K	0.000	0.000	0.000	0.000	0.000
36	P	0.000	0.000	0.000	0.000	0.000
37	N	0.000	0.000	0.000	0.000	0.000
38	A	0.000	0.000	0.000	0.000	0.000
39	G	0.000	0.000	0.000	0.000	0.000
40	D	0.000	0.000	0.000	0.000	0.000
>XP_001390069.2
pos	aa	C	S	n-reg	h-reg	c-reg
1	M	0.000	0.995	0.995	0.000	0.000
2	R	0.000	0.995	0.995	0.000	0.000
3	G	0.000	0.995	0.944	0.052	0.000
4	I	0.000	0.995	0.877	0.118	0.000
5	D	0.000	0.995	0.859	0.136	0.000
6	A	0.000	0.995	0.047	0.948	0.000
7	L	0.000	0.995	0.004	0.992	0.000
8	A	0.000	0.995	0.001	0.995	0.000
9	F	0.000	0.995	0.000	0.995	0.000
10	L	0.000	0.995	0.000	0.995	0.000
11	A	0.000	0.995	0.000	0.984	0.012
12	A	0.000	0.995	0.000	0.967	0.028
13	I	0.000	0.995	0.000	0.955	0.041
14	G	0.000	0.995	0.000	0.088	0.907
15	A	0.000	0.995	0.000	0.046	0.950
16	A	0.001	0.994	0.000	0.010	0.985
17	H	0.003	0.991	0.000	0.002	0.989
18	G	0.000	0.991	0.000	0.001	0.990
19	Q	0.955	0.036	0.000	0.000	0.036
20	S	0.000	0.036	0.000	0.000	0.036
21	T	0.015	0.021	0.000	0.000	0.021
22	V	0.003	0.019	0.000	0.000	0.019
23	G	0.000	0.019	0.000	0.000	0.019
24	F	0.018	0.001	0.000	0.000	0.001
25	G	0.000	0.001	0.000	0.000	0.001
26	P	0.001	0.000	0.000	0.000	0.000
27	Y	0.000	0.000	0.000	0.000	0.000
28	F	0.000	0.000	0.000	0.000	0.000
29	S	0.000	0.000	0.000	0.000	0.000
30	L	0.000	0.000	0.000	0.000	0.000
31	G	0.000	0.000	0.000	0.000	0.000
32	P	0.000	0.000	0.000	0.000	0.000
33	T	0.000	0.000	0.000	0.000	0.000
34	Q	0.000	0.000	0.000	0.000	0.000
35	S	0.000	0.000	0.000	0.000	0.000
36	W	0.000	0.000	0.000	0.000	0.000
37	I	0.000	0.000	0.000	0.000	0.000
38	R	0.000	0.000	0.000	0.000	0.000
39	E	0.000	0.000	0.000	0.000	0.000
40	A	0.000	0.000	0.000	0.000	0.000
