>XP_001389014.1
pos	aa	C	S	n-reg	h-reg	c-reg
1	M	0.000	0.977	0.977	0.000	0.000
2	I	0.000	0.977	0.977	0.000	0.000
3	S	0.000	0.977	0.967	0.010	0.000
4	V	0.000	0.977	0.942	0.034	0.000
5	H	0.000	0.977	0.935	0.042	0.000
6	V	0.000	0.977	0.591	0.386	0.000
7	L	0.000	0.977	0.321	0.656	0.000
8	L	0.000	0.977	0.218	0.759	0.000
9	L	0.000	0.977	0.083	0.894	0.000
10	T	0.000	0.977	0.051	0.926	0.000
11	V	0.000	0.977	0.029	0.947	0.001
12	S	0.000	0.977	0.020	0.954	0.003
13	V	0.000	0.977	0.002	0.971	0.003
14	L	0.000	0.977	0.001	0.966	0.009
15	S	0.000	0.977	0.001	0.872	0.104
16	I	0.002	0.975	0.000	0.865	0.110
17	V	0.000	0.975	0.000	0.825	0.151
18	L	0.000	0.975	0.000	0.572	0.403
19	L	0.001	0.975	0.000	0.413	0.562
20	L	0.089	0.886	0.000	0.318	0.567
21	R	0.005	0.881	0.000	0.010	0.871
22	C	0.000	0.881	0.000	0.008	0.873
23	V	0.080	0.801	0.000	0.004	0.796
24	W	0.000	0.801	0.000	0.003	0.798
25	T	0.000	0.801	0.000	0.001	0.799
26	I	0.551	0.249	0.000	0.001	0.248
27	A	0.000	0.249	0.000	0.001	0.249
28	Y	0.106	0.143	0.000	0.000	0.143
29	R	0.000	0.143	0.000	0.000	0.143
30	L	0.000	0.143	0.000	0.000	0.143
31	F	0.000	0.143	0.000	0.000	0.143
32	F	0.000	0.143	0.000	0.000	0.143
33	H	0.000	0.143	0.000	0.000	0.143
34	P	0.000	0.143	0.000	0.000	0.143
35	L	0.000	0.143	0.000	0.000	0.143
36	A	0.000	0.143	0.000	0.000	0.143
37	H	0.000	0.143	0.000	0.000	0.143
38	L	0.000	0.143	0.000	0.000	0.143
39	P	0.000	0.143	0.000	0.000	0.143
40	G	0.000	0.143	0.000	0.000	0.143
>XP_001389052.1
pos	aa	C	S	n-reg	h-reg	c-reg
1	M	0.000	0.999	0.999	0.000	0.000
2	K	0.000	0.999	0.999	0.000	0.000
3	F	0.000	0.999	0.624	0.375	0.000
4	T	0.000	0.999	0.434	0.565	0.000
5	L	0.000	0.999	0.226	0.773	0.000
6	A	0.000	0.999	0.120	0.879	0.000
7	S	0.000	0.999	0.071	0.928	0.000
8	T	0.000	0.999	0.044	0.956	0.000
9	L	0.000	0.999	0.001	0.998	0.000
10	L	0.000	0.999	0.000	0.999	0.000
11	P	0.000	0.999	0.000	0.939	0.060
12	L	0.000	0.999	0.000	0.894	0.105
13	L	0.000	0.999	0.000	0.834	0.165
14	A	0.000	0.999	0.000	0.585	0.414
15	A	0.002	0.997	0.000	0.272	0.726
16	A	0.012	0.986	0.000	0.216	0.770
17	A	0.155	0.831	0.000	0.015	0.816
18	P	0.005	0.826	0.000	0.005	0.821
19	A	0.037	0.789	0.000	0.003	0.786
20	Q	0.326	0.463	0.000	0.000	0.463
21	Q	0.002	0.460	0.000	0.000	0.460
22	R	0.450	0.010	0.000	0.000	0.010
23	D	0.000	0.010	0.000	0.000	0.010
24	T	0.000	0.010	0.000	0.000	0.010
25	T	0.002	0.008	0.000	0.000	0.008
26	N	0.000	0.008	0.000	0.000	0.008
27	A	0.000	0.008	0.000	0.000	0.008
28	T	0.007	0.001	0.000	0.000	0.001
29	T	0.000	0.001	0.000	0.000	0.001
30	P	0.000	0.001	0.000	0.000	0.001
31	S	0.000	0.001	0.000	0.000	0.001
32	T	0.000	0.001	0.000	0.000	0.001
33	F	0.000	0.001	0.000	0.000	0.001
34	G	0.000	0.001	0.000	0.000	0.001
35	I	0.000	0.001	0.000	0.000	0.001
36	M	0.000	0.001	0.000	0.000	0.001
37	S	0.000	0.001	0.000	0.000	0.001
38	A	0.000	0.001	0.000	0.000	0.001
39	R	0.000	0.000	0.000	0.000	0.000
40	S	0.000	0.000	0.000	0.000	0.000
>XP_001389055.1
pos	aa	C	S	n-reg	h-reg	c-reg
1	M	0.000	0.204	0.204	0.000	0.000
2	R	0.000	0.204	0.204	0.000	0.000
3	C	0.000	0.204	0.196	0.008	0.000
4	F	0.000	0.204	0.192	0.012	0.000
5	G	0.000	0.204	0.190	0.014	0.000
6	V	0.000	0.204	0.177	0.028	0.000
7	S	0.000	0.204	0.164	0.041	0.000
8	Y	0.000	0.204	0.147	0.057	0.000
9	L	0.000	0.204	0.120	0.084	0.000
10	Q	0.000	0.204	0.114	0.090	0.000
11	W	0.000	0.204	0.072	0.131	0.001
12	V	0.000	0.204	0.038	0.165	0.001
13	W	0.000	0.204	0.030	0.171	0.003
14	G	0.000	0.204	0.022	0.170	0.013
15	C	0.000	0.204	0.006	0.184	0.015
16	A	0.000	0.204	0.004	0.182	0.019
17	L	0.000	0.204	0.003	0.177	0.024
18	L	0.001	0.203	0.002	0.168	0.033
19	Q	0.011	0.192	0.002	0.113	0.077
20	I	0.000	0.192	0.000	0.092	0.099
21	V	0.000	0.192	0.000	0.078	0.114
22	V	0.000	0.192	0.000	0.066	0.126
23	S	0.000	0.192	0.000	0.014	0.178
24	A	0.047	0.144	0.000	0.009	0.135
25	S	0.057	0.088	0.000	0.007	0.081
26	F	0.014	0.074	0.000	0.006	0.068
27	A	0.000	0.074	0.000	0.004	0.070
28	P	0.059	0.015	0.000	0.003	0.013
29	I	0.001	0.015	0.000	0.002	0.012
30	L	0.000	0.015	0.000	0.002	0.013
31	P	0.000	0.015	0.000	0.000	0.015
32	P	0.006	0.009	0.000	0.000	0.009
33	A	0.002	0.007	0.000	0.000	0.007
34	Y	0.001	0.006	0.000	0.000	0.006
35	P	0.000	0.006	0.000	0.000	0.006
36	L	0.005	0.001	0.000	0.000	0.001
37	A	0.000	0.001	0.000	0.000	0.001
38	V	0.001	0.001	0.000	0.000	0.001
39	R	0.000	0.001	0.000	0.000	0.001
40	S	0.000	0.001	0.000	0.000	0.001
>XP_001389060.1
pos	aa	C	S	n-reg	h-reg	c-reg
1	M	0.000	0.988	0.988	0.000	0.000
2	A	0.000	0.995	0.995	0.000	0.000
3	L	0.000	0.995	0.995	0.000	0.000
4	N	0.000	0.995	0.995	0.000	0.000
5	H	0.000	0.995	0.995	0.000	0.000
6	F	0.000	0.995	0.995	0.000	0.000
7	N	0.000	0.995	0.995	0.000	0.000
8	R	0.000	0.995	0.995	0.000	0.000
9	K	0.000	0.995	0.995	0.000	0.000
10	Q	0.000	0.995	0.995	0.000	0.000
11	R	0.000	0.995	0.993	0.002	0.000
12	L	0.000	0.995	0.719	0.276	0.000
13	L	0.000	0.995	0.620	0.376	0.000
14	L	0.000	0.995	0.585	0.410	0.000
15	S	0.000	0.995	0.573	0.422	0.000
16	S	0.000	0.995	0.528	0.467	0.000
17	F	0.000	0.995	0.221	0.774	0.000
18	A	0.000	0.995	0.082	0.913	0.000
19	I	0.000	0.995	0.027	0.968	0.000
20	L	0.000	0.995	0.006	0.982	0.007
21	F	0.000	0.995	0.000	0.964	0.031
22	F	0.000	0.995	0.000	0.950	0.045
23	F	0.000	0.995	0.000	0.923	0.072
24	L	0.000	0.995	0.000	0.672	0.324
25	V	0.000	0.995	0.000	0.611	0.384
26	V	0.000	0.995	0.000	0.577	0.417
27	L	0.000	0.994	0.000	0.550	0.445
28	C	0.008	0.984	0.000	0.488	0.496
29	H	0.371	0.610	0.000	0.006	0.604
30	F	0.000	0.609	0.000	0.003	0.606
31	R	0.000	0.608	0.000	0.000	0.608
32	S	0.000	0.608	0.000	0.000	0.608
33	A	0.022	0.586	0.000	0.000	0.586
34	R	0.574	0.011	0.000	0.000	0.011
35	D	0.000	0.011	0.000	0.000	0.011
36	P	0.000	0.011	0.000	0.000	0.011
37	G	0.003	0.008	0.000	0.000	0.008
38	S	0.001	0.008	0.000	0.000	0.008
39	F	0.000	0.008	0.000	0.000	0.008
40	F	0.000	0.008	0.000	0.000	0.008
>XP_001389068.1
pos	aa	C	S	n-reg	h-reg	c-reg
1	M	0.000	1.000	1.000	0.000	0.000
2	K	0.000	1.000	1.000	0.000	0.000
3	L	0.000	1.000	0.491	0.508	0.000
4	S	0.000	1.000	0.401	0.598	0.000
5	A	0.000	1.000	0.259	0.740	0.000
6	V	0.000	1.000	0.018	0.981	0.000
7	L	0.000	1.000	0.005	0.995	0.000
8	S	0.000	1.000	0.003	0.997	0.000
9	T	0.000	1.000	0.001	0.999	0.000
10	L	0.000	1.000	0.000	0.999	0.000
11	M	0.000	1.000	0.000	0.934	0.066
12	V	0.000	1.000	0.000	0.917	0.083
13	A	0.000	1.000	0.000	0.827	0.173
14	G	0.000	1.000	0.000	0.110	0.889
15	L	0.000	0.999	0.000	0.073	0.927
16	V	0.000	0.999	0.000	0.042	0.957
17	A	0.000	0.999	0.000	0.008	0.991
18	A	0.042	0.957	0.000	0.003	0.954
19	A	0.872	0.085	0.000	0.000	0.085
20	P	0.029	0.056	0.000	0.000	0.056
21	P	0.001	0.056	0.000	0.000	0.055
22	A	0.046	0.010	0.000	0.000	0.010
23	P	0.000	0.009	0.000	0.000	0.009
24	R	0.003	0.006	0.000	0.000	0.006
25	P	0.000	0.006	0.000	0.000	0.006
26	T	0.005	0.001	0.000	0.000	0.001
27	D	0.001	0.000	0.000	0.000	0.000
28	V	0.000	0.000	0.000	0.000	0.000
29	Q	0.000	0.000	0.000	0.000	0.000
30	P	0.000	0.000	0.000	0.000	0.000
31	H	0.000	0.000	0.000	0.000	0.000
32	H	0.000	0.000	0.000	0.000	0.000
33	H	0.000	0.000	0.000	0.000	0.000
34	P	0.000	0.000	0.000	0.000	0.000
35	N	0.000	0.000	0.000	0.000	0.000
36	P	0.000	0.000	0.000	0.000	0.000
37	P	0.000	0.000	0.000	0.000	0.000
38	P	0.000	0.000	0.000	0.000	0.000
39	N	0.000	0.000	0.000	0.000	0.000
40	P	0.000	0.000	0.000	0.000	0.000
>XP_001389071.1
pos	aa	C	S	n-reg	h-reg	c-reg
1	M	0.000	0.999	0.999	0.000	0.000
2	A	0.000	0.999	0.999	0.000	0.000
3	R	0.000	0.999	0.999	0.000	0.000
4	W	0.000	0.999	0.999	0.000	0.000
5	P	0.000	0.999	0.999	0.000	0.000
6	R	0.000	0.999	0.999	0.000	0.000
7	A	0.000	0.999	0.998	0.001	0.000
8	L	0.000	0.999	0.998	0.002	0.000
9	T	0.000	0.999	0.998	0.002	0.000
10	P	0.000	0.999	0.998	0.002	0.000
11	S	0.000	0.999	0.997	0.002	0.000
12	H	0.000	0.999	0.997	0.002	0.000
13	A	0.000	0.999	0.996	0.003	0.000
14	A	0.000	0.999	0.995	0.004	0.000
15	S	0.000	0.999	0.994	0.005	0.001
16	S	0.000	0.999	0.992	0.006	0.001
17	T	0.000	0.999	0.984	0.013	0.001
18	S	0.000	0.999	0.972	0.025	0.002
19	S	0.000	0.999	0.922	0.076	0.002
20	T	0.000	0.999	0.812	0.186	0.002
21	M	0.000	0.999	0.636	0.361	0.002
22	L	0.000	0.999	0.188	0.809	0.002
23	F	0.000	0.999	0.083	0.914	0.002
24	Y	0.000	0.999	0.058	0.938	0.003
25	L	0.000	0.999	0.013	0.982	0.004
26	S	0.000	0.999	0.003	0.988	0.009
27	L	0.000	0.999	0.001	0.987	0.011
28	M	0.000	0.999	0.001	0.981	0.018
29	S	0.000	0.999	0.001	0.950	0.048
30	I	0.000	0.999	0.001	0.923	0.076
31	A	0.000	0.999	0.001	0.725	0.273
32	L	0.002	0.997	0.001	0.637	0.359
33	S	0.000	0.997	0.001	0.477	0.519
34	T	0.035	0.962	0.001	0.017	0.944
35	V	0.000	0.961	0.001	0.009	0.952
36	V	0.000	0.961	0.000	0.003	0.958
37	R	0.000	0.961	0.000	0.000	0.960
38	A	0.000	0.961	0.000	0.000	0.960
39	H	0.927	0.034	0.000	0.000	0.033
40	T	0.000	0.034	0.000	0.000	0.033
>XP_001389075.2
pos	aa	C	S	n-reg	h-reg	c-reg
1	M	0.000	0.952	0.952	0.000	0.000
2	V	0.000	0.952	0.952	0.000	0.000
3	V	0.000	0.952	0.950	0.002	0.000
4	P	0.000	0.952	0.947	0.005	0.000
5	G	0.000	0.952	0.892	0.060	0.000
6	W	0.000	0.952	0.633	0.319	0.000
7	I	0.000	0.952	0.315	0.637	0.000
8	W	0.000	0.952	0.222	0.730	0.000
9	A	0.000	0.952	0.066	0.887	0.000
10	V	0.000	0.952	0.019	0.933	0.000
11	F	0.000	0.952	0.004	0.948	0.000
12	L	0.000	0.952	0.000	0.952	0.000
13	T	0.000	0.952	0.000	0.951	0.001
14	I	0.000	0.952	0.000	0.950	0.002
15	F	0.000	0.952	0.000	0.939	0.013
16	V	0.000	0.952	0.000	0.886	0.066
17	S	0.000	0.952	0.000	0.402	0.550
18	F	0.000	0.952	0.000	0.259	0.693
19	Q	0.000	0.952	0.000	0.109	0.842
20	R	0.014	0.938	0.000	0.001	0.937
21	T	0.000	0.938	0.000	0.000	0.937
22	V	0.003	0.934	0.000	0.000	0.934
23	T	0.000	0.934	0.000	0.000	0.934
24	A	0.054	0.880	0.000	0.000	0.880
25	L	0.830	0.050	0.000	0.000	0.050
26	Q	0.022	0.028	0.000	0.000	0.028
27	L	0.020	0.007	0.000	0.000	0.007
28	D	0.007	0.000	0.000	0.000	0.000
29	I	0.000	0.000	0.000	0.000	0.000
30	N	0.000	0.000	0.000	0.000	0.000
31	D	0.000	0.000	0.000	0.000	0.000
32	E	0.000	0.000	0.000	0.000	0.000
33	Q	0.000	0.000	0.000	0.000	0.000
34	S	0.000	0.000	0.000	0.000	0.000
35	I	0.000	0.000	0.000	0.000	0.000
36	K	0.000	0.000	0.000	0.000	0.000
37	D	0.000	0.000	0.000	0.000	0.000
38	A	0.000	0.000	0.000	0.000	0.000
39	A	0.000	0.000	0.000	0.000	0.000
40	R	0.000	0.000	0.000	0.000	0.000
>XP_001389080.1
pos	aa	C	S	n-reg	h-reg	c-reg
1	M	0.000	0.374	0.374	0.000	0.000
2	R	0.000	0.374	0.374	0.000	0.000
3	W	0.000	0.374	0.374	0.000	0.000
4	R	0.000	0.374	0.374	0.000	0.000
5	L	0.000	0.374	0.374	0.000	0.000
6	P	0.000	0.374	0.374	0.000	0.000
7	G	0.000	0.374	0.374	0.000	0.000
8	A	0.000	0.374	0.373	0.000	0.000
9	R	0.000	0.374	0.373	0.001	0.000
10	S	0.000	0.374	0.332	0.042	0.000
11	T	0.000	0.374	0.251	0.122	0.000
12	L	0.000	0.374	0.165	0.208	0.000
13	P	0.000	0.374	0.148	0.225	0.000
14	A	0.000	0.374	0.072	0.301	0.000
15	S	0.000	0.374	0.039	0.335	0.000
16	V	0.000	0.374	0.010	0.364	0.000
17	A	0.000	0.374	0.003	0.371	0.000
18	L	0.000	0.374	0.000	0.373	0.000
19	L	0.000	0.374	0.000	0.368	0.006
20	L	0.000	0.374	0.000	0.336	0.038
21	L	0.000	0.374	0.000	0.298	0.076
22	P	0.000	0.374	0.000	0.178	0.196
23	V	0.000	0.374	0.000	0.093	0.281
24	L	0.000	0.374	0.000	0.064	0.310
25	V	0.000	0.374	0.000	0.026	0.347
26	A	0.000	0.374	0.000	0.012	0.362
27	P	0.021	0.352	0.000	0.003	0.350
28	Q	0.299	0.054	0.000	0.000	0.053
29	Q	0.026	0.028	0.000	0.000	0.028
30	W	0.004	0.024	0.000	0.000	0.024
31	H	0.000	0.024	0.000	0.000	0.024
32	E	0.000	0.024	0.000	0.000	0.024
33	H	0.000	0.024	0.000	0.000	0.024
34	Q	0.000	0.024	0.000	0.000	0.024
35	H	0.001	0.023	0.000	0.000	0.023
36	E	0.000	0.023	0.000	0.000	0.023
37	L	0.000	0.023	0.000	0.000	0.023
38	S	0.000	0.023	0.000	0.000	0.023
39	S	0.000	0.023	0.000	0.000	0.023
40	T	0.001	0.022	0.000	0.000	0.022
>XP_001389085.1
pos	aa	C	S	n-reg	h-reg	c-reg
1	M	0.000	0.937	0.937	0.000	0.000
2	R	0.000	0.937	0.937	0.000	0.000
3	W	0.000	0.937	0.870	0.068	0.000
4	S	0.000	0.937	0.758	0.180	0.000
5	T	0.000	0.937	0.546	0.391	0.000
6	C	0.000	0.937	0.094	0.844	0.000
7	L	0.000	0.937	0.025	0.913	0.000
8	T	0.000	0.937	0.016	0.921	0.000
9	S	0.000	0.937	0.005	0.932	0.000
10	A	0.000	0.937	0.002	0.935	0.000
11	L	0.000	0.937	0.001	0.936	0.001
12	L	0.000	0.937	0.000	0.931	0.006
13	A	0.000	0.937	0.000	0.836	0.101
14	S	0.000	0.937	0.000	0.493	0.444
15	T	0.000	0.937	0.000	0.380	0.557
16	A	0.004	0.934	0.000	0.286	0.647
17	P	0.000	0.933	0.000	0.016	0.917
18	L	0.002	0.931	0.000	0.009	0.922
19	A	0.006	0.925	0.000	0.005	0.920
20	A	0.021	0.904	0.000	0.003	0.901
21	A	0.090	0.814	0.000	0.002	0.812
22	T	0.741	0.072	0.000	0.001	0.072
23	R	0.055	0.018	0.000	0.000	0.017
24	L	0.000	0.018	0.000	0.000	0.017
25	I	0.011	0.006	0.000	0.000	0.006
26	E	0.000	0.006	0.000	0.000	0.006
27	S	0.000	0.006	0.000	0.000	0.006
28	N	0.002	0.004	0.000	0.000	0.004
29	A	0.000	0.004	0.000	0.000	0.004
30	L	0.004	0.000	0.000	0.000	0.000
31	N	0.000	0.000	0.000	0.000	0.000
32	I	0.000	0.000	0.000	0.000	0.000
33	C	0.000	0.000	0.000	0.000	0.000
34	Q	0.000	0.000	0.000	0.000	0.000
35	D	0.000	0.000	0.000	0.000	0.000
36	S	0.000	0.000	0.000	0.000	0.000
37	N	0.000	0.000	0.000	0.000	0.000
38	N	0.000	0.000	0.000	0.000	0.000
39	F	0.000	0.000	0.000	0.000	0.000
40	T	0.000	0.000	0.000	0.000	0.000
>XP_001389086.1
pos	aa	C	S	n-reg	h-reg	c-reg
1	M	0.000	0.987	0.987	0.000	0.000
2	W	0.000	0.987	0.987	0.000	0.000
3	S	0.000	0.987	0.851	0.136	0.000
4	S	0.000	0.987	0.541	0.446	0.000
5	W	0.000	0.987	0.068	0.920	0.000
6	L	0.000	0.987	0.001	0.987	0.000
7	L	0.000	0.987	0.000	0.987	0.000
8	S	0.000	0.987	0.000	0.987	0.000
9	A	0.000	0.987	0.000	0.987	0.000
10	L	0.000	0.987	0.000	0.987	0.000
11	L	0.000	0.987	0.000	0.970	0.017
12	A	0.000	0.987	0.000	0.892	0.095
13	T	0.000	0.987	0.000	0.084	0.903
14	E	0.000	0.987	0.000	0.003	0.984
15	A	0.000	0.987	0.000	0.000	0.987
16	L	0.022	0.966	0.000	0.000	0.966
17	A	0.000	0.966	0.000	0.000	0.966
18	V	0.962	0.004	0.000	0.000	0.004
19	P	0.000	0.004	0.000	0.000	0.004
20	Y	0.004	0.000	0.000	0.000	0.000
21	E	0.000	0.000	0.000	0.000	0.000
22	E	0.000	0.000	0.000	0.000	0.000
23	Y	0.000	0.000	0.000	0.000	0.000
24	I	0.000	0.000	0.000	0.000	0.000
25	L	0.000	0.000	0.000	0.000	0.000
26	A	0.000	0.000	0.000	0.000	0.000
27	P	0.000	0.000	0.000	0.000	0.000
28	S	0.000	0.000	0.000	0.000	0.000
29	S	0.000	0.000	0.000	0.000	0.000
30	R	0.000	0.000	0.000	0.000	0.000
31	D	0.000	0.000	0.000	0.000	0.000
32	L	0.000	0.000	0.000	0.000	0.000
33	A	0.000	0.000	0.000	0.000	0.000
34	P	0.000	0.000	0.000	0.000	0.000
35	A	0.000	0.000	0.000	0.000	0.000
36	S	0.000	0.000	0.000	0.000	0.000
37	V	0.000	0.000	0.000	0.000	0.000
38	R	0.000	0.000	0.000	0.000	0.000
39	Q	0.000	0.000	0.000	0.000	0.000
40	V	0.000	0.000	0.000	0.000	0.000
>XP_001389087.1
pos	aa	C	S	n-reg	h-reg	c-reg
1	M	0.000	0.858	0.858	0.000	0.000
2	H	0.000	0.858	0.858	0.000	0.000
3	L	0.000	0.858	0.851	0.007	0.000
4	P	0.000	0.858	0.847	0.011	0.000
5	L	0.000	0.858	0.816	0.043	0.000
6	P	0.000	0.858	0.769	0.089	0.000
7	S	0.000	0.858	0.455	0.403	0.000
8	F	0.000	0.858	0.173	0.685	0.000
9	L	0.000	0.858	0.038	0.820	0.000
10	F	0.000	0.858	0.008	0.851	0.000
11	L	0.000	0.858	0.001	0.857	0.000
12	L	0.000	0.858	0.000	0.857	0.001
13	S	0.000	0.858	0.000	0.853	0.005
14	S	0.000	0.858	0.000	0.845	0.013
15	L	0.000	0.858	0.000	0.838	0.020
16	L	0.000	0.858	0.000	0.809	0.049
17	L	0.000	0.858	0.000	0.741	0.117
18	T	0.001	0.857	0.000	0.353	0.504
19	T	0.005	0.851	0.000	0.100	0.751
20	T	0.003	0.848	0.000	0.006	0.843
21	T	0.019	0.829	0.000	0.002	0.827
22	T	0.040	0.789	0.000	0.000	0.789
23	T	0.355	0.434	0.000	0.000	0.433
24	L	0.265	0.169	0.000	0.000	0.169
25	I	0.146	0.023	0.000	0.000	0.023
26	P	0.000	0.023	0.000	0.000	0.023
27	S	0.019	0.003	0.000	0.000	0.003
28	P	0.001	0.003	0.000	0.000	0.003
29	G	0.000	0.003	0.000	0.000	0.003
30	D	0.003	0.000	0.000	0.000	0.000
31	R	0.000	0.000	0.000	0.000	0.000
32	I	0.000	0.000	0.000	0.000	0.000
33	T	0.000	0.000	0.000	0.000	0.000
34	I	0.000	0.000	0.000	0.000	0.000
35	P	0.000	0.000	0.000	0.000	0.000
36	T	0.000	0.000	0.000	0.000	0.000
37	W	0.000	0.000	0.000	0.000	0.000
38	H	0.000	0.000	0.000	0.000	0.000
39	I	0.000	0.000	0.000	0.000	0.000
40	Q	0.000	0.000	0.000	0.000	0.000
>XP_001389088.2
pos	aa	C	S	n-reg	h-reg	c-reg
1	M	0.000	0.019	0.019	0.000	0.000
2	P	0.000	0.019	0.019	0.000	0.000
3	L	0.000	0.019	0.019	0.000	0.000
4	K	0.000	0.019	0.019	0.000	0.000
5	Y	0.000	0.019	0.018	0.001	0.000
6	P	0.000	0.019	0.017	0.001	0.000
7	C	0.000	0.019	0.014	0.005	0.000
8	L	0.000	0.019	0.013	0.005	0.000
9	R	0.000	0.019	0.013	0.005	0.000
10	F	0.000	0.019	0.012	0.007	0.000
11	W	0.000	0.019	0.011	0.008	0.000
12	S	0.000	0.019	0.010	0.008	0.000
13	A	0.000	0.019	0.009	0.009	0.000
14	V	0.000	0.019	0.008	0.010	0.001
15	S	0.000	0.019	0.007	0.007	0.004
16	S	0.000	0.019	0.006	0.008	0.005
17	A	0.000	0.019	0.004	0.010	0.005
18	V	0.001	0.018	0.002	0.012	0.004
19	S	0.000	0.018	0.001	0.011	0.005
20	L	0.003	0.015	0.001	0.012	0.003
21	H	0.000	0.015	0.000	0.010	0.004
22	L	0.000	0.015	0.000	0.010	0.005
23	S	0.001	0.014	0.000	0.010	0.004
24	L	0.001	0.013	0.000	0.009	0.004
25	L	0.001	0.012	0.000	0.008	0.005
26	P	0.002	0.011	0.000	0.006	0.004
27	I	0.001	0.010	0.000	0.006	0.004
28	L	0.000	0.010	0.000	0.003	0.007
29	Y	0.000	0.010	0.000	0.001	0.009
30	I	0.000	0.010	0.000	0.001	0.009
31	M	0.000	0.010	0.000	0.000	0.010
32	A	0.000	0.010	0.000	0.000	0.010
33	P	0.008	0.002	0.000	0.000	0.002
34	K	0.001	0.001	0.000	0.000	0.001
35	R	0.000	0.001	0.000	0.000	0.001
36	P	0.000	0.001	0.000	0.000	0.001
37	N	0.000	0.000	0.000	0.000	0.000
38	F	0.000	0.000	0.000	0.000	0.000
39	L	0.000	0.000	0.000	0.000	0.000
40	V	0.000	0.000	0.000	0.000	0.000
>XP_001389089.2
pos	aa	C	S	n-reg	h-reg	c-reg
1	M	0.000	0.992	0.992	0.000	0.000
2	G	0.000	0.992	0.992	0.000	0.000
3	R	0.000	0.992	0.991	0.001	0.000
4	H	0.000	0.992	0.892	0.100	0.000
5	F	0.000	0.992	0.618	0.374	0.000
6	A	0.000	0.992	0.323	0.669	0.000
7	L	0.000	0.992	0.042	0.950	0.000
8	S	0.000	0.992	0.034	0.958	0.000
9	W	0.000	0.992	0.016	0.976	0.000
10	L	0.000	0.992	0.003	0.989	0.000
11	A	0.000	0.992	0.002	0.990	0.000
12	T	0.000	0.992	0.000	0.982	0.010
13	C	0.000	0.992	0.000	0.964	0.028
14	L	0.000	0.992	0.000	0.940	0.052
15	P	0.000	0.992	0.000	0.196	0.796
16	L	0.000	0.992	0.000	0.169	0.823
17	A	0.000	0.992	0.000	0.081	0.911
18	T	0.001	0.990	0.000	0.032	0.958
19	A	0.003	0.987	0.000	0.024	0.963
20	T	0.805	0.182	0.000	0.001	0.181
21	N	0.007	0.176	0.000	0.000	0.175
22	L	0.000	0.176	0.000	0.000	0.175
23	Y	0.036	0.139	0.000	0.000	0.139
24	A	0.000	0.139	0.000	0.000	0.139
25	T	0.136	0.003	0.000	0.000	0.003
26	H	0.001	0.002	0.000	0.000	0.002
27	Y	0.000	0.002	0.000	0.000	0.002
28	D	0.000	0.002	0.000	0.000	0.002
29	G	0.000	0.002	0.000	0.000	0.002
30	S	0.000	0.002	0.000	0.000	0.002
31	V	0.000	0.002	0.000	0.000	0.002
32	Y	0.000	0.002	0.000	0.000	0.002
33	S	0.000	0.002	0.000	0.000	0.002
34	L	0.002	0.000	0.000	0.000	0.000
35	S	0.000	0.000	0.000	0.000	0.000
36	L	0.000	0.000	0.000	0.000	0.000
37	Q	0.000	0.000	0.000	0.000	0.000
38	R	0.000	0.000	0.000	0.000	0.000
39	S	0.000	0.000	0.000	0.000	0.000
40	D	0.000	0.000	0.000	0.000	0.000
>XP_001389090.2
pos	aa	C	S	n-reg	h-reg	c-reg
1	M	0.000	0.973	0.973	0.000	0.000
2	G	0.000	0.974	0.974	0.000	0.000
3	W	0.000	0.974	0.964	0.009	0.000
4	V	0.000	0.974	0.944	0.030	0.000
5	G	0.000	0.974	0.928	0.045	0.000
6	V	0.000	0.974	0.559	0.414	0.000
7	A	0.000	0.974	0.272	0.701	0.000
8	T	0.000	0.974	0.161	0.813	0.000
9	L	0.000	0.974	0.040	0.933	0.000
10	I	0.000	0.974	0.008	0.966	0.000
11	A	0.000	0.974	0.001	0.970	0.003
12	T	0.000	0.974	0.000	0.962	0.011
13	A	0.000	0.974	0.000	0.960	0.014
14	C	0.001	0.973	0.000	0.955	0.017
15	F	0.001	0.971	0.000	0.949	0.022
16	L	0.000	0.971	0.000	0.942	0.030
17	L	0.006	0.966	0.000	0.923	0.043
18	Y	0.001	0.965	0.000	0.343	0.622
19	R	0.000	0.965	0.000	0.015	0.951
20	Y	0.000	0.965	0.000	0.004	0.961
21	P	0.000	0.965	0.000	0.001	0.964
22	P	0.001	0.964	0.000	0.000	0.964
23	G	0.000	0.964	0.000	0.000	0.964
24	T	0.002	0.962	0.000	0.000	0.962
25	W	0.000	0.962	0.000	0.000	0.962
26	A	0.000	0.962	0.000	0.000	0.962
27	P	0.959	0.003	0.000	0.000	0.003
28	E	0.003	0.000	0.000	0.000	0.000
29	P	0.000	0.000	0.000	0.000	0.000
30	P	0.000	0.000	0.000	0.000	0.000
31	S	0.000	0.000	0.000	0.000	0.000
32	S	0.000	0.000	0.000	0.000	0.000
33	K	0.000	0.000	0.000	0.000	0.000
34	P	0.000	0.000	0.000	0.000	0.000
35	L	0.000	0.000	0.000	0.000	0.000
36	P	0.000	0.000	0.000	0.000	0.000
37	K	0.000	0.000	0.000	0.000	0.000
38	P	0.000	0.000	0.000	0.000	0.000
39	V	0.000	0.000	0.000	0.000	0.000
40	N	0.000	0.000	0.000	0.000	0.000
>XP_001389091.1
pos	aa	C	S	n-reg	h-reg	c-reg
1	M	0.000	1.000	1.000	0.000	0.000
2	R	0.000	1.000	1.000	0.000	0.000
3	L	0.000	1.000	0.919	0.081	0.000
4	P	0.000	1.000	0.852	0.148	0.000
5	T	0.000	1.000	0.560	0.440	0.000
6	L	0.000	1.000	0.161	0.839	0.000
7	A	0.000	1.000	0.063	0.937	0.000
8	A	0.000	1.000	0.011	0.989	0.000
9	L	0.000	1.000	0.003	0.997	0.000
10	L	0.000	1.000	0.001	0.999	0.000
11	T	0.000	1.000	0.000	0.997	0.002
12	L	0.000	1.000	0.000	0.987	0.012
13	S	0.000	1.000	0.000	0.907	0.093
14	L	0.000	1.000	0.000	0.851	0.149
15	T	0.000	1.000	0.000	0.756	0.244
16	T	0.000	1.000	0.000	0.121	0.879
17	L	0.000	1.000	0.000	0.073	0.927
18	A	0.001	0.999	0.000	0.013	0.986
19	S	0.020	0.979	0.000	0.005	0.973
20	A	0.007	0.972	0.000	0.003	0.969
21	A	0.901	0.071	0.000	0.002	0.068
22	D	0.014	0.057	0.000	0.000	0.057
23	L	0.000	0.057	0.000	0.000	0.057
24	G	0.008	0.048	0.000	0.000	0.048
25	I	0.009	0.039	0.000	0.000	0.039
26	E	0.000	0.039	0.000	0.000	0.039
27	V	0.000	0.039	0.000	0.000	0.039
28	T	0.000	0.039	0.000	0.000	0.039
29	H	0.000	0.039	0.000	0.000	0.039
30	A	0.000	0.039	0.000	0.000	0.039
31	V	0.039	0.000	0.000	0.000	0.000
32	E	0.000	0.000	0.000	0.000	0.000
33	C	0.000	0.000	0.000	0.000	0.000
34	T	0.000	0.000	0.000	0.000	0.000
35	R	0.000	0.000	0.000	0.000	0.000
36	K	0.000	0.000	0.000	0.000	0.000
37	T	0.000	0.000	0.000	0.000	0.000
38	Q	0.000	0.000	0.000	0.000	0.000
39	N	0.000	0.000	0.000	0.000	0.000
40	G	0.000	0.000	0.000	0.000	0.000
>XP_001389123.1
pos	aa	C	S	n-reg	h-reg	c-reg
1	M	0.000	0.037	0.037	0.000	0.000
2	A	0.000	0.039	0.039	0.000	0.000
3	S	0.000	0.039	0.039	0.000	0.000
4	S	0.000	0.039	0.039	0.000	0.000
5	T	0.000	0.039	0.039	0.000	0.000
6	V	0.000	0.039	0.038	0.000	0.000
7	V	0.000	0.039	0.038	0.000	0.000
8	E	0.000	0.039	0.038	0.000	0.000
9	Y	0.000	0.039	0.038	0.000	0.000
10	E	0.000	0.039	0.038	0.000	0.000
11	F	0.000	0.039	0.038	0.000	0.000
12	G	0.000	0.039	0.038	0.000	0.000
13	G	0.000	0.039	0.038	0.000	0.000
14	P	0.000	0.039	0.038	0.000	0.000
15	L	0.000	0.039	0.037	0.002	0.000
16	G	0.000	0.039	0.036	0.002	0.000
17	A	0.000	0.039	0.035	0.004	0.000
18	A	0.000	0.039	0.033	0.006	0.000
19	A	0.000	0.039	0.030	0.008	0.000
20	I	0.000	0.038	0.025	0.013	0.000
21	T	0.000	0.038	0.022	0.016	0.000
22	I	0.000	0.038	0.017	0.021	0.000
23	G	0.000	0.038	0.016	0.023	0.000
24	L	0.000	0.038	0.008	0.031	0.000
25	P	0.000	0.038	0.006	0.032	0.000
26	L	0.000	0.038	0.001	0.036	0.001
27	L	0.000	0.038	0.001	0.036	0.001
28	L	0.000	0.038	0.000	0.036	0.003
29	Y	0.000	0.038	0.000	0.034	0.004
30	F	0.000	0.038	0.000	0.031	0.007
31	F	0.000	0.038	0.000	0.030	0.008
32	A	0.000	0.038	0.000	0.023	0.015
33	F	0.001	0.037	0.000	0.017	0.020
34	G	0.000	0.037	0.000	0.013	0.024
35	C	0.005	0.031	0.000	0.012	0.019
36	N	0.000	0.031	0.000	0.000	0.031
37	D	0.000	0.031	0.000	0.000	0.031
38	V	0.000	0.031	0.000	0.000	0.031
39	S	0.000	0.031	0.000	0.000	0.031
40	G	0.000	0.031	0.000	0.000	0.031
>XP_001389167.2
pos	aa	C	S	n-reg	h-reg	c-reg
1	M	0.000	0.115	0.115	0.000	0.000
2	L	0.000	0.115	0.115	0.000	0.000
3	Q	0.000	0.115	0.115	0.000	0.000
4	T	0.000	0.115	0.113	0.002	0.000
5	R	0.000	0.115	0.112	0.003	0.000
6	L	0.000	0.115	0.035	0.080	0.000
7	A	0.000	0.115	0.023	0.093	0.000
8	L	0.000	0.115	0.017	0.099	0.000
9	T	0.000	0.115	0.016	0.099	0.000
10	G	0.000	0.115	0.015	0.100	0.000
11	L	0.000	0.115	0.014	0.102	0.000
12	R	0.000	0.115	0.013	0.101	0.001
13	L	0.000	0.115	0.007	0.107	0.002
14	P	0.000	0.115	0.006	0.068	0.041
15	F	0.000	0.115	0.003	0.058	0.054
16	R	0.000	0.115	0.002	0.032	0.081
17	T	0.000	0.115	0.000	0.027	0.088
18	L	0.000	0.115	0.000	0.022	0.093
19	S	0.001	0.115	0.000	0.016	0.099
20	S	0.012	0.102	0.000	0.014	0.088
21	A	0.017	0.085	0.000	0.013	0.072
22	V	0.040	0.045	0.000	0.010	0.035
23	S	0.000	0.045	0.000	0.008	0.037
24	S	0.005	0.040	0.000	0.002	0.039
25	R	0.009	0.032	0.000	0.000	0.031
26	A	0.000	0.032	0.000	0.000	0.032
27	Y	0.021	0.010	0.000	0.000	0.010
28	S	0.000	0.010	0.000	0.000	0.010
29	T	0.010	0.000	0.000	0.000	0.000
30	V	0.000	0.000	0.000	0.000	0.000
31	V	0.000	0.000	0.000	0.000	0.000
32	R	0.000	0.000	0.000	0.000	0.000
33	E	0.000	0.000	0.000	0.000	0.000
34	Q	0.000	0.000	0.000	0.000	0.000
35	E	0.000	0.000	0.000	0.000	0.000
36	N	0.000	0.000	0.000	0.000	0.000
37	P	0.000	0.000	0.000	0.000	0.000
38	S	0.000	0.000	0.000	0.000	0.000
39	A	0.000	0.000	0.000	0.000	0.000
40	D	0.000	0.000	0.000	0.000	0.000
>XP_001389176.1
pos	aa	C	S	n-reg	h-reg	c-reg
1	M	0.000	0.895	0.895	0.000	0.000
2	V	0.000	0.895	0.895	0.000	0.000
3	L	0.000	0.895	0.699	0.196	0.000
4	T	0.000	0.895	0.628	0.267	0.000
5	A	0.000	0.895	0.561	0.334	0.000
6	V	0.000	0.895	0.375	0.520	0.000
7	G	0.000	0.895	0.311	0.583	0.000
8	Q	0.000	0.895	0.266	0.628	0.000
9	L	0.000	0.895	0.054	0.840	0.000
10	C	0.000	0.895	0.005	0.890	0.000
11	S	0.000	0.895	0.003	0.860	0.031
12	T	0.000	0.895	0.002	0.793	0.100
13	A	0.000	0.895	0.002	0.777	0.116
14	S	0.000	0.895	0.001	0.678	0.215
15	L	0.000	0.894	0.001	0.595	0.298
16	A	0.003	0.892	0.000	0.497	0.394
17	A	0.072	0.819	0.000	0.407	0.412
18	N	0.005	0.814	0.000	0.024	0.790
19	L	0.000	0.814	0.000	0.021	0.793
20	A	0.016	0.798	0.000	0.004	0.794
21	Q	0.051	0.747	0.000	0.002	0.745
22	C	0.001	0.746	0.000	0.002	0.744
23	Q	0.692	0.054	0.000	0.001	0.053
24	T	0.000	0.054	0.000	0.001	0.053
25	L	0.031	0.023	0.000	0.001	0.022
26	V	0.000	0.023	0.000	0.001	0.022
27	R	0.000	0.023	0.000	0.000	0.023
28	K	0.000	0.023	0.000	0.000	0.023
29	A	0.000	0.023	0.000	0.000	0.023
30	A	0.000	0.022	0.000	0.000	0.022
31	A	0.000	0.022	0.000	0.000	0.022
32	A	0.017	0.006	0.000	0.000	0.005
33	G	0.001	0.005	0.000	0.000	0.005
34	A	0.001	0.004	0.000	0.000	0.004
35	K	0.001	0.003	0.000	0.000	0.003
36	A	0.000	0.003	0.000	0.000	0.003
37	L	0.003	0.000	0.000	0.000	0.000
38	F	0.000	0.000	0.000	0.000	0.000
39	L	0.000	0.000	0.000	0.000	0.000
40	P	0.000	0.000	0.000	0.000	0.000
>XP_001389204.2
pos	aa	C	S	n-reg	h-reg	c-reg
1	M	0.000	0.984	0.984	0.000	0.000
2	H	0.000	0.984	0.984	0.000	0.000
3	A	0.000	0.984	0.984	0.000	0.000
4	S	0.000	0.984	0.984	0.000	0.000
5	R	0.000	0.984	0.983	0.001	0.000
6	I	0.000	0.984	0.678	0.306	0.000
7	I	0.000	0.984	0.550	0.434	0.000
8	P	0.000	0.984	0.530	0.453	0.000
9	S	0.000	0.984	0.383	0.601	0.000
10	T	0.000	0.984	0.131	0.853	0.000
11	L	0.000	0.984	0.034	0.949	0.000
12	S	0.000	0.984	0.022	0.962	0.000
13	I	0.000	0.984	0.001	0.983	0.000
14	L	0.000	0.984	0.000	0.983	0.001
15	A	0.000	0.984	0.000	0.981	0.003
16	L	0.000	0.984	0.000	0.979	0.005
17	L	0.000	0.984	0.000	0.884	0.100
18	S	0.000	0.984	0.000	0.314	0.670
19	Q	0.000	0.983	0.000	0.185	0.799
20	F	0.001	0.983	0.000	0.169	0.814
21	Q	0.000	0.983	0.000	0.015	0.968
22	L	0.000	0.983	0.000	0.013	0.970
23	S	0.001	0.981	0.000	0.001	0.981
24	I	0.003	0.979	0.000	0.000	0.978
25	A	0.000	0.979	0.000	0.000	0.979
26	S	0.931	0.047	0.000	0.000	0.047
27	P	0.001	0.046	0.000	0.000	0.046
28	L	0.044	0.002	0.000	0.000	0.002
29	E	0.001	0.001	0.000	0.000	0.001
30	P	0.000	0.001	0.000	0.000	0.001
31	E	0.001	0.000	0.000	0.000	0.000
32	E	0.000	0.000	0.000	0.000	0.000
33	S	0.000	0.000	0.000	0.000	0.000
34	L	0.000	0.000	0.000	0.000	0.000
35	E	0.000	0.000	0.000	0.000	0.000
36	E	0.000	0.000	0.000	0.000	0.000
37	A	0.000	0.000	0.000	0.000	0.000
38	T	0.000	0.000	0.000	0.000	0.000
39	L	0.000	0.000	0.000	0.000	0.000
40	E	0.000	0.000	0.000	0.000	0.000
>XP_001389224.2
pos	aa	C	S	n-reg	h-reg	c-reg
1	M	0.000	1.000	1.000	0.000	0.000
2	R	0.000	1.000	1.000	0.000	0.000
3	F	0.000	1.000	0.654	0.346	0.000
4	T	0.000	1.000	0.436	0.564	0.000
5	T	0.000	1.000	0.227	0.772	0.000
6	F	0.000	1.000	0.104	0.896	0.000
7	S	0.000	1.000	0.040	0.960	0.000
8	V	0.000	1.000	0.010	0.989	0.000
9	L	0.000	1.000	0.002	0.998	0.000
10	L	0.000	1.000	0.000	0.999	0.000
11	L	0.000	1.000	0.000	0.960	0.040
12	S	0.000	1.000	0.000	0.865	0.135
13	T	0.000	1.000	0.000	0.395	0.605
14	L	0.000	1.000	0.000	0.350	0.650
15	A	0.000	1.000	0.000	0.121	0.879
16	L	0.015	0.985	0.000	0.101	0.884
17	A	0.003	0.982	0.000	0.052	0.931
18	F	0.679	0.303	0.000	0.043	0.259
19	P	0.000	0.303	0.000	0.001	0.302
20	E	0.200	0.103	0.000	0.000	0.103
21	S	0.000	0.103	0.000	0.000	0.103
22	D	0.024	0.079	0.000	0.000	0.079
23	P	0.000	0.079	0.000	0.000	0.079
24	A	0.073	0.006	0.000	0.000	0.006
25	I	0.006	0.000	0.000	0.000	0.000
26	E	0.000	0.000	0.000	0.000	0.000
27	K	0.000	0.000	0.000	0.000	0.000
28	R	0.000	0.000	0.000	0.000	0.000
29	D	0.000	0.000	0.000	0.000	0.000
30	D	0.000	0.000	0.000	0.000	0.000
31	T	0.000	0.000	0.000	0.000	0.000
32	T	0.000	0.000	0.000	0.000	0.000
33	D	0.000	0.000	0.000	0.000	0.000
34	S	0.000	0.000	0.000	0.000	0.000
35	D	0.000	0.000	0.000	0.000	0.000
36	M	0.000	0.000	0.000	0.000	0.000
37	P	0.000	0.000	0.000	0.000	0.000
38	N	0.000	0.000	0.000	0.000	0.000
39	P	0.000	0.000	0.000	0.000	0.000
40	L	0.000	0.000	0.000	0.000	0.000
>XP_001389243.2
pos	aa	C	S	n-reg	h-reg	c-reg
1	M	0.000	0.000	0.000	0.000	0.000
2	P	0.000	0.000	0.000	0.000	0.000
3	R	0.000	0.000	0.000	0.000	0.000
4	K	0.000	0.000	0.000	0.000	0.000
5	K	0.000	0.000	0.000	0.000	0.000
6	T	0.000	0.000	0.000	0.000	0.000
7	L	0.000	0.000	0.000	0.000	0.000
8	A	0.000	0.000	0.000	0.000	0.000
9	N	0.000	0.000	0.000	0.000	0.000
10	H	0.000	0.000	0.000	0.000	0.000
11	K	0.000	0.000	0.000	0.000	0.000
12	L	0.000	0.000	0.000	0.000	0.000
13	S	0.000	0.000	0.000	0.000	0.000
14	Y	0.000	0.000	0.000	0.000	0.000
15	Y	0.000	0.000	0.000	0.000	0.000
16	F	0.000	0.000	0.000	0.000	0.000
17	T	0.000	0.000	0.000	0.000	0.000
18	K	0.000	0.000	0.000	0.000	0.000
19	A	0.000	0.000	0.000	0.000	0.000
20	L	0.000	0.000	0.000	0.000	0.000
21	L	0.000	0.000	0.000	0.000	0.000
22	T	0.000	0.000	0.000	0.000	0.000
23	I	0.000	0.000	0.000	0.000	0.000
24	W	0.000	0.000	0.000	0.000	0.000
25	G	0.000	0.000	0.000	0.000	0.000
26	L	0.000	0.000	0.000	0.000	0.000
27	L	0.000	0.000	0.000	0.000	0.000
28	V	0.000	0.000	0.000	0.000	0.000
29	A	0.000	0.000	0.000	0.000	0.000
30	A	0.000	0.000	0.000	0.000	0.000
31	K	0.000	0.000	0.000	0.000	0.000
32	I	0.000	0.000	0.000	0.000	0.000
33	D	0.000	0.000	0.000	0.000	0.000
34	K	0.000	0.000	0.000	0.000	0.000
35	L	0.000	0.000	0.000	0.000	0.000
36	S	0.000	0.000	0.000	0.000	0.000
37	I	0.000	0.000	0.000	0.000	0.000
38	L	0.000	0.000	0.000	0.000	0.000
39	G	0.000	0.000	0.000	0.000	0.000
40	V	0.000	0.000	0.000	0.000	0.000
>XP_001389260.1
pos	aa	C	S	n-reg	h-reg	c-reg
1	M	0.000	0.939	0.939	0.000	0.000
2	T	0.000	0.940	0.940	0.000	0.000
3	L	0.000	0.940	0.940	0.000	0.000
4	E	0.000	0.940	0.940	0.000	0.000
5	G	0.000	0.940	0.940	0.000	0.000
6	S	0.000	0.940	0.940	0.001	0.000
7	E	0.000	0.940	0.936	0.004	0.000
8	S	0.000	0.940	0.855	0.085	0.000
9	L	0.000	0.940	0.645	0.295	0.000
10	S	0.000	0.940	0.575	0.365	0.000
11	V	0.000	0.940	0.239	0.701	0.000
12	A	0.000	0.940	0.110	0.830	0.000
13	F	0.000	0.940	0.057	0.883	0.000
14	L	0.000	0.940	0.029	0.911	0.000
15	S	0.000	0.940	0.021	0.918	0.000
16	S	0.000	0.940	0.017	0.922	0.001
17	V	0.000	0.940	0.006	0.932	0.002
18	L	0.000	0.940	0.001	0.935	0.004
19	L	0.000	0.940	0.001	0.891	0.048
20	P	0.000	0.940	0.001	0.639	0.300
21	V	0.001	0.939	0.000	0.574	0.365
22	F	0.000	0.939	0.000	0.470	0.469
23	P	0.000	0.939	0.000	0.046	0.893
24	S	0.015	0.923	0.000	0.032	0.892
25	I	0.001	0.923	0.000	0.027	0.896
26	L	0.000	0.923	0.000	0.021	0.902
27	A	0.007	0.916	0.000	0.014	0.901
28	A	0.692	0.224	0.000	0.012	0.212
29	C	0.157	0.066	0.000	0.002	0.064
30	R	0.031	0.034	0.000	0.000	0.034
31	T	0.000	0.034	0.000	0.000	0.034
32	V	0.006	0.028	0.000	0.000	0.028
33	G	0.000	0.028	0.000	0.000	0.028
34	Q	0.026	0.002	0.000	0.000	0.002
35	F	0.001	0.001	0.000	0.000	0.001
36	T	0.000	0.001	0.000	0.000	0.001
37	G	0.000	0.001	0.000	0.000	0.001
38	Q	0.001	0.000	0.000	0.000	0.000
39	Y	0.000	0.000	0.000	0.000	0.000
40	V	0.000	0.000	0.000	0.000	0.000
>XP_001389264.1
pos	aa	C	S	n-reg	h-reg	c-reg
1	M	0.000	0.819	0.819	0.000	0.000
2	R	0.000	0.819	0.819	0.000	0.000
3	F	0.000	0.819	0.808	0.011	0.000
4	N	0.000	0.819	0.797	0.022	0.000
5	A	0.000	0.819	0.729	0.089	0.000
6	A	0.000	0.819	0.593	0.226	0.000
7	L	0.000	0.819	0.223	0.596	0.000
8	T	0.000	0.819	0.170	0.649	0.000
9	S	0.000	0.819	0.131	0.687	0.000
10	A	0.000	0.819	0.063	0.755	0.000
11	L	0.000	0.819	0.001	0.816	0.002
12	V	0.000	0.819	0.000	0.815	0.004
13	S	0.000	0.819	0.000	0.803	0.016
14	S	0.000	0.819	0.000	0.793	0.026
15	A	0.001	0.818	0.000	0.726	0.092
16	S	0.005	0.813	0.000	0.632	0.181
17	I	0.001	0.812	0.000	0.601	0.211
18	M	0.000	0.812	0.000	0.524	0.288
19	G	0.000	0.812	0.000	0.008	0.804
20	Y	0.008	0.804	0.000	0.001	0.803
21	A	0.000	0.804	0.000	0.000	0.804
22	H	0.014	0.790	0.000	0.000	0.790
23	A	0.000	0.790	0.000	0.000	0.790
24	E	0.790	0.000	0.000	0.000	0.000
25	E	0.000	0.000	0.000	0.000	0.000
26	T	0.000	0.000	0.000	0.000	0.000
27	E	0.000	0.000	0.000	0.000	0.000
28	K	0.000	0.000	0.000	0.000	0.000
29	K	0.000	0.000	0.000	0.000	0.000
30	P	0.000	0.000	0.000	0.000	0.000
31	E	0.000	0.000	0.000	0.000	0.000
32	T	0.000	0.000	0.000	0.000	0.000
33	T	0.000	0.000	0.000	0.000	0.000
34	S	0.000	0.000	0.000	0.000	0.000
35	L	0.000	0.000	0.000	0.000	0.000
36	A	0.000	0.000	0.000	0.000	0.000
37	E	0.000	0.000	0.000	0.000	0.000
38	K	0.000	0.000	0.000	0.000	0.000
39	P	0.000	0.000	0.000	0.000	0.000
40	T	0.000	0.000	0.000	0.000	0.000
>XP_001389268.2
pos	aa	C	S	n-reg	h-reg	c-reg
1	M	0.000	0.993	0.993	0.000	0.000
2	G	0.000	0.993	0.993	0.000	0.000
3	R	0.000	0.993	0.993	0.000	0.000
4	D	0.000	0.993	0.987	0.006	0.000
5	V	0.000	0.993	0.874	0.118	0.000
6	V	0.000	0.993	0.684	0.309	0.000
7	F	0.000	0.993	0.495	0.498	0.000
8	L	0.000	0.993	0.240	0.753	0.000
9	L	0.000	0.993	0.048	0.944	0.000
10	L	0.000	0.993	0.008	0.985	0.000
11	L	0.000	0.993	0.003	0.990	0.000
12	A	0.000	0.993	0.001	0.991	0.001
13	A	0.000	0.993	0.000	0.985	0.008
14	I	0.000	0.993	0.000	0.979	0.014
15	P	0.000	0.993	0.000	0.938	0.055
16	A	0.000	0.992	0.000	0.888	0.104
17	L	0.001	0.991	0.000	0.819	0.172
18	V	0.000	0.991	0.000	0.711	0.280
19	L	0.000	0.991	0.000	0.609	0.382
20	L	0.005	0.986	0.000	0.258	0.728
21	H	0.036	0.950	0.000	0.003	0.947
22	L	0.000	0.950	0.000	0.000	0.950
23	A	0.036	0.915	0.000	0.000	0.915
24	A	0.064	0.850	0.000	0.000	0.850
25	A	0.507	0.343	0.000	0.000	0.343
26	P	0.320	0.023	0.000	0.000	0.023
27	Y	0.015	0.008	0.000	0.000	0.008
28	T	0.000	0.008	0.000	0.000	0.008
29	K	0.008	0.000	0.000	0.000	0.000
30	V	0.000	0.000	0.000	0.000	0.000
31	E	0.000	0.000	0.000	0.000	0.000
32	E	0.000	0.000	0.000	0.000	0.000
33	S	0.000	0.000	0.000	0.000	0.000
34	F	0.000	0.000	0.000	0.000	0.000
35	H	0.000	0.000	0.000	0.000	0.000
36	I	0.000	0.000	0.000	0.000	0.000
37	Q	0.000	0.000	0.000	0.000	0.000
38	A	0.000	0.000	0.000	0.000	0.000
39	I	0.000	0.000	0.000	0.000	0.000
40	H	0.000	0.000	0.000	0.000	0.000
>XP_001389269.2
pos	aa	C	S	n-reg	h-reg	c-reg
1	M	0.000	0.917	0.917	0.000	0.000
2	F	0.000	0.973	0.973	0.000	0.000
3	F	0.000	0.973	0.972	0.001	0.000
4	F	0.000	0.973	0.970	0.003	0.000
5	G	0.000	0.973	0.967	0.006	0.000
6	L	0.000	0.973	0.946	0.027	0.000
7	G	0.000	0.973	0.942	0.032	0.000
8	K	0.000	0.973	0.937	0.036	0.000
9	L	0.000	0.973	0.193	0.780	0.000
10	V	0.000	0.973	0.058	0.915	0.000
11	Y	0.000	0.973	0.037	0.936	0.000
12	V	0.000	0.973	0.008	0.965	0.000
13	I	0.000	0.973	0.001	0.972	0.000
14	I	0.000	0.973	0.000	0.973	0.000
15	L	0.000	0.973	0.000	0.972	0.001
16	L	0.000	0.973	0.000	0.969	0.004
17	I	0.000	0.973	0.000	0.704	0.269
18	N	0.000	0.973	0.000	0.398	0.575
19	S	0.000	0.973	0.000	0.353	0.620
20	L	0.008	0.966	0.000	0.189	0.777
21	A	0.004	0.959	0.000	0.086	0.873
22	V	0.221	0.735	0.000	0.059	0.676
23	L	0.000	0.726	0.000	0.047	0.679
24	S	0.045	0.652	0.000	0.015	0.637
25	E	0.621	0.017	0.000	0.000	0.017
26	D	0.000	0.017	0.000	0.000	0.017
27	R	0.000	0.017	0.000	0.000	0.017
28	F	0.000	0.017	0.000	0.000	0.017
29	L	0.000	0.017	0.000	0.000	0.017
30	A	0.001	0.016	0.000	0.000	0.016
31	R	0.003	0.013	0.000	0.000	0.013
32	I	0.000	0.013	0.000	0.000	0.013
33	G	0.000	0.013	0.000	0.000	0.013
34	W	0.000	0.013	0.000	0.000	0.013
35	G	0.000	0.013	0.000	0.000	0.013
36	R	0.005	0.007	0.000	0.000	0.007
37	T	0.000	0.007	0.000	0.000	0.007
38	Q	0.007	0.000	0.000	0.000	0.000
39	N	0.000	0.000	0.000	0.000	0.000
40	D	0.000	0.000	0.000	0.000	0.000
