>XP_001397473.2
pos	aa	C	S	n-reg	h-reg	c-reg
1	M	0.000	0.976	0.976	0.000	0.000
2	V	0.000	0.976	0.976	0.000	0.000
3	S	0.000	0.976	0.976	0.000	0.000
4	P	0.000	0.976	0.976	0.000	0.000
5	K	0.000	0.976	0.976	0.000	0.000
6	G	0.000	0.976	0.974	0.002	0.000
7	K	0.000	0.976	0.964	0.012	0.000
8	V	0.000	0.976	0.309	0.667	0.000
9	F	0.000	0.976	0.134	0.842	0.000
10	L	0.000	0.976	0.035	0.941	0.000
11	I	0.000	0.976	0.009	0.968	0.000
12	A	0.000	0.976	0.006	0.970	0.000
13	G	0.000	0.976	0.004	0.972	0.000
14	L	0.000	0.976	0.000	0.976	0.000
15	V	0.000	0.976	0.000	0.975	0.001
16	A	0.000	0.976	0.000	0.896	0.080
17	L	0.000	0.976	0.000	0.854	0.122
18	A	0.000	0.976	0.000	0.779	0.197
19	G	0.004	0.972	0.000	0.097	0.875
20	L	0.001	0.971	0.000	0.068	0.903
21	L	0.002	0.969	0.000	0.045	0.924
22	Y	0.006	0.963	0.000	0.009	0.954
23	G	0.000	0.962	0.000	0.002	0.960
24	L	0.883	0.080	0.000	0.001	0.078
25	D	0.000	0.079	0.000	0.000	0.079
26	T	0.000	0.079	0.000	0.000	0.079
27	G	0.045	0.034	0.000	0.000	0.034
28	S	0.016	0.018	0.000	0.000	0.018
29	I	0.004	0.014	0.000	0.000	0.014
30	G	0.000	0.014	0.000	0.000	0.014
31	P	0.010	0.004	0.000	0.000	0.004
32	V	0.000	0.004	0.000	0.000	0.004
33	T	0.000	0.004	0.000	0.000	0.004
34	Q	0.000	0.004	0.000	0.000	0.004
35	M	0.004	0.000	0.000	0.000	0.000
36	P	0.000	0.000	0.000	0.000	0.000
37	Q	0.000	0.000	0.000	0.000	0.000
38	F	0.000	0.000	0.000	0.000	0.000
39	E	0.000	0.000	0.000	0.000	0.000
40	S	0.000	0.000	0.000	0.000	0.000
>XP_001397486.1
pos	aa	C	S	n-reg	h-reg	c-reg
1	M	0.000	0.995	0.995	0.000	0.000
2	H	0.000	0.995	0.995	0.000	0.000
3	S	0.000	0.995	0.994	0.000	0.000
4	L	0.000	0.995	0.992	0.002	0.000
5	Q	0.000	0.995	0.992	0.003	0.000
6	S	0.000	0.995	0.988	0.007	0.000
7	S	0.000	0.995	0.982	0.013	0.000
8	R	0.000	0.995	0.971	0.024	0.000
9	L	0.000	0.995	0.176	0.818	0.000
10	C	0.000	0.995	0.050	0.944	0.000
11	L	0.000	0.995	0.014	0.981	0.000
12	A	0.000	0.995	0.005	0.990	0.000
13	L	0.000	0.995	0.001	0.994	0.000
14	M	0.000	0.995	0.000	0.993	0.001
15	A	0.000	0.995	0.000	0.991	0.004
16	M	0.000	0.995	0.000	0.984	0.011
17	S	0.000	0.995	0.000	0.833	0.162
18	L	0.000	0.995	0.000	0.808	0.187
19	A	0.000	0.995	0.000	0.766	0.229
20	L	0.007	0.988	0.000	0.349	0.638
21	P	0.000	0.988	0.000	0.029	0.959
22	A	0.032	0.955	0.000	0.005	0.951
23	S	0.001	0.954	0.000	0.001	0.953
24	A	0.002	0.952	0.000	0.001	0.951
25	E	0.849	0.103	0.000	0.000	0.103
26	K	0.000	0.103	0.000	0.000	0.103
27	V	0.000	0.103	0.000	0.000	0.103
28	L	0.000	0.103	0.000	0.000	0.103
29	G	0.000	0.103	0.000	0.000	0.103
30	A	0.102	0.001	0.000	0.000	0.001
31	Y	0.001	0.000	0.000	0.000	0.000
32	I	0.000	0.000	0.000	0.000	0.000
33	F	0.000	0.000	0.000	0.000	0.000
34	A	0.000	0.000	0.000	0.000	0.000
35	R	0.000	0.000	0.000	0.000	0.000
36	H	0.000	0.000	0.000	0.000	0.000
37	G	0.000	0.000	0.000	0.000	0.000
38	D	0.000	0.000	0.000	0.000	0.000
39	R	0.000	0.000	0.000	0.000	0.000
40	T	0.000	0.000	0.000	0.000	0.000
>XP_001397487.1
pos	aa	C	S	n-reg	h-reg	c-reg
1	M	0.000	0.994	0.994	0.000	0.000
2	Q	0.000	0.997	0.997	0.000	0.000
3	F	0.000	0.997	0.989	0.008	0.000
4	L	0.000	0.997	0.979	0.018	0.000
5	I	0.000	0.997	0.977	0.020	0.000
6	R	0.000	0.997	0.972	0.024	0.000
7	L	0.000	0.997	0.506	0.491	0.000
8	T	0.000	0.997	0.431	0.566	0.000
9	V	0.000	0.997	0.236	0.760	0.000
10	A	0.000	0.997	0.124	0.873	0.000
11	A	0.000	0.997	0.050	0.947	0.000
12	L	0.000	0.997	0.012	0.985	0.000
13	L	0.000	0.997	0.002	0.995	0.000
14	V	0.000	0.997	0.000	0.994	0.002
15	L	0.000	0.997	0.000	0.965	0.032
16	T	0.000	0.997	0.000	0.932	0.065
17	V	0.001	0.996	0.000	0.909	0.087
18	L	0.000	0.996	0.000	0.729	0.267
19	W	0.001	0.995	0.000	0.388	0.607
20	V	0.000	0.994	0.000	0.339	0.655
21	G	0.000	0.993	0.000	0.126	0.868
22	S	0.017	0.976	0.000	0.019	0.957
23	Q	0.336	0.639	0.000	0.004	0.635
24	V	0.249	0.390	0.000	0.003	0.387
25	S	0.000	0.390	0.000	0.001	0.389
26	I	0.060	0.330	0.000	0.001	0.329
27	V	0.000	0.330	0.000	0.000	0.329
28	Q	0.000	0.329	0.000	0.000	0.329
29	P	0.001	0.329	0.000	0.000	0.329
30	Q	0.328	0.000	0.000	0.000	0.000
31	Q	0.000	0.000	0.000	0.000	0.000
32	E	0.000	0.000	0.000	0.000	0.000
33	I	0.000	0.000	0.000	0.000	0.000
34	I	0.000	0.000	0.000	0.000	0.000
35	P	0.000	0.000	0.000	0.000	0.000
36	E	0.000	0.000	0.000	0.000	0.000
37	T	0.000	0.000	0.000	0.000	0.000
38	N	0.000	0.000	0.000	0.000	0.000
39	P	0.000	0.000	0.000	0.000	0.000
40	V	0.000	0.000	0.000	0.000	0.000
>XP_001397491.1
pos	aa	C	S	n-reg	h-reg	c-reg
1	M	0.000	0.989	0.989	0.000	0.000
2	H	0.000	0.989	0.989	0.000	0.000
3	F	0.000	0.989	0.981	0.008	0.000
4	H	0.000	0.989	0.975	0.013	0.000
5	L	0.000	0.989	0.912	0.077	0.000
6	I	0.000	0.989	0.865	0.124	0.000
7	P	0.000	0.989	0.831	0.158	0.000
8	A	0.000	0.989	0.453	0.536	0.000
9	L	0.000	0.989	0.068	0.921	0.000
10	L	0.000	0.989	0.022	0.967	0.000
11	A	0.000	0.989	0.010	0.978	0.001
12	I	0.000	0.989	0.000	0.987	0.002
13	T	0.000	0.989	0.000	0.976	0.013
14	T	0.000	0.989	0.000	0.963	0.026
15	N	0.000	0.989	0.000	0.956	0.033
16	L	0.000	0.989	0.000	0.940	0.049
17	L	0.002	0.987	0.000	0.865	0.122
18	L	0.001	0.986	0.000	0.813	0.173
19	T	0.005	0.981	0.000	0.736	0.245
20	P	0.001	0.980	0.000	0.008	0.972
21	L	0.000	0.980	0.000	0.003	0.977
22	V	0.001	0.979	0.000	0.000	0.979
23	R	0.000	0.979	0.000	0.000	0.979
24	A	0.000	0.979	0.000	0.000	0.979
25	D	0.979	0.000	0.000	0.000	0.000
26	N	0.000	0.000	0.000	0.000	0.000
27	D	0.000	0.000	0.000	0.000	0.000
28	L	0.000	0.000	0.000	0.000	0.000
29	D	0.000	0.000	0.000	0.000	0.000
30	S	0.000	0.000	0.000	0.000	0.000
31	D	0.000	0.000	0.000	0.000	0.000
32	D	0.000	0.000	0.000	0.000	0.000
33	V	0.000	0.000	0.000	0.000	0.000
34	P	0.000	0.000	0.000	0.000	0.000
35	D	0.000	0.000	0.000	0.000	0.000
36	R	0.000	0.000	0.000	0.000	0.000
37	C	0.000	0.000	0.000	0.000	0.000
38	W	0.000	0.000	0.000	0.000	0.000
39	S	0.000	0.000	0.000	0.000	0.000
40	V	0.000	0.000	0.000	0.000	0.000
>XP_001397498.1
pos	aa	C	S	n-reg	h-reg	c-reg
1	M	0.000	1.000	1.000	0.000	0.000
2	H	0.000	1.000	1.000	0.000	0.000
3	L	0.000	1.000	0.999	0.001	0.000
4	S	0.000	1.000	0.998	0.001	0.000
5	T	0.000	1.000	0.997	0.003	0.000
6	K	0.000	1.000	0.994	0.005	0.000
7	S	0.000	1.000	0.577	0.422	0.000
8	L	0.000	1.000	0.101	0.899	0.000
9	L	0.000	1.000	0.033	0.966	0.000
10	S	0.000	1.000	0.020	0.980	0.000
11	L	0.000	1.000	0.002	0.998	0.000
12	L	0.000	1.000	0.000	0.999	0.000
13	P	0.000	1.000	0.000	0.999	0.000
14	L	0.000	1.000	0.000	0.999	0.000
15	L	0.000	1.000	0.000	0.977	0.023
16	P	0.000	1.000	0.000	0.644	0.356
17	L	0.000	1.000	0.000	0.604	0.396
18	A	0.000	1.000	0.000	0.430	0.570
19	S	0.001	0.999	0.000	0.102	0.897
20	A	0.004	0.995	0.000	0.006	0.989
21	V	0.224	0.771	0.000	0.002	0.770
22	G	0.000	0.771	0.000	0.001	0.771
23	S	0.127	0.644	0.000	0.000	0.644
24	A	0.444	0.200	0.000	0.000	0.200
25	I	0.197	0.003	0.000	0.000	0.003
26	V	0.000	0.003	0.000	0.000	0.003
27	Q	0.000	0.003	0.000	0.000	0.003
28	N	0.002	0.001	0.000	0.000	0.001
29	N	0.000	0.001	0.000	0.000	0.001
30	C	0.000	0.001	0.000	0.000	0.001
31	T	0.001	0.000	0.000	0.000	0.000
32	S	0.000	0.000	0.000	0.000	0.000
33	P	0.000	0.000	0.000	0.000	0.000
34	I	0.000	0.000	0.000	0.000	0.000
35	Y	0.000	0.000	0.000	0.000	0.000
36	L	0.000	0.000	0.000	0.000	0.000
37	W	0.000	0.000	0.000	0.000	0.000
38	S	0.000	0.000	0.000	0.000	0.000
39	V	0.000	0.000	0.000	0.000	0.000
40	G	0.000	0.000	0.000	0.000	0.000
>XP_001397501.1
pos	aa	C	S	n-reg	h-reg	c-reg
1	M	0.000	1.000	1.000	0.000	0.000
2	F	0.000	1.000	1.000	0.000	0.000
3	S	0.000	1.000	0.997	0.002	0.000
4	G	0.000	1.000	0.993	0.007	0.000
5	R	0.000	1.000	0.987	0.013	0.000
6	F	0.000	1.000	0.367	0.633	0.000
7	G	0.000	1.000	0.120	0.879	0.000
8	V	0.000	1.000	0.040	0.960	0.000
9	L	0.000	1.000	0.002	0.998	0.000
10	L	0.000	1.000	0.001	0.999	0.000
11	T	0.000	1.000	0.000	0.999	0.000
12	A	0.000	1.000	0.000	0.999	0.001
13	L	0.000	1.000	0.000	0.998	0.002
14	A	0.000	1.000	0.000	0.891	0.108
15	A	0.000	1.000	0.000	0.383	0.617
16	L	0.000	1.000	0.000	0.324	0.676
17	S	0.000	1.000	0.000	0.029	0.971
18	A	0.003	0.997	0.000	0.017	0.980
19	A	0.033	0.964	0.000	0.011	0.952
20	A	0.721	0.243	0.000	0.004	0.239
21	P	0.015	0.228	0.000	0.000	0.228
22	T	0.196	0.032	0.000	0.000	0.032
23	P	0.002	0.030	0.000	0.000	0.030
24	L	0.002	0.028	0.000	0.000	0.028
25	D	0.012	0.016	0.000	0.000	0.016
26	V	0.000	0.016	0.000	0.000	0.016
27	R	0.000	0.016	0.000	0.000	0.016
28	S	0.000	0.016	0.000	0.000	0.016
29	V	0.012	0.004	0.000	0.000	0.004
30	S	0.000	0.004	0.000	0.000	0.004
31	T	0.000	0.004	0.000	0.000	0.004
32	S	0.002	0.002	0.000	0.000	0.002
33	T	0.000	0.002	0.000	0.000	0.002
34	L	0.000	0.002	0.000	0.000	0.002
35	D	0.000	0.002	0.000	0.000	0.002
36	E	0.000	0.002	0.000	0.000	0.002
37	L	0.000	0.002	0.000	0.000	0.002
38	Q	0.000	0.002	0.000	0.000	0.002
39	L	0.000	0.002	0.000	0.000	0.002
40	F	0.000	0.002	0.000	0.000	0.002
>XP_001397515.2
pos	aa	C	S	n-reg	h-reg	c-reg
1	M	0.000	0.007	0.007	0.000	0.000
2	T	0.000	0.007	0.007	0.000	0.000
3	L	0.000	0.007	0.007	0.000	0.000
4	Q	0.000	0.007	0.007	0.001	0.000
5	T	0.000	0.007	0.006	0.001	0.000
6	Y	0.000	0.007	0.004	0.004	0.000
7	L	0.000	0.007	0.001	0.006	0.000
8	I	0.000	0.007	0.000	0.007	0.000
9	A	0.000	0.007	0.000	0.007	0.000
10	I	0.000	0.007	0.000	0.007	0.000
11	I	0.000	0.007	0.000	0.007	0.000
12	T	0.000	0.007	0.000	0.007	0.000
13	Y	0.000	0.007	0.000	0.007	0.000
14	F	0.000	0.007	0.000	0.006	0.001
15	G	0.000	0.007	0.000	0.005	0.002
16	F	0.000	0.007	0.000	0.004	0.003
17	S	0.000	0.007	0.000	0.002	0.006
18	S	0.000	0.007	0.000	0.001	0.006
19	F	0.000	0.007	0.000	0.000	0.007
20	H	0.000	0.007	0.000	0.000	0.007
21	A	0.000	0.007	0.000	0.000	0.007
22	S	0.003	0.004	0.000	0.000	0.004
23	Q	0.001	0.003	0.000	0.000	0.003
24	Q	0.001	0.002	0.000	0.000	0.002
25	P	0.001	0.001	0.000	0.000	0.001
26	S	0.000	0.001	0.000	0.000	0.001
27	L	0.000	0.001	0.000	0.000	0.001
28	Q	0.000	0.001	0.000	0.000	0.001
29	Y	0.001	0.000	0.000	0.000	0.000
30	P	0.000	0.000	0.000	0.000	0.000
31	L	0.000	0.000	0.000	0.000	0.000
32	Q	0.000	0.000	0.000	0.000	0.000
33	L	0.000	0.000	0.000	0.000	0.000
34	D	0.000	0.000	0.000	0.000	0.000
35	D	0.000	0.000	0.000	0.000	0.000
36	A	0.000	0.000	0.000	0.000	0.000
37	D	0.000	0.000	0.000	0.000	0.000
38	L	0.000	0.000	0.000	0.000	0.000
39	T	0.000	0.000	0.000	0.000	0.000
40	P	0.000	0.000	0.000	0.000	0.000
>XP_001397532.2
pos	aa	C	S	n-reg	h-reg	c-reg
1	M	0.000	0.028	0.028	0.000	0.000
2	C	0.000	0.028	0.028	0.000	0.000
3	V	0.000	0.028	0.023	0.006	0.000
4	N	0.000	0.028	0.019	0.009	0.000
5	F	0.000	0.028	0.009	0.019	0.000
6	V	0.000	0.028	0.009	0.020	0.000
7	L	0.000	0.028	0.009	0.020	0.000
8	P	0.000	0.028	0.009	0.020	0.000
9	L	0.000	0.028	0.009	0.020	0.000
10	A	0.000	0.028	0.009	0.020	0.000
11	I	0.000	0.028	0.009	0.019	0.001
12	Q	0.000	0.028	0.008	0.014	0.006
13	R	0.000	0.028	0.008	0.001	0.019
14	P	0.000	0.028	0.007	0.001	0.020
15	I	0.000	0.028	0.001	0.007	0.020
16	A	0.000	0.028	0.000	0.009	0.020
17	G	0.002	0.027	0.000	0.009	0.018
18	L	0.014	0.013	0.000	0.009	0.004
19	L	0.002	0.011	0.000	0.009	0.002
20	I	0.002	0.009	0.000	0.008	0.000
21	M	0.000	0.009	0.000	0.008	0.000
22	V	0.000	0.009	0.000	0.008	0.000
23	T	0.000	0.009	0.000	0.004	0.005
24	E	0.000	0.009	0.000	0.000	0.008
25	E	0.000	0.009	0.000	0.000	0.008
26	Y	0.000	0.009	0.000	0.000	0.008
27	P	0.000	0.009	0.000	0.000	0.008
28	A	0.001	0.008	0.000	0.000	0.008
29	M	0.000	0.008	0.000	0.000	0.007
30	S	0.000	0.008	0.000	0.000	0.008
31	G	0.002	0.006	0.000	0.000	0.006
32	G	0.002	0.003	0.000	0.000	0.003
33	N	0.001	0.002	0.000	0.000	0.002
34	A	0.000	0.002	0.000	0.000	0.002
35	I	0.001	0.001	0.000	0.000	0.001
36	A	0.000	0.001	0.000	0.000	0.001
37	T	0.001	0.000	0.000	0.000	0.000
38	T	0.000	0.000	0.000	0.000	0.000
39	T	0.000	0.000	0.000	0.000	0.000
40	V	0.000	0.000	0.000	0.000	0.000
>XP_001397538.2
pos	aa	C	S	n-reg	h-reg	c-reg
1	M	0.000	0.564	0.564	0.000	0.000
2	I	0.000	0.564	0.564	0.000	0.000
3	Y	0.000	0.564	0.544	0.020	0.000
4	V	0.000	0.564	0.492	0.072	0.000
5	N	0.000	0.564	0.483	0.081	0.000
6	Y	0.000	0.564	0.327	0.237	0.000
7	I	0.000	0.564	0.009	0.555	0.000
8	L	0.000	0.564	0.001	0.563	0.000
9	G	0.000	0.564	0.000	0.564	0.000
10	L	0.000	0.564	0.000	0.564	0.000
11	L	0.000	0.564	0.000	0.564	0.000
12	S	0.000	0.564	0.000	0.558	0.005
13	L	0.000	0.564	0.000	0.556	0.007
14	L	0.000	0.564	0.000	0.536	0.027
15	H	0.000	0.564	0.000	0.057	0.507
16	T	0.000	0.564	0.000	0.021	0.543
17	A	0.001	0.563	0.000	0.007	0.556
18	V	0.000	0.563	0.000	0.001	0.561
19	A	0.000	0.563	0.000	0.000	0.563
20	T	0.441	0.121	0.000	0.000	0.121
21	A	0.058	0.064	0.000	0.000	0.064
22	P	0.041	0.023	0.000	0.000	0.023
23	D	0.023	0.000	0.000	0.000	0.000
24	Y	0.000	0.000	0.000	0.000	0.000
25	V	0.000	0.000	0.000	0.000	0.000
26	V	0.000	0.000	0.000	0.000	0.000
27	V	0.000	0.000	0.000	0.000	0.000
28	D	0.000	0.000	0.000	0.000	0.000
29	Q	0.000	0.000	0.000	0.000	0.000
30	L	0.000	0.000	0.000	0.000	0.000
31	N	0.000	0.000	0.000	0.000	0.000
32	S	0.000	0.000	0.000	0.000	0.000
33	I	0.000	0.000	0.000	0.000	0.000
34	P	0.000	0.000	0.000	0.000	0.000
35	D	0.000	0.000	0.000	0.000	0.000
36	G	0.000	0.000	0.000	0.000	0.000
37	W	0.000	0.000	0.000	0.000	0.000
38	T	0.000	0.000	0.000	0.000	0.000
39	K	0.000	0.000	0.000	0.000	0.000
40	G	0.000	0.000	0.000	0.000	0.000
>XP_001397541.2
pos	aa	C	S	n-reg	h-reg	c-reg
1	M	0.000	0.141	0.141	0.000	0.000
2	A	0.000	0.141	0.141	0.000	0.000
3	A	0.000	0.141	0.126	0.016	0.000
4	Q	0.000	0.141	0.115	0.027	0.000
5	T	0.000	0.141	0.073	0.069	0.000
6	V	0.000	0.141	0.015	0.126	0.000
7	L	0.000	0.141	0.002	0.139	0.000
8	L	0.000	0.141	0.000	0.141	0.000
9	F	0.000	0.141	0.000	0.141	0.000
10	L	0.000	0.141	0.000	0.141	0.000
11	A	0.000	0.141	0.000	0.135	0.007
12	F	0.000	0.141	0.000	0.127	0.014
13	E	0.000	0.141	0.000	0.099	0.043
14	S	0.000	0.141	0.000	0.069	0.072
15	V	0.000	0.141	0.000	0.065	0.076
16	I	0.000	0.141	0.000	0.050	0.091
17	R	0.000	0.141	0.000	0.008	0.133
18	G	0.000	0.141	0.000	0.005	0.136
19	P	0.057	0.084	0.000	0.000	0.084
20	S	0.001	0.083	0.000	0.000	0.083
21	T	0.014	0.069	0.000	0.000	0.069
22	D	0.008	0.061	0.000	0.000	0.061
23	G	0.000	0.061	0.000	0.000	0.061
24	G	0.061	0.000	0.000	0.000	0.000
25	P	0.000	0.000	0.000	0.000	0.000
26	M	0.000	0.000	0.000	0.000	0.000
27	C	0.000	0.000	0.000	0.000	0.000
28	N	0.000	0.000	0.000	0.000	0.000
29	L	0.000	0.000	0.000	0.000	0.000
30	R	0.000	0.000	0.000	0.000	0.000
31	F	0.000	0.000	0.000	0.000	0.000
32	R	0.000	0.000	0.000	0.000	0.000
33	S	0.000	0.000	0.000	0.000	0.000
34	S	0.000	0.000	0.000	0.000	0.000
35	D	0.000	0.000	0.000	0.000	0.000
36	N	0.000	0.000	0.000	0.000	0.000
37	S	0.000	0.000	0.000	0.000	0.000
38	S	0.000	0.000	0.000	0.000	0.000
39	I	0.000	0.000	0.000	0.000	0.000
40	I	0.000	0.000	0.000	0.000	0.000
>XP_001397543.1
pos	aa	C	S	n-reg	h-reg	c-reg
1	M	0.000	0.955	0.955	0.000	0.000
2	G	0.000	0.955	0.955	0.000	0.000
3	I	0.000	0.955	0.661	0.294	0.000
4	W	0.000	0.955	0.501	0.454	0.000
5	I	0.000	0.955	0.296	0.659	0.000
6	W	0.000	0.955	0.163	0.792	0.000
7	C	0.000	0.955	0.030	0.926	0.000
8	L	0.000	0.955	0.010	0.945	0.000
9	G	0.000	0.955	0.004	0.951	0.000
10	L	0.000	0.955	0.003	0.952	0.000
11	V	0.000	0.955	0.003	0.909	0.043
12	L	0.000	0.955	0.002	0.848	0.104
13	G	0.000	0.955	0.002	0.729	0.224
14	L	0.015	0.940	0.002	0.637	0.301
15	S	0.000	0.940	0.002	0.344	0.593
16	L	0.040	0.900	0.002	0.235	0.663
17	K	0.054	0.846	0.002	0.023	0.821
18	N	0.000	0.846	0.002	0.004	0.840
19	L	0.000	0.846	0.002	0.003	0.842
20	P	0.003	0.843	0.002	0.001	0.840
21	F	0.023	0.820	0.002	0.001	0.817
22	M	0.000	0.820	0.002	0.001	0.818
23	W	0.000	0.820	0.002	0.001	0.818
24	H	0.000	0.820	0.002	0.001	0.818
25	F	0.000	0.820	0.002	0.001	0.818
26	R	0.000	0.820	0.002	0.001	0.818
27	F	0.000	0.820	0.001	0.002	0.818
28	F	0.000	0.820	0.000	0.002	0.818
29	G	0.000	0.820	0.000	0.002	0.818
30	A	0.001	0.820	0.000	0.002	0.818
31	L	0.002	0.817	0.000	0.002	0.815
32	A	0.001	0.817	0.000	0.002	0.815
33	M	0.199	0.617	0.000	0.002	0.615
34	G	0.000	0.617	0.000	0.002	0.615
35	Y	0.173	0.444	0.000	0.001	0.443
36	F	0.000	0.444	0.000	0.001	0.443
37	T	0.000	0.444	0.000	0.001	0.444
38	R	0.000	0.444	0.000	0.000	0.444
39	R	0.000	0.444	0.000	0.000	0.444
40	R	0.000	0.444	0.000	0.000	0.444
>XP_001397553.2
pos	aa	C	S	n-reg	h-reg	c-reg
1	M	0.000	0.936	0.936	0.000	0.000
2	I	0.000	0.970	0.970	0.000	0.000
3	N	0.000	0.970	0.970	0.000	0.000
4	R	0.000	0.970	0.970	0.000	0.000
5	T	0.000	0.970	0.969	0.001	0.000
6	L	0.000	0.970	0.967	0.003	0.000
7	L	0.000	0.970	0.966	0.004	0.000
8	P	0.000	0.970	0.966	0.004	0.000
9	S	0.000	0.970	0.965	0.005	0.000
10	W	0.000	0.970	0.960	0.010	0.000
11	V	0.000	0.970	0.951	0.018	0.000
12	R	0.000	0.970	0.948	0.022	0.000
13	I	0.000	0.970	0.322	0.647	0.000
14	L	0.000	0.970	0.077	0.893	0.000
15	L	0.000	0.970	0.046	0.923	0.000
16	L	0.000	0.970	0.038	0.931	0.001
17	G	0.000	0.970	0.036	0.932	0.002
18	L	0.000	0.970	0.035	0.931	0.004
19	S	0.000	0.970	0.034	0.930	0.005
20	I	0.001	0.969	0.034	0.931	0.004
21	I	0.000	0.969	0.034	0.917	0.018
22	S	0.000	0.969	0.034	0.827	0.108
23	F	0.003	0.966	0.034	0.800	0.132
24	L	0.000	0.966	0.034	0.719	0.214
25	P	0.001	0.963	0.034	0.037	0.892
26	Q	0.001	0.961	0.034	0.008	0.920
27	L	0.003	0.958	0.034	0.007	0.918
28	Q	0.002	0.956	0.034	0.002	0.920
29	L	0.011	0.944	0.034	0.002	0.908
30	L	0.523	0.421	0.034	0.002	0.386
31	W	0.036	0.384	0.034	0.001	0.350
32	T	0.000	0.384	0.034	0.001	0.350
33	T	0.208	0.175	0.034	0.000	0.141
34	K	0.004	0.171	0.034	0.000	0.137
35	N	0.000	0.171	0.033	0.000	0.137
36	S	0.000	0.171	0.033	0.001	0.137
37	S	0.008	0.163	0.032	0.001	0.129
38	G	0.001	0.162	0.031	0.002	0.129
39	L	0.024	0.138	0.029	0.005	0.104
40	S	0.001	0.137	0.029	0.005	0.103
>XP_001397557.2
pos	aa	C	S	n-reg	h-reg	c-reg
1	M	0.000	0.578	0.578	0.000	0.000
2	R	0.000	0.578	0.578	0.000	0.000
3	V	0.000	0.578	0.492	0.086	0.000
4	H	0.000	0.578	0.473	0.105	0.000
5	S	0.000	0.578	0.409	0.169	0.000
6	L	0.000	0.578	0.146	0.432	0.000
7	L	0.000	0.578	0.074	0.504	0.000
8	P	0.000	0.578	0.067	0.511	0.000
9	M	0.000	0.578	0.039	0.539	0.000
10	L	0.000	0.578	0.013	0.565	0.000
11	P	0.000	0.578	0.010	0.503	0.065
12	S	0.000	0.578	0.008	0.485	0.085
13	A	0.000	0.578	0.005	0.484	0.089
14	V	0.000	0.578	0.003	0.475	0.100
15	A	0.000	0.578	0.002	0.400	0.176
16	A	0.043	0.535	0.001	0.291	0.242
17	L	0.046	0.488	0.001	0.197	0.290
18	P	0.000	0.488	0.001	0.051	0.437
19	S	0.007	0.481	0.001	0.012	0.468
20	S	0.002	0.479	0.001	0.010	0.469
21	S	0.002	0.478	0.000	0.009	0.469
22	F	0.033	0.445	0.000	0.008	0.436
23	A	0.000	0.445	0.000	0.007	0.438
24	S	0.409	0.035	0.000	0.003	0.032
25	F	0.001	0.034	0.000	0.003	0.031
26	S	0.000	0.034	0.000	0.002	0.032
27	N	0.012	0.022	0.000	0.001	0.021
28	I	0.000	0.022	0.000	0.001	0.021
29	V	0.000	0.022	0.000	0.001	0.022
30	N	0.000	0.022	0.000	0.000	0.022
31	Q	0.000	0.022	0.000	0.000	0.022
32	T	0.013	0.009	0.000	0.000	0.009
33	T	0.000	0.009	0.000	0.000	0.009
34	C	0.000	0.009	0.000	0.000	0.009
35	G	0.007	0.002	0.000	0.000	0.002
36	S	0.001	0.001	0.000	0.000	0.001
37	T	0.001	0.001	0.000	0.000	0.001
38	T	0.000	0.001	0.000	0.000	0.001
39	Y	0.000	0.000	0.000	0.000	0.000
40	S	0.000	0.000	0.000	0.000	0.000
>XP_001397573.2
pos	aa	C	S	n-reg	h-reg	c-reg
1	M	0.000	0.909	0.909	0.000	0.000
2	P	0.000	0.998	0.998	0.000	0.000
3	G	0.000	0.998	0.998	0.000	0.000
4	I	0.000	0.998	0.998	0.000	0.000
5	T	0.000	0.998	0.998	0.000	0.000
6	A	0.000	0.998	0.998	0.000	0.000
7	K	0.000	0.998	0.998	0.000	0.000
8	L	0.000	0.998	0.998	0.000	0.000
9	P	0.000	0.998	0.998	0.000	0.000
10	R	0.000	0.998	0.998	0.000	0.000
11	V	0.000	0.998	0.984	0.014	0.000
12	L	0.000	0.998	0.980	0.017	0.000
13	Q	0.000	0.998	0.979	0.019	0.000
14	L	0.000	0.998	0.972	0.026	0.000
15	V	0.000	0.998	0.969	0.029	0.000
16	G	0.000	0.998	0.968	0.030	0.000
17	Y	0.000	0.998	0.967	0.031	0.000
18	H	0.000	0.998	0.966	0.032	0.000
19	H	0.000	0.998	0.958	0.040	0.000
20	V	0.000	0.998	0.851	0.147	0.000
21	L	0.000	0.998	0.677	0.321	0.000
22	M	0.000	0.998	0.600	0.397	0.000
23	I	0.000	0.998	0.473	0.525	0.000
24	I	0.000	0.998	0.359	0.638	0.000
25	I	0.000	0.998	0.166	0.832	0.000
26	A	0.000	0.998	0.077	0.920	0.000
27	V	0.000	0.998	0.033	0.965	0.000
28	A	0.000	0.998	0.017	0.981	0.000
29	I	0.000	0.998	0.002	0.995	0.001
30	I	0.000	0.998	0.000	0.995	0.003
31	L	0.000	0.997	0.000	0.981	0.016
32	L	0.000	0.997	0.000	0.943	0.054
33	S	0.000	0.996	0.000	0.708	0.288
34	L	0.000	0.995	0.000	0.638	0.357
35	L	0.000	0.993	0.000	0.552	0.441
36	L	0.001	0.987	0.000	0.483	0.504
37	A	0.003	0.970	0.000	0.122	0.848
38	G	0.063	0.889	0.000	0.054	0.834
39	C	0.004	0.872	0.000	0.039	0.833
40	S	0.019	0.835	0.000	0.016	0.818
>XP_001397586.2
pos	aa	C	S	n-reg	h-reg	c-reg
1	M	0.000	0.998	0.998	0.000	0.000
2	K	0.000	0.998	0.998	0.000	0.000
3	S	0.000	0.998	0.996	0.002	0.000
4	I	0.000	0.998	0.979	0.019	0.000
5	T	0.000	0.998	0.972	0.027	0.000
6	M	0.000	0.998	0.927	0.071	0.000
7	L	0.000	0.998	0.634	0.365	0.000
8	P	0.000	0.998	0.585	0.413	0.000
9	S	0.000	0.998	0.406	0.592	0.000
10	L	0.000	0.998	0.096	0.902	0.000
11	L	0.000	0.998	0.013	0.985	0.000
12	S	0.000	0.998	0.009	0.989	0.000
13	V	0.000	0.998	0.003	0.995	0.000
14	L	0.000	0.998	0.001	0.996	0.001
15	F	0.000	0.998	0.001	0.987	0.011
16	F	0.000	0.998	0.000	0.963	0.035
17	L	0.000	0.998	0.000	0.947	0.052
18	L	0.000	0.998	0.000	0.901	0.098
19	Y	0.000	0.998	0.000	0.152	0.846
20	A	0.000	0.998	0.000	0.087	0.912
21	V	0.011	0.987	0.000	0.030	0.958
22	N	0.000	0.987	0.000	0.008	0.979
23	A	0.000	0.987	0.000	0.007	0.980
24	V	0.919	0.068	0.000	0.006	0.062
25	P	0.000	0.068	0.000	0.002	0.066
26	L	0.010	0.058	0.000	0.001	0.057
27	A	0.032	0.026	0.000	0.001	0.026
28	P	0.001	0.025	0.000	0.000	0.025
29	R	0.001	0.024	0.000	0.000	0.024
30	A	0.000	0.024	0.000	0.000	0.024
31	S	0.001	0.023	0.000	0.000	0.023
32	A	0.000	0.023	0.000	0.000	0.023
33	L	0.013	0.010	0.000	0.000	0.010
34	A	0.001	0.009	0.000	0.000	0.009
35	G	0.007	0.001	0.000	0.000	0.001
36	I	0.001	0.000	0.000	0.000	0.000
37	D	0.000	0.000	0.000	0.000	0.000
38	T	0.000	0.000	0.000	0.000	0.000
39	K	0.000	0.000	0.000	0.000	0.000
40	S	0.000	0.000	0.000	0.000	0.000
>XP_001397589.2
pos	aa	C	S	n-reg	h-reg	c-reg
1	M	0.000	0.785	0.785	0.000	0.000
2	L	0.000	0.785	0.785	0.000	0.000
3	I	0.000	0.785	0.773	0.012	0.000
4	S	0.000	0.785	0.746	0.039	0.000
5	G	0.000	0.785	0.706	0.080	0.000
6	S	0.000	0.785	0.598	0.187	0.000
7	S	0.000	0.785	0.402	0.383	0.000
8	A	0.000	0.785	0.170	0.616	0.000
9	A	0.000	0.785	0.078	0.707	0.000
10	L	0.000	0.785	0.010	0.775	0.000
11	C	0.000	0.785	0.004	0.781	0.000
12	A	0.000	0.785	0.002	0.782	0.002
13	L	0.000	0.785	0.000	0.780	0.005
14	A	0.000	0.785	0.000	0.768	0.017
15	L	0.000	0.785	0.000	0.750	0.035
16	P	0.000	0.785	0.000	0.314	0.471
17	F	0.000	0.785	0.000	0.280	0.505
18	A	0.000	0.785	0.000	0.154	0.631
19	A	0.001	0.783	0.000	0.115	0.668
20	A	0.002	0.781	0.000	0.093	0.688
21	K	0.467	0.314	0.000	0.000	0.314
22	S	0.000	0.314	0.000	0.000	0.314
23	L	0.056	0.258	0.000	0.000	0.258
24	W	0.003	0.255	0.000	0.000	0.255
25	S	0.000	0.255	0.000	0.000	0.255
26	D	0.252	0.003	0.000	0.000	0.003
27	S	0.000	0.003	0.000	0.000	0.003
28	P	0.000	0.002	0.000	0.000	0.002
29	G	0.000	0.002	0.000	0.000	0.002
30	N	0.000	0.002	0.000	0.000	0.002
31	Y	0.000	0.002	0.000	0.000	0.002
32	S	0.000	0.002	0.000	0.000	0.002
33	S	0.000	0.002	0.000	0.000	0.002
34	F	0.000	0.001	0.000	0.000	0.001
35	I	0.000	0.001	0.000	0.000	0.001
36	T	0.000	0.001	0.000	0.000	0.001
37	T	0.000	0.001	0.000	0.000	0.001
38	A	0.000	0.001	0.000	0.000	0.001
39	F	0.001	0.001	0.000	0.000	0.001
40	P	0.000	0.001	0.000	0.000	0.001
>XP_001397597.1
pos	aa	C	S	n-reg	h-reg	c-reg
1	M	0.000	0.999	0.999	0.000	0.000
2	S	0.000	0.999	0.999	0.000	0.000
3	L	0.000	0.999	0.630	0.369	0.000
4	F	0.000	0.999	0.503	0.497	0.000
5	H	0.000	0.999	0.479	0.521	0.000
6	V	0.000	0.999	0.156	0.843	0.000
7	L	0.000	0.999	0.004	0.995	0.000
8	A	0.000	0.999	0.002	0.997	0.000
9	L	0.000	0.999	0.000	0.999	0.000
10	L	0.000	0.999	0.000	0.999	0.000
11	V	0.000	0.999	0.000	0.991	0.008
12	A	0.000	0.999	0.000	0.932	0.067
13	S	0.000	0.999	0.000	0.904	0.095
14	L	0.000	0.999	0.000	0.871	0.128
15	N	0.000	0.999	0.000	0.058	0.940
16	L	0.000	0.999	0.000	0.053	0.946
17	V	0.001	0.998	0.000	0.022	0.976
18	T	0.000	0.998	0.000	0.006	0.992
19	A	0.001	0.997	0.000	0.001	0.996
20	Q	0.927	0.070	0.000	0.000	0.070
21	T	0.001	0.068	0.000	0.000	0.068
22	F	0.048	0.020	0.000	0.000	0.020
23	T	0.000	0.020	0.000	0.000	0.020
24	N	0.006	0.014	0.000	0.000	0.014
25	C	0.000	0.014	0.000	0.000	0.014
26	N	0.013	0.001	0.000	0.000	0.001
27	P	0.000	0.001	0.000	0.000	0.001
28	L	0.001	0.001	0.000	0.000	0.001
29	N	0.000	0.001	0.000	0.000	0.001
30	E	0.000	0.001	0.000	0.000	0.001
31	T	0.000	0.001	0.000	0.000	0.001
32	C	0.000	0.001	0.000	0.000	0.001
33	P	0.000	0.001	0.000	0.000	0.001
34	A	0.000	0.001	0.000	0.000	0.001
35	D	0.000	0.001	0.000	0.000	0.001
36	A	0.000	0.001	0.000	0.000	0.001
37	A	0.000	0.000	0.000	0.000	0.000
38	L	0.000	0.000	0.000	0.000	0.000
39	G	0.000	0.000	0.000	0.000	0.000
40	T	0.000	0.000	0.000	0.000	0.000
>XP_001397603.2
pos	aa	C	S	n-reg	h-reg	c-reg
1	M	0.000	0.626	0.626	0.000	0.000
2	R	0.000	0.626	0.626	0.000	0.000
3	V	0.000	0.626	0.625	0.000	0.000
4	P	0.000	0.626	0.625	0.001	0.000
5	N	0.000	0.626	0.624	0.002	0.000
6	R	0.000	0.626	0.614	0.012	0.000
7	L	0.000	0.626	0.071	0.555	0.000
8	L	0.000	0.626	0.001	0.625	0.000
9	L	0.000	0.626	0.000	0.625	0.000
10	L	0.000	0.626	0.000	0.626	0.000
11	A	0.000	0.626	0.000	0.626	0.000
12	L	0.000	0.626	0.000	0.626	0.000
13	G	0.000	0.626	0.000	0.625	0.000
14	V	0.000	0.626	0.000	0.623	0.003
15	S	0.000	0.626	0.000	0.445	0.181
16	D	0.000	0.626	0.000	0.022	0.603
17	L	0.000	0.626	0.000	0.016	0.609
18	I	0.001	0.625	0.000	0.008	0.617
19	T	0.000	0.625	0.000	0.000	0.625
20	A	0.007	0.618	0.000	0.000	0.618
21	A	0.497	0.122	0.000	0.000	0.122
22	Q	0.109	0.012	0.000	0.000	0.012
23	V	0.010	0.002	0.000	0.000	0.002
24	D	0.000	0.002	0.000	0.000	0.002
25	Y	0.000	0.002	0.000	0.000	0.002
26	S	0.000	0.002	0.000	0.000	0.002
27	Q	0.002	0.000	0.000	0.000	0.000
28	Y	0.000	0.000	0.000	0.000	0.000
29	V	0.000	0.000	0.000	0.000	0.000
30	N	0.000	0.000	0.000	0.000	0.000
31	P	0.000	0.000	0.000	0.000	0.000
32	F	0.000	0.000	0.000	0.000	0.000
33	M	0.000	0.000	0.000	0.000	0.000
34	G	0.000	0.000	0.000	0.000	0.000
35	S	0.000	0.000	0.000	0.000	0.000
36	E	0.000	0.000	0.000	0.000	0.000
37	G	0.000	0.000	0.000	0.000	0.000
38	P	0.000	0.000	0.000	0.000	0.000
39	T	0.000	0.000	0.000	0.000	0.000
40	P	0.000	0.000	0.000	0.000	0.000
>XP_001397608.2
pos	aa	C	S	n-reg	h-reg	c-reg
1	M	0.000	0.276	0.276	0.000	0.000
2	H	0.000	0.277	0.277	0.000	0.000
3	R	0.000	0.277	0.277	0.000	0.000
4	S	0.000	0.277	0.277	0.000	0.000
5	S	0.000	0.277	0.277	0.000	0.000
6	L	0.000	0.277	0.276	0.001	0.000
7	P	0.000	0.277	0.276	0.001	0.000
8	Y	0.000	0.277	0.275	0.002	0.000
9	F	0.000	0.277	0.272	0.005	0.000
10	L	0.000	0.277	0.272	0.005	0.000
11	R	0.000	0.277	0.272	0.005	0.000
12	F	0.000	0.277	0.260	0.017	0.000
13	I	0.000	0.277	0.252	0.025	0.000
14	L	0.000	0.277	0.243	0.034	0.000
15	H	0.000	0.277	0.240	0.037	0.000
16	I	0.000	0.277	0.212	0.064	0.000
17	H	0.000	0.277	0.190	0.085	0.002
18	V	0.000	0.277	0.055	0.220	0.002
19	V	0.000	0.277	0.029	0.246	0.003
20	Y	0.000	0.277	0.018	0.249	0.010
21	Y	0.000	0.277	0.001	0.265	0.011
22	V	0.000	0.277	0.000	0.265	0.012
23	L	0.000	0.277	0.000	0.264	0.013
24	A	0.000	0.277	0.000	0.259	0.018
25	L	0.009	0.268	0.000	0.250	0.018
26	C	0.000	0.268	0.000	0.219	0.049
27	L	0.003	0.264	0.000	0.201	0.063
28	S	0.000	0.264	0.000	0.162	0.102
29	P	0.002	0.261	0.000	0.006	0.256
30	H	0.000	0.261	0.000	0.001	0.261
31	A	0.000	0.261	0.000	0.000	0.261
32	N	0.002	0.259	0.000	0.000	0.259
33	A	0.000	0.259	0.000	0.000	0.259
34	T	0.222	0.037	0.000	0.000	0.037
35	E	0.005	0.033	0.000	0.000	0.033
36	Q	0.000	0.033	0.000	0.000	0.033
37	Q	0.030	0.003	0.000	0.000	0.003
38	P	0.000	0.003	0.000	0.000	0.003
39	L	0.000	0.003	0.000	0.000	0.003
40	G	0.000	0.003	0.000	0.000	0.003
>XP_001397646.1
pos	aa	C	S	n-reg	h-reg	c-reg
1	M	0.000	0.993	0.993	0.000	0.000
2	F	0.000	0.993	0.993	0.000	0.000
3	F	0.000	0.993	0.980	0.013	0.000
4	K	0.000	0.993	0.971	0.022	0.000
5	T	0.000	0.993	0.345	0.648	0.000
6	I	0.000	0.993	0.082	0.911	0.000
7	L	0.000	0.993	0.002	0.991	0.000
8	T	0.000	0.993	0.001	0.992	0.000
9	A	0.000	0.993	0.000	0.993	0.000
10	A	0.000	0.993	0.000	0.993	0.000
11	L	0.000	0.993	0.000	0.992	0.001
12	A	0.000	0.993	0.000	0.985	0.008
13	T	0.000	0.993	0.000	0.418	0.575
14	A	0.000	0.993	0.000	0.312	0.681
15	A	0.000	0.993	0.000	0.034	0.959
16	T	0.004	0.988	0.000	0.015	0.974
17	A	0.009	0.979	0.000	0.001	0.978
18	L	0.650	0.329	0.000	0.000	0.329
19	P	0.002	0.327	0.000	0.000	0.327
20	H	0.316	0.011	0.000	0.000	0.011
21	S	0.000	0.011	0.000	0.000	0.011
22	V	0.011	0.000	0.000	0.000	0.000
23	N	0.000	0.000	0.000	0.000	0.000
24	N	0.000	0.000	0.000	0.000	0.000
25	N	0.000	0.000	0.000	0.000	0.000
26	M	0.000	0.000	0.000	0.000	0.000
27	V	0.000	0.000	0.000	0.000	0.000
28	R	0.000	0.000	0.000	0.000	0.000
29	R	0.000	0.000	0.000	0.000	0.000
30	N	0.000	0.000	0.000	0.000	0.000
31	G	0.000	0.000	0.000	0.000	0.000
32	T	0.000	0.000	0.000	0.000	0.000
33	S	0.000	0.000	0.000	0.000	0.000
34	S	0.000	0.000	0.000	0.000	0.000
35	G	0.000	0.000	0.000	0.000	0.000
36	S	0.000	0.000	0.000	0.000	0.000
37	G	0.000	0.000	0.000	0.000	0.000
38	G	0.000	0.000	0.000	0.000	0.000
39	V	0.000	0.000	0.000	0.000	0.000
40	S	0.000	0.000	0.000	0.000	0.000
>XP_001397682.1
pos	aa	C	S	n-reg	h-reg	c-reg
1	M	0.000	0.865	0.865	0.000	0.000
2	K	0.000	0.865	0.865	0.000	0.000
3	L	0.000	0.865	0.627	0.238	0.000
4	N	0.000	0.865	0.548	0.316	0.000
5	V	0.000	0.865	0.055	0.810	0.000
6	A	0.000	0.865	0.018	0.846	0.000
7	A	0.000	0.865	0.001	0.864	0.000
8	I	0.000	0.865	0.000	0.865	0.000
9	S	0.000	0.865	0.000	0.865	0.000
10	A	0.000	0.865	0.000	0.864	0.000
11	L	0.000	0.865	0.000	0.842	0.023
12	A	0.000	0.865	0.000	0.772	0.092
13	T	0.000	0.865	0.000	0.121	0.744
14	V	0.000	0.865	0.000	0.075	0.790
15	A	0.000	0.865	0.000	0.004	0.861
16	S	0.005	0.860	0.000	0.001	0.858
17	A	0.038	0.822	0.000	0.001	0.822
18	L	0.770	0.052	0.000	0.000	0.052
19	P	0.000	0.052	0.000	0.000	0.052
20	H	0.051	0.001	0.000	0.000	0.001
21	R	0.000	0.001	0.000	0.000	0.001
22	R	0.000	0.001	0.000	0.000	0.001
23	N	0.000	0.001	0.000	0.000	0.001
24	V	0.000	0.001	0.000	0.000	0.001
25	E	0.000	0.001	0.000	0.000	0.001
26	Q	0.000	0.001	0.000	0.000	0.001
27	W	0.001	0.000	0.000	0.000	0.000
28	D	0.000	0.000	0.000	0.000	0.000
29	H	0.000	0.000	0.000	0.000	0.000
30	I	0.000	0.000	0.000	0.000	0.000
31	R	0.000	0.000	0.000	0.000	0.000
32	S	0.000	0.000	0.000	0.000	0.000
33	N	0.000	0.000	0.000	0.000	0.000
34	I	0.000	0.000	0.000	0.000	0.000
35	K	0.000	0.000	0.000	0.000	0.000
36	H	0.000	0.000	0.000	0.000	0.000
37	V	0.000	0.000	0.000	0.000	0.000
38	I	0.000	0.000	0.000	0.000	0.000
39	Y	0.000	0.000	0.000	0.000	0.000
40	L	0.000	0.000	0.000	0.000	0.000
>XP_001397683.1
pos	aa	C	S	n-reg	h-reg	c-reg
1	M	0.000	0.178	0.178	0.000	0.000
2	T	0.000	1.000	1.000	0.000	0.000
3	R	0.000	1.000	1.000	0.000	0.000
4	L	0.000	1.000	0.983	0.017	0.000
5	Y	0.000	1.000	0.980	0.020	0.000
6	P	0.000	1.000	0.964	0.036	0.000
7	L	0.000	1.000	0.377	0.623	0.000
8	F	0.000	1.000	0.164	0.835	0.000
9	I	0.000	1.000	0.062	0.937	0.000
10	L	0.000	1.000	0.021	0.979	0.000
11	L	0.000	1.000	0.007	0.993	0.000
12	F	0.000	1.000	0.002	0.997	0.001
13	V	0.000	1.000	0.001	0.998	0.001
14	L	0.000	1.000	0.000	0.990	0.010
15	L	0.000	1.000	0.000	0.970	0.030
16	I	0.000	1.000	0.000	0.942	0.057
17	L	0.000	1.000	0.000	0.940	0.060
18	G	0.001	0.999	0.000	0.892	0.107
19	T	0.050	0.942	0.000	0.844	0.098
20	I	0.008	0.926	0.000	0.832	0.094
21	F	0.000	0.903	0.000	0.804	0.100
22	Y	0.000	0.849	0.000	0.731	0.118
23	I	0.000	0.803	0.000	0.684	0.119
24	T	0.000	0.691	0.000	0.572	0.119
25	Y	0.001	0.594	0.000	0.475	0.118
26	S	0.000	0.511	0.000	0.392	0.118
27	I	0.118	0.353	0.000	0.353	0.000
28	I	0.000	0.260	0.000	0.260	0.000
29	Q	0.000	0.036	0.000	0.035	0.000
30	D	0.000	0.001	0.000	0.001	0.000
31	V	0.000	0.001	0.000	0.001	0.000
32	K	0.000	0.000	0.000	0.000	0.000
33	R	0.000	0.000	0.000	0.000	0.000
34	N	0.000	0.000	0.000	0.000	0.000
35	T	0.000	0.000	0.000	0.000	0.000
36	R	0.000	0.000	0.000	0.000	0.000
37	S	0.000	0.000	0.000	0.000	0.000
38	K	0.000	0.000	0.000	0.000	0.000
39	M	0.000	0.000	0.000	0.000	0.000
40	E	0.000	0.000	0.000	0.000	0.000
>XP_001397706.2
pos	aa	C	S	n-reg	h-reg	c-reg
1	M	0.000	0.548	0.548	0.000	0.000
2	S	0.000	0.548	0.548	0.000	0.000
3	L	0.000	0.548	0.536	0.012	0.000
4	P	0.000	0.548	0.530	0.019	0.000
5	A	0.000	0.548	0.510	0.038	0.000
6	N	0.000	0.548	0.469	0.080	0.000
7	I	0.000	0.548	0.100	0.448	0.000
8	L	0.000	0.548	0.024	0.524	0.000
9	I	0.000	0.548	0.009	0.539	0.000
10	V	0.000	0.548	0.004	0.545	0.000
11	G	0.000	0.548	0.003	0.544	0.002
12	G	0.000	0.548	0.002	0.536	0.011
13	G	0.000	0.548	0.001	0.534	0.013
14	V	0.000	0.548	0.000	0.533	0.015
15	F	0.000	0.548	0.000	0.501	0.048
16	G	0.000	0.548	0.000	0.355	0.194
17	L	0.011	0.538	0.000	0.326	0.212
18	S	0.000	0.538	0.000	0.060	0.478
19	T	0.001	0.537	0.000	0.034	0.503
20	A	0.001	0.535	0.000	0.004	0.531
21	L	0.136	0.400	0.000	0.003	0.396
22	S	0.001	0.398	0.000	0.002	0.397
23	L	0.258	0.140	0.000	0.001	0.138
24	S	0.007	0.133	0.000	0.000	0.132
25	H	0.111	0.022	0.000	0.000	0.021
26	R	0.000	0.022	0.000	0.000	0.022
27	H	0.000	0.022	0.000	0.000	0.022
28	P	0.000	0.022	0.000	0.000	0.022
29	N	0.000	0.021	0.000	0.000	0.021
30	S	0.000	0.021	0.000	0.000	0.021
31	Q	0.000	0.021	0.000	0.000	0.021
32	I	0.000	0.021	0.000	0.000	0.021
33	T	0.000	0.021	0.000	0.000	0.021
34	L	0.000	0.021	0.000	0.000	0.021
35	L	0.000	0.021	0.000	0.000	0.021
36	E	0.001	0.020	0.000	0.000	0.020
37	A	0.000	0.020	0.000	0.000	0.020
38	S	0.020	0.000	0.000	0.000	0.000
39	P	0.000	0.000	0.000	0.000	0.000
40	I	0.000	0.000	0.000	0.000	0.000
>XP_001397715.2
pos	aa	C	S	n-reg	h-reg	c-reg
1	M	0.000	0.935	0.935	0.000	0.000
2	G	0.000	0.935	0.935	0.000	0.000
3	A	0.000	0.935	0.398	0.538	0.000
4	L	0.000	0.935	0.107	0.828	0.000
5	L	0.000	0.935	0.044	0.891	0.000
6	F	0.000	0.935	0.004	0.931	0.000
7	S	0.000	0.935	0.003	0.932	0.000
8	S	0.000	0.935	0.003	0.932	0.000
9	A	0.000	0.935	0.002	0.933	0.000
10	T	0.000	0.935	0.001	0.933	0.000
11	F	0.000	0.935	0.000	0.926	0.009
12	I	0.000	0.935	0.000	0.914	0.021
13	L	0.000	0.935	0.000	0.891	0.044
14	P	0.000	0.935	0.000	0.025	0.910
15	A	0.004	0.931	0.000	0.011	0.920
16	I	0.004	0.927	0.000	0.003	0.923
17	Y	0.000	0.927	0.000	0.003	0.924
18	G	0.000	0.927	0.000	0.003	0.924
19	T	0.915	0.011	0.000	0.002	0.009
20	L	0.002	0.010	0.000	0.002	0.007
21	V	0.006	0.003	0.000	0.002	0.001
22	K	0.000	0.003	0.000	0.000	0.003
23	I	0.000	0.003	0.000	0.000	0.003
24	W	0.000	0.003	0.000	0.000	0.003
25	M	0.000	0.003	0.000	0.000	0.003
26	A	0.000	0.003	0.000	0.000	0.003
27	N	0.002	0.001	0.000	0.000	0.001
28	I	0.000	0.001	0.000	0.000	0.001
29	D	0.000	0.001	0.000	0.000	0.001
30	A	0.000	0.001	0.000	0.000	0.001
31	S	0.001	0.000	0.000	0.000	0.000
32	L	0.000	0.000	0.000	0.000	0.000
33	V	0.000	0.000	0.000	0.000	0.000
34	V	0.000	0.000	0.000	0.000	0.000
35	T	0.000	0.000	0.000	0.000	0.000
36	I	0.000	0.000	0.000	0.000	0.000
37	D	0.000	0.000	0.000	0.000	0.000
38	V	0.000	0.000	0.000	0.000	0.000
39	Y	0.000	0.000	0.000	0.000	0.000
40	T	0.000	0.000	0.000	0.000	0.000
