>XP_001392352.2
pos	aa	C	S	n-reg	h-reg	c-reg
1	M	0.000	0.931	0.931	0.000	0.000
2	N	0.000	1.000	1.000	0.000	0.000
3	F	0.000	1.000	1.000	0.000	0.000
4	W	0.000	1.000	1.000	0.000	0.000
5	I	0.000	1.000	1.000	0.000	0.000
6	G	0.000	1.000	0.999	0.000	0.000
7	W	0.000	1.000	0.999	0.000	0.000
8	A	0.000	1.000	0.999	0.001	0.000
9	L	0.000	1.000	0.999	0.001	0.000
10	W	0.000	1.000	0.999	0.001	0.000
11	Q	0.000	1.000	0.999	0.001	0.000
12	K	0.000	1.000	0.997	0.003	0.000
13	L	0.000	1.000	0.664	0.336	0.000
14	S	0.000	1.000	0.566	0.433	0.000
15	F	0.000	1.000	0.338	0.661	0.000
16	A	0.000	1.000	0.218	0.781	0.000
17	L	0.000	1.000	0.098	0.902	0.000
18	A	0.000	1.000	0.063	0.936	0.001
19	G	0.000	1.000	0.040	0.959	0.001
20	L	0.000	1.000	0.008	0.991	0.001
21	L	0.000	1.000	0.001	0.991	0.008
22	A	0.000	1.000	0.000	0.984	0.015
23	L	0.001	0.999	0.000	0.977	0.022
24	V	0.000	0.999	0.000	0.678	0.321
25	L	0.000	0.999	0.000	0.563	0.437
26	V	0.000	0.999	0.000	0.408	0.591
27	Y	0.000	0.998	0.000	0.261	0.737
28	S	0.000	0.997	0.000	0.215	0.782
29	F	0.452	0.545	0.000	0.110	0.435
30	I	0.000	0.544	0.000	0.084	0.460
31	V	0.000	0.542	0.000	0.064	0.478
32	L	0.000	0.536	0.000	0.058	0.478
33	A	0.014	0.504	0.000	0.040	0.464
34	Y	0.464	0.019	0.000	0.019	0.000
35	N	0.000	0.000	0.000	0.000	0.000
36	R	0.000	0.000	0.000	0.000	0.000
37	R	0.000	0.000	0.000	0.000	0.000
38	K	0.000	0.000	0.000	0.000	0.000
39	T	0.000	0.000	0.000	0.000	0.000
40	M	0.000	0.000	0.000	0.000	0.000
>XP_001392361.1
pos	aa	C	S	n-reg	h-reg	c-reg
1	M	0.000	0.403	0.403	0.000	0.000
2	W	0.000	0.403	0.403	0.000	0.000
3	K	0.000	0.403	0.403	0.000	0.000
4	R	0.000	0.403	0.400	0.003	0.000
5	T	0.000	0.403	0.245	0.158	0.000
6	G	0.000	0.403	0.160	0.243	0.000
7	L	0.000	0.403	0.018	0.385	0.000
8	L	0.000	0.403	0.007	0.396	0.000
9	A	0.000	0.403	0.004	0.399	0.000
10	S	0.000	0.403	0.001	0.402	0.000
11	L	0.000	0.403	0.000	0.403	0.000
12	T	0.000	0.403	0.000	0.401	0.001
13	E	0.000	0.403	0.000	0.250	0.153
14	P	0.000	0.403	0.000	0.238	0.165
15	T	0.000	0.403	0.000	0.229	0.173
16	L	0.000	0.403	0.000	0.225	0.178
17	L	0.000	0.403	0.000	0.208	0.194
18	Q	0.146	0.257	0.000	0.004	0.253
19	N	0.006	0.251	0.000	0.001	0.250
20	T	0.000	0.251	0.000	0.000	0.250
21	R	0.000	0.250	0.000	0.000	0.250
22	C	0.000	0.250	0.000	0.000	0.250
23	L	0.207	0.043	0.000	0.000	0.043
24	S	0.000	0.043	0.000	0.000	0.042
25	C	0.028	0.015	0.000	0.000	0.015
26	Q	0.005	0.010	0.000	0.000	0.010
27	L	0.000	0.010	0.000	0.000	0.009
28	R	0.000	0.009	0.000	0.000	0.009
29	N	0.000	0.009	0.000	0.000	0.009
30	A	0.000	0.009	0.000	0.000	0.009
31	A	0.001	0.008	0.000	0.000	0.008
32	A	0.000	0.008	0.000	0.000	0.008
33	L	0.004	0.005	0.000	0.000	0.005
34	R	0.001	0.004	0.000	0.000	0.004
35	P	0.000	0.004	0.000	0.000	0.004
36	R	0.000	0.004	0.000	0.000	0.004
37	T	0.000	0.004	0.000	0.000	0.004
38	A	0.000	0.004	0.000	0.000	0.004
39	A	0.000	0.003	0.000	0.000	0.003
40	L	0.003	0.000	0.000	0.000	0.000
>XP_001392375.1
pos	aa	C	S	n-reg	h-reg	c-reg
1	M	0.000	0.992	0.992	0.000	0.000
2	K	0.000	0.992	0.992	0.000	0.000
3	L	0.000	0.992	0.629	0.363	0.000
4	S	0.000	0.992	0.510	0.482	0.000
5	S	0.000	0.992	0.416	0.576	0.000
6	L	0.000	0.992	0.093	0.899	0.000
7	T	0.000	0.992	0.013	0.979	0.000
8	P	0.000	0.992	0.008	0.984	0.000
9	L	0.000	0.992	0.000	0.992	0.000
10	A	0.000	0.992	0.000	0.992	0.000
11	L	0.000	0.992	0.000	0.982	0.009
12	A	0.000	0.992	0.000	0.944	0.048
13	L	0.000	0.992	0.000	0.905	0.087
14	T	0.000	0.992	0.000	0.765	0.227
15	A	0.001	0.991	0.000	0.060	0.931
16	T	0.000	0.991	0.000	0.020	0.970
17	A	0.007	0.984	0.000	0.001	0.983
18	Q	0.070	0.913	0.000	0.000	0.913
19	A	0.030	0.883	0.000	0.000	0.883
20	S	0.880	0.003	0.000	0.000	0.003
21	Y	0.002	0.001	0.000	0.000	0.001
22	I	0.000	0.001	0.000	0.000	0.001
23	N	0.000	0.001	0.000	0.000	0.001
24	Y	0.000	0.001	0.000	0.000	0.001
25	T	0.000	0.001	0.000	0.000	0.001
26	T	0.000	0.001	0.000	0.000	0.001
27	V	0.000	0.001	0.000	0.000	0.001
28	T	0.000	0.001	0.000	0.000	0.001
29	G	0.000	0.001	0.000	0.000	0.001
30	Y	0.001	0.000	0.000	0.000	0.000
31	F	0.000	0.000	0.000	0.000	0.000
32	L	0.000	0.000	0.000	0.000	0.000
33	Q	0.000	0.000	0.000	0.000	0.000
34	D	0.000	0.000	0.000	0.000	0.000
35	E	0.000	0.000	0.000	0.000	0.000
36	D	0.000	0.000	0.000	0.000	0.000
37	S	0.000	0.000	0.000	0.000	0.000
38	T	0.000	0.000	0.000	0.000	0.000
39	D	0.000	0.000	0.000	0.000	0.000
40	A	0.000	0.000	0.000	0.000	0.000
>XP_001392409.2
pos	aa	C	S	n-reg	h-reg	c-reg
1	M	0.000	0.905	0.905	0.000	0.000
2	F	0.000	0.905	0.905	0.000	0.000
3	A	0.000	0.905	0.905	0.000	0.000
4	A	0.000	0.905	0.905	0.000	0.000
5	N	0.000	0.905	0.905	0.000	0.000
6	I	0.000	0.905	0.905	0.000	0.000
7	I	0.000	0.905	0.905	0.000	0.000
8	S	0.000	0.905	0.905	0.000	0.000
9	Y	0.000	0.905	0.905	0.000	0.000
10	L	0.000	0.905	0.905	0.000	0.000
11	A	0.000	0.905	0.905	0.000	0.000
12	K	0.000	0.905	0.905	0.000	0.000
13	L	0.000	0.905	0.905	0.000	0.000
14	V	0.000	0.905	0.905	0.000	0.000
15	P	0.000	0.905	0.905	0.000	0.000
16	P	0.000	0.905	0.905	0.000	0.000
17	R	0.000	0.905	0.905	0.000	0.000
18	W	0.000	0.905	0.886	0.020	0.000
19	I	0.000	0.905	0.849	0.056	0.000
20	W	0.000	0.905	0.813	0.093	0.000
21	A	0.000	0.905	0.694	0.211	0.000
22	P	0.000	0.905	0.599	0.307	0.000
23	I	0.000	0.905	0.197	0.708	0.000
24	L	0.000	0.905	0.046	0.859	0.000
25	A	0.000	0.905	0.018	0.887	0.000
26	A	0.000	0.905	0.007	0.897	0.000
27	V	0.000	0.905	0.001	0.903	0.001
28	F	0.000	0.905	0.000	0.899	0.006
29	F	0.000	0.905	0.000	0.883	0.022
30	W	0.000	0.905	0.000	0.852	0.054
31	L	0.000	0.905	0.000	0.822	0.084
32	L	0.000	0.905	0.000	0.641	0.264
33	S	0.000	0.905	0.000	0.287	0.618
34	A	0.023	0.882	0.000	0.172	0.710
35	P	0.025	0.858	0.000	0.022	0.836
36	S	0.015	0.843	0.000	0.006	0.837
37	L	0.129	0.714	0.000	0.006	0.708
38	K	0.006	0.708	0.000	0.000	0.708
39	T	0.000	0.708	0.000	0.000	0.708
40	S	0.149	0.559	0.000	0.000	0.559
>XP_001392423.2
pos	aa	C	S	n-reg	h-reg	c-reg
1	M	0.000	0.134	0.134	0.000	0.000
2	I	0.000	0.134	0.134	0.000	0.000
3	N	0.000	0.134	0.134	0.000	0.000
4	W	0.000	0.134	0.134	0.000	0.000
5	R	0.000	0.134	0.134	0.000	0.000
6	H	0.000	0.134	0.112	0.022	0.000
7	L	0.000	0.134	0.018	0.116	0.000
8	V	0.000	0.134	0.007	0.127	0.000
9	L	0.000	0.134	0.002	0.132	0.000
10	S	0.000	0.134	0.001	0.133	0.000
11	V	0.000	0.134	0.000	0.134	0.000
12	A	0.000	0.134	0.000	0.134	0.000
13	F	0.000	0.134	0.000	0.134	0.000
14	P	0.000	0.134	0.000	0.126	0.008
15	C	0.000	0.134	0.000	0.112	0.022
16	I	0.000	0.134	0.000	0.103	0.031
17	A	0.000	0.134	0.000	0.086	0.048
18	G	0.002	0.132	0.000	0.015	0.116
19	C	0.003	0.128	0.000	0.009	0.119
20	A	0.013	0.115	0.000	0.001	0.114
21	N	0.009	0.106	0.000	0.000	0.106
22	S	0.000	0.106	0.000	0.000	0.106
23	S	0.073	0.033	0.000	0.000	0.033
24	G	0.003	0.030	0.000	0.000	0.030
25	S	0.021	0.009	0.000	0.000	0.009
26	V	0.009	0.000	0.000	0.000	0.000
27	D	0.000	0.000	0.000	0.000	0.000
28	D	0.000	0.000	0.000	0.000	0.000
29	Y	0.000	0.000	0.000	0.000	0.000
30	D	0.000	0.000	0.000	0.000	0.000
31	V	0.000	0.000	0.000	0.000	0.000
32	L	0.000	0.000	0.000	0.000	0.000
33	Q	0.000	0.000	0.000	0.000	0.000
34	Y	0.000	0.000	0.000	0.000	0.000
35	I	0.000	0.000	0.000	0.000	0.000
36	N	0.000	0.000	0.000	0.000	0.000
37	P	0.000	0.000	0.000	0.000	0.000
38	L	0.000	0.000	0.000	0.000	0.000
39	I	0.000	0.000	0.000	0.000	0.000
40	G	0.000	0.000	0.000	0.000	0.000
>XP_001392460.1
pos	aa	C	S	n-reg	h-reg	c-reg
1	M	0.000	0.961	0.961	0.000	0.000
2	N	0.000	0.962	0.962	0.000	0.000
3	R	0.000	0.962	0.959	0.003	0.000
4	V	0.000	0.962	0.348	0.614	0.000
5	L	0.000	0.962	0.152	0.810	0.000
6	A	0.000	0.962	0.082	0.880	0.000
7	L	0.000	0.962	0.026	0.936	0.000
8	P	0.000	0.962	0.018	0.944	0.000
9	A	0.000	0.962	0.008	0.954	0.000
10	L	0.000	0.962	0.001	0.961	0.000
11	F	0.000	0.962	0.001	0.961	0.000
12	F	0.000	0.962	0.001	0.937	0.024
13	C	0.000	0.962	0.001	0.894	0.068
14	L	0.000	0.962	0.001	0.854	0.108
15	F	0.000	0.962	0.001	0.707	0.254
16	T	0.000	0.962	0.001	0.075	0.886
17	Y	0.013	0.949	0.001	0.048	0.900
18	T	0.000	0.949	0.001	0.003	0.945
19	P	0.034	0.915	0.001	0.001	0.913
20	S	0.005	0.910	0.001	0.000	0.908
21	Y	0.683	0.226	0.001	0.000	0.225
22	T	0.000	0.226	0.001	0.000	0.225
23	T	0.184	0.042	0.001	0.000	0.041
24	F	0.005	0.037	0.000	0.001	0.036
25	N	0.000	0.037	0.000	0.001	0.036
26	L	0.000	0.037	0.000	0.001	0.036
27	I	0.000	0.037	0.000	0.001	0.036
28	F	0.000	0.037	0.000	0.001	0.036
29	F	0.000	0.037	0.000	0.001	0.036
30	Y	0.000	0.037	0.000	0.001	0.036
31	M	0.000	0.037	0.000	0.001	0.036
32	T	0.000	0.037	0.000	0.001	0.036
33	W	0.000	0.037	0.000	0.001	0.036
34	T	0.000	0.037	0.000	0.001	0.036
35	T	0.001	0.036	0.000	0.000	0.035
36	L	0.000	0.036	0.000	0.000	0.035
37	I	0.000	0.036	0.000	0.000	0.035
38	L	0.000	0.036	0.000	0.000	0.035
39	S	0.001	0.034	0.000	0.000	0.034
40	H	0.026	0.008	0.000	0.000	0.008
>XP_001392466.2
pos	aa	C	S	n-reg	h-reg	c-reg
1	M	0.000	0.995	0.995	0.000	0.000
2	G	0.000	0.998	0.998	0.000	0.000
3	F	0.000	0.998	0.994	0.004	0.000
4	F	0.000	0.998	0.990	0.008	0.000
5	S	0.000	0.998	0.988	0.010	0.000
6	R	0.000	0.998	0.973	0.026	0.000
7	I	0.000	0.998	0.199	0.800	0.000
8	I	0.000	0.998	0.098	0.900	0.000
9	T	0.000	0.998	0.053	0.946	0.000
10	F	0.000	0.998	0.001	0.997	0.000
11	F	0.000	0.998	0.000	0.998	0.000
12	G	0.000	0.998	0.000	0.997	0.001
13	L	0.000	0.998	0.000	0.997	0.001
14	V	0.000	0.998	0.000	0.996	0.002
15	L	0.000	0.998	0.000	0.904	0.094
16	L	0.000	0.998	0.000	0.830	0.168
17	A	0.000	0.998	0.000	0.713	0.285
18	H	0.001	0.997	0.000	0.027	0.970
19	A	0.000	0.997	0.000	0.005	0.991
20	G	0.135	0.861	0.000	0.002	0.858
21	Y	0.003	0.857	0.000	0.002	0.856
22	S	0.000	0.857	0.000	0.001	0.856
23	A	0.796	0.061	0.000	0.001	0.060
24	Y	0.037	0.023	0.000	0.000	0.023
25	E	0.000	0.023	0.000	0.000	0.023
26	H	0.000	0.023	0.000	0.000	0.023
27	T	0.000	0.023	0.000	0.000	0.023
28	L	0.000	0.023	0.000	0.000	0.023
29	L	0.000	0.023	0.000	0.000	0.023
30	Y	0.000	0.023	0.000	0.000	0.022
31	S	0.000	0.023	0.000	0.000	0.022
32	N	0.000	0.022	0.000	0.000	0.022
33	T	0.000	0.022	0.000	0.000	0.022
34	A	0.001	0.021	0.000	0.000	0.021
35	S	0.000	0.021	0.000	0.000	0.021
36	I	0.000	0.021	0.000	0.000	0.021
37	A	0.000	0.021	0.000	0.000	0.021
38	G	0.001	0.019	0.000	0.000	0.019
39	T	0.001	0.018	0.000	0.000	0.018
40	A	0.002	0.016	0.000	0.000	0.016
>XP_001392468.2
pos	aa	C	S	n-reg	h-reg	c-reg
1	M	0.000	1.000	1.000	0.000	0.000
2	R	0.000	1.000	1.000	0.000	0.000
3	S	0.000	1.000	0.897	0.103	0.000
4	S	0.000	1.000	0.699	0.301	0.000
5	I	0.000	1.000	0.333	0.667	0.000
6	L	0.000	1.000	0.036	0.964	0.000
7	L	0.000	1.000	0.006	0.994	0.000
8	V	0.000	1.000	0.002	0.998	0.000
9	A	0.000	1.000	0.000	1.000	0.000
10	F	0.000	1.000	0.000	1.000	0.000
11	S	0.000	1.000	0.000	0.987	0.012
12	A	0.000	1.000	0.000	0.929	0.071
13	L	0.000	1.000	0.000	0.890	0.110
14	A	0.000	1.000	0.000	0.580	0.419
15	A	0.002	0.998	0.000	0.465	0.533
16	A	0.003	0.995	0.000	0.366	0.629
17	Q	0.078	0.917	0.000	0.007	0.910
18	S	0.003	0.914	0.000	0.001	0.912
19	S	0.155	0.758	0.000	0.000	0.758
20	V	0.007	0.751	0.000	0.000	0.751
21	A	0.000	0.751	0.000	0.000	0.751
22	V	0.668	0.083	0.000	0.000	0.083
23	P	0.000	0.083	0.000	0.000	0.083
24	Q	0.051	0.033	0.000	0.000	0.033
25	G	0.002	0.030	0.000	0.000	0.030
26	Q	0.025	0.005	0.000	0.000	0.005
27	P	0.000	0.005	0.000	0.000	0.005
28	S	0.001	0.004	0.000	0.000	0.004
29	A	0.000	0.004	0.000	0.000	0.004
30	A	0.000	0.004	0.000	0.000	0.004
31	V	0.001	0.003	0.000	0.000	0.003
32	T	0.000	0.003	0.000	0.000	0.003
33	S	0.001	0.002	0.000	0.000	0.002
34	S	0.001	0.001	0.000	0.000	0.001
35	P	0.000	0.000	0.000	0.000	0.000
36	V	0.000	0.000	0.000	0.000	0.000
37	I	0.000	0.000	0.000	0.000	0.000
38	P	0.000	0.000	0.000	0.000	0.000
39	T	0.000	0.000	0.000	0.000	0.000
40	Q	0.000	0.000	0.000	0.000	0.000
>XP_001392475.1
pos	aa	C	S	n-reg	h-reg	c-reg
1	M	0.000	0.999	0.999	0.000	0.000
2	R	0.000	0.999	0.999	0.000	0.000
3	A	0.000	0.999	0.881	0.118	0.000
4	S	0.000	0.999	0.746	0.253	0.000
5	S	0.000	0.999	0.636	0.364	0.000
6	L	0.000	0.999	0.208	0.791	0.000
7	L	0.000	0.999	0.097	0.903	0.000
8	P	0.000	0.999	0.087	0.912	0.000
9	A	0.000	0.999	0.032	0.967	0.000
10	L	0.000	0.999	0.006	0.994	0.000
11	L	0.000	0.999	0.001	0.992	0.006
12	A	0.000	0.999	0.000	0.948	0.051
13	A	0.000	0.999	0.000	0.910	0.089
14	I	0.000	0.999	0.000	0.825	0.174
15	P	0.000	0.999	0.000	0.321	0.678
16	A	0.000	0.999	0.000	0.276	0.723
17	V	0.002	0.997	0.000	0.202	0.795
18	S	0.000	0.997	0.000	0.080	0.917
19	A	0.028	0.969	0.000	0.064	0.905
20	S	0.602	0.367	0.000	0.005	0.363
21	G	0.053	0.315	0.000	0.001	0.313
22	T	0.024	0.291	0.000	0.000	0.290
23	L	0.011	0.279	0.000	0.000	0.279
24	G	0.001	0.279	0.000	0.000	0.279
25	L	0.265	0.014	0.000	0.000	0.014
26	S	0.001	0.013	0.000	0.000	0.013
27	I	0.008	0.005	0.000	0.000	0.005
28	G	0.000	0.005	0.000	0.000	0.005
29	D	0.004	0.000	0.000	0.000	0.000
30	K	0.000	0.000	0.000	0.000	0.000
31	N	0.000	0.000	0.000	0.000	0.000
32	G	0.000	0.000	0.000	0.000	0.000
33	D	0.000	0.000	0.000	0.000	0.000
34	S	0.000	0.000	0.000	0.000	0.000
35	S	0.000	0.000	0.000	0.000	0.000
36	C	0.000	0.000	0.000	0.000	0.000
37	K	0.000	0.000	0.000	0.000	0.000
38	S	0.000	0.000	0.000	0.000	0.000
39	T	0.000	0.000	0.000	0.000	0.000
40	S	0.000	0.000	0.000	0.000	0.000
>XP_001392476.1
pos	aa	C	S	n-reg	h-reg	c-reg
1	M	0.000	1.000	1.000	0.000	0.000
2	R	0.000	1.000	1.000	0.000	0.000
3	F	0.000	1.000	0.914	0.086	0.000
4	S	0.000	1.000	0.860	0.140	0.000
5	A	0.000	1.000	0.680	0.320	0.000
6	T	0.000	1.000	0.363	0.637	0.000
7	T	0.000	1.000	0.176	0.824	0.000
8	L	0.000	1.000	0.046	0.954	0.000
9	L	0.000	1.000	0.001	0.999	0.000
10	I	0.000	1.000	0.000	1.000	0.000
11	T	0.000	1.000	0.000	0.999	0.001
12	A	0.000	1.000	0.000	0.998	0.002
13	L	0.000	1.000	0.000	0.978	0.022
14	A	0.000	1.000	0.000	0.823	0.176
15	W	0.000	1.000	0.000	0.722	0.277
16	F	0.000	1.000	0.000	0.659	0.340
17	S	0.000	1.000	0.000	0.029	0.971
18	T	0.000	0.999	0.000	0.006	0.993
19	V	0.000	0.999	0.000	0.001	0.998
20	T	0.000	0.999	0.000	0.000	0.999
21	A	0.004	0.996	0.000	0.000	0.995
22	H	0.994	0.001	0.000	0.000	0.001
23	N	0.000	0.001	0.000	0.000	0.001
24	I	0.000	0.001	0.000	0.000	0.001
25	Q	0.000	0.001	0.000	0.000	0.001
26	L	0.000	0.001	0.000	0.000	0.001
27	R	0.000	0.001	0.000	0.000	0.001
28	A	0.000	0.001	0.000	0.000	0.001
29	H	0.001	0.000	0.000	0.000	0.000
30	S	0.000	0.000	0.000	0.000	0.000
31	R	0.000	0.000	0.000	0.000	0.000
32	E	0.000	0.000	0.000	0.000	0.000
33	C	0.000	0.000	0.000	0.000	0.000
34	F	0.000	0.000	0.000	0.000	0.000
35	H	0.000	0.000	0.000	0.000	0.000
36	E	0.000	0.000	0.000	0.000	0.000
37	S	0.000	0.000	0.000	0.000	0.000
38	L	0.000	0.000	0.000	0.000	0.000
39	H	0.000	0.000	0.000	0.000	0.000
40	K	0.000	0.000	0.000	0.000	0.000
>XP_001392478.2
pos	aa	C	S	n-reg	h-reg	c-reg
1	M	0.000	0.960	0.960	0.000	0.000
2	V	0.000	0.960	0.960	0.000	0.000
3	P	0.000	0.960	0.955	0.005	0.000
4	I	0.000	0.960	0.919	0.041	0.000
5	R	0.000	0.960	0.913	0.047	0.000
6	L	0.000	0.960	0.201	0.759	0.000
7	L	0.000	0.960	0.017	0.943	0.000
8	S	0.000	0.960	0.014	0.946	0.000
9	A	0.000	0.960	0.007	0.953	0.000
10	L	0.000	0.960	0.002	0.959	0.000
11	S	0.000	0.960	0.001	0.959	0.000
12	L	0.000	0.960	0.000	0.958	0.002
13	L	0.000	0.960	0.000	0.955	0.005
14	G	0.000	0.960	0.000	0.832	0.128
15	T	0.000	0.960	0.000	0.111	0.849
16	Y	0.000	0.960	0.000	0.087	0.874
17	V	0.000	0.960	0.000	0.069	0.891
18	S	0.000	0.960	0.000	0.014	0.946
19	A	0.001	0.959	0.000	0.011	0.948
20	F	0.878	0.082	0.000	0.010	0.072
21	P	0.000	0.082	0.000	0.000	0.082
22	V	0.005	0.077	0.000	0.000	0.077
23	V	0.000	0.077	0.000	0.000	0.077
24	E	0.000	0.077	0.000	0.000	0.077
25	Q	0.000	0.077	0.000	0.000	0.077
26	Q	0.077	0.000	0.000	0.000	0.000
27	P	0.000	0.000	0.000	0.000	0.000
28	L	0.000	0.000	0.000	0.000	0.000
29	G	0.000	0.000	0.000	0.000	0.000
30	N	0.000	0.000	0.000	0.000	0.000
31	G	0.000	0.000	0.000	0.000	0.000
32	L	0.000	0.000	0.000	0.000	0.000
33	Q	0.000	0.000	0.000	0.000	0.000
34	D	0.000	0.000	0.000	0.000	0.000
35	V	0.000	0.000	0.000	0.000	0.000
36	V	0.000	0.000	0.000	0.000	0.000
37	Q	0.000	0.000	0.000	0.000	0.000
38	L	0.000	0.000	0.000	0.000	0.000
39	E	0.000	0.000	0.000	0.000	0.000
40	P	0.000	0.000	0.000	0.000	0.000
>XP_001392480.2
pos	aa	C	S	n-reg	h-reg	c-reg
1	M	0.000	1.000	1.000	0.000	0.000
2	R	0.000	1.000	1.000	0.000	0.000
3	S	0.000	1.000	1.000	0.000	0.000
4	G	0.000	1.000	1.000	0.000	0.000
5	L	0.000	1.000	1.000	0.000	0.000
6	Q	0.000	1.000	1.000	0.000	0.000
7	K	0.000	1.000	1.000	0.000	0.000
8	P	0.000	1.000	0.999	0.001	0.000
9	G	0.000	1.000	0.989	0.011	0.000
10	A	0.000	1.000	0.921	0.079	0.000
11	I	0.000	1.000	0.846	0.154	0.000
12	P	0.000	1.000	0.816	0.184	0.000
13	F	0.000	1.000	0.327	0.673	0.000
14	L	0.000	1.000	0.064	0.935	0.000
15	A	0.000	1.000	0.030	0.970	0.000
16	L	0.000	1.000	0.007	0.993	0.000
17	L	0.000	1.000	0.000	0.999	0.000
18	V	0.000	1.000	0.000	0.999	0.000
19	F	0.000	1.000	0.000	0.997	0.003
20	S	0.000	1.000	0.000	0.992	0.008
21	L	0.000	1.000	0.000	0.955	0.045
22	F	0.000	1.000	0.000	0.801	0.199
23	S	0.000	1.000	0.000	0.723	0.277
24	L	0.001	0.999	0.000	0.699	0.300
25	V	0.000	0.999	0.000	0.064	0.935
26	P	0.000	0.999	0.000	0.002	0.997
27	S	0.000	0.999	0.000	0.000	0.999
28	L	0.009	0.990	0.000	0.000	0.990
29	A	0.000	0.989	0.000	0.000	0.989
30	K	0.989	0.000	0.000	0.000	0.000
31	E	0.000	0.000	0.000	0.000	0.000
32	W	0.000	0.000	0.000	0.000	0.000
33	D	0.000	0.000	0.000	0.000	0.000
34	L	0.000	0.000	0.000	0.000	0.000
35	Y	0.000	0.000	0.000	0.000	0.000
36	N	0.000	0.000	0.000	0.000	0.000
37	V	0.000	0.000	0.000	0.000	0.000
38	R	0.000	0.000	0.000	0.000	0.000
39	L	0.000	0.000	0.000	0.000	0.000
40	G	0.000	0.000	0.000	0.000	0.000
>XP_001392500.1
pos	aa	C	S	n-reg	h-reg	c-reg
1	M	0.000	0.839	0.839	0.000	0.000
2	P	0.000	0.839	0.839	0.000	0.000
3	A	0.000	0.839	0.794	0.045	0.000
4	P	0.000	0.839	0.680	0.159	0.000
5	L	0.000	0.839	0.217	0.621	0.000
6	I	0.000	0.839	0.084	0.755	0.000
7	F	0.000	0.839	0.025	0.814	0.000
8	I	0.000	0.839	0.007	0.832	0.000
9	T	0.000	0.839	0.005	0.834	0.000
10	G	0.000	0.839	0.004	0.835	0.000
11	A	0.000	0.839	0.000	0.836	0.003
12	T	0.000	0.839	0.000	0.812	0.027
13	G	0.000	0.839	0.000	0.728	0.110
14	F	0.000	0.839	0.000	0.687	0.152
15	I	0.000	0.839	0.000	0.622	0.217
16	G	0.000	0.839	0.000	0.111	0.727
17	S	0.000	0.838	0.000	0.040	0.798
18	A	0.007	0.831	0.000	0.029	0.802
19	T	0.026	0.806	0.000	0.001	0.805
20	A	0.012	0.794	0.000	0.000	0.793
21	V	0.441	0.353	0.000	0.000	0.353
22	E	0.000	0.353	0.000	0.000	0.353
23	A	0.000	0.353	0.000	0.000	0.353
24	L	0.352	0.000	0.000	0.000	0.000
25	K	0.000	0.000	0.000	0.000	0.000
26	S	0.000	0.000	0.000	0.000	0.000
27	G	0.000	0.000	0.000	0.000	0.000
28	Y	0.000	0.000	0.000	0.000	0.000
29	R	0.000	0.000	0.000	0.000	0.000
30	L	0.000	0.000	0.000	0.000	0.000
31	R	0.000	0.000	0.000	0.000	0.000
32	I	0.000	0.000	0.000	0.000	0.000
33	G	0.000	0.000	0.000	0.000	0.000
34	V	0.000	0.000	0.000	0.000	0.000
35	R	0.000	0.000	0.000	0.000	0.000
36	K	0.000	0.000	0.000	0.000	0.000
37	K	0.000	0.000	0.000	0.000	0.000
38	S	0.000	0.000	0.000	0.000	0.000
39	E	0.000	0.000	0.000	0.000	0.000
40	K	0.000	0.000	0.000	0.000	0.000
>XP_001392506.2
pos	aa	C	S	n-reg	h-reg	c-reg
1	M	0.000	1.000	1.000	0.000	0.000
2	L	0.000	1.000	1.000	0.000	0.000
3	F	0.000	1.000	0.999	0.000	0.000
4	K	0.000	1.000	0.999	0.001	0.000
5	S	0.000	1.000	0.936	0.064	0.000
6	T	0.000	1.000	0.598	0.402	0.000
7	F	0.000	1.000	0.204	0.796	0.000
8	L	0.000	1.000	0.080	0.920	0.000
9	A	0.000	1.000	0.043	0.957	0.000
10	T	0.000	1.000	0.025	0.975	0.000
11	A	0.000	1.000	0.013	0.987	0.000
12	T	0.000	1.000	0.003	0.997	0.000
13	A	0.000	1.000	0.001	0.997	0.001
14	L	0.000	1.000	0.000	0.990	0.010
15	C	0.000	1.000	0.000	0.934	0.066
16	L	0.000	1.000	0.000	0.855	0.145
17	S	0.000	1.000	0.000	0.551	0.449
18	A	0.002	0.998	0.000	0.177	0.821
19	T	0.001	0.997	0.000	0.116	0.881
20	A	0.004	0.993	0.000	0.012	0.981
21	T	0.020	0.974	0.000	0.006	0.967
22	A	0.017	0.957	0.000	0.003	0.954
23	Q	0.458	0.499	0.000	0.000	0.499
24	G	0.006	0.493	0.000	0.000	0.493
25	A	0.451	0.043	0.000	0.000	0.042
26	S	0.002	0.040	0.000	0.000	0.040
27	T	0.011	0.030	0.000	0.000	0.030
28	N	0.024	0.006	0.000	0.000	0.006
29	A	0.000	0.006	0.000	0.000	0.006
30	P	0.004	0.002	0.000	0.000	0.002
31	V	0.000	0.002	0.000	0.000	0.002
32	V	0.000	0.002	0.000	0.000	0.002
33	T	0.000	0.002	0.000	0.000	0.002
34	D	0.002	0.000	0.000	0.000	0.000
35	N	0.000	0.000	0.000	0.000	0.000
36	D	0.000	0.000	0.000	0.000	0.000
37	D	0.000	0.000	0.000	0.000	0.000
38	V	0.000	0.000	0.000	0.000	0.000
39	L	0.000	0.000	0.000	0.000	0.000
40	Y	0.000	0.000	0.000	0.000	0.000
>XP_001392514.1
pos	aa	C	S	n-reg	h-reg	c-reg
1	M	0.000	0.925	0.925	0.000	0.000
2	M	0.000	0.926	0.926	0.000	0.000
3	N	0.000	0.926	0.920	0.005	0.000
4	P	0.000	0.926	0.861	0.064	0.000
5	Y	0.000	0.926	0.716	0.209	0.000
6	I	0.000	0.926	0.226	0.699	0.000
7	S	0.000	0.926	0.022	0.903	0.000
8	W	0.000	0.926	0.004	0.921	0.000
9	A	0.000	0.926	0.000	0.925	0.000
10	L	0.000	0.926	0.000	0.926	0.000
11	L	0.000	0.926	0.000	0.926	0.000
12	L	0.000	0.926	0.000	0.923	0.003
13	V	0.000	0.926	0.000	0.894	0.032
14	V	0.000	0.926	0.000	0.797	0.128
15	A	0.000	0.926	0.000	0.081	0.845
16	G	0.004	0.922	0.000	0.016	0.906
17	G	0.006	0.916	0.000	0.001	0.915
18	L	0.046	0.870	0.000	0.001	0.869
19	G	0.004	0.867	0.000	0.001	0.865
20	W	0.865	0.002	0.000	0.001	0.001
21	Y	0.000	0.002	0.000	0.000	0.001
22	Y	0.000	0.002	0.000	0.000	0.001
23	N	0.000	0.001	0.000	0.000	0.001
24	G	0.000	0.001	0.000	0.000	0.001
25	P	0.001	0.001	0.000	0.000	0.001
26	N	0.001	0.000	0.000	0.000	0.000
27	P	0.000	0.000	0.000	0.000	0.000
28	K	0.000	0.000	0.000	0.000	0.000
29	H	0.000	0.000	0.000	0.000	0.000
30	K	0.000	0.000	0.000	0.000	0.000
31	T	0.000	0.000	0.000	0.000	0.000
32	P	0.000	0.000	0.000	0.000	0.000
33	I	0.000	0.000	0.000	0.000	0.000
34	K	0.000	0.000	0.000	0.000	0.000
35	P	0.000	0.000	0.000	0.000	0.000
36	V	0.000	0.000	0.000	0.000	0.000
37	V	0.000	0.000	0.000	0.000	0.000
38	E	0.000	0.000	0.000	0.000	0.000
39	K	0.000	0.000	0.000	0.000	0.000
40	T	0.000	0.000	0.000	0.000	0.000
>XP_001392542.1
pos	aa	C	S	n-reg	h-reg	c-reg
1	M	0.000	0.002	0.002	0.000	0.000
2	S	0.000	0.002	0.002	0.000	0.000
3	G	0.000	0.002	0.002	0.000	0.000
4	R	0.000	0.002	0.002	0.000	0.000
5	I	0.000	0.002	0.002	0.000	0.000
6	L	0.000	0.002	0.002	0.000	0.000
7	S	0.000	0.002	0.002	0.000	0.000
8	H	0.000	0.002	0.002	0.000	0.000
9	R	0.000	0.002	0.002	0.000	0.000
10	L	0.000	0.002	0.001	0.001	0.000
11	V	0.000	0.002	0.000	0.001	0.000
12	P	0.000	0.002	0.000	0.001	0.000
13	L	0.000	0.002	0.000	0.002	0.000
14	L	0.000	0.002	0.000	0.002	0.000
15	R	0.000	0.002	0.000	0.002	0.000
16	T	0.000	0.002	0.000	0.002	0.000
17	G	0.000	0.002	0.000	0.002	0.000
18	L	0.000	0.002	0.000	0.002	0.000
19	L	0.000	0.002	0.000	0.002	0.000
20	A	0.000	0.002	0.000	0.001	0.000
21	R	0.000	0.002	0.000	0.000	0.001
22	H	0.000	0.002	0.000	0.000	0.002
23	V	0.000	0.002	0.000	0.000	0.002
24	H	0.000	0.002	0.000	0.000	0.002
25	N	0.000	0.002	0.000	0.000	0.002
26	A	0.000	0.002	0.000	0.000	0.002
27	A	0.000	0.002	0.000	0.000	0.002
28	A	0.000	0.002	0.000	0.000	0.002
29	R	0.001	0.000	0.000	0.000	0.000
30	T	0.000	0.000	0.000	0.000	0.000
31	G	0.000	0.000	0.000	0.000	0.000
32	G	0.000	0.000	0.000	0.000	0.000
33	L	0.000	0.000	0.000	0.000	0.000
34	L	0.000	0.000	0.000	0.000	0.000
35	R	0.000	0.000	0.000	0.000	0.000
36	S	0.000	0.000	0.000	0.000	0.000
37	D	0.000	0.000	0.000	0.000	0.000
38	G	0.000	0.000	0.000	0.000	0.000
39	S	0.000	0.000	0.000	0.000	0.000
40	A	0.000	0.000	0.000	0.000	0.000
>XP_001392550.1
pos	aa	C	S	n-reg	h-reg	c-reg
1	M	0.000	0.999	0.999	0.000	0.000
2	F	0.000	0.999	0.999	0.000	0.000
3	I	0.000	0.999	0.344	0.654	0.000
4	L	0.000	0.999	0.013	0.986	0.000
5	I	0.000	0.999	0.004	0.994	0.000
6	L	0.000	0.999	0.000	0.998	0.000
7	F	0.000	0.999	0.000	0.999	0.000
8	L	0.000	0.999	0.000	0.999	0.000
9	A	0.000	0.999	0.000	0.999	0.000
10	L	0.000	0.999	0.000	0.997	0.002
11	L	0.000	0.999	0.000	0.856	0.143
12	A	0.000	0.999	0.000	0.122	0.877
13	Q	0.000	0.999	0.000	0.072	0.927
14	G	0.000	0.998	0.000	0.011	0.987
15	L	0.320	0.679	0.000	0.006	0.673
16	T	0.000	0.678	0.000	0.002	0.676
17	I	0.546	0.133	0.000	0.001	0.131
18	P	0.000	0.133	0.000	0.000	0.133
19	R	0.118	0.015	0.000	0.000	0.015
20	S	0.000	0.015	0.000	0.000	0.015
21	P	0.001	0.014	0.000	0.000	0.014
22	T	0.000	0.013	0.000	0.000	0.013
23	G	0.011	0.002	0.000	0.000	0.002
24	N	0.002	0.000	0.000	0.000	0.000
25	I	0.000	0.000	0.000	0.000	0.000
26	W	0.000	0.000	0.000	0.000	0.000
27	Q	0.000	0.000	0.000	0.000	0.000
28	P	0.000	0.000	0.000	0.000	0.000
29	R	0.000	0.000	0.000	0.000	0.000
30	V	0.000	0.000	0.000	0.000	0.000
31	G	0.000	0.000	0.000	0.000	0.000
32	A	0.000	0.000	0.000	0.000	0.000
33	S	0.000	0.000	0.000	0.000	0.000
34	W	0.000	0.000	0.000	0.000	0.000
35	D	0.000	0.000	0.000	0.000	0.000
36	I	0.000	0.000	0.000	0.000	0.000
37	V	0.000	0.000	0.000	0.000	0.000
38	L	0.000	0.000	0.000	0.000	0.000
39	S	0.000	0.000	0.000	0.000	0.000
40	T	0.000	0.000	0.000	0.000	0.000
>XP_001392567.2
pos	aa	C	S	n-reg	h-reg	c-reg
1	M	0.000	0.999	0.999	0.000	0.000
2	R	0.000	0.999	0.999	0.000	0.000
3	S	0.000	0.999	0.909	0.090	0.000
4	F	0.000	0.999	0.673	0.327	0.000
5	S	0.000	0.999	0.600	0.399	0.000
6	V	0.000	0.999	0.198	0.801	0.000
7	V	0.000	0.999	0.043	0.956	0.000
8	A	0.000	0.999	0.027	0.972	0.000
9	A	0.000	0.999	0.014	0.986	0.000
10	A	0.000	0.999	0.003	0.996	0.000
11	S	0.000	0.999	0.002	0.996	0.001
12	L	0.000	0.999	0.000	0.996	0.003
13	A	0.000	0.999	0.000	0.985	0.014
14	L	0.000	0.999	0.000	0.899	0.100
15	S	0.000	0.999	0.000	0.455	0.544
16	W	0.000	0.999	0.000	0.346	0.653
17	A	0.000	0.999	0.000	0.288	0.711
18	S	0.007	0.992	0.000	0.014	0.978
19	L	0.000	0.992	0.000	0.008	0.983
20	A	0.005	0.987	0.000	0.004	0.983
21	Q	0.044	0.943	0.000	0.000	0.943
22	A	0.002	0.941	0.000	0.000	0.941
23	A	0.916	0.025	0.000	0.000	0.025
24	R	0.001	0.023	0.000	0.000	0.023
25	P	0.000	0.023	0.000	0.000	0.023
26	R	0.023	0.000	0.000	0.000	0.000
27	L	0.000	0.000	0.000	0.000	0.000
28	V	0.000	0.000	0.000	0.000	0.000
29	P	0.000	0.000	0.000	0.000	0.000
30	K	0.000	0.000	0.000	0.000	0.000
31	P	0.000	0.000	0.000	0.000	0.000
32	I	0.000	0.000	0.000	0.000	0.000
33	S	0.000	0.000	0.000	0.000	0.000
34	R	0.000	0.000	0.000	0.000	0.000
35	P	0.000	0.000	0.000	0.000	0.000
36	A	0.000	0.000	0.000	0.000	0.000
37	S	0.000	0.000	0.000	0.000	0.000
38	S	0.000	0.000	0.000	0.000	0.000
39	K	0.000	0.000	0.000	0.000	0.000
40	S	0.000	0.000	0.000	0.000	0.000
>XP_001392575.2
pos	aa	C	S	n-reg	h-reg	c-reg
1	M	0.000	0.187	0.187	0.000	0.000
2	L	0.000	0.187	0.187	0.000	0.000
3	S	0.000	0.187	0.092	0.094	0.000
4	I	0.000	0.187	0.053	0.134	0.000
5	L	0.000	0.187	0.019	0.168	0.000
6	L	0.000	0.187	0.002	0.184	0.000
7	L	0.000	0.187	0.001	0.186	0.000
8	A	0.000	0.187	0.000	0.186	0.000
9	I	0.000	0.187	0.000	0.187	0.000
10	L	0.000	0.187	0.000	0.187	0.000
11	P	0.000	0.187	0.000	0.105	0.082
12	I	0.000	0.187	0.000	0.102	0.084
13	I	0.000	0.187	0.000	0.096	0.091
14	Y	0.000	0.187	0.000	0.071	0.116
15	L	0.000	0.187	0.000	0.061	0.126
16	I	0.087	0.100	0.000	0.045	0.054
17	H	0.000	0.100	0.000	0.000	0.099
18	K	0.000	0.100	0.000	0.000	0.100
19	Y	0.000	0.100	0.000	0.000	0.100
20	F	0.000	0.100	0.000	0.000	0.100
21	T	0.000	0.100	0.000	0.000	0.100
22	D	0.094	0.006	0.000	0.000	0.006
23	P	0.000	0.006	0.000	0.000	0.006
24	L	0.002	0.003	0.000	0.000	0.003
25	S	0.000	0.003	0.000	0.000	0.003
26	R	0.001	0.002	0.000	0.000	0.002
27	I	0.000	0.002	0.000	0.000	0.002
28	P	0.000	0.002	0.000	0.000	0.002
29	P	0.000	0.002	0.000	0.000	0.002
30	A	0.000	0.002	0.000	0.000	0.002
31	H	0.000	0.002	0.000	0.000	0.002
32	P	0.000	0.002	0.000	0.000	0.002
33	L	0.002	0.000	0.000	0.000	0.000
34	S	0.000	0.000	0.000	0.000	0.000
35	P	0.000	0.000	0.000	0.000	0.000
36	Y	0.000	0.000	0.000	0.000	0.000
37	T	0.000	0.000	0.000	0.000	0.000
38	T	0.000	0.000	0.000	0.000	0.000
39	K	0.000	0.000	0.000	0.000	0.000
40	W	0.000	0.000	0.000	0.000	0.000
>XP_001392581.2
pos	aa	C	S	n-reg	h-reg	c-reg
1	M	0.000	0.842	0.842	0.000	0.000
2	K	0.000	0.843	0.843	0.000	0.000
3	G	0.000	0.843	0.577	0.265	0.000
4	A	0.000	0.843	0.363	0.479	0.000
5	A	0.000	0.843	0.254	0.588	0.000
6	F	0.000	0.843	0.121	0.721	0.000
7	L	0.000	0.843	0.079	0.763	0.000
8	V	0.000	0.843	0.074	0.768	0.000
9	F	0.000	0.843	0.071	0.771	0.000
10	P	0.000	0.843	0.071	0.768	0.004
11	A	0.000	0.843	0.066	0.570	0.206
12	S	0.000	0.843	0.058	0.452	0.333
13	T	0.000	0.843	0.035	0.379	0.428
14	L	0.000	0.842	0.013	0.362	0.467
15	A	0.001	0.841	0.009	0.265	0.568
16	G	0.256	0.585	0.005	0.231	0.349
17	S	0.072	0.514	0.002	0.088	0.424
18	V	0.085	0.428	0.000	0.078	0.349
19	L	0.000	0.428	0.000	0.074	0.355
20	W	0.048	0.380	0.000	0.071	0.309
21	S	0.000	0.380	0.000	0.068	0.312
22	G	0.267	0.113	0.000	0.064	0.048
23	I	0.022	0.090	0.000	0.060	0.030
24	F	0.000	0.090	0.000	0.035	0.055
25	N	0.000	0.090	0.000	0.005	0.085
26	S	0.000	0.090	0.000	0.004	0.087
27	S	0.008	0.082	0.000	0.000	0.082
28	Y	0.002	0.080	0.000	0.000	0.080
29	T	0.000	0.080	0.000	0.000	0.080
30	V	0.017	0.064	0.000	0.000	0.064
31	A	0.000	0.064	0.000	0.000	0.064
32	D	0.063	0.001	0.000	0.000	0.001
33	F	0.000	0.001	0.000	0.000	0.001
34	D	0.000	0.001	0.000	0.000	0.001
35	E	0.000	0.001	0.000	0.000	0.001
36	W	0.000	0.001	0.000	0.000	0.001
37	S	0.000	0.001	0.000	0.000	0.001
38	W	0.000	0.001	0.000	0.000	0.001
39	S	0.000	0.001	0.000	0.000	0.001
40	N	0.000	0.000	0.000	0.000	0.000
>XP_001392582.1
pos	aa	C	S	n-reg	h-reg	c-reg
1	M	0.000	0.780	0.780	0.000	0.000
2	V	0.000	0.780	0.780	0.000	0.000
3	A	0.000	0.780	0.768	0.013	0.000
4	F	0.000	0.780	0.754	0.027	0.000
5	S	0.000	0.780	0.751	0.030	0.000
6	R	0.000	0.780	0.741	0.040	0.000
7	I	0.000	0.780	0.164	0.616	0.000
8	S	0.000	0.780	0.143	0.637	0.000
9	A	0.000	0.780	0.132	0.649	0.000
10	G	0.000	0.780	0.123	0.657	0.000
11	F	0.000	0.780	0.093	0.686	0.001
12	A	0.000	0.780	0.048	0.728	0.003
13	L	0.000	0.780	0.012	0.764	0.005
14	A	0.000	0.780	0.007	0.763	0.010
15	A	0.000	0.780	0.004	0.229	0.547
16	P	0.000	0.780	0.000	0.176	0.604
17	A	0.000	0.780	0.000	0.171	0.609
18	L	0.000	0.780	0.000	0.168	0.611
19	A	0.000	0.780	0.000	0.120	0.660
20	S	0.580	0.200	0.000	0.115	0.084
21	V	0.020	0.180	0.000	0.110	0.070
22	V	0.000	0.180	0.000	0.107	0.073
23	L	0.000	0.180	0.000	0.098	0.081
24	E	0.060	0.120	0.000	0.001	0.119
25	T	0.000	0.120	0.000	0.000	0.120
26	V	0.008	0.112	0.000	0.000	0.112
27	K	0.000	0.112	0.000	0.000	0.112
28	S	0.000	0.112	0.000	0.000	0.112
29	V	0.106	0.005	0.000	0.000	0.005
30	P	0.000	0.005	0.000	0.000	0.005
31	S	0.001	0.004	0.000	0.000	0.004
32	D	0.004	0.000	0.000	0.000	0.000
33	W	0.000	0.000	0.000	0.000	0.000
34	K	0.000	0.000	0.000	0.000	0.000
35	L	0.000	0.000	0.000	0.000	0.000
36	V	0.000	0.000	0.000	0.000	0.000
37	E	0.000	0.000	0.000	0.000	0.000
38	A	0.000	0.000	0.000	0.000	0.000
39	A	0.000	0.000	0.000	0.000	0.000
40	D	0.000	0.000	0.000	0.000	0.000
>XP_001392601.2
pos	aa	C	S	n-reg	h-reg	c-reg
1	M	0.000	0.001	0.001	0.000	0.000
2	D	0.000	0.020	0.020	0.000	0.000
3	E	0.000	0.020	0.020	0.000	0.000
4	Y	0.000	0.020	0.020	0.000	0.000
5	S	0.000	0.020	0.020	0.000	0.000
6	E	0.000	0.020	0.020	0.000	0.000
7	E	0.000	0.020	0.020	0.000	0.000
8	R	0.000	0.020	0.020	0.000	0.000
9	L	0.000	0.020	0.020	0.000	0.000
10	H	0.000	0.020	0.020	0.000	0.000
11	Q	0.000	0.020	0.020	0.000	0.000
12	S	0.000	0.020	0.020	0.000	0.000
13	K	0.000	0.020	0.020	0.000	0.000
14	Q	0.000	0.020	0.019	0.001	0.000
15	H	0.000	0.020	0.016	0.004	0.000
16	L	0.000	0.020	0.001	0.019	0.000
17	I	0.000	0.020	0.001	0.019	0.000
18	I	0.000	0.020	0.001	0.019	0.000
19	T	0.000	0.020	0.001	0.019	0.000
20	V	0.000	0.020	0.001	0.019	0.000
21	S	0.000	0.020	0.001	0.019	0.000
22	I	0.000	0.020	0.001	0.019	0.000
23	V	0.000	0.020	0.001	0.019	0.000
24	F	0.000	0.020	0.001	0.019	0.000
25	I	0.000	0.020	0.001	0.019	0.000
26	V	0.000	0.020	0.001	0.019	0.000
27	L	0.000	0.019	0.001	0.018	0.001
28	E	0.000	0.002	0.001	0.000	0.001
29	V	0.000	0.002	0.001	0.000	0.001
30	V	0.000	0.002	0.001	0.000	0.001
31	C	0.000	0.002	0.001	0.000	0.001
32	V	0.001	0.001	0.001	0.000	0.000
33	V	0.000	0.001	0.001	0.000	0.000
34	L	0.000	0.001	0.001	0.000	0.000
35	R	0.000	0.001	0.001	0.000	0.000
36	F	0.000	0.001	0.001	0.000	0.000
37	T	0.000	0.001	0.001	0.000	0.000
38	S	0.000	0.001	0.001	0.000	0.000
39	K	0.000	0.001	0.001	0.000	0.000
40	F	0.000	0.001	0.001	0.000	0.000
