>XP_003188851.1
pos	aa	C	S	n-reg	h-reg	c-reg
1	M	0.000	0.003	0.003	0.000	0.000
2	L	0.000	0.003	0.003	0.000	0.000
3	R	0.000	0.003	0.003	0.000	0.000
4	P	0.000	0.003	0.001	0.002	0.000
5	V	0.000	0.003	0.000	0.003	0.000
6	L	0.000	0.003	0.000	0.003	0.000
7	F	0.000	0.003	0.000	0.003	0.000
8	S	0.000	0.003	0.000	0.003	0.000
9	Q	0.000	0.003	0.000	0.003	0.000
10	A	0.000	0.003	0.000	0.003	0.000
11	V	0.000	0.003	0.000	0.003	0.000
12	T	0.000	0.003	0.000	0.001	0.002
13	A	0.000	0.003	0.000	0.000	0.003
14	A	0.000	0.003	0.000	0.000	0.003
15	F	0.000	0.003	0.000	0.000	0.003
16	A	0.000	0.003	0.000	0.000	0.003
17	D	0.003	0.000	0.000	0.000	0.000
18	N	0.000	0.000	0.000	0.000	0.000
19	P	0.000	0.000	0.000	0.000	0.000
20	K	0.000	0.000	0.000	0.000	0.000
21	F	0.000	0.000	0.000	0.000	0.000
22	D	0.000	0.000	0.000	0.000	0.000
23	L	0.000	0.000	0.000	0.000	0.000
24	V	0.000	0.000	0.000	0.000	0.000
25	I	0.000	0.000	0.000	0.000	0.000
26	E	0.000	0.000	0.000	0.000	0.000
27	V	0.000	0.000	0.000	0.000	0.000
28	G	0.000	0.000	0.000	0.000	0.000
29	P	0.000	0.000	0.000	0.000	0.000
30	H	0.000	0.000	0.000	0.000	0.000
31	P	0.000	0.000	0.000	0.000	0.000
32	T	0.000	0.000	0.000	0.000	0.000
33	L	0.000	0.000	0.000	0.000	0.000
34	K	0.000	0.000	0.000	0.000	0.000
35	A	0.000	0.000	0.000	0.000	0.000
36	P	0.000	0.000	0.000	0.000	0.000
37	F	0.000	0.000	0.000	0.000	0.000
38	L	0.000	0.000	0.000	0.000	0.000
39	Q	0.000	0.000	0.000	0.000	0.000
40	T	0.000	0.000	0.000	0.000	0.000
>XP_003188854.1
pos	aa	C	S	n-reg	h-reg	c-reg
1	M	0.000	0.102	0.102	0.000	0.000
2	L	0.000	0.142	0.142	0.000	0.000
3	G	0.000	0.142	0.138	0.004	0.000
4	L	0.000	0.142	0.125	0.018	0.000
5	P	0.000	0.142	0.124	0.018	0.000
6	S	0.000	0.142	0.119	0.023	0.000
7	A	0.000	0.142	0.097	0.045	0.000
8	M	0.000	0.142	0.083	0.059	0.000
9	I	0.000	0.142	0.073	0.070	0.000
10	A	0.000	0.142	0.067	0.075	0.000
11	Y	0.000	0.142	0.056	0.086	0.001
12	T	0.000	0.142	0.030	0.100	0.013
13	L	0.000	0.142	0.007	0.122	0.013
14	V	0.000	0.142	0.003	0.124	0.016
15	L	0.000	0.142	0.001	0.122	0.020
16	G	0.000	0.142	0.001	0.109	0.033
17	F	0.015	0.127	0.001	0.108	0.018
18	I	0.000	0.127	0.001	0.108	0.019
19	G	0.000	0.127	0.001	0.107	0.019
20	L	0.007	0.120	0.001	0.107	0.012
21	V	0.012	0.106	0.001	0.105	0.000
22	V	0.000	0.103	0.001	0.095	0.007
23	F	0.000	0.093	0.001	0.051	0.041
24	D	0.000	0.071	0.001	0.003	0.067
25	Y	0.000	0.070	0.001	0.003	0.067
26	I	0.000	0.070	0.001	0.002	0.068
27	W	0.000	0.069	0.001	0.001	0.068
28	N	0.000	0.069	0.001	0.000	0.068
29	L	0.000	0.069	0.001	0.000	0.068
30	A	0.001	0.068	0.001	0.000	0.067
31	Q	0.065	0.003	0.001	0.000	0.002
32	N	0.002	0.001	0.001	0.000	0.000
33	I	0.000	0.001	0.001	0.000	0.000
34	R	0.000	0.001	0.001	0.000	0.000
35	K	0.000	0.001	0.001	0.000	0.000
36	A	0.000	0.001	0.001	0.000	0.000
37	Q	0.000	0.001	0.001	0.000	0.000
38	R	0.000	0.001	0.001	0.000	0.000
39	T	0.000	0.001	0.001	0.000	0.000
40	K	0.000	0.001	0.001	0.000	0.000
>XP_003188864.1
pos	aa	C	S	n-reg	h-reg	c-reg
1	M	0.000	1.000	1.000	0.000	0.000
2	K	0.000	1.000	1.000	0.000	0.000
3	I	0.000	1.000	0.786	0.214	0.000
4	L	0.000	1.000	0.477	0.523	0.000
5	S	0.000	1.000	0.411	0.589	0.000
6	V	0.000	1.000	0.184	0.816	0.000
7	A	0.000	1.000	0.090	0.910	0.000
8	T	0.000	1.000	0.050	0.950	0.000
9	A	0.000	1.000	0.025	0.975	0.000
10	L	0.000	1.000	0.003	0.997	0.000
11	A	0.000	1.000	0.001	0.998	0.001
12	L	0.000	1.000	0.000	0.986	0.013
13	L	0.000	1.000	0.000	0.942	0.058
14	F	0.000	1.000	0.000	0.835	0.165
15	I	0.000	1.000	0.000	0.707	0.293
16	T	0.000	1.000	0.000	0.242	0.758
17	L	0.000	1.000	0.000	0.221	0.779
18	V	0.000	1.000	0.000	0.030	0.969
19	T	0.000	1.000	0.000	0.009	0.991
20	A	0.001	0.999	0.000	0.004	0.995
21	L	0.746	0.253	0.000	0.003	0.250
22	S	0.005	0.248	0.000	0.001	0.247
23	I	0.241	0.007	0.000	0.001	0.007
24	P	0.000	0.007	0.000	0.000	0.007
25	P	0.000	0.007	0.000	0.000	0.007
26	A	0.001	0.006	0.000	0.000	0.006
27	A	0.002	0.005	0.000	0.000	0.005
28	R	0.002	0.002	0.000	0.000	0.002
29	D	0.000	0.002	0.000	0.000	0.002
30	A	0.000	0.002	0.000	0.000	0.002
31	S	0.001	0.001	0.000	0.000	0.001
32	L	0.000	0.001	0.000	0.000	0.001
33	S	0.000	0.001	0.000	0.000	0.001
34	A	0.001	0.001	0.000	0.000	0.001
35	D	0.000	0.000	0.000	0.000	0.000
36	S	0.000	0.000	0.000	0.000	0.000
37	S	0.000	0.000	0.000	0.000	0.000
38	S	0.000	0.000	0.000	0.000	0.000
39	L	0.000	0.000	0.000	0.000	0.000
40	L	0.000	0.000	0.000	0.000	0.000
>XP_003188874.1
pos	aa	C	S	n-reg	h-reg	c-reg
1	M	0.000	0.938	0.938	0.000	0.000
2	P	0.000	0.946	0.946	0.000	0.000
3	S	0.000	0.946	0.893	0.052	0.000
4	H	0.000	0.946	0.774	0.172	0.000
5	A	0.000	0.946	0.101	0.845	0.000
6	G	0.000	0.946	0.047	0.899	0.000
7	L	0.000	0.946	0.001	0.945	0.000
8	F	0.000	0.946	0.000	0.946	0.000
9	T	0.000	0.946	0.000	0.946	0.000
10	A	0.000	0.946	0.000	0.946	0.000
11	F	0.000	0.946	0.000	0.939	0.007
12	T	0.000	0.946	0.000	0.912	0.033
13	G	0.000	0.946	0.000	0.119	0.827
14	C	0.000	0.946	0.000	0.071	0.874
15	V	0.000	0.946	0.000	0.010	0.935
16	L	0.000	0.946	0.000	0.010	0.935
17	A	0.009	0.937	0.000	0.010	0.926
18	I	0.926	0.010	0.000	0.010	0.001
19	D	0.000	0.002	0.000	0.000	0.002
20	N	0.000	0.002	0.000	0.000	0.002
21	D	0.000	0.002	0.000	0.000	0.002
22	N	0.000	0.002	0.000	0.000	0.002
23	R	0.000	0.002	0.000	0.000	0.002
24	L	0.000	0.002	0.000	0.000	0.002
25	T	0.000	0.002	0.000	0.000	0.002
26	L	0.000	0.002	0.000	0.000	0.002
27	H	0.002	0.000	0.000	0.000	0.000
28	P	0.000	0.000	0.000	0.000	0.000
29	K	0.000	0.000	0.000	0.000	0.000
30	D	0.000	0.000	0.000	0.000	0.000
31	H	0.000	0.000	0.000	0.000	0.000
32	Q	0.000	0.000	0.000	0.000	0.000
33	P	0.000	0.000	0.000	0.000	0.000
34	G	0.000	0.000	0.000	0.000	0.000
35	L	0.000	0.000	0.000	0.000	0.000
36	R	0.000	0.000	0.000	0.000	0.000
37	D	0.000	0.000	0.000	0.000	0.000
38	K	0.000	0.000	0.000	0.000	0.000
39	L	0.000	0.000	0.000	0.000	0.000
40	R	0.000	0.000	0.000	0.000	0.000
>XP_003188877.1
pos	aa	C	S	n-reg	h-reg	c-reg
1	M	0.000	0.959	0.959	0.000	0.000
2	S	0.000	0.963	0.963	0.000	0.000
3	L	0.000	0.963	0.963	0.000	0.000
4	S	0.000	0.963	0.963	0.000	0.000
5	I	0.000	0.963	0.963	0.000	0.000
6	A	0.000	0.963	0.963	0.000	0.000
7	K	0.000	0.963	0.963	0.000	0.000
8	G	0.000	0.963	0.963	0.000	0.000
9	N	0.000	0.963	0.963	0.000	0.000
10	T	0.000	0.963	0.963	0.000	0.000
11	R	0.000	0.963	0.963	0.000	0.000
12	L	0.000	0.963	0.963	0.000	0.000
13	D	0.000	0.963	0.963	0.000	0.000
14	K	0.000	0.963	0.962	0.001	0.000
15	V	0.000	0.963	0.757	0.206	0.000
16	F	0.000	0.963	0.623	0.340	0.000
17	L	0.000	0.963	0.497	0.467	0.000
18	S	0.000	0.963	0.460	0.503	0.000
19	S	0.000	0.963	0.350	0.613	0.000
20	V	0.000	0.963	0.166	0.797	0.000
21	S	0.000	0.963	0.122	0.841	0.000
22	A	0.000	0.963	0.068	0.895	0.000
23	G	0.000	0.963	0.018	0.935	0.009
24	C	0.000	0.963	0.004	0.946	0.013
25	L	0.000	0.963	0.001	0.940	0.022
26	L	0.000	0.963	0.001	0.905	0.058
27	A	0.000	0.963	0.001	0.686	0.276
28	L	0.006	0.957	0.000	0.588	0.369
29	A	0.000	0.957	0.000	0.399	0.557
30	C	0.015	0.942	0.000	0.363	0.579
31	G	0.001	0.940	0.000	0.043	0.897
32	T	0.083	0.857	0.000	0.024	0.833
33	A	0.008	0.849	0.000	0.019	0.829
34	L	0.213	0.636	0.000	0.014	0.622
35	S	0.017	0.617	0.000	0.005	0.612
36	T	0.556	0.061	0.000	0.001	0.059
37	N	0.011	0.049	0.000	0.000	0.048
38	T	0.000	0.049	0.000	0.000	0.048
39	S	0.023	0.026	0.000	0.000	0.025
40	T	0.006	0.020	0.000	0.000	0.020
>XP_003188888.1
pos	aa	C	S	n-reg	h-reg	c-reg
1	M	0.000	0.226	0.226	0.000	0.000
2	A	0.000	0.988	0.988	0.000	0.000
3	N	0.000	0.988	0.988	0.000	0.000
4	R	0.000	0.988	0.988	0.000	0.000
5	Q	0.000	0.988	0.988	0.000	0.000
6	I	0.000	0.988	0.988	0.000	0.000
7	T	0.000	0.988	0.988	0.000	0.000
8	R	0.000	0.988	0.988	0.000	0.000
9	R	0.000	0.988	0.987	0.001	0.000
10	I	0.000	0.988	0.440	0.548	0.000
11	L	0.000	0.988	0.255	0.733	0.000
12	I	0.000	0.988	0.168	0.820	0.000
13	S	0.000	0.988	0.136	0.852	0.000
14	A	0.000	0.988	0.072	0.916	0.000
15	A	0.000	0.988	0.027	0.961	0.000
16	I	0.000	0.988	0.008	0.980	0.000
17	A	0.000	0.988	0.003	0.984	0.000
18	I	0.000	0.988	0.001	0.987	0.000
19	F	0.000	0.988	0.000	0.987	0.000
20	L	0.000	0.988	0.000	0.982	0.005
21	L	0.000	0.988	0.000	0.951	0.037
22	F	0.000	0.984	0.000	0.904	0.080
23	V	0.000	0.972	0.000	0.874	0.098
24	F	0.000	0.941	0.000	0.787	0.154
25	F	0.000	0.866	0.000	0.690	0.177
26	I	0.000	0.683	0.000	0.477	0.207
27	R	0.000	0.225	0.000	0.002	0.223
28	P	0.000	0.225	0.000	0.000	0.225
29	E	0.191	0.035	0.000	0.000	0.035
30	G	0.000	0.035	0.000	0.000	0.035
31	P	0.012	0.023	0.000	0.000	0.023
32	P	0.001	0.022	0.000	0.000	0.022
33	S	0.006	0.016	0.000	0.000	0.016
34	P	0.000	0.016	0.000	0.000	0.016
35	A	0.000	0.015	0.000	0.000	0.015
36	I	0.015	0.000	0.000	0.000	0.000
37	R	0.000	0.000	0.000	0.000	0.000
38	A	0.000	0.000	0.000	0.000	0.000
39	P	0.000	0.000	0.000	0.000	0.000
40	G	0.000	0.000	0.000	0.000	0.000
>XP_003188897.1
pos	aa	C	S	n-reg	h-reg	c-reg
1	M	0.000	0.001	0.001	0.000	0.000
2	S	0.000	0.995	0.995	0.000	0.000
3	I	0.000	0.995	0.995	0.000	0.000
4	G	0.000	0.995	0.995	0.000	0.000
5	K	0.000	0.995	0.995	0.000	0.000
6	I	0.000	0.995	0.995	0.000	0.000
7	I	0.000	0.995	0.995	0.000	0.000
8	G	0.000	0.995	0.995	0.000	0.000
9	K	0.000	0.995	0.995	0.000	0.000
10	I	0.000	0.995	0.350	0.645	0.000
11	I	0.000	0.995	0.156	0.839	0.000
12	I	0.000	0.995	0.096	0.899	0.000
13	I	0.000	0.995	0.078	0.917	0.000
14	P	0.000	0.995	0.072	0.923	0.000
15	I	0.000	0.995	0.022	0.972	0.000
16	L	0.000	0.995	0.007	0.988	0.000
17	V	0.000	0.995	0.001	0.994	0.000
18	I	0.000	0.995	0.000	0.995	0.000
19	I	0.000	0.995	0.000	0.995	0.000
20	F	0.000	0.995	0.000	0.994	0.000
21	I	0.000	0.995	0.000	0.994	0.001
22	C	0.000	0.993	0.000	0.991	0.001
23	V	0.000	0.989	0.000	0.988	0.001
24	C	0.000	0.979	0.000	0.977	0.001
25	I	0.001	0.962	0.000	0.962	0.000
26	Y	0.000	0.923	0.000	0.923	0.000
27	F	0.000	0.889	0.000	0.889	0.000
28	L	0.000	0.808	0.000	0.808	0.000
29	I	0.000	0.571	0.000	0.571	0.000
30	K	0.000	0.000	0.000	0.000	0.000
31	H	0.000	0.000	0.000	0.000	0.000
32	R	0.000	0.000	0.000	0.000	0.000
33	R	0.000	0.000	0.000	0.000	0.000
34	D	0.000	0.000	0.000	0.000	0.000
35	R	0.000	0.000	0.000	0.000	0.000
36	K	0.000	0.000	0.000	0.000	0.000
37	R	0.000	0.000	0.000	0.000	0.000
38	E	0.000	0.000	0.000	0.000	0.000
39	R	0.000	0.000	0.000	0.000	0.000
40	R	0.000	0.000	0.000	0.000	0.000
>XP_003188914.1
pos	aa	C	S	n-reg	h-reg	c-reg
1	M	0.000	0.047	0.047	0.000	0.000
2	T	0.000	0.708	0.708	0.000	0.000
3	L	0.000	0.708	0.680	0.028	0.000
4	F	0.000	0.708	0.669	0.039	0.000
5	W	0.000	0.708	0.669	0.039	0.000
6	I	0.000	0.708	0.669	0.039	0.000
7	L	0.000	0.708	0.669	0.039	0.000
8	N	0.000	0.708	0.669	0.039	0.000
9	S	0.000	0.708	0.669	0.039	0.000
10	F	0.000	0.708	0.669	0.039	0.000
11	M	0.000	0.708	0.669	0.035	0.003
12	R	0.000	0.708	0.669	0.000	0.038
13	W	0.000	0.708	0.669	0.000	0.038
14	V	0.000	0.708	0.669	0.000	0.039
15	R	0.000	0.708	0.669	0.000	0.039
16	L	0.000	0.708	0.669	0.000	0.039
17	K	0.039	0.669	0.669	0.000	0.000
18	I	0.000	0.669	0.669	0.000	0.000
19	Y	0.000	0.669	0.669	0.000	0.000
20	Q	0.000	0.669	0.669	0.000	0.000
21	Y	0.000	0.669	0.669	0.000	0.000
22	E	0.000	0.669	0.669	0.000	0.000
23	V	0.000	0.669	0.669	0.000	0.000
24	T	0.000	0.669	0.669	0.000	0.000
25	F	0.000	0.669	0.669	0.000	0.000
26	A	0.000	0.669	0.669	0.000	0.000
27	V	0.000	0.669	0.669	0.000	0.000
28	Y	0.000	0.669	0.669	0.000	0.000
29	M	0.000	0.669	0.669	0.000	0.000
30	L	0.000	0.669	0.669	0.000	0.000
31	T	0.000	0.669	0.669	0.000	0.000
32	P	0.000	0.669	0.669	0.000	0.000
33	T	0.000	0.669	0.669	0.000	0.000
34	E	0.000	0.669	0.669	0.000	0.000
35	K	0.000	0.669	0.669	0.000	0.000
36	F	0.000	0.669	0.603	0.066	0.000
37	I	0.000	0.669	0.573	0.096	0.000
38	F	0.000	0.669	0.563	0.106	0.000
39	N	0.000	0.669	0.559	0.110	0.000
40	S	0.000	0.669	0.435	0.234	0.000
>XP_003188915.1
pos	aa	C	S	n-reg	h-reg	c-reg
1	M	0.000	0.809	0.809	0.000	0.000
2	G	0.000	0.841	0.841	0.000	0.000
3	A	0.000	0.841	0.599	0.242	0.000
4	V	0.000	0.841	0.305	0.536	0.000
5	V	0.000	0.841	0.210	0.631	0.000
6	S	0.000	0.841	0.186	0.655	0.000
7	C	0.000	0.841	0.136	0.705	0.000
8	I	0.000	0.841	0.107	0.734	0.000
9	T	0.000	0.841	0.090	0.751	0.000
10	S	0.000	0.841	0.074	0.766	0.001
11	I	0.000	0.841	0.044	0.778	0.018
12	F	0.000	0.841	0.032	0.640	0.170
13	H	0.000	0.841	0.028	0.266	0.547
14	A	0.000	0.841	0.016	0.241	0.584
15	I	0.003	0.837	0.006	0.230	0.602
16	G	0.000	0.837	0.003	0.211	0.623
17	A	0.151	0.686	0.001	0.173	0.512
18	C	0.314	0.373	0.001	0.160	0.212
19	L	0.035	0.337	0.000	0.140	0.197
20	M	0.048	0.287	0.000	0.105	0.182
21	G	0.000	0.285	0.000	0.075	0.210
22	I	0.083	0.200	0.000	0.068	0.131
23	V	0.000	0.195	0.000	0.040	0.155
24	N	0.000	0.181	0.000	0.012	0.169
25	T	0.000	0.181	0.000	0.011	0.170
26	I	0.054	0.127	0.000	0.009	0.117
27	G	0.000	0.126	0.000	0.008	0.118
28	A	0.094	0.031	0.000	0.005	0.026
29	V	0.017	0.014	0.000	0.004	0.010
30	C	0.000	0.012	0.000	0.003	0.010
31	K	0.002	0.008	0.000	0.000	0.007
32	A	0.000	0.008	0.000	0.000	0.007
33	I	0.007	0.000	0.000	0.000	0.000
34	I	0.000	0.000	0.000	0.000	0.000
35	D	0.000	0.000	0.000	0.000	0.000
36	G	0.000	0.000	0.000	0.000	0.000
37	V	0.000	0.000	0.000	0.000	0.000
38	V	0.000	0.000	0.000	0.000	0.000
39	T	0.000	0.000	0.000	0.000	0.000
40	L	0.000	0.000	0.000	0.000	0.000
>XP_003188933.1
pos	aa	C	S	n-reg	h-reg	c-reg
1	M	0.000	0.501	0.501	0.000	0.000
2	P	0.000	0.502	0.502	0.000	0.000
3	L	0.000	0.502	0.429	0.073	0.000
4	L	0.000	0.502	0.415	0.087	0.000
5	S	0.000	0.502	0.413	0.089	0.000
6	W	0.000	0.502	0.404	0.097	0.000
7	I	0.000	0.502	0.387	0.114	0.000
8	T	0.000	0.502	0.380	0.121	0.000
9	G	0.000	0.502	0.370	0.132	0.000
10	W	0.000	0.502	0.352	0.149	0.000
11	A	0.000	0.502	0.318	0.144	0.039
12	N	0.000	0.502	0.293	0.155	0.054
13	V	0.000	0.502	0.207	0.239	0.056
14	T	0.000	0.502	0.177	0.252	0.072
15	G	0.000	0.502	0.140	0.274	0.088
16	W	0.030	0.472	0.113	0.291	0.068
17	V	0.000	0.472	0.066	0.336	0.071
18	A	0.000	0.472	0.051	0.342	0.079
19	L	0.020	0.452	0.043	0.332	0.077
20	T	0.007	0.445	0.041	0.298	0.106
21	A	0.023	0.422	0.038	0.271	0.112
22	T	0.005	0.417	0.038	0.242	0.137
23	G	0.011	0.406	0.037	0.124	0.245
24	G	0.026	0.380	0.034	0.113	0.233
25	L	0.015	0.365	0.027	0.116	0.222
26	L	0.003	0.362	0.023	0.108	0.231
27	G	0.021	0.341	0.022	0.095	0.224
28	S	0.172	0.169	0.021	0.053	0.094
29	E	0.013	0.155	0.020	0.021	0.115
30	L	0.000	0.155	0.001	0.039	0.115
31	I	0.007	0.148	0.000	0.040	0.108
32	L	0.000	0.148	0.000	0.038	0.110
33	G	0.004	0.144	0.000	0.034	0.110
34	V	0.031	0.113	0.000	0.034	0.079
35	I	0.000	0.113	0.000	0.033	0.079
36	S	0.000	0.113	0.000	0.030	0.083
37	L	0.071	0.042	0.000	0.026	0.016
38	M	0.004	0.038	0.000	0.005	0.032
39	H	0.000	0.038	0.000	0.001	0.037
40	P	0.000	0.038	0.000	0.000	0.037
>XP_003188934.1
pos	aa	C	S	n-reg	h-reg	c-reg
1	M	0.000	0.993	0.993	0.000	0.000
2	V	0.000	0.993	0.993	0.000	0.000
3	K	0.000	0.993	0.992	0.001	0.000
4	G	0.000	0.993	0.836	0.158	0.000
5	G	0.000	0.993	0.525	0.468	0.000
6	V	0.000	0.993	0.168	0.825	0.000
7	A	0.000	0.993	0.077	0.917	0.000
8	F	0.000	0.993	0.031	0.963	0.000
9	L	0.000	0.993	0.005	0.989	0.000
10	A	0.000	0.993	0.002	0.991	0.000
11	F	0.000	0.993	0.000	0.993	0.000
12	A	0.000	0.993	0.000	0.967	0.026
13	G	0.000	0.993	0.000	0.607	0.386
14	P	0.000	0.993	0.000	0.510	0.484
15	A	0.000	0.993	0.000	0.483	0.511
16	L	0.000	0.993	0.000	0.451	0.542
17	A	0.000	0.993	0.000	0.111	0.882
18	G	0.405	0.588	0.000	0.069	0.519
19	V	0.017	0.571	0.000	0.011	0.560
20	I	0.000	0.571	0.000	0.004	0.567
21	A	0.000	0.571	0.000	0.001	0.570
22	R	0.411	0.160	0.000	0.000	0.160
23	G	0.000	0.160	0.000	0.000	0.160
24	G	0.154	0.006	0.000	0.000	0.006
25	E	0.004	0.002	0.000	0.000	0.002
26	P	0.000	0.002	0.000	0.000	0.002
27	G	0.001	0.000	0.000	0.000	0.000
28	G	0.000	0.000	0.000	0.000	0.000
29	E	0.000	0.000	0.000	0.000	0.000
30	P	0.000	0.000	0.000	0.000	0.000
31	Q	0.000	0.000	0.000	0.000	0.000
32	V	0.000	0.000	0.000	0.000	0.000
33	G	0.000	0.000	0.000	0.000	0.000
34	T	0.000	0.000	0.000	0.000	0.000
35	I	0.000	0.000	0.000	0.000	0.000
36	V	0.000	0.000	0.000	0.000	0.000
37	G	0.000	0.000	0.000	0.000	0.000
38	T	0.000	0.000	0.000	0.000	0.000
39	N	0.000	0.000	0.000	0.000	0.000
40	Y	0.000	0.000	0.000	0.000	0.000
>XP_003188942.1
pos	aa	C	S	n-reg	h-reg	c-reg
1	M	0.000	0.994	0.994	0.000	0.000
2	P	0.000	0.994	0.994	0.000	0.000
3	S	0.000	0.994	0.981	0.013	0.000
4	W	0.000	0.994	0.913	0.081	0.000
5	I	0.000	0.994	0.838	0.156	0.000
6	V	0.000	0.994	0.806	0.188	0.000
7	K	0.000	0.994	0.794	0.200	0.000
8	L	0.000	0.994	0.024	0.970	0.000
9	G	0.000	0.994	0.010	0.984	0.000
10	A	0.000	0.994	0.003	0.991	0.000
11	L	0.000	0.994	0.001	0.993	0.001
12	V	0.000	0.994	0.000	0.991	0.003
13	A	0.000	0.994	0.000	0.971	0.023
14	L	0.000	0.994	0.000	0.959	0.035
15	A	0.000	0.994	0.000	0.919	0.075
16	H	0.003	0.991	0.000	0.056	0.935
17	T	0.000	0.991	0.000	0.023	0.969
18	V	0.004	0.987	0.000	0.017	0.970
19	A	0.000	0.987	0.000	0.013	0.975
20	G	0.026	0.961	0.000	0.006	0.955
21	S	0.891	0.071	0.000	0.001	0.070
22	Q	0.048	0.022	0.000	0.000	0.022
23	I	0.005	0.017	0.000	0.000	0.017
24	S	0.000	0.017	0.000	0.000	0.017
25	L	0.003	0.014	0.000	0.000	0.014
26	R	0.006	0.007	0.000	0.000	0.007
27	T	0.000	0.007	0.000	0.000	0.007
28	T	0.003	0.005	0.000	0.000	0.005
29	T	0.004	0.000	0.000	0.000	0.000
30	P	0.000	0.000	0.000	0.000	0.000
31	P	0.000	0.000	0.000	0.000	0.000
32	A	0.000	0.000	0.000	0.000	0.000
33	N	0.000	0.000	0.000	0.000	0.000
34	E	0.000	0.000	0.000	0.000	0.000
35	Y	0.000	0.000	0.000	0.000	0.000
36	V	0.000	0.000	0.000	0.000	0.000
37	T	0.000	0.000	0.000	0.000	0.000
38	H	0.000	0.000	0.000	0.000	0.000
39	C	0.000	0.000	0.000	0.000	0.000
40	T	0.000	0.000	0.000	0.000	0.000
>XP_003188947.1
pos	aa	C	S	n-reg	h-reg	c-reg
1	M	0.000	0.916	0.916	0.000	0.000
2	G	0.000	0.922	0.922	0.000	0.000
3	S	0.000	0.922	0.922	0.000	0.000
4	H	0.000	0.922	0.922	0.000	0.000
5	M	0.000	0.922	0.922	0.000	0.000
6	S	0.000	0.922	0.922	0.000	0.000
7	D	0.000	0.922	0.922	0.000	0.000
8	R	0.000	0.922	0.915	0.007	0.000
9	V	0.000	0.922	0.332	0.590	0.000
10	V	0.000	0.922	0.159	0.764	0.000
11	W	0.000	0.922	0.099	0.823	0.000
12	V	0.000	0.922	0.018	0.904	0.000
13	C	0.000	0.922	0.003	0.919	0.000
14	L	0.000	0.922	0.000	0.922	0.000
15	G	0.000	0.922	0.000	0.922	0.000
16	V	0.000	0.922	0.000	0.922	0.000
17	S	0.000	0.922	0.000	0.856	0.066
18	L	0.000	0.922	0.000	0.842	0.080
19	F	0.000	0.922	0.000	0.815	0.108
20	F	0.000	0.922	0.000	0.365	0.557
21	A	0.000	0.921	0.000	0.104	0.817
22	V	0.002	0.917	0.000	0.024	0.893
23	R	0.000	0.914	0.000	0.000	0.913
24	G	0.000	0.914	0.000	0.000	0.913
25	I	0.853	0.060	0.000	0.000	0.060
26	V	0.000	0.060	0.000	0.000	0.060
27	T	0.000	0.060	0.000	0.000	0.060
28	D	0.059	0.002	0.000	0.000	0.002
29	L	0.000	0.002	0.000	0.000	0.002
30	R	0.002	0.000	0.000	0.000	0.000
31	R	0.000	0.000	0.000	0.000	0.000
32	V	0.000	0.000	0.000	0.000	0.000
33	R	0.000	0.000	0.000	0.000	0.000
34	E	0.000	0.000	0.000	0.000	0.000
35	L	0.000	0.000	0.000	0.000	0.000
36	T	0.000	0.000	0.000	0.000	0.000
37	E	0.000	0.000	0.000	0.000	0.000
38	I	0.000	0.000	0.000	0.000	0.000
39	K	0.000	0.000	0.000	0.000	0.000
40	H	0.000	0.000	0.000	0.000	0.000
>XP_003188948.1
pos	aa	C	S	n-reg	h-reg	c-reg
1	M	0.000	0.997	0.997	0.000	0.000
2	L	0.000	1.000	1.000	0.000	0.000
3	L	0.000	1.000	1.000	0.000	0.000
4	R	0.000	1.000	1.000	0.000	0.000
5	H	0.000	1.000	1.000	0.000	0.000
6	S	0.000	1.000	1.000	0.000	0.000
7	A	0.000	1.000	0.998	0.002	0.000
8	S	0.000	1.000	0.996	0.004	0.000
9	R	0.000	1.000	0.989	0.011	0.000
10	V	0.000	1.000	0.375	0.625	0.000
11	L	0.000	1.000	0.121	0.879	0.000
12	F	0.000	1.000	0.073	0.927	0.000
13	L	0.000	1.000	0.043	0.957	0.000
14	F	0.000	1.000	0.028	0.972	0.000
15	S	0.000	1.000	0.021	0.978	0.000
16	A	0.000	1.000	0.012	0.987	0.000
17	F	0.000	1.000	0.004	0.995	0.000
18	L	0.000	1.000	0.001	0.988	0.011
19	L	0.000	1.000	0.000	0.933	0.067
20	W	0.000	1.000	0.000	0.834	0.166
21	T	0.000	1.000	0.000	0.670	0.330
22	S	0.001	0.999	0.000	0.135	0.865
23	F	0.001	0.999	0.000	0.079	0.920
24	V	0.000	0.999	0.000	0.064	0.934
25	V	0.000	0.998	0.000	0.044	0.954
26	A	0.000	0.997	0.000	0.016	0.982
27	S	0.521	0.475	0.000	0.008	0.468
28	S	0.143	0.331	0.000	0.005	0.326
29	P	0.022	0.309	0.000	0.000	0.309
30	A	0.183	0.126	0.000	0.000	0.126
31	S	0.068	0.058	0.000	0.000	0.058
32	F	0.001	0.058	0.000	0.000	0.057
33	C	0.000	0.058	0.000	0.000	0.057
34	K	0.049	0.009	0.000	0.000	0.009
35	C	0.000	0.009	0.000	0.000	0.009
36	T	0.004	0.005	0.000	0.000	0.005
37	C	0.000	0.005	0.000	0.000	0.005
38	F	0.003	0.002	0.000	0.000	0.002
39	S	0.000	0.002	0.000	0.000	0.002
40	N	0.001	0.001	0.000	0.000	0.001
>XP_003188958.1
pos	aa	C	S	n-reg	h-reg	c-reg
1	M	0.000	1.000	1.000	0.000	0.000
2	V	0.000	1.000	1.000	0.000	0.000
3	R	0.000	1.000	0.995	0.005	0.000
4	L	0.000	1.000	0.516	0.483	0.000
5	M	0.000	1.000	0.420	0.580	0.000
6	T	0.000	1.000	0.253	0.747	0.000
7	L	0.000	1.000	0.057	0.943	0.000
8	G	0.000	1.000	0.037	0.963	0.000
9	L	0.000	1.000	0.005	0.994	0.000
10	F	0.000	1.000	0.001	0.999	0.000
11	L	0.000	1.000	0.000	0.999	0.000
12	I	0.000	1.000	0.000	0.958	0.042
13	S	0.000	1.000	0.000	0.827	0.173
14	A	0.000	1.000	0.000	0.789	0.211
15	L	0.001	0.999	0.000	0.512	0.487
16	T	0.000	0.999	0.000	0.230	0.770
17	A	0.011	0.988	0.000	0.110	0.878
18	Q	0.088	0.900	0.000	0.037	0.864
19	A	0.010	0.890	0.000	0.010	0.880
20	C	0.489	0.401	0.000	0.009	0.393
21	T	0.014	0.388	0.000	0.000	0.387
22	Y	0.056	0.332	0.000	0.000	0.331
23	C	0.000	0.331	0.000	0.000	0.331
24	Q	0.222	0.109	0.000	0.000	0.109
25	C	0.000	0.109	0.000	0.000	0.109
26	E	0.101	0.008	0.000	0.000	0.008
27	F	0.000	0.008	0.000	0.000	0.008
28	S	0.000	0.008	0.000	0.000	0.008
29	D	0.000	0.008	0.000	0.000	0.008
30	S	0.000	0.008	0.000	0.000	0.008
31	S	0.001	0.006	0.000	0.000	0.006
32	H	0.000	0.006	0.000	0.000	0.006
33	C	0.000	0.006	0.000	0.000	0.006
34	C	0.003	0.004	0.000	0.000	0.004
35	V	0.000	0.004	0.000	0.000	0.004
36	Y	0.000	0.004	0.000	0.000	0.004
37	S	0.000	0.004	0.000	0.000	0.004
38	D	0.001	0.002	0.000	0.000	0.002
39	A	0.000	0.002	0.000	0.000	0.002
40	T	0.001	0.001	0.000	0.000	0.001
>XP_003188982.1
pos	aa	C	S	n-reg	h-reg	c-reg
1	M	0.000	0.922	0.922	0.000	0.000
2	P	0.000	0.998	0.998	0.000	0.000
3	P	0.000	0.998	0.998	0.000	0.000
4	H	0.000	0.998	0.998	0.000	0.000
5	L	0.000	0.998	0.998	0.000	0.000
6	H	0.000	0.998	0.998	0.000	0.000
7	P	0.000	0.998	0.998	0.000	0.000
8	R	0.000	0.998	0.998	0.000	0.000
9	S	0.000	0.998	0.998	0.000	0.000
10	R	0.000	0.998	0.998	0.000	0.000
11	S	0.000	0.998	0.980	0.018	0.000
12	T	0.000	0.998	0.937	0.061	0.000
13	S	0.000	0.998	0.875	0.123	0.000
14	S	0.000	0.998	0.741	0.257	0.000
15	L	0.000	0.998	0.483	0.515	0.000
16	F	0.000	0.998	0.413	0.585	0.000
17	A	0.000	0.998	0.376	0.622	0.000
18	G	0.000	0.998	0.289	0.709	0.000
19	T	0.000	0.998	0.128	0.870	0.001
20	L	0.000	0.998	0.030	0.966	0.002
21	L	0.000	0.998	0.008	0.980	0.011
22	A	0.000	0.998	0.001	0.956	0.041
23	S	0.000	0.998	0.001	0.903	0.094
24	L	0.000	0.997	0.000	0.804	0.193
25	V	0.001	0.996	0.000	0.736	0.260
26	V	0.000	0.995	0.000	0.570	0.425
27	V	0.000	0.990	0.000	0.491	0.499
28	G	0.000	0.976	0.000	0.418	0.558
29	L	0.233	0.732	0.000	0.391	0.341
30	P	0.006	0.692	0.000	0.019	0.674
31	H	0.200	0.488	0.000	0.008	0.480
32	V	0.000	0.488	0.000	0.007	0.480
33	F	0.000	0.486	0.000	0.006	0.480
34	P	0.000	0.483	0.000	0.002	0.481
35	C	0.460	0.022	0.000	0.001	0.021
36	P	0.001	0.020	0.000	0.000	0.020
37	A	0.000	0.020	0.000	0.000	0.020
38	P	0.007	0.013	0.000	0.000	0.013
39	R	0.001	0.013	0.000	0.000	0.013
40	R	0.000	0.013	0.000	0.000	0.013
>XP_003188986.1
pos	aa	C	S	n-reg	h-reg	c-reg
1	M	0.000	1.000	1.000	0.000	0.000
2	K	0.000	1.000	1.000	0.000	0.000
3	S	0.000	1.000	0.832	0.168	0.000
4	I	0.000	1.000	0.295	0.704	0.000
5	L	0.000	1.000	0.144	0.856	0.000
6	I	0.000	1.000	0.051	0.949	0.000
7	L	0.000	1.000	0.009	0.991	0.000
8	L	0.000	1.000	0.005	0.995	0.000
9	S	0.000	1.000	0.004	0.996	0.000
10	P	0.000	1.000	0.003	0.997	0.000
11	L	0.000	1.000	0.000	0.997	0.002
12	C	0.000	1.000	0.000	0.974	0.026
13	F	0.000	1.000	0.000	0.942	0.057
14	F	0.000	1.000	0.000	0.874	0.126
15	S	0.000	1.000	0.000	0.371	0.628
16	T	0.000	1.000	0.000	0.138	0.862
17	L	0.000	1.000	0.000	0.068	0.931
18	H	0.000	0.999	0.000	0.020	0.980
19	A	0.000	0.999	0.000	0.001	0.998
20	H	0.152	0.848	0.000	0.000	0.848
21	A	0.000	0.848	0.000	0.000	0.848
22	H	0.141	0.706	0.000	0.000	0.706
23	A	0.000	0.706	0.000	0.000	0.706
24	T	0.633	0.074	0.000	0.000	0.074
25	S	0.001	0.072	0.000	0.000	0.072
26	T	0.032	0.040	0.000	0.000	0.040
27	P	0.008	0.032	0.000	0.000	0.032
28	S	0.009	0.024	0.000	0.000	0.024
29	P	0.003	0.021	0.000	0.000	0.021
30	P	0.000	0.021	0.000	0.000	0.021
31	T	0.001	0.020	0.000	0.000	0.020
32	V	0.000	0.020	0.000	0.000	0.020
33	Y	0.000	0.020	0.000	0.000	0.020
34	L	0.000	0.020	0.000	0.000	0.020
35	I	0.019	0.000	0.000	0.000	0.000
36	R	0.000	0.000	0.000	0.000	0.000
37	H	0.000	0.000	0.000	0.000	0.000
38	G	0.000	0.000	0.000	0.000	0.000
39	E	0.000	0.000	0.000	0.000	0.000
40	K	0.000	0.000	0.000	0.000	0.000
>YP_337877.1
pos	aa	C	S	n-reg	h-reg	c-reg
1	M	0.000	0.297	0.297	0.000	0.000
2	S	0.000	0.324	0.324	0.000	0.000
3	N	0.000	0.324	0.322	0.002	0.000
4	I	0.000	0.324	0.266	0.058	0.000
5	I	0.000	0.324	0.246	0.078	0.000
6	S	0.000	0.324	0.228	0.096	0.000
7	I	0.000	0.324	0.177	0.147	0.000
8	I	0.000	0.324	0.161	0.163	0.000
9	Q	0.000	0.324	0.156	0.168	0.000
10	G	0.000	0.324	0.128	0.196	0.000
11	L	0.000	0.324	0.036	0.288	0.000
12	L	0.000	0.324	0.010	0.314	0.001
13	V	0.000	0.324	0.004	0.311	0.008
14	I	0.000	0.324	0.002	0.309	0.012
15	V	0.000	0.324	0.002	0.288	0.035
16	P	0.000	0.324	0.001	0.228	0.095
17	A	0.001	0.323	0.001	0.223	0.100
18	L	0.013	0.311	0.000	0.188	0.122
19	I	0.000	0.311	0.000	0.162	0.148
20	S	0.000	0.310	0.000	0.133	0.177
21	V	0.028	0.282	0.000	0.129	0.153
22	A	0.000	0.282	0.000	0.113	0.169
23	F	0.125	0.156	0.000	0.041	0.115
24	V	0.000	0.155	0.000	0.028	0.126
25	T	0.000	0.151	0.000	0.021	0.129
26	I	0.000	0.148	0.000	0.018	0.129
27	A	0.000	0.140	0.000	0.010	0.130
28	E	0.128	0.003	0.000	0.000	0.002
29	R	0.000	0.003	0.000	0.000	0.002
30	K	0.000	0.003	0.000	0.000	0.002
31	V	0.000	0.003	0.000	0.000	0.002
32	M	0.000	0.003	0.000	0.000	0.002
33	A	0.000	0.003	0.000	0.000	0.002
34	S	0.002	0.000	0.000	0.000	0.000
35	M	0.000	0.000	0.000	0.000	0.000
36	Q	0.000	0.000	0.000	0.000	0.000
37	R	0.000	0.000	0.000	0.000	0.000
38	R	0.000	0.000	0.000	0.000	0.000
39	V	0.000	0.000	0.000	0.000	0.000
40	G	0.000	0.000	0.000	0.000	0.000
>YP_337878.1
pos	aa	C	S	n-reg	h-reg	c-reg
1	M	0.000	0.010	0.010	0.000	0.000
2	F	0.000	0.010	0.010	0.000	0.000
3	A	0.000	0.010	0.004	0.007	0.000
4	L	0.000	0.010	0.001	0.009	0.000
5	V	0.000	0.010	0.001	0.010	0.000
6	L	0.000	0.010	0.000	0.010	0.000
7	P	0.000	0.010	0.000	0.010	0.000
8	I	0.000	0.010	0.000	0.010	0.000
9	F	0.000	0.010	0.000	0.010	0.000
10	E	0.000	0.010	0.000	0.008	0.002
11	Y	0.000	0.010	0.000	0.007	0.003
12	I	0.000	0.010	0.000	0.006	0.004
13	F	0.000	0.010	0.000	0.006	0.004
14	A	0.000	0.010	0.000	0.002	0.009
15	I	0.004	0.007	0.000	0.001	0.006
16	I	0.000	0.007	0.000	0.000	0.007
17	F	0.000	0.007	0.000	0.000	0.007
18	T	0.000	0.007	0.000	0.000	0.007
19	D	0.005	0.001	0.000	0.000	0.001
20	L	0.000	0.001	0.000	0.000	0.001
21	E	0.001	0.000	0.000	0.000	0.000
22	K	0.000	0.000	0.000	0.000	0.000
23	S	0.000	0.000	0.000	0.000	0.000
24	K	0.000	0.000	0.000	0.000	0.000
25	Y	0.000	0.000	0.000	0.000	0.000
26	I	0.000	0.000	0.000	0.000	0.000
27	K	0.000	0.000	0.000	0.000	0.000
28	S	0.000	0.000	0.000	0.000	0.000
29	I	0.000	0.000	0.000	0.000	0.000
30	Y	0.000	0.000	0.000	0.000	0.000
31	I	0.000	0.000	0.000	0.000	0.000
32	I	0.000	0.000	0.000	0.000	0.000
33	I	0.000	0.000	0.000	0.000	0.000
34	I	0.000	0.000	0.000	0.000	0.000
35	D	0.000	0.000	0.000	0.000	0.000
36	F	0.000	0.000	0.000	0.000	0.000
37	I	0.000	0.000	0.000	0.000	0.000
38	D	0.000	0.000	0.000	0.000	0.000
39	F	0.000	0.000	0.000	0.000	0.000
40	F	0.000	0.000	0.000	0.000	0.000
>YP_337881.1
pos	aa	C	S	n-reg	h-reg	c-reg
1	M	0.000	0.235	0.235	0.000	0.000
2	P	0.000	0.991	0.991	0.000	0.000
3	Q	0.000	0.991	0.986	0.005	0.000
4	L	0.000	0.991	0.964	0.027	0.000
5	V	0.000	0.991	0.964	0.027	0.000
6	P	0.000	0.991	0.964	0.027	0.000
7	F	0.000	0.991	0.863	0.128	0.000
8	F	0.000	0.991	0.816	0.175	0.000
9	F	0.000	0.991	0.793	0.198	0.000
10	V	0.000	0.991	0.780	0.212	0.000
11	N	0.000	0.991	0.776	0.213	0.002
12	Q	0.000	0.991	0.675	0.290	0.026
13	V	0.000	0.991	0.155	0.810	0.026
14	V	0.000	0.991	0.038	0.926	0.026
15	F	0.000	0.991	0.013	0.951	0.027
16	A	0.000	0.991	0.003	0.960	0.028
17	F	0.026	0.965	0.000	0.963	0.002
18	V	0.000	0.965	0.000	0.963	0.002
19	I	0.000	0.965	0.000	0.960	0.004
20	L	0.000	0.964	0.000	0.958	0.006
21	T	0.001	0.962	0.000	0.950	0.012
22	V	0.001	0.960	0.000	0.912	0.048
23	L	0.000	0.956	0.000	0.899	0.057
24	I	0.001	0.940	0.000	0.783	0.157
25	Y	0.000	0.840	0.000	0.641	0.199
26	A	0.000	0.741	0.000	0.536	0.205
27	F	0.070	0.551	0.000	0.416	0.135
28	S	0.000	0.270	0.000	0.134	0.136
29	K	0.129	0.007	0.000	0.000	0.007
30	Y	0.000	0.007	0.000	0.000	0.007
31	I	0.000	0.007	0.000	0.000	0.007
32	L	0.000	0.007	0.000	0.000	0.007
33	P	0.000	0.007	0.000	0.000	0.007
34	K	0.007	0.000	0.000	0.000	0.000
35	F	0.000	0.000	0.000	0.000	0.000
36	V	0.000	0.000	0.000	0.000	0.000
37	R	0.000	0.000	0.000	0.000	0.000
38	I	0.000	0.000	0.000	0.000	0.000
39	F	0.000	0.000	0.000	0.000	0.000
40	I	0.000	0.000	0.000	0.000	0.000
>YP_337887.1
pos	aa	C	S	n-reg	h-reg	c-reg
1	M	0.000	0.952	0.952	0.000	0.000
2	T	0.000	0.996	0.996	0.000	0.000
3	T	0.000	0.996	0.974	0.022	0.000
4	T	0.000	0.996	0.925	0.071	0.000
5	T	0.000	0.996	0.868	0.127	0.000
6	F	0.000	0.996	0.627	0.369	0.000
7	F	0.000	0.996	0.306	0.690	0.000
8	L	0.000	0.996	0.167	0.829	0.000
9	F	0.000	0.996	0.116	0.880	0.000
10	L	0.000	0.996	0.074	0.922	0.000
11	M	0.000	0.996	0.064	0.923	0.009
12	P	0.000	0.996	0.057	0.923	0.016
13	I	0.000	0.996	0.026	0.951	0.018
14	L	0.000	0.996	0.014	0.954	0.028
15	A	0.000	0.996	0.014	0.897	0.085
16	I	0.014	0.982	0.013	0.786	0.183
17	I	0.000	0.982	0.013	0.722	0.247
18	L	0.000	0.982	0.013	0.556	0.413
19	L	0.002	0.980	0.013	0.257	0.710
20	A	0.043	0.934	0.013	0.151	0.770
21	V	0.239	0.691	0.013	0.109	0.569
22	N	0.000	0.680	0.013	0.022	0.645
23	L	0.000	0.680	0.013	0.019	0.648
24	I	0.166	0.513	0.013	0.015	0.484
25	L	0.000	0.511	0.013	0.011	0.487
26	S	0.043	0.462	0.013	0.003	0.445
27	P	0.413	0.046	0.013	0.000	0.033
28	H	0.029	0.017	0.013	0.000	0.004
29	N	0.000	0.017	0.013	0.000	0.004
30	P	0.000	0.017	0.013	0.000	0.004
31	Y	0.002	0.015	0.013	0.000	0.002
32	Q	0.000	0.015	0.013	0.000	0.002
33	E	0.001	0.014	0.013	0.000	0.000
34	K	0.000	0.014	0.013	0.000	0.000
35	D	0.000	0.014	0.013	0.000	0.000
36	S	0.000	0.014	0.013	0.000	0.000
37	A	0.000	0.014	0.013	0.000	0.000
38	F	0.000	0.014	0.013	0.000	0.000
39	E	0.000	0.014	0.013	0.000	0.000
40	C	0.000	0.014	0.013	0.000	0.000
>YP_337889.1
pos	aa	C	S	n-reg	h-reg	c-reg
1	M	0.000	0.637	0.637	0.000	0.000
2	N	0.000	0.855	0.855	0.000	0.000
3	F	0.000	0.855	0.295	0.560	0.000
4	S	0.000	0.855	0.250	0.606	0.000
5	I	0.000	0.855	0.243	0.612	0.000
6	F	0.000	0.855	0.237	0.619	0.000
7	L	0.000	0.855	0.228	0.627	0.000
8	F	0.000	0.855	0.228	0.627	0.000
9	L	0.000	0.855	0.228	0.628	0.000
10	V	0.000	0.855	0.228	0.607	0.021
11	G	0.000	0.855	0.228	0.117	0.510
12	I	0.000	0.855	0.228	0.026	0.601
13	L	0.000	0.855	0.228	0.023	0.604
14	G	0.003	0.852	0.228	0.020	0.604
15	F	0.597	0.255	0.228	0.019	0.008
16	V	0.000	0.255	0.228	0.018	0.009
17	L	0.000	0.255	0.228	0.013	0.014
18	N	0.007	0.248	0.228	0.006	0.014
19	R	0.000	0.242	0.228	0.000	0.015
20	K	0.000	0.242	0.228	0.000	0.015
21	N	0.000	0.242	0.228	0.000	0.015
22	I	0.000	0.242	0.226	0.001	0.015
23	I	0.000	0.242	0.225	0.002	0.015
24	L	0.000	0.242	0.225	0.003	0.015
25	M	0.007	0.235	0.225	0.003	0.007
26	L	0.000	0.235	0.225	0.003	0.007
27	I	0.001	0.234	0.225	0.003	0.006
28	S	0.000	0.234	0.225	0.003	0.006
29	I	0.001	0.233	0.224	0.003	0.006
30	E	0.000	0.233	0.224	0.003	0.006
31	I	0.000	0.233	0.077	0.150	0.006
32	M	0.000	0.233	0.043	0.184	0.007
33	L	0.000	0.233	0.018	0.209	0.007
34	L	0.000	0.233	0.009	0.218	0.007
35	S	0.000	0.233	0.006	0.219	0.008
36	I	0.000	0.233	0.003	0.222	0.008
37	T	0.000	0.233	0.002	0.222	0.008
38	F	0.000	0.232	0.002	0.222	0.008
39	L	0.000	0.232	0.002	0.222	0.008
40	I	0.001	0.231	0.002	0.222	0.007
>YP_337890.1
pos	aa	C	S	n-reg	h-reg	c-reg
1	M	0.000	0.247	0.247	0.000	0.000
2	Y	0.000	0.248	0.248	0.000	0.000
3	L	0.000	0.248	0.109	0.139	0.000
4	T	0.000	0.248	0.055	0.193	0.000
5	L	0.000	0.248	0.006	0.242	0.000
6	I	0.000	0.248	0.002	0.245	0.000
7	I	0.000	0.248	0.001	0.246	0.000
8	L	0.000	0.248	0.001	0.247	0.000
9	P	0.000	0.248	0.001	0.247	0.000
10	L	0.000	0.248	0.001	0.247	0.000
11	L	0.000	0.248	0.001	0.235	0.012
12	G	0.000	0.248	0.001	0.183	0.064
13	S	0.000	0.248	0.001	0.042	0.204
14	I	0.000	0.247	0.001	0.033	0.214
15	V	0.000	0.247	0.001	0.020	0.227
16	S	0.000	0.247	0.001	0.001	0.246
17	G	0.032	0.215	0.001	0.000	0.214
18	F	0.183	0.032	0.001	0.000	0.031
19	F	0.000	0.032	0.001	0.000	0.031
20	G	0.000	0.032	0.001	0.000	0.031
21	R	0.030	0.002	0.001	0.000	0.001
22	K	0.000	0.002	0.001	0.000	0.001
23	V	0.000	0.002	0.001	0.000	0.001
24	G	0.000	0.002	0.001	0.000	0.001
25	V	0.001	0.001	0.001	0.000	0.000
26	K	0.000	0.001	0.001	0.000	0.000
27	G	0.000	0.001	0.001	0.000	0.000
28	A	0.000	0.001	0.001	0.000	0.000
29	H	0.000	0.001	0.001	0.000	0.000
30	L	0.000	0.001	0.000	0.001	0.000
31	I	0.000	0.001	0.000	0.001	0.000
32	T	0.000	0.001	0.000	0.001	0.000
33	C	0.000	0.001	0.000	0.001	0.000
34	V	0.000	0.001	0.000	0.001	0.000
35	S	0.000	0.001	0.000	0.001	0.000
36	V	0.000	0.001	0.000	0.001	0.000
37	I	0.000	0.001	0.000	0.001	0.000
38	T	0.000	0.001	0.000	0.001	0.000
39	T	0.000	0.001	0.000	0.001	0.000
40	T	0.000	0.001	0.000	0.000	0.000
>YP_337891.1
pos	aa	C	S	n-reg	h-reg	c-reg
1	M	0.000	0.587	0.587	0.000	0.000
2	L	0.000	0.590	0.590	0.000	0.000
3	L	0.000	0.590	0.187	0.402	0.000
4	S	0.000	0.590	0.033	0.557	0.000
5	S	0.000	0.590	0.021	0.569	0.000
6	I	0.000	0.590	0.007	0.582	0.000
7	F	0.000	0.590	0.003	0.586	0.000
8	C	0.000	0.590	0.003	0.587	0.000
9	L	0.000	0.590	0.003	0.587	0.000
10	L	0.000	0.590	0.003	0.587	0.001
11	L	0.000	0.590	0.003	0.541	0.046
12	S	0.000	0.590	0.003	0.047	0.540
13	N	0.000	0.590	0.003	0.026	0.561
14	A	0.000	0.590	0.003	0.018	0.569
15	L	0.081	0.509	0.003	0.015	0.491
16	S	0.001	0.508	0.003	0.012	0.493
17	F	0.483	0.025	0.003	0.010	0.013
18	R	0.000	0.025	0.003	0.000	0.023
19	R	0.000	0.025	0.003	0.000	0.023
20	D	0.000	0.025	0.003	0.000	0.023
21	T	0.000	0.025	0.003	0.000	0.023
22	A	0.004	0.021	0.003	0.000	0.019
23	I	0.017	0.004	0.003	0.000	0.002
24	L	0.000	0.004	0.003	0.000	0.002
25	Y	0.001	0.003	0.003	0.000	0.001
26	S	0.000	0.003	0.003	0.000	0.001
27	R	0.001	0.003	0.003	0.000	0.000
28	I	0.000	0.003	0.001	0.002	0.000
29	G	0.000	0.003	0.001	0.002	0.000
30	I	0.000	0.003	0.000	0.002	0.000
31	I	0.000	0.003	0.000	0.002	0.000
32	V	0.000	0.003	0.000	0.002	0.000
33	L	0.000	0.003	0.000	0.002	0.000
34	F	0.000	0.003	0.000	0.002	0.000
35	Y	0.000	0.003	0.000	0.002	0.000
36	C	0.000	0.003	0.000	0.002	0.000
37	I	0.000	0.003	0.000	0.002	0.000
38	Y	0.000	0.003	0.000	0.002	0.000
39	L	0.000	0.003	0.000	0.002	0.000
40	A	0.000	0.002	0.000	0.002	0.000
