>XP_001400753.1
pos	aa	C	S	n-reg	h-reg	c-reg
1	M	0.000	0.982	0.982	0.000	0.000
2	T	0.000	0.982	0.982	0.000	0.000
3	R	0.000	0.982	0.982	0.000	0.000
4	N	0.000	0.982	0.982	0.000	0.000
5	L	0.000	0.982	0.982	0.000	0.000
6	A	0.000	0.982	0.982	0.000	0.000
7	K	0.000	0.982	0.981	0.001	0.000
8	V	0.000	0.982	0.952	0.030	0.000
9	R	0.000	0.982	0.935	0.047	0.000
10	F	0.000	0.982	0.292	0.690	0.000
11	L	0.000	0.982	0.060	0.922	0.000
12	L	0.000	0.982	0.010	0.972	0.000
13	T	0.000	0.982	0.003	0.979	0.000
14	L	0.000	0.982	0.001	0.981	0.000
15	V	0.000	0.982	0.000	0.982	0.000
16	L	0.000	0.982	0.000	0.980	0.002
17	C	0.000	0.982	0.000	0.978	0.004
18	V	0.000	0.982	0.000	0.914	0.068
19	L	0.000	0.982	0.000	0.730	0.252
20	P	0.000	0.982	0.000	0.399	0.583
21	R	0.006	0.975	0.000	0.054	0.921
22	A	0.000	0.975	0.000	0.020	0.956
23	A	0.067	0.909	0.000	0.010	0.898
24	I	0.269	0.640	0.000	0.004	0.636
25	R	0.000	0.640	0.000	0.000	0.640
26	I	0.000	0.640	0.000	0.000	0.640
27	S	0.000	0.640	0.000	0.000	0.640
28	A	0.045	0.595	0.000	0.000	0.595
29	A	0.418	0.177	0.000	0.000	0.177
30	I	0.172	0.005	0.000	0.000	0.005
31	F	0.000	0.005	0.000	0.000	0.005
32	R	0.000	0.005	0.000	0.000	0.005
33	A	0.000	0.005	0.000	0.000	0.005
34	F	0.001	0.004	0.000	0.000	0.004
35	W	0.000	0.004	0.000	0.000	0.004
36	K	0.000	0.004	0.000	0.000	0.004
37	G	0.000	0.004	0.000	0.000	0.004
38	L	0.000	0.004	0.000	0.000	0.004
39	P	0.000	0.004	0.000	0.000	0.004
40	L	0.000	0.004	0.000	0.000	0.004
>XP_001400760.1
pos	aa	C	S	n-reg	h-reg	c-reg
1	M	0.000	0.727	0.727	0.000	0.000
2	P	0.000	0.727	0.727	0.000	0.000
3	S	0.000	0.727	0.689	0.038	0.000
4	S	0.000	0.727	0.484	0.243	0.000
5	L	0.000	0.727	0.212	0.515	0.000
6	A	0.000	0.727	0.132	0.595	0.000
7	S	0.000	0.727	0.070	0.657	0.000
8	V	0.000	0.727	0.004	0.722	0.000
9	I	0.000	0.727	0.001	0.726	0.000
10	A	0.000	0.727	0.000	0.727	0.000
11	L	0.000	0.727	0.000	0.726	0.001
12	T	0.000	0.727	0.000	0.700	0.027
13	F	0.000	0.727	0.000	0.649	0.077
14	F	0.000	0.727	0.000	0.595	0.132
15	I	0.000	0.727	0.000	0.531	0.196
16	P	0.000	0.727	0.000	0.036	0.691
17	F	0.000	0.727	0.000	0.028	0.699
18	A	0.000	0.727	0.000	0.002	0.724
19	V	0.029	0.698	0.000	0.001	0.697
20	S	0.000	0.697	0.000	0.000	0.697
21	V	0.651	0.046	0.000	0.000	0.046
22	Q	0.000	0.046	0.000	0.000	0.046
23	F	0.046	0.000	0.000	0.000	0.000
24	N	0.000	0.000	0.000	0.000	0.000
25	K	0.000	0.000	0.000	0.000	0.000
26	F	0.000	0.000	0.000	0.000	0.000
27	N	0.000	0.000	0.000	0.000	0.000
28	V	0.000	0.000	0.000	0.000	0.000
29	T	0.000	0.000	0.000	0.000	0.000
30	R	0.000	0.000	0.000	0.000	0.000
31	E	0.000	0.000	0.000	0.000	0.000
32	I	0.000	0.000	0.000	0.000	0.000
33	S	0.000	0.000	0.000	0.000	0.000
34	I	0.000	0.000	0.000	0.000	0.000
35	S	0.000	0.000	0.000	0.000	0.000
36	P	0.000	0.000	0.000	0.000	0.000
37	A	0.000	0.000	0.000	0.000	0.000
38	A	0.000	0.000	0.000	0.000	0.000
39	N	0.000	0.000	0.000	0.000	0.000
40	P	0.000	0.000	0.000	0.000	0.000
>XP_001400762.1
pos	aa	C	S	n-reg	h-reg	c-reg
1	M	0.000	0.917	0.917	0.000	0.000
2	A	0.000	0.918	0.918	0.000	0.000
3	L	0.000	0.918	0.918	0.000	0.000
4	H	0.000	0.918	0.917	0.000	0.000
5	G	0.000	0.918	0.917	0.001	0.000
6	R	0.000	0.918	0.914	0.003	0.000
7	A	0.000	0.918	0.766	0.152	0.000
8	L	0.000	0.918	0.689	0.228	0.000
9	S	0.000	0.918	0.669	0.249	0.000
10	L	0.000	0.918	0.604	0.314	0.000
11	A	0.000	0.918	0.586	0.332	0.000
12	Q	0.000	0.918	0.560	0.357	0.000
13	L	0.000	0.918	0.143	0.775	0.000
14	I	0.000	0.918	0.033	0.885	0.000
15	L	0.000	0.918	0.008	0.902	0.008
16	V	0.000	0.918	0.003	0.815	0.101
17	V	0.000	0.918	0.000	0.792	0.125
18	C	0.000	0.918	0.000	0.727	0.190
19	P	0.001	0.917	0.000	0.680	0.237
20	A	0.010	0.907	0.000	0.672	0.235
21	F	0.133	0.774	0.000	0.630	0.144
22	F	0.000	0.774	0.000	0.567	0.207
23	L	0.000	0.774	0.000	0.543	0.231
24	F	0.009	0.765	0.000	0.482	0.283
25	G	0.000	0.765	0.000	0.032	0.732
26	Y	0.035	0.729	0.000	0.004	0.726
27	N	0.000	0.729	0.000	0.000	0.729
28	Q	0.000	0.729	0.000	0.000	0.729
29	A	0.005	0.724	0.000	0.000	0.724
30	G	0.560	0.164	0.000	0.000	0.164
31	V	0.001	0.163	0.000	0.000	0.163
32	G	0.000	0.163	0.000	0.000	0.163
33	G	0.043	0.121	0.000	0.000	0.121
34	L	0.104	0.016	0.000	0.000	0.016
35	V	0.005	0.011	0.000	0.000	0.011
36	S	0.000	0.011	0.000	0.000	0.011
37	V	0.007	0.004	0.000	0.000	0.004
38	E	0.000	0.004	0.000	0.000	0.004
39	S	0.000	0.004	0.000	0.000	0.004
40	W	0.003	0.001	0.000	0.000	0.001
>XP_001400766.1
pos	aa	C	S	n-reg	h-reg	c-reg
1	M	0.000	0.736	0.736	0.000	0.000
2	W	0.000	0.736	0.736	0.000	0.000
3	L	0.000	0.736	0.251	0.485	0.000
4	L	0.000	0.736	0.064	0.673	0.000
5	L	0.000	0.736	0.037	0.699	0.000
6	Y	0.000	0.736	0.025	0.712	0.000
7	F	0.000	0.736	0.002	0.734	0.000
8	L	0.000	0.736	0.000	0.736	0.000
9	A	0.000	0.736	0.000	0.736	0.000
10	V	0.000	0.736	0.000	0.736	0.000
11	I	0.000	0.736	0.000	0.727	0.009
12	P	0.000	0.736	0.000	0.680	0.056
13	I	0.000	0.736	0.000	0.668	0.069
14	C	0.000	0.736	0.000	0.630	0.106
15	V	0.001	0.736	0.000	0.065	0.670
16	I	0.000	0.736	0.000	0.017	0.719
17	T	0.000	0.736	0.000	0.001	0.735
18	E	0.025	0.711	0.000	0.000	0.711
19	A	0.000	0.711	0.000	0.000	0.711
20	S	0.704	0.007	0.000	0.000	0.007
21	N	0.001	0.006	0.000	0.000	0.006
22	H	0.000	0.006	0.000	0.000	0.006
23	S	0.000	0.006	0.000	0.000	0.006
24	Y	0.004	0.002	0.000	0.000	0.002
25	D	0.000	0.002	0.000	0.000	0.002
26	F	0.000	0.002	0.000	0.000	0.002
27	S	0.000	0.002	0.000	0.000	0.002
28	S	0.000	0.002	0.000	0.000	0.002
29	G	0.000	0.002	0.000	0.000	0.002
30	Y	0.000	0.002	0.000	0.000	0.002
31	A	0.000	0.002	0.000	0.000	0.002
32	L	0.001	0.001	0.000	0.000	0.001
33	L	0.000	0.001	0.000	0.000	0.001
34	Y	0.000	0.001	0.000	0.000	0.001
35	S	0.000	0.001	0.000	0.000	0.001
36	N	0.000	0.001	0.000	0.000	0.001
37	S	0.000	0.001	0.000	0.000	0.001
38	S	0.000	0.001	0.000	0.000	0.001
39	A	0.000	0.001	0.000	0.000	0.001
40	I	0.000	0.001	0.000	0.000	0.001
>XP_001400782.1
pos	aa	C	S	n-reg	h-reg	c-reg
1	M	0.000	0.994	0.994	0.000	0.000
2	F	0.000	0.994	0.994	0.000	0.000
3	T	0.000	0.994	0.993	0.000	0.000
4	K	0.000	0.994	0.993	0.001	0.000
5	Q	0.000	0.994	0.966	0.028	0.000
6	S	0.000	0.994	0.693	0.301	0.000
7	L	0.000	0.994	0.053	0.940	0.000
8	V	0.000	0.994	0.019	0.974	0.000
9	T	0.000	0.994	0.010	0.984	0.000
10	L	0.000	0.994	0.002	0.992	0.000
11	L	0.000	0.994	0.000	0.994	0.000
12	G	0.000	0.994	0.000	0.994	0.000
13	G	0.000	0.994	0.000	0.990	0.003
14	L	0.000	0.994	0.000	0.979	0.015
15	S	0.000	0.994	0.000	0.331	0.663
16	L	0.000	0.994	0.000	0.302	0.692
17	A	0.000	0.994	0.000	0.201	0.793
18	L	0.002	0.992	0.000	0.185	0.807
19	A	0.000	0.992	0.000	0.004	0.988
20	Q	0.709	0.283	0.000	0.000	0.283
21	T	0.001	0.283	0.000	0.000	0.283
22	T	0.068	0.214	0.000	0.000	0.214
23	T	0.001	0.214	0.000	0.000	0.214
24	E	0.210	0.003	0.000	0.000	0.003
25	E	0.000	0.003	0.000	0.000	0.003
26	Y	0.000	0.003	0.000	0.000	0.003
27	P	0.000	0.003	0.000	0.000	0.003
28	S	0.000	0.003	0.000	0.000	0.003
29	L	0.000	0.003	0.000	0.000	0.003
30	A	0.000	0.003	0.000	0.000	0.003
31	E	0.000	0.003	0.000	0.000	0.003
32	I	0.000	0.003	0.000	0.000	0.003
33	R	0.000	0.003	0.000	0.000	0.003
34	A	0.000	0.003	0.000	0.000	0.003
35	A	0.000	0.003	0.000	0.000	0.003
36	Q	0.000	0.003	0.000	0.000	0.003
37	A	0.000	0.003	0.000	0.000	0.003
38	T	0.003	0.000	0.000	0.000	0.000
39	V	0.000	0.000	0.000	0.000	0.000
40	Q	0.000	0.000	0.000	0.000	0.000
>XP_001400789.1
pos	aa	C	S	n-reg	h-reg	c-reg
1	M	0.000	0.955	0.955	0.000	0.000
2	D	0.000	0.955	0.955	0.000	0.000
3	A	0.000	0.955	0.554	0.401	0.000
4	L	0.000	0.955	0.128	0.828	0.000
5	I	0.000	0.955	0.066	0.889	0.000
6	A	0.000	0.955	0.027	0.928	0.000
7	L	0.000	0.955	0.002	0.954	0.000
8	T	0.000	0.955	0.001	0.954	0.000
9	L	0.000	0.955	0.000	0.955	0.000
10	L	0.000	0.955	0.000	0.955	0.000
11	L	0.000	0.955	0.000	0.942	0.013
12	I	0.000	0.955	0.000	0.858	0.097
13	T	0.000	0.955	0.000	0.698	0.257
14	G	0.000	0.955	0.000	0.533	0.422
15	S	0.007	0.948	0.000	0.041	0.907
16	G	0.014	0.934	0.000	0.022	0.912
17	V	0.050	0.884	0.000	0.003	0.881
18	N	0.000	0.884	0.000	0.000	0.884
19	G	0.000	0.884	0.000	0.000	0.884
20	L	0.647	0.237	0.000	0.000	0.237
21	A	0.001	0.236	0.000	0.000	0.236
22	F	0.229	0.007	0.000	0.000	0.007
23	E	0.000	0.007	0.000	0.000	0.007
24	I	0.000	0.007	0.000	0.000	0.007
25	P	0.000	0.007	0.000	0.000	0.007
26	S	0.000	0.007	0.000	0.000	0.007
27	S	0.000	0.006	0.000	0.000	0.006
28	A	0.000	0.006	0.000	0.000	0.006
29	P	0.000	0.006	0.000	0.000	0.006
30	A	0.001	0.005	0.000	0.000	0.005
31	N	0.001	0.004	0.000	0.000	0.004
32	S	0.000	0.004	0.000	0.000	0.004
33	S	0.000	0.004	0.000	0.000	0.004
34	G	0.000	0.004	0.000	0.000	0.004
35	Q	0.001	0.003	0.000	0.000	0.003
36	L	0.000	0.003	0.000	0.000	0.003
37	D	0.000	0.003	0.000	0.000	0.003
38	A	0.000	0.003	0.000	0.000	0.003
39	A	0.003	0.000	0.000	0.000	0.000
40	P	0.000	0.000	0.000	0.000	0.000
>XP_001400803.2
pos	aa	C	S	n-reg	h-reg	c-reg
1	M	0.000	0.470	0.470	0.000	0.000
2	K	0.000	0.470	0.470	0.000	0.000
3	V	0.000	0.470	0.287	0.184	0.000
4	S	0.000	0.470	0.186	0.285	0.000
5	L	0.000	0.470	0.005	0.466	0.000
6	T	0.000	0.470	0.002	0.469	0.000
7	L	0.000	0.470	0.000	0.470	0.000
8	Y	0.000	0.470	0.000	0.470	0.000
9	A	0.000	0.470	0.000	0.470	0.000
10	A	0.000	0.470	0.000	0.470	0.000
11	A	0.000	0.470	0.000	0.457	0.013
12	L	0.000	0.470	0.000	0.447	0.024
13	Q	0.000	0.470	0.000	0.020	0.450
14	L	0.000	0.470	0.000	0.013	0.457
15	A	0.000	0.470	0.000	0.000	0.470
16	D	0.001	0.470	0.000	0.000	0.470
17	A	0.000	0.470	0.000	0.000	0.470
18	A	0.468	0.002	0.000	0.000	0.002
19	V	0.000	0.002	0.000	0.000	0.002
20	V	0.000	0.002	0.000	0.000	0.002
21	Q	0.000	0.002	0.000	0.000	0.002
22	K	0.002	0.000	0.000	0.000	0.000
23	R	0.000	0.000	0.000	0.000	0.000
24	T	0.000	0.000	0.000	0.000	0.000
25	V	0.000	0.000	0.000	0.000	0.000
26	D	0.000	0.000	0.000	0.000	0.000
27	V	0.000	0.000	0.000	0.000	0.000
28	A	0.000	0.000	0.000	0.000	0.000
29	E	0.000	0.000	0.000	0.000	0.000
30	L	0.000	0.000	0.000	0.000	0.000
31	E	0.000	0.000	0.000	0.000	0.000
32	H	0.000	0.000	0.000	0.000	0.000
33	F	0.000	0.000	0.000	0.000	0.000
34	W	0.000	0.000	0.000	0.000	0.000
35	S	0.000	0.000	0.000	0.000	0.000
36	Y	0.000	0.000	0.000	0.000	0.000
37	G	0.000	0.000	0.000	0.000	0.000
38	R	0.000	0.000	0.000	0.000	0.000
39	S	0.000	0.000	0.000	0.000	0.000
40	E	0.000	0.000	0.000	0.000	0.000
>XP_001400806.2
pos	aa	C	S	n-reg	h-reg	c-reg
1	M	0.000	0.254	0.254	0.000	0.000
2	L	0.000	0.254	0.254	0.000	0.000
3	L	0.000	0.254	0.204	0.051	0.000
4	H	0.000	0.254	0.177	0.077	0.000
5	F	0.000	0.254	0.060	0.194	0.000
6	I	0.000	0.254	0.020	0.234	0.000
7	L	0.000	0.254	0.004	0.250	0.000
8	Y	0.000	0.254	0.002	0.252	0.000
9	A	0.000	0.254	0.001	0.253	0.000
10	A	0.000	0.254	0.000	0.254	0.000
11	L	0.000	0.254	0.000	0.250	0.004
12	S	0.000	0.254	0.000	0.228	0.026
13	S	0.000	0.254	0.000	0.155	0.099
14	V	0.000	0.254	0.000	0.146	0.108
15	V	0.000	0.254	0.000	0.118	0.136
16	T	0.000	0.254	0.000	0.013	0.242
17	S	0.006	0.248	0.000	0.004	0.244
18	V	0.073	0.175	0.000	0.002	0.173
19	S	0.000	0.175	0.000	0.001	0.173
20	L	0.024	0.150	0.000	0.001	0.149
21	Q	0.142	0.008	0.000	0.000	0.008
22	P	0.003	0.005	0.000	0.000	0.005
23	R	0.002	0.003	0.000	0.000	0.003
24	L	0.000	0.003	0.000	0.000	0.003
25	Q	0.000	0.003	0.000	0.000	0.003
26	D	0.001	0.002	0.000	0.000	0.002
27	G	0.000	0.002	0.000	0.000	0.002
28	L	0.001	0.002	0.000	0.000	0.002
29	A	0.000	0.002	0.000	0.000	0.002
30	L	0.001	0.000	0.000	0.000	0.000
31	T	0.000	0.000	0.000	0.000	0.000
32	P	0.000	0.000	0.000	0.000	0.000
33	Q	0.000	0.000	0.000	0.000	0.000
34	M	0.000	0.000	0.000	0.000	0.000
35	G	0.000	0.000	0.000	0.000	0.000
36	W	0.000	0.000	0.000	0.000	0.000
37	N	0.000	0.000	0.000	0.000	0.000
38	T	0.000	0.000	0.000	0.000	0.000
39	Y	0.000	0.000	0.000	0.000	0.000
40	N	0.000	0.000	0.000	0.000	0.000
>XP_001400808.1
pos	aa	C	S	n-reg	h-reg	c-reg
1	M	0.000	0.996	0.996	0.000	0.000
2	Q	0.000	0.996	0.996	0.000	0.000
3	L	0.000	0.996	0.995	0.001	0.000
4	K	0.000	0.996	0.995	0.001	0.000
5	N	0.000	0.996	0.948	0.048	0.000
6	L	0.000	0.996	0.134	0.862	0.000
7	I	0.000	0.996	0.039	0.958	0.000
8	F	0.000	0.996	0.016	0.980	0.000
9	A	0.000	0.996	0.001	0.995	0.000
10	A	0.000	0.996	0.000	0.996	0.000
11	A	0.000	0.996	0.000	0.996	0.000
12	T	0.000	0.996	0.000	0.996	0.001
13	A	0.000	0.996	0.000	0.992	0.004
14	A	0.000	0.996	0.000	0.922	0.074
15	A	0.000	0.996	0.000	0.885	0.111
16	L	0.001	0.995	0.000	0.862	0.134
17	P	0.000	0.995	0.000	0.025	0.971
18	A	0.002	0.993	0.000	0.006	0.988
19	T	0.004	0.989	0.000	0.000	0.989
20	D	0.000	0.989	0.000	0.000	0.989
21	A	0.000	0.989	0.000	0.000	0.989
22	A	0.935	0.054	0.000	0.000	0.054
23	T	0.037	0.017	0.000	0.000	0.017
24	N	0.016	0.001	0.000	0.000	0.001
25	E	0.000	0.001	0.000	0.000	0.001
26	P	0.000	0.001	0.000	0.000	0.001
27	F	0.000	0.000	0.000	0.000	0.000
28	G	0.000	0.000	0.000	0.000	0.000
29	V	0.000	0.000	0.000	0.000	0.000
30	I	0.000	0.000	0.000	0.000	0.000
31	S	0.000	0.000	0.000	0.000	0.000
32	I	0.000	0.000	0.000	0.000	0.000
33	H	0.000	0.000	0.000	0.000	0.000
34	S	0.000	0.000	0.000	0.000	0.000
35	G	0.000	0.000	0.000	0.000	0.000
36	S	0.000	0.000	0.000	0.000	0.000
37	G	0.000	0.000	0.000	0.000	0.000
38	V	0.000	0.000	0.000	0.000	0.000
39	Q	0.000	0.000	0.000	0.000	0.000
40	Y	0.000	0.000	0.000	0.000	0.000
>XP_001400810.2
pos	aa	C	S	n-reg	h-reg	c-reg
1	M	0.000	0.999	0.999	0.000	0.000
2	K	0.000	0.999	0.999	0.000	0.000
3	Y	0.000	0.999	0.924	0.075	0.000
4	A	0.000	0.999	0.541	0.458	0.000
5	L	0.000	0.999	0.298	0.702	0.000
6	S	0.000	0.999	0.222	0.777	0.000
7	T	0.000	0.999	0.094	0.905	0.000
8	I	0.000	0.999	0.005	0.994	0.000
9	L	0.000	0.999	0.000	0.999	0.000
10	L	0.000	0.999	0.000	0.999	0.000
11	T	0.000	0.999	0.000	0.993	0.006
12	T	0.000	0.999	0.000	0.975	0.024
13	L	0.000	0.999	0.000	0.949	0.050
14	L	0.000	0.999	0.000	0.897	0.102
15	A	0.000	0.999	0.000	0.693	0.306
16	T	0.006	0.993	0.000	0.047	0.946
17	P	0.000	0.993	0.000	0.012	0.981
18	S	0.001	0.992	0.000	0.002	0.989
19	L	0.006	0.986	0.000	0.002	0.984
20	S	0.001	0.985	0.000	0.000	0.985
21	T	0.773	0.212	0.000	0.000	0.212
22	P	0.003	0.209	0.000	0.000	0.209
23	A	0.201	0.008	0.000	0.000	0.008
24	P	0.004	0.004	0.000	0.000	0.004
25	D	0.001	0.003	0.000	0.000	0.003
26	V	0.000	0.003	0.000	0.000	0.003
27	V	0.000	0.003	0.000	0.000	0.003
28	S	0.000	0.003	0.000	0.000	0.003
29	D	0.003	0.001	0.000	0.000	0.001
30	A	0.000	0.001	0.000	0.000	0.001
31	I	0.001	0.000	0.000	0.000	0.000
32	G	0.000	0.000	0.000	0.000	0.000
33	V	0.000	0.000	0.000	0.000	0.000
34	A	0.000	0.000	0.000	0.000	0.000
35	Q	0.000	0.000	0.000	0.000	0.000
36	T	0.000	0.000	0.000	0.000	0.000
37	I	0.000	0.000	0.000	0.000	0.000
38	V	0.000	0.000	0.000	0.000	0.000
39	S	0.000	0.000	0.000	0.000	0.000
40	G	0.000	0.000	0.000	0.000	0.000
>XP_001400830.2
pos	aa	C	S	n-reg	h-reg	c-reg
1	M	0.000	0.983	0.983	0.000	0.000
2	M	0.000	0.983	0.983	0.000	0.000
3	L	0.000	0.983	0.978	0.006	0.000
4	P	0.000	0.983	0.975	0.008	0.000
5	K	0.000	0.983	0.967	0.016	0.000
6	L	0.000	0.983	0.258	0.726	0.000
7	A	0.000	0.983	0.117	0.866	0.000
8	S	0.000	0.983	0.049	0.934	0.000
9	L	0.000	0.983	0.009	0.974	0.000
10	I	0.000	0.983	0.001	0.982	0.000
11	A	0.000	0.983	0.000	0.982	0.001
12	L	0.000	0.983	0.000	0.980	0.003
13	P	0.000	0.983	0.000	0.961	0.022
14	A	0.000	0.983	0.000	0.791	0.192
15	L	0.000	0.983	0.000	0.748	0.235
16	A	0.000	0.983	0.000	0.332	0.652
17	A	0.018	0.965	0.000	0.239	0.726
18	A	0.024	0.941	0.000	0.027	0.914
19	N	0.143	0.799	0.000	0.006	0.793
20	C	0.000	0.799	0.000	0.002	0.796
21	K	0.505	0.294	0.000	0.000	0.294
22	T	0.000	0.294	0.000	0.000	0.294
23	A	0.242	0.052	0.000	0.000	0.052
24	P	0.003	0.049	0.000	0.000	0.049
25	G	0.005	0.044	0.000	0.000	0.044
26	D	0.017	0.027	0.000	0.000	0.027
27	A	0.000	0.027	0.000	0.000	0.027
28	A	0.024	0.003	0.000	0.000	0.003
29	W	0.002	0.001	0.000	0.000	0.001
30	P	0.000	0.001	0.000	0.000	0.001
31	S	0.000	0.000	0.000	0.000	0.000
32	I	0.000	0.000	0.000	0.000	0.000
33	E	0.000	0.000	0.000	0.000	0.000
34	E	0.000	0.000	0.000	0.000	0.000
35	W	0.000	0.000	0.000	0.000	0.000
36	S	0.000	0.000	0.000	0.000	0.000
37	A	0.000	0.000	0.000	0.000	0.000
38	L	0.000	0.000	0.000	0.000	0.000
39	N	0.000	0.000	0.000	0.000	0.000
40	Q	0.000	0.000	0.000	0.000	0.000
>XP_001400833.2
pos	aa	C	S	n-reg	h-reg	c-reg
1	M	0.000	0.539	0.539	0.000	0.000
2	R	0.000	0.539	0.539	0.000	0.000
3	L	0.000	0.539	0.376	0.163	0.000
4	S	0.000	0.539	0.340	0.198	0.000
5	P	0.000	0.539	0.288	0.250	0.000
6	I	0.000	0.539	0.023	0.516	0.000
7	Y	0.000	0.539	0.010	0.529	0.000
8	A	0.000	0.539	0.003	0.536	0.000
9	L	0.000	0.539	0.001	0.538	0.000
10	S	0.000	0.539	0.000	0.537	0.001
11	W	0.000	0.539	0.000	0.507	0.031
12	A	0.000	0.539	0.000	0.492	0.046
13	L	0.000	0.539	0.000	0.392	0.147
14	Q	0.000	0.539	0.000	0.060	0.479
15	A	0.001	0.537	0.000	0.032	0.505
16	S	0.011	0.527	0.000	0.010	0.517
17	A	0.002	0.525	0.000	0.004	0.521
18	T	0.404	0.121	0.000	0.003	0.118
19	I	0.042	0.078	0.000	0.001	0.077
20	L	0.000	0.078	0.000	0.001	0.078
21	Q	0.056	0.023	0.000	0.000	0.023
22	N	0.018	0.005	0.000	0.000	0.005
23	G	0.000	0.005	0.000	0.000	0.005
24	Q	0.004	0.000	0.000	0.000	0.000
25	V	0.000	0.000	0.000	0.000	0.000
26	R	0.000	0.000	0.000	0.000	0.000
27	E	0.000	0.000	0.000	0.000	0.000
28	D	0.000	0.000	0.000	0.000	0.000
29	P	0.000	0.000	0.000	0.000	0.000
30	Y	0.000	0.000	0.000	0.000	0.000
31	P	0.000	0.000	0.000	0.000	0.000
32	G	0.000	0.000	0.000	0.000	0.000
33	Q	0.000	0.000	0.000	0.000	0.000
34	A	0.000	0.000	0.000	0.000	0.000
35	K	0.000	0.000	0.000	0.000	0.000
36	A	0.000	0.000	0.000	0.000	0.000
37	I	0.000	0.000	0.000	0.000	0.000
38	S	0.000	0.000	0.000	0.000	0.000
39	L	0.000	0.000	0.000	0.000	0.000
40	D	0.000	0.000	0.000	0.000	0.000
>XP_001400836.1
pos	aa	C	S	n-reg	h-reg	c-reg
1	M	0.000	0.998	0.998	0.000	0.000
2	K	0.000	0.998	0.998	0.000	0.000
3	F	0.000	0.998	0.589	0.409	0.000
4	T	0.000	0.998	0.329	0.669	0.000
5	A	0.000	0.998	0.037	0.961	0.000
6	A	0.000	0.998	0.007	0.991	0.000
7	L	0.000	0.998	0.000	0.998	0.000
8	F	0.000	0.998	0.000	0.998	0.000
9	T	0.000	0.998	0.000	0.998	0.000
10	L	0.000	0.998	0.000	0.998	0.000
11	L	0.000	0.998	0.000	0.958	0.040
12	A	0.000	0.998	0.000	0.862	0.136
13	T	0.000	0.998	0.000	0.089	0.910
14	S	0.000	0.998	0.000	0.032	0.967
15	V	0.001	0.997	0.000	0.007	0.991
16	M	0.000	0.997	0.000	0.002	0.995
17	A	0.000	0.997	0.000	0.001	0.996
18	N	0.981	0.016	0.000	0.000	0.015
19	P	0.000	0.016	0.000	0.000	0.016
20	T	0.010	0.006	0.000	0.000	0.006
21	K	0.000	0.006	0.000	0.000	0.006
22	V	0.000	0.006	0.000	0.000	0.006
23	A	0.000	0.006	0.000	0.000	0.006
24	R	0.006	0.000	0.000	0.000	0.000
25	E	0.000	0.000	0.000	0.000	0.000
26	P	0.000	0.000	0.000	0.000	0.000
27	T	0.000	0.000	0.000	0.000	0.000
28	L	0.000	0.000	0.000	0.000	0.000
29	V	0.000	0.000	0.000	0.000	0.000
30	E	0.000	0.000	0.000	0.000	0.000
31	R	0.000	0.000	0.000	0.000	0.000
32	D	0.000	0.000	0.000	0.000	0.000
33	A	0.000	0.000	0.000	0.000	0.000
34	A	0.000	0.000	0.000	0.000	0.000
35	S	0.000	0.000	0.000	0.000	0.000
36	I	0.000	0.000	0.000	0.000	0.000
37	T	0.000	0.000	0.000	0.000	0.000
38	S	0.000	0.000	0.000	0.000	0.000
39	V	0.000	0.000	0.000	0.000	0.000
40	L	0.000	0.000	0.000	0.000	0.000
>XP_001400841.2
pos	aa	C	S	n-reg	h-reg	c-reg
1	M	0.000	0.998	0.998	0.000	0.000
2	W	0.000	0.998	0.998	0.000	0.000
3	L	0.000	0.998	0.225	0.773	0.000
4	F	0.000	0.998	0.084	0.915	0.000
5	L	0.000	0.998	0.032	0.966	0.000
6	V	0.000	0.998	0.001	0.997	0.000
7	C	0.000	0.998	0.000	0.998	0.000
8	S	0.000	0.998	0.000	0.998	0.000
9	I	0.000	0.998	0.000	0.998	0.000
10	L	0.000	0.998	0.000	0.998	0.000
11	L	0.000	0.998	0.000	0.949	0.049
12	P	0.000	0.998	0.000	0.884	0.114
13	L	0.000	0.998	0.000	0.863	0.135
14	G	0.000	0.998	0.000	0.051	0.947
15	V	0.000	0.998	0.000	0.023	0.975
16	V	0.000	0.998	0.000	0.001	0.997
17	N	0.000	0.998	0.000	0.000	0.998
18	A	0.000	0.998	0.000	0.000	0.998
19	Q	0.956	0.042	0.000	0.000	0.042
20	S	0.000	0.041	0.000	0.000	0.041
21	Q	0.041	0.000	0.000	0.000	0.000
22	Y	0.000	0.000	0.000	0.000	0.000
23	F	0.000	0.000	0.000	0.000	0.000
24	N	0.000	0.000	0.000	0.000	0.000
25	N	0.000	0.000	0.000	0.000	0.000
26	K	0.000	0.000	0.000	0.000	0.000
27	T	0.000	0.000	0.000	0.000	0.000
28	K	0.000	0.000	0.000	0.000	0.000
29	E	0.000	0.000	0.000	0.000	0.000
30	F	0.000	0.000	0.000	0.000	0.000
31	V	0.000	0.000	0.000	0.000	0.000
32	V	0.000	0.000	0.000	0.000	0.000
33	N	0.000	0.000	0.000	0.000	0.000
34	G	0.000	0.000	0.000	0.000	0.000
35	S	0.000	0.000	0.000	0.000	0.000
36	A	0.000	0.000	0.000	0.000	0.000
37	I	0.000	0.000	0.000	0.000	0.000
38	P	0.000	0.000	0.000	0.000	0.000
39	F	0.000	0.000	0.000	0.000	0.000
40	V	0.000	0.000	0.000	0.000	0.000
>XP_001400843.1
pos	aa	C	S	n-reg	h-reg	c-reg
1	M	0.000	1.000	1.000	0.000	0.000
2	A	0.000	1.000	1.000	0.000	0.000
3	P	0.000	1.000	0.999	0.000	0.000
4	L	0.000	1.000	0.996	0.004	0.000
5	K	0.000	1.000	0.996	0.004	0.000
6	S	0.000	1.000	0.829	0.171	0.000
7	L	0.000	1.000	0.135	0.864	0.000
8	L	0.000	1.000	0.037	0.962	0.000
9	L	0.000	1.000	0.017	0.982	0.000
10	G	0.000	1.000	0.013	0.987	0.000
11	A	0.000	1.000	0.004	0.996	0.000
12	S	0.000	1.000	0.002	0.997	0.001
13	L	0.000	1.000	0.000	0.998	0.001
14	A	0.000	1.000	0.000	0.981	0.019
15	T	0.000	1.000	0.000	0.844	0.155
16	L	0.000	1.000	0.000	0.833	0.167
17	A	0.000	1.000	0.000	0.791	0.209
18	L	0.013	0.987	0.000	0.616	0.371
19	S	0.000	0.986	0.000	0.045	0.942
20	T	0.142	0.844	0.000	0.008	0.836
21	P	0.000	0.844	0.000	0.003	0.840
22	L	0.020	0.824	0.000	0.002	0.823
23	A	0.003	0.821	0.000	0.001	0.820
24	T	0.100	0.721	0.000	0.000	0.721
25	D	0.022	0.699	0.000	0.000	0.699
26	A	0.000	0.699	0.000	0.000	0.699
27	E	0.696	0.003	0.000	0.000	0.003
28	N	0.000	0.003	0.000	0.000	0.003
29	L	0.000	0.003	0.000	0.000	0.003
30	Y	0.000	0.003	0.000	0.000	0.003
31	A	0.000	0.003	0.000	0.000	0.003
32	R	0.001	0.002	0.000	0.000	0.002
33	Q	0.000	0.002	0.000	0.000	0.002
34	F	0.000	0.002	0.000	0.000	0.002
35	G	0.000	0.002	0.000	0.000	0.002
36	T	0.000	0.002	0.000	0.000	0.002
37	G	0.000	0.002	0.000	0.000	0.002
38	S	0.000	0.002	0.000	0.000	0.002
39	T	0.000	0.002	0.000	0.000	0.002
40	A	0.000	0.002	0.000	0.000	0.002
>XP_001400854.2
pos	aa	C	S	n-reg	h-reg	c-reg
1	M	0.000	0.297	0.297	0.000	0.000
2	R	0.000	0.686	0.686	0.000	0.000
3	L	0.000	0.686	0.686	0.001	0.000
4	S	0.000	0.686	0.685	0.001	0.000
5	Y	0.000	0.686	0.685	0.001	0.000
6	R	0.000	0.686	0.685	0.002	0.000
7	I	0.000	0.686	0.399	0.288	0.000
8	G	0.000	0.686	0.295	0.392	0.000
9	A	0.000	0.686	0.129	0.557	0.000
10	A	0.000	0.686	0.070	0.617	0.000
11	A	0.000	0.686	0.035	0.651	0.000
12	L	0.000	0.686	0.003	0.683	0.000
13	I	0.000	0.686	0.000	0.685	0.001
14	I	0.000	0.686	0.000	0.685	0.002
15	L	0.000	0.686	0.000	0.681	0.006
16	A	0.000	0.686	0.000	0.678	0.008
17	I	0.001	0.685	0.000	0.675	0.010
18	I	0.000	0.685	0.000	0.672	0.013
19	L	0.000	0.661	0.000	0.634	0.027
20	I	0.009	0.563	0.000	0.376	0.187
21	K	0.000	0.287	0.000	0.007	0.280
22	R	0.000	0.287	0.000	0.000	0.286
23	H	0.000	0.287	0.000	0.000	0.287
24	L	0.000	0.287	0.000	0.000	0.287
25	D	0.244	0.043	0.000	0.000	0.043
26	L	0.000	0.043	0.000	0.000	0.043
27	V	0.026	0.017	0.000	0.000	0.017
28	Q	0.000	0.017	0.000	0.000	0.017
29	D	0.005	0.012	0.000	0.000	0.012
30	D	0.000	0.012	0.000	0.000	0.012
31	A	0.000	0.012	0.000	0.000	0.012
32	R	0.001	0.011	0.000	0.000	0.011
33	V	0.000	0.011	0.000	0.000	0.011
34	Q	0.000	0.011	0.000	0.000	0.011
35	S	0.000	0.011	0.000	0.000	0.011
36	G	0.002	0.009	0.000	0.000	0.009
37	W	0.000	0.009	0.000	0.000	0.009
38	S	0.000	0.009	0.000	0.000	0.009
39	F	0.002	0.008	0.000	0.000	0.008
40	S	0.000	0.008	0.000	0.000	0.008
>XP_001400856.1
pos	aa	C	S	n-reg	h-reg	c-reg
1	M	0.000	0.582	0.582	0.000	0.000
2	S	0.000	0.583	0.583	0.000	0.000
3	K	0.000	0.583	0.583	0.000	0.000
4	P	0.000	0.583	0.583	0.000	0.000
5	N	0.000	0.583	0.583	0.000	0.000
6	S	0.000	0.583	0.583	0.000	0.000
7	Q	0.000	0.583	0.583	0.000	0.000
8	R	0.000	0.583	0.582	0.000	0.000
9	P	0.000	0.583	0.548	0.034	0.000
10	L	0.000	0.583	0.389	0.194	0.000
11	H	0.000	0.583	0.352	0.230	0.000
12	V	0.000	0.583	0.107	0.475	0.000
13	I	0.000	0.583	0.025	0.558	0.000
14	I	0.000	0.583	0.008	0.575	0.000
15	V	0.000	0.583	0.002	0.580	0.000
16	G	0.000	0.583	0.002	0.581	0.000
17	A	0.000	0.583	0.000	0.579	0.003
18	S	0.000	0.583	0.000	0.558	0.024
19	I	0.000	0.583	0.000	0.552	0.031
20	A	0.000	0.583	0.000	0.495	0.088
21	G	0.000	0.582	0.000	0.234	0.349
22	L	0.000	0.582	0.000	0.218	0.364
23	T	0.000	0.582	0.000	0.044	0.538
24	L	0.001	0.581	0.000	0.034	0.547
25	A	0.005	0.576	0.000	0.002	0.574
26	H	0.313	0.263	0.000	0.001	0.262
27	C	0.000	0.263	0.000	0.000	0.262
28	L	0.215	0.048	0.000	0.000	0.048
29	S	0.000	0.048	0.000	0.000	0.048
30	N	0.043	0.005	0.000	0.000	0.005
31	T	0.000	0.005	0.000	0.000	0.005
32	G	0.003	0.002	0.000	0.000	0.002
33	V	0.001	0.001	0.000	0.000	0.001
34	K	0.000	0.001	0.000	0.000	0.001
35	F	0.000	0.001	0.000	0.000	0.001
36	T	0.000	0.001	0.000	0.000	0.001
37	L	0.000	0.001	0.000	0.000	0.001
38	L	0.000	0.001	0.000	0.000	0.001
39	E	0.000	0.001	0.000	0.000	0.001
40	A	0.000	0.001	0.000	0.000	0.001
>XP_001400867.2
pos	aa	C	S	n-reg	h-reg	c-reg
1	M	0.000	0.961	0.961	0.000	0.000
2	Q	0.000	0.961	0.961	0.000	0.000
3	I	0.000	0.961	0.719	0.242	0.000
4	T	0.000	0.961	0.520	0.441	0.000
5	L	0.000	0.961	0.299	0.662	0.000
6	V	0.000	0.961	0.151	0.810	0.000
7	T	0.000	0.961	0.067	0.893	0.000
8	C	0.000	0.961	0.019	0.942	0.000
9	V	0.000	0.961	0.005	0.955	0.000
10	L	0.000	0.961	0.001	0.960	0.000
11	F	0.000	0.961	0.000	0.956	0.005
12	V	0.000	0.961	0.000	0.946	0.015
13	S	0.000	0.961	0.000	0.891	0.070
14	F	0.000	0.961	0.000	0.855	0.106
15	M	0.000	0.961	0.000	0.497	0.464
16	F	0.000	0.961	0.000	0.305	0.656
17	L	0.000	0.961	0.000	0.188	0.773
18	Q	0.011	0.949	0.000	0.078	0.871
19	G	0.001	0.948	0.000	0.002	0.946
20	D	0.125	0.823	0.000	0.000	0.823
21	T	0.000	0.823	0.000	0.000	0.823
22	H	0.064	0.760	0.000	0.000	0.760
23	S	0.000	0.760	0.000	0.000	0.760
24	A	0.707	0.052	0.000	0.000	0.052
25	Y	0.011	0.042	0.000	0.000	0.042
26	C	0.000	0.042	0.000	0.000	0.042
27	H	0.038	0.004	0.000	0.000	0.004
28	L	0.000	0.004	0.000	0.000	0.004
29	R	0.002	0.001	0.000	0.000	0.001
30	G	0.000	0.001	0.000	0.000	0.001
31	G	0.000	0.001	0.000	0.000	0.001
32	L	0.000	0.000	0.000	0.000	0.000
33	K	0.000	0.000	0.000	0.000	0.000
34	L	0.000	0.000	0.000	0.000	0.000
35	L	0.000	0.000	0.000	0.000	0.000
36	K	0.000	0.000	0.000	0.000	0.000
37	E	0.000	0.000	0.000	0.000	0.000
38	W	0.000	0.000	0.000	0.000	0.000
39	R	0.000	0.000	0.000	0.000	0.000
40	S	0.000	0.000	0.000	0.000	0.000
>XP_001400868.2
pos	aa	C	S	n-reg	h-reg	c-reg
1	M	0.000	0.230	0.230	0.000	0.000
2	P	0.000	0.230	0.230	0.000	0.000
3	L	0.000	0.230	0.230	0.000	0.000
4	F	0.000	0.230	0.229	0.000	0.000
5	N	0.000	0.230	0.229	0.000	0.000
6	A	0.000	0.230	0.229	0.001	0.000
7	K	0.000	0.230	0.229	0.001	0.000
8	T	0.000	0.230	0.147	0.082	0.000
9	L	0.000	0.230	0.022	0.207	0.000
10	L	0.000	0.230	0.008	0.222	0.000
11	A	0.000	0.230	0.004	0.226	0.000
12	G	0.000	0.230	0.001	0.229	0.000
13	L	0.000	0.230	0.000	0.229	0.000
14	C	0.000	0.230	0.000	0.229	0.000
15	A	0.000	0.230	0.000	0.229	0.000
16	A	0.000	0.230	0.000	0.224	0.006
17	S	0.000	0.230	0.000	0.205	0.025
18	I	0.000	0.230	0.000	0.200	0.029
19	V	0.000	0.230	0.000	0.181	0.048
20	S	0.000	0.230	0.000	0.010	0.219
21	P	0.000	0.229	0.000	0.001	0.228
22	S	0.002	0.227	0.000	0.001	0.227
23	L	0.001	0.226	0.000	0.000	0.226
24	G	0.000	0.226	0.000	0.000	0.226
25	L	0.196	0.030	0.000	0.000	0.030
26	P	0.000	0.030	0.000	0.000	0.030
27	Q	0.022	0.008	0.000	0.000	0.008
28	S	0.000	0.007	0.000	0.000	0.007
29	S	0.001	0.006	0.000	0.000	0.006
30	H	0.000	0.006	0.000	0.000	0.006
31	P	0.000	0.006	0.000	0.000	0.006
32	G	0.001	0.005	0.000	0.000	0.005
33	S	0.000	0.005	0.000	0.000	0.005
34	S	0.000	0.005	0.000	0.000	0.005
35	A	0.001	0.004	0.000	0.000	0.004
36	V	0.001	0.003	0.000	0.000	0.003
37	A	0.000	0.003	0.000	0.000	0.003
38	N	0.001	0.002	0.000	0.000	0.002
39	T	0.000	0.002	0.000	0.000	0.002
40	Q	0.000	0.002	0.000	0.000	0.002
>XP_001400873.1
pos	aa	C	S	n-reg	h-reg	c-reg
1	M	0.000	0.984	0.984	0.000	0.000
2	L	0.000	0.984	0.984	0.000	0.000
3	S	0.000	0.984	0.983	0.001	0.000
4	S	0.000	0.984	0.981	0.003	0.000
5	L	0.000	0.984	0.971	0.013	0.000
6	L	0.000	0.984	0.934	0.050	0.000
7	S	0.000	0.984	0.920	0.064	0.000
8	Q	0.000	0.984	0.901	0.083	0.000
9	G	0.000	0.984	0.735	0.249	0.000
10	A	0.000	0.984	0.364	0.620	0.000
11	A	0.000	0.984	0.167	0.817	0.000
12	V	0.000	0.984	0.060	0.923	0.000
13	S	0.000	0.984	0.026	0.957	0.001
14	L	0.000	0.984	0.000	0.982	0.001
15	A	0.000	0.984	0.000	0.982	0.002
16	V	0.000	0.984	0.000	0.981	0.003
17	L	0.000	0.984	0.000	0.975	0.009
18	S	0.000	0.984	0.000	0.829	0.155
19	L	0.000	0.984	0.000	0.721	0.262
20	L	0.000	0.983	0.000	0.571	0.412
21	P	0.000	0.983	0.000	0.228	0.755
22	S	0.001	0.982	0.000	0.006	0.976
23	P	0.000	0.982	0.000	0.000	0.982
24	V	0.000	0.982	0.000	0.000	0.982
25	A	0.000	0.982	0.000	0.000	0.982
26	A	0.027	0.955	0.000	0.000	0.955
27	E	0.955	0.000	0.000	0.000	0.000
28	I	0.000	0.000	0.000	0.000	0.000
29	F	0.000	0.000	0.000	0.000	0.000
30	E	0.000	0.000	0.000	0.000	0.000
31	K	0.000	0.000	0.000	0.000	0.000
32	L	0.000	0.000	0.000	0.000	0.000
33	S	0.000	0.000	0.000	0.000	0.000
34	G	0.000	0.000	0.000	0.000	0.000
35	V	0.000	0.000	0.000	0.000	0.000
36	P	0.000	0.000	0.000	0.000	0.000
37	N	0.000	0.000	0.000	0.000	0.000
38	G	0.000	0.000	0.000	0.000	0.000
39	W	0.000	0.000	0.000	0.000	0.000
40	R	0.000	0.000	0.000	0.000	0.000
>XP_001400891.2
pos	aa	C	S	n-reg	h-reg	c-reg
1	M	0.000	0.980	0.980	0.000	0.000
2	H	0.000	0.980	0.980	0.000	0.000
3	F	0.000	0.980	0.735	0.246	0.000
4	P	0.000	0.980	0.586	0.394	0.000
5	L	0.000	0.980	0.176	0.805	0.000
6	A	0.000	0.980	0.071	0.909	0.000
7	V	0.000	0.980	0.014	0.967	0.000
8	L	0.000	0.980	0.001	0.979	0.000
9	A	0.000	0.980	0.001	0.980	0.000
10	L	0.000	0.980	0.000	0.980	0.001
11	L	0.000	0.980	0.000	0.924	0.056
12	P	0.000	0.980	0.000	0.795	0.186
13	L	0.000	0.980	0.000	0.547	0.434
14	T	0.000	0.980	0.000	0.352	0.628
15	I	0.000	0.980	0.000	0.263	0.717
16	H	0.000	0.980	0.000	0.032	0.948
17	A	0.000	0.980	0.000	0.022	0.958
18	I	0.684	0.296	0.000	0.017	0.279
19	N	0.000	0.296	0.000	0.000	0.296
20	I	0.000	0.296	0.000	0.000	0.296
21	I	0.000	0.296	0.000	0.000	0.296
22	S	0.000	0.296	0.000	0.000	0.296
23	S	0.011	0.284	0.000	0.000	0.284
24	N	0.284	0.000	0.000	0.000	0.000
25	D	0.000	0.000	0.000	0.000	0.000
26	D	0.000	0.000	0.000	0.000	0.000
27	G	0.000	0.000	0.000	0.000	0.000
28	W	0.000	0.000	0.000	0.000	0.000
29	A	0.000	0.000	0.000	0.000	0.000
30	E	0.000	0.000	0.000	0.000	0.000
31	L	0.000	0.000	0.000	0.000	0.000
32	N	0.000	0.000	0.000	0.000	0.000
33	I	0.000	0.000	0.000	0.000	0.000
34	R	0.000	0.000	0.000	0.000	0.000
35	T	0.000	0.000	0.000	0.000	0.000
36	L	0.000	0.000	0.000	0.000	0.000
37	Y	0.000	0.000	0.000	0.000	0.000
38	N	0.000	0.000	0.000	0.000	0.000
39	A	0.000	0.000	0.000	0.000	0.000
40	L	0.000	0.000	0.000	0.000	0.000
>XP_001400892.1
pos	aa	C	S	n-reg	h-reg	c-reg
1	M	0.000	0.999	0.999	0.000	0.000
2	S	0.000	0.999	0.999	0.000	0.000
3	L	0.000	0.999	0.964	0.035	0.000
4	R	0.000	0.999	0.956	0.043	0.000
5	T	0.000	0.999	0.703	0.295	0.000
6	L	0.000	0.999	0.084	0.915	0.000
7	L	0.000	0.999	0.005	0.993	0.000
8	L	0.000	0.999	0.001	0.998	0.000
9	A	0.000	0.999	0.000	0.998	0.000
10	A	0.000	0.999	0.000	0.998	0.000
11	S	0.000	0.999	0.000	0.992	0.007
12	T	0.000	0.999	0.000	0.987	0.012
13	L	0.000	0.999	0.000	0.947	0.052
14	S	0.000	0.999	0.000	0.458	0.541
15	A	0.000	0.998	0.000	0.167	0.832
16	T	0.001	0.997	0.000	0.036	0.961
17	A	0.002	0.995	0.000	0.021	0.974
18	A	0.044	0.951	0.000	0.007	0.944
19	A	0.388	0.563	0.000	0.001	0.562
20	G	0.355	0.208	0.000	0.000	0.208
21	K	0.184	0.024	0.000	0.000	0.024
22	H	0.000	0.024	0.000	0.000	0.024
23	R	0.000	0.024	0.000	0.000	0.024
24	L	0.000	0.024	0.000	0.000	0.024
25	H	0.000	0.024	0.000	0.000	0.024
26	A	0.000	0.024	0.000	0.000	0.024
27	R	0.023	0.000	0.000	0.000	0.000
28	D	0.000	0.000	0.000	0.000	0.000
29	W	0.000	0.000	0.000	0.000	0.000
30	I	0.000	0.000	0.000	0.000	0.000
31	A	0.000	0.000	0.000	0.000	0.000
32	S	0.000	0.000	0.000	0.000	0.000
33	D	0.000	0.000	0.000	0.000	0.000
34	E	0.000	0.000	0.000	0.000	0.000
35	I	0.000	0.000	0.000	0.000	0.000
36	V	0.000	0.000	0.000	0.000	0.000
37	G	0.000	0.000	0.000	0.000	0.000
38	F	0.000	0.000	0.000	0.000	0.000
39	N	0.000	0.000	0.000	0.000	0.000
40	Q	0.000	0.000	0.000	0.000	0.000
>XP_001400893.2
pos	aa	C	S	n-reg	h-reg	c-reg
1	M	0.000	0.998	0.998	0.000	0.000
2	R	0.000	0.998	0.998	0.000	0.000
3	Q	0.000	0.998	0.994	0.004	0.000
4	A	0.000	0.998	0.962	0.036	0.000
5	Q	0.000	0.998	0.934	0.064	0.000
6	S	0.000	0.998	0.657	0.340	0.000
7	A	0.000	0.998	0.329	0.669	0.000
8	S	0.000	0.998	0.216	0.782	0.000
9	L	0.000	0.998	0.010	0.988	0.000
10	L	0.000	0.998	0.002	0.996	0.000
11	A	0.000	0.998	0.000	0.998	0.000
12	A	0.000	0.998	0.000	0.997	0.001
13	L	0.000	0.998	0.000	0.995	0.003
14	L	0.000	0.998	0.000	0.943	0.055
15	S	0.000	0.998	0.000	0.735	0.263
16	A	0.000	0.998	0.000	0.614	0.383
17	T	0.001	0.997	0.000	0.110	0.888
18	Q	0.001	0.996	0.000	0.061	0.934
19	V	0.001	0.994	0.000	0.014	0.980
20	A	0.000	0.994	0.000	0.005	0.989
21	A	0.013	0.981	0.000	0.000	0.981
22	H	0.700	0.281	0.000	0.000	0.281
23	G	0.000	0.281	0.000	0.000	0.281
24	H	0.278	0.003	0.000	0.000	0.003
25	V	0.000	0.003	0.000	0.000	0.003
26	T	0.000	0.003	0.000	0.000	0.003
27	N	0.000	0.003	0.000	0.000	0.003
28	L	0.000	0.003	0.000	0.000	0.003
29	V	0.002	0.000	0.000	0.000	0.000
30	V	0.000	0.000	0.000	0.000	0.000
31	D	0.000	0.000	0.000	0.000	0.000
32	G	0.000	0.000	0.000	0.000	0.000
33	V	0.000	0.000	0.000	0.000	0.000
34	Y	0.000	0.000	0.000	0.000	0.000
35	Y	0.000	0.000	0.000	0.000	0.000
36	E	0.000	0.000	0.000	0.000	0.000
37	G	0.000	0.000	0.000	0.000	0.000
38	F	0.000	0.000	0.000	0.000	0.000
39	D	0.000	0.000	0.000	0.000	0.000
40	I	0.000	0.000	0.000	0.000	0.000
>XP_001400900.1
pos	aa	C	S	n-reg	h-reg	c-reg
1	M	0.000	0.242	0.242	0.000	0.000
2	S	0.000	0.243	0.243	0.000	0.000
3	S	0.000	0.243	0.243	0.000	0.000
4	V	0.000	0.243	0.242	0.000	0.000
5	P	0.000	0.243	0.242	0.000	0.000
6	T	0.000	0.243	0.242	0.000	0.000
7	F	0.000	0.243	0.242	0.001	0.000
8	A	0.000	0.243	0.242	0.001	0.000
9	G	0.000	0.243	0.242	0.001	0.000
10	L	0.000	0.243	0.242	0.001	0.000
11	S	0.000	0.243	0.242	0.001	0.000
12	G	0.000	0.243	0.242	0.001	0.000
13	R	0.000	0.243	0.242	0.001	0.000
14	K	0.000	0.243	0.242	0.001	0.000
15	L	0.000	0.243	0.218	0.024	0.000
16	I	0.000	0.243	0.211	0.031	0.000
17	W	0.000	0.243	0.208	0.035	0.000
18	S	0.000	0.243	0.191	0.051	0.001
19	V	0.000	0.242	0.116	0.125	0.000
20	T	0.000	0.242	0.087	0.155	0.001
21	S	0.000	0.242	0.061	0.181	0.001
22	C	0.000	0.242	0.018	0.224	0.001
23	A	0.000	0.242	0.004	0.233	0.005
24	T	0.000	0.242	0.001	0.231	0.010
25	L	0.000	0.242	0.000	0.231	0.011
26	G	0.000	0.242	0.000	0.227	0.015
27	F	0.004	0.238	0.000	0.213	0.025
28	L	0.000	0.238	0.000	0.209	0.029
29	L	0.002	0.236	0.000	0.204	0.033
30	F	0.000	0.236	0.000	0.151	0.085
31	G	0.000	0.236	0.000	0.035	0.201
32	Y	0.021	0.215	0.000	0.011	0.203
33	D	0.000	0.214	0.000	0.002	0.213
34	Q	0.000	0.214	0.000	0.000	0.214
35	G	0.001	0.214	0.000	0.000	0.213
36	V	0.033	0.181	0.000	0.000	0.180
37	M	0.000	0.181	0.000	0.000	0.181
38	S	0.000	0.181	0.000	0.000	0.181
39	S	0.173	0.008	0.000	0.000	0.008
40	I	0.003	0.005	0.000	0.000	0.005
>XP_001400902.1
pos	aa	C	S	n-reg	h-reg	c-reg
1	M	0.000	0.990	0.990	0.000	0.000
2	K	0.000	0.990	0.990	0.000	0.000
3	L	0.000	0.990	0.471	0.519	0.000
4	P	0.000	0.990	0.281	0.709	0.000
5	V	0.000	0.990	0.111	0.879	0.000
6	T	0.000	0.990	0.051	0.939	0.000
7	L	0.000	0.990	0.008	0.982	0.000
8	A	0.000	0.990	0.001	0.989	0.000
9	M	0.000	0.990	0.000	0.990	0.000
10	L	0.000	0.990	0.000	0.990	0.001
11	A	0.000	0.990	0.000	0.906	0.084
12	A	0.000	0.990	0.000	0.384	0.606
13	T	0.000	0.990	0.000	0.268	0.722
14	A	0.001	0.989	0.000	0.182	0.807
15	M	0.006	0.984	0.000	0.155	0.829
16	G	0.000	0.984	0.000	0.019	0.964
17	Q	0.694	0.289	0.000	0.003	0.287
18	T	0.002	0.287	0.000	0.001	0.286
19	M	0.031	0.256	0.000	0.000	0.256
20	C	0.000	0.256	0.000	0.000	0.256
21	S	0.206	0.050	0.000	0.000	0.050
22	Q	0.032	0.018	0.000	0.000	0.018
23	Y	0.011	0.008	0.000	0.000	0.008
24	D	0.000	0.008	0.000	0.000	0.008
25	S	0.000	0.008	0.000	0.000	0.008
26	A	0.000	0.007	0.000	0.000	0.007
27	S	0.004	0.003	0.000	0.000	0.003
28	S	0.001	0.002	0.000	0.000	0.002
29	P	0.002	0.000	0.000	0.000	0.000
30	P	0.000	0.000	0.000	0.000	0.000
31	Y	0.000	0.000	0.000	0.000	0.000
32	S	0.000	0.000	0.000	0.000	0.000
33	V	0.000	0.000	0.000	0.000	0.000
34	N	0.000	0.000	0.000	0.000	0.000
35	Q	0.000	0.000	0.000	0.000	0.000
36	N	0.000	0.000	0.000	0.000	0.000
37	L	0.000	0.000	0.000	0.000	0.000
38	W	0.000	0.000	0.000	0.000	0.000
39	G	0.000	0.000	0.000	0.000	0.000
40	E	0.000	0.000	0.000	0.000	0.000
>XP_001400911.1
pos	aa	C	S	n-reg	h-reg	c-reg
1	M	0.000	0.009	0.009	0.000	0.000
2	L	0.000	0.009	0.009	0.000	0.000
3	L	0.000	0.009	0.004	0.005	0.000
4	T	0.000	0.009	0.002	0.007	0.000
5	N	0.000	0.009	0.002	0.008	0.000
6	A	0.000	0.009	0.001	0.009	0.000
7	T	0.000	0.009	0.000	0.009	0.000
8	I	0.000	0.009	0.000	0.009	0.000
9	L	0.000	0.009	0.000	0.009	0.000
10	T	0.000	0.009	0.000	0.009	0.000
11	L	0.000	0.009	0.000	0.009	0.000
12	S	0.000	0.009	0.000	0.002	0.007
13	P	0.000	0.009	0.000	0.002	0.007
14	T	0.000	0.009	0.000	0.001	0.008
15	R	0.000	0.009	0.000	0.001	0.009
16	T	0.000	0.009	0.000	0.001	0.009
17	I	0.007	0.003	0.000	0.000	0.002
18	L	0.000	0.003	0.000	0.000	0.002
19	T	0.001	0.002	0.000	0.000	0.002
20	N	0.001	0.001	0.000	0.000	0.001
21	G	0.000	0.001	0.000	0.000	0.001
22	A	0.001	0.001	0.000	0.000	0.001
23	L	0.000	0.000	0.000	0.000	0.000
24	R	0.000	0.000	0.000	0.000	0.000
25	T	0.000	0.000	0.000	0.000	0.000
26	Q	0.000	0.000	0.000	0.000	0.000
27	S	0.000	0.000	0.000	0.000	0.000
28	S	0.000	0.000	0.000	0.000	0.000
29	Y	0.000	0.000	0.000	0.000	0.000
30	I	0.000	0.000	0.000	0.000	0.000
31	T	0.000	0.000	0.000	0.000	0.000
32	D	0.000	0.000	0.000	0.000	0.000
33	I	0.000	0.000	0.000	0.000	0.000
34	D	0.000	0.000	0.000	0.000	0.000
35	K	0.000	0.000	0.000	0.000	0.000
36	T	0.000	0.000	0.000	0.000	0.000
37	P	0.000	0.000	0.000	0.000	0.000
38	I	0.000	0.000	0.000	0.000	0.000
39	L	0.000	0.000	0.000	0.000	0.000
40	L	0.000	0.000	0.000	0.000	0.000
>XP_001400915.1
pos	aa	C	S	n-reg	h-reg	c-reg
1	M	0.000	0.746	0.746	0.000	0.000
2	K	0.000	0.746	0.746	0.000	0.000
3	W	0.000	0.746	0.561	0.186	0.000
4	L	0.000	0.746	0.124	0.622	0.000
5	N	0.000	0.746	0.115	0.631	0.000
6	L	0.000	0.746	0.016	0.731	0.000
7	L	0.000	0.746	0.008	0.738	0.000
8	P	0.000	0.746	0.007	0.739	0.000
9	I	0.000	0.746	0.003	0.743	0.000
10	A	0.000	0.746	0.002	0.744	0.000
11	L	0.000	0.746	0.001	0.737	0.008
12	G	0.000	0.746	0.000	0.185	0.561
13	L	0.000	0.746	0.000	0.166	0.580
14	A	0.000	0.746	0.000	0.057	0.689
15	N	0.002	0.744	0.000	0.033	0.711
16	A	0.000	0.744	0.000	0.013	0.731
17	S	0.652	0.092	0.000	0.010	0.082
18	I	0.002	0.091	0.000	0.008	0.083
19	I	0.000	0.091	0.000	0.007	0.084
20	S	0.000	0.091	0.000	0.002	0.088
21	F	0.066	0.025	0.000	0.001	0.024
22	S	0.000	0.025	0.000	0.001	0.024
23	P	0.015	0.010	0.000	0.000	0.010
24	P	0.000	0.010	0.000	0.000	0.010
25	T	0.002	0.007	0.000	0.000	0.007
26	N	0.000	0.007	0.000	0.000	0.007
27	P	0.000	0.007	0.000	0.000	0.007
28	D	0.007	0.000	0.000	0.000	0.000
29	I	0.000	0.000	0.000	0.000	0.000
30	I	0.000	0.000	0.000	0.000	0.000
31	Y	0.000	0.000	0.000	0.000	0.000
32	S	0.000	0.000	0.000	0.000	0.000
33	L	0.000	0.000	0.000	0.000	0.000
34	T	0.000	0.000	0.000	0.000	0.000
35	I	0.000	0.000	0.000	0.000	0.000
36	P	0.000	0.000	0.000	0.000	0.000
37	N	0.000	0.000	0.000	0.000	0.000
38	T	0.000	0.000	0.000	0.000	0.000
39	T	0.000	0.000	0.000	0.000	0.000
40	T	0.000	0.000	0.000	0.000	0.000
>XP_001400923.2
pos	aa	C	S	n-reg	h-reg	c-reg
1	M	0.000	1.000	1.000	0.000	0.000
2	K	0.000	1.000	1.000	0.000	0.000
3	S	0.000	1.000	0.784	0.216	0.000
4	I	0.000	1.000	0.492	0.508	0.000
5	S	0.000	1.000	0.401	0.599	0.000
6	A	0.000	1.000	0.049	0.951	0.000
7	V	0.000	1.000	0.007	0.993	0.000
8	L	0.000	1.000	0.002	0.998	0.000
9	I	0.000	1.000	0.001	0.999	0.000
10	A	0.000	1.000	0.001	0.999	0.000
11	L	0.000	1.000	0.000	0.990	0.010
12	L	0.000	1.000	0.000	0.956	0.044
13	A	0.000	1.000	0.000	0.887	0.113
14	A	0.000	1.000	0.000	0.158	0.842
15	S	0.000	1.000	0.000	0.059	0.941
16	V	0.001	0.999	0.000	0.032	0.968
17	S	0.000	0.999	0.000	0.016	0.984
18	A	0.010	0.989	0.000	0.011	0.978
19	G	0.921	0.069	0.000	0.002	0.067
20	P	0.019	0.050	0.000	0.001	0.049
21	V	0.006	0.043	0.000	0.001	0.043
22	V	0.000	0.043	0.000	0.001	0.043
23	T	0.000	0.043	0.000	0.000	0.043
24	T	0.028	0.015	0.000	0.000	0.015
25	V	0.012	0.003	0.000	0.000	0.003
26	T	0.000	0.003	0.000	0.000	0.003
27	I	0.000	0.002	0.000	0.000	0.002
28	A	0.000	0.002	0.000	0.000	0.002
29	L	0.000	0.002	0.000	0.000	0.002
30	A	0.000	0.002	0.000	0.000	0.002
31	N	0.002	0.000	0.000	0.000	0.000
32	D	0.000	0.000	0.000	0.000	0.000
33	Q	0.000	0.000	0.000	0.000	0.000
34	T	0.000	0.000	0.000	0.000	0.000
35	G	0.000	0.000	0.000	0.000	0.000
36	A	0.000	0.000	0.000	0.000	0.000
37	Q	0.000	0.000	0.000	0.000	0.000
38	G	0.000	0.000	0.000	0.000	0.000
39	S	0.000	0.000	0.000	0.000	0.000
40	A	0.000	0.000	0.000	0.000	0.000
>XP_001400931.2
pos	aa	C	S	n-reg	h-reg	c-reg
1	M	0.000	0.638	0.638	0.000	0.000
2	V	0.000	0.918	0.918	0.000	0.000
3	Q	0.000	0.918	0.918	0.000	0.000
4	S	0.000	0.918	0.917	0.001	0.000
5	L	0.000	0.918	0.917	0.001	0.000
6	G	0.000	0.918	0.917	0.001	0.000
7	L	0.000	0.918	0.917	0.001	0.000
8	P	0.000	0.918	0.917	0.001	0.000
9	M	0.000	0.918	0.916	0.001	0.000
10	C	0.000	0.918	0.916	0.002	0.000
11	S	0.000	0.918	0.916	0.002	0.000
12	R	0.000	0.918	0.915	0.002	0.001
13	S	0.000	0.918	0.849	0.068	0.001
14	L	0.000	0.918	0.727	0.191	0.001
15	Y	0.000	0.918	0.682	0.235	0.001
16	T	0.000	0.918	0.625	0.291	0.001
17	W	0.000	0.918	0.560	0.357	0.001
18	C	0.000	0.918	0.316	0.601	0.001
19	F	0.000	0.917	0.164	0.753	0.001
20	T	0.000	0.917	0.110	0.806	0.001
21	M	0.000	0.917	0.064	0.848	0.005
22	F	0.000	0.917	0.014	0.895	0.008
23	C	0.000	0.917	0.002	0.902	0.013
24	L	0.000	0.917	0.001	0.873	0.043
25	G	0.000	0.917	0.000	0.831	0.085
26	L	0.001	0.915	0.000	0.813	0.103
27	L	0.000	0.914	0.000	0.789	0.125
28	A	0.003	0.907	0.000	0.756	0.151
29	L	0.064	0.838	0.000	0.735	0.103
30	L	0.016	0.804	0.000	0.400	0.405
31	Y	0.021	0.724	0.000	0.211	0.512
32	V	0.000	0.671	0.000	0.143	0.528
33	R	0.000	0.532	0.000	0.002	0.531
34	L	0.000	0.532	0.000	0.002	0.531
35	L	0.485	0.047	0.000	0.001	0.046
36	R	0.041	0.006	0.000	0.000	0.006
37	D	0.000	0.006	0.000	0.000	0.006
38	D	0.000	0.006	0.000	0.000	0.006
39	L	0.000	0.006	0.000	0.000	0.006
40	I	0.000	0.006	0.000	0.000	0.006
>XP_001400932.1
pos	aa	C	S	n-reg	h-reg	c-reg
1	M	0.000	0.894	0.894	0.000	0.000
2	A	0.000	0.894	0.894	0.000	0.000
3	P	0.000	0.894	0.883	0.011	0.000
4	P	0.000	0.894	0.790	0.104	0.000
5	V	0.000	0.894	0.340	0.554	0.000
6	I	0.000	0.894	0.074	0.820	0.000
7	F	0.000	0.894	0.021	0.872	0.000
8	T	0.000	0.894	0.007	0.887	0.000
9	A	0.000	0.894	0.000	0.893	0.000
10	A	0.000	0.894	0.000	0.894	0.000
11	V	0.000	0.894	0.000	0.894	0.000
12	L	0.000	0.894	0.000	0.893	0.001
13	F	0.000	0.894	0.000	0.813	0.081
14	M	0.000	0.894	0.000	0.559	0.335
15	L	0.000	0.894	0.000	0.479	0.415
16	P	0.000	0.894	0.000	0.131	0.762
17	N	0.000	0.894	0.000	0.003	0.891
18	Q	0.000	0.894	0.000	0.001	0.893
19	L	0.000	0.894	0.000	0.000	0.893
20	A	0.006	0.888	0.000	0.000	0.888
21	A	0.145	0.743	0.000	0.000	0.743
22	L	0.644	0.099	0.000	0.000	0.099
23	P	0.002	0.096	0.000	0.000	0.096
24	Q	0.093	0.004	0.000	0.000	0.004
25	N	0.001	0.003	0.000	0.000	0.003
26	P	0.000	0.003	0.000	0.000	0.003
27	G	0.000	0.003	0.000	0.000	0.003
28	N	0.000	0.002	0.000	0.000	0.002
29	I	0.000	0.002	0.000	0.000	0.002
30	S	0.000	0.002	0.000	0.000	0.002
31	T	0.000	0.002	0.000	0.000	0.002
32	P	0.000	0.002	0.000	0.000	0.002
33	A	0.000	0.002	0.000	0.000	0.002
34	T	0.000	0.002	0.000	0.000	0.002
35	A	0.000	0.002	0.000	0.000	0.002
36	N	0.001	0.001	0.000	0.000	0.001
37	H	0.000	0.001	0.000	0.000	0.001
38	G	0.000	0.001	0.000	0.000	0.001
39	V	0.000	0.001	0.000	0.000	0.001
40	L	0.000	0.001	0.000	0.000	0.001
>XP_001400933.1
pos	aa	C	S	n-reg	h-reg	c-reg
1	M	0.000	0.263	0.263	0.000	0.000
2	F	0.000	0.373	0.373	0.000	0.000
3	S	0.000	0.373	0.372	0.002	0.000
4	S	0.000	0.373	0.368	0.005	0.000
5	T	0.000	0.373	0.365	0.008	0.000
6	V	0.000	0.373	0.352	0.022	0.000
7	A	0.000	0.373	0.348	0.025	0.000
8	R	0.000	0.373	0.348	0.026	0.000
9	P	0.000	0.373	0.321	0.052	0.000
10	L	0.000	0.373	0.169	0.204	0.000
11	Q	0.000	0.373	0.167	0.207	0.000
12	L	0.000	0.373	0.157	0.216	0.000
13	V	0.000	0.373	0.156	0.217	0.000
14	T	0.000	0.373	0.155	0.210	0.008
15	R	0.000	0.373	0.155	0.199	0.019
16	F	0.000	0.373	0.125	0.228	0.020
17	M	0.000	0.373	0.113	0.236	0.024
18	Q	0.000	0.373	0.103	0.075	0.195
19	W	0.000	0.373	0.081	0.093	0.199
20	A	0.000	0.373	0.062	0.105	0.207
21	S	0.000	0.373	0.050	0.114	0.210
22	A	0.001	0.373	0.029	0.133	0.210
23	V	0.196	0.176	0.026	0.131	0.019
24	I	0.000	0.176	0.026	0.126	0.024
25	V	0.000	0.176	0.026	0.120	0.030
26	M	0.000	0.176	0.026	0.102	0.048
27	G	0.000	0.176	0.026	0.089	0.061
28	I	0.026	0.150	0.026	0.086	0.038
29	T	0.000	0.147	0.026	0.084	0.038
30	S	0.003	0.142	0.026	0.081	0.035
31	Y	0.035	0.104	0.026	0.077	0.001
32	F	0.000	0.100	0.026	0.073	0.001
33	I	0.000	0.087	0.026	0.059	0.001
34	H	0.000	0.037	0.026	0.009	0.002
35	K	0.000	0.029	0.026	0.000	0.003
36	G	0.000	0.029	0.026	0.000	0.003
37	P	0.000	0.028	0.026	0.000	0.002
38	R	0.000	0.028	0.026	0.000	0.002
39	G	0.000	0.028	0.026	0.000	0.002
40	Q	0.002	0.026	0.026	0.000	0.000
>XP_001400936.1
pos	aa	C	S	n-reg	h-reg	c-reg
1	M	0.000	0.977	0.977	0.000	0.000
2	S	0.000	0.978	0.978	0.000	0.000
3	L	0.000	0.978	0.921	0.056	0.000
4	L	0.000	0.978	0.894	0.084	0.000
5	W	0.000	0.978	0.884	0.094	0.000
6	N	0.000	0.978	0.817	0.161	0.000
7	V	0.000	0.978	0.302	0.675	0.000
8	G	0.000	0.978	0.229	0.749	0.000
9	V	0.000	0.978	0.066	0.911	0.000
10	A	0.000	0.978	0.004	0.973	0.000
11	A	0.000	0.978	0.001	0.976	0.001
12	L	0.000	0.978	0.000	0.975	0.002
13	L	0.000	0.978	0.000	0.972	0.006
14	A	0.000	0.977	0.000	0.936	0.041
15	V	0.000	0.977	0.000	0.886	0.091
16	L	0.000	0.977	0.000	0.810	0.167
17	W	0.000	0.977	0.000	0.706	0.271
18	T	0.000	0.977	0.000	0.038	0.939
19	A	0.024	0.953	0.000	0.012	0.941
20	S	0.018	0.935	0.000	0.000	0.934
21	E	0.097	0.838	0.000	0.000	0.838
22	A	0.000	0.838	0.000	0.000	0.838
23	V	0.831	0.006	0.000	0.000	0.006
24	R	0.000	0.006	0.000	0.000	0.006
25	R	0.000	0.006	0.000	0.000	0.006
26	L	0.000	0.006	0.000	0.000	0.006
27	Y	0.004	0.002	0.000	0.000	0.002
28	F	0.000	0.002	0.000	0.000	0.002
29	H	0.000	0.002	0.000	0.000	0.002
30	P	0.000	0.002	0.000	0.000	0.002
31	L	0.000	0.002	0.000	0.000	0.002
32	A	0.000	0.002	0.000	0.000	0.002
33	H	0.000	0.002	0.000	0.000	0.002
34	I	0.000	0.002	0.000	0.000	0.002
35	P	0.000	0.002	0.000	0.000	0.002
36	G	0.000	0.002	0.000	0.000	0.002
37	P	0.000	0.002	0.000	0.000	0.002
38	R	0.000	0.002	0.000	0.000	0.002
39	L	0.000	0.002	0.000	0.000	0.002
40	A	0.000	0.002	0.000	0.000	0.002
>XP_001400937.2
pos	aa	C	S	n-reg	h-reg	c-reg
1	M	0.000	0.734	0.734	0.000	0.000
2	S	0.000	0.807	0.807	0.000	0.000
3	R	0.000	0.807	0.807	0.000	0.000
4	T	0.000	0.807	0.806	0.002	0.000
5	Y	0.000	0.807	0.802	0.005	0.000
6	A	0.000	0.807	0.744	0.063	0.000
7	T	0.000	0.807	0.672	0.135	0.000
8	P	0.000	0.807	0.629	0.178	0.000
9	A	0.000	0.807	0.376	0.431	0.000
10	A	0.000	0.807	0.142	0.665	0.000
11	I	0.000	0.807	0.037	0.770	0.000
12	I	0.000	0.807	0.021	0.786	0.000
13	T	0.000	0.807	0.015	0.792	0.001
14	I	0.000	0.807	0.011	0.795	0.001
15	S	0.000	0.807	0.010	0.792	0.005
16	I	0.000	0.807	0.009	0.791	0.007
17	L	0.000	0.807	0.009	0.772	0.027
18	F	0.001	0.806	0.009	0.461	0.337
19	P	0.000	0.806	0.009	0.242	0.556
20	V	0.001	0.806	0.009	0.213	0.584
21	L	0.000	0.805	0.009	0.118	0.679
22	G	0.000	0.804	0.009	0.074	0.721
23	T	0.420	0.384	0.009	0.070	0.305
24	L	0.055	0.328	0.009	0.066	0.254
25	T	0.023	0.302	0.009	0.062	0.232
26	V	0.220	0.080	0.009	0.059	0.012
27	I	0.000	0.075	0.009	0.054	0.012
28	L	0.000	0.061	0.009	0.040	0.012
29	R	0.012	0.009	0.009	0.000	0.000
30	F	0.000	0.009	0.009	0.000	0.000
31	Y	0.000	0.009	0.009	0.000	0.000
32	T	0.000	0.009	0.009	0.000	0.000
33	R	0.000	0.009	0.009	0.000	0.000
34	R	0.000	0.009	0.009	0.000	0.000
35	K	0.000	0.009	0.009	0.000	0.000
36	T	0.000	0.009	0.009	0.000	0.000
37	K	0.000	0.009	0.009	0.000	0.000
38	S	0.000	0.009	0.009	0.000	0.000
39	V	0.000	0.009	0.009	0.000	0.000
40	L	0.000	0.009	0.009	0.000	0.000
>XP_001400950.1
pos	aa	C	S	n-reg	h-reg	c-reg
1	M	0.000	0.991	0.991	0.000	0.000
2	K	0.000	0.991	0.991	0.000	0.000
3	F	0.000	0.991	0.933	0.057	0.000
4	T	0.000	0.991	0.899	0.091	0.000
5	N	0.000	0.991	0.882	0.109	0.000
6	Y	0.000	0.991	0.581	0.410	0.000
7	L	0.000	0.991	0.009	0.982	0.000
8	L	0.000	0.991	0.002	0.988	0.000
9	T	0.000	0.991	0.002	0.989	0.000
10	T	0.000	0.991	0.001	0.990	0.000
11	A	0.000	0.991	0.000	0.985	0.005
12	T	0.000	0.991	0.000	0.974	0.016
13	L	0.000	0.991	0.000	0.970	0.021
14	A	0.000	0.991	0.000	0.906	0.085
15	S	0.000	0.991	0.000	0.056	0.934
16	S	0.000	0.991	0.000	0.029	0.962
17	V	0.000	0.991	0.000	0.016	0.975
18	L	0.000	0.991	0.000	0.011	0.979
19	A	0.000	0.990	0.000	0.002	0.988
20	A	0.961	0.029	0.000	0.001	0.028
21	P	0.001	0.028	0.000	0.000	0.028
22	A	0.012	0.015	0.000	0.000	0.015
23	P	0.004	0.012	0.000	0.000	0.012
24	R	0.000	0.012	0.000	0.000	0.012
25	T	0.000	0.012	0.000	0.000	0.012
26	G	0.000	0.011	0.000	0.000	0.011
27	L	0.010	0.001	0.000	0.000	0.001
28	E	0.001	0.000	0.000	0.000	0.000
29	D	0.000	0.000	0.000	0.000	0.000
30	R	0.000	0.000	0.000	0.000	0.000
31	L	0.000	0.000	0.000	0.000	0.000
32	R	0.000	0.000	0.000	0.000	0.000
33	A	0.000	0.000	0.000	0.000	0.000
34	R	0.000	0.000	0.000	0.000	0.000
35	S	0.000	0.000	0.000	0.000	0.000
36	L	0.000	0.000	0.000	0.000	0.000
37	Q	0.000	0.000	0.000	0.000	0.000
38	R	0.000	0.000	0.000	0.000	0.000
39	Q	0.000	0.000	0.000	0.000	0.000
40	S	0.000	0.000	0.000	0.000	0.000
>XP_001400961.1
pos	aa	C	S	n-reg	h-reg	c-reg
1	M	0.000	0.004	0.004	0.000	0.000
2	A	0.000	0.004	0.004	0.000	0.000
3	R	0.000	0.004	0.004	0.000	0.000
4	R	0.000	0.004	0.004	0.000	0.000
5	F	0.000	0.004	0.004	0.000	0.000
6	M	0.000	0.004	0.004	0.000	0.000
7	I	0.000	0.004	0.003	0.001	0.000
8	P	0.000	0.004	0.003	0.001	0.000
9	W	0.000	0.004	0.003	0.001	0.000
10	L	0.000	0.004	0.003	0.001	0.000
11	Y	0.000	0.004	0.003	0.001	0.000
12	D	0.000	0.004	0.003	0.001	0.000
13	L	0.000	0.004	0.002	0.002	0.000
14	G	0.000	0.004	0.002	0.002	0.000
15	V	0.000	0.004	0.001	0.003	0.000
16	W	0.000	0.004	0.000	0.003	0.000
17	I	0.000	0.004	0.000	0.003	0.000
18	F	0.000	0.004	0.000	0.003	0.001
19	T	0.000	0.004	0.000	0.003	0.001
20	L	0.000	0.004	0.000	0.003	0.001
21	C	0.000	0.004	0.000	0.003	0.001
22	L	0.001	0.003	0.000	0.003	0.000
23	D	0.000	0.003	0.000	0.002	0.001
24	I	0.000	0.003	0.000	0.001	0.001
25	F	0.000	0.003	0.000	0.001	0.002
26	F	0.000	0.003	0.000	0.001	0.002
27	R	0.000	0.003	0.000	0.000	0.003
28	E	0.000	0.003	0.000	0.000	0.003
29	V	0.000	0.003	0.000	0.000	0.003
30	Y	0.000	0.003	0.000	0.000	0.003
31	S	0.000	0.003	0.000	0.000	0.003
32	R	0.003	0.000	0.000	0.000	0.000
33	G	0.000	0.000	0.000	0.000	0.000
34	A	0.000	0.000	0.000	0.000	0.000
35	W	0.000	0.000	0.000	0.000	0.000
36	R	0.000	0.000	0.000	0.000	0.000
37	I	0.000	0.000	0.000	0.000	0.000
38	P	0.000	0.000	0.000	0.000	0.000
39	K	0.000	0.000	0.000	0.000	0.000
40	R	0.000	0.000	0.000	0.000	0.000
>XP_001400977.1
pos	aa	C	S	n-reg	h-reg	c-reg
1	M	0.000	0.318	0.318	0.000	0.000
2	R	0.000	0.318	0.318	0.000	0.000
3	L	0.000	0.318	0.318	0.000	0.000
4	V	0.000	0.318	0.318	0.000	0.000
5	R	0.000	0.318	0.318	0.000	0.000
6	D	0.000	0.318	0.313	0.005	0.000
7	C	0.000	0.318	0.197	0.121	0.000
8	L	0.000	0.318	0.164	0.154	0.000
9	Y	0.000	0.318	0.143	0.175	0.000
10	G	0.000	0.318	0.109	0.209	0.000
11	G	0.000	0.318	0.074	0.244	0.000
12	L	0.000	0.318	0.015	0.303	0.000
13	F	0.000	0.318	0.000	0.318	0.000
14	L	0.000	0.318	0.000	0.317	0.001
15	N	0.000	0.318	0.000	0.300	0.018
16	T	0.000	0.318	0.000	0.297	0.021
17	A	0.000	0.318	0.000	0.281	0.037
18	L	0.000	0.318	0.000	0.232	0.086
19	F	0.000	0.318	0.000	0.168	0.149
20	S	0.000	0.318	0.000	0.131	0.187
21	Q	0.003	0.315	0.000	0.004	0.311
22	L	0.000	0.315	0.000	0.002	0.312
23	S	0.001	0.313	0.000	0.000	0.313
24	H	0.001	0.313	0.000	0.000	0.313
25	A	0.000	0.313	0.000	0.000	0.313
26	I	0.312	0.000	0.000	0.000	0.000
27	D	0.000	0.000	0.000	0.000	0.000
28	I	0.000	0.000	0.000	0.000	0.000
29	D	0.000	0.000	0.000	0.000	0.000
30	I	0.000	0.000	0.000	0.000	0.000
31	S	0.000	0.000	0.000	0.000	0.000
32	S	0.000	0.000	0.000	0.000	0.000
33	T	0.000	0.000	0.000	0.000	0.000
34	S	0.000	0.000	0.000	0.000	0.000
35	S	0.000	0.000	0.000	0.000	0.000
36	I	0.000	0.000	0.000	0.000	0.000
37	K	0.000	0.000	0.000	0.000	0.000
38	D	0.000	0.000	0.000	0.000	0.000
39	A	0.000	0.000	0.000	0.000	0.000
40	A	0.000	0.000	0.000	0.000	0.000
