>XP_001390937.1
pos	aa	C	S	n-reg	h-reg	c-reg
1	M	0.000	0.378	0.378	0.000	0.000
2	I	0.000	0.383	0.383	0.000	0.000
3	E	0.000	0.383	0.375	0.008	0.000
4	S	0.000	0.383	0.271	0.112	0.000
5	L	0.000	0.383	0.109	0.274	0.000
6	I	0.000	0.383	0.079	0.304	0.000
7	S	0.000	0.383	0.066	0.317	0.000
8	V	0.000	0.383	0.054	0.329	0.000
9	A	0.000	0.383	0.046	0.337	0.000
10	F	0.000	0.383	0.032	0.351	0.000
11	C	0.000	0.383	0.021	0.359	0.003
12	L	0.000	0.383	0.011	0.354	0.018
13	S	0.000	0.383	0.009	0.171	0.204
14	T	0.000	0.383	0.006	0.159	0.218
15	A	0.000	0.383	0.002	0.117	0.264
16	L	0.031	0.352	0.000	0.110	0.242
17	T	0.002	0.351	0.000	0.080	0.271
18	I	0.162	0.188	0.000	0.064	0.124
19	G	0.000	0.188	0.000	0.056	0.132
20	I	0.064	0.124	0.000	0.053	0.071
21	L	0.000	0.124	0.000	0.046	0.078
22	L	0.024	0.100	0.000	0.033	0.068
23	L	0.028	0.071	0.000	0.021	0.050
24	P	0.007	0.061	0.000	0.004	0.056
25	S	0.006	0.055	0.000	0.001	0.053
26	R	0.006	0.048	0.000	0.000	0.048
27	H	0.000	0.048	0.000	0.000	0.048
28	E	0.000	0.048	0.000	0.000	0.048
29	S	0.000	0.048	0.000	0.000	0.048
30	R	0.028	0.020	0.000	0.000	0.020
31	S	0.000	0.020	0.000	0.000	0.020
32	V	0.016	0.005	0.000	0.000	0.005
33	T	0.000	0.005	0.000	0.000	0.005
34	S	0.000	0.004	0.000	0.000	0.004
35	Q	0.003	0.001	0.000	0.000	0.001
36	N	0.000	0.001	0.000	0.000	0.001
37	A	0.000	0.001	0.000	0.000	0.001
38	A	0.001	0.000	0.000	0.000	0.000
39	N	0.000	0.000	0.000	0.000	0.000
40	E	0.000	0.000	0.000	0.000	0.000
>XP_001390946.2
pos	aa	C	S	n-reg	h-reg	c-reg
1	M	0.000	0.914	0.914	0.000	0.000
2	W	0.000	0.914	0.914	0.000	0.000
3	F	0.000	0.914	0.914	0.000	0.000
4	N	0.000	0.914	0.914	0.000	0.000
5	K	0.000	0.914	0.914	0.000	0.000
6	R	0.000	0.914	0.911	0.003	0.000
7	S	0.000	0.914	0.764	0.150	0.000
8	S	0.000	0.914	0.633	0.281	0.000
9	P	0.000	0.914	0.499	0.415	0.000
10	I	0.000	0.914	0.083	0.830	0.000
11	A	0.000	0.914	0.037	0.877	0.000
12	A	0.000	0.914	0.023	0.891	0.000
13	L	0.000	0.914	0.008	0.906	0.000
14	L	0.000	0.914	0.004	0.909	0.000
15	L	0.000	0.914	0.002	0.890	0.021
16	T	0.000	0.914	0.002	0.764	0.148
17	A	0.000	0.914	0.002	0.649	0.263
18	P	0.000	0.914	0.001	0.215	0.697
19	S	0.000	0.914	0.000	0.068	0.846
20	L	0.000	0.913	0.000	0.060	0.853
21	S	0.000	0.913	0.000	0.041	0.872
22	A	0.042	0.871	0.000	0.038	0.832
23	A	0.259	0.612	0.000	0.028	0.584
24	F	0.553	0.059	0.000	0.014	0.045
25	Y	0.000	0.059	0.000	0.006	0.053
26	L	0.000	0.059	0.000	0.005	0.054
27	P	0.000	0.059	0.000	0.000	0.059
28	G	0.001	0.058	0.000	0.000	0.058
29	V	0.003	0.055	0.000	0.000	0.055
30	A	0.000	0.055	0.000	0.000	0.055
31	P	0.002	0.052	0.000	0.000	0.052
32	T	0.038	0.015	0.000	0.000	0.015
33	S	0.014	0.000	0.000	0.000	0.000
34	Y	0.000	0.000	0.000	0.000	0.000
35	D	0.000	0.000	0.000	0.000	0.000
36	E	0.000	0.000	0.000	0.000	0.000
37	G	0.000	0.000	0.000	0.000	0.000
38	Q	0.000	0.000	0.000	0.000	0.000
39	S	0.000	0.000	0.000	0.000	0.000
40	V	0.000	0.000	0.000	0.000	0.000
>XP_001390949.1
pos	aa	C	S	n-reg	h-reg	c-reg
1	M	0.000	0.063	0.063	0.000	0.000
2	G	0.000	0.993	0.993	0.000	0.000
3	F	0.000	0.993	0.993	0.000	0.000
4	G	0.000	0.993	0.993	0.000	0.000
5	G	0.000	0.993	0.993	0.000	0.000
6	V	0.000	0.993	0.993	0.000	0.000
7	L	0.000	0.993	0.993	0.000	0.000
8	L	0.000	0.993	0.993	0.000	0.000
9	R	0.000	0.993	0.993	0.000	0.000
10	A	0.000	0.993	0.993	0.000	0.000
11	S	0.000	0.993	0.993	0.000	0.000
12	N	0.000	0.993	0.993	0.000	0.000
13	L	0.000	0.993	0.992	0.001	0.000
14	S	0.000	0.993	0.992	0.001	0.000
15	I	0.000	0.993	0.992	0.001	0.000
16	R	0.000	0.993	0.992	0.001	0.000
17	V	0.000	0.993	0.977	0.016	0.000
18	L	0.000	0.993	0.966	0.026	0.000
19	Q	0.000	0.993	0.960	0.033	0.000
20	F	0.000	0.993	0.931	0.062	0.000
21	L	0.000	0.993	0.920	0.073	0.000
22	A	0.000	0.993	0.916	0.077	0.000
23	A	0.000	0.993	0.912	0.081	0.000
24	A	0.000	0.993	0.909	0.083	0.001
25	V	0.000	0.993	0.908	0.084	0.001
26	I	0.000	0.993	0.907	0.084	0.001
27	L	0.000	0.993	0.907	0.083	0.003
28	G	0.000	0.993	0.907	0.080	0.005
29	I	0.001	0.992	0.907	0.079	0.005
30	F	0.000	0.992	0.907	0.064	0.020
31	S	0.000	0.992	0.907	0.036	0.048
32	Y	0.003	0.989	0.907	0.031	0.051
33	F	0.000	0.989	0.907	0.029	0.052
34	L	0.000	0.988	0.907	0.024	0.057
35	A	0.000	0.987	0.907	0.021	0.059
36	V	0.003	0.982	0.907	0.019	0.056
37	L	0.000	0.979	0.907	0.015	0.056
38	S	0.001	0.968	0.907	0.005	0.055
39	R	0.055	0.908	0.907	0.000	0.000
40	H	0.000	0.908	0.907	0.000	0.000
>XP_001390973.1
pos	aa	C	S	n-reg	h-reg	c-reg
1	M	0.000	0.941	0.941	0.000	0.000
2	F	0.000	0.941	0.941	0.000	0.000
3	R	0.000	0.941	0.941	0.000	0.000
4	A	0.000	0.941	0.941	0.000	0.000
5	R	0.000	0.941	0.941	0.000	0.000
6	R	0.000	0.941	0.941	0.000	0.000
7	Y	0.000	0.941	0.939	0.002	0.000
8	R	0.000	0.941	0.932	0.008	0.000
9	V	0.000	0.941	0.403	0.537	0.000
10	L	0.000	0.941	0.176	0.765	0.000
11	L	0.000	0.941	0.042	0.899	0.000
12	V	0.000	0.941	0.011	0.929	0.000
13	F	0.000	0.941	0.005	0.935	0.000
14	A	0.000	0.941	0.003	0.938	0.000
15	T	0.000	0.941	0.000	0.940	0.000
16	I	0.000	0.941	0.000	0.940	0.000
17	F	0.000	0.941	0.000	0.932	0.008
18	V	0.000	0.941	0.000	0.919	0.022
19	L	0.000	0.941	0.000	0.858	0.083
20	A	0.000	0.941	0.000	0.482	0.458
21	F	0.016	0.925	0.000	0.263	0.662
22	I	0.000	0.925	0.000	0.172	0.753
23	H	0.000	0.925	0.000	0.003	0.922
24	F	0.000	0.925	0.000	0.001	0.923
25	A	0.000	0.925	0.000	0.001	0.924
26	R	0.020	0.904	0.000	0.000	0.904
27	S	0.000	0.904	0.000	0.000	0.904
28	R	0.724	0.180	0.000	0.000	0.180
29	E	0.000	0.180	0.000	0.000	0.180
30	Q	0.000	0.180	0.000	0.000	0.180
31	A	0.005	0.175	0.000	0.000	0.175
32	P	0.000	0.175	0.000	0.000	0.175
33	S	0.000	0.174	0.000	0.000	0.174
34	A	0.000	0.174	0.000	0.000	0.174
35	W	0.000	0.174	0.000	0.000	0.174
36	S	0.000	0.174	0.000	0.000	0.174
37	A	0.172	0.002	0.000	0.000	0.002
38	P	0.001	0.000	0.000	0.000	0.000
39	P	0.000	0.000	0.000	0.000	0.000
40	P	0.000	0.000	0.000	0.000	0.000
>XP_001390975.1
pos	aa	C	S	n-reg	h-reg	c-reg
1	M	0.000	0.999	0.999	0.000	0.000
2	K	0.000	1.000	1.000	0.000	0.000
3	R	0.000	1.000	0.991	0.008	0.000
4	L	0.000	1.000	0.500	0.500	0.000
5	M	0.000	1.000	0.425	0.574	0.000
6	Y	0.000	1.000	0.231	0.769	0.000
7	L	0.000	1.000	0.009	0.991	0.000
8	L	0.000	1.000	0.002	0.998	0.000
9	V	0.000	1.000	0.000	0.999	0.000
10	V	0.000	1.000	0.000	1.000	0.000
11	L	0.000	1.000	0.000	0.999	0.000
12	L	0.000	1.000	0.000	0.975	0.024
13	L	0.000	1.000	0.000	0.943	0.057
14	S	0.000	1.000	0.000	0.717	0.283
15	Y	0.000	0.999	0.000	0.136	0.863
16	V	0.000	0.999	0.000	0.073	0.926
17	V	0.000	0.999	0.000	0.013	0.987
18	C	0.000	0.999	0.000	0.004	0.995
19	A	0.153	0.846	0.000	0.000	0.846
20	L	0.730	0.116	0.000	0.000	0.116
21	P	0.002	0.114	0.000	0.000	0.114
22	Y	0.113	0.001	0.000	0.000	0.001
23	D	0.000	0.001	0.000	0.000	0.001
24	D	0.000	0.001	0.000	0.000	0.001
25	H	0.000	0.001	0.000	0.000	0.001
26	G	0.000	0.001	0.000	0.000	0.001
27	K	0.001	0.000	0.000	0.000	0.000
28	K	0.000	0.000	0.000	0.000	0.000
29	R	0.000	0.000	0.000	0.000	0.000
30	D	0.000	0.000	0.000	0.000	0.000
31	L	0.000	0.000	0.000	0.000	0.000
32	G	0.000	0.000	0.000	0.000	0.000
33	P	0.000	0.000	0.000	0.000	0.000
34	L	0.000	0.000	0.000	0.000	0.000
35	S	0.000	0.000	0.000	0.000	0.000
36	D	0.000	0.000	0.000	0.000	0.000
37	L	0.000	0.000	0.000	0.000	0.000
38	P	0.000	0.000	0.000	0.000	0.000
39	G	0.000	0.000	0.000	0.000	0.000
40	G	0.000	0.000	0.000	0.000	0.000
>XP_001391002.1
pos	aa	C	S	n-reg	h-reg	c-reg
1	M	0.000	0.591	0.591	0.000	0.000
2	A	0.000	0.596	0.596	0.000	0.000
3	P	0.000	0.596	0.596	0.000	0.000
4	R	0.000	0.596	0.596	0.000	0.000
5	V	0.000	0.596	0.596	0.000	0.000
6	N	0.000	0.596	0.596	0.000	0.000
7	I	0.000	0.596	0.595	0.000	0.000
8	P	0.000	0.596	0.595	0.001	0.000
9	P	0.000	0.596	0.594	0.002	0.000
10	A	0.000	0.596	0.588	0.007	0.000
11	T	0.000	0.596	0.584	0.011	0.000
12	R	0.000	0.596	0.576	0.020	0.000
13	I	0.000	0.596	0.183	0.413	0.000
14	C	0.000	0.596	0.049	0.547	0.000
15	L	0.000	0.596	0.014	0.582	0.000
16	I	0.000	0.596	0.005	0.591	0.000
17	S	0.000	0.596	0.002	0.593	0.000
18	L	0.000	0.596	0.001	0.594	0.001
19	L	0.000	0.596	0.000	0.594	0.002
20	T	0.000	0.596	0.000	0.580	0.016
21	L	0.000	0.596	0.000	0.561	0.034
22	S	0.000	0.596	0.000	0.532	0.063
23	L	0.002	0.594	0.000	0.527	0.066
24	L	0.001	0.593	0.000	0.322	0.271
25	Y	0.033	0.558	0.000	0.048	0.510
26	N	0.000	0.556	0.000	0.005	0.550
27	I	0.000	0.556	0.000	0.004	0.551
28	A	0.000	0.555	0.000	0.001	0.554
29	R	0.318	0.237	0.000	0.000	0.237
30	W	0.000	0.237	0.000	0.000	0.237
31	R	0.000	0.237	0.000	0.000	0.237
32	Q	0.000	0.237	0.000	0.000	0.237
33	L	0.181	0.056	0.000	0.000	0.056
34	D	0.037	0.019	0.000	0.000	0.019
35	T	0.000	0.019	0.000	0.000	0.019
36	T	0.004	0.015	0.000	0.000	0.015
37	P	0.000	0.015	0.000	0.000	0.015
38	G	0.000	0.015	0.000	0.000	0.015
39	A	0.005	0.010	0.000	0.000	0.010
40	P	0.000	0.010	0.000	0.000	0.010
>XP_001391003.1
pos	aa	C	S	n-reg	h-reg	c-reg
1	M	0.000	0.388	0.388	0.000	0.000
2	V	0.000	0.389	0.389	0.000	0.000
3	N	0.000	0.389	0.389	0.000	0.000
4	L	0.000	0.389	0.389	0.000	0.000
5	F	0.000	0.389	0.389	0.000	0.000
6	K	0.000	0.389	0.389	0.000	0.000
7	R	0.000	0.389	0.389	0.000	0.000
8	M	0.000	0.389	0.389	0.000	0.000
9	R	0.000	0.389	0.389	0.000	0.000
10	K	0.000	0.389	0.389	0.000	0.000
11	L	0.000	0.389	0.381	0.008	0.000
12	K	0.000	0.389	0.380	0.010	0.000
13	T	0.000	0.389	0.252	0.137	0.000
14	L	0.000	0.389	0.154	0.236	0.000
15	L	0.000	0.389	0.119	0.270	0.000
16	N	0.000	0.389	0.111	0.279	0.000
17	I	0.000	0.389	0.069	0.321	0.000
18	Q	0.000	0.389	0.058	0.331	0.000
19	V	0.000	0.389	0.006	0.380	0.004
20	G	0.000	0.389	0.002	0.380	0.007
21	A	0.000	0.389	0.000	0.328	0.060
22	G	0.000	0.389	0.000	0.314	0.075
23	A	0.000	0.389	0.000	0.299	0.090
24	A	0.007	0.382	0.000	0.249	0.133
25	T	0.004	0.378	0.000	0.153	0.226
26	L	0.054	0.324	0.000	0.128	0.196
27	P	0.001	0.323	0.000	0.024	0.298
28	T	0.007	0.315	0.000	0.008	0.308
29	V	0.001	0.314	0.000	0.003	0.311
30	S	0.000	0.314	0.000	0.001	0.313
31	T	0.003	0.311	0.000	0.001	0.310
32	A	0.119	0.191	0.000	0.000	0.191
33	S	0.180	0.011	0.000	0.000	0.010
34	K	0.010	0.000	0.000	0.000	0.000
35	E	0.000	0.000	0.000	0.000	0.000
36	F	0.000	0.000	0.000	0.000	0.000
37	P	0.000	0.000	0.000	0.000	0.000
38	A	0.000	0.000	0.000	0.000	0.000
39	I	0.000	0.000	0.000	0.000	0.000
40	T	0.000	0.000	0.000	0.000	0.000
>XP_001391016.1
pos	aa	C	S	n-reg	h-reg	c-reg
1	M	0.000	1.000	1.000	0.000	0.000
2	W	0.000	1.000	1.000	0.000	0.000
3	Q	0.000	1.000	1.000	0.000	0.000
4	R	0.000	1.000	1.000	0.000	0.000
5	A	0.000	1.000	0.998	0.002	0.000
6	S	0.000	1.000	0.987	0.013	0.000
7	R	0.000	1.000	0.969	0.031	0.000
8	A	0.000	1.000	0.638	0.362	0.000
9	A	0.000	1.000	0.300	0.700	0.000
10	L	0.000	1.000	0.007	0.993	0.000
11	A	0.000	1.000	0.002	0.998	0.000
12	A	0.000	1.000	0.000	1.000	0.000
13	A	0.000	1.000	0.000	1.000	0.000
14	F	0.000	1.000	0.000	1.000	0.000
15	L	0.000	1.000	0.000	0.998	0.002
16	L	0.000	1.000	0.000	0.971	0.029
17	V	0.000	1.000	0.000	0.892	0.108
18	S	0.000	1.000	0.000	0.092	0.908
19	V	0.000	1.000	0.000	0.054	0.946
20	A	0.000	1.000	0.000	0.002	0.998
21	N	0.005	0.995	0.000	0.000	0.995
22	A	0.000	0.995	0.000	0.000	0.995
23	L	0.965	0.030	0.000	0.000	0.030
24	P	0.000	0.030	0.000	0.000	0.030
25	H	0.028	0.002	0.000	0.000	0.002
26	G	0.000	0.002	0.000	0.000	0.002
27	D	0.002	0.000	0.000	0.000	0.000
28	D	0.000	0.000	0.000	0.000	0.000
29	E	0.000	0.000	0.000	0.000	0.000
30	A	0.000	0.000	0.000	0.000	0.000
31	M	0.000	0.000	0.000	0.000	0.000
32	D	0.000	0.000	0.000	0.000	0.000
33	M	0.000	0.000	0.000	0.000	0.000
34	D	0.000	0.000	0.000	0.000	0.000
35	M	0.000	0.000	0.000	0.000	0.000
36	G	0.000	0.000	0.000	0.000	0.000
37	M	0.000	0.000	0.000	0.000	0.000
38	D	0.000	0.000	0.000	0.000	0.000
39	M	0.000	0.000	0.000	0.000	0.000
40	S	0.000	0.000	0.000	0.000	0.000
>XP_001391020.2
pos	aa	C	S	n-reg	h-reg	c-reg
1	M	0.000	0.926	0.926	0.000	0.000
2	V	0.000	0.942	0.942	0.000	0.000
3	S	0.000	0.942	0.941	0.000	0.000
4	S	0.000	0.942	0.939	0.003	0.000
5	V	0.000	0.942	0.934	0.007	0.000
6	N	0.000	0.942	0.929	0.012	0.000
7	T	0.000	0.942	0.874	0.068	0.000
8	W	0.000	0.942	0.788	0.154	0.000
9	V	0.000	0.942	0.400	0.542	0.000
10	W	0.000	0.942	0.255	0.687	0.000
11	F	0.000	0.942	0.131	0.810	0.000
12	A	0.000	0.942	0.067	0.875	0.000
13	V	0.000	0.942	0.018	0.924	0.000
14	V	0.000	0.942	0.014	0.927	0.001
15	L	0.000	0.942	0.013	0.925	0.003
16	L	0.000	0.942	0.013	0.904	0.025
17	V	0.000	0.941	0.013	0.881	0.047
18	T	0.000	0.941	0.013	0.834	0.094
19	L	0.000	0.941	0.013	0.796	0.132
20	L	0.008	0.933	0.013	0.612	0.308
21	R	0.053	0.878	0.013	0.068	0.796
22	Y	0.000	0.878	0.013	0.029	0.836
23	I	0.000	0.878	0.013	0.022	0.843
24	S	0.000	0.878	0.013	0.001	0.864
25	R	0.023	0.855	0.013	0.000	0.842
26	T	0.000	0.855	0.013	0.000	0.842
27	L	0.172	0.683	0.013	0.000	0.670
28	Q	0.003	0.680	0.013	0.000	0.667
29	M	0.661	0.019	0.013	0.000	0.006
30	G	0.000	0.019	0.013	0.000	0.006
31	V	0.003	0.016	0.013	0.000	0.002
32	P	0.000	0.016	0.013	0.000	0.002
33	R	0.001	0.015	0.013	0.000	0.001
34	H	0.000	0.015	0.013	0.000	0.001
35	L	0.000	0.015	0.013	0.000	0.001
36	Q	0.000	0.014	0.013	0.000	0.001
37	L	0.000	0.014	0.013	0.000	0.001
38	E	0.001	0.014	0.013	0.000	0.000
39	D	0.000	0.014	0.013	0.000	0.000
40	L	0.000	0.014	0.008	0.005	0.000
>XP_001391024.1
pos	aa	C	S	n-reg	h-reg	c-reg
1	M	0.000	0.796	0.796	0.000	0.000
2	S	0.000	0.796	0.796	0.000	0.000
3	S	0.000	0.796	0.796	0.000	0.000
4	S	0.000	0.796	0.796	0.000	0.000
5	N	0.000	0.796	0.796	0.000	0.000
6	P	0.000	0.796	0.796	0.000	0.000
7	P	0.000	0.796	0.796	0.000	0.000
8	R	0.000	0.796	0.796	0.000	0.000
9	E	0.000	0.796	0.784	0.013	0.000
10	V	0.000	0.796	0.609	0.187	0.000
11	P	0.000	0.796	0.565	0.231	0.000
12	W	0.000	0.796	0.362	0.434	0.000
13	L	0.000	0.796	0.040	0.756	0.000
14	I	0.000	0.796	0.011	0.785	0.000
15	W	0.000	0.796	0.007	0.789	0.000
16	V	0.000	0.796	0.002	0.794	0.000
17	V	0.000	0.796	0.001	0.795	0.000
18	A	0.000	0.796	0.000	0.788	0.008
19	I	0.000	0.796	0.000	0.782	0.014
20	F	0.000	0.796	0.000	0.737	0.059
21	G	0.000	0.796	0.000	0.263	0.533
22	S	0.000	0.796	0.000	0.120	0.675
23	V	0.000	0.796	0.000	0.091	0.704
24	S	0.000	0.796	0.000	0.047	0.749
25	S	0.005	0.791	0.000	0.005	0.786
26	A	0.459	0.332	0.000	0.002	0.329
27	G	0.144	0.188	0.000	0.001	0.186
28	F	0.036	0.151	0.000	0.001	0.151
29	G	0.000	0.151	0.000	0.000	0.151
30	F	0.070	0.082	0.000	0.000	0.081
31	D	0.000	0.081	0.000	0.000	0.081
32	Q	0.000	0.081	0.000	0.000	0.081
33	G	0.000	0.081	0.000	0.000	0.081
34	W	0.001	0.080	0.000	0.000	0.080
35	W	0.000	0.080	0.000	0.000	0.080
36	A	0.000	0.080	0.000	0.000	0.080
37	S	0.002	0.079	0.000	0.000	0.079
38	M	0.000	0.079	0.000	0.000	0.079
39	M	0.000	0.079	0.000	0.000	0.079
40	S	0.000	0.079	0.000	0.000	0.079
>XP_001391027.2
pos	aa	C	S	n-reg	h-reg	c-reg
1	M	0.000	0.883	0.883	0.000	0.000
2	V	0.000	0.883	0.883	0.000	0.000
3	K	0.000	0.883	0.870	0.013	0.000
4	L	0.000	0.883	0.172	0.711	0.000
5	L	0.000	0.883	0.029	0.853	0.000
6	P	0.000	0.883	0.023	0.859	0.000
7	T	0.000	0.883	0.005	0.878	0.000
8	F	0.000	0.883	0.002	0.881	0.000
9	L	0.000	0.883	0.001	0.882	0.000
10	L	0.000	0.883	0.000	0.882	0.000
11	Q	0.000	0.883	0.000	0.860	0.022
12	A	0.000	0.883	0.000	0.745	0.137
13	G	0.000	0.883	0.000	0.102	0.781
14	F	0.000	0.883	0.000	0.079	0.804
15	A	0.000	0.883	0.000	0.012	0.870
16	L	0.010	0.873	0.000	0.006	0.867
17	A	0.001	0.872	0.000	0.005	0.866
18	A	0.840	0.032	0.000	0.003	0.029
19	V	0.024	0.008	0.000	0.002	0.006
20	E	0.000	0.008	0.000	0.000	0.007
21	Y	0.000	0.008	0.000	0.000	0.008
22	L	0.000	0.008	0.000	0.000	0.008
23	N	0.003	0.005	0.000	0.000	0.004
24	W	0.000	0.005	0.000	0.000	0.004
25	T	0.000	0.005	0.000	0.000	0.005
26	T	0.001	0.003	0.000	0.000	0.003
27	Y	0.000	0.003	0.000	0.000	0.003
28	I	0.000	0.003	0.000	0.000	0.003
29	A	0.000	0.003	0.000	0.000	0.003
30	N	0.000	0.003	0.000	0.000	0.003
31	G	0.000	0.003	0.000	0.000	0.003
32	G	0.001	0.002	0.000	0.000	0.002
33	A	0.000	0.002	0.000	0.000	0.002
34	D	0.002	0.000	0.000	0.000	0.000
35	D	0.000	0.000	0.000	0.000	0.000
36	E	0.000	0.000	0.000	0.000	0.000
37	W	0.000	0.000	0.000	0.000	0.000
38	G	0.000	0.000	0.000	0.000	0.000
39	L	0.000	0.000	0.000	0.000	0.000
40	C	0.000	0.000	0.000	0.000	0.000
>XP_001391028.1
pos	aa	C	S	n-reg	h-reg	c-reg
1	M	0.000	0.994	0.994	0.000	0.000
2	R	0.000	0.994	0.994	0.000	0.000
3	A	0.000	0.994	0.806	0.189	0.000
4	S	0.000	0.994	0.613	0.381	0.000
5	I	0.000	0.994	0.298	0.696	0.000
6	L	0.000	0.994	0.098	0.896	0.000
7	P	0.000	0.994	0.078	0.916	0.000
8	L	0.000	0.994	0.012	0.982	0.000
9	T	0.000	0.994	0.005	0.989	0.000
10	L	0.000	0.994	0.001	0.993	0.000
11	F	0.000	0.994	0.000	0.982	0.012
12	L	0.000	0.994	0.000	0.961	0.033
13	A	0.000	0.994	0.000	0.843	0.151
14	T	0.000	0.994	0.000	0.439	0.555
15	L	0.000	0.994	0.000	0.401	0.593
16	A	0.001	0.993	0.000	0.130	0.864
17	G	0.010	0.984	0.000	0.032	0.952
18	A	0.054	0.929	0.000	0.013	0.916
19	Q	0.467	0.463	0.000	0.002	0.461
20	L	0.006	0.457	0.000	0.002	0.455
21	S	0.270	0.187	0.000	0.001	0.185
22	G	0.129	0.057	0.000	0.000	0.057
23	P	0.023	0.035	0.000	0.000	0.035
24	V	0.017	0.017	0.000	0.000	0.017
25	G	0.000	0.017	0.000	0.000	0.017
26	P	0.001	0.017	0.000	0.000	0.017
27	L	0.016	0.001	0.000	0.000	0.001
28	V	0.001	0.000	0.000	0.000	0.000
29	D	0.000	0.000	0.000	0.000	0.000
30	Y	0.000	0.000	0.000	0.000	0.000
31	S	0.000	0.000	0.000	0.000	0.000
32	T	0.000	0.000	0.000	0.000	0.000
33	K	0.000	0.000	0.000	0.000	0.000
34	A	0.000	0.000	0.000	0.000	0.000
35	R	0.000	0.000	0.000	0.000	0.000
36	N	0.000	0.000	0.000	0.000	0.000
37	Q	0.000	0.000	0.000	0.000	0.000
38	T	0.000	0.000	0.000	0.000	0.000
39	C	0.000	0.000	0.000	0.000	0.000
40	N	0.000	0.000	0.000	0.000	0.000
>XP_001391037.2
pos	aa	C	S	n-reg	h-reg	c-reg
1	M	0.000	0.991	0.991	0.000	0.000
2	K	0.000	0.991	0.991	0.000	0.000
3	Q	0.000	0.991	0.962	0.029	0.000
4	L	0.000	0.991	0.717	0.274	0.000
5	S	0.000	0.991	0.596	0.396	0.000
6	V	0.000	0.991	0.128	0.864	0.000
7	L	0.000	0.991	0.018	0.973	0.000
8	L	0.000	0.991	0.005	0.986	0.000
9	F	0.000	0.991	0.001	0.991	0.000
10	S	0.000	0.991	0.000	0.991	0.000
11	C	0.000	0.991	0.000	0.990	0.001
12	I	0.000	0.991	0.000	0.984	0.007
13	S	0.000	0.991	0.000	0.906	0.085
14	A	0.000	0.991	0.000	0.820	0.171
15	L	0.001	0.990	0.000	0.726	0.264
16	V	0.000	0.990	0.000	0.617	0.373
17	A	0.000	0.990	0.000	0.128	0.862
18	D	0.007	0.984	0.000	0.000	0.983
19	A	0.000	0.984	0.000	0.000	0.984
20	S	0.078	0.906	0.000	0.000	0.906
21	A	0.004	0.902	0.000	0.000	0.902
22	A	0.764	0.138	0.000	0.000	0.138
23	V	0.134	0.004	0.000	0.000	0.004
24	N	0.000	0.004	0.000	0.000	0.004
25	R	0.000	0.004	0.000	0.000	0.004
26	S	0.000	0.004	0.000	0.000	0.004
27	S	0.002	0.002	0.000	0.000	0.002
28	L	0.000	0.002	0.000	0.000	0.002
29	L	0.001	0.001	0.000	0.000	0.001
30	S	0.000	0.001	0.000	0.000	0.001
31	Y	0.000	0.001	0.000	0.000	0.001
32	A	0.000	0.001	0.000	0.000	0.001
33	S	0.001	0.000	0.000	0.000	0.000
34	K	0.000	0.000	0.000	0.000	0.000
35	P	0.000	0.000	0.000	0.000	0.000
36	R	0.000	0.000	0.000	0.000	0.000
37	V	0.000	0.000	0.000	0.000	0.000
38	F	0.000	0.000	0.000	0.000	0.000
39	V	0.000	0.000	0.000	0.000	0.000
40	L	0.000	0.000	0.000	0.000	0.000
>XP_001391056.2
pos	aa	C	S	n-reg	h-reg	c-reg
1	M	0.000	0.668	0.668	0.000	0.000
2	E	0.000	0.669	0.669	0.000	0.000
3	V	0.000	0.669	0.523	0.146	0.000
4	G	0.000	0.669	0.464	0.205	0.000
5	I	0.000	0.669	0.380	0.290	0.000
6	I	0.000	0.669	0.208	0.461	0.000
7	G	0.000	0.669	0.150	0.520	0.000
8	C	0.000	0.669	0.107	0.563	0.000
9	G	0.000	0.669	0.076	0.593	0.000
10	V	0.000	0.669	0.016	0.654	0.000
11	I	0.000	0.669	0.008	0.658	0.003
12	G	0.000	0.669	0.005	0.639	0.026
13	L	0.000	0.669	0.001	0.638	0.031
14	T	0.000	0.669	0.000	0.453	0.216
15	S	0.000	0.669	0.000	0.352	0.317
16	A	0.000	0.669	0.000	0.334	0.335
17	L	0.021	0.648	0.000	0.317	0.332
18	A	0.001	0.647	0.000	0.088	0.560
19	L	0.122	0.525	0.000	0.071	0.454
20	V	0.001	0.524	0.000	0.051	0.473
21	Q	0.000	0.524	0.000	0.005	0.519
22	A	0.001	0.523	0.000	0.003	0.520
23	G	0.427	0.096	0.000	0.001	0.095
24	Y	0.004	0.092	0.000	0.001	0.091
25	S	0.000	0.092	0.000	0.001	0.091
26	V	0.082	0.010	0.000	0.001	0.009
27	T	0.000	0.010	0.000	0.001	0.009
28	I	0.005	0.004	0.000	0.001	0.004
29	V	0.000	0.004	0.000	0.001	0.004
30	A	0.000	0.004	0.000	0.000	0.004
31	R	0.004	0.000	0.000	0.000	0.000
32	E	0.000	0.000	0.000	0.000	0.000
33	L	0.000	0.000	0.000	0.000	0.000
34	P	0.000	0.000	0.000	0.000	0.000
35	G	0.000	0.000	0.000	0.000	0.000
36	D	0.000	0.000	0.000	0.000	0.000
37	D	0.000	0.000	0.000	0.000	0.000
38	S	0.000	0.000	0.000	0.000	0.000
39	L	0.000	0.000	0.000	0.000	0.000
40	R	0.000	0.000	0.000	0.000	0.000
>XP_001391067.2
pos	aa	C	S	n-reg	h-reg	c-reg
1	M	0.000	0.959	0.959	0.000	0.000
2	F	0.000	0.959	0.959	0.000	0.000
3	Y	0.000	0.959	0.958	0.001	0.000
4	L	0.000	0.959	0.955	0.004	0.000
5	R	0.000	0.959	0.954	0.005	0.000
6	Y	0.000	0.959	0.810	0.149	0.000
7	L	0.000	0.959	0.528	0.430	0.000
8	P	0.000	0.959	0.491	0.468	0.000
9	F	0.000	0.959	0.209	0.750	0.000
10	V	0.000	0.959	0.084	0.875	0.000
11	A	0.000	0.959	0.056	0.902	0.000
12	T	0.000	0.959	0.043	0.914	0.001
13	P	0.000	0.959	0.027	0.930	0.001
14	L	0.000	0.959	0.000	0.955	0.003
15	L	0.000	0.959	0.000	0.931	0.027
16	A	0.000	0.959	0.000	0.884	0.074
17	A	0.001	0.958	0.000	0.722	0.236
18	S	0.000	0.958	0.000	0.448	0.509
19	A	0.001	0.956	0.000	0.289	0.667
20	F	0.020	0.937	0.000	0.251	0.685
21	S	0.000	0.937	0.000	0.066	0.870
22	H	0.055	0.881	0.000	0.002	0.880
23	A	0.000	0.881	0.000	0.001	0.880
24	S	0.189	0.693	0.000	0.001	0.692
25	G	0.000	0.692	0.000	0.000	0.692
26	A	0.462	0.230	0.000	0.000	0.230
27	E	0.202	0.028	0.000	0.000	0.028
28	D	0.000	0.028	0.000	0.000	0.028
29	L	0.000	0.028	0.000	0.000	0.028
30	A	0.000	0.028	0.000	0.000	0.028
31	V	0.001	0.026	0.000	0.000	0.026
32	L	0.000	0.026	0.000	0.000	0.026
33	A	0.001	0.026	0.000	0.000	0.026
34	G	0.009	0.016	0.000	0.000	0.016
35	Q	0.013	0.004	0.000	0.000	0.004
36	H	0.001	0.002	0.000	0.000	0.002
37	I	0.000	0.002	0.000	0.000	0.002
38	V	0.000	0.002	0.000	0.000	0.002
39	Y	0.000	0.002	0.000	0.000	0.002
40	T	0.000	0.002	0.000	0.000	0.002
>XP_001391068.1
pos	aa	C	S	n-reg	h-reg	c-reg
1	M	0.000	0.982	0.982	0.000	0.000
2	R	0.000	0.982	0.982	0.000	0.000
3	T	0.000	0.982	0.973	0.009	0.000
4	T	0.000	0.982	0.954	0.028	0.000
5	T	0.000	0.982	0.938	0.044	0.000
6	S	0.000	0.982	0.867	0.115	0.000
7	F	0.000	0.982	0.740	0.242	0.000
8	A	0.000	0.982	0.724	0.258	0.000
9	R	0.000	0.982	0.711	0.271	0.000
10	L	0.000	0.982	0.014	0.968	0.000
11	A	0.000	0.982	0.004	0.978	0.000
12	L	0.000	0.982	0.000	0.982	0.000
13	A	0.000	0.982	0.000	0.982	0.000
14	V	0.000	0.982	0.000	0.975	0.007
15	A	0.000	0.982	0.000	0.890	0.092
16	S	0.000	0.982	0.000	0.853	0.129
17	V	0.000	0.982	0.000	0.839	0.143
18	G	0.000	0.982	0.000	0.046	0.936
19	I	0.001	0.981	0.000	0.025	0.956
20	V	0.000	0.981	0.000	0.005	0.977
21	F	0.000	0.981	0.000	0.003	0.979
22	A	0.000	0.981	0.000	0.000	0.981
23	S	0.972	0.009	0.000	0.000	0.009
24	P	0.000	0.009	0.000	0.000	0.009
25	T	0.007	0.002	0.000	0.000	0.002
26	K	0.002	0.000	0.000	0.000	0.000
27	N	0.000	0.000	0.000	0.000	0.000
28	N	0.000	0.000	0.000	0.000	0.000
29	D	0.000	0.000	0.000	0.000	0.000
30	G	0.000	0.000	0.000	0.000	0.000
31	K	0.000	0.000	0.000	0.000	0.000
32	L	0.000	0.000	0.000	0.000	0.000
33	V	0.000	0.000	0.000	0.000	0.000
34	Y	0.000	0.000	0.000	0.000	0.000
35	G	0.000	0.000	0.000	0.000	0.000
36	S	0.000	0.000	0.000	0.000	0.000
37	P	0.000	0.000	0.000	0.000	0.000
38	E	0.000	0.000	0.000	0.000	0.000
39	S	0.000	0.000	0.000	0.000	0.000
40	V	0.000	0.000	0.000	0.000	0.000
>XP_001391070.2
pos	aa	C	S	n-reg	h-reg	c-reg
1	M	0.000	0.949	0.949	0.000	0.000
2	R	0.000	0.949	0.949	0.000	0.000
3	V	0.000	0.949	0.339	0.610	0.000
4	L	0.000	0.949	0.004	0.945	0.000
5	T	0.000	0.949	0.003	0.946	0.000
6	I	0.000	0.949	0.001	0.948	0.000
7	F	0.000	0.949	0.000	0.949	0.000
8	A	0.000	0.949	0.000	0.949	0.000
9	V	0.000	0.949	0.000	0.949	0.000
10	L	0.000	0.949	0.000	0.948	0.001
11	S	0.000	0.949	0.000	0.814	0.135
12	R	0.000	0.949	0.000	0.020	0.929
13	V	0.000	0.949	0.000	0.016	0.933
14	S	0.000	0.949	0.000	0.009	0.939
15	W	0.001	0.948	0.000	0.001	0.947
16	A	0.000	0.948	0.000	0.001	0.948
17	T	0.924	0.025	0.000	0.000	0.024
18	H	0.001	0.024	0.000	0.000	0.024
19	T	0.000	0.024	0.000	0.000	0.024
20	V	0.022	0.002	0.000	0.000	0.002
21	K	0.000	0.002	0.000	0.000	0.002
22	T	0.000	0.002	0.000	0.000	0.002
23	G	0.002	0.001	0.000	0.000	0.001
24	L	0.000	0.000	0.000	0.000	0.000
25	D	0.000	0.000	0.000	0.000	0.000
26	V	0.000	0.000	0.000	0.000	0.000
27	L	0.000	0.000	0.000	0.000	0.000
28	L	0.000	0.000	0.000	0.000	0.000
29	E	0.000	0.000	0.000	0.000	0.000
30	S	0.000	0.000	0.000	0.000	0.000
31	N	0.000	0.000	0.000	0.000	0.000
32	Y	0.000	0.000	0.000	0.000	0.000
33	T	0.000	0.000	0.000	0.000	0.000
34	Q	0.000	0.000	0.000	0.000	0.000
35	L	0.000	0.000	0.000	0.000	0.000
36	A	0.000	0.000	0.000	0.000	0.000
37	G	0.000	0.000	0.000	0.000	0.000
38	R	0.000	0.000	0.000	0.000	0.000
39	R	0.000	0.000	0.000	0.000	0.000
40	V	0.000	0.000	0.000	0.000	0.000
>XP_001391072.2
pos	aa	C	S	n-reg	h-reg	c-reg
1	M	0.000	0.367	0.367	0.000	0.000
2	I	0.000	0.370	0.370	0.000	0.000
3	R	0.000	0.370	0.370	0.000	0.000
4	R	0.000	0.370	0.370	0.000	0.000
5	V	0.000	0.370	0.369	0.001	0.000
6	Y	0.000	0.370	0.368	0.002	0.000
7	T	0.000	0.370	0.366	0.004	0.000
8	N	0.000	0.370	0.364	0.006	0.000
9	S	0.000	0.370	0.337	0.033	0.000
10	W	0.000	0.370	0.287	0.083	0.000
11	F	0.000	0.370	0.219	0.151	0.000
12	Q	0.000	0.370	0.185	0.185	0.000
13	I	0.000	0.370	0.052	0.318	0.000
14	L	0.000	0.370	0.011	0.359	0.000
15	L	0.000	0.370	0.003	0.367	0.000
16	I	0.000	0.370	0.001	0.368	0.000
17	S	0.000	0.370	0.001	0.364	0.005
18	F	0.000	0.370	0.000	0.349	0.021
19	I	0.000	0.370	0.000	0.333	0.036
20	C	0.000	0.370	0.000	0.298	0.072
21	F	0.000	0.370	0.000	0.244	0.126
22	C	0.000	0.369	0.000	0.168	0.201
23	C	0.041	0.328	0.000	0.115	0.213
24	P	0.000	0.327	0.000	0.045	0.282
25	G	0.023	0.303	0.000	0.014	0.289
26	M	0.033	0.270	0.000	0.004	0.266
27	Y	0.000	0.270	0.000	0.001	0.269
28	N	0.000	0.270	0.000	0.000	0.270
29	A	0.000	0.270	0.000	0.000	0.270
30	L	0.056	0.214	0.000	0.000	0.214
31	S	0.001	0.213	0.000	0.000	0.213
32	G	0.018	0.196	0.000	0.000	0.195
33	L	0.031	0.165	0.000	0.000	0.165
34	G	0.001	0.163	0.000	0.000	0.163
35	G	0.019	0.145	0.000	0.000	0.145
36	S	0.004	0.141	0.000	0.000	0.140
37	G	0.010	0.131	0.000	0.000	0.131
38	Q	0.068	0.063	0.000	0.000	0.063
39	V	0.006	0.057	0.000	0.000	0.057
40	D	0.000	0.057	0.000	0.000	0.057
>XP_001391091.1
pos	aa	C	S	n-reg	h-reg	c-reg
1	M	0.000	0.874	0.874	0.000	0.000
2	I	0.000	0.874	0.874	0.000	0.000
3	S	0.000	0.874	0.656	0.218	0.000
4	I	0.000	0.874	0.134	0.740	0.000
5	L	0.000	0.874	0.056	0.818	0.000
6	L	0.000	0.874	0.013	0.861	0.000
7	L	0.000	0.874	0.000	0.874	0.000
8	V	0.000	0.874	0.000	0.874	0.000
9	G	0.000	0.874	0.000	0.874	0.000
10	L	0.000	0.874	0.000	0.874	0.000
11	I	0.000	0.874	0.000	0.862	0.012
12	A	0.000	0.874	0.000	0.779	0.095
13	T	0.000	0.874	0.000	0.746	0.128
14	L	0.001	0.874	0.000	0.728	0.146
15	Q	0.017	0.857	0.000	0.022	0.835
16	V	0.015	0.842	0.000	0.011	0.831
17	V	0.000	0.842	0.000	0.006	0.836
18	R	0.000	0.842	0.000	0.001	0.841
19	T	0.000	0.842	0.000	0.000	0.842
20	R	0.803	0.038	0.000	0.000	0.038
21	R	0.000	0.038	0.000	0.000	0.038
22	Q	0.000	0.038	0.000	0.000	0.038
23	A	0.002	0.036	0.000	0.000	0.036
24	A	0.035	0.001	0.000	0.000	0.001
25	K	0.001	0.000	0.000	0.000	0.000
26	L	0.000	0.000	0.000	0.000	0.000
27	P	0.000	0.000	0.000	0.000	0.000
28	P	0.000	0.000	0.000	0.000	0.000
29	S	0.000	0.000	0.000	0.000	0.000
30	P	0.000	0.000	0.000	0.000	0.000
31	L	0.000	0.000	0.000	0.000	0.000
32	P	0.000	0.000	0.000	0.000	0.000
33	S	0.000	0.000	0.000	0.000	0.000
34	L	0.000	0.000	0.000	0.000	0.000
35	P	0.000	0.000	0.000	0.000	0.000
36	I	0.000	0.000	0.000	0.000	0.000
37	I	0.000	0.000	0.000	0.000	0.000
38	G	0.000	0.000	0.000	0.000	0.000
39	S	0.000	0.000	0.000	0.000	0.000
40	L	0.000	0.000	0.000	0.000	0.000
>XP_001391101.1
pos	aa	C	S	n-reg	h-reg	c-reg
1	M	0.000	0.051	0.051	0.000	0.000
2	E	0.000	0.053	0.053	0.000	0.000
3	V	0.000	0.053	0.052	0.001	0.000
4	G	0.000	0.053	0.052	0.002	0.000
5	L	0.000	0.053	0.051	0.002	0.000
6	F	0.000	0.053	0.051	0.002	0.000
7	Q	0.000	0.053	0.051	0.002	0.000
8	T	0.000	0.053	0.051	0.002	0.000
9	M	0.000	0.053	0.050	0.003	0.000
10	V	0.000	0.053	0.049	0.004	0.000
11	A	0.000	0.053	0.049	0.003	0.001
12	N	0.000	0.053	0.049	0.003	0.002
13	A	0.000	0.053	0.047	0.005	0.002
14	N	0.000	0.053	0.045	0.006	0.002
15	G	0.000	0.053	0.030	0.021	0.002
16	L	0.001	0.053	0.006	0.046	0.001
17	I	0.000	0.053	0.002	0.050	0.001
18	L	0.000	0.053	0.001	0.051	0.001
19	A	0.000	0.052	0.000	0.051	0.001
20	V	0.001	0.051	0.000	0.051	0.001
21	L	0.000	0.051	0.000	0.049	0.002
22	V	0.000	0.051	0.000	0.047	0.004
23	S	0.000	0.051	0.000	0.043	0.009
24	L	0.000	0.051	0.000	0.039	0.012
25	G	0.000	0.051	0.000	0.036	0.015
26	C	0.005	0.046	0.000	0.034	0.011
27	W	0.001	0.044	0.000	0.006	0.038
28	V	0.000	0.044	0.000	0.004	0.041
29	I	0.000	0.044	0.000	0.003	0.042
30	Y	0.000	0.044	0.000	0.002	0.042
31	T	0.000	0.044	0.000	0.002	0.042
32	L	0.041	0.003	0.000	0.002	0.001
33	Y	0.001	0.002	0.000	0.002	0.000
34	F	0.000	0.001	0.000	0.001	0.000
35	H	0.000	0.001	0.000	0.000	0.000
36	P	0.000	0.000	0.000	0.000	0.000
37	L	0.000	0.000	0.000	0.000	0.000
38	A	0.000	0.000	0.000	0.000	0.000
39	R	0.000	0.000	0.000	0.000	0.000
40	I	0.000	0.000	0.000	0.000	0.000
>XP_001391108.2
pos	aa	C	S	n-reg	h-reg	c-reg
1	M	0.000	0.068	0.068	0.000	0.000
2	N	0.000	0.068	0.068	0.000	0.000
3	S	0.000	0.068	0.068	0.000	0.000
4	R	0.000	0.068	0.067	0.001	0.000
5	S	0.000	0.068	0.048	0.020	0.000
6	I	0.000	0.068	0.013	0.054	0.000
7	A	0.000	0.068	0.003	0.065	0.000
8	I	0.000	0.068	0.001	0.067	0.000
9	G	0.000	0.068	0.001	0.067	0.000
10	L	0.000	0.068	0.000	0.068	0.000
11	F	0.000	0.068	0.000	0.068	0.000
12	L	0.000	0.068	0.000	0.068	0.000
13	S	0.000	0.068	0.000	0.057	0.010
14	L	0.000	0.068	0.000	0.044	0.023
15	M	0.000	0.068	0.000	0.017	0.051
16	D	0.000	0.068	0.000	0.004	0.064
17	T	0.000	0.068	0.000	0.002	0.066
18	T	0.010	0.057	0.000	0.001	0.057
19	I	0.001	0.056	0.000	0.001	0.056
20	I	0.000	0.056	0.000	0.000	0.056
21	S	0.000	0.056	0.000	0.000	0.056
22	T	0.027	0.029	0.000	0.000	0.029
23	M	0.023	0.006	0.000	0.000	0.006
24	L	0.000	0.006	0.000	0.000	0.006
25	Y	0.004	0.001	0.000	0.000	0.001
26	T	0.000	0.001	0.000	0.000	0.001
27	I	0.000	0.001	0.000	0.000	0.001
28	S	0.000	0.001	0.000	0.000	0.001
29	D	0.001	0.000	0.000	0.000	0.000
30	E	0.000	0.000	0.000	0.000	0.000
31	F	0.000	0.000	0.000	0.000	0.000
32	D	0.000	0.000	0.000	0.000	0.000
33	G	0.000	0.000	0.000	0.000	0.000
34	F	0.000	0.000	0.000	0.000	0.000
35	K	0.000	0.000	0.000	0.000	0.000
36	T	0.000	0.000	0.000	0.000	0.000
37	C	0.000	0.000	0.000	0.000	0.000
38	S	0.000	0.000	0.000	0.000	0.000
39	W	0.000	0.000	0.000	0.000	0.000
40	I	0.000	0.000	0.000	0.000	0.000
>XP_001391110.2
pos	aa	C	S	n-reg	h-reg	c-reg
1	M	0.000	0.694	0.694	0.000	0.000
2	K	0.000	0.694	0.694	0.000	0.000
3	F	0.000	0.694	0.533	0.161	0.000
4	I	0.000	0.694	0.251	0.443	0.000
5	V	0.000	0.694	0.166	0.528	0.000
6	S	0.000	0.694	0.126	0.568	0.000
7	A	0.000	0.694	0.045	0.649	0.000
8	L	0.000	0.694	0.005	0.689	0.000
9	G	0.000	0.694	0.003	0.691	0.000
10	L	0.000	0.694	0.001	0.693	0.000
11	V	0.000	0.694	0.000	0.688	0.006
12	S	0.000	0.694	0.000	0.652	0.041
13	L	0.000	0.694	0.000	0.634	0.060
14	V	0.000	0.694	0.000	0.603	0.090
15	A	0.000	0.694	0.000	0.446	0.248
16	S	0.005	0.688	0.000	0.039	0.649
17	T	0.016	0.672	0.000	0.025	0.647
18	V	0.011	0.661	0.000	0.020	0.641
19	E	0.000	0.661	0.000	0.001	0.660
20	A	0.000	0.661	0.000	0.000	0.660
21	S	0.514	0.147	0.000	0.000	0.146
22	M	0.000	0.146	0.000	0.000	0.146
23	A	0.000	0.146	0.000	0.000	0.146
24	S	0.120	0.026	0.000	0.000	0.026
25	R	0.001	0.025	0.000	0.000	0.025
26	T	0.000	0.025	0.000	0.000	0.025
27	L	0.001	0.024	0.000	0.000	0.024
28	V	0.000	0.024	0.000	0.000	0.024
29	P	0.000	0.024	0.000	0.000	0.024
30	A	0.001	0.023	0.000	0.000	0.023
31	H	0.022	0.001	0.000	0.000	0.001
32	P	0.000	0.001	0.000	0.000	0.001
33	P	0.000	0.001	0.000	0.000	0.001
34	G	0.000	0.001	0.000	0.000	0.001
35	H	0.000	0.001	0.000	0.000	0.001
36	N	0.000	0.001	0.000	0.000	0.001
37	A	0.000	0.001	0.000	0.000	0.001
38	T	0.001	0.000	0.000	0.000	0.000
39	D	0.000	0.000	0.000	0.000	0.000
40	P	0.000	0.000	0.000	0.000	0.000
>XP_001391113.2
pos	aa	C	S	n-reg	h-reg	c-reg
1	M	0.000	0.891	0.891	0.000	0.000
2	S	0.000	0.891	0.891	0.000	0.000
3	P	0.000	0.891	0.830	0.061	0.000
4	A	0.000	0.891	0.376	0.516	0.000
5	T	0.000	0.891	0.026	0.865	0.000
6	L	0.000	0.891	0.002	0.889	0.000
7	P	0.000	0.891	0.001	0.890	0.000
8	I	0.000	0.891	0.000	0.891	0.000
9	I	0.000	0.891	0.000	0.891	0.000
10	V	0.000	0.891	0.000	0.891	0.000
11	I	0.000	0.891	0.000	0.888	0.004
12	V	0.000	0.891	0.000	0.818	0.074
13	P	0.000	0.891	0.000	0.029	0.862
14	G	0.000	0.891	0.000	0.010	0.881
15	A	0.001	0.891	0.000	0.004	0.887
16	F	0.000	0.890	0.000	0.003	0.887
17	G	0.000	0.890	0.000	0.000	0.890
18	T	0.880	0.010	0.000	0.000	0.010
19	P	0.000	0.010	0.000	0.000	0.010
20	Q	0.005	0.005	0.000	0.000	0.005
21	G	0.000	0.005	0.000	0.000	0.005
22	F	0.004	0.001	0.000	0.000	0.001
23	E	0.000	0.001	0.000	0.000	0.001
24	K	0.000	0.001	0.000	0.000	0.001
25	L	0.000	0.001	0.000	0.000	0.001
26	L	0.000	0.001	0.000	0.000	0.001
27	P	0.000	0.001	0.000	0.000	0.001
28	H	0.000	0.001	0.000	0.000	0.001
29	L	0.000	0.001	0.000	0.000	0.001
30	T	0.000	0.001	0.000	0.000	0.001
31	E	0.000	0.001	0.000	0.000	0.001
32	A	0.000	0.001	0.000	0.000	0.001
33	G	0.001	0.000	0.000	0.000	0.000
34	Y	0.000	0.000	0.000	0.000	0.000
35	A	0.000	0.000	0.000	0.000	0.000
36	T	0.000	0.000	0.000	0.000	0.000
37	H	0.000	0.000	0.000	0.000	0.000
38	P	0.000	0.000	0.000	0.000	0.000
39	G	0.000	0.000	0.000	0.000	0.000
40	S	0.000	0.000	0.000	0.000	0.000
>XP_001391116.1
pos	aa	C	S	n-reg	h-reg	c-reg
1	M	0.000	0.900	0.900	0.000	0.000
2	A	0.000	0.901	0.901	0.000	0.000
3	K	0.000	0.901	0.900	0.001	0.000
4	L	0.000	0.901	0.686	0.215	0.000
5	S	0.000	0.901	0.603	0.297	0.000
6	T	0.000	0.901	0.307	0.594	0.000
7	L	0.000	0.901	0.086	0.815	0.000
8	L	0.000	0.901	0.050	0.851	0.000
9	S	0.000	0.901	0.032	0.869	0.000
10	A	0.000	0.901	0.013	0.887	0.000
11	V	0.000	0.901	0.005	0.896	0.000
12	F	0.000	0.901	0.002	0.877	0.022
13	L	0.000	0.901	0.000	0.853	0.048
14	A	0.000	0.901	0.000	0.780	0.121
15	I	0.000	0.900	0.000	0.671	0.229
16	G	0.000	0.900	0.000	0.542	0.359
17	G	0.045	0.855	0.000	0.116	0.739
18	F	0.035	0.820	0.000	0.076	0.744
19	L	0.000	0.820	0.000	0.053	0.768
20	F	0.108	0.712	0.000	0.040	0.672
21	G	0.000	0.712	0.000	0.006	0.707
22	Y	0.582	0.130	0.000	0.001	0.129
23	D	0.000	0.130	0.000	0.000	0.130
24	S	0.000	0.130	0.000	0.000	0.130
25	G	0.007	0.123	0.000	0.000	0.123
26	I	0.093	0.030	0.000	0.000	0.030
27	I	0.000	0.030	0.000	0.000	0.030
28	T	0.000	0.030	0.000	0.000	0.030
29	S	0.013	0.018	0.000	0.000	0.018
30	T	0.007	0.011	0.000	0.000	0.011
31	I	0.001	0.010	0.000	0.000	0.010
32	G	0.000	0.010	0.000	0.000	0.010
33	Q	0.009	0.000	0.000	0.000	0.000
34	T	0.000	0.000	0.000	0.000	0.000
35	E	0.000	0.000	0.000	0.000	0.000
36	F	0.000	0.000	0.000	0.000	0.000
37	I	0.000	0.000	0.000	0.000	0.000
38	R	0.000	0.000	0.000	0.000	0.000
39	Y	0.000	0.000	0.000	0.000	0.000
40	F	0.000	0.000	0.000	0.000	0.000
>XP_001391126.1
pos	aa	C	S	n-reg	h-reg	c-reg
1	M	0.000	0.998	0.998	0.000	0.000
2	K	0.000	0.998	0.998	0.000	0.000
3	F	0.000	0.998	0.663	0.335	0.000
4	A	0.000	0.998	0.392	0.605	0.000
5	L	0.000	0.998	0.283	0.715	0.000
6	L	0.000	0.998	0.167	0.830	0.000
7	P	0.000	0.998	0.139	0.859	0.000
8	A	0.000	0.998	0.075	0.922	0.000
9	L	0.000	0.998	0.015	0.982	0.000
10	L	0.000	0.998	0.002	0.995	0.000
11	S	0.000	0.998	0.002	0.928	0.068
12	T	0.000	0.998	0.001	0.534	0.463
13	S	0.000	0.998	0.001	0.514	0.483
14	V	0.000	0.998	0.000	0.501	0.496
15	L	0.000	0.998	0.000	0.455	0.542
16	G	0.002	0.996	0.000	0.321	0.674
17	L	0.476	0.520	0.000	0.243	0.277
18	N	0.001	0.519	0.000	0.038	0.480
19	I	0.000	0.519	0.000	0.032	0.487
20	G	0.000	0.519	0.000	0.003	0.515
21	R	0.003	0.516	0.000	0.001	0.515
22	A	0.000	0.516	0.000	0.000	0.516
23	Q	0.215	0.301	0.000	0.000	0.300
24	A	0.000	0.300	0.000	0.000	0.300
25	T	0.246	0.055	0.000	0.000	0.054
26	A	0.000	0.055	0.000	0.000	0.054
27	Q	0.042	0.013	0.000	0.000	0.013
28	V	0.000	0.013	0.000	0.000	0.013
29	T	0.000	0.013	0.000	0.000	0.013
30	F	0.000	0.013	0.000	0.000	0.013
31	I	0.000	0.013	0.000	0.000	0.013
32	G	0.000	0.013	0.000	0.000	0.013
33	A	0.000	0.013	0.000	0.000	0.013
34	A	0.001	0.012	0.000	0.000	0.012
35	G	0.000	0.012	0.000	0.000	0.012
36	A	0.001	0.011	0.000	0.000	0.011
37	Q	0.011	0.000	0.000	0.000	0.000
38	F	0.000	0.000	0.000	0.000	0.000
39	T	0.000	0.000	0.000	0.000	0.000
40	Q	0.000	0.000	0.000	0.000	0.000
>XP_001391128.2
pos	aa	C	S	n-reg	h-reg	c-reg
1	M	0.000	0.566	0.566	0.000	0.000
2	P	0.000	0.566	0.566	0.000	0.000
3	S	0.000	0.566	0.546	0.021	0.000
4	T	0.000	0.566	0.473	0.093	0.000
5	Y	0.000	0.566	0.403	0.164	0.000
6	L	0.000	0.566	0.187	0.380	0.000
7	G	0.000	0.566	0.115	0.452	0.000
8	A	0.000	0.566	0.044	0.523	0.000
9	L	0.000	0.566	0.012	0.555	0.000
10	A	0.000	0.566	0.006	0.560	0.000
11	T	0.000	0.566	0.001	0.565	0.001
12	L	0.000	0.566	0.000	0.563	0.003
13	A	0.000	0.566	0.000	0.552	0.015
14	V	0.000	0.566	0.000	0.513	0.053
15	F	0.000	0.566	0.000	0.368	0.198
16	P	0.000	0.566	0.000	0.211	0.355
17	C	0.000	0.566	0.000	0.130	0.436
18	L	0.000	0.566	0.000	0.110	0.456
19	G	0.000	0.566	0.000	0.009	0.556
20	Q	0.114	0.451	0.000	0.001	0.450
21	A	0.006	0.445	0.000	0.001	0.444
22	R	0.261	0.184	0.000	0.000	0.184
23	S	0.000	0.184	0.000	0.000	0.184
24	T	0.152	0.032	0.000	0.000	0.032
25	W	0.010	0.022	0.000	0.000	0.022
26	P	0.000	0.022	0.000	0.000	0.022
27	L	0.010	0.012	0.000	0.000	0.012
28	G	0.000	0.012	0.000	0.000	0.012
29	S	0.000	0.011	0.000	0.000	0.011
30	G	0.000	0.011	0.000	0.000	0.011
31	L	0.011	0.001	0.000	0.000	0.001
32	E	0.000	0.001	0.000	0.000	0.001
33	L	0.000	0.001	0.000	0.000	0.001
34	S	0.000	0.000	0.000	0.000	0.000
35	Y	0.000	0.000	0.000	0.000	0.000
36	Q	0.000	0.000	0.000	0.000	0.000
37	A	0.000	0.000	0.000	0.000	0.000
38	S	0.000	0.000	0.000	0.000	0.000
39	Q	0.000	0.000	0.000	0.000	0.000
40	H	0.000	0.000	0.000	0.000	0.000
>XP_001391137.1
pos	aa	C	S	n-reg	h-reg	c-reg
1	M	0.000	0.999	0.999	0.000	0.000
2	Y	0.000	0.999	0.999	0.000	0.000
3	I	0.000	0.999	0.866	0.133	0.000
4	P	0.000	0.999	0.801	0.198	0.000
5	S	0.000	0.999	0.680	0.319	0.000
6	V	0.000	0.999	0.212	0.787	0.000
7	L	0.000	0.999	0.001	0.999	0.000
8	L	0.000	0.999	0.000	0.999	0.000
9	L	0.000	0.999	0.000	0.999	0.000
10	A	0.000	0.999	0.000	0.999	0.000
11	A	0.000	0.999	0.000	0.987	0.012
12	S	0.000	0.999	0.000	0.963	0.037
13	L	0.000	0.999	0.000	0.950	0.049
14	F	0.000	0.999	0.000	0.869	0.130
15	H	0.000	0.999	0.000	0.010	0.989
16	G	0.000	0.999	0.000	0.004	0.996
17	A	0.000	0.999	0.000	0.001	0.999
18	T	0.000	0.999	0.000	0.000	0.999
19	A	0.001	0.998	0.000	0.000	0.998
20	L	0.986	0.012	0.000	0.000	0.012
21	P	0.000	0.012	0.000	0.000	0.012
22	T	0.011	0.001	0.000	0.000	0.001
23	P	0.000	0.001	0.000	0.000	0.001
24	G	0.000	0.001	0.000	0.000	0.001
25	S	0.000	0.001	0.000	0.000	0.001
26	T	0.000	0.001	0.000	0.000	0.001
27	P	0.000	0.000	0.000	0.000	0.000
28	I	0.000	0.000	0.000	0.000	0.000
29	P	0.000	0.000	0.000	0.000	0.000
30	P	0.000	0.000	0.000	0.000	0.000
31	S	0.000	0.000	0.000	0.000	0.000
32	Q	0.000	0.000	0.000	0.000	0.000
33	D	0.000	0.000	0.000	0.000	0.000
34	P	0.000	0.000	0.000	0.000	0.000
35	W	0.000	0.000	0.000	0.000	0.000
36	Y	0.000	0.000	0.000	0.000	0.000
37	S	0.000	0.000	0.000	0.000	0.000
38	A	0.000	0.000	0.000	0.000	0.000
39	P	0.000	0.000	0.000	0.000	0.000
40	E	0.000	0.000	0.000	0.000	0.000
>XP_001391138.1
pos	aa	C	S	n-reg	h-reg	c-reg
1	M	0.000	0.919	0.919	0.000	0.000
2	A	0.000	0.919	0.919	0.000	0.000
3	T	0.000	0.919	0.919	0.000	0.000
4	K	0.000	0.919	0.918	0.001	0.000
5	M	0.000	0.919	0.865	0.054	0.000
6	L	0.000	0.919	0.803	0.116	0.000
7	R	0.000	0.919	0.788	0.131	0.000
8	S	0.000	0.919	0.178	0.740	0.000
9	L	0.000	0.919	0.051	0.868	0.000
10	T	0.000	0.919	0.030	0.889	0.000
11	V	0.000	0.919	0.010	0.909	0.000
12	F	0.000	0.919	0.004	0.914	0.000
13	G	0.000	0.919	0.003	0.910	0.006
14	A	0.000	0.919	0.000	0.906	0.012
15	L	0.000	0.919	0.000	0.903	0.016
16	S	0.000	0.919	0.000	0.217	0.701
17	T	0.000	0.919	0.000	0.147	0.771
18	A	0.000	0.919	0.000	0.124	0.795
19	L	0.002	0.917	0.000	0.107	0.810
20	A	0.000	0.917	0.000	0.052	0.865
21	A	0.775	0.142	0.000	0.028	0.114
22	P	0.005	0.137	0.000	0.003	0.134
23	S	0.004	0.133	0.000	0.000	0.132
24	T	0.011	0.122	0.000	0.000	0.122
25	R	0.004	0.117	0.000	0.000	0.117
26	L	0.000	0.117	0.000	0.000	0.117
27	C	0.047	0.070	0.000	0.000	0.070
28	G	0.064	0.006	0.000	0.000	0.006
29	P	0.003	0.004	0.000	0.000	0.004
30	Q	0.004	0.000	0.000	0.000	0.000
31	Y	0.000	0.000	0.000	0.000	0.000
32	D	0.000	0.000	0.000	0.000	0.000
33	Y	0.000	0.000	0.000	0.000	0.000
34	I	0.000	0.000	0.000	0.000	0.000
35	V	0.000	0.000	0.000	0.000	0.000
36	V	0.000	0.000	0.000	0.000	0.000
37	G	0.000	0.000	0.000	0.000	0.000
38	G	0.000	0.000	0.000	0.000	0.000
39	G	0.000	0.000	0.000	0.000	0.000
40	T	0.000	0.000	0.000	0.000	0.000
>XP_001391144.1
pos	aa	C	S	n-reg	h-reg	c-reg
1	M	0.000	0.973	0.973	0.000	0.000
2	K	0.000	0.973	0.973	0.000	0.000
3	T	0.000	0.973	0.930	0.042	0.000
4	Y	0.000	0.973	0.873	0.099	0.000
5	G	0.000	0.973	0.746	0.227	0.000
6	L	0.000	0.973	0.212	0.761	0.000
7	W	0.000	0.973	0.151	0.822	0.000
8	S	0.000	0.973	0.109	0.863	0.000
9	T	0.000	0.973	0.020	0.953	0.000
10	L	0.000	0.973	0.003	0.969	0.000
11	A	0.000	0.973	0.000	0.972	0.001
12	A	0.000	0.973	0.000	0.969	0.003
13	L	0.000	0.973	0.000	0.947	0.026
14	G	0.000	0.973	0.000	0.664	0.309
15	S	0.001	0.972	0.000	0.555	0.417
16	F	0.000	0.972	0.000	0.517	0.455
17	T	0.000	0.972	0.000	0.064	0.908
18	L	0.004	0.968	0.000	0.043	0.925
19	S	0.000	0.967	0.000	0.001	0.966
20	S	0.028	0.939	0.000	0.000	0.939
21	A	0.015	0.924	0.000	0.000	0.924
22	K	0.885	0.038	0.000	0.000	0.038
23	T	0.000	0.038	0.000	0.000	0.038
24	I	0.038	0.000	0.000	0.000	0.000
25	N	0.000	0.000	0.000	0.000	0.000
26	F	0.000	0.000	0.000	0.000	0.000
27	V	0.000	0.000	0.000	0.000	0.000
28	A	0.000	0.000	0.000	0.000	0.000
29	H	0.000	0.000	0.000	0.000	0.000
30	E	0.000	0.000	0.000	0.000	0.000
31	D	0.000	0.000	0.000	0.000	0.000
32	D	0.000	0.000	0.000	0.000	0.000
33	D	0.000	0.000	0.000	0.000	0.000
34	L	0.000	0.000	0.000	0.000	0.000
35	L	0.000	0.000	0.000	0.000	0.000
36	F	0.000	0.000	0.000	0.000	0.000
37	L	0.000	0.000	0.000	0.000	0.000
38	S	0.000	0.000	0.000	0.000	0.000
39	P	0.000	0.000	0.000	0.000	0.000
40	D	0.000	0.000	0.000	0.000	0.000
>XP_001391146.2
pos	aa	C	S	n-reg	h-reg	c-reg
1	M	0.000	0.285	0.285	0.000	0.000
2	E	0.000	0.286	0.286	0.000	0.000
3	T	0.000	0.286	0.286	0.000	0.000
4	P	0.000	0.286	0.286	0.000	0.000
5	W	0.000	0.286	0.285	0.001	0.000
6	T	0.000	0.286	0.284	0.002	0.000
7	R	0.000	0.286	0.282	0.004	0.000
8	L	0.000	0.286	0.222	0.064	0.000
9	G	0.000	0.286	0.196	0.090	0.000
10	A	0.000	0.286	0.132	0.155	0.000
11	F	0.000	0.286	0.083	0.203	0.000
12	G	0.000	0.286	0.065	0.221	0.000
13	T	0.000	0.286	0.036	0.250	0.000
14	V	0.000	0.286	0.015	0.271	0.000
15	A	0.000	0.286	0.011	0.273	0.002
16	G	0.000	0.286	0.011	0.241	0.035
17	V	0.000	0.286	0.011	0.239	0.036
18	L	0.000	0.286	0.011	0.232	0.043
19	L	0.000	0.286	0.011	0.220	0.055
20	A	0.002	0.284	0.011	0.197	0.076
21	F	0.034	0.250	0.011	0.106	0.133
22	I	0.000	0.249	0.011	0.042	0.197
23	T	0.000	0.249	0.011	0.002	0.236
24	R	0.000	0.248	0.011	0.000	0.237
25	S	0.000	0.248	0.011	0.000	0.237
26	G	0.208	0.040	0.011	0.000	0.029
27	E	0.029	0.012	0.011	0.000	0.001
28	I	0.000	0.012	0.011	0.000	0.001
29	E	0.000	0.012	0.011	0.000	0.001
30	K	0.000	0.012	0.011	0.000	0.001
31	R	0.000	0.012	0.011	0.000	0.001
32	L	0.000	0.012	0.010	0.001	0.001
33	L	0.000	0.012	0.010	0.001	0.001
34	R	0.000	0.012	0.010	0.001	0.001
35	L	0.000	0.012	0.006	0.005	0.001
36	L	0.000	0.012	0.003	0.008	0.001
37	S	0.000	0.012	0.003	0.008	0.001
38	L	0.000	0.012	0.001	0.010	0.001
39	F	0.000	0.012	0.001	0.010	0.001
40	T	0.000	0.012	0.001	0.010	0.001
>XP_001391151.1
pos	aa	C	S	n-reg	h-reg	c-reg
1	M	0.000	0.855	0.855	0.000	0.000
2	R	0.000	0.855	0.855	0.000	0.000
3	C	0.000	0.855	0.503	0.352	0.000
4	S	0.000	0.855	0.356	0.499	0.000
5	L	0.000	0.855	0.199	0.656	0.000
6	I	0.000	0.855	0.079	0.776	0.000
7	S	0.000	0.855	0.042	0.813	0.000
8	L	0.000	0.855	0.020	0.836	0.000
9	L	0.000	0.855	0.007	0.849	0.000
10	G	0.000	0.855	0.003	0.852	0.000
11	L	0.000	0.855	0.001	0.828	0.026
12	A	0.000	0.855	0.000	0.761	0.094
13	A	0.000	0.855	0.000	0.713	0.142
14	I	0.000	0.855	0.000	0.442	0.412
15	P	0.000	0.855	0.000	0.172	0.683
16	A	0.002	0.853	0.000	0.154	0.699
17	L	0.016	0.836	0.000	0.112	0.725
18	G	0.001	0.835	0.000	0.035	0.800
19	G	0.468	0.367	0.000	0.019	0.348
20	C	0.172	0.195	0.000	0.016	0.179
21	P	0.009	0.186	0.000	0.000	0.186
22	F	0.010	0.176	0.000	0.000	0.176
23	A	0.000	0.176	0.000	0.000	0.176
24	H	0.015	0.162	0.000	0.000	0.162
25	T	0.000	0.162	0.000	0.000	0.162
26	A	0.160	0.002	0.000	0.000	0.002
27	N	0.001	0.001	0.000	0.000	0.001
28	M	0.000	0.001	0.000	0.000	0.001
29	G	0.000	0.001	0.000	0.000	0.001
30	I	0.000	0.001	0.000	0.000	0.001
31	D	0.000	0.001	0.000	0.000	0.001
32	N	0.000	0.001	0.000	0.000	0.001
33	M	0.000	0.001	0.000	0.000	0.001
34	V	0.000	0.001	0.000	0.000	0.001
35	K	0.000	0.001	0.000	0.000	0.001
36	A	0.000	0.001	0.000	0.000	0.001
37	H	0.000	0.001	0.000	0.000	0.001
38	A	0.000	0.001	0.000	0.000	0.001
39	H	0.000	0.000	0.000	0.000	0.000
40	M	0.000	0.000	0.000	0.000	0.000
>XP_001391156.1
pos	aa	C	S	n-reg	h-reg	c-reg
1	M	0.000	0.997	0.997	0.000	0.000
2	Q	0.000	0.997	0.997	0.000	0.000
3	L	0.000	0.997	0.979	0.018	0.000
4	R	0.000	0.997	0.974	0.023	0.000
5	Y	0.000	0.997	0.740	0.257	0.000
6	L	0.000	0.997	0.090	0.907	0.000
7	L	0.000	0.997	0.016	0.981	0.000
8	A	0.000	0.997	0.007	0.990	0.000
9	L	0.000	0.997	0.002	0.995	0.000
10	S	0.000	0.997	0.001	0.996	0.000
11	A	0.000	0.997	0.000	0.995	0.002
12	L	0.000	0.997	0.000	0.993	0.004
13	S	0.000	0.997	0.000	0.899	0.097
14	S	0.000	0.997	0.000	0.470	0.527
15	T	0.000	0.997	0.000	0.435	0.562
16	V	0.000	0.997	0.000	0.248	0.749
17	F	0.000	0.997	0.000	0.161	0.836
18	A	0.000	0.997	0.000	0.011	0.985
19	H	0.398	0.599	0.000	0.003	0.596
20	A	0.000	0.599	0.000	0.001	0.598
21	E	0.485	0.114	0.000	0.000	0.114
22	P	0.000	0.114	0.000	0.000	0.114
23	A	0.030	0.083	0.000	0.000	0.083
24	A	0.002	0.081	0.000	0.000	0.081
25	G	0.002	0.080	0.000	0.000	0.079
26	V	0.049	0.030	0.000	0.000	0.030
27	F	0.000	0.030	0.000	0.000	0.030
28	S	0.000	0.030	0.000	0.000	0.030
29	L	0.027	0.003	0.000	0.000	0.003
30	S	0.000	0.003	0.000	0.000	0.003
31	P	0.000	0.003	0.000	0.000	0.003
32	Q	0.000	0.002	0.000	0.000	0.002
33	T	0.000	0.002	0.000	0.000	0.002
34	E	0.000	0.002	0.000	0.000	0.002
35	A	0.000	0.002	0.000	0.000	0.002
36	P	0.001	0.001	0.000	0.000	0.001
37	V	0.000	0.001	0.000	0.000	0.001
38	A	0.000	0.001	0.000	0.000	0.001
39	E	0.000	0.001	0.000	0.000	0.001
40	P	0.000	0.001	0.000	0.000	0.001
>XP_001391185.2
pos	aa	C	S	n-reg	h-reg	c-reg
1	M	0.000	0.992	0.992	0.000	0.000
2	A	0.000	0.992	0.992	0.000	0.000
3	S	0.000	0.992	0.990	0.002	0.000
4	K	0.000	0.992	0.987	0.005	0.000
5	T	0.000	0.992	0.724	0.268	0.000
6	L	0.000	0.992	0.017	0.975	0.000
7	L	0.000	0.992	0.001	0.991	0.000
8	L	0.000	0.992	0.000	0.992	0.000
9	I	0.000	0.992	0.000	0.992	0.000
10	P	0.000	0.992	0.000	0.992	0.000
11	A	0.000	0.992	0.000	0.992	0.000
12	L	0.000	0.992	0.000	0.991	0.001
13	A	0.000	0.992	0.000	0.932	0.060
14	T	0.000	0.992	0.000	0.079	0.913
15	A	0.000	0.992	0.000	0.042	0.950
16	A	0.003	0.989	0.000	0.017	0.972
17	L	0.009	0.980	0.000	0.009	0.972
18	G	0.011	0.969	0.000	0.003	0.966
19	S	0.940	0.030	0.000	0.000	0.029
20	V	0.005	0.025	0.000	0.000	0.025
21	L	0.000	0.025	0.000	0.000	0.025
22	D	0.015	0.009	0.000	0.000	0.009
23	L	0.000	0.009	0.000	0.000	0.009
24	D	0.009	0.000	0.000	0.000	0.000
25	I	0.000	0.000	0.000	0.000	0.000
26	K	0.000	0.000	0.000	0.000	0.000
27	V	0.000	0.000	0.000	0.000	0.000
28	Q	0.000	0.000	0.000	0.000	0.000
29	N	0.000	0.000	0.000	0.000	0.000
30	G	0.000	0.000	0.000	0.000	0.000
31	Y	0.000	0.000	0.000	0.000	0.000
32	R	0.000	0.000	0.000	0.000	0.000
33	T	0.000	0.000	0.000	0.000	0.000
34	I	0.000	0.000	0.000	0.000	0.000
35	E	0.000	0.000	0.000	0.000	0.000
36	V	0.000	0.000	0.000	0.000	0.000
37	D	0.000	0.000	0.000	0.000	0.000
38	L	0.000	0.000	0.000	0.000	0.000
39	G	0.000	0.000	0.000	0.000	0.000
40	T	0.000	0.000	0.000	0.000	0.000
>XP_001391187.1
pos	aa	C	S	n-reg	h-reg	c-reg
1	M	0.000	0.102	0.102	0.000	0.000
2	L	0.000	0.218	0.218	0.000	0.000
3	G	0.000	0.218	0.218	0.000	0.000
4	A	0.000	0.218	0.218	0.000	0.000
5	R	0.000	0.218	0.218	0.000	0.000
6	D	0.000	0.218	0.218	0.000	0.000
7	S	0.000	0.218	0.218	0.000	0.000
8	A	0.000	0.218	0.218	0.000	0.000
9	S	0.000	0.218	0.218	0.000	0.000
10	Y	0.000	0.218	0.218	0.000	0.000
11	D	0.000	0.218	0.218	0.000	0.000
12	F	0.000	0.218	0.218	0.000	0.000
13	A	0.000	0.218	0.218	0.000	0.000
14	F	0.000	0.218	0.218	0.000	0.000
15	Y	0.000	0.218	0.218	0.000	0.000
16	R	0.000	0.218	0.218	0.000	0.000
17	Y	0.000	0.218	0.218	0.000	0.000
18	D	0.000	0.218	0.218	0.000	0.000
19	P	0.000	0.218	0.215	0.002	0.000
20	S	0.000	0.218	0.193	0.025	0.000
21	M	0.000	0.218	0.146	0.072	0.000
22	G	0.000	0.218	0.113	0.105	0.000
23	G	0.000	0.218	0.077	0.141	0.000
24	A	0.000	0.218	0.024	0.194	0.000
25	V	0.000	0.218	0.004	0.214	0.000
26	L	0.000	0.218	0.001	0.216	0.000
27	F	0.000	0.218	0.001	0.217	0.000
28	I	0.000	0.218	0.001	0.217	0.000
29	L	0.000	0.218	0.001	0.216	0.001
30	L	0.000	0.218	0.001	0.215	0.002
31	F	0.000	0.218	0.001	0.211	0.006
32	I	0.000	0.216	0.001	0.153	0.062
33	G	0.000	0.204	0.001	0.106	0.097
34	T	0.000	0.191	0.001	0.089	0.102
35	T	0.000	0.175	0.001	0.073	0.101
36	G	0.002	0.154	0.001	0.054	0.099
37	Y	0.098	0.040	0.001	0.038	0.001
38	H	0.000	0.027	0.001	0.025	0.001
39	V	0.000	0.025	0.001	0.023	0.001
40	F	0.000	0.020	0.001	0.018	0.001
>XP_001391190.2
pos	aa	C	S	n-reg	h-reg	c-reg
1	M	0.000	0.995	0.995	0.000	0.000
2	R	0.000	0.995	0.995	0.000	0.000
3	S	0.000	0.995	0.687	0.308	0.000
4	I	0.000	0.995	0.216	0.778	0.000
5	L	0.000	0.995	0.074	0.921	0.000
6	F	0.000	0.995	0.006	0.988	0.000
7	I	0.000	0.995	0.001	0.994	0.000
8	L	0.000	0.995	0.000	0.995	0.000
9	F	0.000	0.995	0.000	0.995	0.000
10	S	0.000	0.995	0.000	0.994	0.000
11	V	0.000	0.995	0.000	0.980	0.015
12	F	0.000	0.995	0.000	0.880	0.115
13	A	0.000	0.995	0.000	0.727	0.268
14	G	0.000	0.995	0.000	0.109	0.886
15	L	0.000	0.995	0.000	0.076	0.919
16	A	0.001	0.994	0.000	0.009	0.985
17	A	0.025	0.969	0.000	0.006	0.963
18	G	0.078	0.891	0.000	0.001	0.890
19	Q	0.827	0.065	0.000	0.000	0.065
20	L	0.006	0.059	0.000	0.000	0.058
21	I	0.036	0.022	0.000	0.000	0.022
22	G	0.000	0.022	0.000	0.000	0.022
23	P	0.011	0.012	0.000	0.000	0.012
24	V	0.006	0.006	0.000	0.000	0.006
25	G	0.000	0.006	0.000	0.000	0.006
26	P	0.000	0.006	0.000	0.000	0.006
27	T	0.005	0.001	0.000	0.000	0.001
28	T	0.000	0.001	0.000	0.000	0.001
29	Q	0.000	0.001	0.000	0.000	0.001
30	L	0.000	0.000	0.000	0.000	0.000
31	E	0.000	0.000	0.000	0.000	0.000
32	D	0.000	0.000	0.000	0.000	0.000
33	K	0.000	0.000	0.000	0.000	0.000
34	D	0.000	0.000	0.000	0.000	0.000
35	I	0.000	0.000	0.000	0.000	0.000
36	E	0.000	0.000	0.000	0.000	0.000
37	C	0.000	0.000	0.000	0.000	0.000
38	N	0.000	0.000	0.000	0.000	0.000
39	I	0.000	0.000	0.000	0.000	0.000
40	L	0.000	0.000	0.000	0.000	0.000
>XP_001391193.2
pos	aa	C	S	n-reg	h-reg	c-reg
1	M	0.000	0.000	0.000	0.000	0.000
2	D	0.000	0.000	0.000	0.000	0.000
3	F	0.000	0.000	0.000	0.000	0.000
4	I	0.000	0.000	0.000	0.000	0.000
5	V	0.000	0.000	0.000	0.000	0.000
6	V	0.000	0.000	0.000	0.000	0.000
7	I	0.000	0.000	0.000	0.000	0.000
8	V	0.000	0.000	0.000	0.000	0.000
9	R	0.000	0.000	0.000	0.000	0.000
10	L	0.000	0.000	0.000	0.000	0.000
11	I	0.000	0.000	0.000	0.000	0.000
12	S	0.000	0.000	0.000	0.000	0.000
13	Y	0.000	0.000	0.000	0.000	0.000
14	L	0.000	0.000	0.000	0.000	0.000
15	V	0.000	0.000	0.000	0.000	0.000
16	A	0.000	0.000	0.000	0.000	0.000
17	L	0.000	0.000	0.000	0.000	0.000
18	Y	0.000	0.000	0.000	0.000	0.000
19	Q	0.000	0.000	0.000	0.000	0.000
20	F	0.000	0.000	0.000	0.000	0.000
21	L	0.000	0.000	0.000	0.000	0.000
22	R	0.000	0.000	0.000	0.000	0.000
23	T	0.000	0.000	0.000	0.000	0.000
24	K	0.000	0.000	0.000	0.000	0.000
25	L	0.000	0.000	0.000	0.000	0.000
26	G	0.000	0.000	0.000	0.000	0.000
27	S	0.000	0.000	0.000	0.000	0.000
28	L	0.000	0.000	0.000	0.000	0.000
29	R	0.000	0.000	0.000	0.000	0.000
30	V	0.000	0.000	0.000	0.000	0.000
31	T	0.000	0.000	0.000	0.000	0.000
32	E	0.000	0.000	0.000	0.000	0.000
33	T	0.000	0.000	0.000	0.000	0.000
34	T	0.000	0.000	0.000	0.000	0.000
35	T	0.000	0.000	0.000	0.000	0.000
36	S	0.000	0.000	0.000	0.000	0.000
37	C	0.000	0.000	0.000	0.000	0.000
38	P	0.000	0.000	0.000	0.000	0.000
39	L	0.000	0.000	0.000	0.000	0.000
40	A	0.000	0.000	0.000	0.000	0.000
>XP_001391195.2
pos	aa	C	S	n-reg	h-reg	c-reg
1	M	0.000	0.945	0.945	0.000	0.000
2	S	0.000	0.966	0.966	0.000	0.000
3	G	0.000	0.966	0.917	0.049	0.000
4	V	0.000	0.966	0.755	0.212	0.000
5	F	0.000	0.966	0.685	0.281	0.000
6	F	0.000	0.966	0.527	0.439	0.000
7	T	0.000	0.966	0.377	0.589	0.000
8	T	0.000	0.966	0.237	0.729	0.000
9	V	0.000	0.966	0.070	0.896	0.000
10	I	0.000	0.966	0.019	0.947	0.000
11	I	0.000	0.966	0.003	0.962	0.001
12	F	0.000	0.966	0.000	0.950	0.016
13	L	0.000	0.966	0.000	0.940	0.026
14	L	0.000	0.966	0.000	0.851	0.116
15	L	0.000	0.966	0.000	0.786	0.180
16	A	0.001	0.965	0.000	0.684	0.282
17	V	0.036	0.929	0.000	0.624	0.305
18	L	0.000	0.929	0.000	0.425	0.503
19	F	0.216	0.709	0.000	0.189	0.519
20	D	0.000	0.693	0.000	0.025	0.668
21	T	0.000	0.693	0.000	0.002	0.691
22	Y	0.033	0.660	0.000	0.001	0.659
23	L	0.000	0.659	0.000	0.001	0.659
24	N	0.139	0.520	0.000	0.000	0.520
25	S	0.000	0.520	0.000	0.000	0.520
26	E	0.512	0.008	0.000	0.000	0.008
27	K	0.000	0.008	0.000	0.000	0.008
28	N	0.000	0.008	0.000	0.000	0.008
29	A	0.000	0.008	0.000	0.000	0.008
30	A	0.005	0.003	0.000	0.000	0.003
31	L	0.001	0.002	0.000	0.000	0.002
32	R	0.000	0.001	0.000	0.000	0.001
33	G	0.000	0.001	0.000	0.000	0.001
34	S	0.001	0.001	0.000	0.000	0.001
35	L	0.000	0.000	0.000	0.000	0.000
36	Y	0.000	0.000	0.000	0.000	0.000
37	W	0.000	0.000	0.000	0.000	0.000
38	S	0.000	0.000	0.000	0.000	0.000
39	P	0.000	0.000	0.000	0.000	0.000
40	I	0.000	0.000	0.000	0.000	0.000
>XP_001391196.2
pos	aa	C	S	n-reg	h-reg	c-reg
1	M	0.000	1.000	1.000	0.000	0.000
2	H	0.000	1.000	1.000	0.000	0.000
3	F	0.000	1.000	0.376	0.624	0.000
4	L	0.000	1.000	0.164	0.836	0.000
5	T	0.000	1.000	0.122	0.878	0.000
6	L	0.000	1.000	0.002	0.998	0.000
7	A	0.000	1.000	0.000	1.000	0.000
8	A	0.000	1.000	0.000	1.000	0.000
9	L	0.000	1.000	0.000	1.000	0.000
10	P	0.000	1.000	0.000	0.999	0.001
11	F	0.000	1.000	0.000	0.950	0.050
12	L	0.000	1.000	0.000	0.905	0.095
13	A	0.000	1.000	0.000	0.824	0.175
14	S	0.000	1.000	0.000	0.049	0.951
15	A	0.000	1.000	0.000	0.013	0.987
16	A	0.002	0.998	0.000	0.000	0.997
17	S	0.002	0.996	0.000	0.000	0.996
18	A	0.011	0.985	0.000	0.000	0.985
19	A	0.974	0.011	0.000	0.000	0.011
20	P	0.006	0.006	0.000	0.000	0.006
21	T	0.004	0.002	0.000	0.000	0.002
22	C	0.001	0.000	0.000	0.000	0.000
23	N	0.000	0.000	0.000	0.000	0.000
24	R	0.000	0.000	0.000	0.000	0.000
25	S	0.000	0.000	0.000	0.000	0.000
26	N	0.000	0.000	0.000	0.000	0.000
27	L	0.000	0.000	0.000	0.000	0.000
28	N	0.000	0.000	0.000	0.000	0.000
29	S	0.000	0.000	0.000	0.000	0.000
30	T	0.000	0.000	0.000	0.000	0.000
31	V	0.000	0.000	0.000	0.000	0.000
32	G	0.000	0.000	0.000	0.000	0.000
33	L	0.000	0.000	0.000	0.000	0.000
34	Y	0.000	0.000	0.000	0.000	0.000
35	T	0.000	0.000	0.000	0.000	0.000
36	V	0.000	0.000	0.000	0.000	0.000
37	Q	0.000	0.000	0.000	0.000	0.000
38	D	0.000	0.000	0.000	0.000	0.000
39	G	0.000	0.000	0.000	0.000	0.000
40	D	0.000	0.000	0.000	0.000	0.000
>XP_001391203.2
pos	aa	C	S	n-reg	h-reg	c-reg
1	M	0.000	0.446	0.446	0.000	0.000
2	R	0.000	0.454	0.454	0.000	0.000
3	R	0.000	0.454	0.435	0.019	0.000
4	I	0.000	0.454	0.264	0.190	0.000
5	L	0.000	0.454	0.159	0.294	0.000
6	L	0.000	0.454	0.090	0.364	0.000
7	S	0.000	0.454	0.062	0.391	0.000
8	L	0.000	0.454	0.023	0.431	0.000
9	T	0.000	0.454	0.012	0.442	0.000
10	L	0.000	0.454	0.003	0.451	0.000
11	S	0.000	0.454	0.002	0.421	0.031
12	L	0.000	0.454	0.000	0.379	0.074
13	S	0.000	0.454	0.000	0.300	0.154
14	L	0.001	0.453	0.000	0.292	0.161
15	L	0.003	0.450	0.000	0.278	0.172
16	F	0.139	0.311	0.000	0.245	0.066
17	I	0.000	0.311	0.000	0.120	0.191
18	I	0.000	0.311	0.000	0.071	0.240
19	F	0.000	0.310	0.000	0.035	0.275
20	K	0.000	0.303	0.000	0.007	0.297
21	T	0.000	0.303	0.000	0.000	0.303
22	K	0.222	0.082	0.000	0.000	0.082
23	H	0.000	0.082	0.000	0.000	0.082
24	I	0.000	0.082	0.000	0.000	0.082
25	G	0.000	0.082	0.000	0.000	0.082
26	D	0.080	0.002	0.000	0.000	0.002
27	H	0.000	0.002	0.000	0.000	0.002
28	T	0.000	0.002	0.000	0.000	0.002
29	V	0.001	0.001	0.000	0.000	0.001
30	R	0.000	0.001	0.000	0.000	0.001
31	V	0.000	0.001	0.000	0.000	0.001
32	S	0.000	0.001	0.000	0.000	0.001
33	T	0.000	0.000	0.000	0.000	0.000
34	P	0.000	0.000	0.000	0.000	0.000
35	G	0.000	0.000	0.000	0.000	0.000
36	L	0.000	0.000	0.000	0.000	0.000
37	N	0.000	0.000	0.000	0.000	0.000
38	P	0.000	0.000	0.000	0.000	0.000
39	E	0.000	0.000	0.000	0.000	0.000
40	N	0.000	0.000	0.000	0.000	0.000
>XP_001391205.1
pos	aa	C	S	n-reg	h-reg	c-reg
1	M	0.000	0.998	0.998	0.000	0.000
2	R	0.000	0.998	0.998	0.000	0.000
3	H	0.000	0.998	0.984	0.015	0.000
4	I	0.000	0.998	0.826	0.172	0.000
5	P	0.000	0.998	0.782	0.216	0.000
6	A	0.000	0.998	0.440	0.559	0.000
7	W	0.000	0.998	0.192	0.807	0.000
8	F	0.000	0.998	0.050	0.948	0.000
9	V	0.000	0.998	0.016	0.982	0.000
10	A	0.000	0.998	0.006	0.992	0.000
11	C	0.000	0.998	0.001	0.997	0.001
12	L	0.000	0.998	0.000	0.984	0.014
13	A	0.000	0.998	0.000	0.948	0.051
14	A	0.000	0.998	0.000	0.851	0.148
15	A	0.000	0.998	0.000	0.572	0.426
16	T	0.000	0.998	0.000	0.262	0.736
17	A	0.001	0.998	0.000	0.160	0.838
18	S	0.005	0.992	0.000	0.068	0.924
19	A	0.030	0.962	0.000	0.025	0.937
20	S	0.280	0.682	0.000	0.011	0.670
21	A	0.391	0.291	0.000	0.006	0.285
22	P	0.102	0.189	0.000	0.000	0.188
23	T	0.014	0.175	0.000	0.000	0.175
24	C	0.015	0.160	0.000	0.000	0.160
25	S	0.002	0.158	0.000	0.000	0.158
26	T	0.035	0.123	0.000	0.000	0.123
27	D	0.120	0.002	0.000	0.000	0.002
28	S	0.000	0.002	0.000	0.000	0.002
29	K	0.002	0.000	0.000	0.000	0.000
30	C	0.000	0.000	0.000	0.000	0.000
31	P	0.000	0.000	0.000	0.000	0.000
32	E	0.000	0.000	0.000	0.000	0.000
33	E	0.000	0.000	0.000	0.000	0.000
34	Y	0.000	0.000	0.000	0.000	0.000
35	P	0.000	0.000	0.000	0.000	0.000
36	C	0.000	0.000	0.000	0.000	0.000
37	C	0.000	0.000	0.000	0.000	0.000
38	Y	0.000	0.000	0.000	0.000	0.000
39	S	0.000	0.000	0.000	0.000	0.000
40	G	0.000	0.000	0.000	0.000	0.000
