>XP_001392619.2
pos	aa	C	S	n-reg	h-reg	c-reg
1	M	0.000	0.997	0.997	0.000	0.000
2	R	0.000	0.997	0.997	0.000	0.000
3	Y	0.000	0.997	0.855	0.143	0.000
4	S	0.000	0.997	0.556	0.441	0.000
5	L	0.000	0.997	0.097	0.900	0.000
6	A	0.000	0.997	0.046	0.951	0.000
7	L	0.000	0.997	0.022	0.976	0.000
8	G	0.000	0.997	0.020	0.978	0.000
9	A	0.000	0.997	0.015	0.982	0.000
10	L	0.000	0.997	0.013	0.984	0.000
11	C	0.000	0.997	0.013	0.956	0.028
12	A	0.000	0.997	0.013	0.885	0.099
13	A	0.000	0.997	0.013	0.217	0.767
14	G	0.000	0.997	0.013	0.139	0.845
15	A	0.001	0.996	0.013	0.108	0.876
16	L	0.002	0.994	0.013	0.086	0.895
17	A	0.002	0.992	0.013	0.035	0.944
18	N	0.790	0.202	0.013	0.002	0.187
19	N	0.000	0.202	0.013	0.000	0.189
20	V	0.000	0.202	0.013	0.000	0.189
21	D	0.000	0.202	0.013	0.000	0.189
22	K	0.000	0.202	0.013	0.000	0.189
23	R	0.000	0.202	0.013	0.000	0.189
24	S	0.000	0.202	0.013	0.000	0.189
25	Y	0.000	0.202	0.012	0.000	0.189
26	V	0.000	0.202	0.012	0.001	0.189
27	T	0.000	0.202	0.012	0.001	0.189
28	D	0.000	0.202	0.012	0.001	0.189
29	W	0.000	0.202	0.008	0.005	0.189
30	T	0.000	0.202	0.005	0.008	0.189
31	I	0.000	0.202	0.001	0.012	0.189
32	V	0.000	0.202	0.000	0.013	0.189
33	T	0.000	0.202	0.000	0.013	0.189
34	L	0.000	0.202	0.000	0.013	0.189
35	T	0.000	0.202	0.000	0.012	0.190
36	T	0.000	0.202	0.000	0.012	0.190
37	T	0.000	0.202	0.000	0.011	0.191
38	I	0.000	0.202	0.000	0.010	0.192
39	T	0.000	0.202	0.000	0.005	0.197
40	E	0.000	0.202	0.000	0.000	0.202
>XP_001392640.1
pos	aa	C	S	n-reg	h-reg	c-reg
1	M	0.000	0.929	0.929	0.000	0.000
2	S	0.000	0.929	0.929	0.000	0.000
3	V	0.000	0.929	0.926	0.003	0.000
4	A	0.000	0.929	0.924	0.005	0.000
5	K	0.000	0.929	0.923	0.006	0.000
6	I	0.000	0.929	0.493	0.436	0.000
7	A	0.000	0.929	0.314	0.615	0.000
8	G	0.000	0.929	0.247	0.682	0.000
9	V	0.000	0.929	0.071	0.858	0.000
10	V	0.000	0.929	0.013	0.916	0.000
11	L	0.000	0.929	0.003	0.925	0.001
12	G	0.000	0.929	0.002	0.925	0.002
13	S	0.000	0.929	0.000	0.925	0.003
14	A	0.000	0.929	0.000	0.904	0.025
15	A	0.000	0.929	0.000	0.843	0.086
16	L	0.000	0.928	0.000	0.836	0.093
17	V	0.000	0.928	0.000	0.649	0.279
18	A	0.000	0.928	0.000	0.215	0.713
19	G	0.006	0.922	0.000	0.097	0.825
20	H	0.084	0.838	0.000	0.059	0.779
21	G	0.000	0.838	0.000	0.001	0.837
22	Y	0.176	0.662	0.000	0.000	0.661
23	V	0.000	0.662	0.000	0.000	0.662
24	S	0.000	0.662	0.000	0.000	0.662
25	G	0.001	0.660	0.000	0.000	0.660
26	A	0.638	0.022	0.000	0.000	0.022
27	V	0.021	0.001	0.000	0.000	0.001
28	I	0.000	0.001	0.000	0.000	0.001
29	D	0.000	0.001	0.000	0.000	0.001
30	G	0.000	0.001	0.000	0.000	0.001
31	E	0.001	0.000	0.000	0.000	0.000
32	Y	0.000	0.000	0.000	0.000	0.000
33	Y	0.000	0.000	0.000	0.000	0.000
34	G	0.000	0.000	0.000	0.000	0.000
35	G	0.000	0.000	0.000	0.000	0.000
36	Y	0.000	0.000	0.000	0.000	0.000
37	I	0.000	0.000	0.000	0.000	0.000
38	V	0.000	0.000	0.000	0.000	0.000
39	S	0.000	0.000	0.000	0.000	0.000
40	S	0.000	0.000	0.000	0.000	0.000
>XP_001392650.1
pos	aa	C	S	n-reg	h-reg	c-reg
1	M	0.000	0.976	0.976	0.000	0.000
2	T	0.000	0.981	0.981	0.000	0.000
3	A	0.000	0.981	0.981	0.000	0.000
4	L	0.000	0.981	0.981	0.000	0.000
5	L	0.000	0.981	0.981	0.000	0.000
6	L	0.000	0.981	0.981	0.000	0.000
7	S	0.000	0.981	0.981	0.000	0.000
8	G	0.000	0.981	0.981	0.000	0.000
9	P	0.000	0.981	0.981	0.000	0.000
10	S	0.000	0.981	0.981	0.000	0.000
11	R	0.000	0.981	0.980	0.000	0.000
12	P	0.000	0.981	0.975	0.006	0.000
13	N	0.000	0.981	0.946	0.034	0.000
14	G	0.000	0.981	0.710	0.271	0.000
15	L	0.000	0.981	0.160	0.820	0.000
16	L	0.000	0.981	0.035	0.945	0.000
17	L	0.000	0.981	0.008	0.973	0.000
18	A	0.000	0.981	0.004	0.977	0.000
19	L	0.000	0.981	0.001	0.980	0.000
20	A	0.000	0.981	0.000	0.980	0.000
21	V	0.000	0.981	0.000	0.977	0.004
22	I	0.000	0.981	0.000	0.958	0.023
23	A	0.000	0.981	0.000	0.696	0.285
24	V	0.000	0.980	0.000	0.637	0.343
25	G	0.000	0.980	0.000	0.401	0.579
26	V	0.014	0.966	0.000	0.342	0.624
27	A	0.000	0.966	0.000	0.084	0.882
28	I	0.258	0.708	0.000	0.016	0.693
29	T	0.000	0.708	0.000	0.005	0.703
30	L	0.170	0.537	0.000	0.004	0.533
31	L	0.007	0.530	0.000	0.004	0.527
32	A	0.357	0.172	0.000	0.002	0.170
33	N	0.170	0.000	0.000	0.000	0.000
34	N	0.000	0.000	0.000	0.000	0.000
35	F	0.000	0.000	0.000	0.000	0.000
36	N	0.000	0.000	0.000	0.000	0.000
37	Q	0.000	0.000	0.000	0.000	0.000
38	R	0.000	0.000	0.000	0.000	0.000
39	R	0.000	0.000	0.000	0.000	0.000
40	R	0.000	0.000	0.000	0.000	0.000
>XP_001392655.2
pos	aa	C	S	n-reg	h-reg	c-reg
1	M	0.000	1.000	1.000	0.000	0.000
2	N	0.000	1.000	1.000	0.000	0.000
3	P	0.000	1.000	0.999	0.000	0.000
4	R	0.000	1.000	0.996	0.003	0.000
5	G	0.000	1.000	0.820	0.179	0.000
6	L	0.000	1.000	0.157	0.842	0.000
7	L	0.000	1.000	0.028	0.971	0.000
8	A	0.000	1.000	0.013	0.986	0.000
9	V	0.000	1.000	0.002	0.998	0.000
10	L	0.000	1.000	0.000	0.999	0.000
11	T	0.000	1.000	0.000	0.999	0.000
12	C	0.000	1.000	0.000	0.999	0.000
13	A	0.000	1.000	0.000	0.989	0.010
14	I	0.000	1.000	0.000	0.932	0.068
15	W	0.000	1.000	0.000	0.755	0.244
16	S	0.000	1.000	0.000	0.596	0.404
17	A	0.001	0.999	0.000	0.079	0.919
18	V	0.000	0.998	0.000	0.035	0.963
19	A	0.000	0.998	0.000	0.001	0.997
20	T	0.038	0.960	0.000	0.001	0.960
21	A	0.056	0.905	0.000	0.000	0.904
22	R	0.762	0.142	0.000	0.000	0.142
23	P	0.000	0.142	0.000	0.000	0.142
24	S	0.136	0.007	0.000	0.000	0.007
25	P	0.000	0.006	0.000	0.000	0.006
26	A	0.000	0.006	0.000	0.000	0.006
27	E	0.006	0.000	0.000	0.000	0.000
28	H	0.000	0.000	0.000	0.000	0.000
29	S	0.000	0.000	0.000	0.000	0.000
30	N	0.000	0.000	0.000	0.000	0.000
31	H	0.000	0.000	0.000	0.000	0.000
32	G	0.000	0.000	0.000	0.000	0.000
33	S	0.000	0.000	0.000	0.000	0.000
34	F	0.000	0.000	0.000	0.000	0.000
35	V	0.000	0.000	0.000	0.000	0.000
36	N	0.000	0.000	0.000	0.000	0.000
37	R	0.000	0.000	0.000	0.000	0.000
38	N	0.000	0.000	0.000	0.000	0.000
39	D	0.000	0.000	0.000	0.000	0.000
40	P	0.000	0.000	0.000	0.000	0.000
>XP_001392658.2
pos	aa	C	S	n-reg	h-reg	c-reg
1	M	0.000	0.533	0.533	0.000	0.000
2	P	0.000	0.548	0.548	0.000	0.000
3	T	0.000	0.548	0.547	0.001	0.000
4	P	0.000	0.548	0.546	0.003	0.000
5	V	0.000	0.548	0.541	0.008	0.000
6	A	0.000	0.548	0.534	0.014	0.000
7	K	0.000	0.548	0.529	0.019	0.000
8	G	0.000	0.548	0.389	0.160	0.000
9	I	0.000	0.548	0.104	0.444	0.000
10	I	0.000	0.548	0.006	0.542	0.000
11	I	0.000	0.548	0.001	0.547	0.000
12	T	0.000	0.548	0.001	0.547	0.000
13	V	0.000	0.548	0.000	0.547	0.001
14	S	0.000	0.548	0.000	0.544	0.004
15	A	0.000	0.548	0.000	0.538	0.011
16	L	0.000	0.548	0.000	0.506	0.042
17	V	0.000	0.548	0.000	0.412	0.136
18	A	0.000	0.548	0.000	0.070	0.478
19	A	0.002	0.546	0.000	0.043	0.504
20	G	0.042	0.504	0.000	0.017	0.487
21	I	0.071	0.432	0.000	0.016	0.416
22	A	0.000	0.430	0.000	0.013	0.417
23	V	0.413	0.015	0.000	0.011	0.004
24	Y	0.000	0.009	0.000	0.005	0.005
25	E	0.000	0.005	0.000	0.000	0.005
26	S	0.000	0.005	0.000	0.000	0.005
27	P	0.002	0.003	0.000	0.000	0.003
28	Q	0.002	0.001	0.000	0.000	0.001
29	F	0.001	0.000	0.000	0.000	0.000
30	R	0.000	0.000	0.000	0.000	0.000
31	Q	0.000	0.000	0.000	0.000	0.000
32	W	0.000	0.000	0.000	0.000	0.000
33	V	0.000	0.000	0.000	0.000	0.000
34	N	0.000	0.000	0.000	0.000	0.000
35	S	0.000	0.000	0.000	0.000	0.000
36	S	0.000	0.000	0.000	0.000	0.000
37	R	0.000	0.000	0.000	0.000	0.000
38	R	0.000	0.000	0.000	0.000	0.000
39	K	0.000	0.000	0.000	0.000	0.000
40	I	0.000	0.000	0.000	0.000	0.000
>XP_001392664.2
pos	aa	C	S	n-reg	h-reg	c-reg
1	M	0.000	0.012	0.012	0.000	0.000
2	L	0.000	0.012	0.012	0.000	0.000
3	F	0.000	0.012	0.012	0.000	0.000
4	R	0.000	0.012	0.012	0.000	0.000
5	F	0.000	0.012	0.012	0.000	0.000
6	E	0.000	0.012	0.012	0.000	0.000
7	I	0.000	0.012	0.012	0.000	0.000
8	T	0.000	0.012	0.012	0.000	0.000
9	L	0.000	0.012	0.012	0.000	0.000
10	G	0.000	0.012	0.012	0.000	0.000
11	P	0.000	0.012	0.012	0.000	0.000
12	A	0.000	0.012	0.012	0.000	0.000
13	E	0.000	0.012	0.012	0.000	0.000
14	L	0.000	0.012	0.011	0.001	0.000
15	S	0.000	0.012	0.010	0.002	0.000
16	F	0.000	0.012	0.004	0.008	0.000
17	V	0.000	0.012	0.001	0.011	0.000
18	L	0.000	0.012	0.001	0.012	0.000
19	V	0.000	0.012	0.000	0.012	0.000
20	F	0.000	0.012	0.000	0.012	0.000
21	L	0.000	0.012	0.000	0.012	0.000
22	A	0.000	0.012	0.000	0.012	0.000
23	F	0.000	0.012	0.000	0.012	0.000
24	F	0.000	0.012	0.000	0.012	0.000
25	G	0.000	0.012	0.000	0.012	0.001
26	I	0.000	0.012	0.000	0.011	0.001
27	L	0.000	0.012	0.000	0.009	0.004
28	R	0.000	0.012	0.000	0.001	0.011
29	L	0.000	0.012	0.000	0.001	0.012
30	F	0.000	0.012	0.000	0.001	0.012
31	L	0.000	0.012	0.000	0.000	0.012
32	F	0.000	0.012	0.000	0.000	0.012
33	A	0.000	0.012	0.000	0.000	0.012
34	L	0.000	0.011	0.000	0.000	0.011
35	C	0.000	0.011	0.000	0.000	0.011
36	F	0.011	0.001	0.000	0.000	0.001
37	L	0.000	0.001	0.000	0.000	0.001
38	C	0.001	0.000	0.000	0.000	0.000
39	T	0.000	0.000	0.000	0.000	0.000
40	F	0.000	0.000	0.000	0.000	0.000
>XP_001392740.2
pos	aa	C	S	n-reg	h-reg	c-reg
1	M	0.000	0.669	0.669	0.000	0.000
2	A	0.000	0.669	0.669	0.000	0.000
3	S	0.000	0.669	0.502	0.167	0.000
4	L	0.000	0.669	0.120	0.549	0.000
5	I	0.000	0.669	0.049	0.620	0.000
6	V	0.000	0.669	0.017	0.652	0.000
7	V	0.000	0.669	0.004	0.665	0.000
8	I	0.000	0.669	0.002	0.666	0.000
9	A	0.000	0.669	0.002	0.667	0.000
10	Q	0.000	0.669	0.002	0.666	0.001
11	L	0.000	0.669	0.000	0.658	0.010
12	T	0.000	0.669	0.000	0.612	0.057
13	V	0.000	0.669	0.000	0.364	0.305
14	L	0.000	0.669	0.000	0.274	0.395
15	T	0.000	0.669	0.000	0.063	0.605
16	L	0.008	0.661	0.000	0.029	0.632
17	A	0.010	0.651	0.000	0.014	0.637
18	S	0.504	0.147	0.000	0.009	0.138
19	R	0.050	0.097	0.000	0.000	0.096
20	M	0.000	0.097	0.000	0.000	0.096
21	V	0.000	0.097	0.000	0.000	0.096
22	Y	0.000	0.097	0.000	0.000	0.096
23	L	0.000	0.097	0.000	0.000	0.097
24	C	0.078	0.019	0.000	0.000	0.019
25	Y	0.004	0.016	0.000	0.000	0.016
26	F	0.000	0.016	0.000	0.000	0.016
27	H	0.000	0.016	0.000	0.000	0.016
28	P	0.000	0.016	0.000	0.000	0.016
29	L	0.000	0.016	0.000	0.000	0.016
30	A	0.000	0.016	0.000	0.000	0.016
31	P	0.000	0.016	0.000	0.000	0.016
32	Y	0.007	0.009	0.000	0.000	0.009
33	P	0.000	0.009	0.000	0.000	0.009
34	G	0.000	0.008	0.000	0.000	0.008
35	P	0.000	0.008	0.000	0.000	0.008
36	F	0.000	0.008	0.000	0.000	0.008
37	W	0.000	0.008	0.000	0.000	0.008
38	A	0.000	0.008	0.000	0.000	0.008
39	R	0.005	0.003	0.000	0.000	0.003
40	C	0.000	0.003	0.000	0.000	0.003
>XP_001392754.1
pos	aa	C	S	n-reg	h-reg	c-reg
1	M	0.000	0.506	0.506	0.000	0.000
2	T	0.000	0.506	0.506	0.000	0.000
3	R	0.000	0.506	0.501	0.006	0.000
4	I	0.000	0.506	0.201	0.306	0.000
5	G	0.000	0.506	0.093	0.413	0.000
6	W	0.000	0.506	0.053	0.453	0.000
7	F	0.000	0.506	0.014	0.493	0.000
8	G	0.000	0.506	0.010	0.496	0.000
9	L	0.000	0.506	0.003	0.503	0.000
10	G	0.000	0.506	0.002	0.504	0.000
11	S	0.000	0.506	0.002	0.501	0.003
12	M	0.000	0.506	0.001	0.470	0.035
13	G	0.000	0.506	0.000	0.126	0.380
14	L	0.000	0.506	0.000	0.106	0.400
15	A	0.000	0.506	0.000	0.044	0.462
16	M	0.003	0.504	0.000	0.033	0.471
17	A	0.000	0.504	0.000	0.019	0.484
18	S	0.452	0.051	0.000	0.006	0.045
19	N	0.001	0.050	0.000	0.004	0.046
20	L	0.000	0.050	0.000	0.004	0.046
21	Q	0.017	0.034	0.000	0.000	0.033
22	R	0.008	0.026	0.000	0.000	0.026
23	H	0.000	0.026	0.000	0.000	0.026
24	L	0.000	0.026	0.000	0.000	0.026
25	A	0.002	0.024	0.000	0.000	0.024
26	R	0.022	0.003	0.000	0.000	0.002
27	K	0.000	0.003	0.000	0.000	0.002
28	T	0.000	0.003	0.000	0.000	0.002
29	A	0.000	0.003	0.000	0.000	0.002
30	P	0.000	0.002	0.000	0.000	0.002
31	S	0.001	0.002	0.000	0.000	0.001
32	L	0.001	0.001	0.000	0.000	0.001
33	I	0.000	0.001	0.000	0.000	0.001
34	Y	0.000	0.001	0.000	0.000	0.001
35	S	0.000	0.001	0.000	0.000	0.001
36	N	0.001	0.000	0.000	0.000	0.000
37	R	0.000	0.000	0.000	0.000	0.000
38	T	0.000	0.000	0.000	0.000	0.000
39	I	0.000	0.000	0.000	0.000	0.000
40	S	0.000	0.000	0.000	0.000	0.000
>XP_001392788.2
pos	aa	C	S	n-reg	h-reg	c-reg
1	M	0.000	0.998	0.998	0.000	0.000
2	H	0.000	0.998	0.998	0.000	0.000
3	F	0.000	0.998	0.920	0.079	0.000
4	S	0.000	0.998	0.769	0.229	0.000
5	S	0.000	0.998	0.551	0.447	0.000
6	L	0.000	0.998	0.137	0.862	0.000
7	L	0.000	0.998	0.028	0.970	0.000
8	V	0.000	0.998	0.007	0.991	0.000
9	A	0.000	0.998	0.004	0.994	0.000
10	S	0.000	0.998	0.003	0.995	0.000
11	A	0.000	0.998	0.002	0.995	0.002
12	L	0.000	0.998	0.000	0.989	0.009
13	C	0.000	0.998	0.000	0.943	0.055
14	L	0.000	0.998	0.000	0.887	0.111
15	T	0.000	0.998	0.000	0.773	0.225
16	P	0.001	0.997	0.000	0.085	0.912
17	A	0.003	0.994	0.000	0.050	0.945
18	V	0.015	0.980	0.000	0.025	0.955
19	Y	0.000	0.980	0.000	0.015	0.965
20	G	0.000	0.980	0.000	0.000	0.979
21	Y	0.851	0.129	0.000	0.000	0.129
22	G	0.000	0.129	0.000	0.000	0.129
23	V	0.039	0.090	0.000	0.000	0.090
24	A	0.000	0.090	0.000	0.000	0.090
25	Q	0.089	0.001	0.000	0.000	0.001
26	V	0.001	0.000	0.000	0.000	0.000
27	T	0.000	0.000	0.000	0.000	0.000
28	V	0.000	0.000	0.000	0.000	0.000
29	K	0.000	0.000	0.000	0.000	0.000
30	S	0.000	0.000	0.000	0.000	0.000
31	H	0.000	0.000	0.000	0.000	0.000
32	E	0.000	0.000	0.000	0.000	0.000
33	D	0.000	0.000	0.000	0.000	0.000
34	C	0.000	0.000	0.000	0.000	0.000
35	D	0.000	0.000	0.000	0.000	0.000
36	P	0.000	0.000	0.000	0.000	0.000
37	G	0.000	0.000	0.000	0.000	0.000
38	A	0.000	0.000	0.000	0.000	0.000
39	P	0.000	0.000	0.000	0.000	0.000
40	A	0.000	0.000	0.000	0.000	0.000
>XP_001392789.1
pos	aa	C	S	n-reg	h-reg	c-reg
1	M	0.000	0.995	0.995	0.000	0.000
2	R	0.000	0.995	0.995	0.000	0.000
3	H	0.000	0.995	0.979	0.016	0.000
4	H	0.000	0.995	0.842	0.153	0.000
5	L	0.000	0.995	0.343	0.652	0.000
6	F	0.000	0.995	0.108	0.887	0.000
7	L	0.000	0.995	0.012	0.983	0.000
8	T	0.000	0.995	0.007	0.988	0.000
9	T	0.000	0.995	0.003	0.992	0.000
10	I	0.000	0.995	0.001	0.994	0.000
11	S	0.000	0.995	0.001	0.993	0.001
12	L	0.000	0.995	0.000	0.986	0.009
13	L	0.000	0.995	0.000	0.915	0.081
14	S	0.000	0.995	0.000	0.744	0.251
15	T	0.000	0.995	0.000	0.248	0.747
16	T	0.000	0.995	0.000	0.092	0.903
17	A	0.001	0.994	0.000	0.023	0.971
18	T	0.015	0.980	0.000	0.008	0.972
19	A	0.031	0.948	0.000	0.006	0.942
20	A	0.637	0.311	0.000	0.001	0.310
21	S	0.150	0.161	0.000	0.000	0.161
22	T	0.053	0.108	0.000	0.000	0.108
23	I	0.024	0.085	0.000	0.000	0.085
24	A	0.000	0.085	0.000	0.000	0.085
25	N	0.081	0.004	0.000	0.000	0.004
26	I	0.000	0.004	0.000	0.000	0.004
27	H	0.000	0.004	0.000	0.000	0.004
28	P	0.000	0.004	0.000	0.000	0.004
29	A	0.002	0.002	0.000	0.000	0.002
30	F	0.000	0.002	0.000	0.000	0.002
31	H	0.000	0.002	0.000	0.000	0.002
32	D	0.000	0.002	0.000	0.000	0.002
33	T	0.000	0.002	0.000	0.000	0.002
34	C	0.000	0.002	0.000	0.000	0.002
35	P	0.000	0.002	0.000	0.000	0.002
36	P	0.000	0.002	0.000	0.000	0.002
37	A	0.000	0.002	0.000	0.000	0.002
38	L	0.000	0.002	0.000	0.000	0.002
39	S	0.000	0.002	0.000	0.000	0.002
40	P	0.000	0.001	0.000	0.000	0.001
>XP_001392824.2
pos	aa	C	S	n-reg	h-reg	c-reg
1	M	0.000	0.964	0.964	0.000	0.000
2	K	0.000	0.964	0.964	0.000	0.000
3	A	0.000	0.964	0.778	0.186	0.000
4	T	0.000	0.964	0.656	0.308	0.000
5	S	0.000	0.964	0.545	0.419	0.000
6	A	0.000	0.964	0.093	0.871	0.000
7	T	0.000	0.964	0.029	0.935	0.000
8	V	0.000	0.964	0.008	0.956	0.000
9	A	0.000	0.964	0.003	0.961	0.000
10	F	0.000	0.964	0.000	0.964	0.000
11	L	0.000	0.964	0.000	0.947	0.017
12	A	0.000	0.964	0.000	0.911	0.053
13	I	0.000	0.964	0.000	0.878	0.086
14	A	0.000	0.964	0.000	0.211	0.753
15	A	0.001	0.963	0.000	0.116	0.847
16	V	0.001	0.963	0.000	0.064	0.899
17	Q	0.000	0.963	0.000	0.042	0.921
18	A	0.001	0.961	0.000	0.003	0.958
19	A	0.854	0.107	0.000	0.001	0.106
20	K	0.024	0.083	0.000	0.000	0.083
21	H	0.000	0.083	0.000	0.000	0.083
22	A	0.000	0.083	0.000	0.000	0.083
23	H	0.082	0.000	0.000	0.000	0.000
24	D	0.000	0.000	0.000	0.000	0.000
25	H	0.000	0.000	0.000	0.000	0.000
26	G	0.000	0.000	0.000	0.000	0.000
27	H	0.000	0.000	0.000	0.000	0.000
28	H	0.000	0.000	0.000	0.000	0.000
29	R	0.000	0.000	0.000	0.000	0.000
30	S	0.000	0.000	0.000	0.000	0.000
31	H	0.000	0.000	0.000	0.000	0.000
32	R	0.000	0.000	0.000	0.000	0.000
33	S	0.000	0.000	0.000	0.000	0.000
34	V	0.000	0.000	0.000	0.000	0.000
35	D	0.000	0.000	0.000	0.000	0.000
36	S	0.000	0.000	0.000	0.000	0.000
37	P	0.000	0.000	0.000	0.000	0.000
38	V	0.000	0.000	0.000	0.000	0.000
39	V	0.000	0.000	0.000	0.000	0.000
40	K	0.000	0.000	0.000	0.000	0.000
>XP_001392827.2
pos	aa	C	S	n-reg	h-reg	c-reg
1	M	0.000	0.993	0.993	0.000	0.000
2	V	0.000	0.993	0.993	0.000	0.000
3	L	0.000	0.993	0.993	0.000	0.000
4	F	0.000	0.993	0.993	0.000	0.000
5	T	0.000	0.993	0.993	0.000	0.000
6	H	0.000	0.993	0.993	0.000	0.000
7	I	0.000	0.993	0.993	0.000	0.000
8	A	0.000	0.993	0.993	0.000	0.000
9	G	0.000	0.993	0.993	0.000	0.000
10	G	0.000	0.993	0.993	0.000	0.000
11	S	0.000	0.993	0.992	0.000	0.000
12	A	0.000	0.993	0.992	0.001	0.000
13	P	0.000	0.993	0.989	0.004	0.000
14	S	0.000	0.993	0.932	0.060	0.000
15	S	0.000	0.993	0.819	0.174	0.000
16	I	0.000	0.993	0.579	0.414	0.000
17	V	0.000	0.993	0.194	0.799	0.000
18	V	0.000	0.993	0.042	0.951	0.000
19	C	0.000	0.993	0.015	0.977	0.000
20	V	0.000	0.993	0.005	0.988	0.000
21	A	0.000	0.993	0.000	0.992	0.000
22	L	0.000	0.993	0.000	0.992	0.000
23	L	0.000	0.993	0.000	0.992	0.001
24	L	0.000	0.993	0.000	0.989	0.004
25	L	0.000	0.993	0.000	0.946	0.047
26	A	0.000	0.993	0.000	0.743	0.250
27	C	0.000	0.993	0.000	0.657	0.335
28	L	0.000	0.992	0.000	0.606	0.386
29	Q	0.004	0.988	0.000	0.003	0.986
30	T	0.007	0.982	0.000	0.000	0.981
31	V	0.022	0.960	0.000	0.000	0.960
32	V	0.000	0.960	0.000	0.000	0.960
33	A	0.000	0.960	0.000	0.000	0.960
34	E	0.959	0.001	0.000	0.000	0.001
35	I	0.000	0.001	0.000	0.000	0.001
36	D	0.000	0.001	0.000	0.000	0.001
37	S	0.000	0.001	0.000	0.000	0.001
38	V	0.001	0.000	0.000	0.000	0.000
39	F	0.000	0.000	0.000	0.000	0.000
40	K	0.000	0.000	0.000	0.000	0.000
>XP_001392850.1
pos	aa	C	S	n-reg	h-reg	c-reg
1	M	0.000	0.810	0.810	0.000	0.000
2	F	0.000	0.810	0.810	0.000	0.000
3	P	0.000	0.810	0.805	0.004	0.000
4	T	0.000	0.810	0.775	0.035	0.000
5	Y	0.000	0.810	0.722	0.087	0.000
6	T	0.000	0.810	0.534	0.275	0.000
7	Q	0.000	0.810	0.416	0.393	0.000
8	L	0.000	0.810	0.102	0.708	0.000
9	F	0.000	0.810	0.005	0.805	0.000
10	A	0.000	0.810	0.002	0.808	0.000
11	A	0.000	0.810	0.001	0.809	0.000
12	A	0.000	0.810	0.000	0.804	0.005
13	C	0.000	0.810	0.000	0.795	0.015
14	A	0.000	0.810	0.000	0.744	0.066
15	F	0.000	0.809	0.000	0.695	0.115
16	A	0.000	0.809	0.000	0.593	0.217
17	T	0.005	0.804	0.000	0.050	0.754
18	T	0.000	0.804	0.000	0.025	0.779
19	A	0.011	0.794	0.000	0.014	0.779
20	N	0.032	0.762	0.000	0.000	0.762
21	A	0.000	0.762	0.000	0.000	0.762
22	V	0.719	0.043	0.000	0.000	0.043
23	T	0.000	0.043	0.000	0.000	0.043
24	P	0.001	0.042	0.000	0.000	0.042
25	I	0.041	0.000	0.000	0.000	0.000
26	E	0.000	0.000	0.000	0.000	0.000
27	V	0.000	0.000	0.000	0.000	0.000
28	K	0.000	0.000	0.000	0.000	0.000
29	G	0.000	0.000	0.000	0.000	0.000
30	K	0.000	0.000	0.000	0.000	0.000
31	D	0.000	0.000	0.000	0.000	0.000
32	F	0.000	0.000	0.000	0.000	0.000
33	V	0.000	0.000	0.000	0.000	0.000
34	N	0.000	0.000	0.000	0.000	0.000
35	S	0.000	0.000	0.000	0.000	0.000
36	K	0.000	0.000	0.000	0.000	0.000
37	T	0.000	0.000	0.000	0.000	0.000
38	G	0.000	0.000	0.000	0.000	0.000
39	D	0.000	0.000	0.000	0.000	0.000
40	R	0.000	0.000	0.000	0.000	0.000
>XP_001392851.1
pos	aa	C	S	n-reg	h-reg	c-reg
1	M	0.000	0.938	0.938	0.000	0.000
2	R	0.000	0.967	0.967	0.000	0.000
3	T	0.000	0.967	0.930	0.036	0.000
4	S	0.000	0.967	0.781	0.185	0.000
5	T	0.000	0.967	0.572	0.395	0.000
6	L	0.000	0.967	0.193	0.774	0.000
7	V	0.000	0.967	0.069	0.898	0.000
8	A	0.000	0.967	0.036	0.930	0.000
9	A	0.000	0.967	0.022	0.945	0.000
10	T	0.000	0.967	0.013	0.954	0.000
11	A	0.000	0.966	0.006	0.957	0.003
12	G	0.000	0.967	0.002	0.942	0.023
13	T	0.000	0.966	0.001	0.895	0.071
14	I	0.000	0.966	0.000	0.870	0.096
15	V	0.000	0.966	0.000	0.777	0.189
16	T	0.000	0.966	0.000	0.277	0.690
17	G	0.003	0.964	0.000	0.227	0.737
18	L	0.035	0.929	0.000	0.082	0.847
19	L	0.001	0.928	0.000	0.051	0.876
20	A	0.022	0.905	0.000	0.028	0.877
21	Y	0.575	0.328	0.000	0.026	0.302
22	A	0.000	0.326	0.000	0.024	0.302
23	V	0.302	0.022	0.000	0.022	0.000
24	Y	0.000	0.017	0.000	0.017	0.000
25	F	0.000	0.012	0.000	0.012	0.001
26	D	0.000	0.001	0.000	0.000	0.001
27	H	0.000	0.001	0.000	0.000	0.001
28	K	0.000	0.001	0.000	0.000	0.001
29	R	0.000	0.001	0.000	0.000	0.001
30	Q	0.000	0.001	0.000	0.000	0.001
31	T	0.000	0.001	0.000	0.000	0.001
32	D	0.001	0.000	0.000	0.000	0.000
33	P	0.000	0.000	0.000	0.000	0.000
34	E	0.000	0.000	0.000	0.000	0.000
35	F	0.000	0.000	0.000	0.000	0.000
36	R	0.000	0.000	0.000	0.000	0.000
37	K	0.000	0.000	0.000	0.000	0.000
38	A	0.000	0.000	0.000	0.000	0.000
39	L	0.000	0.000	0.000	0.000	0.000
40	K	0.000	0.000	0.000	0.000	0.000
>XP_001392865.1
pos	aa	C	S	n-reg	h-reg	c-reg
1	M	0.000	0.043	0.043	0.000	0.000
2	I	0.000	0.795	0.795	0.000	0.000
3	T	0.000	0.795	0.795	0.000	0.000
4	D	0.000	0.795	0.795	0.000	0.000
5	D	0.000	0.795	0.795	0.000	0.000
6	E	0.000	0.795	0.794	0.000	0.000
7	L	0.000	0.795	0.794	0.000	0.000
8	H	0.000	0.795	0.794	0.000	0.000
9	R	0.000	0.795	0.794	0.000	0.000
10	L	0.000	0.795	0.373	0.421	0.000
11	A	0.000	0.795	0.200	0.594	0.000
12	V	0.000	0.795	0.069	0.725	0.000
13	F	0.000	0.795	0.031	0.764	0.000
14	L	0.000	0.795	0.016	0.779	0.000
15	G	0.000	0.795	0.013	0.781	0.000
16	S	0.000	0.795	0.009	0.786	0.000
17	C	0.000	0.795	0.001	0.793	0.000
18	A	0.000	0.794	0.000	0.793	0.001
19	M	0.000	0.794	0.000	0.792	0.002
20	M	0.000	0.794	0.000	0.792	0.003
21	M	0.000	0.794	0.000	0.791	0.003
22	I	0.000	0.788	0.000	0.784	0.003
23	V	0.000	0.765	0.000	0.761	0.003
24	L	0.000	0.695	0.000	0.680	0.015
25	Y	0.000	0.486	0.000	0.448	0.037
26	H	0.000	0.303	0.000	0.262	0.040
27	F	0.000	0.277	0.000	0.237	0.040
28	L	0.000	0.218	0.000	0.176	0.042
29	E	0.000	0.042	0.000	0.000	0.042
30	V	0.000	0.042	0.000	0.000	0.042
31	N	0.000	0.042	0.000	0.000	0.042
32	A	0.000	0.042	0.000	0.000	0.042
33	K	0.042	0.000	0.000	0.000	0.000
34	D	0.000	0.000	0.000	0.000	0.000
35	D	0.000	0.000	0.000	0.000	0.000
36	D	0.000	0.000	0.000	0.000	0.000
37	E	0.000	0.000	0.000	0.000	0.000
38	E	0.000	0.000	0.000	0.000	0.000
39	V	0.000	0.000	0.000	0.000	0.000
40	D	0.000	0.000	0.000	0.000	0.000
