>XP_001394615.2
pos	aa	C	S	n-reg	h-reg	c-reg
1	M	0.000	0.964	0.964	0.000	0.000
2	L	0.000	0.964	0.964	0.000	0.000
3	E	0.000	0.964	0.964	0.000	0.000
4	G	0.000	0.964	0.964	0.001	0.000
5	N	0.000	0.964	0.962	0.003	0.000
6	N	0.000	0.964	0.896	0.068	0.000
7	I	0.000	0.964	0.284	0.681	0.000
8	M	0.000	0.964	0.182	0.782	0.000
9	L	0.000	0.964	0.053	0.911	0.000
10	V	0.000	0.964	0.023	0.942	0.000
11	T	0.000	0.964	0.015	0.949	0.000
12	S	0.000	0.964	0.008	0.956	0.000
13	L	0.000	0.964	0.002	0.963	0.000
14	I	0.000	0.964	0.001	0.964	0.000
15	A	0.000	0.964	0.000	0.914	0.051
16	L	0.000	0.964	0.000	0.842	0.122
17	L	0.000	0.964	0.000	0.732	0.232
18	P	0.000	0.964	0.000	0.233	0.731
19	A	0.000	0.964	0.000	0.057	0.907
20	I	0.000	0.964	0.000	0.040	0.924
21	A	0.000	0.964	0.000	0.021	0.944
22	A	0.023	0.941	0.000	0.016	0.925
23	A	0.250	0.690	0.000	0.002	0.689
24	Q	0.629	0.062	0.000	0.000	0.062
25	V	0.001	0.060	0.000	0.000	0.060
26	S	0.000	0.060	0.000	0.000	0.060
27	G	0.001	0.060	0.000	0.000	0.060
28	T	0.055	0.004	0.000	0.000	0.004
29	V	0.002	0.002	0.000	0.000	0.002
30	G	0.000	0.002	0.000	0.000	0.002
31	P	0.002	0.001	0.000	0.000	0.001
32	R	0.000	0.000	0.000	0.000	0.000
33	T	0.000	0.000	0.000	0.000	0.000
34	S	0.000	0.000	0.000	0.000	0.000
35	A	0.000	0.000	0.000	0.000	0.000
36	S	0.000	0.000	0.000	0.000	0.000
37	A	0.000	0.000	0.000	0.000	0.000
38	K	0.000	0.000	0.000	0.000	0.000
39	A	0.000	0.000	0.000	0.000	0.000
40	A	0.000	0.000	0.000	0.000	0.000
>XP_001394616.1
pos	aa	C	S	n-reg	h-reg	c-reg
1	M	0.000	0.993	0.993	0.000	0.000
2	F	0.000	0.993	0.993	0.000	0.000
3	C	0.000	0.993	0.367	0.627	0.000
4	V	0.000	0.993	0.208	0.785	0.000
5	W	0.000	0.993	0.162	0.831	0.000
6	L	0.000	0.993	0.009	0.985	0.000
7	L	0.000	0.993	0.001	0.993	0.000
8	V	0.000	0.993	0.000	0.993	0.000
9	A	0.000	0.993	0.000	0.993	0.000
10	F	0.000	0.993	0.000	0.993	0.001
11	S	0.000	0.993	0.000	0.839	0.155
12	L	0.000	0.993	0.000	0.800	0.193
13	S	0.000	0.993	0.000	0.733	0.260
14	W	0.002	0.992	0.000	0.133	0.859
15	P	0.000	0.992	0.000	0.019	0.973
16	S	0.010	0.982	0.000	0.013	0.969
17	L	0.000	0.982	0.000	0.011	0.971
18	A	0.001	0.981	0.000	0.000	0.981
19	L	0.905	0.076	0.000	0.000	0.076
20	N	0.017	0.060	0.000	0.000	0.060
21	S	0.000	0.060	0.000	0.000	0.060
22	G	0.016	0.044	0.000	0.000	0.044
23	D	0.043	0.001	0.000	0.000	0.001
24	Y	0.000	0.001	0.000	0.000	0.001
25	M	0.000	0.001	0.000	0.000	0.001
26	G	0.000	0.001	0.000	0.000	0.001
27	K	0.000	0.001	0.000	0.000	0.001
28	L	0.000	0.001	0.000	0.000	0.001
29	P	0.000	0.001	0.000	0.000	0.001
30	A	0.000	0.001	0.000	0.000	0.001
31	M	0.000	0.001	0.000	0.000	0.001
32	G	0.000	0.001	0.000	0.000	0.001
33	W	0.000	0.000	0.000	0.000	0.000
34	N	0.000	0.000	0.000	0.000	0.000
35	P	0.000	0.000	0.000	0.000	0.000
36	W	0.000	0.000	0.000	0.000	0.000
37	N	0.000	0.000	0.000	0.000	0.000
38	T	0.000	0.000	0.000	0.000	0.000
39	Y	0.000	0.000	0.000	0.000	0.000
40	G	0.000	0.000	0.000	0.000	0.000
>XP_001394621.2
pos	aa	C	S	n-reg	h-reg	c-reg
1	M	0.000	0.927	0.927	0.000	0.000
2	E	0.000	0.928	0.928	0.000	0.000
3	A	0.000	0.928	0.928	0.000	0.000
4	Q	0.000	0.928	0.928	0.000	0.000
5	P	0.000	0.928	0.928	0.000	0.000
6	S	0.000	0.928	0.928	0.000	0.000
7	S	0.000	0.928	0.928	0.000	0.000
8	S	0.000	0.928	0.928	0.000	0.000
9	S	0.000	0.928	0.928	0.000	0.000
10	S	0.000	0.928	0.928	0.000	0.000
11	R	0.000	0.928	0.928	0.000	0.000
12	G	0.000	0.928	0.928	0.001	0.000
13	W	0.000	0.928	0.926	0.002	0.000
14	R	0.000	0.928	0.921	0.007	0.000
15	F	0.000	0.928	0.738	0.190	0.000
16	W	0.000	0.928	0.647	0.281	0.000
17	L	0.000	0.928	0.175	0.753	0.000
18	I	0.000	0.928	0.059	0.869	0.000
19	I	0.000	0.928	0.035	0.893	0.000
20	A	0.000	0.928	0.022	0.906	0.000
21	G	0.000	0.928	0.010	0.918	0.000
22	C	0.000	0.928	0.004	0.923	0.001
23	A	0.000	0.928	0.002	0.914	0.012
24	V	0.000	0.928	0.000	0.907	0.021
25	T	0.000	0.928	0.000	0.806	0.122
26	S	0.000	0.928	0.000	0.636	0.292
27	L	0.001	0.927	0.000	0.610	0.316
28	L	0.004	0.923	0.000	0.574	0.348
29	T	0.005	0.918	0.000	0.044	0.874
30	A	0.039	0.879	0.000	0.027	0.852
31	V	0.080	0.799	0.000	0.019	0.780
32	E	0.000	0.798	0.000	0.002	0.796
33	S	0.000	0.798	0.000	0.001	0.797
34	T	0.727	0.072	0.000	0.000	0.071
35	V	0.001	0.070	0.000	0.000	0.070
36	T	0.000	0.070	0.000	0.000	0.070
37	S	0.014	0.056	0.000	0.000	0.056
38	T	0.022	0.034	0.000	0.000	0.034
39	A	0.013	0.022	0.000	0.000	0.022
40	L	0.020	0.002	0.000	0.000	0.002
>XP_001394626.2
pos	aa	C	S	n-reg	h-reg	c-reg
1	M	0.000	0.996	0.996	0.000	0.000
2	L	0.000	0.996	0.996	0.000	0.000
3	R	0.000	0.996	0.985	0.011	0.000
4	L	0.000	0.996	0.041	0.955	0.000
5	L	0.000	0.996	0.008	0.988	0.000
6	V	0.000	0.996	0.002	0.994	0.000
7	I	0.000	0.996	0.001	0.996	0.000
8	S	0.000	0.996	0.000	0.996	0.000
9	V	0.000	0.996	0.000	0.996	0.000
10	L	0.000	0.996	0.000	0.996	0.000
11	F	0.000	0.996	0.000	0.994	0.002
12	A	0.000	0.996	0.000	0.175	0.821
13	T	0.000	0.996	0.000	0.114	0.882
14	A	0.000	0.996	0.000	0.097	0.899
15	L	0.016	0.980	0.000	0.092	0.888
16	G	0.001	0.980	0.000	0.001	0.978
17	Y	0.867	0.113	0.000	0.000	0.113
18	R	0.000	0.113	0.000	0.000	0.113
19	L	0.000	0.113	0.000	0.000	0.113
20	T	0.002	0.111	0.000	0.000	0.111
21	E	0.109	0.002	0.000	0.000	0.002
22	Y	0.000	0.002	0.000	0.000	0.002
23	T	0.000	0.002	0.000	0.000	0.002
24	G	0.000	0.001	0.000	0.000	0.001
25	E	0.001	0.000	0.000	0.000	0.000
26	R	0.000	0.000	0.000	0.000	0.000
27	C	0.000	0.000	0.000	0.000	0.000
28	T	0.000	0.000	0.000	0.000	0.000
29	R	0.000	0.000	0.000	0.000	0.000
30	A	0.000	0.000	0.000	0.000	0.000
31	E	0.000	0.000	0.000	0.000	0.000
32	A	0.000	0.000	0.000	0.000	0.000
33	G	0.000	0.000	0.000	0.000	0.000
34	V	0.000	0.000	0.000	0.000	0.000
35	H	0.000	0.000	0.000	0.000	0.000
36	R	0.000	0.000	0.000	0.000	0.000
37	L	0.000	0.000	0.000	0.000	0.000
38	A	0.000	0.000	0.000	0.000	0.000
39	G	0.000	0.000	0.000	0.000	0.000
40	P	0.000	0.000	0.000	0.000	0.000
>XP_001394629.2
pos	aa	C	S	n-reg	h-reg	c-reg
1	M	0.000	0.061	0.061	0.000	0.000
2	A	0.000	0.061	0.061	0.000	0.000
3	S	0.000	0.061	0.061	0.000	0.000
4	G	0.000	0.061	0.061	0.000	0.000
5	T	0.000	0.061	0.061	0.000	0.000
6	F	0.000	0.061	0.059	0.002	0.000
7	C	0.000	0.061	0.059	0.003	0.000
8	S	0.000	0.061	0.058	0.003	0.000
9	F	0.000	0.061	0.058	0.003	0.000
10	P	0.000	0.061	0.058	0.004	0.000
11	K	0.000	0.061	0.057	0.004	0.000
12	V	0.000	0.061	0.015	0.046	0.000
13	I	0.000	0.061	0.001	0.060	0.000
14	I	0.000	0.061	0.000	0.061	0.000
15	V	0.000	0.061	0.000	0.061	0.000
16	G	0.000	0.061	0.000	0.061	0.001
17	A	0.000	0.061	0.000	0.060	0.002
18	G	0.000	0.061	0.000	0.058	0.003
19	F	0.000	0.061	0.000	0.058	0.003
20	S	0.000	0.061	0.000	0.047	0.014
21	G	0.000	0.061	0.000	0.008	0.053
22	L	0.000	0.061	0.000	0.007	0.054
23	A	0.000	0.061	0.000	0.002	0.059
24	M	0.005	0.056	0.000	0.000	0.056
25	A	0.000	0.056	0.000	0.000	0.056
26	C	0.050	0.006	0.000	0.000	0.006
27	Q	0.001	0.005	0.000	0.000	0.005
28	L	0.003	0.002	0.000	0.000	0.002
29	K	0.002	0.000	0.000	0.000	0.000
30	R	0.000	0.000	0.000	0.000	0.000
31	E	0.000	0.000	0.000	0.000	0.000
32	L	0.000	0.000	0.000	0.000	0.000
33	K	0.000	0.000	0.000	0.000	0.000
34	C	0.000	0.000	0.000	0.000	0.000
35	D	0.000	0.000	0.000	0.000	0.000
36	D	0.000	0.000	0.000	0.000	0.000
37	F	0.000	0.000	0.000	0.000	0.000
38	V	0.000	0.000	0.000	0.000	0.000
39	I	0.000	0.000	0.000	0.000	0.000
40	Y	0.000	0.000	0.000	0.000	0.000
>XP_001394632.2
pos	aa	C	S	n-reg	h-reg	c-reg
1	M	0.000	0.591	0.591	0.000	0.000
2	R	0.000	0.591	0.591	0.000	0.000
3	H	0.000	0.591	0.583	0.008	0.000
4	S	0.000	0.591	0.527	0.064	0.000
5	I	0.000	0.591	0.322	0.269	0.000
6	G	0.000	0.591	0.165	0.426	0.000
7	L	0.000	0.591	0.042	0.549	0.000
8	A	0.000	0.591	0.024	0.567	0.000
9	A	0.000	0.591	0.001	0.590	0.000
10	A	0.000	0.591	0.000	0.591	0.000
11	L	0.000	0.591	0.000	0.591	0.000
12	L	0.000	0.591	0.000	0.590	0.001
13	A	0.000	0.591	0.000	0.543	0.048
14	P	0.000	0.591	0.000	0.456	0.135
15	T	0.000	0.591	0.000	0.426	0.165
16	L	0.000	0.591	0.000	0.410	0.181
17	P	0.000	0.591	0.000	0.007	0.583
18	V	0.010	0.581	0.000	0.003	0.578
19	A	0.000	0.581	0.000	0.000	0.581
20	L	0.001	0.580	0.000	0.000	0.580
21	G	0.002	0.578	0.000	0.000	0.578
22	Q	0.578	0.001	0.000	0.000	0.001
23	Y	0.000	0.000	0.000	0.000	0.000
24	I	0.000	0.000	0.000	0.000	0.000
25	R	0.000	0.000	0.000	0.000	0.000
26	D	0.000	0.000	0.000	0.000	0.000
27	L	0.000	0.000	0.000	0.000	0.000
28	S	0.000	0.000	0.000	0.000	0.000
29	T	0.000	0.000	0.000	0.000	0.000
30	E	0.000	0.000	0.000	0.000	0.000
31	K	0.000	0.000	0.000	0.000	0.000
32	W	0.000	0.000	0.000	0.000	0.000
33	T	0.000	0.000	0.000	0.000	0.000
34	L	0.000	0.000	0.000	0.000	0.000
35	S	0.000	0.000	0.000	0.000	0.000
36	S	0.000	0.000	0.000	0.000	0.000
37	R	0.000	0.000	0.000	0.000	0.000
38	A	0.000	0.000	0.000	0.000	0.000
39	L	0.000	0.000	0.000	0.000	0.000
40	N	0.000	0.000	0.000	0.000	0.000
>XP_001394655.1
pos	aa	C	S	n-reg	h-reg	c-reg
1	M	0.000	0.998	0.998	0.000	0.000
2	T	0.000	0.998	0.998	0.000	0.000
3	V	0.000	0.998	0.747	0.251	0.000
4	L	0.000	0.998	0.434	0.564	0.000
5	S	0.000	0.998	0.348	0.651	0.000
6	L	0.000	0.998	0.081	0.917	0.000
7	L	0.000	0.998	0.018	0.980	0.000
8	T	0.000	0.998	0.009	0.990	0.000
9	L	0.000	0.998	0.001	0.997	0.000
10	L	0.000	0.998	0.000	0.998	0.000
11	F	0.000	0.998	0.000	0.996	0.002
12	V	0.000	0.998	0.000	0.977	0.021
13	V	0.000	0.998	0.000	0.961	0.037
14	A	0.000	0.998	0.000	0.829	0.169
15	L	0.001	0.997	0.000	0.619	0.378
16	S	0.001	0.997	0.000	0.259	0.738
17	S	0.026	0.970	0.000	0.056	0.914
18	F	0.004	0.966	0.000	0.036	0.931
19	T	0.000	0.966	0.000	0.001	0.966
20	S	0.020	0.946	0.000	0.000	0.946
21	A	0.011	0.935	0.000	0.000	0.935
22	T	0.387	0.548	0.000	0.000	0.548
23	S	0.030	0.518	0.000	0.000	0.518
24	D	0.514	0.004	0.000	0.000	0.004
25	Y	0.000	0.004	0.000	0.000	0.004
26	H	0.000	0.004	0.000	0.000	0.004
27	E	0.000	0.004	0.000	0.000	0.004
28	S	0.000	0.004	0.000	0.000	0.004
29	L	0.000	0.004	0.000	0.000	0.004
30	Y	0.000	0.004	0.000	0.000	0.004
31	L	0.000	0.004	0.000	0.000	0.004
32	Q	0.000	0.004	0.000	0.000	0.004
33	P	0.000	0.004	0.000	0.000	0.004
34	L	0.000	0.003	0.000	0.000	0.003
35	P	0.000	0.003	0.000	0.000	0.003
36	Q	0.000	0.003	0.000	0.000	0.003
37	S	0.000	0.003	0.000	0.000	0.003
38	S	0.000	0.003	0.000	0.000	0.003
39	L	0.000	0.003	0.000	0.000	0.003
40	L	0.000	0.003	0.000	0.000	0.003
>XP_001394671.1
pos	aa	C	S	n-reg	h-reg	c-reg
1	M	0.000	0.849	0.849	0.000	0.000
2	A	0.000	0.849	0.849	0.000	0.000
3	S	0.000	0.849	0.845	0.004	0.000
4	R	0.000	0.849	0.836	0.013	0.000
5	F	0.000	0.849	0.679	0.170	0.000
6	S	0.000	0.849	0.504	0.346	0.000
7	A	0.000	0.849	0.282	0.567	0.000
8	Q	0.000	0.849	0.268	0.582	0.000
9	L	0.000	0.849	0.225	0.625	0.000
10	L	0.000	0.849	0.215	0.635	0.000
11	V	0.000	0.849	0.214	0.635	0.000
12	P	0.000	0.849	0.214	0.628	0.007
13	L	0.000	0.849	0.214	0.619	0.016
14	A	0.000	0.849	0.214	0.483	0.152
15	R	0.000	0.849	0.214	0.133	0.503
16	S	0.000	0.849	0.214	0.101	0.535
17	S	0.014	0.836	0.214	0.084	0.537
18	V	0.002	0.834	0.214	0.017	0.603
19	R	0.000	0.834	0.214	0.002	0.618
20	C	0.000	0.834	0.211	0.004	0.619
21	R	0.033	0.801	0.210	0.005	0.587
22	A	0.000	0.801	0.141	0.073	0.587
23	A	0.567	0.234	0.089	0.125	0.020
24	S	0.012	0.222	0.058	0.156	0.008
25	T	0.006	0.217	0.032	0.182	0.002
26	P	0.000	0.217	0.003	0.211	0.002
27	V	0.000	0.216	0.000	0.214	0.002
28	F	0.000	0.216	0.000	0.214	0.002
29	S	0.000	0.216	0.000	0.214	0.003
30	V	0.001	0.216	0.000	0.212	0.003
31	L	0.000	0.216	0.000	0.203	0.013
32	A	0.000	0.216	0.000	0.145	0.071
33	G	0.002	0.214	0.000	0.119	0.096
34	R	0.000	0.214	0.000	0.003	0.211
35	H	0.000	0.214	0.000	0.001	0.213
36	A	0.000	0.214	0.000	0.001	0.213
37	I	0.054	0.160	0.000	0.001	0.159
38	A	0.000	0.160	0.000	0.000	0.160
39	T	0.146	0.014	0.000	0.000	0.014
40	P	0.001	0.013	0.000	0.000	0.013
>XP_001394678.1
pos	aa	C	S	n-reg	h-reg	c-reg
1	M	0.000	0.788	0.788	0.000	0.000
2	E	0.000	0.790	0.790	0.000	0.000
3	F	0.000	0.790	0.789	0.001	0.000
4	H	0.000	0.790	0.789	0.001	0.000
5	P	0.000	0.790	0.788	0.002	0.000
6	K	0.000	0.790	0.770	0.020	0.000
7	L	0.000	0.790	0.087	0.703	0.000
8	I	0.000	0.790	0.020	0.770	0.000
9	I	0.000	0.790	0.002	0.788	0.000
10	L	0.000	0.790	0.000	0.790	0.000
11	L	0.000	0.790	0.000	0.790	0.000
12	L	0.000	0.790	0.000	0.790	0.000
13	T	0.000	0.790	0.000	0.790	0.000
14	A	0.000	0.790	0.000	0.765	0.025
15	L	0.000	0.790	0.000	0.518	0.272
16	V	0.000	0.790	0.000	0.316	0.474
17	I	0.000	0.790	0.000	0.158	0.632
18	A	0.000	0.790	0.000	0.064	0.726
19	G	0.211	0.578	0.000	0.001	0.577
20	E	0.297	0.281	0.000	0.000	0.281
21	S	0.000	0.281	0.000	0.000	0.281
22	F	0.279	0.002	0.000	0.000	0.002
23	R	0.000	0.002	0.000	0.000	0.002
24	R	0.000	0.002	0.000	0.000	0.002
25	Y	0.000	0.002	0.000	0.000	0.002
26	L	0.000	0.002	0.000	0.000	0.002
27	K	0.002	0.000	0.000	0.000	0.000
28	R	0.000	0.000	0.000	0.000	0.000
29	R	0.000	0.000	0.000	0.000	0.000
30	Q	0.000	0.000	0.000	0.000	0.000
31	F	0.000	0.000	0.000	0.000	0.000
32	A	0.000	0.000	0.000	0.000	0.000
33	R	0.000	0.000	0.000	0.000	0.000
34	R	0.000	0.000	0.000	0.000	0.000
35	H	0.000	0.000	0.000	0.000	0.000
36	G	0.000	0.000	0.000	0.000	0.000
37	C	0.000	0.000	0.000	0.000	0.000
38	E	0.000	0.000	0.000	0.000	0.000
39	P	0.000	0.000	0.000	0.000	0.000
40	V	0.000	0.000	0.000	0.000	0.000
>XP_001394680.2
pos	aa	C	S	n-reg	h-reg	c-reg
1	M	0.000	0.151	0.151	0.000	0.000
2	L	0.000	0.420	0.420	0.000	0.000
3	Y	0.000	0.420	0.420	0.000	0.000
4	Y	0.000	0.420	0.420	0.000	0.000
5	E	0.000	0.420	0.420	0.000	0.000
6	G	0.000	0.420	0.420	0.000	0.000
7	H	0.000	0.420	0.420	0.000	0.000
8	G	0.000	0.420	0.420	0.000	0.000
9	I	0.000	0.420	0.420	0.000	0.000
10	T	0.000	0.420	0.420	0.000	0.000
11	S	0.000	0.420	0.420	0.000	0.000
12	T	0.000	0.420	0.419	0.001	0.000
13	A	0.000	0.420	0.419	0.001	0.000
14	K	0.000	0.420	0.419	0.001	0.000
15	A	0.000	0.420	0.265	0.155	0.000
16	I	0.000	0.420	0.140	0.280	0.000
17	I	0.000	0.420	0.089	0.331	0.000
18	I	0.000	0.420	0.064	0.356	0.000
19	V	0.000	0.420	0.054	0.366	0.000
20	T	0.000	0.420	0.049	0.370	0.000
21	T	0.000	0.420	0.034	0.385	0.000
22	I	0.000	0.420	0.010	0.410	0.000
23	L	0.000	0.420	0.004	0.410	0.006
24	G	0.000	0.420	0.003	0.405	0.012
25	V	0.000	0.420	0.001	0.405	0.014
26	L	0.000	0.420	0.000	0.397	0.022
27	A	0.000	0.419	0.000	0.385	0.034
28	I	0.011	0.406	0.000	0.358	0.048
29	F	0.000	0.400	0.000	0.330	0.070
30	A	0.000	0.387	0.000	0.298	0.088
31	V	0.009	0.361	0.000	0.278	0.083
32	A	0.000	0.320	0.000	0.232	0.088
33	L	0.041	0.231	0.000	0.153	0.077
34	R	0.005	0.085	0.000	0.000	0.085
35	V	0.000	0.085	0.000	0.000	0.085
36	Y	0.000	0.085	0.000	0.000	0.085
37	A	0.000	0.085	0.000	0.000	0.085
38	R	0.085	0.000	0.000	0.000	0.000
39	I	0.000	0.000	0.000	0.000	0.000
40	Y	0.000	0.000	0.000	0.000	0.000
>XP_001394681.1
pos	aa	C	S	n-reg	h-reg	c-reg
1	M	0.000	1.000	1.000	0.000	0.000
2	R	0.000	1.000	1.000	0.000	0.000
3	T	0.000	1.000	0.901	0.099	0.000
4	A	0.000	1.000	0.497	0.503	0.000
5	L	0.000	1.000	0.231	0.769	0.000
6	S	0.000	1.000	0.169	0.831	0.000
7	A	0.000	1.000	0.058	0.942	0.000
8	L	0.000	1.000	0.001	0.999	0.000
9	A	0.000	1.000	0.000	1.000	0.000
10	I	0.000	1.000	0.000	1.000	0.000
11	F	0.000	1.000	0.000	0.999	0.001
12	L	0.000	1.000	0.000	0.976	0.024
13	T	0.000	1.000	0.000	0.851	0.149
14	L	0.000	1.000	0.000	0.805	0.195
15	A	0.000	1.000	0.000	0.667	0.333
16	R	0.002	0.998	0.000	0.006	0.991
17	S	0.000	0.998	0.000	0.003	0.995
18	A	0.020	0.978	0.000	0.001	0.976
19	T	0.002	0.976	0.000	0.000	0.975
20	A	0.019	0.957	0.000	0.000	0.956
21	A	0.936	0.021	0.000	0.000	0.021
22	P	0.003	0.017	0.000	0.000	0.017
23	V	0.005	0.013	0.000	0.000	0.013
24	A	0.000	0.013	0.000	0.000	0.013
25	A	0.002	0.011	0.000	0.000	0.011
26	P	0.004	0.007	0.000	0.000	0.007
27	S	0.005	0.002	0.000	0.000	0.002
28	E	0.002	0.000	0.000	0.000	0.000
29	V	0.000	0.000	0.000	0.000	0.000
30	E	0.000	0.000	0.000	0.000	0.000
31	E	0.000	0.000	0.000	0.000	0.000
32	R	0.000	0.000	0.000	0.000	0.000
33	G	0.000	0.000	0.000	0.000	0.000
34	A	0.000	0.000	0.000	0.000	0.000
35	S	0.000	0.000	0.000	0.000	0.000
36	A	0.000	0.000	0.000	0.000	0.000
37	V	0.000	0.000	0.000	0.000	0.000
38	L	0.000	0.000	0.000	0.000	0.000
39	N	0.000	0.000	0.000	0.000	0.000
40	T	0.000	0.000	0.000	0.000	0.000
>XP_001394684.1
pos	aa	C	S	n-reg	h-reg	c-reg
1	M	0.000	0.119	0.119	0.000	0.000
2	A	0.000	0.119	0.119	0.000	0.000
3	M	0.000	0.119	0.119	0.001	0.000
4	G	0.000	0.119	0.118	0.001	0.000
5	R	0.000	0.119	0.117	0.002	0.000
6	L	0.000	0.119	0.025	0.094	0.000
7	S	0.000	0.119	0.009	0.110	0.000
8	L	0.000	0.119	0.005	0.115	0.000
9	A	0.000	0.119	0.004	0.115	0.000
10	S	0.000	0.119	0.003	0.116	0.000
11	A	0.000	0.119	0.002	0.117	0.000
12	P	0.000	0.119	0.002	0.117	0.000
13	F	0.000	0.119	0.001	0.117	0.001
14	L	0.000	0.119	0.001	0.076	0.042
15	R	0.000	0.119	0.001	0.018	0.100
16	P	0.000	0.119	0.001	0.015	0.103
17	L	0.001	0.118	0.000	0.012	0.106
18	V	0.000	0.118	0.000	0.009	0.109
19	L	0.000	0.118	0.000	0.005	0.113
20	R	0.012	0.106	0.000	0.002	0.104
21	S	0.000	0.106	0.000	0.002	0.104
22	H	0.096	0.010	0.000	0.001	0.009
23	V	0.000	0.010	0.000	0.001	0.009
24	V	0.000	0.010	0.000	0.001	0.009
25	S	0.000	0.010	0.000	0.000	0.009
26	P	0.001	0.009	0.000	0.000	0.009
27	I	0.008	0.001	0.000	0.000	0.001
28	P	0.000	0.001	0.000	0.000	0.001
29	K	0.000	0.001	0.000	0.000	0.001
30	A	0.000	0.001	0.000	0.000	0.001
31	R	0.000	0.001	0.000	0.000	0.001
32	T	0.000	0.001	0.000	0.000	0.001
33	P	0.001	0.000	0.000	0.000	0.000
34	P	0.000	0.000	0.000	0.000	0.000
35	R	0.000	0.000	0.000	0.000	0.000
36	C	0.000	0.000	0.000	0.000	0.000
37	G	0.000	0.000	0.000	0.000	0.000
38	F	0.000	0.000	0.000	0.000	0.000
39	A	0.000	0.000	0.000	0.000	0.000
40	S	0.000	0.000	0.000	0.000	0.000
>XP_001394685.1
pos	aa	C	S	n-reg	h-reg	c-reg
1	M	0.000	0.547	0.547	0.000	0.000
2	K	0.000	0.547	0.547	0.000	0.000
3	W	0.000	0.547	0.382	0.164	0.000
4	L	0.000	0.547	0.176	0.371	0.000
5	Q	0.000	0.547	0.158	0.388	0.000
6	L	0.000	0.547	0.002	0.544	0.000
7	L	0.000	0.547	0.000	0.546	0.000
8	S	0.000	0.547	0.000	0.546	0.000
9	L	0.000	0.547	0.000	0.547	0.000
10	A	0.000	0.547	0.000	0.546	0.000
11	L	0.000	0.547	0.000	0.499	0.048
12	H	0.000	0.547	0.000	0.315	0.232
13	V	0.000	0.547	0.000	0.280	0.267
14	D	0.000	0.547	0.000	0.011	0.536
15	S	0.000	0.547	0.000	0.007	0.540
16	T	0.011	0.536	0.000	0.004	0.532
17	A	0.022	0.514	0.000	0.002	0.512
18	A	0.048	0.466	0.000	0.000	0.465
19	V	0.331	0.135	0.000	0.000	0.135
20	S	0.000	0.135	0.000	0.000	0.135
21	S	0.050	0.084	0.000	0.000	0.084
22	S	0.046	0.039	0.000	0.000	0.039
23	T	0.035	0.004	0.000	0.000	0.004
24	E	0.003	0.001	0.000	0.000	0.001
25	S	0.000	0.001	0.000	0.000	0.001
26	M	0.001	0.000	0.000	0.000	0.000
27	K	0.000	0.000	0.000	0.000	0.000
28	E	0.000	0.000	0.000	0.000	0.000
29	V	0.000	0.000	0.000	0.000	0.000
30	L	0.000	0.000	0.000	0.000	0.000
31	A	0.000	0.000	0.000	0.000	0.000
32	P	0.000	0.000	0.000	0.000	0.000
33	V	0.000	0.000	0.000	0.000	0.000
34	K	0.000	0.000	0.000	0.000	0.000
35	Y	0.000	0.000	0.000	0.000	0.000
36	N	0.000	0.000	0.000	0.000	0.000
37	P	0.000	0.000	0.000	0.000	0.000
38	F	0.000	0.000	0.000	0.000	0.000
39	P	0.000	0.000	0.000	0.000	0.000
40	L	0.000	0.000	0.000	0.000	0.000
>XP_001394689.1
pos	aa	C	S	n-reg	h-reg	c-reg
1	M	0.000	1.000	1.000	0.000	0.000
2	A	0.000	1.000	1.000	0.000	0.000
3	Q	0.000	1.000	0.865	0.134	0.000
4	I	0.000	1.000	0.362	0.637	0.000
5	F	0.000	1.000	0.199	0.800	0.000
6	W	0.000	1.000	0.028	0.971	0.000
7	L	0.000	1.000	0.003	0.996	0.000
8	S	0.000	1.000	0.001	0.999	0.000
9	L	0.000	1.000	0.000	1.000	0.000
10	F	0.000	1.000	0.000	1.000	0.000
11	L	0.000	1.000	0.000	0.994	0.005
12	L	0.000	1.000	0.000	0.954	0.045
13	V	0.000	1.000	0.000	0.879	0.121
14	S	0.000	1.000	0.000	0.150	0.849
15	W	0.000	0.999	0.000	0.095	0.904
16	V	0.000	0.999	0.000	0.008	0.992
17	R	0.000	0.999	0.000	0.000	0.999
18	A	0.000	1.000	0.000	0.000	0.999
19	E	0.900	0.099	0.000	0.000	0.099
20	S	0.000	0.099	0.000	0.000	0.099
21	N	0.099	0.000	0.000	0.000	0.000
22	R	0.000	0.000	0.000	0.000	0.000
23	T	0.000	0.000	0.000	0.000	0.000
24	E	0.000	0.000	0.000	0.000	0.000
25	V	0.000	0.000	0.000	0.000	0.000
26	D	0.000	0.000	0.000	0.000	0.000
27	L	0.000	0.000	0.000	0.000	0.000
28	I	0.000	0.000	0.000	0.000	0.000
29	F	0.000	0.000	0.000	0.000	0.000
30	P	0.000	0.000	0.000	0.000	0.000
31	R	0.000	0.000	0.000	0.000	0.000
32	N	0.000	0.000	0.000	0.000	0.000
33	D	0.000	0.000	0.000	0.000	0.000
34	T	0.000	0.000	0.000	0.000	0.000
35	F	0.000	0.000	0.000	0.000	0.000
36	A	0.000	0.000	0.000	0.000	0.000
37	P	0.000	0.000	0.000	0.000	0.000
38	M	0.000	0.000	0.000	0.000	0.000
39	P	0.000	0.000	0.000	0.000	0.000
40	L	0.000	0.000	0.000	0.000	0.000
>XP_001394707.1
pos	aa	C	S	n-reg	h-reg	c-reg
1	M	0.000	0.163	0.163	0.000	0.000
2	T	0.000	0.163	0.163	0.000	0.000
3	P	0.000	0.163	0.159	0.004	0.000
4	P	0.000	0.163	0.144	0.019	0.000
5	I	0.000	0.163	0.076	0.088	0.000
6	L	0.000	0.163	0.010	0.153	0.000
7	I	0.000	0.163	0.003	0.160	0.000
8	I	0.000	0.163	0.002	0.162	0.000
9	G	0.000	0.163	0.001	0.162	0.000
10	A	0.000	0.163	0.001	0.163	0.000
11	G	0.000	0.163	0.000	0.162	0.001
12	L	0.000	0.163	0.000	0.160	0.004
13	S	0.000	0.163	0.000	0.145	0.018
14	G	0.000	0.163	0.000	0.061	0.102
15	L	0.001	0.163	0.000	0.056	0.106
16	T	0.000	0.162	0.000	0.039	0.124
17	V	0.003	0.159	0.000	0.025	0.134
18	S	0.000	0.159	0.000	0.002	0.157
19	R	0.102	0.057	0.000	0.001	0.056
20	I	0.000	0.057	0.000	0.000	0.057
21	L	0.000	0.057	0.000	0.000	0.057
22	T	0.001	0.056	0.000	0.000	0.056
23	N	0.019	0.037	0.000	0.000	0.037
24	A	0.000	0.037	0.000	0.000	0.037
25	S	0.035	0.002	0.000	0.000	0.002
26	I	0.002	0.000	0.000	0.000	0.000
27	P	0.000	0.000	0.000	0.000	0.000
28	N	0.000	0.000	0.000	0.000	0.000
29	I	0.000	0.000	0.000	0.000	0.000
30	V	0.000	0.000	0.000	0.000	0.000
31	F	0.000	0.000	0.000	0.000	0.000
32	E	0.000	0.000	0.000	0.000	0.000
33	A	0.000	0.000	0.000	0.000	0.000
34	S	0.000	0.000	0.000	0.000	0.000
35	T	0.000	0.000	0.000	0.000	0.000
36	P	0.000	0.000	0.000	0.000	0.000
37	D	0.000	0.000	0.000	0.000	0.000
38	R	0.000	0.000	0.000	0.000	0.000
39	S	0.000	0.000	0.000	0.000	0.000
40	Q	0.000	0.000	0.000	0.000	0.000
>XP_001394720.2
pos	aa	C	S	n-reg	h-reg	c-reg
1	M	0.000	0.329	0.329	0.000	0.000
2	L	0.000	0.335	0.335	0.000	0.000
3	T	0.000	0.335	0.335	0.000	0.000
4	R	0.000	0.335	0.335	0.000	0.000
5	P	0.000	0.335	0.324	0.011	0.000
6	T	0.000	0.335	0.223	0.112	0.000
7	A	0.000	0.335	0.116	0.219	0.000
8	I	0.000	0.335	0.047	0.288	0.000
9	L	0.000	0.335	0.015	0.321	0.000
10	I	0.000	0.335	0.007	0.328	0.000
11	F	0.000	0.335	0.004	0.331	0.000
12	S	0.000	0.335	0.003	0.332	0.000
13	L	0.000	0.335	0.001	0.333	0.001
14	V	0.000	0.335	0.001	0.313	0.022
15	F	0.000	0.335	0.001	0.294	0.041
16	L	0.000	0.335	0.001	0.214	0.120
17	N	0.004	0.331	0.001	0.116	0.214
18	L	0.000	0.331	0.001	0.103	0.227
19	Y	0.032	0.299	0.001	0.058	0.240
20	L	0.000	0.298	0.001	0.032	0.265
21	F	0.106	0.191	0.001	0.012	0.178
22	H	0.000	0.188	0.001	0.003	0.183
23	R	0.000	0.187	0.001	0.000	0.186
24	L	0.000	0.187	0.001	0.000	0.186
25	I	0.022	0.165	0.001	0.000	0.164
26	R	0.000	0.165	0.001	0.000	0.165
27	Q	0.000	0.165	0.001	0.000	0.165
28	P	0.072	0.093	0.001	0.000	0.092
29	V	0.017	0.076	0.000	0.001	0.075
30	V	0.000	0.076	0.000	0.001	0.075
31	P	0.000	0.076	0.000	0.001	0.075
32	L	0.046	0.031	0.000	0.001	0.030
33	S	0.009	0.022	0.000	0.001	0.021
34	P	0.001	0.021	0.000	0.001	0.020
35	T	0.011	0.010	0.000	0.001	0.009
36	I	0.004	0.006	0.000	0.001	0.005
37	V	0.000	0.006	0.000	0.001	0.005
38	P	0.000	0.006	0.000	0.000	0.006
39	T	0.001	0.005	0.000	0.000	0.005
40	P	0.000	0.005	0.000	0.000	0.005
>XP_001394739.2
pos	aa	C	S	n-reg	h-reg	c-reg
1	M	0.000	0.024	0.024	0.000	0.000
2	P	0.000	0.024	0.024	0.000	0.000
3	L	0.000	0.024	0.021	0.003	0.000
4	N	0.000	0.024	0.020	0.003	0.000
5	T	0.000	0.024	0.016	0.008	0.000
6	F	0.000	0.024	0.005	0.019	0.000
7	A	0.000	0.024	0.001	0.022	0.000
8	L	0.000	0.024	0.001	0.023	0.000
9	S	0.000	0.024	0.000	0.023	0.000
10	V	0.000	0.024	0.000	0.024	0.000
11	A	0.000	0.024	0.000	0.023	0.000
12	L	0.000	0.024	0.000	0.023	0.001
13	T	0.000	0.024	0.000	0.019	0.005
14	P	0.000	0.024	0.000	0.012	0.012
15	A	0.000	0.024	0.000	0.011	0.013
16	V	0.000	0.024	0.000	0.010	0.013
17	L	0.000	0.024	0.000	0.010	0.014
18	Q	0.003	0.020	0.000	0.000	0.020
19	T	0.006	0.014	0.000	0.000	0.014
20	L	0.003	0.011	0.000	0.000	0.011
21	I	0.000	0.011	0.000	0.000	0.011
22	S	0.000	0.011	0.000	0.000	0.011
23	H	0.011	0.000	0.000	0.000	0.000
24	Y	0.000	0.000	0.000	0.000	0.000
25	V	0.000	0.000	0.000	0.000	0.000
26	H	0.000	0.000	0.000	0.000	0.000
27	R	0.000	0.000	0.000	0.000	0.000
28	K	0.000	0.000	0.000	0.000	0.000
29	S	0.000	0.000	0.000	0.000	0.000
30	L	0.000	0.000	0.000	0.000	0.000
31	R	0.000	0.000	0.000	0.000	0.000
32	E	0.000	0.000	0.000	0.000	0.000
33	K	0.000	0.000	0.000	0.000	0.000
34	P	0.000	0.000	0.000	0.000	0.000
35	N	0.000	0.000	0.000	0.000	0.000
36	V	0.000	0.000	0.000	0.000	0.000
37	H	0.000	0.000	0.000	0.000	0.000
38	I	0.000	0.000	0.000	0.000	0.000
39	T	0.000	0.000	0.000	0.000	0.000
40	Y	0.000	0.000	0.000	0.000	0.000
>XP_001394764.1
pos	aa	C	S	n-reg	h-reg	c-reg
1	M	0.000	0.001	0.001	0.000	0.000
2	Y	0.000	0.001	0.001	0.000	0.000
3	L	0.000	0.001	0.001	0.000	0.000
4	D	0.000	0.001	0.001	0.000	0.000
5	F	0.000	0.001	0.001	0.000	0.000
6	T	0.000	0.001	0.001	0.000	0.000
7	K	0.000	0.001	0.001	0.000	0.000
8	S	0.000	0.001	0.001	0.000	0.000
9	L	0.000	0.001	0.000	0.001	0.000
10	G	0.000	0.001	0.000	0.001	0.000
11	I	0.000	0.001	0.000	0.001	0.000
12	G	0.000	0.001	0.000	0.001	0.000
13	S	0.000	0.001	0.000	0.001	0.000
14	L	0.000	0.001	0.000	0.001	0.000
15	T	0.000	0.001	0.000	0.001	0.000
16	T	0.000	0.001	0.000	0.001	0.000
17	M	0.000	0.001	0.000	0.001	0.000
18	L	0.000	0.001	0.000	0.001	0.000
19	L	0.000	0.001	0.000	0.001	0.000
20	S	0.000	0.001	0.000	0.000	0.001
21	A	0.000	0.001	0.000	0.000	0.001
22	F	0.000	0.001	0.000	0.000	0.000
23	T	0.000	0.001	0.000	0.000	0.000
24	P	0.000	0.000	0.000	0.000	0.000
25	R	0.000	0.000	0.000	0.000	0.000
26	E	0.000	0.000	0.000	0.000	0.000
27	R	0.000	0.000	0.000	0.000	0.000
28	A	0.000	0.000	0.000	0.000	0.000
29	L	0.000	0.000	0.000	0.000	0.000
30	V	0.000	0.000	0.000	0.000	0.000
31	V	0.000	0.000	0.000	0.000	0.000
32	H	0.000	0.000	0.000	0.000	0.000
33	Q	0.000	0.000	0.000	0.000	0.000
34	P	0.000	0.000	0.000	0.000	0.000
35	A	0.000	0.000	0.000	0.000	0.000
36	L	0.000	0.000	0.000	0.000	0.000
37	P	0.000	0.000	0.000	0.000	0.000
38	P	0.000	0.000	0.000	0.000	0.000
39	S	0.000	0.000	0.000	0.000	0.000
40	Y	0.000	0.000	0.000	0.000	0.000
>XP_001394775.1
pos	aa	C	S	n-reg	h-reg	c-reg
1	M	0.000	0.957	0.957	0.000	0.000
2	H	0.000	0.957	0.957	0.000	0.000
3	F	0.000	0.957	0.937	0.020	0.000
4	S	0.000	0.957	0.924	0.033	0.000
5	H	0.000	0.957	0.911	0.046	0.000
6	S	0.000	0.957	0.719	0.238	0.000
7	S	0.000	0.957	0.317	0.640	0.000
8	L	0.000	0.957	0.075	0.882	0.000
9	L	0.000	0.957	0.015	0.942	0.000
10	L	0.000	0.957	0.006	0.952	0.000
11	G	0.000	0.957	0.003	0.953	0.001
12	A	0.000	0.957	0.001	0.954	0.002
13	I	0.000	0.957	0.000	0.953	0.004
14	C	0.000	0.957	0.000	0.927	0.030
15	A	0.000	0.957	0.000	0.565	0.392
16	W	0.000	0.957	0.000	0.506	0.450
17	G	0.000	0.957	0.000	0.379	0.578
18	L	0.005	0.952	0.000	0.322	0.629
19	A	0.000	0.952	0.000	0.103	0.849
20	S	0.419	0.532	0.000	0.015	0.517
21	P	0.002	0.530	0.000	0.003	0.527
22	L	0.132	0.399	0.000	0.001	0.397
23	P	0.000	0.399	0.000	0.000	0.398
24	S	0.004	0.395	0.000	0.000	0.395
25	S	0.019	0.375	0.000	0.000	0.375
26	T	0.009	0.367	0.000	0.000	0.367
27	S	0.333	0.034	0.000	0.000	0.034
28	P	0.011	0.023	0.000	0.000	0.023
29	T	0.021	0.002	0.000	0.000	0.002
30	V	0.001	0.001	0.000	0.000	0.001
31	H	0.000	0.001	0.000	0.000	0.001
32	L	0.000	0.001	0.000	0.000	0.001
33	P	0.001	0.001	0.000	0.000	0.001
34	D	0.001	0.000	0.000	0.000	0.000
35	S	0.000	0.000	0.000	0.000	0.000
36	N	0.000	0.000	0.000	0.000	0.000
37	V	0.000	0.000	0.000	0.000	0.000
38	W	0.000	0.000	0.000	0.000	0.000
39	F	0.000	0.000	0.000	0.000	0.000
40	K	0.000	0.000	0.000	0.000	0.000
>XP_001394780.2
pos	aa	C	S	n-reg	h-reg	c-reg
1	M	0.000	0.995	0.995	0.000	0.000
2	Q	0.000	0.995	0.995	0.000	0.000
3	I	0.000	0.995	0.447	0.548	0.000
4	I	0.000	0.995	0.152	0.843	0.000
5	S	0.000	0.995	0.037	0.957	0.000
6	V	0.000	0.995	0.011	0.984	0.000
7	A	0.000	0.995	0.005	0.990	0.000
8	I	0.000	0.995	0.003	0.992	0.000
9	A	0.000	0.995	0.002	0.993	0.000
10	A	0.000	0.995	0.001	0.993	0.000
11	L	0.000	0.995	0.000	0.972	0.023
12	L	0.000	0.995	0.000	0.925	0.070
13	T	0.000	0.995	0.000	0.103	0.892
14	T	0.000	0.995	0.000	0.035	0.959
15	A	0.000	0.994	0.000	0.014	0.980
16	S	0.025	0.970	0.000	0.012	0.957
17	A	0.021	0.948	0.000	0.012	0.937
18	I	0.930	0.018	0.000	0.009	0.009
19	R	0.000	0.018	0.000	0.002	0.016
20	I	0.000	0.018	0.000	0.002	0.017
21	I	0.000	0.018	0.000	0.001	0.017
22	K	0.000	0.018	0.000	0.000	0.018
23	P	0.000	0.018	0.000	0.000	0.018
24	A	0.003	0.015	0.000	0.000	0.015
25	A	0.000	0.015	0.000	0.000	0.015
26	G	0.000	0.014	0.000	0.000	0.014
27	D	0.014	0.000	0.000	0.000	0.000
28	T	0.000	0.000	0.000	0.000	0.000
29	V	0.000	0.000	0.000	0.000	0.000
30	H	0.000	0.000	0.000	0.000	0.000
31	C	0.000	0.000	0.000	0.000	0.000
32	N	0.000	0.000	0.000	0.000	0.000
33	Q	0.000	0.000	0.000	0.000	0.000
34	P	0.000	0.000	0.000	0.000	0.000
35	W	0.000	0.000	0.000	0.000	0.000
36	Q	0.000	0.000	0.000	0.000	0.000
37	V	0.000	0.000	0.000	0.000	0.000
38	C	0.000	0.000	0.000	0.000	0.000
39	W	0.000	0.000	0.000	0.000	0.000
40	T	0.000	0.000	0.000	0.000	0.000
>XP_001394782.1
pos	aa	C	S	n-reg	h-reg	c-reg
1	M	0.000	0.997	0.997	0.000	0.000
2	Q	0.000	0.997	0.997	0.000	0.000
3	V	0.000	0.997	0.448	0.549	0.000
4	I	0.000	0.997	0.143	0.854	0.000
5	I	0.000	0.997	0.071	0.926	0.000
6	F	0.000	0.997	0.020	0.977	0.000
7	L	0.000	0.997	0.001	0.996	0.000
8	C	0.000	0.997	0.000	0.997	0.000
9	T	0.000	0.997	0.000	0.997	0.000
10	F	0.000	0.997	0.000	0.997	0.000
11	I	0.000	0.997	0.000	0.991	0.007
12	A	0.000	0.997	0.000	0.966	0.032
13	L	0.000	0.997	0.000	0.939	0.058
14	A	0.000	0.997	0.000	0.648	0.350
15	S	0.007	0.990	0.000	0.132	0.858
16	Q	0.004	0.985	0.000	0.004	0.981
17	P	0.001	0.984	0.000	0.001	0.983
18	V	0.002	0.982	0.000	0.000	0.982
19	I	0.000	0.982	0.000	0.000	0.982
20	A	0.000	0.982	0.000	0.000	0.982
21	W	0.177	0.805	0.000	0.000	0.805
22	G	0.000	0.805	0.000	0.000	0.805
23	D	0.805	0.000	0.000	0.000	0.000
24	V	0.000	0.000	0.000	0.000	0.000
25	G	0.000	0.000	0.000	0.000	0.000
26	H	0.000	0.000	0.000	0.000	0.000
27	R	0.000	0.000	0.000	0.000	0.000
28	A	0.000	0.000	0.000	0.000	0.000
29	I	0.000	0.000	0.000	0.000	0.000
30	A	0.000	0.000	0.000	0.000	0.000
31	Y	0.000	0.000	0.000	0.000	0.000
32	L	0.000	0.000	0.000	0.000	0.000
33	A	0.000	0.000	0.000	0.000	0.000
34	E	0.000	0.000	0.000	0.000	0.000
35	K	0.000	0.000	0.000	0.000	0.000
36	Y	0.000	0.000	0.000	0.000	0.000
37	L	0.000	0.000	0.000	0.000	0.000
38	T	0.000	0.000	0.000	0.000	0.000
39	V	0.000	0.000	0.000	0.000	0.000
40	A	0.000	0.000	0.000	0.000	0.000
>XP_001394810.1
pos	aa	C	S	n-reg	h-reg	c-reg
1	M	0.000	0.278	0.278	0.000	0.000
2	H	0.000	0.278	0.278	0.000	0.000
3	S	0.000	0.278	0.278	0.000	0.000
4	S	0.000	0.278	0.278	0.000	0.000
5	W	0.000	0.278	0.278	0.000	0.000
6	T	0.000	0.278	0.278	0.000	0.000
7	P	0.000	0.278	0.278	0.000	0.000
8	P	0.000	0.278	0.278	0.000	0.000
9	P	0.000	0.278	0.277	0.001	0.000
10	I	0.000	0.278	0.275	0.003	0.000
11	G	0.000	0.278	0.275	0.003	0.000
12	S	0.000	0.278	0.273	0.005	0.000
13	R	0.000	0.278	0.272	0.006	0.000
14	P	0.000	0.278	0.225	0.053	0.000
15	L	0.000	0.278	0.065	0.213	0.000
16	A	0.000	0.278	0.022	0.256	0.000
17	L	0.000	0.278	0.002	0.276	0.000
18	L	0.000	0.278	0.001	0.276	0.000
19	G	0.000	0.278	0.001	0.276	0.001
20	A	0.000	0.278	0.001	0.273	0.004
21	G	0.000	0.278	0.001	0.272	0.004
22	V	0.000	0.278	0.001	0.271	0.006
23	L	0.000	0.278	0.001	0.266	0.011
24	G	0.000	0.278	0.001	0.145	0.132
25	R	0.005	0.272	0.001	0.012	0.259
26	R	0.000	0.272	0.001	0.003	0.268
27	I	0.000	0.272	0.000	0.003	0.269
28	A	0.000	0.272	0.000	0.001	0.271
29	C	0.022	0.251	0.000	0.001	0.249
30	V	0.013	0.238	0.000	0.001	0.237
31	F	0.000	0.238	0.000	0.001	0.237
32	A	0.000	0.238	0.000	0.001	0.237
33	A	0.233	0.005	0.000	0.001	0.004
34	A	0.001	0.004	0.000	0.001	0.003
35	G	0.001	0.003	0.000	0.001	0.002
36	Y	0.002	0.001	0.000	0.000	0.001
37	N	0.000	0.001	0.000	0.000	0.001
38	V	0.000	0.001	0.000	0.000	0.001
39	N	0.000	0.001	0.000	0.000	0.001
40	L	0.000	0.001	0.000	0.000	0.001
>XP_001394841.2
pos	aa	C	S	n-reg	h-reg	c-reg
1	M	0.000	0.007	0.007	0.000	0.000
2	E	0.000	0.013	0.013	0.000	0.000
3	L	0.000	0.013	0.013	0.000	0.000
4	K	0.000	0.013	0.013	0.000	0.000
5	V	0.000	0.013	0.013	0.000	0.000
6	D	0.000	0.013	0.013	0.000	0.000
7	V	0.000	0.013	0.013	0.000	0.000
8	K	0.000	0.013	0.013	0.000	0.000
9	E	0.000	0.013	0.013	0.000	0.000
10	H	0.000	0.013	0.013	0.000	0.000
11	G	0.000	0.013	0.013	0.000	0.000
12	N	0.000	0.013	0.013	0.000	0.000
13	P	0.000	0.013	0.013	0.000	0.000
14	L	0.000	0.013	0.011	0.002	0.000
15	S	0.000	0.013	0.011	0.003	0.000
16	L	0.000	0.013	0.009	0.004	0.000
17	G	0.000	0.013	0.008	0.005	0.000
18	T	0.000	0.013	0.008	0.006	0.000
19	S	0.000	0.013	0.006	0.007	0.000
20	I	0.000	0.013	0.002	0.012	0.000
21	I	0.000	0.013	0.000	0.013	0.000
22	L	0.000	0.013	0.000	0.013	0.000
23	L	0.000	0.013	0.000	0.013	0.000
24	S	0.000	0.013	0.000	0.013	0.000
25	L	0.000	0.013	0.000	0.013	0.000
26	V	0.000	0.013	0.000	0.013	0.000
27	L	0.000	0.013	0.000	0.013	0.000
28	I	0.000	0.013	0.000	0.013	0.000
29	F	0.000	0.013	0.000	0.012	0.000
30	L	0.000	0.013	0.000	0.012	0.001
31	L	0.000	0.011	0.000	0.008	0.003
32	R	0.000	0.006	0.000	0.000	0.006
33	W	0.000	0.006	0.000	0.000	0.006
34	K	0.000	0.006	0.000	0.000	0.006
35	D	0.000	0.006	0.000	0.000	0.006
36	T	0.000	0.006	0.000	0.000	0.006
37	P	0.000	0.006	0.000	0.000	0.006
38	A	0.000	0.006	0.000	0.000	0.006
39	S	0.005	0.001	0.000	0.000	0.001
40	Q	0.000	0.001	0.000	0.000	0.001
>XP_001394852.1
pos	aa	C	S	n-reg	h-reg	c-reg
1	M	0.000	0.000	0.000	0.000	0.000
2	S	0.000	0.000	0.000	0.000	0.000
3	S	0.000	0.000	0.000	0.000	0.000
4	R	0.000	0.000	0.000	0.000	0.000
5	R	0.000	0.000	0.000	0.000	0.000
6	L	0.000	0.000	0.000	0.000	0.000
7	S	0.000	0.000	0.000	0.000	0.000
8	S	0.000	0.000	0.000	0.000	0.000
9	R	0.000	0.000	0.000	0.000	0.000
10	D	0.000	0.000	0.000	0.000	0.000
11	Y	0.000	0.000	0.000	0.000	0.000
12	K	0.000	0.000	0.000	0.000	0.000
13	V	0.000	0.000	0.000	0.000	0.000
14	A	0.000	0.000	0.000	0.000	0.000
15	W	0.000	0.000	0.000	0.000	0.000
16	I	0.000	0.000	0.000	0.000	0.000
17	C	0.000	0.000	0.000	0.000	0.000
18	A	0.000	0.000	0.000	0.000	0.000
19	L	0.000	0.000	0.000	0.000	0.000
20	P	0.000	0.000	0.000	0.000	0.000
21	I	0.000	0.000	0.000	0.000	0.000
22	E	0.000	0.000	0.000	0.000	0.000
23	L	0.000	0.000	0.000	0.000	0.000
24	A	0.000	0.000	0.000	0.000	0.000
25	A	0.000	0.000	0.000	0.000	0.000
26	A	0.000	0.000	0.000	0.000	0.000
27	K	0.000	0.000	0.000	0.000	0.000
28	S	0.000	0.000	0.000	0.000	0.000
29	L	0.000	0.000	0.000	0.000	0.000
30	L	0.000	0.000	0.000	0.000	0.000
31	D	0.000	0.000	0.000	0.000	0.000
32	D	0.000	0.000	0.000	0.000	0.000
33	V	0.000	0.000	0.000	0.000	0.000
34	H	0.000	0.000	0.000	0.000	0.000
35	E	0.000	0.000	0.000	0.000	0.000
36	S	0.000	0.000	0.000	0.000	0.000
37	P	0.000	0.000	0.000	0.000	0.000
38	P	0.000	0.000	0.000	0.000	0.000
39	Q	0.000	0.000	0.000	0.000	0.000
40	P	0.000	0.000	0.000	0.000	0.000
>XP_001394863.1
pos	aa	C	S	n-reg	h-reg	c-reg
1	M	0.000	0.242	0.242	0.000	0.000
2	S	0.000	0.242	0.242	0.000	0.000
3	D	0.000	0.242	0.242	0.000	0.000
4	S	0.000	0.242	0.242	0.000	0.000
5	R	0.000	0.242	0.242	0.000	0.000
6	V	0.000	0.242	0.242	0.000	0.000
7	H	0.000	0.242	0.241	0.000	0.000
8	P	0.000	0.242	0.241	0.001	0.000
9	S	0.000	0.242	0.237	0.005	0.000
10	R	0.000	0.242	0.234	0.008	0.000
11	T	0.000	0.242	0.132	0.110	0.000
12	I	0.000	0.242	0.004	0.238	0.000
13	L	0.000	0.242	0.001	0.241	0.000
14	L	0.000	0.242	0.000	0.242	0.000
15	V	0.000	0.242	0.000	0.242	0.000
16	V	0.000	0.242	0.000	0.242	0.000
17	T	0.000	0.242	0.000	0.240	0.002
18	T	0.000	0.242	0.000	0.237	0.005
19	G	0.000	0.242	0.000	0.218	0.024
20	G	0.000	0.242	0.000	0.019	0.223
21	F	0.000	0.242	0.000	0.013	0.229
22	T	0.000	0.242	0.000	0.001	0.241
23	H	0.002	0.240	0.000	0.000	0.240
24	A	0.000	0.240	0.000	0.000	0.240
25	T	0.235	0.004	0.000	0.000	0.004
26	P	0.000	0.004	0.000	0.000	0.004
27	V	0.002	0.003	0.000	0.000	0.003
28	L	0.000	0.003	0.000	0.000	0.003
29	E	0.000	0.003	0.000	0.000	0.003
30	I	0.000	0.003	0.000	0.000	0.003
31	G	0.000	0.003	0.000	0.000	0.003
32	R	0.000	0.003	0.000	0.000	0.003
33	A	0.000	0.003	0.000	0.000	0.003
34	L	0.000	0.003	0.000	0.000	0.003
35	A	0.000	0.003	0.000	0.000	0.003
36	E	0.003	0.000	0.000	0.000	0.000
37	R	0.000	0.000	0.000	0.000	0.000
38	G	0.000	0.000	0.000	0.000	0.000
39	H	0.000	0.000	0.000	0.000	0.000
40	G	0.000	0.000	0.000	0.000	0.000
>XP_001394875.1
pos	aa	C	S	n-reg	h-reg	c-reg
1	M	0.000	0.977	0.977	0.000	0.000
2	T	0.000	0.977	0.977	0.000	0.000
3	S	0.000	0.977	0.964	0.013	0.000
4	S	0.000	0.977	0.917	0.060	0.000
5	T	0.000	0.977	0.862	0.115	0.000
6	L	0.000	0.977	0.740	0.237	0.000
7	R	0.000	0.977	0.709	0.269	0.000
8	L	0.000	0.977	0.108	0.869	0.000
9	A	0.000	0.977	0.049	0.928	0.000
10	V	0.000	0.977	0.006	0.971	0.000
11	A	0.000	0.977	0.001	0.976	0.000
12	L	0.000	0.977	0.000	0.975	0.002
13	A	0.000	0.977	0.000	0.965	0.013
14	L	0.000	0.977	0.000	0.948	0.029
15	S	0.000	0.977	0.000	0.843	0.135
16	T	0.000	0.977	0.000	0.355	0.622
17	C	0.000	0.977	0.000	0.297	0.680
18	S	0.002	0.975	0.000	0.108	0.867
19	S	0.003	0.972	0.000	0.023	0.948
20	A	0.069	0.902	0.000	0.003	0.899
21	L	0.462	0.440	0.000	0.001	0.439
22	S	0.004	0.437	0.000	0.000	0.436
23	S	0.233	0.204	0.000	0.000	0.203
24	Q	0.153	0.050	0.000	0.000	0.050
25	R	0.047	0.004	0.000	0.000	0.004
26	D	0.000	0.004	0.000	0.000	0.004
27	D	0.000	0.004	0.000	0.000	0.004
28	S	0.000	0.004	0.000	0.000	0.004
29	L	0.002	0.001	0.000	0.000	0.001
30	V	0.000	0.001	0.000	0.000	0.001
31	V	0.000	0.001	0.000	0.000	0.001
32	P	0.000	0.001	0.000	0.000	0.001
33	F	0.001	0.000	0.000	0.000	0.000
34	P	0.000	0.000	0.000	0.000	0.000
35	F	0.000	0.000	0.000	0.000	0.000
36	G	0.000	0.000	0.000	0.000	0.000
37	N	0.000	0.000	0.000	0.000	0.000
38	L	0.000	0.000	0.000	0.000	0.000
39	E	0.000	0.000	0.000	0.000	0.000
40	D	0.000	0.000	0.000	0.000	0.000
>XP_001394877.1
pos	aa	C	S	n-reg	h-reg	c-reg
1	M	0.000	0.912	0.912	0.000	0.000
2	L	0.000	0.912	0.912	0.000	0.000
3	S	0.000	0.912	0.809	0.103	0.000
4	L	0.000	0.912	0.677	0.235	0.000
5	N	0.000	0.912	0.650	0.262	0.000
6	I	0.000	0.912	0.154	0.759	0.000
7	L	0.000	0.912	0.106	0.806	0.000
8	P	0.000	0.912	0.093	0.820	0.000
9	L	0.000	0.912	0.026	0.886	0.000
10	A	0.000	0.912	0.018	0.894	0.000
11	S	0.000	0.912	0.012	0.881	0.019
12	L	0.000	0.912	0.000	0.881	0.032
13	I	0.000	0.912	0.000	0.859	0.054
14	G	0.000	0.912	0.000	0.288	0.625
15	L	0.000	0.912	0.000	0.265	0.648
16	S	0.000	0.912	0.000	0.168	0.744
17	L	0.004	0.908	0.000	0.152	0.756
18	A	0.002	0.907	0.000	0.103	0.803
19	L	0.655	0.251	0.000	0.097	0.154
20	P	0.000	0.251	0.000	0.002	0.249
21	K	0.074	0.177	0.000	0.000	0.177
22	A	0.000	0.177	0.000	0.000	0.177
23	R	0.034	0.143	0.000	0.000	0.143
24	S	0.000	0.143	0.000	0.000	0.143
25	P	0.132	0.011	0.000	0.000	0.011
26	K	0.010	0.000	0.000	0.000	0.000
27	L	0.000	0.000	0.000	0.000	0.000
28	D	0.000	0.000	0.000	0.000	0.000
29	P	0.000	0.000	0.000	0.000	0.000
30	N	0.000	0.000	0.000	0.000	0.000
31	P	0.000	0.000	0.000	0.000	0.000
32	I	0.000	0.000	0.000	0.000	0.000
33	P	0.000	0.000	0.000	0.000	0.000
34	G	0.000	0.000	0.000	0.000	0.000
35	E	0.000	0.000	0.000	0.000	0.000
36	S	0.000	0.000	0.000	0.000	0.000
37	P	0.000	0.000	0.000	0.000	0.000
38	L	0.000	0.000	0.000	0.000	0.000
39	F	0.000	0.000	0.000	0.000	0.000
40	A	0.000	0.000	0.000	0.000	0.000
>XP_001394882.1
pos	aa	C	S	n-reg	h-reg	c-reg
1	M	0.000	0.977	0.977	0.000	0.000
2	M	0.000	0.977	0.977	0.000	0.000
3	R	0.000	0.977	0.975	0.002	0.000
4	P	0.000	0.977	0.802	0.175	0.000
5	I	0.000	0.977	0.412	0.565	0.000
6	L	0.000	0.977	0.090	0.887	0.000
7	L	0.000	0.977	0.002	0.975	0.000
8	P	0.000	0.977	0.001	0.976	0.000
9	L	0.000	0.977	0.000	0.977	0.000
10	L	0.000	0.977	0.000	0.977	0.000
11	G	0.000	0.977	0.000	0.977	0.000
12	V	0.000	0.977	0.000	0.975	0.003
13	F	0.000	0.977	0.000	0.945	0.033
14	L	0.000	0.977	0.000	0.862	0.115
15	Q	0.000	0.977	0.000	0.067	0.910
16	T	0.000	0.977	0.000	0.009	0.968
17	S	0.001	0.976	0.000	0.003	0.973
18	S	0.000	0.976	0.000	0.000	0.976
19	A	0.079	0.897	0.000	0.000	0.897
20	S	0.796	0.101	0.000	0.000	0.101
21	N	0.080	0.022	0.000	0.000	0.022
22	P	0.000	0.022	0.000	0.000	0.022
23	Y	0.013	0.009	0.000	0.000	0.009
24	V	0.000	0.009	0.000	0.000	0.009
25	M	0.000	0.009	0.000	0.000	0.009
26	S	0.000	0.009	0.000	0.000	0.009
27	W	0.005	0.004	0.000	0.000	0.004
28	S	0.000	0.004	0.000	0.000	0.004
29	S	0.000	0.004	0.000	0.000	0.004
30	Q	0.000	0.003	0.000	0.000	0.003
31	A	0.000	0.003	0.000	0.000	0.003
32	Y	0.002	0.001	0.000	0.000	0.001
33	G	0.000	0.001	0.000	0.000	0.001
34	P	0.001	0.000	0.000	0.000	0.000
35	D	0.000	0.000	0.000	0.000	0.000
36	G	0.000	0.000	0.000	0.000	0.000
37	P	0.000	0.000	0.000	0.000	0.000
38	W	0.000	0.000	0.000	0.000	0.000
39	Q	0.000	0.000	0.000	0.000	0.000
40	A	0.000	0.000	0.000	0.000	0.000
>XP_001394897.1
pos	aa	C	S	n-reg	h-reg	c-reg
1	M	0.000	0.313	0.313	0.000	0.000
2	S	0.000	0.313	0.313	0.000	0.000
3	L	0.000	0.313	0.310	0.003	0.000
4	A	0.000	0.313	0.309	0.004	0.000
5	R	0.000	0.313	0.309	0.004	0.000
6	A	0.000	0.313	0.290	0.024	0.000
7	G	0.000	0.313	0.279	0.034	0.000
8	R	0.000	0.313	0.270	0.043	0.000
9	F	0.000	0.313	0.132	0.182	0.000
10	A	0.000	0.313	0.071	0.242	0.000
11	C	0.000	0.313	0.019	0.293	0.001
12	L	0.000	0.313	0.018	0.294	0.001
13	R	0.000	0.313	0.018	0.292	0.003
14	A	0.000	0.313	0.017	0.282	0.014
15	G	0.000	0.313	0.017	0.273	0.023
16	R	0.000	0.313	0.017	0.258	0.039
17	L	0.000	0.313	0.008	0.253	0.052
18	A	0.001	0.312	0.005	0.226	0.080
19	T	0.014	0.299	0.004	0.027	0.267
20	P	0.000	0.299	0.004	0.016	0.279
21	V	0.001	0.297	0.000	0.018	0.279
22	N	0.000	0.297	0.000	0.017	0.280
23	A	0.000	0.297	0.000	0.017	0.280
24	R	0.279	0.019	0.000	0.017	0.002
25	F	0.000	0.019	0.000	0.016	0.003
26	V	0.000	0.019	0.000	0.015	0.004
27	S	0.000	0.019	0.000	0.010	0.008
28	T	0.000	0.019	0.000	0.009	0.009
29	G	0.001	0.018	0.000	0.001	0.017
30	T	0.001	0.017	0.000	0.000	0.017
31	G	0.000	0.017	0.000	0.000	0.017
32	R	0.005	0.012	0.000	0.000	0.012
33	G	0.000	0.012	0.000	0.000	0.012
34	D	0.012	0.000	0.000	0.000	0.000
35	P	0.000	0.000	0.000	0.000	0.000
36	S	0.000	0.000	0.000	0.000	0.000
37	R	0.000	0.000	0.000	0.000	0.000
38	T	0.000	0.000	0.000	0.000	0.000
39	S	0.000	0.000	0.000	0.000	0.000
40	S	0.000	0.000	0.000	0.000	0.000
