>XP_001394979.2
pos	aa	C	S	n-reg	h-reg	c-reg
1	M	0.000	0.036	0.036	0.000	0.000
2	S	0.000	0.036	0.036	0.000	0.000
3	R	0.000	0.036	0.036	0.000	0.000
4	Y	0.000	0.036	0.036	0.000	0.000
5	L	0.000	0.036	0.036	0.000	0.000
6	T	0.000	0.036	0.035	0.000	0.000
7	P	0.000	0.036	0.035	0.000	0.000
8	S	0.000	0.036	0.035	0.000	0.000
9	K	0.000	0.036	0.035	0.001	0.000
10	I	0.000	0.036	0.006	0.030	0.000
11	A	0.000	0.036	0.001	0.034	0.000
12	L	0.000	0.036	0.000	0.035	0.000
13	L	0.000	0.036	0.000	0.036	0.000
14	C	0.000	0.036	0.000	0.036	0.000
15	L	0.000	0.036	0.000	0.036	0.000
16	I	0.000	0.036	0.000	0.035	0.000
17	S	0.000	0.036	0.000	0.035	0.000
18	I	0.000	0.036	0.000	0.017	0.019
19	Y	0.000	0.036	0.000	0.007	0.028
20	T	0.000	0.036	0.000	0.005	0.031
21	E	0.001	0.034	0.000	0.000	0.034
22	G	0.000	0.034	0.000	0.000	0.034
23	V	0.029	0.006	0.000	0.000	0.006
24	V	0.000	0.006	0.000	0.000	0.006
25	P	0.000	0.006	0.000	0.000	0.006
26	N	0.002	0.004	0.000	0.000	0.004
27	S	0.000	0.004	0.000	0.000	0.004
28	S	0.000	0.004	0.000	0.000	0.004
29	A	0.001	0.003	0.000	0.000	0.003
30	I	0.003	0.000	0.000	0.000	0.000
31	H	0.000	0.000	0.000	0.000	0.000
32	V	0.000	0.000	0.000	0.000	0.000
33	L	0.000	0.000	0.000	0.000	0.000
34	S	0.000	0.000	0.000	0.000	0.000
35	Y	0.000	0.000	0.000	0.000	0.000
36	L	0.000	0.000	0.000	0.000	0.000
37	V	0.000	0.000	0.000	0.000	0.000
38	A	0.000	0.000	0.000	0.000	0.000
39	C	0.000	0.000	0.000	0.000	0.000
40	L	0.000	0.000	0.000	0.000	0.000
>XP_001394983.1
pos	aa	C	S	n-reg	h-reg	c-reg
1	M	0.000	0.928	0.928	0.000	0.000
2	F	0.000	0.950	0.950	0.000	0.000
3	T	0.000	0.950	0.950	0.000	0.000
4	R	0.000	0.950	0.950	0.000	0.000
5	T	0.000	0.950	0.950	0.000	0.000
6	P	0.000	0.950	0.950	0.000	0.000
7	K	0.000	0.950	0.949	0.001	0.000
8	V	0.000	0.950	0.885	0.065	0.000
9	L	0.000	0.950	0.828	0.122	0.000
10	R	0.000	0.950	0.818	0.132	0.000
11	A	0.000	0.950	0.516	0.434	0.000
12	F	0.000	0.950	0.236	0.714	0.000
13	F	0.000	0.950	0.082	0.868	0.000
14	L	0.000	0.950	0.045	0.905	0.000
15	V	0.000	0.950	0.030	0.920	0.000
16	A	0.000	0.950	0.025	0.908	0.017
17	S	0.000	0.950	0.020	0.858	0.071
18	T	0.000	0.950	0.011	0.862	0.077
19	L	0.000	0.950	0.001	0.859	0.090
20	L	0.000	0.950	0.000	0.830	0.119
21	G	0.010	0.939	0.000	0.360	0.579
22	F	0.059	0.880	0.000	0.275	0.605
23	V	0.000	0.880	0.000	0.195	0.685
24	T	0.000	0.878	0.000	0.108	0.770
25	L	0.001	0.875	0.000	0.081	0.794
26	L	0.512	0.359	0.000	0.057	0.302
27	R	0.117	0.228	0.000	0.017	0.211
28	L	0.000	0.228	0.000	0.016	0.212
29	P	0.087	0.141	0.000	0.007	0.134
30	K	0.036	0.104	0.000	0.000	0.104
31	H	0.000	0.104	0.000	0.000	0.104
32	P	0.000	0.104	0.000	0.000	0.104
33	N	0.004	0.100	0.000	0.000	0.100
34	A	0.000	0.100	0.000	0.000	0.100
35	A	0.027	0.073	0.000	0.000	0.073
36	R	0.006	0.067	0.000	0.000	0.067
37	G	0.000	0.067	0.000	0.000	0.067
38	S	0.066	0.001	0.000	0.000	0.001
39	D	0.000	0.001	0.000	0.000	0.001
40	P	0.000	0.001	0.000	0.000	0.001
>XP_001394990.2
pos	aa	C	S	n-reg	h-reg	c-reg
1	M	0.000	0.116	0.116	0.000	0.000
2	G	0.000	0.116	0.116	0.000	0.000
3	S	0.000	0.116	0.116	0.000	0.000
4	Y	0.000	0.116	0.115	0.001	0.000
5	A	0.000	0.116	0.109	0.007	0.000
6	S	0.000	0.116	0.098	0.018	0.000
7	F	0.000	0.116	0.074	0.043	0.000
8	L	0.000	0.116	0.042	0.075	0.000
9	F	0.000	0.116	0.032	0.085	0.000
10	I	0.000	0.116	0.029	0.087	0.000
11	Y	0.000	0.116	0.028	0.088	0.000
12	V	0.000	0.116	0.024	0.092	0.000
13	L	0.000	0.116	0.023	0.093	0.000
14	G	0.000	0.116	0.023	0.092	0.001
15	G	0.000	0.116	0.023	0.092	0.002
16	L	0.000	0.116	0.021	0.089	0.006
17	T	0.000	0.116	0.020	0.071	0.025
18	F	0.000	0.116	0.019	0.065	0.032
19	L	0.000	0.116	0.016	0.061	0.039
20	P	0.000	0.116	0.015	0.013	0.088
21	L	0.000	0.116	0.006	0.021	0.088
22	V	0.000	0.116	0.003	0.024	0.089
23	L	0.000	0.116	0.001	0.026	0.089
24	S	0.000	0.115	0.001	0.022	0.093
25	L	0.084	0.031	0.000	0.023	0.009
26	V	0.002	0.030	0.000	0.022	0.007
27	Y	0.000	0.030	0.000	0.022	0.008
28	L	0.000	0.030	0.000	0.021	0.009
29	F	0.005	0.025	0.000	0.020	0.005
30	V	0.000	0.025	0.000	0.019	0.006
31	Y	0.000	0.025	0.000	0.014	0.010
32	L	0.000	0.025	0.000	0.012	0.013
33	T	0.001	0.024	0.000	0.004	0.020
34	L	0.000	0.024	0.000	0.003	0.021
35	P	0.000	0.024	0.000	0.000	0.024
36	T	0.002	0.021	0.000	0.000	0.021
37	A	0.000	0.021	0.000	0.000	0.021
38	A	0.007	0.014	0.000	0.000	0.014
39	P	0.003	0.011	0.000	0.000	0.011
40	S	0.008	0.003	0.000	0.000	0.003
>XP_001395016.2
pos	aa	C	S	n-reg	h-reg	c-reg
1	M	0.000	0.352	0.352	0.000	0.000
2	D	0.000	0.353	0.353	0.000	0.000
3	V	0.000	0.353	0.341	0.012	0.000
4	S	0.000	0.353	0.331	0.022	0.000
5	S	0.000	0.353	0.309	0.044	0.000
6	T	0.000	0.353	0.217	0.136	0.000
7	V	0.000	0.353	0.115	0.237	0.000
8	A	0.000	0.353	0.094	0.259	0.000
9	T	0.000	0.353	0.066	0.287	0.000
10	W	0.000	0.353	0.037	0.316	0.000
11	L	0.000	0.353	0.013	0.339	0.001
12	S	0.000	0.353	0.009	0.340	0.004
13	L	0.000	0.353	0.001	0.346	0.006
14	A	0.000	0.353	0.000	0.335	0.017
15	V	0.001	0.352	0.000	0.307	0.044
16	T	0.000	0.352	0.000	0.272	0.079
17	V	0.001	0.350	0.000	0.168	0.182
18	V	0.000	0.350	0.000	0.104	0.246
19	G	0.000	0.350	0.000	0.067	0.284
20	L	0.028	0.323	0.000	0.062	0.260
21	G	0.025	0.298	0.000	0.020	0.279
22	S	0.160	0.138	0.000	0.003	0.135
23	I	0.051	0.088	0.000	0.002	0.086
24	V	0.000	0.088	0.000	0.001	0.087
25	T	0.000	0.088	0.000	0.000	0.087
26	Q	0.048	0.040	0.000	0.000	0.039
27	F	0.031	0.009	0.000	0.000	0.009
28	G	0.000	0.009	0.000	0.000	0.009
29	T	0.008	0.001	0.000	0.000	0.001
30	I	0.000	0.001	0.000	0.000	0.000
31	I	0.000	0.001	0.000	0.000	0.000
32	D	0.000	0.000	0.000	0.000	0.000
33	Q	0.000	0.000	0.000	0.000	0.000
34	T	0.000	0.000	0.000	0.000	0.000
35	D	0.000	0.000	0.000	0.000	0.000
36	P	0.000	0.000	0.000	0.000	0.000
37	F	0.000	0.000	0.000	0.000	0.000
38	H	0.000	0.000	0.000	0.000	0.000
39	T	0.000	0.000	0.000	0.000	0.000
40	L	0.000	0.000	0.000	0.000	0.000
>XP_001395036.1
pos	aa	C	S	n-reg	h-reg	c-reg
1	M	0.000	0.270	0.270	0.000	0.000
2	K	0.000	0.271	0.271	0.000	0.000
3	S	0.000	0.271	0.257	0.015	0.000
4	Y	0.000	0.271	0.229	0.042	0.000
5	I	0.000	0.271	0.205	0.067	0.000
6	N	0.000	0.271	0.185	0.086	0.000
7	L	0.000	0.271	0.009	0.263	0.000
8	A	0.000	0.271	0.004	0.267	0.000
9	I	0.000	0.271	0.001	0.270	0.000
10	V	0.000	0.271	0.000	0.271	0.000
11	A	0.000	0.271	0.000	0.267	0.004
12	V	0.000	0.271	0.000	0.266	0.006
13	L	0.000	0.271	0.000	0.259	0.012
14	F	0.000	0.271	0.000	0.251	0.020
15	A	0.000	0.271	0.000	0.051	0.220
16	S	0.005	0.266	0.000	0.035	0.231
17	L	0.000	0.266	0.000	0.030	0.236
18	Y	0.021	0.245	0.000	0.007	0.238
19	G	0.000	0.244	0.000	0.002	0.242
20	P	0.205	0.039	0.000	0.001	0.038
21	V	0.003	0.036	0.000	0.001	0.035
22	T	0.000	0.035	0.000	0.000	0.035
23	R	0.015	0.020	0.000	0.000	0.020
24	E	0.000	0.020	0.000	0.000	0.020
25	L	0.000	0.020	0.000	0.000	0.020
26	K	0.018	0.002	0.000	0.000	0.002
27	V	0.000	0.002	0.000	0.000	0.002
28	L	0.000	0.002	0.000	0.000	0.002
29	G	0.000	0.002	0.000	0.000	0.002
30	A	0.001	0.001	0.000	0.000	0.001
31	F	0.000	0.001	0.000	0.000	0.001
32	R	0.000	0.001	0.000	0.000	0.001
33	S	0.000	0.001	0.000	0.000	0.001
34	A	0.000	0.001	0.000	0.000	0.001
35	S	0.000	0.001	0.000	0.000	0.001
36	E	0.000	0.001	0.000	0.000	0.001
37	T	0.000	0.001	0.000	0.000	0.001
38	T	0.000	0.001	0.000	0.000	0.001
39	S	0.000	0.001	0.000	0.000	0.001
40	S	0.000	0.000	0.000	0.000	0.000
>XP_001395074.1
pos	aa	C	S	n-reg	h-reg	c-reg
1	M	0.000	0.831	0.831	0.000	0.000
2	A	0.000	0.831	0.831	0.000	0.000
3	N	0.000	0.831	0.831	0.000	0.000
4	C	0.000	0.831	0.830	0.000	0.000
5	L	0.000	0.831	0.830	0.000	0.000
6	A	0.000	0.831	0.830	0.001	0.000
7	A	0.000	0.831	0.830	0.001	0.000
8	P	0.000	0.831	0.830	0.001	0.000
9	R	0.000	0.831	0.830	0.001	0.000
10	R	0.000	0.831	0.827	0.004	0.000
11	P	0.000	0.831	0.689	0.141	0.000
12	L	0.000	0.831	0.067	0.763	0.000
13	L	0.000	0.831	0.006	0.825	0.000
14	A	0.000	0.831	0.001	0.829	0.000
15	L	0.000	0.831	0.000	0.830	0.000
16	P	0.000	0.831	0.000	0.830	0.001
17	F	0.000	0.831	0.000	0.830	0.001
18	L	0.000	0.831	0.000	0.829	0.001
19	L	0.000	0.831	0.000	0.798	0.033
20	P	0.000	0.831	0.000	0.334	0.497
21	S	0.001	0.830	0.000	0.120	0.710
22	P	0.000	0.830	0.000	0.049	0.781
23	Y	0.018	0.811	0.000	0.014	0.797
24	E	0.000	0.811	0.000	0.001	0.810
25	C	0.000	0.811	0.000	0.000	0.811
26	V	0.271	0.540	0.000	0.000	0.540
27	T	0.000	0.540	0.000	0.000	0.540
28	L	0.363	0.177	0.000	0.000	0.177
29	G	0.032	0.145	0.000	0.000	0.145
30	L	0.143	0.002	0.000	0.000	0.002
31	R	0.001	0.000	0.000	0.000	0.000
32	R	0.000	0.000	0.000	0.000	0.000
33	N	0.000	0.000	0.000	0.000	0.000
34	Q	0.000	0.000	0.000	0.000	0.000
35	S	0.000	0.000	0.000	0.000	0.000
36	S	0.000	0.000	0.000	0.000	0.000
37	Y	0.000	0.000	0.000	0.000	0.000
38	R	0.000	0.000	0.000	0.000	0.000
39	R	0.000	0.000	0.000	0.000	0.000
40	T	0.000	0.000	0.000	0.000	0.000
>XP_001395082.2
pos	aa	C	S	n-reg	h-reg	c-reg
1	M	0.000	0.971	0.971	0.000	0.000
2	H	0.000	0.971	0.971	0.000	0.000
3	L	0.000	0.971	0.905	0.066	0.000
4	P	0.000	0.971	0.831	0.140	0.000
5	L	0.000	0.971	0.495	0.476	0.000
6	T	0.000	0.971	0.387	0.584	0.000
7	S	0.000	0.971	0.219	0.753	0.000
8	L	0.000	0.971	0.031	0.940	0.000
9	T	0.000	0.971	0.018	0.954	0.000
10	V	0.000	0.971	0.005	0.967	0.000
11	F	0.000	0.971	0.000	0.970	0.001
12	L	0.000	0.971	0.000	0.967	0.004
13	A	0.000	0.971	0.000	0.938	0.033
14	F	0.000	0.971	0.000	0.907	0.065
15	L	0.000	0.971	0.000	0.835	0.137
16	S	0.000	0.971	0.000	0.224	0.747
17	A	0.000	0.971	0.000	0.159	0.812
18	G	0.013	0.957	0.000	0.115	0.843
19	H	0.046	0.911	0.000	0.002	0.909
20	G	0.000	0.911	0.000	0.000	0.911
21	L	0.441	0.471	0.000	0.000	0.471
22	Q	0.004	0.467	0.000	0.000	0.467
23	S	0.023	0.444	0.000	0.000	0.444
24	S	0.409	0.035	0.000	0.000	0.035
25	Q	0.017	0.018	0.000	0.000	0.018
26	I	0.011	0.008	0.000	0.000	0.008
27	P	0.000	0.008	0.000	0.000	0.008
28	S	0.000	0.008	0.000	0.000	0.008
29	D	0.001	0.006	0.000	0.000	0.006
30	T	0.000	0.006	0.000	0.000	0.006
31	P	0.000	0.006	0.000	0.000	0.006
32	L	0.000	0.006	0.000	0.000	0.006
33	S	0.000	0.006	0.000	0.000	0.006
34	S	0.000	0.006	0.000	0.000	0.006
35	L	0.000	0.006	0.000	0.000	0.006
36	I	0.000	0.006	0.000	0.000	0.006
37	A	0.000	0.006	0.000	0.000	0.006
38	S	0.000	0.006	0.000	0.000	0.006
39	A	0.000	0.005	0.000	0.000	0.005
40	K	0.002	0.003	0.000	0.000	0.003
>XP_001395099.2
pos	aa	C	S	n-reg	h-reg	c-reg
1	M	0.000	0.003	0.003	0.000	0.000
2	E	0.000	0.003	0.003	0.000	0.000
3	F	0.000	0.003	0.003	0.000	0.000
4	P	0.000	0.003	0.003	0.000	0.000
5	F	0.000	0.003	0.003	0.000	0.000
6	L	0.000	0.003	0.003	0.001	0.000
7	R	0.000	0.003	0.003	0.001	0.000
8	A	0.000	0.003	0.001	0.002	0.000
9	F	0.000	0.003	0.001	0.003	0.000
10	I	0.000	0.003	0.000	0.003	0.000
11	A	0.000	0.003	0.000	0.003	0.000
12	L	0.000	0.003	0.000	0.003	0.000
13	F	0.000	0.003	0.000	0.003	0.000
14	L	0.000	0.003	0.000	0.003	0.000
15	Y	0.000	0.003	0.000	0.003	0.000
16	R	0.000	0.003	0.000	0.001	0.002
17	Y	0.000	0.003	0.000	0.001	0.002
18	F	0.000	0.003	0.000	0.001	0.002
19	R	0.000	0.003	0.000	0.000	0.003
20	L	0.000	0.003	0.000	0.000	0.003
21	V	0.000	0.003	0.000	0.000	0.002
22	V	0.000	0.003	0.000	0.000	0.003
23	N	0.000	0.003	0.000	0.000	0.003
24	L	0.000	0.003	0.000	0.000	0.003
25	F	0.002	0.001	0.000	0.000	0.001
26	S	0.000	0.001	0.000	0.000	0.001
27	F	0.001	0.000	0.000	0.000	0.000
28	W	0.000	0.000	0.000	0.000	0.000
29	T	0.000	0.000	0.000	0.000	0.000
30	F	0.000	0.000	0.000	0.000	0.000
31	K	0.000	0.000	0.000	0.000	0.000
32	P	0.000	0.000	0.000	0.000	0.000
33	I	0.000	0.000	0.000	0.000	0.000
34	P	0.000	0.000	0.000	0.000	0.000
35	P	0.000	0.000	0.000	0.000	0.000
36	P	0.000	0.000	0.000	0.000	0.000
37	E	0.000	0.000	0.000	0.000	0.000
38	N	0.000	0.000	0.000	0.000	0.000
39	P	0.000	0.000	0.000	0.000	0.000
40	K	0.000	0.000	0.000	0.000	0.000
>XP_001395146.2
pos	aa	C	S	n-reg	h-reg	c-reg
1	M	0.000	0.695	0.695	0.000	0.000
2	S	0.000	0.700	0.700	0.000	0.000
3	S	0.000	0.700	0.482	0.218	0.000
4	L	0.000	0.700	0.109	0.591	0.000
5	L	0.000	0.700	0.055	0.645	0.000
6	S	0.000	0.700	0.030	0.669	0.000
7	F	0.000	0.700	0.008	0.692	0.000
8	F	0.000	0.700	0.007	0.693	0.000
9	G	0.000	0.700	0.006	0.693	0.000
10	W	0.000	0.700	0.006	0.693	0.000
11	A	0.000	0.700	0.005	0.677	0.018
12	V	0.000	0.700	0.005	0.610	0.085
13	L	0.000	0.700	0.005	0.508	0.187
14	P	0.000	0.700	0.005	0.268	0.427
15	N	0.017	0.682	0.005	0.012	0.665
16	Y	0.000	0.682	0.005	0.007	0.670
17	V	0.000	0.682	0.005	0.007	0.671
18	T	0.000	0.682	0.005	0.006	0.672
19	S	0.009	0.673	0.005	0.000	0.668
20	I	0.625	0.048	0.005	0.000	0.043
21	V	0.000	0.048	0.005	0.000	0.043
22	Q	0.000	0.048	0.005	0.000	0.043
23	S	0.012	0.036	0.005	0.000	0.031
24	V	0.031	0.005	0.005	0.000	0.000
25	Y	0.000	0.005	0.005	0.000	0.000
26	Y	0.000	0.005	0.005	0.000	0.000
27	G	0.000	0.005	0.005	0.000	0.000
28	I	0.000	0.005	0.005	0.000	0.000
29	T	0.000	0.005	0.005	0.000	0.000
30	I	0.000	0.005	0.005	0.000	0.000
31	R	0.000	0.005	0.005	0.000	0.000
32	A	0.000	0.005	0.005	0.000	0.000
33	G	0.000	0.005	0.005	0.000	0.000
34	E	0.000	0.005	0.005	0.000	0.000
35	P	0.000	0.005	0.005	0.000	0.000
36	R	0.000	0.005	0.005	0.000	0.000
37	P	0.000	0.005	0.005	0.000	0.000
38	Q	0.000	0.005	0.005	0.000	0.000
39	P	0.000	0.005	0.005	0.000	0.000
40	G	0.000	0.005	0.005	0.000	0.000
>XP_001395148.2
pos	aa	C	S	n-reg	h-reg	c-reg
1	M	0.000	0.049	0.049	0.000	0.000
2	P	0.000	0.049	0.049	0.000	0.000
3	R	0.000	0.049	0.049	0.000	0.000
4	P	0.000	0.049	0.037	0.013	0.000
5	L	0.000	0.049	0.016	0.033	0.000
6	L	0.000	0.049	0.009	0.040	0.000
7	L	0.000	0.049	0.008	0.041	0.000
8	P	0.000	0.049	0.008	0.041	0.000
9	V	0.000	0.049	0.007	0.042	0.000
10	A	0.000	0.049	0.007	0.042	0.000
11	A	0.000	0.049	0.007	0.042	0.000
12	R	0.000	0.049	0.007	0.032	0.011
13	Q	0.000	0.049	0.007	0.019	0.023
14	S	0.000	0.049	0.006	0.016	0.027
15	F	0.000	0.049	0.006	0.016	0.028
16	F	0.000	0.049	0.005	0.015	0.029
17	L	0.000	0.049	0.005	0.005	0.038
18	R	0.000	0.049	0.005	0.002	0.042
19	A	0.000	0.049	0.005	0.002	0.042
20	S	0.000	0.049	0.005	0.002	0.042
21	A	0.000	0.048	0.005	0.002	0.041
22	R	0.024	0.024	0.005	0.001	0.018
23	W	0.000	0.024	0.005	0.002	0.018
24	S	0.000	0.024	0.005	0.002	0.018
25	P	0.000	0.024	0.004	0.002	0.018
26	C	0.000	0.024	0.003	0.003	0.018
27	C	0.001	0.023	0.002	0.003	0.018
28	P	0.000	0.023	0.002	0.003	0.018
29	S	0.000	0.023	0.002	0.003	0.018
30	S	0.000	0.023	0.001	0.003	0.018
31	S	0.000	0.023	0.001	0.003	0.018
32	S	0.001	0.022	0.001	0.003	0.017
33	S	0.001	0.021	0.001	0.003	0.016
34	V	0.006	0.015	0.001	0.003	0.010
35	P	0.000	0.015	0.001	0.002	0.011
36	F	0.000	0.014	0.001	0.002	0.011
37	P	0.000	0.014	0.001	0.000	0.013
38	S	0.000	0.014	0.001	0.000	0.013
39	S	0.000	0.014	0.001	0.000	0.013
40	S	0.000	0.014	0.001	0.000	0.013
