>XP_001402115.1
pos	aa	C	S	n-reg	h-reg	c-reg
1	M	0.000	0.000	0.000	0.000	0.000
2	K	0.000	0.000	0.000	0.000	0.000
3	G	0.000	0.000	0.000	0.000	0.000
4	L	0.000	0.000	0.000	0.000	0.000
5	Q	0.000	0.000	0.000	0.000	0.000
6	S	0.000	0.000	0.000	0.000	0.000
7	G	0.000	0.000	0.000	0.000	0.000
8	I	0.000	0.000	0.000	0.000	0.000
9	S	0.000	0.000	0.000	0.000	0.000
10	I	0.000	0.000	0.000	0.000	0.000
11	A	0.000	0.000	0.000	0.000	0.000
12	M	0.000	0.000	0.000	0.000	0.000
13	L	0.000	0.000	0.000	0.000	0.000
14	A	0.000	0.000	0.000	0.000	0.000
15	A	0.000	0.000	0.000	0.000	0.000
16	M	0.000	0.000	0.000	0.000	0.000
17	A	0.000	0.000	0.000	0.000	0.000
18	K	0.000	0.000	0.000	0.000	0.000
19	A	0.000	0.000	0.000	0.000	0.000
20	S	0.000	0.000	0.000	0.000	0.000
21	L	0.000	0.000	0.000	0.000	0.000
22	I	0.000	0.000	0.000	0.000	0.000
23	S	0.000	0.000	0.000	0.000	0.000
24	G	0.000	0.000	0.000	0.000	0.000
25	E	0.000	0.000	0.000	0.000	0.000
26	S	0.000	0.000	0.000	0.000	0.000
27	G	0.000	0.000	0.000	0.000	0.000
28	V	0.000	0.000	0.000	0.000	0.000
29	D	0.000	0.000	0.000	0.000	0.000
30	G	0.000	0.000	0.000	0.000	0.000
31	G	0.000	0.000	0.000	0.000	0.000
32	Q	0.000	0.000	0.000	0.000	0.000
33	E	0.000	0.000	0.000	0.000	0.000
34	A	0.000	0.000	0.000	0.000	0.000
35	S	0.000	0.000	0.000	0.000	0.000
36	L	0.000	0.000	0.000	0.000	0.000
37	P	0.000	0.000	0.000	0.000	0.000
38	I	0.000	0.000	0.000	0.000	0.000
39	T	0.000	0.000	0.000	0.000	0.000
40	N	0.000	0.000	0.000	0.000	0.000
>XP_001402161.2
pos	aa	C	S	n-reg	h-reg	c-reg
1	M	0.000	0.041	0.041	0.000	0.000
2	T	0.000	0.041	0.041	0.000	0.000
3	I	0.000	0.041	0.034	0.007	0.000
4	L	0.000	0.041	0.031	0.011	0.000
5	V	0.000	0.041	0.030	0.011	0.000
6	G	0.000	0.041	0.030	0.012	0.000
7	K	0.000	0.041	0.030	0.012	0.000
8	A	0.000	0.041	0.017	0.024	0.000
9	L	0.000	0.041	0.015	0.027	0.000
10	S	0.000	0.041	0.014	0.027	0.000
11	W	0.000	0.042	0.014	0.027	0.001
12	A	0.000	0.041	0.012	0.027	0.003
13	I	0.000	0.041	0.008	0.030	0.004
14	T	0.000	0.041	0.006	0.027	0.008
15	T	0.000	0.041	0.005	0.026	0.011
16	T	0.000	0.041	0.003	0.016	0.022
17	A	0.001	0.040	0.001	0.016	0.023
18	G	0.002	0.038	0.001	0.015	0.023
19	S	0.005	0.033	0.001	0.014	0.018
20	G	0.002	0.032	0.001	0.014	0.017
21	F	0.012	0.019	0.001	0.013	0.005
22	L	0.000	0.019	0.001	0.013	0.006
23	L	0.001	0.018	0.001	0.012	0.005
24	F	0.000	0.018	0.001	0.009	0.008
25	G	0.000	0.018	0.001	0.002	0.015
26	Y	0.002	0.015	0.001	0.001	0.014
27	D	0.000	0.015	0.001	0.000	0.014
28	Q	0.000	0.015	0.001	0.000	0.015
29	G	0.000	0.015	0.000	0.000	0.014
30	V	0.003	0.012	0.000	0.001	0.011
31	M	0.000	0.012	0.000	0.001	0.011
32	S	0.000	0.012	0.000	0.001	0.011
33	G	0.008	0.004	0.000	0.001	0.003
34	L	0.001	0.003	0.000	0.001	0.002
35	L	0.000	0.003	0.000	0.001	0.002
36	T	0.000	0.003	0.000	0.001	0.002
37	W	0.000	0.003	0.000	0.001	0.002
38	T	0.000	0.003	0.000	0.000	0.002
39	A	0.000	0.003	0.000	0.000	0.002
40	F	0.000	0.003	0.000	0.000	0.002
>XP_001402163.2
pos	aa	C	S	n-reg	h-reg	c-reg
1	M	0.000	0.274	0.274	0.000	0.000
2	V	0.000	0.274	0.274	0.000	0.000
3	L	0.000	0.274	0.163	0.111	0.000
4	G	0.000	0.274	0.132	0.142	0.000
5	I	0.000	0.274	0.064	0.211	0.000
6	A	0.000	0.274	0.035	0.239	0.000
7	M	0.000	0.274	0.022	0.253	0.000
8	M	0.000	0.274	0.014	0.261	0.000
9	A	0.000	0.274	0.004	0.270	0.000
10	A	0.000	0.274	0.002	0.272	0.000
11	M	0.000	0.274	0.000	0.260	0.015
12	V	0.000	0.274	0.000	0.253	0.021
13	P	0.000	0.274	0.000	0.152	0.122
14	T	0.000	0.274	0.000	0.093	0.181
15	M	0.001	0.273	0.000	0.071	0.202
16	I	0.000	0.273	0.000	0.062	0.211
17	G	0.000	0.273	0.000	0.016	0.257
18	L	0.067	0.206	0.000	0.013	0.192
19	N	0.007	0.199	0.000	0.000	0.199
20	Q	0.000	0.199	0.000	0.000	0.199
21	A	0.007	0.192	0.000	0.000	0.192
22	S	0.176	0.016	0.000	0.000	0.016
23	Q	0.001	0.015	0.000	0.000	0.015
24	N	0.015	0.000	0.000	0.000	0.000
25	M	0.000	0.000	0.000	0.000	0.000
26	R	0.000	0.000	0.000	0.000	0.000
27	D	0.000	0.000	0.000	0.000	0.000
28	S	0.000	0.000	0.000	0.000	0.000
29	E	0.000	0.000	0.000	0.000	0.000
30	D	0.000	0.000	0.000	0.000	0.000
31	S	0.000	0.000	0.000	0.000	0.000
32	R	0.000	0.000	0.000	0.000	0.000
33	K	0.000	0.000	0.000	0.000	0.000
34	E	0.000	0.000	0.000	0.000	0.000
35	S	0.000	0.000	0.000	0.000	0.000
36	S	0.000	0.000	0.000	0.000	0.000
37	R	0.000	0.000	0.000	0.000	0.000
38	K	0.000	0.000	0.000	0.000	0.000
39	Q	0.000	0.000	0.000	0.000	0.000
40	R	0.000	0.000	0.000	0.000	0.000
>XP_001402173.1
pos	aa	C	S	n-reg	h-reg	c-reg
1	M	0.000	1.000	1.000	0.000	0.000
2	K	0.000	1.000	1.000	0.000	0.000
3	A	0.000	1.000	0.748	0.252	0.000
4	S	0.000	1.000	0.602	0.398	0.000
5	A	0.000	1.000	0.392	0.608	0.000
6	V	0.000	1.000	0.012	0.988	0.000
7	L	0.000	1.000	0.001	0.999	0.000
8	S	0.000	1.000	0.000	1.000	0.000
9	L	0.000	1.000	0.000	1.000	0.000
10	I	0.000	1.000	0.000	1.000	0.000
11	A	0.000	1.000	0.000	0.971	0.029
12	L	0.000	1.000	0.000	0.948	0.052
13	A	0.000	1.000	0.000	0.879	0.121
14	G	0.000	1.000	0.000	0.072	0.928
15	F	0.000	0.999	0.000	0.045	0.955
16	T	0.000	0.999	0.000	0.001	0.999
17	M	0.001	0.999	0.000	0.000	0.998
18	A	0.000	0.999	0.000	0.000	0.999
19	A	0.982	0.017	0.000	0.000	0.017
20	P	0.002	0.014	0.000	0.000	0.014
21	V	0.014	0.000	0.000	0.000	0.000
22	I	0.000	0.000	0.000	0.000	0.000
23	D	0.000	0.000	0.000	0.000	0.000
24	N	0.000	0.000	0.000	0.000	0.000
25	D	0.000	0.000	0.000	0.000	0.000
26	H	0.000	0.000	0.000	0.000	0.000
27	L	0.000	0.000	0.000	0.000	0.000
28	P	0.000	0.000	0.000	0.000	0.000
29	G	0.000	0.000	0.000	0.000	0.000
30	T	0.000	0.000	0.000	0.000	0.000
31	G	0.000	0.000	0.000	0.000	0.000
32	H	0.000	0.000	0.000	0.000	0.000
33	I	0.000	0.000	0.000	0.000	0.000
34	V	0.000	0.000	0.000	0.000	0.000
35	H	0.000	0.000	0.000	0.000	0.000
36	K	0.000	0.000	0.000	0.000	0.000
37	R	0.000	0.000	0.000	0.000	0.000
38	G	0.000	0.000	0.000	0.000	0.000
39	G	0.000	0.000	0.000	0.000	0.000
40	G	0.000	0.000	0.000	0.000	0.000
>XP_001402180.1
pos	aa	C	S	n-reg	h-reg	c-reg
1	M	0.000	0.843	0.843	0.000	0.000
2	A	0.000	0.843	0.843	0.000	0.000
3	T	0.000	0.843	0.553	0.290	0.000
4	I	0.000	0.843	0.168	0.675	0.000
5	A	0.000	0.843	0.073	0.770	0.000
6	L	0.000	0.843	0.016	0.827	0.000
7	I	0.000	0.843	0.003	0.840	0.000
8	G	0.000	0.843	0.002	0.840	0.000
9	L	0.000	0.843	0.002	0.841	0.000
10	G	0.000	0.843	0.002	0.838	0.003
11	S	0.000	0.843	0.001	0.760	0.081
12	V	0.000	0.843	0.001	0.670	0.173
13	G	0.000	0.843	0.001	0.365	0.477
14	A	0.002	0.841	0.000	0.304	0.537
15	S	0.009	0.832	0.000	0.016	0.816
16	T	0.017	0.815	0.000	0.004	0.811
17	A	0.043	0.772	0.000	0.003	0.769
18	L	0.329	0.443	0.000	0.003	0.440
19	S	0.017	0.426	0.000	0.002	0.424
20	L	0.414	0.012	0.000	0.002	0.010
21	I	0.008	0.005	0.000	0.002	0.003
22	H	0.000	0.004	0.000	0.001	0.004
23	R	0.000	0.004	0.000	0.000	0.004
24	R	0.000	0.004	0.000	0.000	0.004
25	I	0.000	0.004	0.000	0.000	0.004
26	Q	0.000	0.004	0.000	0.000	0.004
27	G	0.001	0.004	0.000	0.000	0.004
28	T	0.002	0.002	0.000	0.000	0.002
29	L	0.000	0.002	0.000	0.000	0.002
30	L	0.000	0.002	0.000	0.000	0.001
31	L	0.001	0.000	0.000	0.000	0.000
32	V	0.000	0.000	0.000	0.000	0.000
33	D	0.000	0.000	0.000	0.000	0.000
34	I	0.000	0.000	0.000	0.000	0.000
35	K	0.000	0.000	0.000	0.000	0.000
36	S	0.000	0.000	0.000	0.000	0.000
37	S	0.000	0.000	0.000	0.000	0.000
38	L	0.000	0.000	0.000	0.000	0.000
39	R	0.000	0.000	0.000	0.000	0.000
40	D	0.000	0.000	0.000	0.000	0.000
>XP_001402199.1
pos	aa	C	S	n-reg	h-reg	c-reg
1	M	0.000	0.013	0.013	0.000	0.000
2	Y	0.000	0.014	0.014	0.000	0.000
3	I	0.000	0.014	0.009	0.005	0.000
4	P	0.000	0.014	0.009	0.005	0.000
5	I	0.000	0.014	0.005	0.009	0.000
6	V	0.000	0.014	0.002	0.012	0.000
7	I	0.000	0.014	0.001	0.013	0.000
8	L	0.000	0.014	0.000	0.014	0.000
9	L	0.000	0.014	0.000	0.014	0.000
10	L	0.000	0.014	0.000	0.014	0.000
11	S	0.000	0.014	0.000	0.010	0.004
12	L	0.000	0.014	0.000	0.009	0.005
13	L	0.000	0.014	0.000	0.009	0.005
14	T	0.001	0.013	0.000	0.008	0.005
15	I	0.004	0.009	0.000	0.008	0.001
16	Y	0.000	0.009	0.000	0.007	0.002
17	Y	0.000	0.009	0.000	0.002	0.007
18	F	0.000	0.009	0.000	0.002	0.008
19	I	0.000	0.009	0.000	0.001	0.008
20	I	0.000	0.009	0.000	0.001	0.008
21	P	0.000	0.008	0.000	0.001	0.008
22	I	0.008	0.001	0.000	0.001	0.000
23	I	0.000	0.000	0.000	0.000	0.000
24	N	0.000	0.000	0.000	0.000	0.000
25	Y	0.000	0.000	0.000	0.000	0.000
26	F	0.000	0.000	0.000	0.000	0.000
27	R	0.000	0.000	0.000	0.000	0.000
28	D	0.000	0.000	0.000	0.000	0.000
29	P	0.000	0.000	0.000	0.000	0.000
30	K	0.000	0.000	0.000	0.000	0.000
31	G	0.000	0.000	0.000	0.000	0.000
32	F	0.000	0.000	0.000	0.000	0.000
33	Q	0.000	0.000	0.000	0.000	0.000
34	K	0.000	0.000	0.000	0.000	0.000
35	Y	0.000	0.000	0.000	0.000	0.000
36	P	0.000	0.000	0.000	0.000	0.000
37	N	0.000	0.000	0.000	0.000	0.000
38	L	0.000	0.000	0.000	0.000	0.000
39	T	0.000	0.000	0.000	0.000	0.000
40	F	0.000	0.000	0.000	0.000	0.000
>XP_001402201.1
pos	aa	C	S	n-reg	h-reg	c-reg
1	M	0.000	0.602	0.602	0.000	0.000
2	T	0.000	1.000	1.000	0.000	0.000
3	K	0.000	1.000	1.000	0.000	0.000
4	L	0.000	1.000	0.999	0.000	0.000
5	S	0.000	1.000	0.999	0.000	0.000
6	D	0.000	1.000	0.998	0.002	0.000
7	S	0.000	1.000	0.864	0.136	0.000
8	A	0.000	1.000	0.590	0.410	0.000
9	I	0.000	1.000	0.282	0.718	0.000
10	I	0.000	1.000	0.103	0.897	0.000
11	V	0.000	1.000	0.039	0.961	0.000
12	I	0.000	1.000	0.013	0.987	0.000
13	V	0.000	1.000	0.003	0.996	0.000
14	I	0.000	1.000	0.001	0.999	0.000
15	V	0.000	1.000	0.000	0.998	0.001
16	V	0.000	1.000	0.000	0.996	0.003
17	C	0.000	1.000	0.000	0.983	0.017
18	L	0.000	1.000	0.000	0.955	0.045
19	A	0.000	0.999	0.000	0.842	0.157
20	L	0.002	0.994	0.000	0.720	0.274
21	V	0.000	0.984	0.000	0.581	0.403
22	S	0.000	0.955	0.000	0.387	0.568
23	L	0.000	0.940	0.000	0.366	0.575
24	G	0.007	0.894	0.000	0.302	0.592
25	A	0.141	0.725	0.000	0.274	0.451
26	A	0.055	0.638	0.000	0.241	0.397
27	L	0.314	0.286	0.000	0.203	0.083
28	T	0.005	0.172	0.000	0.094	0.078
29	K	0.069	0.008	0.000	0.000	0.008
30	Q	0.000	0.008	0.000	0.000	0.008
31	F	0.008	0.000	0.000	0.000	0.000
32	W	0.000	0.000	0.000	0.000	0.000
33	P	0.000	0.000	0.000	0.000	0.000
34	E	0.000	0.000	0.000	0.000	0.000
35	A	0.000	0.000	0.000	0.000	0.000
36	P	0.000	0.000	0.000	0.000	0.000
37	Q	0.000	0.000	0.000	0.000	0.000
38	Q	0.000	0.000	0.000	0.000	0.000
39	R	0.000	0.000	0.000	0.000	0.000
40	Y	0.000	0.000	0.000	0.000	0.000
>XP_001402202.2
pos	aa	C	S	n-reg	h-reg	c-reg
1	M	0.000	0.071	0.071	0.000	0.000
2	V	0.000	0.071	0.071	0.000	0.000
3	S	0.000	0.071	0.040	0.031	0.000
4	S	0.000	0.071	0.020	0.051	0.000
5	M	0.000	0.071	0.011	0.060	0.000
6	L	0.000	0.071	0.003	0.068	0.000
7	T	0.000	0.071	0.001	0.070	0.000
8	A	0.000	0.071	0.001	0.071	0.000
9	A	0.000	0.071	0.000	0.071	0.000
10	L	0.000	0.071	0.000	0.071	0.000
11	V	0.000	0.071	0.000	0.046	0.025
12	G	0.000	0.071	0.000	0.028	0.043
13	V	0.000	0.071	0.000	0.019	0.052
14	F	0.000	0.071	0.000	0.014	0.057
15	S	0.000	0.071	0.000	0.005	0.066
16	H	0.046	0.025	0.000	0.002	0.023
17	L	0.000	0.025	0.000	0.001	0.024
18	T	0.013	0.012	0.000	0.001	0.011
19	Y	0.002	0.010	0.000	0.000	0.010
20	F	0.000	0.010	0.000	0.000	0.010
21	R	0.000	0.010	0.000	0.000	0.010
22	R	0.000	0.010	0.000	0.000	0.010
23	G	0.000	0.010	0.000	0.000	0.010
24	E	0.006	0.004	0.000	0.000	0.004
25	H	0.000	0.004	0.000	0.000	0.004
26	Q	0.000	0.004	0.000	0.000	0.004
27	L	0.000	0.004	0.000	0.000	0.004
28	Y	0.000	0.004	0.000	0.000	0.004
29	G	0.000	0.004	0.000	0.000	0.004
30	T	0.001	0.004	0.000	0.000	0.004
31	T	0.000	0.004	0.000	0.000	0.004
32	Y	0.000	0.004	0.000	0.000	0.004
33	T	0.000	0.004	0.000	0.000	0.004
34	Q	0.001	0.003	0.000	0.000	0.003
35	V	0.000	0.003	0.000	0.000	0.003
36	F	0.000	0.003	0.000	0.000	0.003
37	G	0.000	0.003	0.000	0.000	0.003
38	V	0.000	0.003	0.000	0.000	0.003
39	L	0.000	0.003	0.000	0.000	0.003
40	N	0.000	0.003	0.000	0.000	0.003
>XP_001402208.1
pos	aa	C	S	n-reg	h-reg	c-reg
1	M	0.000	1.000	1.000	0.000	0.000
2	K	0.000	1.000	1.000	0.000	0.000
3	F	0.000	1.000	0.731	0.269	0.000
4	T	0.000	1.000	0.545	0.455	0.000
5	A	0.000	1.000	0.321	0.679	0.000
6	A	0.000	1.000	0.200	0.800	0.000
7	A	0.000	1.000	0.086	0.914	0.000
8	A	0.000	1.000	0.039	0.961	0.000
9	L	0.000	1.000	0.008	0.991	0.000
10	A	0.000	1.000	0.003	0.996	0.001
11	L	0.000	1.000	0.000	0.975	0.025
12	A	0.000	1.000	0.000	0.914	0.086
13	T	0.000	1.000	0.000	0.440	0.560
14	V	0.000	1.000	0.000	0.403	0.597
15	V	0.000	1.000	0.000	0.340	0.660
16	V	0.000	1.000	0.000	0.283	0.717
17	A	0.000	1.000	0.000	0.168	0.832
18	Q	0.619	0.380	0.000	0.095	0.285
19	P	0.001	0.379	0.000	0.001	0.378
20	S	0.036	0.343	0.000	0.000	0.342
21	V	0.000	0.342	0.000	0.000	0.342
22	R	0.000	0.342	0.000	0.000	0.342
23	G	0.000	0.342	0.000	0.000	0.342
24	R	0.339	0.004	0.000	0.000	0.004
25	S	0.000	0.004	0.000	0.000	0.004
26	V	0.004	0.000	0.000	0.000	0.000
27	T	0.000	0.000	0.000	0.000	0.000
28	H	0.000	0.000	0.000	0.000	0.000
29	I	0.000	0.000	0.000	0.000	0.000
30	P	0.000	0.000	0.000	0.000	0.000
31	A	0.000	0.000	0.000	0.000	0.000
32	P	0.000	0.000	0.000	0.000	0.000
33	A	0.000	0.000	0.000	0.000	0.000
34	G	0.000	0.000	0.000	0.000	0.000
35	M	0.000	0.000	0.000	0.000	0.000
36	T	0.000	0.000	0.000	0.000	0.000
37	V	0.000	0.000	0.000	0.000	0.000
38	S	0.000	0.000	0.000	0.000	0.000
39	Q	0.000	0.000	0.000	0.000	0.000
40	G	0.000	0.000	0.000	0.000	0.000
>XP_001402213.2
pos	aa	C	S	n-reg	h-reg	c-reg
1	M	0.000	0.966	0.966	0.000	0.000
2	P	0.000	0.966	0.966	0.000	0.000
3	L	0.000	0.966	0.959	0.007	0.000
4	S	0.000	0.966	0.957	0.009	0.000
5	K	0.000	0.966	0.955	0.011	0.000
6	I	0.000	0.966	0.416	0.550	0.000
7	A	0.000	0.966	0.225	0.741	0.000
8	G	0.000	0.966	0.174	0.792	0.000
9	V	0.000	0.966	0.041	0.925	0.000
10	L	0.000	0.966	0.004	0.962	0.000
11	L	0.000	0.966	0.001	0.965	0.001
12	A	0.000	0.966	0.000	0.963	0.003
13	S	0.000	0.966	0.000	0.960	0.006
14	A	0.000	0.966	0.000	0.883	0.083
15	S	0.000	0.966	0.000	0.658	0.307
16	L	0.000	0.966	0.000	0.647	0.319
17	V	0.000	0.965	0.000	0.412	0.554
18	A	0.000	0.965	0.000	0.126	0.839
19	G	0.025	0.941	0.000	0.055	0.886
20	H	0.279	0.662	0.000	0.033	0.628
21	G	0.000	0.662	0.000	0.000	0.661
22	Y	0.276	0.386	0.000	0.000	0.386
23	V	0.000	0.386	0.000	0.000	0.386
24	S	0.000	0.386	0.000	0.000	0.386
25	S	0.003	0.383	0.000	0.000	0.383
26	I	0.383	0.001	0.000	0.000	0.001
27	E	0.000	0.001	0.000	0.000	0.001
28	V	0.000	0.001	0.000	0.000	0.001
29	D	0.000	0.001	0.000	0.000	0.001
30	G	0.000	0.001	0.000	0.000	0.001
31	T	0.000	0.000	0.000	0.000	0.000
32	T	0.000	0.000	0.000	0.000	0.000
33	Y	0.000	0.000	0.000	0.000	0.000
34	G	0.000	0.000	0.000	0.000	0.000
35	G	0.000	0.000	0.000	0.000	0.000
36	Y	0.000	0.000	0.000	0.000	0.000
37	L	0.000	0.000	0.000	0.000	0.000
38	V	0.000	0.000	0.000	0.000	0.000
39	D	0.000	0.000	0.000	0.000	0.000
40	T	0.000	0.000	0.000	0.000	0.000
>XP_001402231.1
pos	aa	C	S	n-reg	h-reg	c-reg
1	M	0.000	0.966	0.966	0.000	0.000
2	R	0.000	0.966	0.966	0.000	0.000
3	S	0.000	0.966	0.805	0.161	0.000
4	L	0.000	0.966	0.433	0.533	0.000
5	S	0.000	0.966	0.341	0.625	0.000
6	L	0.000	0.966	0.059	0.907	0.000
7	A	0.000	0.966	0.020	0.946	0.000
8	I	0.000	0.966	0.006	0.960	0.000
9	T	0.000	0.966	0.000	0.966	0.000
10	L	0.000	0.966	0.000	0.966	0.000
11	A	0.000	0.966	0.000	0.939	0.027
12	A	0.000	0.966	0.000	0.889	0.077
13	G	0.000	0.966	0.000	0.807	0.159
14	L	0.000	0.966	0.000	0.630	0.336
15	G	0.000	0.965	0.000	0.382	0.584
16	A	0.019	0.947	0.000	0.233	0.713
17	R	0.021	0.926	0.000	0.001	0.925
18	G	0.000	0.926	0.000	0.000	0.926
19	A	0.156	0.770	0.000	0.000	0.770
20	A	0.039	0.731	0.000	0.000	0.731
21	G	0.144	0.587	0.000	0.000	0.587
22	R	0.587	0.000	0.000	0.000	0.000
23	D	0.000	0.000	0.000	0.000	0.000
24	E	0.000	0.000	0.000	0.000	0.000
25	P	0.000	0.000	0.000	0.000	0.000
26	S	0.000	0.000	0.000	0.000	0.000
27	I	0.000	0.000	0.000	0.000	0.000
28	L	0.000	0.000	0.000	0.000	0.000
29	R	0.000	0.000	0.000	0.000	0.000
30	R	0.000	0.000	0.000	0.000	0.000
31	A	0.000	0.000	0.000	0.000	0.000
32	C	0.000	0.000	0.000	0.000	0.000
33	P	0.000	0.000	0.000	0.000	0.000
34	D	0.000	0.000	0.000	0.000	0.000
35	Y	0.000	0.000	0.000	0.000	0.000
36	T	0.000	0.000	0.000	0.000	0.000
37	S	0.000	0.000	0.000	0.000	0.000
38	Y	0.000	0.000	0.000	0.000	0.000
39	A	0.000	0.000	0.000	0.000	0.000
40	S	0.000	0.000	0.000	0.000	0.000
>XP_001402241.2
pos	aa	C	S	n-reg	h-reg	c-reg
1	M	0.000	0.979	0.979	0.000	0.000
2	M	0.000	0.979	0.979	0.000	0.000
3	K	0.000	0.979	0.976	0.003	0.000
4	I	0.000	0.979	0.578	0.401	0.000
5	P	0.000	0.979	0.457	0.522	0.000
6	V	0.000	0.979	0.126	0.854	0.000
7	S	0.000	0.979	0.026	0.953	0.000
8	L	0.000	0.979	0.005	0.974	0.000
9	L	0.000	0.979	0.002	0.977	0.000
10	S	0.000	0.979	0.001	0.978	0.000
11	L	0.000	0.979	0.000	0.979	0.000
12	V	0.000	0.979	0.000	0.930	0.049
13	A	0.000	0.979	0.000	0.599	0.380
14	A	0.000	0.979	0.000	0.448	0.532
15	A	0.003	0.976	0.000	0.105	0.872
16	T	0.002	0.974	0.000	0.052	0.921
17	A	0.008	0.966	0.000	0.028	0.938
18	Q	0.503	0.463	0.000	0.010	0.453
19	S	0.032	0.431	0.000	0.002	0.429
20	V	0.335	0.096	0.000	0.002	0.094
21	I	0.000	0.096	0.000	0.001	0.094
22	E	0.000	0.096	0.000	0.000	0.096
23	S	0.000	0.096	0.000	0.000	0.096
24	S	0.062	0.033	0.000	0.000	0.033
25	S	0.000	0.033	0.000	0.000	0.033
26	F	0.016	0.017	0.000	0.000	0.017
27	G	0.000	0.017	0.000	0.000	0.017
28	F	0.001	0.016	0.000	0.000	0.016
29	G	0.000	0.016	0.000	0.000	0.016
30	Q	0.002	0.014	0.000	0.000	0.014
31	T	0.000	0.014	0.000	0.000	0.014
32	L	0.001	0.013	0.000	0.000	0.013
33	S	0.000	0.013	0.000	0.000	0.013
34	A	0.009	0.004	0.000	0.000	0.004
35	D	0.001	0.003	0.000	0.000	0.003
36	G	0.000	0.003	0.000	0.000	0.003
37	G	0.000	0.003	0.000	0.000	0.003
38	A	0.000	0.003	0.000	0.000	0.003
39	I	0.000	0.002	0.000	0.000	0.002
40	S	0.000	0.002	0.000	0.000	0.002
>XP_001402246.2
pos	aa	C	S	n-reg	h-reg	c-reg
1	M	0.000	0.054	0.054	0.000	0.000
2	T	0.000	0.167	0.167	0.000	0.000
3	L	0.000	0.167	0.166	0.001	0.000
4	A	0.000	0.167	0.166	0.001	0.000
5	S	0.000	0.167	0.166	0.001	0.000
6	L	0.000	0.167	0.164	0.003	0.000
7	H	0.000	0.167	0.164	0.003	0.000
8	L	0.000	0.167	0.162	0.005	0.000
9	T	0.000	0.167	0.162	0.005	0.000
10	D	0.000	0.167	0.162	0.005	0.000
11	M	0.000	0.167	0.159	0.008	0.000
12	M	0.000	0.167	0.156	0.010	0.000
13	Q	0.000	0.167	0.154	0.013	0.001
14	F	0.000	0.167	0.140	0.026	0.001
15	L	0.000	0.167	0.130	0.036	0.001
16	F	0.000	0.167	0.121	0.044	0.002
17	Y	0.000	0.167	0.117	0.048	0.003
18	S	0.000	0.167	0.113	0.050	0.005
19	Y	0.000	0.167	0.105	0.057	0.005
20	A	0.000	0.167	0.091	0.070	0.005
21	V	0.001	0.166	0.090	0.072	0.004
22	A	0.000	0.166	0.090	0.072	0.004
23	T	0.003	0.162	0.089	0.071	0.001
24	Y	0.000	0.162	0.089	0.070	0.003
25	L	0.000	0.162	0.089	0.069	0.004
26	I	0.000	0.161	0.089	0.066	0.006
27	L	0.000	0.160	0.089	0.063	0.008
28	T	0.000	0.156	0.089	0.025	0.042
29	I	0.001	0.153	0.089	0.021	0.043
30	G	0.000	0.145	0.089	0.011	0.044
31	H	0.002	0.137	0.089	0.003	0.045
32	G	0.000	0.136	0.089	0.002	0.045
33	G	0.041	0.095	0.089	0.001	0.004
34	Y	0.000	0.094	0.089	0.001	0.004
35	P	0.000	0.093	0.089	0.000	0.004
36	T	0.002	0.091	0.089	0.000	0.002
37	S	0.000	0.091	0.089	0.000	0.002
38	Q	0.000	0.091	0.089	0.000	0.002
39	T	0.000	0.091	0.089	0.000	0.002
40	Q	0.001	0.089	0.089	0.000	0.000
>XP_001402292.2
pos	aa	C	S	n-reg	h-reg	c-reg
1	M	0.000	0.993	0.993	0.000	0.000
2	K	0.000	0.993	0.993	0.000	0.000
3	L	0.000	0.993	0.091	0.902	0.000
4	S	0.000	0.993	0.056	0.937	0.000
5	L	0.000	0.993	0.019	0.974	0.000
6	L	0.000	0.993	0.005	0.988	0.000
7	S	0.000	0.993	0.003	0.990	0.000
8	L	0.000	0.993	0.000	0.993	0.000
9	F	0.000	0.993	0.000	0.993	0.000
10	F	0.000	0.993	0.000	0.992	0.001
11	T	0.000	0.993	0.000	0.153	0.840
12	P	0.000	0.993	0.000	0.110	0.883
13	I	0.000	0.993	0.000	0.099	0.894
14	F	0.000	0.993	0.000	0.081	0.912
15	A	0.000	0.993	0.000	0.055	0.938
16	L	0.862	0.131	0.000	0.021	0.110
17	P	0.000	0.131	0.000	0.002	0.129
18	S	0.035	0.096	0.000	0.000	0.096
19	H	0.006	0.090	0.000	0.000	0.089
20	L	0.000	0.090	0.000	0.000	0.089
21	T	0.067	0.022	0.000	0.000	0.022
22	P	0.002	0.020	0.000	0.000	0.020
23	R	0.019	0.001	0.000	0.000	0.001
24	N	0.000	0.001	0.000	0.000	0.001
25	D	0.000	0.001	0.000	0.000	0.001
26	I	0.000	0.001	0.000	0.000	0.001
27	P	0.000	0.001	0.000	0.000	0.001
28	P	0.000	0.001	0.000	0.000	0.001
29	F	0.000	0.001	0.000	0.000	0.001
30	F	0.000	0.001	0.000	0.000	0.001
31	L	0.000	0.001	0.000	0.000	0.001
32	L	0.000	0.001	0.000	0.000	0.001
33	A	0.000	0.001	0.000	0.000	0.001
34	G	0.000	0.001	0.000	0.000	0.001
35	D	0.000	0.001	0.000	0.000	0.001
36	S	0.000	0.001	0.000	0.000	0.001
37	T	0.000	0.001	0.000	0.000	0.001
38	T	0.000	0.001	0.000	0.000	0.001
39	A	0.000	0.001	0.000	0.000	0.001
40	V	0.000	0.001	0.000	0.000	0.001
>XP_001402310.2
pos	aa	C	S	n-reg	h-reg	c-reg
1	M	0.000	0.238	0.238	0.000	0.000
2	A	0.000	0.239	0.239	0.000	0.000
3	V	0.000	0.239	0.239	0.000	0.000
4	H	0.000	0.239	0.239	0.000	0.000
5	V	0.000	0.239	0.239	0.000	0.000
6	P	0.000	0.239	0.239	0.000	0.000
7	F	0.000	0.239	0.239	0.000	0.000
8	S	0.000	0.239	0.239	0.000	0.000
9	I	0.000	0.239	0.239	0.000	0.000
10	H	0.000	0.239	0.239	0.000	0.000
11	H	0.000	0.239	0.239	0.000	0.000
12	V	0.000	0.239	0.239	0.000	0.000
13	V	0.000	0.239	0.239	0.000	0.000
14	D	0.000	0.239	0.239	0.000	0.000
15	I	0.000	0.239	0.239	0.001	0.000
16	G	0.000	0.239	0.238	0.001	0.000
17	I	0.000	0.239	0.237	0.002	0.000
18	S	0.000	0.239	0.236	0.003	0.000
19	T	0.000	0.239	0.233	0.006	0.000
20	G	0.000	0.239	0.228	0.011	0.000
21	P	0.000	0.239	0.202	0.037	0.000
22	V	0.000	0.239	0.062	0.177	0.000
23	V	0.000	0.239	0.022	0.218	0.000
24	I	0.000	0.239	0.006	0.233	0.000
25	V	0.000	0.239	0.001	0.238	0.000
26	L	0.000	0.239	0.000	0.239	0.000
27	V	0.000	0.239	0.000	0.239	0.000
28	L	0.000	0.239	0.000	0.239	0.000
29	L	0.000	0.239	0.000	0.236	0.003
30	F	0.000	0.239	0.000	0.223	0.016
31	G	0.000	0.239	0.000	0.207	0.032
32	L	0.000	0.239	0.000	0.192	0.046
33	A	0.000	0.239	0.000	0.042	0.197
34	V	0.004	0.234	0.000	0.024	0.211
35	V	0.000	0.234	0.000	0.003	0.231
36	G	0.000	0.234	0.000	0.001	0.233
37	S	0.017	0.217	0.000	0.000	0.216
38	D	0.175	0.042	0.000	0.000	0.042
39	S	0.000	0.042	0.000	0.000	0.042
40	L	0.040	0.002	0.000	0.000	0.002
>XP_001402312.1
pos	aa	C	S	n-reg	h-reg	c-reg
1	M	0.000	0.992	0.992	0.000	0.000
2	R	0.000	0.993	0.993	0.000	0.000
3	F	0.000	0.993	0.511	0.482	0.000
4	A	0.000	0.993	0.206	0.787	0.000
5	L	0.000	0.993	0.085	0.907	0.000
6	T	0.000	0.993	0.051	0.941	0.000
7	G	0.000	0.993	0.008	0.984	0.000
8	T	0.000	0.993	0.004	0.988	0.000
9	V	0.000	0.993	0.000	0.993	0.000
10	L	0.000	0.993	0.000	0.993	0.000
11	L	0.000	0.993	0.000	0.957	0.035
12	A	0.000	0.993	0.000	0.776	0.217
13	Y	0.000	0.993	0.000	0.552	0.441
14	I	0.000	0.993	0.000	0.479	0.513
15	S	0.000	0.993	0.000	0.028	0.965
16	L	0.000	0.992	0.000	0.016	0.977
17	A	0.018	0.975	0.000	0.001	0.974
18	T	0.220	0.754	0.000	0.001	0.754
19	S	0.007	0.747	0.000	0.001	0.746
20	H	0.746	0.001	0.000	0.000	0.000
21	V	0.000	0.001	0.000	0.000	0.000
22	I	0.000	0.000	0.000	0.000	0.000
23	R	0.000	0.000	0.000	0.000	0.000
24	R	0.000	0.000	0.000	0.000	0.000
25	D	0.000	0.000	0.000	0.000	0.000
26	I	0.000	0.000	0.000	0.000	0.000
27	S	0.000	0.000	0.000	0.000	0.000
28	I	0.000	0.000	0.000	0.000	0.000
29	V	0.000	0.000	0.000	0.000	0.000
30	L	0.000	0.000	0.000	0.000	0.000
31	R	0.000	0.000	0.000	0.000	0.000
32	G	0.000	0.000	0.000	0.000	0.000
33	L	0.000	0.000	0.000	0.000	0.000
34	S	0.000	0.000	0.000	0.000	0.000
35	T	0.000	0.000	0.000	0.000	0.000
36	L	0.000	0.000	0.000	0.000	0.000
37	N	0.000	0.000	0.000	0.000	0.000
38	A	0.000	0.000	0.000	0.000	0.000
39	N	0.000	0.000	0.000	0.000	0.000
40	I	0.000	0.000	0.000	0.000	0.000
>XP_001402321.1
pos	aa	C	S	n-reg	h-reg	c-reg
1	M	0.000	0.907	0.907	0.000	0.000
2	I	0.000	0.907	0.907	0.000	0.000
3	A	0.000	0.907	0.693	0.215	0.000
4	S	0.000	0.907	0.567	0.340	0.000
5	A	0.000	0.907	0.370	0.538	0.000
6	V	0.000	0.907	0.066	0.842	0.000
7	Y	0.000	0.907	0.046	0.862	0.000
8	T	0.000	0.907	0.028	0.879	0.000
9	L	0.000	0.907	0.006	0.901	0.000
10	L	0.000	0.907	0.001	0.906	0.000
11	G	0.000	0.907	0.001	0.873	0.034
12	L	0.000	0.907	0.000	0.855	0.052
13	A	0.000	0.907	0.000	0.720	0.188
14	P	0.000	0.907	0.000	0.126	0.781
15	I	0.000	0.907	0.000	0.116	0.792
16	V	0.000	0.907	0.000	0.099	0.808
17	A	0.000	0.907	0.000	0.072	0.835
18	S	0.099	0.808	0.000	0.029	0.779
19	S	0.690	0.119	0.000	0.009	0.110
20	P	0.003	0.116	0.000	0.004	0.112
21	T	0.014	0.102	0.000	0.002	0.100
22	Q	0.012	0.090	0.000	0.000	0.090
23	L	0.001	0.090	0.000	0.000	0.089
24	T	0.009	0.081	0.000	0.000	0.081
25	L	0.003	0.078	0.000	0.000	0.078
26	S	0.020	0.057	0.000	0.000	0.057
27	S	0.049	0.008	0.000	0.000	0.008
28	T	0.001	0.007	0.000	0.000	0.007
29	T	0.006	0.001	0.000	0.000	0.001
30	P	0.000	0.001	0.000	0.000	0.001
31	Y	0.000	0.001	0.000	0.000	0.001
32	L	0.000	0.001	0.000	0.000	0.001
33	D	0.000	0.001	0.000	0.000	0.001
34	N	0.000	0.001	0.000	0.000	0.001
35	A	0.000	0.001	0.000	0.000	0.001
36	K	0.000	0.000	0.000	0.000	0.000
37	S	0.000	0.000	0.000	0.000	0.000
38	A	0.000	0.000	0.000	0.000	0.000
39	V	0.000	0.000	0.000	0.000	0.000
40	N	0.000	0.000	0.000	0.000	0.000
>XP_001402325.1
pos	aa	C	S	n-reg	h-reg	c-reg
1	M	0.000	0.998	0.998	0.000	0.000
2	H	0.000	0.998	0.998	0.000	0.000
3	T	0.000	0.998	0.963	0.034	0.000
4	P	0.000	0.998	0.905	0.093	0.000
5	Y	0.000	0.998	0.757	0.240	0.000
6	L	0.000	0.998	0.162	0.836	0.000
7	L	0.000	0.998	0.017	0.980	0.000
8	G	0.000	0.998	0.012	0.986	0.000
9	A	0.000	0.998	0.005	0.993	0.000
10	L	0.000	0.998	0.000	0.997	0.000
11	A	0.000	0.998	0.000	0.995	0.002
12	A	0.000	0.998	0.000	0.986	0.011
13	L	0.000	0.998	0.000	0.968	0.030
14	A	0.000	0.998	0.000	0.831	0.167
15	A	0.000	0.997	0.000	0.260	0.738
16	T	0.000	0.997	0.000	0.178	0.819
17	A	0.001	0.995	0.000	0.125	0.871
18	V	0.022	0.974	0.000	0.009	0.965
19	G	0.000	0.974	0.000	0.000	0.973
20	A	0.653	0.321	0.000	0.000	0.321
21	P	0.024	0.297	0.000	0.000	0.297
22	A	0.027	0.270	0.000	0.000	0.270
23	E	0.270	0.000	0.000	0.000	0.000
24	H	0.000	0.000	0.000	0.000	0.000
25	I	0.000	0.000	0.000	0.000	0.000
26	K	0.000	0.000	0.000	0.000	0.000
27	K	0.000	0.000	0.000	0.000	0.000
28	R	0.000	0.000	0.000	0.000	0.000
29	E	0.000	0.000	0.000	0.000	0.000
30	S	0.000	0.000	0.000	0.000	0.000
31	R	0.000	0.000	0.000	0.000	0.000
32	T	0.000	0.000	0.000	0.000	0.000
33	S	0.000	0.000	0.000	0.000	0.000
34	A	0.000	0.000	0.000	0.000	0.000
35	P	0.000	0.000	0.000	0.000	0.000
36	S	0.000	0.000	0.000	0.000	0.000
37	G	0.000	0.000	0.000	0.000	0.000
38	C	0.000	0.000	0.000	0.000	0.000
39	L	0.000	0.000	0.000	0.000	0.000
40	T	0.000	0.000	0.000	0.000	0.000
>XP_001402326.1
pos	aa	C	S	n-reg	h-reg	c-reg
1	M	0.000	0.970	0.970	0.000	0.000
2	T	0.000	0.970	0.970	0.000	0.000
3	L	0.000	0.970	0.955	0.015	0.000
4	Y	0.000	0.970	0.952	0.018	0.000
5	R	0.000	0.970	0.949	0.022	0.000
6	N	0.000	0.970	0.491	0.479	0.000
7	L	0.000	0.970	0.059	0.911	0.000
8	L	0.000	0.970	0.001	0.969	0.000
9	L	0.000	0.970	0.000	0.970	0.000
10	L	0.000	0.970	0.000	0.970	0.000
11	A	0.000	0.970	0.000	0.968	0.002
12	S	0.000	0.970	0.000	0.967	0.003
13	L	0.000	0.970	0.000	0.966	0.004
14	G	0.000	0.970	0.000	0.502	0.469
15	L	0.000	0.970	0.000	0.393	0.578
16	S	0.000	0.970	0.000	0.023	0.947
17	Y	0.001	0.969	0.000	0.007	0.963
18	A	0.000	0.969	0.000	0.002	0.968
19	A	0.702	0.268	0.000	0.000	0.267
20	P	0.001	0.267	0.000	0.000	0.267
21	S	0.251	0.016	0.000	0.000	0.016
22	K	0.013	0.003	0.000	0.000	0.003
23	V	0.000	0.003	0.000	0.000	0.003
24	Q	0.000	0.003	0.000	0.000	0.003
25	R	0.002	0.001	0.000	0.000	0.001
26	A	0.000	0.001	0.000	0.000	0.001
27	P	0.000	0.001	0.000	0.000	0.001
28	D	0.000	0.001	0.000	0.000	0.001
29	S	0.000	0.001	0.000	0.000	0.001
30	S	0.000	0.001	0.000	0.000	0.001
31	L	0.000	0.001	0.000	0.000	0.001
32	H	0.000	0.001	0.000	0.000	0.001
33	A	0.000	0.001	0.000	0.000	0.001
34	R	0.000	0.001	0.000	0.000	0.001
35	A	0.000	0.001	0.000	0.000	0.001
36	V	0.000	0.000	0.000	0.000	0.000
37	C	0.000	0.000	0.000	0.000	0.000
38	T	0.000	0.000	0.000	0.000	0.000
39	P	0.000	0.000	0.000	0.000	0.000
40	T	0.000	0.000	0.000	0.000	0.000
>XP_001402338.1
pos	aa	C	S	n-reg	h-reg	c-reg
1	M	0.000	0.125	0.125	0.000	0.000
2	D	0.000	0.125	0.125	0.000	0.000
3	K	0.000	0.125	0.125	0.000	0.000
4	T	0.000	0.125	0.119	0.006	0.000
5	Q	0.000	0.125	0.114	0.011	0.000
6	S	0.000	0.125	0.084	0.041	0.000
7	V	0.000	0.125	0.022	0.103	0.000
8	V	0.000	0.125	0.005	0.120	0.000
9	I	0.000	0.125	0.002	0.123	0.000
10	V	0.000	0.125	0.001	0.124	0.000
11	G	0.000	0.125	0.001	0.124	0.000
12	A	0.000	0.125	0.000	0.123	0.002
13	G	0.000	0.125	0.000	0.122	0.003
14	V	0.000	0.125	0.000	0.121	0.004
15	F	0.000	0.125	0.000	0.111	0.014
16	G	0.000	0.125	0.000	0.042	0.083
17	L	0.002	0.123	0.000	0.034	0.089
18	S	0.000	0.123	0.000	0.020	0.103
19	T	0.001	0.121	0.000	0.005	0.116
20	A	0.001	0.120	0.000	0.002	0.119
21	L	0.074	0.046	0.000	0.001	0.045
22	H	0.002	0.044	0.000	0.000	0.044
23	L	0.000	0.044	0.000	0.000	0.044
24	A	0.026	0.018	0.000	0.000	0.018
25	E	0.016	0.002	0.000	0.000	0.002
26	D	0.000	0.002	0.000	0.000	0.002
27	G	0.000	0.002	0.000	0.000	0.002
28	F	0.000	0.002	0.000	0.000	0.002
29	S	0.000	0.002	0.000	0.000	0.002
30	S	0.002	0.000	0.000	0.000	0.000
31	I	0.000	0.000	0.000	0.000	0.000
32	T	0.000	0.000	0.000	0.000	0.000
33	V	0.000	0.000	0.000	0.000	0.000
34	M	0.000	0.000	0.000	0.000	0.000
35	D	0.000	0.000	0.000	0.000	0.000
36	R	0.000	0.000	0.000	0.000	0.000
37	S	0.000	0.000	0.000	0.000	0.000
38	M	0.000	0.000	0.000	0.000	0.000
39	P	0.000	0.000	0.000	0.000	0.000
40	P	0.000	0.000	0.000	0.000	0.000
>XP_001402343.2
pos	aa	C	S	n-reg	h-reg	c-reg
1	M	0.000	0.555	0.555	0.000	0.000
2	L	0.000	0.556	0.556	0.000	0.000
3	D	0.000	0.556	0.556	0.000	0.000
4	F	0.000	0.556	0.552	0.004	0.000
5	Y	0.000	0.556	0.550	0.006	0.000
6	S	0.000	0.556	0.538	0.018	0.000
7	R	0.000	0.556	0.519	0.037	0.000
8	L	0.000	0.556	0.146	0.410	0.000
9	A	0.000	0.556	0.068	0.489	0.000
10	V	0.000	0.556	0.001	0.555	0.000
11	L	0.000	0.556	0.000	0.556	0.000
12	G	0.000	0.556	0.000	0.556	0.000
13	L	0.000	0.556	0.000	0.556	0.000
14	L	0.000	0.556	0.000	0.554	0.002
15	A	0.000	0.556	0.000	0.549	0.007
16	V	0.000	0.556	0.000	0.399	0.157
17	F	0.000	0.556	0.000	0.344	0.212
18	G	0.000	0.556	0.000	0.017	0.539
19	Y	0.017	0.540	0.000	0.004	0.535
20	A	0.000	0.539	0.000	0.001	0.538
21	F	0.206	0.333	0.000	0.001	0.332
22	T	0.000	0.333	0.000	0.001	0.332
23	R	0.331	0.001	0.000	0.000	0.000
24	R	0.000	0.001	0.000	0.000	0.000
25	E	0.000	0.001	0.000	0.000	0.000
26	K	0.000	0.001	0.000	0.000	0.000
27	P	0.000	0.001	0.000	0.000	0.000
28	D	0.000	0.000	0.000	0.000	0.000
29	P	0.000	0.000	0.000	0.000	0.000
30	R	0.000	0.000	0.000	0.000	0.000
31	E	0.000	0.000	0.000	0.000	0.000
32	P	0.000	0.000	0.000	0.000	0.000
33	P	0.000	0.000	0.000	0.000	0.000
34	L	0.000	0.000	0.000	0.000	0.000
35	V	0.000	0.000	0.000	0.000	0.000
36	R	0.000	0.000	0.000	0.000	0.000
37	S	0.000	0.000	0.000	0.000	0.000
38	S	0.000	0.000	0.000	0.000	0.000
39	I	0.000	0.000	0.000	0.000	0.000
40	P	0.000	0.000	0.000	0.000	0.000
>XP_001402345.1
pos	aa	C	S	n-reg	h-reg	c-reg
1	M	0.000	0.000	0.000	0.000	0.000
2	F	0.000	0.000	0.000	0.000	0.000
3	G	0.000	0.000	0.000	0.000	0.000
4	T	0.000	0.000	0.000	0.000	0.000
5	T	0.000	0.000	0.000	0.000	0.000
6	V	0.000	0.000	0.000	0.000	0.000
7	Q	0.000	0.000	0.000	0.000	0.000
8	R	0.000	0.000	0.000	0.000	0.000
9	C	0.000	0.000	0.000	0.000	0.000
10	V	0.000	0.000	0.000	0.000	0.000
11	V	0.000	0.000	0.000	0.000	0.000
12	L	0.000	0.000	0.000	0.000	0.000
13	I	0.000	0.000	0.000	0.000	0.000
14	L	0.000	0.000	0.000	0.000	0.000
15	G	0.000	0.000	0.000	0.000	0.000
16	I	0.000	0.000	0.000	0.000	0.000
17	L	0.000	0.000	0.000	0.000	0.000
18	S	0.000	0.000	0.000	0.000	0.000
19	V	0.000	0.000	0.000	0.000	0.000
20	T	0.000	0.000	0.000	0.000	0.000
21	T	0.000	0.000	0.000	0.000	0.000
22	V	0.000	0.000	0.000	0.000	0.000
23	G	0.000	0.000	0.000	0.000	0.000
24	W	0.000	0.000	0.000	0.000	0.000
25	P	0.000	0.000	0.000	0.000	0.000
26	Y	0.000	0.000	0.000	0.000	0.000
27	D	0.000	0.000	0.000	0.000	0.000
28	E	0.000	0.000	0.000	0.000	0.000
29	S	0.000	0.000	0.000	0.000	0.000
30	L	0.000	0.000	0.000	0.000	0.000
31	V	0.000	0.000	0.000	0.000	0.000
32	D	0.000	0.000	0.000	0.000	0.000
33	Y	0.000	0.000	0.000	0.000	0.000
34	N	0.000	0.000	0.000	0.000	0.000
35	L	0.000	0.000	0.000	0.000	0.000
36	N	0.000	0.000	0.000	0.000	0.000
37	E	0.000	0.000	0.000	0.000	0.000
38	N	0.000	0.000	0.000	0.000	0.000
39	K	0.000	0.000	0.000	0.000	0.000
40	T	0.000	0.000	0.000	0.000	0.000
>XP_001402350.1
pos	aa	C	S	n-reg	h-reg	c-reg
1	M	0.000	0.995	0.995	0.000	0.000
2	K	0.000	0.996	0.996	0.000	0.000
3	G	0.000	0.996	0.806	0.190	0.000
4	L	0.000	0.996	0.368	0.628	0.000
5	I	0.000	0.996	0.284	0.711	0.000
6	S	0.000	0.996	0.190	0.806	0.000
7	A	0.000	0.996	0.065	0.931	0.000
8	I	0.000	0.996	0.034	0.961	0.000
9	S	0.000	0.996	0.022	0.974	0.000
10	I	0.000	0.996	0.002	0.994	0.000
11	L	0.000	0.996	0.000	0.993	0.003
12	L	0.000	0.996	0.000	0.977	0.019
13	S	0.000	0.996	0.000	0.917	0.078
14	M	0.000	0.996	0.000	0.654	0.342
15	G	0.000	0.996	0.000	0.299	0.697
16	T	0.006	0.990	0.000	0.203	0.786
17	V	0.001	0.989	0.000	0.166	0.823
18	T	0.000	0.989	0.000	0.018	0.971
19	V	0.003	0.986	0.000	0.010	0.976
20	V	0.000	0.986	0.000	0.002	0.983
21	S	0.000	0.986	0.000	0.001	0.985
22	A	0.090	0.895	0.000	0.000	0.895
23	S	0.874	0.021	0.000	0.000	0.021
24	C	0.004	0.017	0.000	0.000	0.017
25	D	0.015	0.002	0.000	0.000	0.002
26	Q	0.000	0.002	0.000	0.000	0.002
27	S	0.001	0.001	0.000	0.000	0.001
28	A	0.000	0.001	0.000	0.000	0.001
29	L	0.000	0.000	0.000	0.000	0.000
30	N	0.000	0.000	0.000	0.000	0.000
31	T	0.000	0.000	0.000	0.000	0.000
32	T	0.000	0.000	0.000	0.000	0.000
33	S	0.000	0.000	0.000	0.000	0.000
34	Y	0.000	0.000	0.000	0.000	0.000
35	L	0.000	0.000	0.000	0.000	0.000
36	Y	0.000	0.000	0.000	0.000	0.000
37	D	0.000	0.000	0.000	0.000	0.000
38	I	0.000	0.000	0.000	0.000	0.000
39	T	0.000	0.000	0.000	0.000	0.000
40	E	0.000	0.000	0.000	0.000	0.000
>XP_001402360.1
pos	aa	C	S	n-reg	h-reg	c-reg
1	M	0.000	0.062	0.062	0.000	0.000
2	T	0.000	0.062	0.062	0.000	0.000
3	T	0.000	0.062	0.062	0.000	0.000
4	Q	0.000	0.062	0.062	0.000	0.000
5	P	0.000	0.062	0.062	0.000	0.000
6	R	0.000	0.062	0.062	0.000	0.000
7	L	0.000	0.062	0.051	0.011	0.000
8	K	0.000	0.062	0.050	0.011	0.000
9	I	0.000	0.062	0.018	0.044	0.000
10	A	0.000	0.062	0.003	0.059	0.000
11	L	0.000	0.062	0.001	0.061	0.000
12	I	0.000	0.062	0.000	0.061	0.000
13	G	0.000	0.062	0.000	0.062	0.000
14	L	0.000	0.062	0.000	0.062	0.000
15	G	0.000	0.062	0.000	0.054	0.008
16	R	0.000	0.062	0.000	0.053	0.009
17	L	0.000	0.062	0.000	0.052	0.010
18	G	0.000	0.062	0.000	0.015	0.047
19	A	0.000	0.061	0.000	0.011	0.050
20	I	0.005	0.057	0.000	0.009	0.048
21	R	0.000	0.057	0.000	0.002	0.054
22	A	0.000	0.057	0.000	0.000	0.056
23	R	0.041	0.016	0.000	0.000	0.015
24	I	0.000	0.016	0.000	0.000	0.015
25	L	0.000	0.016	0.000	0.000	0.015
26	A	0.000	0.015	0.000	0.000	0.015
27	F	0.014	0.001	0.000	0.000	0.001
28	Q	0.000	0.001	0.000	0.000	0.001
29	Q	0.001	0.000	0.000	0.000	0.000
30	P	0.000	0.000	0.000	0.000	0.000
31	R	0.000	0.000	0.000	0.000	0.000
32	I	0.000	0.000	0.000	0.000	0.000
33	E	0.000	0.000	0.000	0.000	0.000
34	L	0.000	0.000	0.000	0.000	0.000
35	V	0.000	0.000	0.000	0.000	0.000
36	A	0.000	0.000	0.000	0.000	0.000
37	A	0.000	0.000	0.000	0.000	0.000
38	C	0.000	0.000	0.000	0.000	0.000
39	D	0.000	0.000	0.000	0.000	0.000
40	T	0.000	0.000	0.000	0.000	0.000
>XP_001402367.2
pos	aa	C	S	n-reg	h-reg	c-reg
1	M	0.000	0.998	0.998	0.000	0.000
2	N	0.000	0.999	0.999	0.000	0.000
3	V	0.000	0.999	0.966	0.033	0.000
4	T	0.000	0.999	0.947	0.052	0.000
5	L	0.000	0.999	0.934	0.064	0.000
6	K	0.000	0.999	0.928	0.071	0.000
7	I	0.000	0.999	0.253	0.746	0.000
8	C	0.000	0.999	0.190	0.809	0.000
9	S	0.000	0.999	0.127	0.872	0.000
10	V	0.000	0.999	0.027	0.971	0.000
11	L	0.000	0.999	0.009	0.989	0.001
12	A	0.000	0.999	0.004	0.989	0.006
13	L	0.000	0.999	0.000	0.990	0.009
14	A	0.000	0.999	0.000	0.981	0.018
15	V	0.000	0.999	0.000	0.450	0.548
16	S	0.000	0.999	0.000	0.336	0.663
17	A	0.000	0.999	0.000	0.275	0.724
18	L	0.007	0.992	0.000	0.241	0.750
19	A	0.001	0.991	0.000	0.196	0.795
20	L	0.672	0.319	0.000	0.185	0.134
21	P	0.001	0.318	0.000	0.002	0.315
22	T	0.039	0.278	0.000	0.000	0.278
23	T	0.003	0.275	0.000	0.000	0.275
24	D	0.004	0.271	0.000	0.000	0.271
25	T	0.000	0.271	0.000	0.000	0.271
26	R	0.270	0.001	0.000	0.000	0.001
27	V	0.000	0.001	0.000	0.000	0.001
28	I	0.000	0.001	0.000	0.000	0.001
29	Q	0.000	0.001	0.000	0.000	0.001
30	L	0.001	0.000	0.000	0.000	0.000
31	R	0.000	0.000	0.000	0.000	0.000
32	L	0.000	0.000	0.000	0.000	0.000
33	W	0.000	0.000	0.000	0.000	0.000
34	G	0.000	0.000	0.000	0.000	0.000
35	E	0.000	0.000	0.000	0.000	0.000
36	T	0.000	0.000	0.000	0.000	0.000
37	G	0.000	0.000	0.000	0.000	0.000
38	C	0.000	0.000	0.000	0.000	0.000
39	A	0.000	0.000	0.000	0.000	0.000
40	E	0.000	0.000	0.000	0.000	0.000
>XP_001402370.1
pos	aa	C	S	n-reg	h-reg	c-reg
1	M	0.000	0.849	0.849	0.000	0.000
2	M	0.000	0.849	0.849	0.000	0.000
3	I	0.000	0.849	0.849	0.001	0.000
4	K	0.000	0.849	0.848	0.002	0.000
5	S	0.000	0.849	0.705	0.144	0.000
6	I	0.000	0.849	0.322	0.528	0.000
7	C	0.000	0.849	0.074	0.775	0.000
8	V	0.000	0.849	0.014	0.835	0.000
9	L	0.000	0.849	0.003	0.846	0.000
10	I	0.000	0.849	0.001	0.849	0.000
11	C	0.000	0.849	0.000	0.849	0.000
12	L	0.000	0.849	0.000	0.849	0.000
13	Q	0.000	0.849	0.000	0.838	0.012
14	I	0.000	0.849	0.000	0.834	0.016
15	L	0.000	0.849	0.000	0.815	0.034
16	C	0.000	0.849	0.000	0.428	0.421
17	I	0.001	0.849	0.000	0.320	0.529
18	V	0.000	0.849	0.000	0.186	0.662
19	R	0.000	0.849	0.000	0.000	0.848
20	A	0.000	0.849	0.000	0.000	0.849
21	S	0.553	0.296	0.000	0.000	0.296
22	N	0.002	0.294	0.000	0.000	0.294
23	G	0.000	0.294	0.000	0.000	0.294
24	E	0.294	0.000	0.000	0.000	0.000
25	Y	0.000	0.000	0.000	0.000	0.000
26	A	0.000	0.000	0.000	0.000	0.000
27	P	0.000	0.000	0.000	0.000	0.000
28	L	0.000	0.000	0.000	0.000	0.000
29	Q	0.000	0.000	0.000	0.000	0.000
30	A	0.000	0.000	0.000	0.000	0.000
31	Y	0.000	0.000	0.000	0.000	0.000
32	N	0.000	0.000	0.000	0.000	0.000
33	N	0.000	0.000	0.000	0.000	0.000
34	A	0.000	0.000	0.000	0.000	0.000
35	D	0.000	0.000	0.000	0.000	0.000
36	K	0.000	0.000	0.000	0.000	0.000
37	D	0.000	0.000	0.000	0.000	0.000
38	T	0.000	0.000	0.000	0.000	0.000
39	T	0.000	0.000	0.000	0.000	0.000
40	I	0.000	0.000	0.000	0.000	0.000
>XP_001402386.2
pos	aa	C	S	n-reg	h-reg	c-reg
1	M	0.000	0.677	0.677	0.000	0.000
2	A	0.000	0.680	0.680	0.000	0.000
3	P	0.000	0.680	0.678	0.002	0.000
4	R	0.000	0.680	0.670	0.010	0.000
5	V	0.000	0.680	0.328	0.352	0.000
6	V	0.000	0.680	0.013	0.667	0.000
7	I	0.000	0.680	0.003	0.677	0.000
8	T	0.000	0.680	0.003	0.678	0.000
9	F	0.000	0.680	0.002	0.678	0.000
10	Y	0.000	0.680	0.002	0.678	0.000
11	S	0.000	0.680	0.002	0.678	0.000
12	I	0.000	0.680	0.002	0.678	0.001
13	I	0.000	0.680	0.002	0.623	0.056
14	S	0.000	0.680	0.002	0.040	0.639
15	T	0.000	0.680	0.002	0.018	0.660
16	C	0.000	0.680	0.002	0.010	0.668
17	F	0.007	0.673	0.002	0.008	0.663
18	G	0.000	0.673	0.002	0.004	0.667
19	N	0.659	0.012	0.002	0.000	0.010
20	F	0.000	0.012	0.002	0.000	0.011
21	P	0.000	0.012	0.002	0.000	0.011
22	V	0.003	0.010	0.002	0.000	0.008
23	Q	0.000	0.010	0.002	0.000	0.008
24	W	0.000	0.009	0.002	0.000	0.008
25	K	0.000	0.009	0.002	0.000	0.008
26	A	0.000	0.009	0.002	0.000	0.008
27	F	0.007	0.003	0.002	0.000	0.001
28	W	0.000	0.003	0.002	0.000	0.001
29	D	0.000	0.003	0.002	0.000	0.001
30	Q	0.000	0.003	0.002	0.000	0.001
31	T	0.000	0.003	0.002	0.000	0.001
32	G	0.000	0.003	0.002	0.000	0.001
33	G	0.000	0.003	0.002	0.000	0.001
34	I	0.000	0.003	0.002	0.000	0.001
35	W	0.000	0.003	0.002	0.000	0.001
36	A	0.000	0.003	0.002	0.000	0.001
37	S	0.001	0.002	0.002	0.000	0.000
38	G	0.000	0.002	0.002	0.000	0.000
39	G	0.000	0.002	0.002	0.000	0.000
40	Y	0.000	0.002	0.002	0.000	0.000
>XP_001402394.1
pos	aa	C	S	n-reg	h-reg	c-reg
1	M	0.000	0.986	0.986	0.000	0.000
2	A	0.000	0.986	0.986	0.000	0.000
3	F	0.000	0.986	0.985	0.002	0.000
4	P	0.000	0.986	0.983	0.003	0.000
5	S	0.000	0.986	0.975	0.011	0.000
6	P	0.000	0.986	0.836	0.150	0.000
7	L	0.000	0.986	0.111	0.875	0.000
8	F	0.000	0.986	0.062	0.925	0.000
9	A	0.000	0.986	0.030	0.956	0.000
10	F	0.000	0.986	0.000	0.986	0.000
11	F	0.000	0.986	0.000	0.986	0.000
12	M	0.000	0.986	0.000	0.986	0.000
13	L	0.000	0.986	0.000	0.986	0.000
14	L	0.000	0.986	0.000	0.983	0.003
15	G	0.000	0.986	0.000	0.931	0.055
16	L	0.000	0.986	0.000	0.919	0.068
17	L	0.000	0.986	0.000	0.890	0.097
18	D	0.001	0.985	0.000	0.003	0.983
19	S	0.000	0.985	0.000	0.001	0.984
20	V	0.011	0.974	0.000	0.000	0.973
21	R	0.000	0.974	0.000	0.000	0.974
22	A	0.000	0.974	0.000	0.000	0.974
23	I	0.941	0.033	0.000	0.000	0.033
24	G	0.000	0.033	0.000	0.000	0.033
25	N	0.032	0.001	0.000	0.000	0.001
26	W	0.000	0.001	0.000	0.000	0.001
27	S	0.000	0.001	0.000	0.000	0.001
28	C	0.000	0.001	0.000	0.000	0.001
29	P	0.000	0.001	0.000	0.000	0.001
30	D	0.000	0.000	0.000	0.000	0.000
31	L	0.000	0.000	0.000	0.000	0.000
32	I	0.000	0.000	0.000	0.000	0.000
33	T	0.000	0.000	0.000	0.000	0.000
34	S	0.000	0.000	0.000	0.000	0.000
35	S	0.000	0.000	0.000	0.000	0.000
36	V	0.000	0.000	0.000	0.000	0.000
37	P	0.000	0.000	0.000	0.000	0.000
38	V	0.000	0.000	0.000	0.000	0.000
39	K	0.000	0.000	0.000	0.000	0.000
40	F	0.000	0.000	0.000	0.000	0.000
>XP_001402405.1
pos	aa	C	S	n-reg	h-reg	c-reg
1	M	0.000	0.974	0.974	0.000	0.000
2	A	0.000	0.974	0.974	0.000	0.000
3	L	0.000	0.974	0.949	0.025	0.000
4	V	0.000	0.974	0.930	0.044	0.000
5	H	0.000	0.974	0.897	0.077	0.000
6	L	0.000	0.974	0.305	0.669	0.000
7	T	0.000	0.974	0.192	0.782	0.000
8	A	0.000	0.974	0.105	0.869	0.000
9	L	0.000	0.974	0.014	0.959	0.000
10	A	0.000	0.974	0.006	0.968	0.000
11	A	0.000	0.974	0.002	0.971	0.001
12	C	0.000	0.974	0.000	0.971	0.002
13	G	0.000	0.974	0.000	0.967	0.007
14	L	0.000	0.974	0.000	0.954	0.019
15	L	0.000	0.974	0.000	0.934	0.039
16	L	0.001	0.973	0.000	0.915	0.058
17	V	0.001	0.972	0.000	0.300	0.672
18	I	0.000	0.972	0.000	0.102	0.870
19	L	0.000	0.972	0.000	0.031	0.942
20	R	0.005	0.967	0.000	0.004	0.963
21	A	0.000	0.967	0.000	0.001	0.966
22	A	0.826	0.141	0.000	0.001	0.141
23	F	0.117	0.024	0.000	0.000	0.024
24	N	0.000	0.024	0.000	0.000	0.024
25	S	0.000	0.024	0.000	0.000	0.024
26	W	0.017	0.007	0.000	0.000	0.007
27	R	0.000	0.007	0.000	0.000	0.007
28	L	0.000	0.007	0.000	0.000	0.007
29	Q	0.005	0.002	0.000	0.000	0.002
30	R	0.002	0.001	0.000	0.000	0.001
31	K	0.000	0.001	0.000	0.000	0.001
32	L	0.000	0.001	0.000	0.000	0.001
33	P	0.000	0.001	0.000	0.000	0.001
34	P	0.000	0.001	0.000	0.000	0.001
35	G	0.000	0.000	0.000	0.000	0.000
36	P	0.000	0.000	0.000	0.000	0.000
37	P	0.000	0.000	0.000	0.000	0.000
38	G	0.000	0.000	0.000	0.000	0.000
39	A	0.000	0.000	0.000	0.000	0.000
40	P	0.000	0.000	0.000	0.000	0.000
>XP_001402406.2
pos	aa	C	S	n-reg	h-reg	c-reg
1	M	0.000	0.868	0.868	0.000	0.000
2	I	0.000	0.869	0.869	0.000	0.000
3	S	0.000	0.869	0.868	0.000	0.000
4	T	0.000	0.869	0.865	0.004	0.000
5	P	0.000	0.869	0.861	0.008	0.000
6	E	0.000	0.869	0.830	0.039	0.000
7	A	0.000	0.869	0.435	0.434	0.000
8	L	0.000	0.869	0.111	0.758	0.000
9	L	0.000	0.869	0.040	0.829	0.000
10	A	0.000	0.869	0.025	0.844	0.000
11	F	0.000	0.869	0.013	0.856	0.000
12	V	0.000	0.869	0.007	0.862	0.000
13	C	0.000	0.869	0.005	0.862	0.001
14	W	0.000	0.869	0.005	0.859	0.005
15	V	0.000	0.869	0.003	0.838	0.027
16	P	0.000	0.869	0.003	0.538	0.328
17	F	0.000	0.869	0.002	0.453	0.414
18	T	0.000	0.869	0.001	0.334	0.533
19	F	0.000	0.869	0.001	0.261	0.607
20	A	0.000	0.869	0.001	0.038	0.830
21	I	0.205	0.664	0.001	0.027	0.637
22	T	0.000	0.664	0.000	0.011	0.652
23	W	0.010	0.654	0.000	0.008	0.646
24	A	0.000	0.654	0.000	0.006	0.647
25	T	0.541	0.113	0.000	0.004	0.108
26	L	0.001	0.112	0.000	0.004	0.108
27	G	0.062	0.050	0.000	0.002	0.048
28	P	0.004	0.046	0.000	0.001	0.044
29	A	0.004	0.042	0.000	0.001	0.041
30	V	0.016	0.026	0.000	0.001	0.024
31	T	0.000	0.026	0.000	0.001	0.024
32	V	0.004	0.021	0.000	0.001	0.020
33	S	0.000	0.021	0.000	0.001	0.020
34	F	0.018	0.004	0.000	0.001	0.003
35	I	0.000	0.004	0.000	0.001	0.003
36	P	0.000	0.004	0.000	0.001	0.003
37	V	0.000	0.004	0.000	0.001	0.003
38	W	0.000	0.004	0.000	0.001	0.003
39	V	0.000	0.004	0.000	0.001	0.003
40	L	0.000	0.004	0.000	0.001	0.003
>XP_001402409.2
pos	aa	C	S	n-reg	h-reg	c-reg
1	M	0.000	0.763	0.763	0.000	0.000
2	A	0.000	0.763	0.763	0.000	0.000
3	L	0.000	0.763	0.747	0.016	0.000
4	F	0.000	0.763	0.740	0.023	0.000
5	S	0.000	0.763	0.737	0.026	0.000
6	A	0.000	0.763	0.726	0.037	0.000
7	L	0.000	0.763	0.711	0.052	0.000
8	S	0.000	0.763	0.708	0.056	0.000
9	S	0.000	0.763	0.698	0.066	0.000
10	S	0.000	0.763	0.672	0.091	0.000
11	L	0.000	0.763	0.565	0.197	0.001
12	S	0.000	0.763	0.540	0.214	0.009
13	Q	0.000	0.763	0.514	0.235	0.014
14	L	0.000	0.763	0.392	0.356	0.015
15	P	0.000	0.763	0.358	0.380	0.025
16	V	0.000	0.763	0.283	0.451	0.029
17	S	0.000	0.763	0.253	0.472	0.039
18	V	0.000	0.763	0.137	0.583	0.043
19	W	0.000	0.763	0.096	0.604	0.063
20	L	0.000	0.763	0.068	0.617	0.077
21	I	0.011	0.752	0.061	0.606	0.085
22	A	0.000	0.752	0.058	0.554	0.140
23	A	0.005	0.747	0.058	0.351	0.338
24	A	0.029	0.718	0.058	0.319	0.341
25	T	0.032	0.686	0.058	0.295	0.333
26	F	0.011	0.675	0.058	0.274	0.344
27	A	0.000	0.675	0.058	0.206	0.411
28	V	0.280	0.396	0.058	0.188	0.149
29	Y	0.000	0.395	0.058	0.141	0.196
30	H	0.000	0.395	0.058	0.002	0.335
31	A	0.000	0.395	0.058	0.001	0.336
32	I	0.072	0.323	0.058	0.001	0.265
33	R	0.000	0.323	0.058	0.000	0.265
34	A	0.000	0.323	0.052	0.006	0.265
35	V	0.224	0.099	0.032	0.026	0.041
36	Y	0.000	0.099	0.021	0.038	0.041
37	L	0.000	0.099	0.005	0.053	0.041
38	I	0.026	0.073	0.002	0.057	0.015
39	F	0.000	0.073	0.000	0.058	0.015
40	F	0.000	0.073	0.000	0.058	0.015
>XP_001402413.2
pos	aa	C	S	n-reg	h-reg	c-reg
1	M	0.000	0.762	0.762	0.000	0.000
2	V	0.000	0.762	0.762	0.000	0.000
3	N	0.000	0.762	0.741	0.022	0.000
4	L	0.000	0.762	0.357	0.406	0.000
5	A	0.000	0.762	0.276	0.487	0.000
6	Y	0.000	0.762	0.171	0.591	0.000
7	I	0.000	0.762	0.033	0.729	0.000
8	L	0.000	0.762	0.005	0.757	0.000
9	G	0.000	0.762	0.003	0.760	0.000
10	A	0.000	0.762	0.001	0.761	0.000
11	V	0.000	0.762	0.001	0.761	0.000
12	A	0.000	0.762	0.001	0.746	0.016
13	V	0.000	0.762	0.000	0.723	0.039
14	F	0.000	0.762	0.000	0.635	0.127
15	S	0.000	0.762	0.000	0.465	0.297
16	T	0.001	0.761	0.000	0.097	0.664
17	S	0.000	0.761	0.000	0.016	0.745
18	G	0.002	0.759	0.000	0.006	0.753
19	T	0.014	0.745	0.000	0.002	0.742
20	A	0.018	0.726	0.000	0.002	0.725
21	A	0.478	0.248	0.000	0.001	0.247
22	D	0.162	0.086	0.000	0.000	0.086
23	V	0.000	0.086	0.000	0.000	0.086
24	S	0.000	0.086	0.000	0.000	0.086
25	L	0.000	0.086	0.000	0.000	0.086
26	S	0.001	0.085	0.000	0.000	0.084
27	S	0.008	0.077	0.000	0.000	0.076
28	S	0.000	0.076	0.000	0.000	0.076
29	V	0.002	0.075	0.000	0.000	0.074
30	A	0.000	0.075	0.000	0.000	0.074
31	A	0.007	0.068	0.000	0.000	0.068
32	S	0.020	0.048	0.000	0.000	0.048
33	T	0.004	0.044	0.000	0.000	0.044
34	T	0.002	0.043	0.000	0.000	0.043
35	P	0.000	0.042	0.000	0.000	0.042
36	S	0.000	0.042	0.000	0.000	0.042
37	A	0.000	0.042	0.000	0.000	0.042
38	A	0.000	0.041	0.000	0.000	0.041
39	G	0.006	0.035	0.000	0.000	0.035
40	S	0.002	0.034	0.000	0.000	0.034
>XP_001402414.1
pos	aa	C	S	n-reg	h-reg	c-reg
1	M	0.000	0.995	0.995	0.000	0.000
2	Q	0.000	0.995	0.995	0.000	0.000
3	F	0.000	0.995	0.978	0.017	0.000
4	K	0.000	0.995	0.968	0.027	0.000
5	I	0.000	0.995	0.329	0.666	0.000
6	L	0.000	0.995	0.072	0.923	0.000
7	A	0.000	0.995	0.045	0.950	0.000
8	L	0.000	0.995	0.020	0.975	0.000
9	S	0.000	0.995	0.014	0.982	0.000
10	T	0.000	0.995	0.008	0.987	0.000
11	L	0.000	0.995	0.002	0.992	0.001
12	V	0.000	0.995	0.000	0.982	0.013
13	A	0.000	0.995	0.000	0.582	0.413
14	T	0.000	0.995	0.000	0.272	0.723
15	A	0.000	0.995	0.000	0.203	0.792
16	A	0.020	0.975	0.000	0.155	0.820
17	A	0.125	0.850	0.000	0.083	0.767
18	T	0.335	0.515	0.000	0.046	0.469
19	L	0.240	0.275	0.000	0.042	0.233
20	D	0.060	0.215	0.000	0.000	0.214
21	I	0.000	0.215	0.000	0.000	0.214
22	A	0.000	0.215	0.000	0.000	0.214
23	F	0.052	0.163	0.000	0.000	0.163
24	S	0.000	0.163	0.000	0.000	0.163
25	G	0.158	0.005	0.000	0.000	0.005
26	Y	0.001	0.004	0.000	0.000	0.004
27	Y	0.000	0.004	0.000	0.000	0.004
28	Y	0.000	0.004	0.000	0.000	0.004
29	A	0.000	0.004	0.000	0.000	0.004
30	D	0.001	0.002	0.000	0.000	0.002
31	C	0.000	0.002	0.000	0.000	0.002
32	V	0.001	0.002	0.000	0.000	0.002
33	S	0.000	0.002	0.000	0.000	0.002
34	P	0.000	0.001	0.000	0.000	0.001
35	S	0.000	0.001	0.000	0.000	0.001
36	I	0.000	0.001	0.000	0.000	0.001
37	E	0.000	0.001	0.000	0.000	0.001
38	A	0.000	0.001	0.000	0.000	0.001
39	A	0.001	0.000	0.000	0.000	0.000
40	N	0.000	0.000	0.000	0.000	0.000
>XP_001402424.2
pos	aa	C	S	n-reg	h-reg	c-reg
1	M	0.000	0.032	0.032	0.000	0.000
2	D	0.000	0.033	0.033	0.000	0.000
3	S	0.000	0.033	0.033	0.000	0.000
4	N	0.000	0.033	0.033	0.000	0.000
5	L	0.000	0.033	0.033	0.000	0.000
6	W	0.000	0.033	0.033	0.000	0.000
7	Y	0.000	0.033	0.033	0.000	0.000
8	A	0.000	0.033	0.033	0.000	0.000
9	M	0.000	0.033	0.033	0.000	0.000
10	L	0.000	0.033	0.033	0.000	0.000
11	N	0.000	0.033	0.033	0.000	0.000
12	D	0.000	0.033	0.033	0.000	0.000
13	T	0.000	0.033	0.030	0.003	0.000
14	L	0.000	0.033	0.027	0.006	0.000
15	C	0.000	0.033	0.025	0.008	0.000
16	Y	0.000	0.033	0.025	0.008	0.000
17	A	0.000	0.033	0.024	0.009	0.000
18	N	0.000	0.033	0.023	0.010	0.000
19	L	0.000	0.033	0.014	0.019	0.000
20	W	0.000	0.033	0.010	0.023	0.000
21	V	0.000	0.033	0.003	0.030	0.000
22	L	0.000	0.033	0.001	0.032	0.000
23	A	0.000	0.033	0.001	0.030	0.002
24	C	0.000	0.033	0.001	0.028	0.004
25	M	0.000	0.033	0.001	0.026	0.006
26	I	0.000	0.033	0.001	0.025	0.007
27	V	0.000	0.033	0.001	0.022	0.010
28	V	0.000	0.033	0.001	0.021	0.011
29	V	0.000	0.033	0.001	0.020	0.013
30	F	0.000	0.033	0.001	0.017	0.015
31	A	0.000	0.033	0.001	0.012	0.020
32	W	0.011	0.022	0.001	0.004	0.017
33	Q	0.000	0.021	0.001	0.000	0.021
34	S	0.001	0.020	0.001	0.000	0.019
35	S	0.000	0.020	0.001	0.000	0.019
36	G	0.001	0.019	0.001	0.000	0.018
37	R	0.006	0.013	0.001	0.000	0.012
38	L	0.000	0.013	0.001	0.000	0.012
39	S	0.001	0.012	0.001	0.000	0.012
40	A	0.006	0.007	0.001	0.000	0.006
