>XP_001400498.2
pos	aa	C	S	n-reg	h-reg	c-reg
1	M	0.000	0.996	0.996	0.000	0.000
2	K	0.000	0.996	0.996	0.000	0.000
3	I	0.000	0.996	0.985	0.010	0.000
4	H	0.000	0.996	0.981	0.015	0.000
5	S	0.000	0.996	0.904	0.092	0.000
6	S	0.000	0.996	0.612	0.384	0.000
7	S	0.000	0.996	0.373	0.622	0.000
8	L	0.000	0.996	0.110	0.886	0.000
9	L	0.000	0.996	0.012	0.983	0.000
10	L	0.000	0.996	0.003	0.993	0.000
11	F	0.000	0.996	0.001	0.995	0.000
12	L	0.000	0.996	0.000	0.995	0.000
13	L	0.000	0.996	0.000	0.990	0.006
14	P	0.000	0.996	0.000	0.923	0.073
15	A	0.000	0.996	0.000	0.894	0.101
16	L	0.000	0.995	0.000	0.858	0.137
17	P	0.000	0.995	0.000	0.101	0.894
18	V	0.003	0.993	0.000	0.084	0.909
19	A	0.000	0.993	0.000	0.029	0.963
20	L	0.004	0.988	0.000	0.020	0.969
21	T	0.017	0.971	0.000	0.013	0.958
22	D	0.874	0.097	0.000	0.000	0.097
23	P	0.000	0.097	0.000	0.000	0.097
24	S	0.029	0.068	0.000	0.000	0.068
25	S	0.000	0.068	0.000	0.000	0.068
26	A	0.002	0.066	0.000	0.000	0.066
27	D	0.065	0.000	0.000	0.000	0.000
28	N	0.000	0.000	0.000	0.000	0.000
29	G	0.000	0.000	0.000	0.000	0.000
30	A	0.000	0.000	0.000	0.000	0.000
31	K	0.000	0.000	0.000	0.000	0.000
32	D	0.000	0.000	0.000	0.000	0.000
33	S	0.000	0.000	0.000	0.000	0.000
34	L	0.000	0.000	0.000	0.000	0.000
35	L	0.000	0.000	0.000	0.000	0.000
36	A	0.000	0.000	0.000	0.000	0.000
37	E	0.000	0.000	0.000	0.000	0.000
38	R	0.000	0.000	0.000	0.000	0.000
39	E	0.000	0.000	0.000	0.000	0.000
40	A	0.000	0.000	0.000	0.000	0.000
>XP_001400502.1
pos	aa	C	S	n-reg	h-reg	c-reg
1	M	0.000	0.993	0.993	0.000	0.000
2	P	0.000	0.993	0.993	0.000	0.000
3	K	0.000	0.993	0.993	0.000	0.000
4	A	0.000	0.993	0.992	0.001	0.000
5	S	0.000	0.993	0.992	0.001	0.000
6	A	0.000	0.993	0.989	0.004	0.000
7	T	0.000	0.993	0.979	0.015	0.000
8	K	0.000	0.993	0.970	0.023	0.000
9	I	0.000	0.993	0.376	0.617	0.000
10	I	0.000	0.993	0.143	0.850	0.000
11	S	0.000	0.993	0.042	0.951	0.000
12	L	0.000	0.993	0.014	0.979	0.000
13	S	0.000	0.993	0.009	0.984	0.000
14	I	0.000	0.993	0.004	0.989	0.000
15	F	0.000	0.993	0.002	0.990	0.001
16	S	0.000	0.993	0.001	0.988	0.004
17	L	0.000	0.993	0.000	0.968	0.025
18	L	0.000	0.993	0.000	0.921	0.072
19	T	0.000	0.993	0.000	0.196	0.797
20	T	0.000	0.993	0.000	0.129	0.864
21	A	0.000	0.993	0.000	0.038	0.955
22	S	0.013	0.980	0.000	0.026	0.953
23	A	0.019	0.961	0.000	0.016	0.944
24	Y	0.807	0.154	0.000	0.006	0.147
25	T	0.000	0.154	0.000	0.003	0.150
26	I	0.088	0.065	0.000	0.003	0.062
27	V	0.000	0.065	0.000	0.001	0.064
28	G	0.000	0.065	0.000	0.000	0.065
29	C	0.005	0.060	0.000	0.000	0.060
30	Y	0.020	0.040	0.000	0.000	0.040
31	S	0.000	0.040	0.000	0.000	0.040
32	S	0.039	0.001	0.000	0.000	0.001
33	P	0.000	0.001	0.000	0.000	0.001
34	G	0.000	0.001	0.000	0.000	0.001
35	Q	0.000	0.001	0.000	0.000	0.001
36	L	0.000	0.001	0.000	0.000	0.001
37	T	0.000	0.001	0.000	0.000	0.001
38	S	0.000	0.001	0.000	0.000	0.001
39	A	0.000	0.001	0.000	0.000	0.001
40	G	0.000	0.000	0.000	0.000	0.000
>XP_001400505.1
pos	aa	C	S	n-reg	h-reg	c-reg
1	M	0.000	0.957	0.957	0.000	0.000
2	T	0.000	0.957	0.957	0.000	0.000
3	R	0.000	0.957	0.955	0.002	0.000
4	F	0.000	0.957	0.727	0.230	0.000
5	Q	0.000	0.957	0.650	0.306	0.000
6	L	0.000	0.957	0.158	0.798	0.000
7	L	0.000	0.957	0.033	0.924	0.000
8	P	0.000	0.957	0.018	0.939	0.000
9	L	0.000	0.957	0.003	0.953	0.000
10	V	0.000	0.957	0.001	0.956	0.000
11	A	0.000	0.957	0.001	0.956	0.000
12	G	0.000	0.957	0.000	0.947	0.010
13	L	0.000	0.957	0.000	0.937	0.020
14	L	0.000	0.957	0.000	0.870	0.086
15	A	0.000	0.957	0.000	0.599	0.358
16	P	0.000	0.957	0.000	0.087	0.869
17	S	0.000	0.956	0.000	0.055	0.901
18	I	0.000	0.956	0.000	0.016	0.940
19	A	0.000	0.956	0.000	0.008	0.948
20	A	0.148	0.808	0.000	0.001	0.807
21	L	0.610	0.198	0.000	0.001	0.197
22	S	0.056	0.142	0.000	0.000	0.142
23	I	0.125	0.017	0.000	0.000	0.017
24	P	0.000	0.017	0.000	0.000	0.017
25	S	0.015	0.002	0.000	0.000	0.002
26	P	0.000	0.002	0.000	0.000	0.002
27	Q	0.001	0.001	0.000	0.000	0.001
28	Q	0.001	0.001	0.000	0.000	0.001
29	I	0.000	0.001	0.000	0.000	0.001
30	L	0.000	0.001	0.000	0.000	0.001
31	D	0.000	0.001	0.000	0.000	0.001
32	S	0.000	0.001	0.000	0.000	0.001
33	L	0.000	0.000	0.000	0.000	0.000
34	T	0.000	0.000	0.000	0.000	0.000
35	F	0.000	0.000	0.000	0.000	0.000
36	G	0.000	0.000	0.000	0.000	0.000
37	E	0.000	0.000	0.000	0.000	0.000
38	H	0.000	0.000	0.000	0.000	0.000
39	T	0.000	0.000	0.000	0.000	0.000
40	D	0.000	0.000	0.000	0.000	0.000
>XP_001400506.1
pos	aa	C	S	n-reg	h-reg	c-reg
1	M	0.000	0.926	0.926	0.000	0.000
2	Y	0.000	0.926	0.926	0.000	0.000
3	Q	0.000	0.926	0.838	0.088	0.000
4	F	0.000	0.926	0.291	0.635	0.000
5	F	0.000	0.926	0.169	0.757	0.000
6	I	0.000	0.926	0.050	0.876	0.000
7	S	0.000	0.926	0.004	0.922	0.000
8	L	0.000	0.926	0.001	0.926	0.000
9	L	0.000	0.926	0.000	0.926	0.000
10	V	0.000	0.926	0.000	0.926	0.000
11	T	0.000	0.926	0.000	0.923	0.003
12	V	0.000	0.926	0.000	0.900	0.026
13	L	0.000	0.926	0.000	0.853	0.073
14	A	0.000	0.926	0.000	0.755	0.172
15	S	0.001	0.925	0.000	0.046	0.879
16	S	0.000	0.925	0.000	0.015	0.910
17	A	0.010	0.915	0.000	0.001	0.914
18	R	0.021	0.894	0.000	0.000	0.894
19	A	0.000	0.894	0.000	0.000	0.894
20	T	0.848	0.047	0.000	0.000	0.047
21	S	0.002	0.045	0.000	0.000	0.045
22	V	0.041	0.004	0.000	0.000	0.004
23	F	0.000	0.004	0.000	0.000	0.004
24	S	0.000	0.004	0.000	0.000	0.004
25	P	0.002	0.002	0.000	0.000	0.002
26	A	0.000	0.002	0.000	0.000	0.002
27	R	0.001	0.001	0.000	0.000	0.001
28	P	0.000	0.001	0.000	0.000	0.001
29	P	0.000	0.000	0.000	0.000	0.000
30	A	0.000	0.000	0.000	0.000	0.000
31	I	0.000	0.000	0.000	0.000	0.000
32	P	0.000	0.000	0.000	0.000	0.000
33	L	0.000	0.000	0.000	0.000	0.000
34	A	0.000	0.000	0.000	0.000	0.000
35	V	0.000	0.000	0.000	0.000	0.000
36	K	0.000	0.000	0.000	0.000	0.000
37	S	0.000	0.000	0.000	0.000	0.000
38	P	0.000	0.000	0.000	0.000	0.000
39	Y	0.000	0.000	0.000	0.000	0.000
40	L	0.000	0.000	0.000	0.000	0.000
>XP_001400508.2
pos	aa	C	S	n-reg	h-reg	c-reg
1	M	0.000	0.962	0.962	0.000	0.000
2	I	0.000	0.962	0.962	0.000	0.000
3	W	0.000	0.962	0.646	0.316	0.000
4	C	0.000	0.962	0.008	0.954	0.000
5	L	0.000	0.962	0.002	0.960	0.000
6	F	0.000	0.962	0.000	0.962	0.000
7	A	0.000	0.962	0.000	0.962	0.000
8	L	0.000	0.962	0.000	0.962	0.000
9	L	0.000	0.962	0.000	0.962	0.000
10	F	0.000	0.962	0.000	0.961	0.001
11	S	0.000	0.962	0.000	0.892	0.070
12	Q	0.000	0.962	0.000	0.027	0.935
13	F	0.000	0.962	0.000	0.018	0.944
14	A	0.000	0.962	0.000	0.001	0.961
15	F	0.000	0.962	0.000	0.000	0.961
16	A	0.000	0.962	0.000	0.000	0.961
17	Q	0.959	0.002	0.000	0.000	0.002
18	R	0.000	0.002	0.000	0.000	0.002
19	H	0.000	0.002	0.000	0.000	0.002
20	D	0.000	0.002	0.000	0.000	0.002
21	E	0.000	0.002	0.000	0.000	0.002
22	D	0.000	0.002	0.000	0.000	0.002
23	L	0.000	0.002	0.000	0.000	0.002
24	M	0.000	0.002	0.000	0.000	0.002
25	S	0.000	0.002	0.000	0.000	0.002
26	F	0.000	0.002	0.000	0.000	0.002
27	V	0.000	0.002	0.000	0.000	0.002
28	T	0.000	0.002	0.000	0.000	0.002
29	L	0.000	0.002	0.000	0.000	0.002
30	P	0.000	0.002	0.000	0.000	0.002
31	E	0.000	0.002	0.000	0.000	0.002
32	V	0.000	0.002	0.000	0.000	0.002
33	R	0.000	0.002	0.000	0.000	0.002
34	A	0.000	0.002	0.000	0.000	0.002
35	L	0.002	0.000	0.000	0.000	0.000
36	K	0.000	0.000	0.000	0.000	0.000
37	W	0.000	0.000	0.000	0.000	0.000
38	E	0.000	0.000	0.000	0.000	0.000
39	I	0.000	0.000	0.000	0.000	0.000
40	T	0.000	0.000	0.000	0.000	0.000
>XP_001400511.2
pos	aa	C	S	n-reg	h-reg	c-reg
1	M	0.000	0.480	0.480	0.000	0.000
2	W	0.000	0.480	0.480	0.000	0.000
3	T	0.000	0.480	0.357	0.123	0.000
4	F	0.000	0.480	0.139	0.341	0.000
5	L	0.000	0.480	0.050	0.430	0.000
6	V	0.000	0.480	0.021	0.458	0.000
7	Q	0.000	0.480	0.016	0.463	0.000
8	F	0.000	0.480	0.001	0.479	0.000
9	F	0.000	0.480	0.000	0.479	0.000
10	S	0.000	0.480	0.000	0.479	0.001
11	T	0.000	0.480	0.000	0.473	0.006
12	V	0.000	0.480	0.000	0.459	0.021
13	L	0.000	0.480	0.000	0.378	0.102
14	Q	0.000	0.480	0.000	0.192	0.288
15	F	0.007	0.472	0.000	0.170	0.302
16	R	0.000	0.472	0.000	0.002	0.470
17	L	0.000	0.472	0.000	0.002	0.470
18	S	0.001	0.471	0.000	0.000	0.471
19	M	0.063	0.408	0.000	0.000	0.408
20	T	0.000	0.408	0.000	0.000	0.408
21	K	0.395	0.013	0.000	0.000	0.013
22	P	0.000	0.013	0.000	0.000	0.013
23	S	0.010	0.004	0.000	0.000	0.004
24	E	0.000	0.003	0.000	0.000	0.003
25	T	0.000	0.003	0.000	0.000	0.003
26	I	0.002	0.001	0.000	0.000	0.001
27	V	0.000	0.001	0.000	0.000	0.001
28	A	0.000	0.001	0.000	0.000	0.001
29	Y	0.001	0.000	0.000	0.000	0.000
30	D	0.000	0.000	0.000	0.000	0.000
31	L	0.000	0.000	0.000	0.000	0.000
32	T	0.000	0.000	0.000	0.000	0.000
33	S	0.000	0.000	0.000	0.000	0.000
34	T	0.000	0.000	0.000	0.000	0.000
35	A	0.000	0.000	0.000	0.000	0.000
36	L	0.000	0.000	0.000	0.000	0.000
37	P	0.000	0.000	0.000	0.000	0.000
38	C	0.000	0.000	0.000	0.000	0.000
39	Y	0.000	0.000	0.000	0.000	0.000
40	V	0.000	0.000	0.000	0.000	0.000
>XP_001400529.2
pos	aa	C	S	n-reg	h-reg	c-reg
1	M	0.000	0.168	0.168	0.000	0.000
2	S	0.000	0.168	0.168	0.000	0.000
3	K	0.000	0.168	0.168	0.000	0.000
4	V	0.000	0.168	0.168	0.000	0.000
5	V	0.000	0.168	0.168	0.000	0.000
6	H	0.000	0.168	0.168	0.000	0.000
7	W	0.000	0.168	0.168	0.000	0.000
8	M	0.000	0.168	0.168	0.000	0.000
9	K	0.000	0.168	0.168	0.000	0.000
10	H	0.000	0.168	0.168	0.001	0.000
11	Y	0.000	0.168	0.165	0.004	0.000
12	H	0.000	0.168	0.161	0.007	0.000
13	W	0.000	0.168	0.146	0.022	0.000
14	L	0.000	0.168	0.099	0.070	0.000
15	I	0.000	0.168	0.062	0.106	0.000
16	Y	0.000	0.168	0.048	0.121	0.000
17	L	0.000	0.168	0.029	0.139	0.000
18	A	0.000	0.168	0.021	0.147	0.000
19	Q	0.000	0.168	0.014	0.153	0.001
20	L	0.000	0.168	0.003	0.163	0.002
21	I	0.000	0.168	0.001	0.162	0.005
22	P	0.000	0.168	0.000	0.143	0.025
23	P	0.000	0.168	0.000	0.131	0.037
24	W	0.000	0.168	0.000	0.130	0.038
25	I	0.000	0.168	0.000	0.129	0.039
26	V	0.000	0.168	0.000	0.104	0.064
27	S	0.000	0.168	0.000	0.036	0.131
28	W	0.033	0.135	0.000	0.025	0.110
29	I	0.000	0.135	0.000	0.020	0.115
30	S	0.000	0.134	0.000	0.001	0.133
31	P	0.000	0.134	0.000	0.000	0.134
32	T	0.004	0.130	0.000	0.000	0.130
33	V	0.000	0.130	0.000	0.000	0.129
34	A	0.000	0.129	0.000	0.000	0.129
35	N	0.129	0.000	0.000	0.000	0.000
36	V	0.000	0.000	0.000	0.000	0.000
37	L	0.000	0.000	0.000	0.000	0.000
38	E	0.000	0.000	0.000	0.000	0.000
39	D	0.000	0.000	0.000	0.000	0.000
40	E	0.000	0.000	0.000	0.000	0.000
>XP_001400536.1
pos	aa	C	S	n-reg	h-reg	c-reg
1	M	0.000	0.999	0.999	0.000	0.000
2	Q	0.000	0.999	0.999	0.000	0.000
3	L	0.000	0.999	0.949	0.051	0.000
4	S	0.000	0.999	0.901	0.098	0.000
5	N	0.000	0.999	0.834	0.166	0.000
6	L	0.000	0.999	0.205	0.794	0.000
7	F	0.000	0.999	0.051	0.948	0.000
8	V	0.000	0.999	0.004	0.996	0.000
9	T	0.000	0.999	0.002	0.998	0.000
10	A	0.000	0.999	0.001	0.999	0.000
11	F	0.000	0.999	0.000	0.999	0.000
12	A	0.000	0.999	0.000	0.994	0.005
13	L	0.000	0.999	0.000	0.985	0.015
14	L	0.000	0.999	0.000	0.908	0.092
15	A	0.000	0.999	0.000	0.765	0.234
16	S	0.000	0.999	0.000	0.073	0.926
17	H	0.000	0.999	0.000	0.020	0.978
18	V	0.000	0.999	0.000	0.009	0.990
19	Y	0.000	0.999	0.000	0.003	0.996
20	A	0.000	0.999	0.000	0.001	0.998
21	Q	0.937	0.062	0.000	0.000	0.061
22	T	0.000	0.061	0.000	0.000	0.061
23	G	0.025	0.037	0.000	0.000	0.037
24	S	0.001	0.035	0.000	0.000	0.035
25	Q	0.018	0.017	0.000	0.000	0.017
26	G	0.002	0.016	0.000	0.000	0.016
27	V	0.016	0.000	0.000	0.000	0.000
28	D	0.000	0.000	0.000	0.000	0.000
29	T	0.000	0.000	0.000	0.000	0.000
30	G	0.000	0.000	0.000	0.000	0.000
31	N	0.000	0.000	0.000	0.000	0.000
32	K	0.000	0.000	0.000	0.000	0.000
33	L	0.000	0.000	0.000	0.000	0.000
34	C	0.000	0.000	0.000	0.000	0.000
35	T	0.000	0.000	0.000	0.000	0.000
36	G	0.000	0.000	0.000	0.000	0.000
37	A	0.000	0.000	0.000	0.000	0.000
38	C	0.000	0.000	0.000	0.000	0.000
39	L	0.000	0.000	0.000	0.000	0.000
40	P	0.000	0.000	0.000	0.000	0.000
>XP_001400552.1
pos	aa	C	S	n-reg	h-reg	c-reg
1	M	0.000	0.999	0.999	0.000	0.000
2	R	0.000	0.999	0.999	0.000	0.000
3	S	0.000	0.999	0.813	0.186	0.000
4	L	0.000	0.999	0.400	0.599	0.000
5	T	0.000	0.999	0.315	0.684	0.000
6	W	0.000	0.999	0.155	0.844	0.000
7	A	0.000	0.999	0.057	0.942	0.000
8	A	0.000	0.999	0.009	0.990	0.000
9	C	0.000	0.999	0.002	0.997	0.000
10	L	0.000	0.999	0.000	0.999	0.000
11	A	0.000	0.999	0.000	0.983	0.016
12	L	0.000	0.999	0.000	0.939	0.059
13	A	0.000	0.999	0.000	0.819	0.180
14	G	0.000	0.999	0.000	0.456	0.542
15	T	0.000	0.999	0.000	0.398	0.600
16	A	0.001	0.997	0.000	0.050	0.947
17	F	0.004	0.993	0.000	0.031	0.963
18	A	0.000	0.993	0.000	0.000	0.993
19	H	0.383	0.610	0.000	0.000	0.610
20	A	0.000	0.610	0.000	0.000	0.610
21	H	0.610	0.000	0.000	0.000	0.000
22	H	0.000	0.000	0.000	0.000	0.000
23	D	0.000	0.000	0.000	0.000	0.000
24	H	0.000	0.000	0.000	0.000	0.000
25	E	0.000	0.000	0.000	0.000	0.000
26	E	0.000	0.000	0.000	0.000	0.000
27	V	0.000	0.000	0.000	0.000	0.000
28	P	0.000	0.000	0.000	0.000	0.000
29	E	0.000	0.000	0.000	0.000	0.000
30	H	0.000	0.000	0.000	0.000	0.000
31	V	0.000	0.000	0.000	0.000	0.000
32	R	0.000	0.000	0.000	0.000	0.000
33	E	0.000	0.000	0.000	0.000	0.000
34	E	0.000	0.000	0.000	0.000	0.000
35	L	0.000	0.000	0.000	0.000	0.000
36	L	0.000	0.000	0.000	0.000	0.000
37	R	0.000	0.000	0.000	0.000	0.000
38	K	0.000	0.000	0.000	0.000	0.000
39	W	0.000	0.000	0.000	0.000	0.000
40	D	0.000	0.000	0.000	0.000	0.000
>XP_001400559.2
pos	aa	C	S	n-reg	h-reg	c-reg
1	M	0.000	1.000	1.000	0.000	0.000
2	S	0.000	1.000	1.000	0.000	0.000
3	P	0.000	1.000	1.000	0.000	0.000
4	P	0.000	1.000	1.000	0.000	0.000
5	L	0.000	1.000	1.000	0.000	0.000
6	P	0.000	1.000	1.000	0.000	0.000
7	L	0.000	1.000	1.000	0.000	0.000
8	L	0.000	1.000	1.000	0.000	0.000
9	P	0.000	1.000	1.000	0.000	0.000
10	G	0.000	1.000	1.000	0.000	0.000
11	S	0.000	1.000	1.000	0.000	0.000
12	N	0.000	1.000	1.000	0.000	0.000
13	A	0.000	1.000	1.000	0.000	0.000
14	R	0.000	1.000	1.000	0.000	0.000
15	L	0.000	1.000	1.000	0.000	0.000
16	G	0.000	1.000	1.000	0.000	0.000
17	R	0.000	1.000	1.000	0.000	0.000
18	F	0.000	1.000	0.979	0.021	0.000
19	S	0.000	1.000	0.951	0.049	0.000
20	S	0.000	1.000	0.760	0.240	0.000
21	S	0.000	1.000	0.424	0.576	0.000
22	L	0.000	1.000	0.099	0.901	0.000
23	L	0.000	1.000	0.021	0.979	0.000
24	L	0.000	1.000	0.001	0.999	0.000
25	L	0.000	1.000	0.000	1.000	0.000
26	L	0.000	1.000	0.000	1.000	0.000
27	L	0.000	1.000	0.000	1.000	0.000
28	L	0.000	1.000	0.000	0.998	0.002
29	L	0.000	1.000	0.000	0.987	0.013
30	L	0.000	1.000	0.000	0.943	0.057
31	L	0.000	1.000	0.000	0.854	0.146
32	S	0.000	1.000	0.000	0.093	0.907
33	Q	0.001	0.999	0.000	0.035	0.963
34	S	0.000	0.998	0.000	0.002	0.997
35	L	0.019	0.979	0.000	0.001	0.978
36	C	0.000	0.979	0.000	0.000	0.979
37	H	0.750	0.229	0.000	0.000	0.229
38	P	0.000	0.229	0.000	0.000	0.229
39	S	0.185	0.044	0.000	0.000	0.044
40	P	0.000	0.044	0.000	0.000	0.044
>XP_001400560.2
pos	aa	C	S	n-reg	h-reg	c-reg
1	M	0.000	0.963	0.963	0.000	0.000
2	K	0.000	0.963	0.963	0.000	0.000
3	P	0.000	0.963	0.944	0.018	0.000
4	G	0.000	0.963	0.791	0.172	0.000
5	Y	0.000	0.963	0.595	0.368	0.000
6	C	0.000	0.963	0.152	0.811	0.000
7	L	0.000	0.963	0.020	0.943	0.000
8	L	0.000	0.963	0.001	0.962	0.000
9	L	0.000	0.963	0.000	0.963	0.000
10	A	0.000	0.963	0.000	0.963	0.000
11	A	0.000	0.963	0.000	0.958	0.005
12	S	0.000	0.963	0.000	0.918	0.045
13	A	0.000	0.963	0.000	0.881	0.082
14	A	0.000	0.963	0.000	0.700	0.262
15	L	0.001	0.962	0.000	0.585	0.377
16	S	0.000	0.962	0.000	0.060	0.902
17	C	0.010	0.951	0.000	0.020	0.931
18	A	0.014	0.938	0.000	0.002	0.935
19	S	0.198	0.739	0.000	0.000	0.739
20	Q	0.181	0.558	0.000	0.000	0.558
21	H	0.545	0.013	0.000	0.000	0.013
22	P	0.000	0.013	0.000	0.000	0.013
23	I	0.004	0.009	0.000	0.000	0.009
24	V	0.000	0.009	0.000	0.000	0.009
25	D	0.000	0.009	0.000	0.000	0.009
26	L	0.000	0.009	0.000	0.000	0.009
27	G	0.004	0.005	0.000	0.000	0.005
28	Y	0.001	0.004	0.000	0.000	0.004
29	A	0.000	0.004	0.000	0.000	0.004
30	I	0.004	0.000	0.000	0.000	0.000
31	Y	0.000	0.000	0.000	0.000	0.000
32	Q	0.000	0.000	0.000	0.000	0.000
33	G	0.000	0.000	0.000	0.000	0.000
34	S	0.000	0.000	0.000	0.000	0.000
35	Y	0.000	0.000	0.000	0.000	0.000
36	S	0.000	0.000	0.000	0.000	0.000
37	T	0.000	0.000	0.000	0.000	0.000
38	A	0.000	0.000	0.000	0.000	0.000
39	Y	0.000	0.000	0.000	0.000	0.000
40	D	0.000	0.000	0.000	0.000	0.000
>XP_001400566.2
pos	aa	C	S	n-reg	h-reg	c-reg
1	M	0.000	0.990	0.990	0.000	0.000
2	A	0.000	0.990	0.990	0.000	0.000
3	F	0.000	0.990	0.968	0.022	0.000
4	T	0.000	0.990	0.944	0.047	0.000
5	S	0.000	0.990	0.910	0.081	0.000
6	L	0.000	0.990	0.658	0.332	0.000
7	A	0.000	0.990	0.497	0.493	0.000
8	G	0.000	0.990	0.362	0.628	0.000
9	L	0.000	0.990	0.081	0.909	0.000
10	V	0.000	0.990	0.032	0.958	0.000
11	I	0.000	0.990	0.013	0.975	0.002
12	T	0.000	0.990	0.008	0.963	0.019
13	T	0.000	0.990	0.006	0.961	0.024
14	A	0.000	0.990	0.003	0.955	0.032
15	I	0.001	0.990	0.002	0.939	0.049
16	A	0.000	0.990	0.001	0.893	0.096
17	V	0.012	0.977	0.001	0.805	0.172
18	L	0.000	0.977	0.000	0.612	0.365
19	S	0.002	0.976	0.000	0.335	0.640
20	S	0.032	0.944	0.000	0.050	0.893
21	G	0.012	0.932	0.000	0.018	0.915
22	V	0.032	0.900	0.000	0.009	0.891
23	G	0.000	0.900	0.000	0.007	0.893
24	A	0.116	0.784	0.000	0.004	0.779
25	S	0.501	0.283	0.000	0.003	0.280
26	A	0.085	0.198	0.000	0.002	0.196
27	V	0.158	0.040	0.000	0.002	0.039
28	G	0.000	0.040	0.000	0.001	0.039
29	S	0.012	0.028	0.000	0.000	0.028
30	L	0.004	0.024	0.000	0.000	0.024
31	T	0.001	0.023	0.000	0.000	0.023
32	T	0.002	0.021	0.000	0.000	0.021
33	A	0.005	0.016	0.000	0.000	0.015
34	S	0.007	0.008	0.000	0.000	0.008
35	T	0.000	0.008	0.000	0.000	0.008
36	T	0.004	0.004	0.000	0.000	0.004
37	S	0.001	0.003	0.000	0.000	0.003
38	I	0.001	0.002	0.000	0.000	0.002
39	T	0.000	0.002	0.000	0.000	0.002
40	P	0.000	0.001	0.000	0.000	0.001
>XP_001400580.1
pos	aa	C	S	n-reg	h-reg	c-reg
1	M	0.000	0.999	0.999	0.000	0.000
2	H	0.000	0.999	0.999	0.000	0.000
3	F	0.000	0.999	0.966	0.033	0.000
4	T	0.000	0.999	0.873	0.126	0.000
5	T	0.000	0.999	0.766	0.233	0.000
6	S	0.000	0.999	0.598	0.402	0.000
7	T	0.000	0.999	0.293	0.706	0.000
8	L	0.000	0.999	0.030	0.970	0.000
9	L	0.000	0.999	0.007	0.992	0.000
10	T	0.000	0.999	0.003	0.996	0.000
11	L	0.000	0.999	0.001	0.998	0.000
12	L	0.000	0.999	0.000	0.995	0.004
13	P	0.000	0.999	0.000	0.973	0.026
14	L	0.000	0.999	0.000	0.963	0.036
15	L	0.000	0.999	0.000	0.930	0.070
16	S	0.000	0.999	0.000	0.229	0.770
17	L	0.001	0.999	0.000	0.165	0.833
18	T	0.001	0.998	0.000	0.052	0.945
19	T	0.002	0.996	0.000	0.025	0.970
20	A	0.005	0.991	0.000	0.011	0.980
21	S	0.798	0.193	0.000	0.001	0.192
22	D	0.058	0.134	0.000	0.000	0.134
23	V	0.000	0.134	0.000	0.000	0.134
24	S	0.000	0.134	0.000	0.000	0.134
25	T	0.001	0.133	0.000	0.000	0.133
26	V	0.056	0.077	0.000	0.000	0.077
27	S	0.000	0.077	0.000	0.000	0.077
28	L	0.006	0.071	0.000	0.000	0.071
29	F	0.015	0.056	0.000	0.000	0.056
30	T	0.000	0.056	0.000	0.000	0.056
31	Y	0.000	0.056	0.000	0.000	0.056
32	H	0.000	0.056	0.000	0.000	0.056
33	A	0.000	0.056	0.000	0.000	0.056
34	T	0.000	0.056	0.000	0.000	0.056
35	T	0.000	0.056	0.000	0.000	0.056
36	T	0.000	0.056	0.000	0.000	0.056
37	A	0.001	0.055	0.000	0.000	0.055
38	A	0.002	0.053	0.000	0.000	0.053
39	A	0.033	0.020	0.000	0.000	0.020
40	G	0.012	0.008	0.000	0.000	0.008
>XP_001400585.1
pos	aa	C	S	n-reg	h-reg	c-reg
1	M	0.000	0.998	0.998	0.000	0.000
2	R	0.000	0.998	0.998	0.000	0.000
3	P	0.000	0.998	0.984	0.013	0.000
4	F	0.000	0.998	0.656	0.341	0.000
5	T	0.000	0.998	0.518	0.480	0.000
6	A	0.000	0.998	0.260	0.737	0.000
7	L	0.000	0.998	0.044	0.953	0.000
8	A	0.000	0.998	0.014	0.984	0.000
9	A	0.000	0.998	0.004	0.993	0.000
10	L	0.000	0.998	0.001	0.997	0.000
11	C	0.000	0.998	0.000	0.997	0.000
12	G	0.000	0.998	0.000	0.995	0.003
13	L	0.000	0.998	0.000	0.993	0.005
14	F	0.000	0.998	0.000	0.987	0.011
15	L	0.000	0.998	0.000	0.827	0.171
16	S	0.000	0.997	0.000	0.215	0.782
17	S	0.000	0.997	0.000	0.083	0.914
18	N	0.001	0.996	0.000	0.032	0.964
19	S	0.000	0.996	0.000	0.002	0.994
20	L	0.017	0.979	0.000	0.002	0.977
21	V	0.002	0.977	0.000	0.000	0.977
22	Y	0.000	0.977	0.000	0.000	0.977
23	A	0.000	0.977	0.000	0.000	0.977
24	D	0.930	0.047	0.000	0.000	0.047
25	S	0.000	0.047	0.000	0.000	0.047
26	A	0.045	0.002	0.000	0.000	0.002
27	P	0.000	0.002	0.000	0.000	0.002
28	S	0.000	0.002	0.000	0.000	0.002
29	S	0.000	0.001	0.000	0.000	0.001
30	S	0.000	0.001	0.000	0.000	0.001
31	P	0.000	0.001	0.000	0.000	0.001
32	V	0.000	0.001	0.000	0.000	0.001
33	A	0.000	0.001	0.000	0.000	0.001
34	L	0.000	0.001	0.000	0.000	0.001
35	P	0.000	0.001	0.000	0.000	0.001
36	R	0.001	0.000	0.000	0.000	0.000
37	D	0.000	0.000	0.000	0.000	0.000
38	F	0.000	0.000	0.000	0.000	0.000
39	K	0.000	0.000	0.000	0.000	0.000
40	P	0.000	0.000	0.000	0.000	0.000
>XP_001400600.1
pos	aa	C	S	n-reg	h-reg	c-reg
1	M	0.000	0.961	0.961	0.000	0.000
2	R	0.000	0.961	0.961	0.000	0.000
3	L	0.000	0.961	0.932	0.029	0.000
4	I	0.000	0.961	0.919	0.041	0.000
5	P	0.000	0.961	0.912	0.049	0.000
6	S	0.000	0.961	0.697	0.264	0.000
7	F	0.000	0.961	0.333	0.628	0.000
8	S	0.000	0.961	0.276	0.685	0.000
9	T	0.000	0.961	0.159	0.802	0.000
10	L	0.000	0.961	0.004	0.957	0.000
11	T	0.000	0.961	0.001	0.960	0.000
12	A	0.000	0.961	0.000	0.960	0.001
13	L	0.000	0.961	0.000	0.959	0.001
14	G	0.000	0.961	0.000	0.934	0.027
15	L	0.000	0.961	0.000	0.893	0.068
16	L	0.000	0.961	0.000	0.855	0.106
17	A	0.000	0.961	0.000	0.770	0.191
18	T	0.000	0.961	0.000	0.044	0.916
19	R	0.000	0.960	0.000	0.002	0.958
20	A	0.000	0.960	0.000	0.001	0.959
21	L	0.009	0.951	0.000	0.001	0.950
22	A	0.000	0.951	0.000	0.001	0.950
23	A	0.916	0.034	0.000	0.000	0.034
24	D	0.025	0.009	0.000	0.000	0.009
25	T	0.000	0.009	0.000	0.000	0.009
26	L	0.005	0.005	0.000	0.000	0.005
27	S	0.000	0.005	0.000	0.000	0.005
28	T	0.002	0.003	0.000	0.000	0.003
29	N	0.000	0.002	0.000	0.000	0.002
30	G	0.000	0.002	0.000	0.000	0.002
31	L	0.001	0.002	0.000	0.000	0.002
32	T	0.000	0.002	0.000	0.000	0.002
33	T	0.000	0.001	0.000	0.000	0.001
34	C	0.000	0.001	0.000	0.000	0.001
35	M	0.000	0.001	0.000	0.000	0.001
36	S	0.000	0.001	0.000	0.000	0.001
37	D	0.001	0.000	0.000	0.000	0.000
38	S	0.000	0.000	0.000	0.000	0.000
39	A	0.000	0.000	0.000	0.000	0.000
40	I	0.000	0.000	0.000	0.000	0.000
>XP_001400609.1
pos	aa	C	S	n-reg	h-reg	c-reg
1	M	0.000	0.997	0.997	0.000	0.000
2	R	0.000	0.997	0.997	0.000	0.000
3	S	0.000	0.997	0.934	0.063	0.000
4	F	0.000	0.997	0.730	0.267	0.000
5	A	0.000	0.997	0.653	0.343	0.000
6	P	0.000	0.997	0.582	0.414	0.000
7	W	0.000	0.997	0.270	0.727	0.000
8	L	0.000	0.997	0.040	0.957	0.000
9	V	0.000	0.997	0.014	0.983	0.000
10	S	0.000	0.997	0.008	0.989	0.000
11	L	0.000	0.997	0.001	0.995	0.001
12	L	0.000	0.997	0.000	0.968	0.029
13	G	0.000	0.997	0.000	0.868	0.128
14	A	0.000	0.997	0.000	0.808	0.189
15	S	0.000	0.997	0.000	0.640	0.356
16	A	0.000	0.997	0.000	0.231	0.765
17	V	0.006	0.990	0.000	0.150	0.840
18	V	0.000	0.990	0.000	0.102	0.888
19	A	0.000	0.990	0.000	0.020	0.970
20	A	0.098	0.892	0.000	0.012	0.880
21	A	0.633	0.259	0.000	0.001	0.259
22	D	0.148	0.111	0.000	0.000	0.111
23	T	0.000	0.111	0.000	0.000	0.111
24	E	0.078	0.033	0.000	0.000	0.033
25	S	0.000	0.033	0.000	0.000	0.033
26	D	0.033	0.000	0.000	0.000	0.000
27	V	0.000	0.000	0.000	0.000	0.000
28	I	0.000	0.000	0.000	0.000	0.000
29	S	0.000	0.000	0.000	0.000	0.000
30	L	0.000	0.000	0.000	0.000	0.000
31	D	0.000	0.000	0.000	0.000	0.000
32	Q	0.000	0.000	0.000	0.000	0.000
33	D	0.000	0.000	0.000	0.000	0.000
34	T	0.000	0.000	0.000	0.000	0.000
35	F	0.000	0.000	0.000	0.000	0.000
36	E	0.000	0.000	0.000	0.000	0.000
37	S	0.000	0.000	0.000	0.000	0.000
38	F	0.000	0.000	0.000	0.000	0.000
39	M	0.000	0.000	0.000	0.000	0.000
40	N	0.000	0.000	0.000	0.000	0.000
>XP_001400622.2
pos	aa	C	S	n-reg	h-reg	c-reg
1	M	0.000	0.999	0.999	0.000	0.000
2	K	0.000	0.999	0.999	0.000	0.000
3	L	0.000	0.999	0.731	0.268	0.000
4	F	0.000	0.999	0.631	0.367	0.000
5	N	0.000	0.999	0.605	0.393	0.000
6	L	0.000	0.999	0.128	0.871	0.000
7	L	0.000	0.999	0.010	0.989	0.000
8	L	0.000	0.999	0.003	0.995	0.000
9	S	0.000	0.999	0.002	0.997	0.000
10	F	0.000	0.999	0.000	0.998	0.000
11	L	0.000	0.999	0.000	0.992	0.007
12	C	0.000	0.999	0.000	0.955	0.044
13	M	0.000	0.999	0.000	0.930	0.069
14	I	0.000	0.999	0.000	0.842	0.156
15	S	0.000	0.999	0.000	0.305	0.693
16	S	0.000	0.998	0.000	0.213	0.786
17	A	0.016	0.983	0.000	0.157	0.826
18	S	0.016	0.967	0.000	0.004	0.963
19	C	0.006	0.961	0.000	0.002	0.959
20	G	0.188	0.773	0.000	0.000	0.773
21	L	0.037	0.736	0.000	0.000	0.736
22	A	0.044	0.692	0.000	0.000	0.692
23	D	0.658	0.035	0.000	0.000	0.035
24	T	0.000	0.035	0.000	0.000	0.035
25	D	0.035	0.000	0.000	0.000	0.000
26	K	0.000	0.000	0.000	0.000	0.000
27	F	0.000	0.000	0.000	0.000	0.000
28	E	0.000	0.000	0.000	0.000	0.000
29	R	0.000	0.000	0.000	0.000	0.000
30	Y	0.000	0.000	0.000	0.000	0.000
31	R	0.000	0.000	0.000	0.000	0.000
32	S	0.000	0.000	0.000	0.000	0.000
33	L	0.000	0.000	0.000	0.000	0.000
34	S	0.000	0.000	0.000	0.000	0.000
35	R	0.000	0.000	0.000	0.000	0.000
36	S	0.000	0.000	0.000	0.000	0.000
37	A	0.000	0.000	0.000	0.000	0.000
38	P	0.000	0.000	0.000	0.000	0.000
39	I	0.000	0.000	0.000	0.000	0.000
40	E	0.000	0.000	0.000	0.000	0.000
>XP_001400644.1
pos	aa	C	S	n-reg	h-reg	c-reg
1	M	0.000	0.998	0.998	0.000	0.000
2	R	0.000	0.998	0.998	0.000	0.000
3	P	0.000	0.998	0.996	0.003	0.000
4	F	0.000	0.998	0.956	0.043	0.000
5	Y	0.000	0.998	0.932	0.067	0.000
6	F	0.000	0.998	0.759	0.240	0.000
7	N	0.000	0.998	0.670	0.328	0.000
8	L	0.000	0.998	0.314	0.685	0.000
9	L	0.000	0.998	0.171	0.827	0.000
10	P	0.000	0.998	0.138	0.861	0.000
11	A	0.000	0.998	0.065	0.934	0.000
12	L	0.000	0.998	0.016	0.980	0.002
13	S	0.000	0.998	0.005	0.985	0.008
14	L	0.000	0.998	0.001	0.984	0.013
15	F	0.000	0.998	0.000	0.963	0.035
16	S	0.000	0.998	0.000	0.853	0.146
17	L	0.000	0.998	0.000	0.754	0.245
18	S	0.000	0.998	0.000	0.393	0.605
19	A	0.002	0.996	0.000	0.287	0.710
20	A	0.013	0.984	0.000	0.200	0.784
21	T	0.078	0.905	0.000	0.034	0.871
22	T	0.004	0.901	0.000	0.018	0.883
23	T	0.031	0.870	0.000	0.004	0.866
24	S	0.024	0.846	0.000	0.002	0.845
25	S	0.052	0.794	0.000	0.001	0.793
26	Q	0.725	0.069	0.000	0.000	0.069
27	P	0.000	0.069	0.000	0.000	0.069
28	L	0.007	0.062	0.000	0.000	0.062
29	S	0.000	0.062	0.000	0.000	0.062
30	A	0.001	0.061	0.000	0.000	0.061
31	E	0.043	0.018	0.000	0.000	0.018
32	I	0.000	0.018	0.000	0.000	0.018
33	L	0.000	0.018	0.000	0.000	0.018
34	C	0.000	0.018	0.000	0.000	0.018
35	W	0.004	0.014	0.000	0.000	0.014
36	P	0.000	0.014	0.000	0.000	0.014
37	V	0.000	0.013	0.000	0.000	0.013
38	A	0.000	0.013	0.000	0.000	0.013
39	S	0.000	0.013	0.000	0.000	0.013
40	P	0.000	0.013	0.000	0.000	0.013
>XP_001400656.2
pos	aa	C	S	n-reg	h-reg	c-reg
1	M	0.000	0.336	0.336	0.000	0.000
2	T	0.000	0.997	0.997	0.000	0.000
3	R	0.000	0.997	0.997	0.000	0.000
4	A	0.000	0.997	0.995	0.002	0.000
5	Q	0.000	0.997	0.994	0.003	0.000
6	Q	0.000	0.997	0.984	0.013	0.000
7	T	0.000	0.997	0.737	0.260	0.000
8	L	0.000	0.997	0.508	0.489	0.000
9	S	0.000	0.997	0.404	0.593	0.000
10	V	0.000	0.997	0.167	0.830	0.000
11	L	0.000	0.997	0.083	0.914	0.000
12	L	0.000	0.997	0.036	0.960	0.000
13	L	0.000	0.997	0.023	0.973	0.001
14	V	0.000	0.997	0.019	0.974	0.004
15	S	0.000	0.997	0.016	0.956	0.025
16	S	0.000	0.997	0.011	0.950	0.036
17	L	0.003	0.994	0.005	0.950	0.039
18	Y	0.002	0.992	0.003	0.931	0.058
19	L	0.000	0.992	0.001	0.908	0.084
20	V	0.012	0.978	0.000	0.854	0.124
21	L	0.000	0.973	0.000	0.790	0.182
22	Y	0.001	0.952	0.000	0.723	0.228
23	L	0.000	0.933	0.000	0.677	0.256
24	G	0.043	0.836	0.000	0.581	0.255
25	L	0.048	0.749	0.000	0.541	0.208
26	V	0.047	0.591	0.000	0.427	0.164
27	P	0.000	0.315	0.000	0.141	0.174
28	L	0.031	0.250	0.000	0.105	0.145
29	N	0.089	0.063	0.000	0.003	0.059
30	E	0.000	0.061	0.000	0.000	0.060
31	T	0.000	0.061	0.000	0.000	0.060
32	V	0.033	0.028	0.000	0.000	0.028
33	Q	0.000	0.028	0.000	0.000	0.028
34	T	0.002	0.026	0.000	0.000	0.026
35	E	0.026	0.000	0.000	0.000	0.000
36	V	0.000	0.000	0.000	0.000	0.000
37	I	0.000	0.000	0.000	0.000	0.000
38	P	0.000	0.000	0.000	0.000	0.000
39	V	0.000	0.000	0.000	0.000	0.000
40	L	0.000	0.000	0.000	0.000	0.000
>XP_001400691.1
pos	aa	C	S	n-reg	h-reg	c-reg
1	M	0.000	0.998	0.998	0.000	0.000
2	K	0.000	0.998	0.998	0.000	0.000
3	L	0.000	0.998	0.404	0.594	0.000
4	S	0.000	0.998	0.233	0.766	0.000
5	I	0.000	0.998	0.128	0.870	0.000
6	A	0.000	0.998	0.060	0.938	0.000
7	L	0.000	0.998	0.001	0.997	0.000
8	A	0.000	0.998	0.001	0.998	0.000
9	L	0.000	0.998	0.000	0.998	0.000
10	G	0.000	0.998	0.000	0.998	0.000
11	A	0.000	0.998	0.000	0.883	0.115
12	T	0.000	0.998	0.000	0.687	0.311
13	A	0.000	0.998	0.000	0.607	0.391
14	S	0.000	0.998	0.000	0.515	0.483
15	T	0.000	0.998	0.000	0.023	0.975
16	G	0.003	0.995	0.000	0.004	0.991
17	V	0.001	0.994	0.000	0.003	0.991
18	L	0.000	0.994	0.000	0.002	0.991
19	A	0.001	0.992	0.000	0.000	0.992
20	A	0.974	0.019	0.000	0.000	0.019
21	V	0.015	0.004	0.000	0.000	0.004
22	V	0.000	0.004	0.000	0.000	0.004
23	P	0.000	0.004	0.000	0.000	0.004
24	Q	0.003	0.001	0.000	0.000	0.001
25	Q	0.001	0.000	0.000	0.000	0.000
26	E	0.000	0.000	0.000	0.000	0.000
27	P	0.000	0.000	0.000	0.000	0.000
28	L	0.000	0.000	0.000	0.000	0.000
29	I	0.000	0.000	0.000	0.000	0.000
30	T	0.000	0.000	0.000	0.000	0.000
31	P	0.000	0.000	0.000	0.000	0.000
32	Q	0.000	0.000	0.000	0.000	0.000
33	D	0.000	0.000	0.000	0.000	0.000
34	P	0.000	0.000	0.000	0.000	0.000
35	P	0.000	0.000	0.000	0.000	0.000
36	T	0.000	0.000	0.000	0.000	0.000
37	H	0.000	0.000	0.000	0.000	0.000
38	H	0.000	0.000	0.000	0.000	0.000
39	H	0.000	0.000	0.000	0.000	0.000
40	Q	0.000	0.000	0.000	0.000	0.000
>XP_001400697.2
pos	aa	C	S	n-reg	h-reg	c-reg
1	M	0.000	0.719	0.719	0.000	0.000
2	V	0.000	0.744	0.744	0.000	0.000
3	L	0.000	0.744	0.744	0.000	0.000
4	K	0.000	0.744	0.744	0.000	0.000
5	I	0.000	0.744	0.743	0.000	0.000
6	S	0.000	0.744	0.743	0.000	0.000
7	R	0.000	0.744	0.743	0.001	0.000
8	A	0.000	0.744	0.735	0.008	0.000
9	T	0.000	0.744	0.732	0.012	0.000
10	R	0.000	0.744	0.728	0.016	0.000
11	L	0.000	0.744	0.537	0.207	0.000
12	T	0.000	0.744	0.452	0.291	0.000
13	V	0.000	0.744	0.145	0.599	0.000
14	V	0.000	0.744	0.035	0.709	0.000
15	V	0.000	0.744	0.014	0.730	0.000
16	V	0.000	0.744	0.005	0.733	0.006
17	I	0.000	0.744	0.001	0.734	0.008
18	S	0.000	0.744	0.001	0.730	0.013
19	S	0.000	0.744	0.001	0.721	0.021
20	A	0.000	0.743	0.001	0.707	0.035
21	F	0.011	0.732	0.000	0.680	0.051
22	F	0.000	0.732	0.000	0.582	0.149
23	V	0.000	0.730	0.000	0.514	0.216
24	A	0.000	0.721	0.000	0.402	0.318
25	E	0.018	0.690	0.000	0.003	0.686
26	I	0.000	0.690	0.000	0.002	0.687
27	S	0.000	0.690	0.000	0.001	0.688
28	V	0.004	0.685	0.000	0.001	0.684
29	G	0.000	0.685	0.000	0.001	0.684
30	F	0.664	0.021	0.000	0.001	0.020
31	Y	0.000	0.021	0.000	0.001	0.021
32	T	0.000	0.021	0.000	0.000	0.021
33	H	0.002	0.019	0.000	0.000	0.019
34	S	0.000	0.019	0.000	0.000	0.019
35	I	0.001	0.018	0.000	0.000	0.017
36	A	0.000	0.018	0.000	0.000	0.018
37	L	0.004	0.014	0.000	0.000	0.014
38	V	0.000	0.014	0.000	0.000	0.014
39	A	0.000	0.014	0.000	0.000	0.014
40	D	0.001	0.013	0.000	0.000	0.013
>XP_001400709.1
pos	aa	C	S	n-reg	h-reg	c-reg
1	M	0.000	0.164	0.164	0.000	0.000
2	I	0.000	0.164	0.164	0.000	0.000
3	A	0.000	0.164	0.163	0.001	0.000
4	P	0.000	0.164	0.161	0.002	0.000
5	T	0.000	0.164	0.155	0.009	0.000
6	T	0.000	0.164	0.137	0.026	0.000
7	S	0.000	0.164	0.076	0.088	0.000
8	L	0.000	0.164	0.012	0.151	0.000
9	L	0.000	0.164	0.004	0.159	0.000
10	A	0.000	0.164	0.002	0.161	0.000
11	A	0.000	0.164	0.000	0.163	0.000
12	F	0.000	0.164	0.000	0.163	0.000
13	L	0.000	0.164	0.000	0.163	0.000
14	S	0.000	0.164	0.000	0.161	0.002
15	F	0.000	0.164	0.000	0.153	0.011
16	G	0.000	0.164	0.000	0.125	0.039
17	G	0.000	0.163	0.000	0.116	0.047
18	L	0.000	0.163	0.000	0.109	0.054
19	E	0.000	0.163	0.000	0.001	0.162
20	L	0.000	0.163	0.000	0.000	0.162
21	V	0.002	0.161	0.000	0.000	0.161
22	A	0.000	0.161	0.000	0.000	0.161
23	A	0.003	0.158	0.000	0.000	0.158
24	R	0.149	0.009	0.000	0.000	0.009
25	E	0.000	0.009	0.000	0.000	0.009
26	A	0.000	0.009	0.000	0.000	0.009
27	G	0.008	0.000	0.000	0.000	0.000
28	Q	0.000	0.000	0.000	0.000	0.000
29	V	0.000	0.000	0.000	0.000	0.000
30	R	0.000	0.000	0.000	0.000	0.000
31	D	0.000	0.000	0.000	0.000	0.000
32	L	0.000	0.000	0.000	0.000	0.000
33	G	0.000	0.000	0.000	0.000	0.000
34	A	0.000	0.000	0.000	0.000	0.000
35	R	0.000	0.000	0.000	0.000	0.000
36	E	0.000	0.000	0.000	0.000	0.000
37	V	0.000	0.000	0.000	0.000	0.000
38	S	0.000	0.000	0.000	0.000	0.000
39	S	0.000	0.000	0.000	0.000	0.000
40	A	0.000	0.000	0.000	0.000	0.000
>XP_001400711.2
pos	aa	C	S	n-reg	h-reg	c-reg
1	M	0.000	0.706	0.706	0.000	0.000
2	V	0.000	0.785	0.785	0.000	0.000
3	V	0.000	0.785	0.785	0.000	0.000
4	Y	0.000	0.785	0.785	0.000	0.000
5	Y	0.000	0.785	0.785	0.000	0.000
6	Q	0.000	0.785	0.785	0.000	0.000
7	I	0.000	0.785	0.785	0.000	0.000
8	A	0.000	0.785	0.785	0.000	0.000
9	G	0.000	0.785	0.785	0.000	0.000
10	K	0.000	0.785	0.785	0.000	0.000
11	Q	0.000	0.785	0.781	0.004	0.000
12	V	0.000	0.785	0.763	0.023	0.000
13	G	0.000	0.785	0.756	0.029	0.000
14	S	0.000	0.785	0.740	0.045	0.000
15	H	0.000	0.785	0.696	0.089	0.000
16	V	0.000	0.785	0.260	0.525	0.000
17	L	0.000	0.785	0.118	0.667	0.000
18	A	0.000	0.785	0.092	0.693	0.000
19	M	0.000	0.785	0.070	0.714	0.001
20	G	0.000	0.785	0.047	0.736	0.002
21	V	0.000	0.785	0.016	0.767	0.002
22	L	0.000	0.785	0.005	0.777	0.003
23	G	0.000	0.785	0.004	0.770	0.011
24	A	0.001	0.783	0.002	0.743	0.039
25	L	0.001	0.783	0.000	0.706	0.076
26	F	0.000	0.782	0.000	0.649	0.133
27	G	0.000	0.780	0.000	0.487	0.293
28	G	0.004	0.772	0.000	0.146	0.627
29	V	0.000	0.769	0.000	0.133	0.636
30	G	0.000	0.761	0.000	0.111	0.650
31	L	0.024	0.731	0.000	0.096	0.635
32	A	0.111	0.603	0.000	0.065	0.538
33	T	0.478	0.104	0.000	0.019	0.085
34	R	0.005	0.081	0.000	0.000	0.081
35	G	0.000	0.081	0.000	0.000	0.081
36	G	0.023	0.058	0.000	0.000	0.058
37	S	0.002	0.055	0.000	0.000	0.055
38	Q	0.046	0.010	0.000	0.000	0.010
39	P	0.000	0.010	0.000	0.000	0.010
40	K	0.009	0.000	0.000	0.000	0.000
>XP_001400715.1
pos	aa	C	S	n-reg	h-reg	c-reg
1	M	0.000	0.990	0.990	0.000	0.000
2	A	0.000	0.990	0.990	0.000	0.000
3	S	0.000	0.990	0.787	0.203	0.000
4	A	0.000	0.990	0.308	0.683	0.000
5	L	0.000	0.990	0.030	0.960	0.000
6	L	0.000	0.990	0.006	0.984	0.000
7	W	0.000	0.990	0.002	0.989	0.000
8	L	0.000	0.990	0.001	0.990	0.000
9	S	0.000	0.990	0.000	0.990	0.000
10	L	0.000	0.990	0.000	0.990	0.000
11	L	0.000	0.990	0.000	0.969	0.022
12	G	0.000	0.990	0.000	0.782	0.208
13	G	0.000	0.990	0.000	0.161	0.830
14	S	0.000	0.990	0.000	0.112	0.878
15	T	0.000	0.990	0.000	0.021	0.968
16	L	0.004	0.986	0.000	0.015	0.972
17	A	0.046	0.940	0.000	0.009	0.931
18	S	0.713	0.227	0.000	0.000	0.226
19	T	0.012	0.215	0.000	0.000	0.215
20	L	0.178	0.037	0.000	0.000	0.037
21	D	0.003	0.034	0.000	0.000	0.034
22	T	0.000	0.034	0.000	0.000	0.034
23	S	0.031	0.004	0.000	0.000	0.004
24	N	0.002	0.002	0.000	0.000	0.002
25	T	0.000	0.002	0.000	0.000	0.002
26	P	0.001	0.001	0.000	0.000	0.001
27	T	0.000	0.001	0.000	0.000	0.001
28	I	0.000	0.001	0.000	0.000	0.001
29	K	0.000	0.001	0.000	0.000	0.001
30	R	0.000	0.001	0.000	0.000	0.001
31	A	0.000	0.001	0.000	0.000	0.001
32	D	0.000	0.001	0.000	0.000	0.001
33	A	0.000	0.001	0.000	0.000	0.001
34	G	0.001	0.000	0.000	0.000	0.000
35	N	0.000	0.000	0.000	0.000	0.000
36	N	0.000	0.000	0.000	0.000	0.000
37	T	0.000	0.000	0.000	0.000	0.000
38	S	0.000	0.000	0.000	0.000	0.000
39	S	0.000	0.000	0.000	0.000	0.000
40	I	0.000	0.000	0.000	0.000	0.000
>XP_001400719.1
pos	aa	C	S	n-reg	h-reg	c-reg
1	M	0.000	0.232	0.232	0.000	0.000
2	A	0.000	0.232	0.232	0.000	0.000
3	R	0.000	0.232	0.232	0.000	0.000
4	L	0.000	0.232	0.231	0.001	0.000
5	G	0.000	0.232	0.230	0.002	0.000
6	R	0.000	0.232	0.225	0.006	0.000
7	V	0.000	0.232	0.113	0.118	0.000
8	G	0.000	0.232	0.084	0.147	0.000
9	F	0.000	0.232	0.002	0.230	0.000
10	L	0.000	0.232	0.000	0.231	0.000
11	T	0.000	0.232	0.000	0.232	0.000
12	L	0.000	0.232	0.000	0.232	0.000
13	A	0.000	0.232	0.000	0.232	0.000
14	V	0.000	0.232	0.000	0.231	0.000
15	V	0.000	0.232	0.000	0.226	0.005
16	F	0.000	0.232	0.000	0.211	0.021
17	H	0.000	0.232	0.000	0.012	0.219
18	L	0.000	0.232	0.000	0.010	0.221
19	I	0.000	0.232	0.000	0.002	0.230
20	Y	0.000	0.232	0.000	0.000	0.231
21	A	0.000	0.232	0.000	0.000	0.232
22	Y	0.220	0.011	0.000	0.000	0.011
23	S	0.000	0.011	0.000	0.000	0.011
24	I	0.011	0.000	0.000	0.000	0.000
25	F	0.000	0.000	0.000	0.000	0.000
26	D	0.000	0.000	0.000	0.000	0.000
27	I	0.000	0.000	0.000	0.000	0.000
28	Y	0.000	0.000	0.000	0.000	0.000
29	F	0.000	0.000	0.000	0.000	0.000
30	V	0.000	0.000	0.000	0.000	0.000
31	S	0.000	0.000	0.000	0.000	0.000
32	P	0.000	0.000	0.000	0.000	0.000
33	I	0.000	0.000	0.000	0.000	0.000
34	V	0.000	0.000	0.000	0.000	0.000
35	S	0.000	0.000	0.000	0.000	0.000
36	G	0.000	0.000	0.000	0.000	0.000
37	M	0.000	0.000	0.000	0.000	0.000
38	S	0.000	0.000	0.000	0.000	0.000
39	S	0.000	0.000	0.000	0.000	0.000
40	F	0.000	0.000	0.000	0.000	0.000
>XP_001400736.1
pos	aa	C	S	n-reg	h-reg	c-reg
1	M	0.000	1.000	1.000	0.000	0.000
2	K	0.000	1.000	1.000	0.000	0.000
3	F	0.000	1.000	0.335	0.665	0.000
4	L	0.000	1.000	0.010	0.990	0.000
5	A	0.000	1.000	0.005	0.995	0.000
6	S	0.000	1.000	0.002	0.998	0.000
7	L	0.000	1.000	0.000	1.000	0.000
8	A	0.000	1.000	0.000	1.000	0.000
9	L	0.000	1.000	0.000	1.000	0.000
10	L	0.000	1.000	0.000	0.999	0.001
11	A	0.000	1.000	0.000	0.727	0.273
12	S	0.000	1.000	0.000	0.057	0.943
13	T	0.000	1.000	0.000	0.026	0.973
14	V	0.000	0.999	0.000	0.008	0.991
15	A	0.000	0.999	0.000	0.004	0.996
16	A	0.212	0.787	0.000	0.002	0.786
17	S	0.759	0.028	0.000	0.001	0.027
18	P	0.006	0.022	0.000	0.000	0.022
19	M	0.016	0.006	0.000	0.000	0.006
20	L	0.000	0.006	0.000	0.000	0.006
21	Y	0.001	0.005	0.000	0.000	0.005
22	P	0.000	0.005	0.000	0.000	0.005
23	R	0.004	0.001	0.000	0.000	0.001
24	Q	0.000	0.001	0.000	0.000	0.001
25	S	0.000	0.001	0.000	0.000	0.001
26	S	0.000	0.001	0.000	0.000	0.001
27	N	0.000	0.001	0.000	0.000	0.001
28	S	0.000	0.001	0.000	0.000	0.001
29	T	0.000	0.000	0.000	0.000	0.000
30	Q	0.000	0.000	0.000	0.000	0.000
31	S	0.000	0.000	0.000	0.000	0.000
32	F	0.000	0.000	0.000	0.000	0.000
33	Y	0.000	0.000	0.000	0.000	0.000
34	L	0.000	0.000	0.000	0.000	0.000
35	K	0.000	0.000	0.000	0.000	0.000
36	T	0.000	0.000	0.000	0.000	0.000
37	S	0.000	0.000	0.000	0.000	0.000
38	G	0.000	0.000	0.000	0.000	0.000
39	A	0.000	0.000	0.000	0.000	0.000
40	S	0.000	0.000	0.000	0.000	0.000
>XP_001400737.1
pos	aa	C	S	n-reg	h-reg	c-reg
1	M	0.000	1.000	1.000	0.000	0.000
2	R	0.000	1.000	1.000	0.000	0.000
3	S	0.000	1.000	1.000	0.000	0.000
4	M	0.000	1.000	0.999	0.001	0.000
5	S	0.000	1.000	0.996	0.004	0.000
6	R	0.000	1.000	0.978	0.022	0.000
7	L	0.000	1.000	0.150	0.850	0.000
8	F	0.000	1.000	0.065	0.935	0.000
9	I	0.000	1.000	0.014	0.986	0.000
10	L	0.000	1.000	0.001	0.999	0.000
11	C	0.000	1.000	0.000	1.000	0.000
12	L	0.000	1.000	0.000	1.000	0.000
13	L	0.000	1.000	0.000	1.000	0.000
14	L	0.000	1.000	0.000	1.000	0.000
15	L	0.000	1.000	0.000	0.961	0.039
16	L	0.000	1.000	0.000	0.912	0.088
17	G	0.000	1.000	0.000	0.713	0.287
18	T	0.000	1.000	0.000	0.055	0.944
19	V	0.000	1.000	0.000	0.023	0.976
20	T	0.000	1.000	0.000	0.001	0.999
21	S	0.006	0.994	0.000	0.000	0.994
22	A	0.124	0.871	0.000	0.000	0.871
23	W	0.793	0.078	0.000	0.000	0.078
24	P	0.000	0.078	0.000	0.000	0.078
25	W	0.077	0.002	0.000	0.000	0.002
26	R	0.000	0.002	0.000	0.000	0.002
27	P	0.000	0.002	0.000	0.000	0.002
28	H	0.000	0.002	0.000	0.000	0.002
29	G	0.000	0.002	0.000	0.000	0.002
30	E	0.000	0.001	0.000	0.000	0.001
31	L	0.000	0.001	0.000	0.000	0.001
32	L	0.000	0.001	0.000	0.000	0.001
33	R	0.000	0.001	0.000	0.000	0.001
34	R	0.000	0.001	0.000	0.000	0.001
35	A	0.000	0.001	0.000	0.000	0.001
36	D	0.000	0.001	0.000	0.000	0.001
37	T	0.000	0.001	0.000	0.000	0.001
38	T	0.000	0.001	0.000	0.000	0.001
39	A	0.000	0.001	0.000	0.000	0.001
40	A	0.000	0.001	0.000	0.000	0.001
>XP_001400739.1
pos	aa	C	S	n-reg	h-reg	c-reg
1	M	0.000	0.351	0.351	0.000	0.000
2	L	0.000	0.351	0.351	0.000	0.000
3	A	0.000	0.351	0.314	0.037	0.000
4	A	0.000	0.351	0.248	0.103	0.000
5	A	0.000	0.351	0.167	0.184	0.000
6	I	0.000	0.351	0.049	0.302	0.000
7	V	0.000	0.351	0.019	0.332	0.000
8	F	0.000	0.351	0.008	0.342	0.000
9	L	0.000	0.351	0.002	0.349	0.000
10	G	0.000	0.351	0.002	0.349	0.000
11	A	0.000	0.351	0.001	0.348	0.002
12	I	0.000	0.351	0.000	0.347	0.003
13	Y	0.000	0.351	0.000	0.326	0.024
14	L	0.000	0.351	0.000	0.299	0.051
15	T	0.000	0.350	0.000	0.244	0.106
16	F	0.002	0.349	0.000	0.167	0.182
17	R	0.000	0.349	0.000	0.018	0.331
18	I	0.000	0.349	0.000	0.014	0.335
19	L	0.000	0.349	0.000	0.011	0.338
20	S	0.009	0.340	0.000	0.002	0.338
21	S	0.097	0.243	0.000	0.000	0.243
22	L	0.167	0.076	0.000	0.000	0.076
23	H	0.017	0.059	0.000	0.000	0.059
24	Q	0.000	0.059	0.000	0.000	0.059
25	A	0.035	0.024	0.000	0.000	0.024
26	Y	0.020	0.003	0.000	0.000	0.003
27	H	0.000	0.003	0.000	0.000	0.003
28	H	0.000	0.003	0.000	0.000	0.003
29	R	0.000	0.003	0.000	0.000	0.003
30	K	0.000	0.003	0.000	0.000	0.003
31	K	0.000	0.003	0.000	0.000	0.003
32	A	0.000	0.003	0.000	0.000	0.003
33	K	0.000	0.003	0.000	0.000	0.003
34	A	0.000	0.003	0.000	0.000	0.003
35	L	0.003	0.001	0.000	0.000	0.001
36	G	0.000	0.001	0.000	0.000	0.001
37	C	0.001	0.000	0.000	0.000	0.000
38	Q	0.000	0.000	0.000	0.000	0.000
39	P	0.000	0.000	0.000	0.000	0.000
40	P	0.000	0.000	0.000	0.000	0.000
>XP_001400740.2
pos	aa	C	S	n-reg	h-reg	c-reg
1	M	0.000	0.584	0.584	0.000	0.000
2	P	0.000	0.584	0.584	0.000	0.000
3	S	0.000	0.584	0.580	0.004	0.000
4	Y	0.000	0.584	0.568	0.015	0.000
5	S	0.000	0.584	0.540	0.043	0.000
6	A	0.000	0.584	0.312	0.272	0.000
7	T	0.000	0.584	0.135	0.449	0.000
8	I	0.000	0.584	0.063	0.521	0.000
9	A	0.000	0.584	0.029	0.555	0.000
10	A	0.000	0.584	0.001	0.583	0.000
11	I	0.000	0.584	0.000	0.584	0.000
12	G	0.000	0.584	0.000	0.583	0.001
13	A	0.000	0.584	0.000	0.577	0.007
14	F	0.000	0.584	0.000	0.567	0.017
15	L	0.000	0.584	0.000	0.535	0.049
16	L	0.000	0.584	0.000	0.498	0.086
17	S	0.000	0.584	0.000	0.417	0.167
18	Q	0.010	0.574	0.000	0.005	0.568
19	P	0.000	0.573	0.000	0.001	0.573
20	V	0.004	0.569	0.000	0.001	0.569
21	M	0.000	0.569	0.000	0.000	0.569
22	G	0.000	0.569	0.000	0.000	0.569
23	S	0.556	0.013	0.000	0.000	0.013
24	R	0.005	0.009	0.000	0.000	0.009
25	Q	0.000	0.009	0.000	0.000	0.009
26	G	0.007	0.001	0.000	0.000	0.001
27	K	0.001	0.000	0.000	0.000	0.000
28	A	0.000	0.000	0.000	0.000	0.000
29	P	0.000	0.000	0.000	0.000	0.000
30	F	0.000	0.000	0.000	0.000	0.000
31	G	0.000	0.000	0.000	0.000	0.000
32	W	0.000	0.000	0.000	0.000	0.000
33	G	0.000	0.000	0.000	0.000	0.000
34	T	0.000	0.000	0.000	0.000	0.000
35	Q	0.000	0.000	0.000	0.000	0.000
36	S	0.000	0.000	0.000	0.000	0.000
37	L	0.000	0.000	0.000	0.000	0.000
38	A	0.000	0.000	0.000	0.000	0.000
39	H	0.000	0.000	0.000	0.000	0.000
40	F	0.000	0.000	0.000	0.000	0.000
>XP_001400741.2
pos	aa	C	S	n-reg	h-reg	c-reg
1	M	0.000	0.985	0.985	0.000	0.000
2	L	0.000	0.985	0.985	0.000	0.000
3	S	0.000	0.985	0.985	0.001	0.000
4	K	0.000	0.985	0.982	0.003	0.000
5	T	0.000	0.985	0.787	0.198	0.000
6	S	0.000	0.985	0.502	0.483	0.000
7	L	0.000	0.985	0.070	0.915	0.000
8	L	0.000	0.985	0.002	0.983	0.000
9	S	0.000	0.985	0.001	0.984	0.000
10	L	0.000	0.985	0.000	0.985	0.000
11	L	0.000	0.985	0.000	0.985	0.000
12	S	0.000	0.985	0.000	0.984	0.001
13	L	0.000	0.985	0.000	0.963	0.023
14	A	0.000	0.985	0.000	0.879	0.106
15	A	0.000	0.985	0.000	0.767	0.218
16	G	0.000	0.985	0.000	0.057	0.928
17	V	0.003	0.982	0.000	0.034	0.948
18	V	0.000	0.982	0.000	0.010	0.972
19	N	0.000	0.982	0.000	0.000	0.982
20	A	0.000	0.982	0.000	0.000	0.982
21	D	0.968	0.015	0.000	0.000	0.015
22	F	0.000	0.015	0.000	0.000	0.015
23	G	0.000	0.015	0.000	0.000	0.015
24	I	0.011	0.004	0.000	0.000	0.004
25	T	0.000	0.004	0.000	0.000	0.004
26	T	0.002	0.001	0.000	0.000	0.001
27	N	0.001	0.000	0.000	0.000	0.000
28	D	0.000	0.000	0.000	0.000	0.000
29	D	0.000	0.000	0.000	0.000	0.000
30	S	0.000	0.000	0.000	0.000	0.000
31	Y	0.000	0.000	0.000	0.000	0.000
32	V	0.000	0.000	0.000	0.000	0.000
33	I	0.000	0.000	0.000	0.000	0.000
34	N	0.000	0.000	0.000	0.000	0.000
35	A	0.000	0.000	0.000	0.000	0.000
36	N	0.000	0.000	0.000	0.000	0.000
37	S	0.000	0.000	0.000	0.000	0.000
38	P	0.000	0.000	0.000	0.000	0.000
39	N	0.000	0.000	0.000	0.000	0.000
40	S	0.000	0.000	0.000	0.000	0.000
