>XP_001395470.1
pos	aa	C	S	n-reg	h-reg	c-reg
1	M	0.000	0.942	0.942	0.000	0.000
2	S	0.000	0.951	0.951	0.000	0.000
3	L	0.000	0.951	0.948	0.003	0.000
4	F	0.000	0.951	0.945	0.006	0.000
5	S	0.000	0.951	0.941	0.010	0.000
6	Y	0.000	0.951	0.894	0.057	0.000
7	V	0.000	0.951	0.806	0.145	0.000
8	A	0.000	0.951	0.781	0.170	0.000
9	S	0.000	0.951	0.728	0.223	0.000
10	G	0.000	0.951	0.615	0.336	0.000
11	I	0.000	0.951	0.398	0.552	0.000
12	S	0.000	0.951	0.328	0.621	0.001
13	S	0.000	0.951	0.230	0.719	0.002
14	F	0.000	0.951	0.119	0.829	0.003
15	V	0.000	0.951	0.084	0.863	0.004
16	V	0.000	0.951	0.081	0.864	0.006
17	F	0.000	0.951	0.081	0.828	0.042
18	T	0.000	0.951	0.080	0.715	0.155
19	L	0.001	0.950	0.080	0.677	0.192
20	S	0.000	0.950	0.080	0.638	0.231
21	L	0.003	0.947	0.080	0.437	0.429
22	F	0.000	0.946	0.080	0.272	0.594
23	A	0.000	0.946	0.080	0.047	0.818
24	L	0.007	0.938	0.080	0.038	0.820
25	G	0.000	0.936	0.080	0.012	0.844
26	Q	0.786	0.149	0.080	0.002	0.066
27	K	0.003	0.146	0.080	0.000	0.066
28	V	0.000	0.146	0.080	0.000	0.066
29	P	0.000	0.146	0.080	0.000	0.066
30	R	0.004	0.143	0.080	0.000	0.062
31	A	0.000	0.143	0.080	0.001	0.062
32	A	0.015	0.128	0.079	0.001	0.048
33	F	0.011	0.117	0.079	0.002	0.036
34	V	0.000	0.117	0.078	0.002	0.036
35	A	0.000	0.117	0.078	0.003	0.036
36	R	0.000	0.117	0.077	0.003	0.036
37	C	0.000	0.117	0.042	0.039	0.036
38	L	0.000	0.117	0.017	0.063	0.036
39	A	0.000	0.117	0.011	0.069	0.036
40	A	0.019	0.097	0.008	0.072	0.017
>XP_001395483.2
pos	aa	C	S	n-reg	h-reg	c-reg
1	M	0.000	0.992	0.992	0.000	0.000
2	S	0.000	0.993	0.993	0.000	0.000
3	P	0.000	0.993	0.993	0.000	0.000
4	T	0.000	0.993	0.990	0.003	0.000
5	Q	0.000	0.993	0.979	0.014	0.000
6	S	0.000	0.993	0.868	0.125	0.000
7	L	0.000	0.993	0.755	0.238	0.000
8	G	0.000	0.993	0.738	0.254	0.000
9	K	0.000	0.993	0.695	0.298	0.000
10	L	0.000	0.993	0.088	0.905	0.000
11	L	0.000	0.993	0.008	0.985	0.000
12	V	0.000	0.993	0.002	0.991	0.000
13	L	0.000	0.993	0.000	0.992	0.000
14	I	0.000	0.993	0.000	0.990	0.003
15	L	0.000	0.993	0.000	0.976	0.017
16	I	0.000	0.993	0.000	0.952	0.041
17	S	0.000	0.993	0.000	0.690	0.303
18	S	0.000	0.993	0.000	0.394	0.599
19	S	0.001	0.992	0.000	0.134	0.858
20	S	0.003	0.990	0.000	0.101	0.888
21	A	0.013	0.976	0.000	0.030	0.946
22	M	0.442	0.534	0.000	0.008	0.526
23	S	0.000	0.534	0.000	0.003	0.531
24	L	0.263	0.271	0.000	0.001	0.269
25	T	0.013	0.258	0.000	0.001	0.257
26	R	0.175	0.082	0.000	0.000	0.082
27	Y	0.000	0.082	0.000	0.000	0.082
28	T	0.000	0.082	0.000	0.000	0.082
29	A	0.055	0.027	0.000	0.000	0.027
30	P	0.002	0.024	0.000	0.000	0.024
31	I	0.019	0.005	0.000	0.000	0.005
32	P	0.000	0.005	0.000	0.000	0.005
33	Q	0.000	0.005	0.000	0.000	0.005
34	G	0.000	0.005	0.000	0.000	0.005
35	A	0.004	0.001	0.000	0.000	0.001
36	K	0.001	0.000	0.000	0.000	0.000
37	V	0.000	0.000	0.000	0.000	0.000
38	V	0.000	0.000	0.000	0.000	0.000
39	E	0.000	0.000	0.000	0.000	0.000
40	T	0.000	0.000	0.000	0.000	0.000
>XP_001395491.1
pos	aa	C	S	n-reg	h-reg	c-reg
1	M	0.000	1.000	1.000	0.000	0.000
2	R	0.000	1.000	1.000	0.000	0.000
3	H	0.000	1.000	0.945	0.055	0.000
4	L	0.000	1.000	0.267	0.733	0.000
5	L	0.000	1.000	0.122	0.878	0.000
6	S	0.000	1.000	0.081	0.918	0.000
7	L	0.000	1.000	0.012	0.988	0.000
8	L	0.000	1.000	0.002	0.998	0.000
9	V	0.000	1.000	0.001	0.999	0.000
10	L	0.000	1.000	0.000	1.000	0.000
11	L	0.000	1.000	0.000	0.999	0.001
12	I	0.000	1.000	0.000	0.957	0.043
13	A	0.000	1.000	0.000	0.695	0.305
14	S	0.000	1.000	0.000	0.572	0.428
15	A	0.000	1.000	0.000	0.483	0.517
16	A	0.006	0.994	0.000	0.062	0.932
17	L	0.002	0.992	0.000	0.046	0.945
18	V	0.002	0.990	0.000	0.026	0.963
19	S	0.000	0.990	0.000	0.002	0.988
20	A	0.007	0.983	0.000	0.001	0.982
21	V	0.905	0.078	0.000	0.000	0.078
22	P	0.000	0.078	0.000	0.000	0.078
23	A	0.004	0.074	0.000	0.000	0.074
24	G	0.060	0.014	0.000	0.000	0.014
25	S	0.001	0.013	0.000	0.000	0.013
26	I	0.013	0.000	0.000	0.000	0.000
27	I	0.000	0.000	0.000	0.000	0.000
28	T	0.000	0.000	0.000	0.000	0.000
29	P	0.000	0.000	0.000	0.000	0.000
30	Q	0.000	0.000	0.000	0.000	0.000
31	P	0.000	0.000	0.000	0.000	0.000
32	P	0.000	0.000	0.000	0.000	0.000
33	V	0.000	0.000	0.000	0.000	0.000
34	E	0.000	0.000	0.000	0.000	0.000
35	P	0.000	0.000	0.000	0.000	0.000
36	V	0.000	0.000	0.000	0.000	0.000
37	H	0.000	0.000	0.000	0.000	0.000
38	L	0.000	0.000	0.000	0.000	0.000
39	L	0.000	0.000	0.000	0.000	0.000
40	S	0.000	0.000	0.000	0.000	0.000
>XP_001395493.2
pos	aa	C	S	n-reg	h-reg	c-reg
1	M	0.000	0.003	0.003	0.000	0.000
2	Y	0.000	0.003	0.003	0.000	0.000
3	H	0.000	0.003	0.003	0.000	0.000
4	D	0.000	0.003	0.003	0.000	0.000
5	K	0.000	0.003	0.003	0.000	0.000
6	D	0.000	0.003	0.003	0.000	0.000
7	G	0.000	0.003	0.003	0.000	0.000
8	V	0.000	0.003	0.003	0.000	0.000
9	A	0.000	0.003	0.003	0.000	0.000
10	S	0.000	0.003	0.003	0.000	0.000
11	K	0.000	0.003	0.003	0.000	0.000
12	E	0.000	0.003	0.003	0.000	0.000
13	S	0.000	0.003	0.003	0.000	0.000
14	E	0.000	0.003	0.003	0.000	0.000
15	A	0.000	0.003	0.003	0.000	0.000
16	A	0.000	0.003	0.003	0.000	0.000
17	Y	0.000	0.003	0.003	0.000	0.000
18	K	0.000	0.003	0.003	0.000	0.000
19	A	0.000	0.003	0.003	0.000	0.000
20	R	0.000	0.003	0.003	0.000	0.000
21	I	0.000	0.003	0.003	0.000	0.000
22	R	0.000	0.003	0.003	0.000	0.000
23	L	0.000	0.003	0.001	0.002	0.000
24	L	0.000	0.003	0.000	0.002	0.000
25	V	0.000	0.003	0.000	0.003	0.000
26	W	0.000	0.003	0.000	0.003	0.000
27	L	0.000	0.003	0.000	0.003	0.000
28	T	0.000	0.003	0.000	0.003	0.000
29	S	0.000	0.003	0.000	0.003	0.000
30	F	0.000	0.003	0.000	0.003	0.000
31	L	0.000	0.003	0.000	0.002	0.000
32	S	0.000	0.003	0.000	0.002	0.000
33	W	0.000	0.003	0.000	0.002	0.001
34	L	0.000	0.003	0.000	0.002	0.001
35	G	0.000	0.003	0.000	0.000	0.003
36	L	0.000	0.003	0.000	0.000	0.003
37	A	0.000	0.003	0.000	0.000	0.003
38	A	0.000	0.002	0.000	0.000	0.002
39	A	0.000	0.002	0.000	0.000	0.002
40	I	0.002	0.000	0.000	0.000	0.000
>XP_001395495.1
pos	aa	C	S	n-reg	h-reg	c-reg
1	M	0.000	0.136	0.136	0.000	0.000
2	E	0.000	0.140	0.140	0.000	0.000
3	G	0.000	0.140	0.138	0.002	0.000
4	A	0.000	0.140	0.132	0.008	0.000
5	A	0.000	0.140	0.130	0.010	0.000
6	A	0.000	0.140	0.129	0.011	0.000
7	L	0.000	0.140	0.128	0.012	0.000
8	I	0.000	0.140	0.127	0.013	0.000
9	R	0.000	0.140	0.127	0.013	0.000
10	A	0.000	0.140	0.125	0.015	0.000
11	L	0.000	0.140	0.124	0.016	0.000
12	P	0.000	0.140	0.124	0.010	0.007
13	S	0.000	0.140	0.121	0.011	0.008
14	S	0.000	0.140	0.111	0.019	0.010
15	Y	0.000	0.140	0.085	0.045	0.010
16	A	0.000	0.140	0.043	0.086	0.010
17	L	0.007	0.134	0.012	0.117	0.005
18	I	0.000	0.133	0.004	0.123	0.007
19	G	0.000	0.134	0.002	0.123	0.008
20	L	0.000	0.133	0.000	0.125	0.008
21	A	0.000	0.133	0.000	0.124	0.009
22	A	0.006	0.127	0.000	0.124	0.003
23	I	0.002	0.125	0.000	0.122	0.003
24	V	0.000	0.125	0.000	0.119	0.006
25	L	0.000	0.125	0.000	0.112	0.013
26	Y	0.001	0.125	0.000	0.072	0.053
27	C	0.000	0.125	0.000	0.033	0.091
28	L	0.005	0.120	0.000	0.015	0.104
29	Y	0.000	0.118	0.000	0.004	0.114
30	Q	0.000	0.118	0.000	0.002	0.115
31	A	0.041	0.076	0.000	0.001	0.075
32	T	0.049	0.027	0.000	0.001	0.026
33	M	0.007	0.020	0.000	0.001	0.019
34	V	0.000	0.020	0.000	0.001	0.019
35	T	0.000	0.019	0.000	0.000	0.019
36	D	0.018	0.001	0.000	0.000	0.001
37	I	0.000	0.001	0.000	0.000	0.001
38	P	0.000	0.001	0.000	0.000	0.001
39	R	0.000	0.001	0.000	0.000	0.001
40	I	0.000	0.001	0.000	0.000	0.001
>XP_001395499.2
pos	aa	C	S	n-reg	h-reg	c-reg
1	M	0.000	0.505	0.505	0.000	0.000
2	Q	0.000	0.505	0.505	0.000	0.000
3	L	0.000	0.505	0.463	0.042	0.000
4	L	0.000	0.505	0.443	0.062	0.000
5	S	0.000	0.505	0.434	0.071	0.000
6	L	0.000	0.505	0.313	0.193	0.000
7	L	0.000	0.505	0.250	0.255	0.000
8	V	0.000	0.505	0.238	0.268	0.000
9	N	0.000	0.505	0.233	0.273	0.000
10	P	0.000	0.505	0.200	0.305	0.000
11	F	0.000	0.505	0.063	0.439	0.003
12	A	0.000	0.505	0.024	0.471	0.010
13	A	0.000	0.505	0.017	0.471	0.018
14	S	0.000	0.505	0.013	0.451	0.041
15	I	0.001	0.505	0.004	0.450	0.050
16	L	0.000	0.505	0.001	0.441	0.063
17	L	0.001	0.504	0.000	0.422	0.081
18	L	0.003	0.501	0.000	0.295	0.206
19	L	0.016	0.485	0.000	0.154	0.331
20	S	0.002	0.483	0.000	0.053	0.430
21	T	0.018	0.465	0.000	0.033	0.433
22	G	0.022	0.444	0.000	0.026	0.418
23	S	0.234	0.210	0.000	0.019	0.191
24	Y	0.158	0.053	0.000	0.013	0.039
25	V	0.000	0.053	0.000	0.012	0.041
26	I	0.000	0.053	0.000	0.010	0.043
27	Y	0.000	0.052	0.000	0.002	0.051
28	Q	0.000	0.052	0.000	0.001	0.052
29	C	0.019	0.034	0.000	0.001	0.033
30	F	0.011	0.023	0.000	0.001	0.022
31	L	0.000	0.023	0.000	0.001	0.022
32	C	0.014	0.009	0.000	0.000	0.008
33	P	0.000	0.009	0.000	0.000	0.008
34	L	0.000	0.009	0.000	0.000	0.008
35	A	0.001	0.008	0.000	0.000	0.008
36	R	0.004	0.004	0.000	0.000	0.004
37	F	0.000	0.004	0.000	0.000	0.004
38	P	0.000	0.004	0.000	0.000	0.004
39	G	0.000	0.004	0.000	0.000	0.004
40	P	0.000	0.004	0.000	0.000	0.004
>XP_001395500.1
pos	aa	C	S	n-reg	h-reg	c-reg
1	M	0.000	0.516	0.516	0.000	0.000
2	P	0.000	0.516	0.516	0.000	0.000
3	T	0.000	0.516	0.516	0.000	0.000
4	K	0.000	0.516	0.515	0.001	0.000
5	T	0.000	0.516	0.442	0.074	0.000
6	L	0.000	0.516	0.201	0.315	0.000
7	F	0.000	0.516	0.151	0.365	0.000
8	L	0.000	0.516	0.133	0.383	0.000
9	T	0.000	0.516	0.118	0.398	0.000
10	G	0.000	0.516	0.103	0.414	0.000
11	G	0.000	0.516	0.088	0.428	0.000
12	S	0.000	0.516	0.060	0.456	0.000
13	G	0.000	0.516	0.008	0.488	0.020
14	Y	0.000	0.516	0.004	0.477	0.034
15	V	0.000	0.516	0.001	0.476	0.039
16	G	0.000	0.516	0.001	0.461	0.055
17	S	0.000	0.516	0.000	0.277	0.239
18	A	0.018	0.498	0.000	0.161	0.337
19	L	0.011	0.487	0.000	0.143	0.344
20	I	0.002	0.485	0.000	0.127	0.358
21	P	0.000	0.485	0.000	0.010	0.475
22	L	0.000	0.485	0.000	0.008	0.477
23	A	0.000	0.485	0.000	0.002	0.483
24	L	0.000	0.485	0.000	0.002	0.483
25	A	0.000	0.484	0.000	0.001	0.483
26	K	0.482	0.002	0.000	0.000	0.002
27	N	0.000	0.002	0.000	0.000	0.002
28	Y	0.000	0.002	0.000	0.000	0.002
29	T	0.000	0.002	0.000	0.000	0.002
30	I	0.000	0.001	0.000	0.000	0.001
31	R	0.000	0.001	0.000	0.000	0.001
32	A	0.000	0.001	0.000	0.000	0.001
33	L	0.001	0.001	0.000	0.000	0.000
34	S	0.000	0.000	0.000	0.000	0.000
35	R	0.000	0.000	0.000	0.000	0.000
36	T	0.000	0.000	0.000	0.000	0.000
37	P	0.000	0.000	0.000	0.000	0.000
38	E	0.000	0.000	0.000	0.000	0.000
39	S	0.000	0.000	0.000	0.000	0.000
40	D	0.000	0.000	0.000	0.000	0.000
>XP_001395506.2
pos	aa	C	S	n-reg	h-reg	c-reg
1	M	0.000	0.006	0.006	0.000	0.000
2	A	0.000	0.007	0.007	0.000	0.000
3	F	0.000	0.007	0.007	0.000	0.000
4	E	0.000	0.007	0.007	0.000	0.000
5	S	0.000	0.007	0.007	0.000	0.000
6	L	0.000	0.007	0.007	0.000	0.000
7	A	0.000	0.007	0.007	0.000	0.000
8	F	0.000	0.007	0.007	0.000	0.000
9	H	0.000	0.007	0.007	0.000	0.000
10	T	0.000	0.007	0.007	0.000	0.000
11	K	0.000	0.007	0.007	0.000	0.000
12	L	0.000	0.007	0.007	0.000	0.000
13	R	0.000	0.007	0.007	0.000	0.000
14	I	0.000	0.007	0.007	0.001	0.000
15	L	0.000	0.007	0.007	0.001	0.000
16	R	0.000	0.007	0.007	0.001	0.000
17	W	0.000	0.007	0.006	0.001	0.000
18	L	0.000	0.007	0.006	0.002	0.000
19	T	0.000	0.007	0.006	0.002	0.000
20	R	0.000	0.007	0.006	0.001	0.000
21	L	0.000	0.007	0.006	0.001	0.000
22	L	0.000	0.007	0.006	0.001	0.000
23	A	0.000	0.007	0.006	0.001	0.000
24	W	0.000	0.007	0.006	0.001	0.000
25	L	0.000	0.007	0.006	0.001	0.000
26	D	0.000	0.007	0.006	0.000	0.001
27	R	0.000	0.007	0.006	0.000	0.001
28	K	0.000	0.007	0.006	0.000	0.001
29	R	0.000	0.007	0.006	0.000	0.001
30	H	0.000	0.007	0.006	0.000	0.001
31	P	0.000	0.007	0.005	0.000	0.001
32	V	0.000	0.007	0.003	0.003	0.001
33	S	0.000	0.007	0.003	0.003	0.001
34	T	0.000	0.007	0.002	0.004	0.001
35	I	0.001	0.006	0.001	0.004	0.000
36	T	0.000	0.006	0.001	0.005	0.000
37	P	0.000	0.006	0.001	0.005	0.000
38	T	0.000	0.006	0.001	0.005	0.000
39	S	0.000	0.006	0.001	0.005	0.000
40	Q	0.000	0.006	0.001	0.004	0.001
>XP_001395517.1
pos	aa	C	S	n-reg	h-reg	c-reg
1	M	0.000	1.000	1.000	0.000	0.000
2	F	0.000	1.000	1.000	0.000	0.000
3	K	0.000	1.000	0.996	0.003	0.000
4	S	0.000	1.000	0.583	0.417	0.000
5	L	0.000	1.000	0.292	0.708	0.000
6	A	0.000	1.000	0.134	0.866	0.000
7	L	0.000	1.000	0.002	0.997	0.000
8	V	0.000	1.000	0.001	0.999	0.000
9	A	0.000	1.000	0.000	0.999	0.000
10	L	0.000	1.000	0.000	0.999	0.000
11	A	0.000	1.000	0.000	0.999	0.001
12	T	0.000	1.000	0.000	0.951	0.049
13	I	0.000	1.000	0.000	0.916	0.084
14	S	0.000	1.000	0.000	0.799	0.200
15	P	0.000	0.999	0.000	0.026	0.974
16	S	0.000	0.999	0.000	0.009	0.990
17	A	0.002	0.997	0.000	0.004	0.993
18	L	0.001	0.996	0.000	0.003	0.993
19	C	0.003	0.993	0.000	0.002	0.991
20	A	0.969	0.024	0.000	0.000	0.024
21	P	0.008	0.016	0.000	0.000	0.016
22	I	0.004	0.012	0.000	0.000	0.012
23	T	0.000	0.012	0.000	0.000	0.012
24	S	0.000	0.012	0.000	0.000	0.012
25	R	0.011	0.000	0.000	0.000	0.000
26	D	0.000	0.000	0.000	0.000	0.000
27	I	0.000	0.000	0.000	0.000	0.000
28	P	0.000	0.000	0.000	0.000	0.000
29	F	0.000	0.000	0.000	0.000	0.000
30	G	0.000	0.000	0.000	0.000	0.000
31	Q	0.000	0.000	0.000	0.000	0.000
32	V	0.000	0.000	0.000	0.000	0.000
33	I	0.000	0.000	0.000	0.000	0.000
34	T	0.000	0.000	0.000	0.000	0.000
35	T	0.000	0.000	0.000	0.000	0.000
36	C	0.000	0.000	0.000	0.000	0.000
37	T	0.000	0.000	0.000	0.000	0.000
38	T	0.000	0.000	0.000	0.000	0.000
39	P	0.000	0.000	0.000	0.000	0.000
40	N	0.000	0.000	0.000	0.000	0.000
>XP_001395520.1
pos	aa	C	S	n-reg	h-reg	c-reg
1	M	0.000	0.023	0.023	0.000	0.000
2	S	0.000	0.024	0.024	0.000	0.000
3	A	0.000	0.024	0.024	0.000	0.000
4	S	0.000	0.024	0.024	0.000	0.000
5	M	0.000	0.024	0.023	0.001	0.000
6	A	0.000	0.024	0.023	0.002	0.000
7	R	0.000	0.024	0.022	0.002	0.000
8	S	0.000	0.024	0.002	0.022	0.000
9	T	0.000	0.024	0.002	0.023	0.000
10	T	0.000	0.024	0.002	0.023	0.000
11	I	0.000	0.024	0.001	0.023	0.000
12	T	0.000	0.024	0.001	0.023	0.000
13	L	0.000	0.024	0.001	0.023	0.000
14	L	0.000	0.024	0.001	0.023	0.000
15	L	0.000	0.024	0.001	0.023	0.000
16	D	0.000	0.024	0.001	0.001	0.022
17	R	0.000	0.024	0.001	0.000	0.022
18	C	0.000	0.024	0.001	0.000	0.023
19	M	0.000	0.024	0.001	0.000	0.022
20	S	0.000	0.024	0.001	0.000	0.022
21	T	0.019	0.005	0.001	0.000	0.004
22	M	0.000	0.005	0.001	0.000	0.003
23	Q	0.000	0.005	0.001	0.000	0.004
24	F	0.000	0.005	0.001	0.000	0.003
25	S	0.000	0.005	0.001	0.000	0.003
26	S	0.000	0.005	0.001	0.000	0.003
27	S	0.000	0.005	0.001	0.000	0.003
28	V	0.000	0.004	0.001	0.000	0.003
29	V	0.000	0.004	0.001	0.000	0.003
30	S	0.000	0.004	0.001	0.000	0.003
31	L	0.001	0.004	0.001	0.000	0.002
32	T	0.001	0.003	0.001	0.000	0.002
33	D	0.000	0.002	0.001	0.000	0.001
34	I	0.000	0.002	0.001	0.000	0.001
35	R	0.000	0.002	0.001	0.000	0.001
36	A	0.000	0.002	0.001	0.000	0.001
37	V	0.000	0.002	0.001	0.000	0.001
38	L	0.000	0.002	0.001	0.000	0.001
39	E	0.000	0.002	0.001	0.000	0.001
40	S	0.000	0.002	0.001	0.000	0.001
>XP_001395530.1
pos	aa	C	S	n-reg	h-reg	c-reg
1	M	0.000	0.364	0.364	0.000	0.000
2	K	0.000	0.364	0.364	0.000	0.000
3	Q	0.000	0.364	0.363	0.001	0.000
4	I	0.000	0.364	0.356	0.008	0.000
5	N	0.000	0.364	0.352	0.013	0.000
6	T	0.000	0.364	0.237	0.127	0.000
7	I	0.000	0.364	0.115	0.249	0.000
8	A	0.000	0.364	0.098	0.267	0.000
9	H	0.000	0.364	0.080	0.285	0.000
10	L	0.000	0.364	0.005	0.359	0.000
11	T	0.000	0.364	0.002	0.362	0.000
12	T	0.000	0.364	0.001	0.363	0.000
13	L	0.000	0.364	0.000	0.363	0.001
14	L	0.000	0.364	0.000	0.354	0.010
15	S	0.000	0.364	0.000	0.320	0.044
16	L	0.000	0.364	0.000	0.309	0.055
17	T	0.000	0.364	0.000	0.223	0.141
18	A	0.004	0.360	0.000	0.030	0.330
19	K	0.007	0.353	0.000	0.008	0.345
20	I	0.000	0.353	0.000	0.004	0.349
21	A	0.000	0.353	0.000	0.002	0.351
22	A	0.058	0.294	0.000	0.000	0.294
23	H	0.223	0.071	0.000	0.000	0.071
24	G	0.000	0.071	0.000	0.000	0.071
25	H	0.071	0.000	0.000	0.000	0.000
26	V	0.000	0.000	0.000	0.000	0.000
27	S	0.000	0.000	0.000	0.000	0.000
28	N	0.000	0.000	0.000	0.000	0.000
29	I	0.000	0.000	0.000	0.000	0.000
30	V	0.000	0.000	0.000	0.000	0.000
31	I	0.000	0.000	0.000	0.000	0.000
32	N	0.000	0.000	0.000	0.000	0.000
33	G	0.000	0.000	0.000	0.000	0.000
34	V	0.000	0.000	0.000	0.000	0.000
35	S	0.000	0.000	0.000	0.000	0.000
36	Y	0.000	0.000	0.000	0.000	0.000
37	R	0.000	0.000	0.000	0.000	0.000
38	G	0.000	0.000	0.000	0.000	0.000
39	W	0.000	0.000	0.000	0.000	0.000
40	D	0.000	0.000	0.000	0.000	0.000
>XP_001395532.2
pos	aa	C	S	n-reg	h-reg	c-reg
1	M	0.000	0.010	0.010	0.000	0.000
2	F	0.000	0.010	0.010	0.000	0.000
3	L	0.000	0.010	0.006	0.004	0.000
4	L	0.000	0.010	0.005	0.005	0.000
5	D	0.000	0.010	0.005	0.005	0.000
6	V	0.000	0.010	0.001	0.009	0.000
7	L	0.000	0.010	0.001	0.009	0.000
8	Q	0.000	0.010	0.001	0.009	0.000
9	T	0.000	0.010	0.000	0.009	0.000
10	I	0.000	0.010	0.000	0.010	0.000
11	L	0.000	0.010	0.000	0.010	0.000
12	L	0.000	0.010	0.000	0.009	0.001
13	F	0.000	0.010	0.000	0.008	0.002
14	K	0.000	0.010	0.000	0.003	0.006
15	A	0.000	0.010	0.000	0.001	0.009
16	Q	0.000	0.010	0.000	0.001	0.009
17	L	0.000	0.010	0.000	0.001	0.009
18	L	0.001	0.009	0.000	0.001	0.008
19	S	0.000	0.009	0.000	0.000	0.008
20	Q	0.006	0.003	0.000	0.000	0.002
21	F	0.001	0.002	0.000	0.000	0.002
22	A	0.000	0.002	0.000	0.000	0.002
23	P	0.000	0.002	0.000	0.000	0.002
24	S	0.000	0.002	0.000	0.000	0.002
25	G	0.000	0.001	0.000	0.000	0.001
26	R	0.000	0.001	0.000	0.000	0.001
27	G	0.000	0.001	0.000	0.000	0.001
28	P	0.001	0.001	0.000	0.000	0.001
29	T	0.000	0.001	0.000	0.000	0.001
30	G	0.000	0.001	0.000	0.000	0.001
31	G	0.000	0.001	0.000	0.000	0.001
32	A	0.000	0.000	0.000	0.000	0.000
33	F	0.000	0.000	0.000	0.000	0.000
34	D	0.000	0.000	0.000	0.000	0.000
35	C	0.000	0.000	0.000	0.000	0.000
36	S	0.000	0.000	0.000	0.000	0.000
37	V	0.000	0.000	0.000	0.000	0.000
38	D	0.000	0.000	0.000	0.000	0.000
39	D	0.000	0.000	0.000	0.000	0.000
40	I	0.000	0.000	0.000	0.000	0.000
>XP_001395540.1
pos	aa	C	S	n-reg	h-reg	c-reg
1	M	0.000	0.647	0.647	0.000	0.000
2	G	0.000	0.647	0.647	0.000	0.000
3	A	0.000	0.647	0.487	0.160	0.000
4	L	0.000	0.647	0.333	0.314	0.000
5	Q	0.000	0.647	0.318	0.329	0.000
6	W	0.000	0.647	0.184	0.463	0.000
7	L	0.000	0.647	0.008	0.639	0.000
8	S	0.000	0.647	0.005	0.642	0.000
9	I	0.000	0.647	0.002	0.645	0.000
10	T	0.000	0.647	0.001	0.645	0.000
11	A	0.000	0.647	0.001	0.621	0.025
12	A	0.000	0.647	0.000	0.551	0.096
13	A	0.000	0.647	0.000	0.525	0.121
14	A	0.000	0.646	0.000	0.446	0.200
15	S	0.001	0.646	0.000	0.038	0.607
16	A	0.002	0.643	0.000	0.020	0.624
17	V	0.018	0.626	0.000	0.010	0.616
18	S	0.000	0.626	0.000	0.005	0.621
19	A	0.052	0.574	0.000	0.003	0.570
20	L	0.543	0.030	0.000	0.002	0.028
21	T	0.012	0.018	0.000	0.001	0.017
22	P	0.004	0.014	0.000	0.000	0.013
23	E	0.008	0.006	0.000	0.000	0.006
24	Q	0.000	0.006	0.000	0.000	0.006
25	M	0.000	0.006	0.000	0.000	0.006
26	I	0.000	0.006	0.000	0.000	0.006
27	G	0.000	0.006	0.000	0.000	0.006
28	A	0.005	0.000	0.000	0.000	0.000
29	P	0.000	0.000	0.000	0.000	0.000
30	R	0.000	0.000	0.000	0.000	0.000
31	R	0.000	0.000	0.000	0.000	0.000
32	T	0.000	0.000	0.000	0.000	0.000
33	E	0.000	0.000	0.000	0.000	0.000
34	V	0.000	0.000	0.000	0.000	0.000
35	I	0.000	0.000	0.000	0.000	0.000
36	P	0.000	0.000	0.000	0.000	0.000
37	N	0.000	0.000	0.000	0.000	0.000
38	P	0.000	0.000	0.000	0.000	0.000
39	S	0.000	0.000	0.000	0.000	0.000
40	G	0.000	0.000	0.000	0.000	0.000
>XP_001395553.2
pos	aa	C	S	n-reg	h-reg	c-reg
1	M	0.000	0.716	0.716	0.000	0.000
2	P	0.000	0.716	0.716	0.000	0.000
3	G	0.000	0.716	0.579	0.137	0.000
4	S	0.000	0.716	0.426	0.290	0.000
5	L	0.000	0.716	0.199	0.517	0.000
6	S	0.000	0.716	0.109	0.607	0.000
7	L	0.000	0.716	0.014	0.702	0.000
8	F	0.000	0.716	0.004	0.713	0.000
9	S	0.000	0.716	0.001	0.715	0.000
10	V	0.000	0.716	0.000	0.716	0.000
11	N	0.000	0.716	0.000	0.626	0.090
12	A	0.000	0.716	0.000	0.612	0.104
13	V	0.000	0.716	0.000	0.551	0.166
14	L	0.000	0.716	0.000	0.425	0.291
15	L	0.000	0.716	0.000	0.289	0.427
16	M	0.031	0.685	0.000	0.111	0.574
17	S	0.000	0.685	0.000	0.012	0.673
18	A	0.116	0.569	0.000	0.004	0.565
19	D	0.429	0.139	0.000	0.000	0.139
20	D	0.000	0.139	0.000	0.000	0.139
21	G	0.000	0.139	0.000	0.000	0.139
22	S	0.122	0.017	0.000	0.000	0.017
23	R	0.011	0.006	0.000	0.000	0.006
24	I	0.000	0.006	0.000	0.000	0.006
25	F	0.000	0.006	0.000	0.000	0.006
26	T	0.000	0.006	0.000	0.000	0.006
27	K	0.005	0.000	0.000	0.000	0.000
28	Y	0.000	0.000	0.000	0.000	0.000
29	Y	0.000	0.000	0.000	0.000	0.000
30	S	0.000	0.000	0.000	0.000	0.000
31	P	0.000	0.000	0.000	0.000	0.000
32	P	0.000	0.000	0.000	0.000	0.000
33	H	0.000	0.000	0.000	0.000	0.000
34	P	0.000	0.000	0.000	0.000	0.000
35	P	0.000	0.000	0.000	0.000	0.000
36	A	0.000	0.000	0.000	0.000	0.000
37	G	0.000	0.000	0.000	0.000	0.000
38	A	0.000	0.000	0.000	0.000	0.000
39	A	0.000	0.000	0.000	0.000	0.000
40	P	0.000	0.000	0.000	0.000	0.000
>XP_001395572.1
pos	aa	C	S	n-reg	h-reg	c-reg
1	M	0.000	0.999	0.999	0.000	0.000
2	L	0.000	0.999	0.999	0.000	0.000
3	S	0.000	0.999	0.990	0.008	0.000
4	T	0.000	0.999	0.953	0.046	0.000
5	H	0.000	0.999	0.919	0.080	0.000
6	L	0.000	0.999	0.398	0.601	0.000
7	L	0.000	0.999	0.063	0.936	0.000
8	F	0.000	0.999	0.017	0.982	0.000
9	L	0.000	0.999	0.006	0.993	0.000
10	A	0.000	0.999	0.003	0.996	0.000
11	T	0.000	0.999	0.000	0.998	0.000
12	T	0.000	0.999	0.000	0.997	0.001
13	L	0.000	0.999	0.000	0.997	0.002
14	L	0.000	0.999	0.000	0.989	0.009
15	T	0.000	0.999	0.000	0.785	0.213
16	S	0.000	0.998	0.000	0.576	0.423
17	L	0.001	0.998	0.000	0.509	0.488
18	F	0.002	0.995	0.000	0.374	0.622
19	H	0.000	0.995	0.000	0.001	0.994
20	P	0.000	0.995	0.000	0.000	0.995
21	I	0.002	0.994	0.000	0.000	0.994
22	A	0.000	0.994	0.000	0.000	0.994
23	A	0.009	0.985	0.000	0.000	0.985
24	H	0.970	0.015	0.000	0.000	0.015
25	V	0.000	0.015	0.000	0.000	0.015
26	A	0.000	0.015	0.000	0.000	0.015
27	K	0.014	0.002	0.000	0.000	0.002
28	R	0.000	0.002	0.000	0.000	0.002
29	S	0.000	0.002	0.000	0.000	0.002
30	G	0.000	0.001	0.000	0.000	0.001
31	S	0.001	0.001	0.000	0.000	0.001
32	L	0.000	0.001	0.000	0.000	0.001
33	Q	0.000	0.000	0.000	0.000	0.000
34	Q	0.000	0.000	0.000	0.000	0.000
35	I	0.000	0.000	0.000	0.000	0.000
36	T	0.000	0.000	0.000	0.000	0.000
37	D	0.000	0.000	0.000	0.000	0.000
38	F	0.000	0.000	0.000	0.000	0.000
39	G	0.000	0.000	0.000	0.000	0.000
40	D	0.000	0.000	0.000	0.000	0.000
>XP_001395605.2
pos	aa	C	S	n-reg	h-reg	c-reg
1	M	0.000	0.477	0.477	0.000	0.000
2	I	0.000	0.477	0.477	0.000	0.000
3	L	0.000	0.477	0.406	0.072	0.000
4	E	0.000	0.477	0.381	0.096	0.000
5	A	0.000	0.477	0.136	0.341	0.000
6	L	0.000	0.477	0.037	0.440	0.000
7	G	0.000	0.477	0.019	0.458	0.000
8	L	0.000	0.477	0.006	0.472	0.000
9	L	0.000	0.477	0.002	0.476	0.000
10	A	0.000	0.477	0.001	0.477	0.000
11	L	0.000	0.477	0.000	0.471	0.006
12	A	0.000	0.477	0.000	0.460	0.017
13	Y	0.000	0.477	0.000	0.217	0.260
14	L	0.000	0.477	0.000	0.159	0.318
15	A	0.001	0.477	0.000	0.069	0.408
16	W	0.002	0.475	0.000	0.026	0.449
17	S	0.000	0.475	0.000	0.016	0.459
18	M	0.387	0.088	0.000	0.013	0.075
19	V	0.000	0.088	0.000	0.013	0.075
20	T	0.000	0.088	0.000	0.004	0.084
21	M	0.060	0.028	0.000	0.001	0.027
22	E	0.000	0.028	0.000	0.000	0.028
23	I	0.000	0.028	0.000	0.000	0.028
24	N	0.000	0.028	0.000	0.000	0.028
25	Y	0.000	0.028	0.000	0.000	0.028
26	R	0.000	0.028	0.000	0.000	0.028
27	R	0.000	0.028	0.000	0.000	0.028
28	A	0.000	0.028	0.000	0.000	0.028
29	S	0.022	0.006	0.000	0.000	0.006
30	S	0.000	0.006	0.000	0.000	0.006
31	M	0.003	0.003	0.000	0.000	0.003
32	G	0.000	0.003	0.000	0.000	0.003
33	I	0.002	0.001	0.000	0.000	0.001
34	P	0.000	0.001	0.000	0.000	0.001
35	L	0.000	0.001	0.000	0.000	0.001
36	V	0.000	0.001	0.000	0.000	0.001
37	R	0.000	0.001	0.000	0.000	0.001
38	L	0.000	0.001	0.000	0.000	0.001
39	Y	0.001	0.000	0.000	0.000	0.000
40	I	0.000	0.000	0.000	0.000	0.000
>XP_001395609.1
pos	aa	C	S	n-reg	h-reg	c-reg
1	M	0.000	0.946	0.946	0.000	0.000
2	N	0.000	0.946	0.946	0.000	0.000
3	T	0.000	0.946	0.945	0.000	0.000
4	A	0.000	0.946	0.943	0.003	0.000
5	I	0.000	0.946	0.934	0.012	0.000
6	I	0.000	0.946	0.921	0.024	0.000
7	P	0.000	0.946	0.915	0.031	0.000
8	G	0.000	0.946	0.856	0.090	0.000
9	A	0.000	0.946	0.518	0.428	0.000
10	A	0.000	0.946	0.281	0.665	0.000
11	A	0.000	0.946	0.169	0.777	0.000
12	A	0.000	0.946	0.070	0.876	0.000
13	L	0.000	0.946	0.002	0.944	0.000
14	A	0.000	0.946	0.001	0.945	0.000
15	L	0.000	0.946	0.000	0.945	0.001
16	I	0.000	0.946	0.000	0.942	0.004
17	F	0.000	0.946	0.000	0.915	0.031
18	F	0.000	0.946	0.000	0.885	0.061
19	I	0.000	0.946	0.000	0.855	0.090
20	L	0.000	0.946	0.000	0.632	0.314
21	R	0.000	0.946	0.000	0.030	0.916
22	A	0.000	0.946	0.000	0.023	0.923
23	L	0.022	0.924	0.000	0.007	0.916
24	S	0.000	0.923	0.000	0.001	0.922
25	A	0.290	0.633	0.000	0.000	0.633
26	R	0.476	0.157	0.000	0.000	0.157
27	S	0.000	0.157	0.000	0.000	0.157
28	R	0.157	0.000	0.000	0.000	0.000
29	V	0.000	0.000	0.000	0.000	0.000
30	L	0.000	0.000	0.000	0.000	0.000
31	N	0.000	0.000	0.000	0.000	0.000
32	K	0.000	0.000	0.000	0.000	0.000
33	K	0.000	0.000	0.000	0.000	0.000
34	P	0.000	0.000	0.000	0.000	0.000
35	A	0.000	0.000	0.000	0.000	0.000
36	A	0.000	0.000	0.000	0.000	0.000
37	A	0.000	0.000	0.000	0.000	0.000
38	P	0.000	0.000	0.000	0.000	0.000
39	L	0.000	0.000	0.000	0.000	0.000
40	T	0.000	0.000	0.000	0.000	0.000
>XP_001395612.2
pos	aa	C	S	n-reg	h-reg	c-reg
1	M	0.000	0.003	0.003	0.000	0.000
2	S	0.000	0.004	0.004	0.000	0.000
3	H	0.000	0.004	0.004	0.000	0.000
4	E	0.000	0.004	0.004	0.000	0.000
5	L	0.000	0.004	0.004	0.000	0.000
6	R	0.000	0.004	0.004	0.000	0.000
7	V	0.000	0.004	0.004	0.000	0.000
8	L	0.000	0.004	0.004	0.000	0.000
9	P	0.000	0.004	0.004	0.000	0.000
10	P	0.000	0.004	0.004	0.000	0.000
11	G	0.000	0.004	0.004	0.000	0.000
12	A	0.000	0.004	0.003	0.000	0.000
13	G	0.000	0.004	0.003	0.001	0.000
14	Y	0.000	0.004	0.003	0.001	0.000
15	G	0.000	0.004	0.003	0.001	0.000
16	I	0.000	0.004	0.002	0.002	0.000
17	V	0.000	0.004	0.001	0.003	0.000
18	I	0.000	0.004	0.001	0.003	0.000
19	G	0.000	0.004	0.000	0.003	0.000
20	I	0.000	0.004	0.000	0.003	0.000
21	G	0.000	0.004	0.000	0.003	0.000
22	G	0.000	0.004	0.000	0.004	0.000
23	I	0.000	0.004	0.000	0.004	0.000
24	F	0.000	0.004	0.000	0.004	0.000
25	A	0.000	0.004	0.000	0.004	0.000
26	L	0.000	0.004	0.000	0.003	0.000
27	F	0.000	0.004	0.000	0.003	0.001
28	M	0.000	0.004	0.000	0.002	0.002
29	L	0.000	0.004	0.000	0.002	0.002
30	G	0.000	0.004	0.000	0.001	0.003
31	I	0.000	0.003	0.000	0.001	0.003
32	S	0.000	0.003	0.000	0.000	0.003
33	W	0.000	0.003	0.000	0.000	0.003
34	L	0.000	0.003	0.000	0.000	0.003
35	Q	0.003	0.000	0.000	0.000	0.000
36	N	0.000	0.000	0.000	0.000	0.000
37	R	0.000	0.000	0.000	0.000	0.000
38	Y	0.000	0.000	0.000	0.000	0.000
39	T	0.000	0.000	0.000	0.000	0.000
40	Q	0.000	0.000	0.000	0.000	0.000
>XP_001395625.1
pos	aa	C	S	n-reg	h-reg	c-reg
1	M	0.000	0.866	0.866	0.000	0.000
2	P	0.000	0.866	0.866	0.000	0.000
3	S	0.000	0.866	0.865	0.002	0.000
4	F	0.000	0.866	0.861	0.005	0.000
5	T	0.000	0.866	0.859	0.008	0.000
6	T	0.000	0.866	0.852	0.014	0.000
7	K	0.000	0.866	0.847	0.019	0.000
8	G	0.000	0.866	0.607	0.260	0.000
9	L	0.000	0.866	0.027	0.840	0.000
10	A	0.000	0.866	0.009	0.858	0.000
11	S	0.000	0.866	0.001	0.865	0.000
12	V	0.000	0.866	0.000	0.866	0.000
13	A	0.000	0.866	0.000	0.865	0.001
14	L	0.000	0.866	0.000	0.863	0.003
15	G	0.000	0.866	0.000	0.857	0.010
16	A	0.000	0.866	0.000	0.812	0.054
17	A	0.000	0.866	0.000	0.121	0.746
18	V	0.000	0.866	0.000	0.072	0.795
19	A	0.000	0.866	0.000	0.005	0.862
20	Q	0.003	0.863	0.000	0.002	0.861
21	A	0.003	0.860	0.000	0.001	0.859
22	Q	0.825	0.035	0.000	0.000	0.034
23	L	0.000	0.035	0.000	0.000	0.034
24	W	0.032	0.003	0.000	0.000	0.003
25	D	0.000	0.003	0.000	0.000	0.003
26	Q	0.000	0.003	0.000	0.000	0.003
27	V	0.000	0.003	0.000	0.000	0.003
28	I	0.000	0.003	0.000	0.000	0.003
29	Q	0.000	0.003	0.000	0.000	0.003
30	T	0.002	0.001	0.000	0.000	0.001
31	N	0.001	0.000	0.000	0.000	0.000
32	Y	0.000	0.000	0.000	0.000	0.000
33	G	0.000	0.000	0.000	0.000	0.000
34	P	0.000	0.000	0.000	0.000	0.000
35	V	0.000	0.000	0.000	0.000	0.000
36	K	0.000	0.000	0.000	0.000	0.000
37	G	0.000	0.000	0.000	0.000	0.000
38	F	0.000	0.000	0.000	0.000	0.000
39	K	0.000	0.000	0.000	0.000	0.000
40	Y	0.000	0.000	0.000	0.000	0.000
>XP_001395632.2
pos	aa	C	S	n-reg	h-reg	c-reg
1	M	0.000	0.011	0.011	0.000	0.000
2	V	0.000	0.011	0.011	0.000	0.000
3	V	0.000	0.011	0.011	0.000	0.000
4	C	0.000	0.011	0.011	0.000	0.000
5	I	0.000	0.011	0.011	0.000	0.000
6	R	0.000	0.011	0.011	0.000	0.000
7	D	0.000	0.011	0.011	0.000	0.000
8	I	0.000	0.011	0.011	0.000	0.000
9	Q	0.000	0.011	0.011	0.000	0.000
10	S	0.000	0.011	0.010	0.001	0.000
11	L	0.000	0.011	0.008	0.003	0.000
12	I	0.000	0.011	0.008	0.003	0.000
13	G	0.000	0.011	0.008	0.003	0.000
14	I	0.000	0.011	0.008	0.003	0.000
15	G	0.000	0.011	0.007	0.004	0.000
16	C	0.000	0.011	0.007	0.004	0.000
17	T	0.000	0.011	0.006	0.005	0.000
18	I	0.000	0.011	0.003	0.008	0.000
19	A	0.000	0.011	0.001	0.009	0.001
20	V	0.000	0.011	0.001	0.010	0.001
21	L	0.000	0.011	0.000	0.010	0.001
22	A	0.000	0.011	0.000	0.008	0.003
23	A	0.001	0.010	0.000	0.008	0.002
24	I	0.000	0.010	0.000	0.008	0.002
25	L	0.000	0.010	0.000	0.008	0.002
26	G	0.000	0.010	0.000	0.008	0.003
27	W	0.002	0.008	0.000	0.007	0.001
28	V	0.000	0.008	0.000	0.007	0.001
29	F	0.000	0.008	0.000	0.005	0.003
30	W	0.000	0.008	0.000	0.001	0.007
31	H	0.000	0.008	0.000	0.000	0.008
32	L	0.000	0.008	0.000	0.000	0.008
33	D	0.000	0.008	0.000	0.000	0.008
34	G	0.000	0.008	0.000	0.000	0.008
35	S	0.000	0.008	0.000	0.000	0.008
36	L	0.000	0.007	0.000	0.000	0.007
37	A	0.000	0.007	0.000	0.000	0.007
38	G	0.007	0.001	0.000	0.000	0.001
39	I	0.000	0.000	0.000	0.000	0.000
40	R	0.000	0.000	0.000	0.000	0.000
>XP_001395635.2
pos	aa	C	S	n-reg	h-reg	c-reg
1	M	0.000	0.155	0.155	0.000	0.000
2	S	0.000	0.155	0.155	0.000	0.000
3	G	0.000	0.155	0.155	0.000	0.000
4	K	0.000	0.155	0.155	0.000	0.000
5	Q	0.000	0.155	0.150	0.006	0.000
6	L	0.000	0.155	0.050	0.105	0.000
7	T	0.000	0.155	0.029	0.127	0.000
8	I	0.000	0.155	0.017	0.138	0.000
9	F	0.000	0.155	0.011	0.145	0.000
10	T	0.000	0.155	0.006	0.149	0.000
11	C	0.000	0.155	0.003	0.152	0.000
12	S	0.000	0.155	0.003	0.153	0.000
13	S	0.000	0.155	0.002	0.153	0.000
14	L	0.000	0.155	0.000	0.152	0.003
15	L	0.000	0.155	0.000	0.145	0.010
16	F	0.000	0.155	0.000	0.136	0.019
17	A	0.000	0.155	0.000	0.096	0.059
18	S	0.001	0.155	0.000	0.015	0.139
19	L	0.000	0.155	0.000	0.012	0.143
20	I	0.001	0.154	0.000	0.010	0.144
21	G	0.000	0.154	0.000	0.008	0.146
22	A	0.031	0.122	0.000	0.000	0.122
23	Q	0.104	0.018	0.000	0.000	0.018
24	R	0.002	0.016	0.000	0.000	0.016
25	E	0.000	0.016	0.000	0.000	0.016
26	A	0.000	0.016	0.000	0.000	0.016
27	V	0.016	0.000	0.000	0.000	0.000
28	V	0.000	0.000	0.000	0.000	0.000
29	P	0.000	0.000	0.000	0.000	0.000
30	P	0.000	0.000	0.000	0.000	0.000
31	T	0.000	0.000	0.000	0.000	0.000
32	R	0.000	0.000	0.000	0.000	0.000
33	Y	0.000	0.000	0.000	0.000	0.000
34	E	0.000	0.000	0.000	0.000	0.000
35	I	0.000	0.000	0.000	0.000	0.000
36	G	0.000	0.000	0.000	0.000	0.000
37	S	0.000	0.000	0.000	0.000	0.000
38	G	0.000	0.000	0.000	0.000	0.000
39	F	0.000	0.000	0.000	0.000	0.000
40	T	0.000	0.000	0.000	0.000	0.000
>XP_001395636.2
pos	aa	C	S	n-reg	h-reg	c-reg
1	M	0.000	0.038	0.038	0.000	0.000
2	W	0.000	0.048	0.048	0.000	0.000
3	R	0.000	0.048	0.048	0.000	0.000
4	R	0.000	0.048	0.048	0.000	0.000
5	R	0.000	0.048	0.048	0.000	0.000
6	I	0.000	0.048	0.048	0.000	0.000
7	T	0.000	0.048	0.048	0.000	0.000
8	I	0.000	0.048	0.048	0.000	0.000
9	D	0.000	0.048	0.048	0.000	0.000
10	D	0.000	0.048	0.048	0.000	0.000
11	Q	0.000	0.048	0.048	0.001	0.000
12	A	0.000	0.048	0.042	0.006	0.000
13	I	0.000	0.048	0.037	0.011	0.000
14	T	0.000	0.048	0.036	0.012	0.000
15	D	0.000	0.048	0.035	0.013	0.000
16	V	0.000	0.048	0.009	0.039	0.000
17	T	0.000	0.048	0.007	0.042	0.000
18	I	0.000	0.048	0.004	0.044	0.000
19	L	0.000	0.048	0.003	0.045	0.000
20	F	0.000	0.048	0.003	0.045	0.000
21	F	0.000	0.048	0.003	0.045	0.001
22	L	0.000	0.048	0.003	0.044	0.002
23	W	0.000	0.048	0.003	0.042	0.004
24	G	0.000	0.048	0.003	0.017	0.028
25	F	0.000	0.048	0.003	0.016	0.030
26	A	0.000	0.048	0.003	0.011	0.034
27	Y	0.001	0.047	0.003	0.010	0.034
28	G	0.000	0.046	0.003	0.008	0.036
29	L	0.027	0.019	0.003	0.007	0.009
30	L	0.000	0.017	0.003	0.006	0.009
31	D	0.005	0.008	0.003	0.000	0.005
32	T	0.000	0.008	0.003	0.000	0.005
33	L	0.003	0.005	0.003	0.000	0.002
34	N	0.000	0.005	0.003	0.000	0.002
35	S	0.000	0.005	0.003	0.000	0.002
36	H	0.002	0.003	0.003	0.000	0.000
37	F	0.000	0.003	0.003	0.000	0.000
38	Q	0.000	0.003	0.003	0.000	0.000
39	D	0.000	0.003	0.003	0.000	0.000
40	E	0.000	0.003	0.003	0.000	0.000
>XP_001395646.1
pos	aa	C	S	n-reg	h-reg	c-reg
1	M	0.000	0.013	0.013	0.000	0.000
2	L	0.000	0.013	0.013	0.000	0.000
3	L	0.000	0.013	0.012	0.001	0.000
4	E	0.000	0.013	0.012	0.001	0.000
5	I	0.000	0.013	0.007	0.006	0.000
6	C	0.000	0.013	0.003	0.009	0.000
7	W	0.000	0.013	0.002	0.010	0.000
8	T	0.000	0.013	0.002	0.011	0.000
9	A	0.000	0.013	0.001	0.012	0.000
10	L	0.000	0.013	0.000	0.013	0.000
11	V	0.000	0.013	0.000	0.013	0.000
12	H	0.000	0.013	0.000	0.013	0.000
13	F	0.000	0.013	0.000	0.012	0.001
14	F	0.000	0.013	0.000	0.011	0.002
15	S	0.000	0.013	0.000	0.009	0.004
16	F	0.000	0.013	0.000	0.007	0.005
17	Q	0.000	0.013	0.000	0.002	0.011
18	S	0.000	0.013	0.000	0.001	0.012
19	L	0.000	0.013	0.000	0.001	0.012
20	F	0.000	0.013	0.000	0.000	0.012
21	S	0.000	0.013	0.000	0.000	0.013
22	S	0.005	0.008	0.000	0.000	0.008
23	Q	0.002	0.006	0.000	0.000	0.006
24	Q	0.001	0.005	0.000	0.000	0.005
25	Y	0.004	0.000	0.000	0.000	0.000
26	P	0.000	0.000	0.000	0.000	0.000
27	L	0.000	0.000	0.000	0.000	0.000
28	P	0.000	0.000	0.000	0.000	0.000
29	P	0.000	0.000	0.000	0.000	0.000
30	N	0.000	0.000	0.000	0.000	0.000
31	G	0.000	0.000	0.000	0.000	0.000
32	G	0.000	0.000	0.000	0.000	0.000
33	V	0.000	0.000	0.000	0.000	0.000
34	E	0.000	0.000	0.000	0.000	0.000
35	Y	0.000	0.000	0.000	0.000	0.000
36	P	0.000	0.000	0.000	0.000	0.000
37	T	0.000	0.000	0.000	0.000	0.000
38	S	0.000	0.000	0.000	0.000	0.000
39	P	0.000	0.000	0.000	0.000	0.000
40	T	0.000	0.000	0.000	0.000	0.000
>XP_001395649.2
pos	aa	C	S	n-reg	h-reg	c-reg
1	M	0.000	0.569	0.569	0.000	0.000
2	F	0.000	0.569	0.569	0.000	0.000
3	I	0.000	0.569	0.545	0.024	0.000
4	S	0.000	0.569	0.515	0.055	0.000
5	L	0.000	0.569	0.455	0.115	0.000
6	N	0.000	0.569	0.431	0.138	0.000
7	V	0.000	0.569	0.271	0.299	0.000
8	L	0.000	0.569	0.208	0.361	0.000
9	A	0.000	0.569	0.186	0.384	0.000
10	A	0.000	0.569	0.171	0.398	0.000
11	P	0.000	0.569	0.156	0.412	0.001
12	A	0.000	0.569	0.066	0.500	0.003
13	V	0.000	0.569	0.015	0.546	0.008
14	F	0.000	0.569	0.005	0.539	0.025
15	I	0.000	0.569	0.001	0.513	0.055
16	A	0.000	0.569	0.000	0.355	0.214
17	A	0.000	0.569	0.000	0.274	0.295
18	A	0.003	0.567	0.000	0.256	0.311
19	V	0.008	0.559	0.000	0.241	0.318
20	A	0.000	0.559	0.000	0.179	0.380
21	T	0.188	0.371	0.000	0.119	0.253
22	V	0.097	0.275	0.000	0.102	0.172
23	P	0.000	0.274	0.000	0.043	0.232
24	T	0.014	0.260	0.000	0.001	0.259
25	H	0.018	0.242	0.000	0.000	0.241
26	V	0.000	0.242	0.000	0.000	0.242
27	H	0.000	0.242	0.000	0.000	0.242
28	A	0.000	0.242	0.000	0.000	0.242
29	T	0.238	0.003	0.000	0.000	0.003
30	G	0.000	0.003	0.000	0.000	0.003
31	D	0.003	0.000	0.000	0.000	0.000
32	T	0.000	0.000	0.000	0.000	0.000
33	R	0.000	0.000	0.000	0.000	0.000
34	S	0.000	0.000	0.000	0.000	0.000
35	D	0.000	0.000	0.000	0.000	0.000
36	D	0.000	0.000	0.000	0.000	0.000
37	T	0.000	0.000	0.000	0.000	0.000
38	T	0.000	0.000	0.000	0.000	0.000
39	V	0.000	0.000	0.000	0.000	0.000
40	F	0.000	0.000	0.000	0.000	0.000
>XP_001395657.2
pos	aa	C	S	n-reg	h-reg	c-reg
1	M	0.000	0.645	0.645	0.000	0.000
2	G	0.000	0.646	0.646	0.000	0.000
3	S	0.000	0.646	0.645	0.000	0.000
4	G	0.000	0.645	0.645	0.001	0.000
5	R	0.000	0.646	0.644	0.002	0.000
6	L	0.000	0.645	0.397	0.248	0.000
7	G	0.000	0.646	0.334	0.311	0.000
8	G	0.000	0.645	0.292	0.354	0.000
9	Y	0.000	0.646	0.200	0.446	0.000
10	A	0.000	0.645	0.036	0.610	0.000
11	A	0.000	0.646	0.006	0.640	0.000
12	V	0.000	0.645	0.000	0.645	0.000
13	F	0.000	0.645	0.000	0.645	0.000
14	A	0.000	0.645	0.000	0.624	0.022
15	G	0.000	0.645	0.000	0.587	0.058
16	L	0.000	0.645	0.000	0.578	0.068
17	V	0.000	0.645	0.000	0.527	0.119
18	V	0.000	0.645	0.000	0.107	0.539
19	S	0.000	0.645	0.000	0.026	0.620
20	V	0.008	0.638	0.000	0.001	0.637
21	S	0.000	0.638	0.000	0.001	0.637
22	A	0.025	0.613	0.000	0.001	0.612
23	I	0.612	0.001	0.000	0.001	0.001
24	D	0.000	0.001	0.000	0.000	0.001
25	F	0.000	0.001	0.000	0.000	0.001
26	N	0.000	0.001	0.000	0.000	0.001
27	I	0.000	0.001	0.000	0.000	0.001
28	N	0.000	0.001	0.000	0.000	0.001
29	S	0.000	0.001	0.000	0.000	0.001
30	T	0.000	0.001	0.000	0.000	0.001
31	D	0.000	0.000	0.000	0.000	0.000
32	T	0.000	0.000	0.000	0.000	0.000
33	I	0.000	0.000	0.000	0.000	0.000
34	K	0.000	0.000	0.000	0.000	0.000
35	S	0.000	0.000	0.000	0.000	0.000
36	A	0.000	0.000	0.000	0.000	0.000
37	S	0.000	0.000	0.000	0.000	0.000
38	T	0.000	0.000	0.000	0.000	0.000
39	I	0.000	0.000	0.000	0.000	0.000
40	E	0.000	0.000	0.000	0.000	0.000
>XP_001395659.2
pos	aa	C	S	n-reg	h-reg	c-reg
1	M	0.000	0.993	0.993	0.000	0.000
2	A	0.000	0.993	0.993	0.000	0.000
3	S	0.000	0.993	0.993	0.000	0.000
4	R	0.000	0.993	0.993	0.000	0.000
5	S	0.000	0.993	0.993	0.000	0.000
6	F	0.000	0.993	0.990	0.004	0.000
7	S	0.000	0.993	0.987	0.007	0.000
8	S	0.000	0.993	0.979	0.014	0.000
9	Q	0.000	0.993	0.936	0.057	0.000
10	S	0.000	0.993	0.698	0.295	0.000
11	L	0.000	0.993	0.220	0.773	0.000
12	L	0.000	0.993	0.104	0.890	0.000
13	T	0.000	0.993	0.078	0.915	0.000
14	G	0.000	0.993	0.054	0.939	0.000
15	F	0.000	0.993	0.015	0.978	0.000
16	L	0.000	0.993	0.003	0.989	0.001
17	L	0.000	0.993	0.001	0.990	0.002
18	T	0.000	0.993	0.000	0.981	0.011
19	L	0.000	0.993	0.000	0.952	0.041
20	I	0.000	0.993	0.000	0.855	0.138
21	S	0.000	0.993	0.000	0.552	0.441
22	S	0.001	0.992	0.000	0.394	0.599
23	P	0.001	0.991	0.000	0.075	0.916
24	F	0.002	0.989	0.000	0.050	0.939
25	A	0.000	0.989	0.000	0.022	0.967
26	S	0.009	0.981	0.000	0.011	0.970
27	A	0.020	0.960	0.000	0.007	0.953
28	E	0.669	0.291	0.000	0.000	0.291
29	L	0.000	0.291	0.000	0.000	0.291
30	T	0.021	0.270	0.000	0.000	0.270
31	L	0.000	0.270	0.000	0.000	0.270
32	A	0.002	0.268	0.000	0.000	0.268
33	S	0.170	0.098	0.000	0.000	0.098
34	N	0.002	0.096	0.000	0.000	0.096
35	P	0.000	0.096	0.000	0.000	0.096
36	Q	0.002	0.094	0.000	0.000	0.094
37	T	0.000	0.094	0.000	0.000	0.094
38	T	0.000	0.094	0.000	0.000	0.094
39	S	0.000	0.094	0.000	0.000	0.094
40	A	0.060	0.033	0.000	0.000	0.033
>XP_001395660.1
pos	aa	C	S	n-reg	h-reg	c-reg
1	M	0.000	0.651	0.651	0.000	0.000
2	F	0.000	0.651	0.651	0.000	0.000
3	L	0.000	0.651	0.326	0.324	0.000
4	S	0.000	0.651	0.233	0.417	0.000
5	L	0.000	0.651	0.085	0.565	0.000
6	P	0.000	0.651	0.058	0.592	0.000
7	L	0.000	0.651	0.008	0.642	0.000
8	L	0.000	0.651	0.003	0.648	0.000
9	G	0.000	0.651	0.002	0.649	0.000
10	T	0.000	0.651	0.001	0.649	0.001
11	L	0.000	0.651	0.000	0.628	0.023
12	I	0.000	0.651	0.000	0.592	0.058
13	A	0.000	0.651	0.000	0.286	0.365
14	S	0.000	0.650	0.000	0.105	0.545
15	T	0.001	0.650	0.000	0.077	0.573
16	V	0.008	0.642	0.000	0.040	0.602
17	A	0.000	0.642	0.000	0.030	0.612
18	L	0.361	0.280	0.000	0.013	0.267
19	D	0.164	0.116	0.000	0.000	0.116
20	S	0.000	0.116	0.000	0.000	0.116
21	S	0.081	0.035	0.000	0.000	0.035
22	P	0.001	0.034	0.000	0.000	0.034
23	L	0.014	0.019	0.000	0.000	0.019
24	E	0.004	0.015	0.000	0.000	0.015
25	L	0.000	0.015	0.000	0.000	0.015
26	R	0.012	0.002	0.000	0.000	0.002
27	V	0.000	0.002	0.000	0.000	0.002
28	P	0.000	0.002	0.000	0.000	0.002
29	H	0.000	0.002	0.000	0.000	0.002
30	L	0.000	0.002	0.000	0.000	0.002
31	H	0.000	0.002	0.000	0.000	0.002
32	Q	0.000	0.002	0.000	0.000	0.002
33	L	0.000	0.002	0.000	0.000	0.002
34	S	0.000	0.002	0.000	0.000	0.002
35	Q	0.000	0.002	0.000	0.000	0.002
36	L	0.000	0.002	0.000	0.000	0.002
37	S	0.000	0.002	0.000	0.000	0.002
38	K	0.000	0.002	0.000	0.000	0.002
39	S	0.000	0.002	0.000	0.000	0.002
40	H	0.000	0.002	0.000	0.000	0.002
>XP_001395661.1
pos	aa	C	S	n-reg	h-reg	c-reg
1	M	0.000	0.692	0.692	0.000	0.000
2	S	0.000	0.692	0.692	0.000	0.000
3	S	0.000	0.692	0.665	0.027	0.000
4	P	0.000	0.692	0.606	0.086	0.000
5	T	0.000	0.692	0.485	0.207	0.000
6	V	0.000	0.692	0.145	0.547	0.000
7	L	0.000	0.692	0.001	0.691	0.000
8	I	0.000	0.692	0.000	0.692	0.000
9	I	0.000	0.692	0.000	0.692	0.000
10	G	0.000	0.692	0.000	0.692	0.000
11	C	0.000	0.692	0.000	0.690	0.002
12	G	0.000	0.692	0.000	0.682	0.011
13	I	0.000	0.692	0.000	0.672	0.020
14	A	0.000	0.692	0.000	0.589	0.104
15	G	0.001	0.691	0.000	0.020	0.671
16	P	0.000	0.691	0.000	0.004	0.688
17	V	0.001	0.691	0.000	0.001	0.689
18	L	0.000	0.691	0.000	0.001	0.690
19	A	0.001	0.690	0.000	0.001	0.690
20	I	0.684	0.006	0.000	0.001	0.006
21	L	0.000	0.006	0.000	0.000	0.006
22	L	0.004	0.002	0.000	0.000	0.002
23	K	0.002	0.000	0.000	0.000	0.000
24	R	0.000	0.000	0.000	0.000	0.000
25	K	0.000	0.000	0.000	0.000	0.000
26	G	0.000	0.000	0.000	0.000	0.000
27	Y	0.000	0.000	0.000	0.000	0.000
28	N	0.000	0.000	0.000	0.000	0.000
29	P	0.000	0.000	0.000	0.000	0.000
30	I	0.000	0.000	0.000	0.000	0.000
31	V	0.000	0.000	0.000	0.000	0.000
32	F	0.000	0.000	0.000	0.000	0.000
33	E	0.000	0.000	0.000	0.000	0.000
34	K	0.000	0.000	0.000	0.000	0.000
35	V	0.000	0.000	0.000	0.000	0.000
36	Q	0.000	0.000	0.000	0.000	0.000
37	A	0.000	0.000	0.000	0.000	0.000
38	L	0.000	0.000	0.000	0.000	0.000
39	G	0.000	0.000	0.000	0.000	0.000
40	D	0.000	0.000	0.000	0.000	0.000
>XP_001395664.1
pos	aa	C	S	n-reg	h-reg	c-reg
1	M	0.000	0.989	0.989	0.000	0.000
2	A	0.000	0.991	0.991	0.000	0.000
3	S	0.000	0.991	0.990	0.001	0.000
4	S	0.000	0.991	0.988	0.003	0.000
5	S	0.000	0.991	0.983	0.007	0.000
6	V	0.000	0.991	0.964	0.027	0.000
7	S	0.000	0.991	0.957	0.034	0.000
8	L	0.000	0.991	0.949	0.041	0.000
9	K	0.000	0.991	0.946	0.045	0.000
10	A	0.000	0.991	0.610	0.381	0.000
11	S	0.000	0.991	0.418	0.573	0.000
12	A	0.000	0.991	0.217	0.774	0.000
13	F	0.000	0.991	0.045	0.945	0.001
14	S	0.000	0.991	0.017	0.967	0.007
15	F	0.000	0.991	0.005	0.976	0.009
16	V	0.000	0.991	0.002	0.977	0.012
17	A	0.000	0.991	0.001	0.960	0.030
18	L	0.000	0.991	0.000	0.930	0.060
19	A	0.000	0.990	0.000	0.811	0.180
20	V	0.003	0.987	0.000	0.755	0.231
21	G	0.000	0.987	0.000	0.261	0.726
22	H	0.042	0.945	0.000	0.050	0.895
23	T	0.000	0.945	0.000	0.027	0.918
24	L	0.081	0.865	0.000	0.020	0.844
25	G	0.002	0.862	0.000	0.013	0.849
26	G	0.536	0.326	0.000	0.006	0.319
27	T	0.215	0.111	0.000	0.001	0.110
28	Q	0.045	0.066	0.000	0.000	0.065
29	W	0.013	0.053	0.000	0.000	0.053
30	T	0.000	0.053	0.000	0.000	0.053
31	A	0.018	0.035	0.000	0.000	0.035
32	E	0.024	0.011	0.000	0.000	0.010
33	P	0.000	0.011	0.000	0.000	0.010
34	A	0.007	0.003	0.000	0.000	0.003
35	Y	0.000	0.003	0.000	0.000	0.003
36	R	0.000	0.003	0.000	0.000	0.003
37	T	0.000	0.003	0.000	0.000	0.003
38	I	0.000	0.003	0.000	0.000	0.003
39	A	0.000	0.003	0.000	0.000	0.003
40	G	0.001	0.002	0.000	0.000	0.002
>XP_001395676.2
pos	aa	C	S	n-reg	h-reg	c-reg
1	M	0.000	0.788	0.788	0.000	0.000
2	N	0.000	0.789	0.789	0.000	0.000
3	Y	0.000	0.789	0.734	0.055	0.000
4	L	0.000	0.789	0.601	0.188	0.000
5	P	0.000	0.789	0.585	0.204	0.000
6	Y	0.000	0.789	0.401	0.387	0.000
7	L	0.000	0.789	0.046	0.743	0.000
8	S	0.000	0.789	0.036	0.753	0.000
9	W	0.000	0.789	0.021	0.767	0.000
10	A	0.000	0.789	0.009	0.780	0.000
11	V	0.000	0.789	0.001	0.788	0.000
12	L	0.000	0.789	0.000	0.783	0.006
13	V	0.000	0.789	0.000	0.777	0.011
14	V	0.000	0.789	0.000	0.727	0.061
15	N	0.000	0.789	0.000	0.144	0.644
16	S	0.000	0.789	0.000	0.127	0.662
17	V	0.006	0.782	0.000	0.084	0.698
18	I	0.000	0.782	0.000	0.062	0.720
19	A	0.000	0.782	0.000	0.006	0.777
20	M	0.484	0.298	0.000	0.003	0.295
21	G	0.000	0.298	0.000	0.001	0.297
22	D	0.193	0.105	0.000	0.000	0.105
23	G	0.000	0.105	0.000	0.000	0.105
24	T	0.102	0.003	0.000	0.000	0.003
25	P	0.000	0.003	0.000	0.000	0.003
26	D	0.002	0.001	0.000	0.000	0.001
27	V	0.000	0.001	0.000	0.000	0.001
28	S	0.000	0.001	0.000	0.000	0.001
29	S	0.000	0.001	0.000	0.000	0.001
30	G	0.000	0.001	0.000	0.000	0.001
31	I	0.001	0.000	0.000	0.000	0.000
32	F	0.000	0.000	0.000	0.000	0.000
33	E	0.000	0.000	0.000	0.000	0.000
34	V	0.000	0.000	0.000	0.000	0.000
35	D	0.000	0.000	0.000	0.000	0.000
36	L	0.000	0.000	0.000	0.000	0.000
37	I	0.000	0.000	0.000	0.000	0.000
38	F	0.000	0.000	0.000	0.000	0.000
39	P	0.000	0.000	0.000	0.000	0.000
40	R	0.000	0.000	0.000	0.000	0.000
>XP_001395687.2
pos	aa	C	S	n-reg	h-reg	c-reg
1	M	0.000	0.606	0.606	0.000	0.000
2	S	0.000	0.971	0.971	0.000	0.000
3	L	0.000	0.971	0.969	0.002	0.000
4	V	0.000	0.971	0.969	0.002	0.000
5	A	0.000	0.971	0.968	0.002	0.000
6	W	0.000	0.971	0.968	0.003	0.000
7	R	0.000	0.971	0.967	0.004	0.000
8	F	0.000	0.971	0.797	0.174	0.000
9	L	0.000	0.971	0.648	0.322	0.000
10	C	0.000	0.971	0.612	0.358	0.000
11	T	0.000	0.971	0.595	0.375	0.001
12	P	0.000	0.971	0.572	0.397	0.001
13	T	0.000	0.971	0.452	0.518	0.002
14	G	0.000	0.971	0.350	0.618	0.002
15	L	0.000	0.971	0.206	0.762	0.002
16	F	0.001	0.970	0.165	0.803	0.002
17	I	0.000	0.970	0.149	0.810	0.011
18	A	0.000	0.970	0.144	0.806	0.021
19	L	0.000	0.970	0.140	0.795	0.034
20	Y	0.000	0.969	0.139	0.628	0.202
21	G	0.000	0.969	0.137	0.537	0.295
22	L	0.015	0.953	0.133	0.515	0.305
23	N	0.000	0.952	0.131	0.468	0.353
24	V	0.000	0.952	0.075	0.460	0.418
25	I	0.000	0.952	0.047	0.470	0.435
26	A	0.000	0.952	0.037	0.457	0.458
27	W	0.033	0.919	0.030	0.447	0.442
28	G	0.000	0.918	0.022	0.453	0.444
29	A	0.398	0.519	0.012	0.462	0.046
30	M	0.002	0.517	0.007	0.466	0.044
31	L	0.000	0.516	0.006	0.466	0.044
32	F	0.018	0.496	0.006	0.464	0.026
33	F	0.000	0.493	0.006	0.459	0.028
34	L	0.000	0.485	0.006	0.448	0.031
35	L	0.000	0.462	0.006	0.409	0.046
36	L	0.000	0.390	0.006	0.293	0.091
37	N	0.001	0.180	0.006	0.057	0.117
38	V	0.000	0.175	0.006	0.036	0.133
39	G	0.000	0.162	0.006	0.019	0.137
40	S	0.006	0.147	0.006	0.010	0.131
>XP_001395698.1
pos	aa	C	S	n-reg	h-reg	c-reg
1	M	0.000	0.959	0.959	0.000	0.000
2	V	0.000	0.959	0.959	0.000	0.000
3	R	0.000	0.959	0.959	0.000	0.000
4	F	0.000	0.959	0.954	0.005	0.000
5	Y	0.000	0.959	0.953	0.006	0.000
6	R	0.000	0.959	0.948	0.011	0.000
7	V	0.000	0.959	0.692	0.267	0.000
8	S	0.000	0.959	0.630	0.329	0.000
9	A	0.000	0.959	0.571	0.388	0.000
10	A	0.000	0.959	0.499	0.460	0.000
11	T	0.000	0.959	0.432	0.527	0.000
12	L	0.000	0.959	0.310	0.649	0.000
13	V	0.000	0.959	0.277	0.681	0.001
14	T	0.000	0.959	0.265	0.690	0.004
15	A	0.000	0.959	0.245	0.675	0.039
16	A	0.000	0.959	0.215	0.527	0.217
17	T	0.000	0.959	0.191	0.520	0.248
18	V	0.000	0.959	0.162	0.520	0.276
19	S	0.000	0.959	0.145	0.439	0.375
20	A	0.003	0.956	0.113	0.434	0.408
21	I	0.203	0.754	0.096	0.422	0.236
22	P	0.000	0.754	0.090	0.325	0.339
23	I	0.003	0.751	0.060	0.323	0.367
24	P	0.000	0.751	0.054	0.220	0.477
25	C	0.000	0.751	0.027	0.232	0.492
26	L	0.000	0.750	0.012	0.235	0.503
27	L	0.000	0.750	0.009	0.215	0.527
28	P	0.000	0.750	0.008	0.167	0.576
29	F	0.000	0.750	0.005	0.153	0.592
30	L	0.000	0.750	0.004	0.136	0.610
31	S	0.000	0.750	0.003	0.091	0.655
32	G	0.000	0.750	0.003	0.073	0.674
33	A	0.001	0.749	0.003	0.058	0.688
34	G	0.000	0.748	0.002	0.043	0.703
35	S	0.000	0.748	0.002	0.034	0.712
36	L	0.001	0.747	0.001	0.031	0.716
37	L	0.000	0.747	0.001	0.020	0.727
38	G	0.000	0.747	0.001	0.007	0.738
39	S	0.001	0.746	0.001	0.004	0.741
40	S	0.000	0.746	0.001	0.003	0.742
>XP_001395713.2
pos	aa	C	S	n-reg	h-reg	c-reg
1	M	0.000	0.954	0.954	0.000	0.000
2	F	0.000	0.954	0.954	0.000	0.000
3	V	0.000	0.954	0.691	0.263	0.000
4	S	0.000	0.954	0.555	0.399	0.000
5	S	0.000	0.954	0.366	0.588	0.000
6	L	0.000	0.954	0.051	0.902	0.000
7	A	0.000	0.954	0.013	0.941	0.000
8	L	0.000	0.954	0.002	0.952	0.000
9	L	0.000	0.954	0.000	0.954	0.000
10	A	0.000	0.954	0.000	0.953	0.000
11	L	0.000	0.954	0.000	0.939	0.014
12	I	0.000	0.954	0.000	0.883	0.071
13	A	0.000	0.954	0.000	0.628	0.326
14	P	0.000	0.954	0.000	0.364	0.590
15	L	0.000	0.953	0.000	0.187	0.767
16	I	0.000	0.953	0.000	0.102	0.851
17	A	0.000	0.953	0.000	0.002	0.951
18	I	0.162	0.791	0.000	0.001	0.790
19	A	0.000	0.791	0.000	0.001	0.790
20	V	0.789	0.002	0.000	0.000	0.002
21	K	0.000	0.002	0.000	0.000	0.002
22	I	0.000	0.002	0.000	0.000	0.002
23	E	0.000	0.002	0.000	0.000	0.002
24	Q	0.000	0.002	0.000	0.000	0.002
25	P	0.001	0.001	0.000	0.000	0.001
26	G	0.001	0.000	0.000	0.000	0.000
27	I	0.000	0.000	0.000	0.000	0.000
28	N	0.000	0.000	0.000	0.000	0.000
29	P	0.000	0.000	0.000	0.000	0.000
30	N	0.000	0.000	0.000	0.000	0.000
31	P	0.000	0.000	0.000	0.000	0.000
32	T	0.000	0.000	0.000	0.000	0.000
33	A	0.000	0.000	0.000	0.000	0.000
34	T	0.000	0.000	0.000	0.000	0.000
35	V	0.000	0.000	0.000	0.000	0.000
36	R	0.000	0.000	0.000	0.000	0.000
37	N	0.000	0.000	0.000	0.000	0.000
38	G	0.000	0.000	0.000	0.000	0.000
39	T	0.000	0.000	0.000	0.000	0.000
40	Y	0.000	0.000	0.000	0.000	0.000
