>XP_001401306.2
pos	aa	C	S	n-reg	h-reg	c-reg
1	M	0.000	0.996	0.996	0.000	0.000
2	V	0.000	0.996	0.996	0.000	0.000
3	R	0.000	0.996	0.996	0.000	0.000
4	M	0.000	0.996	0.996	0.000	0.000
5	R	0.000	0.996	0.996	0.000	0.000
6	G	0.000	0.996	0.986	0.010	0.000
7	W	0.000	0.996	0.931	0.065	0.000
8	L	0.000	0.996	0.885	0.111	0.000
9	R	0.000	0.996	0.877	0.118	0.000
10	T	0.000	0.996	0.502	0.494	0.000
11	L	0.000	0.996	0.010	0.986	0.000
12	G	0.000	0.996	0.004	0.992	0.000
13	L	0.000	0.996	0.001	0.995	0.000
14	T	0.000	0.996	0.001	0.995	0.000
15	A	0.000	0.996	0.000	0.993	0.002
16	L	0.000	0.996	0.000	0.988	0.007
17	L	0.000	0.996	0.000	0.982	0.014
18	A	0.000	0.996	0.000	0.896	0.100
19	G	0.000	0.996	0.000	0.035	0.960
20	S	0.000	0.996	0.000	0.014	0.981
21	V	0.000	0.995	0.000	0.005	0.990
22	L	0.000	0.995	0.000	0.005	0.991
23	A	0.006	0.989	0.000	0.003	0.986
24	N	0.983	0.006	0.000	0.000	0.006
25	E	0.000	0.006	0.000	0.000	0.006
26	V	0.000	0.006	0.000	0.000	0.006
27	E	0.000	0.006	0.000	0.000	0.006
28	L	0.000	0.006	0.000	0.000	0.006
29	T	0.006	0.000	0.000	0.000	0.000
30	Q	0.000	0.000	0.000	0.000	0.000
31	D	0.000	0.000	0.000	0.000	0.000
32	E	0.000	0.000	0.000	0.000	0.000
33	A	0.000	0.000	0.000	0.000	0.000
34	H	0.000	0.000	0.000	0.000	0.000
35	R	0.000	0.000	0.000	0.000	0.000
36	Q	0.000	0.000	0.000	0.000	0.000
37	R	0.000	0.000	0.000	0.000	0.000
38	C	0.000	0.000	0.000	0.000	0.000
39	S	0.000	0.000	0.000	0.000	0.000
40	G	0.000	0.000	0.000	0.000	0.000
>XP_001401319.1
pos	aa	C	S	n-reg	h-reg	c-reg
1	M	0.000	1.000	1.000	0.000	0.000
2	R	0.000	1.000	1.000	0.000	0.000
3	L	0.000	1.000	0.430	0.569	0.000
4	A	0.000	1.000	0.233	0.766	0.000
5	A	0.000	1.000	0.093	0.906	0.000
6	S	0.000	1.000	0.056	0.944	0.000
7	L	0.000	1.000	0.005	0.994	0.000
8	V	0.000	1.000	0.001	0.998	0.000
9	I	0.000	1.000	0.000	0.999	0.000
10	C	0.000	1.000	0.000	0.998	0.001
11	L	0.000	1.000	0.000	0.948	0.052
12	A	0.000	1.000	0.000	0.843	0.156
13	T	0.000	1.000	0.000	0.223	0.777
14	L	0.000	0.999	0.000	0.176	0.823
15	V	0.000	0.999	0.000	0.073	0.926
16	C	0.000	0.999	0.000	0.039	0.960
17	A	0.013	0.987	0.000	0.019	0.968
18	R	0.905	0.081	0.000	0.005	0.077
19	E	0.000	0.081	0.000	0.000	0.081
20	W	0.000	0.081	0.000	0.000	0.081
21	V	0.000	0.081	0.000	0.000	0.081
22	T	0.000	0.081	0.000	0.000	0.081
23	T	0.002	0.079	0.000	0.000	0.079
24	T	0.062	0.017	0.000	0.000	0.017
25	E	0.017	0.001	0.000	0.000	0.001
26	I	0.000	0.001	0.000	0.000	0.001
27	E	0.000	0.001	0.000	0.000	0.001
28	S	0.000	0.001	0.000	0.000	0.001
29	Q	0.001	0.000	0.000	0.000	0.000
30	R	0.000	0.000	0.000	0.000	0.000
31	L	0.000	0.000	0.000	0.000	0.000
32	D	0.000	0.000	0.000	0.000	0.000
33	E	0.000	0.000	0.000	0.000	0.000
34	D	0.000	0.000	0.000	0.000	0.000
35	D	0.000	0.000	0.000	0.000	0.000
36	E	0.000	0.000	0.000	0.000	0.000
37	A	0.000	0.000	0.000	0.000	0.000
38	A	0.000	0.000	0.000	0.000	0.000
39	S	0.000	0.000	0.000	0.000	0.000
40	S	0.000	0.000	0.000	0.000	0.000
>XP_001401337.1
pos	aa	C	S	n-reg	h-reg	c-reg
1	M	0.000	0.989	0.989	0.000	0.000
2	R	0.000	0.997	0.997	0.000	0.000
3	R	0.000	0.997	0.997	0.000	0.000
4	R	0.000	0.997	0.985	0.012	0.000
5	C	0.000	0.997	0.459	0.538	0.000
6	L	0.000	0.997	0.217	0.780	0.000
7	W	0.000	0.997	0.150	0.847	0.000
8	I	0.000	0.997	0.077	0.920	0.000
9	I	0.000	0.997	0.065	0.932	0.000
10	Q	0.000	0.997	0.060	0.937	0.000
11	A	0.000	0.997	0.036	0.961	0.000
12	I	0.000	0.997	0.012	0.985	0.000
13	V	0.000	0.997	0.003	0.990	0.004
14	L	0.000	0.997	0.001	0.980	0.016
15	L	0.000	0.997	0.000	0.939	0.057
16	G	0.000	0.997	0.000	0.164	0.833
17	L	0.000	0.996	0.000	0.130	0.866
18	L	0.000	0.996	0.000	0.098	0.899
19	S	0.001	0.995	0.000	0.085	0.909
20	A	0.045	0.949	0.000	0.067	0.882
21	F	0.826	0.123	0.000	0.053	0.070
22	Y	0.000	0.121	0.000	0.034	0.087
23	Y	0.000	0.120	0.000	0.022	0.098
24	T	0.000	0.118	0.000	0.005	0.114
25	H	0.003	0.114	0.000	0.001	0.113
26	I	0.000	0.114	0.000	0.001	0.113
27	Q	0.000	0.113	0.000	0.000	0.113
28	S	0.000	0.113	0.000	0.000	0.113
29	Q	0.055	0.058	0.000	0.000	0.058
30	A	0.000	0.057	0.000	0.000	0.057
31	L	0.021	0.036	0.000	0.000	0.036
32	S	0.000	0.036	0.000	0.000	0.036
33	Q	0.025	0.011	0.000	0.000	0.011
34	Q	0.001	0.009	0.000	0.000	0.009
35	D	0.006	0.003	0.000	0.000	0.003
36	S	0.000	0.003	0.000	0.000	0.003
37	V	0.001	0.002	0.000	0.000	0.002
38	P	0.000	0.002	0.000	0.000	0.002
39	T	0.000	0.002	0.000	0.000	0.002
40	D	0.002	0.000	0.000	0.000	0.000
>XP_001401349.1
pos	aa	C	S	n-reg	h-reg	c-reg
1	M	0.000	0.118	0.118	0.000	0.000
2	I	0.000	0.119	0.119	0.000	0.000
3	A	0.000	0.119	0.115	0.004	0.000
4	N	0.000	0.119	0.112	0.007	0.000
5	L	0.000	0.119	0.083	0.036	0.000
6	A	0.000	0.119	0.063	0.056	0.000
7	I	0.000	0.119	0.041	0.078	0.000
8	A	0.000	0.119	0.033	0.086	0.000
9	V	0.000	0.119	0.017	0.102	0.000
10	V	0.000	0.119	0.010	0.109	0.000
11	F	0.000	0.119	0.006	0.112	0.001
12	S	0.000	0.119	0.005	0.113	0.002
13	I	0.000	0.119	0.002	0.109	0.008
14	G	0.000	0.119	0.001	0.100	0.018
15	V	0.000	0.119	0.000	0.093	0.026
16	I	0.000	0.119	0.000	0.089	0.029
17	T	0.000	0.119	0.000	0.066	0.053
18	L	0.009	0.110	0.000	0.053	0.057
19	L	0.007	0.103	0.000	0.038	0.065
20	Y	0.014	0.089	0.000	0.028	0.061
21	M	0.000	0.089	0.000	0.011	0.078
22	I	0.000	0.089	0.000	0.008	0.081
23	T	0.000	0.088	0.000	0.003	0.085
24	S	0.013	0.075	0.000	0.001	0.074
25	P	0.003	0.072	0.000	0.000	0.072
26	Q	0.057	0.015	0.000	0.000	0.015
27	P	0.000	0.015	0.000	0.000	0.015
28	N	0.001	0.014	0.000	0.000	0.014
29	R	0.000	0.014	0.000	0.000	0.014
30	G	0.000	0.014	0.000	0.000	0.014
31	A	0.010	0.004	0.000	0.000	0.004
32	A	0.000	0.004	0.000	0.000	0.004
33	T	0.004	0.000	0.000	0.000	0.000
34	D	0.000	0.000	0.000	0.000	0.000
35	E	0.000	0.000	0.000	0.000	0.000
36	K	0.000	0.000	0.000	0.000	0.000
37	R	0.000	0.000	0.000	0.000	0.000
38	P	0.000	0.000	0.000	0.000	0.000
39	P	0.000	0.000	0.000	0.000	0.000
40	L	0.000	0.000	0.000	0.000	0.000
>XP_001401350.2
pos	aa	C	S	n-reg	h-reg	c-reg
1	M	0.000	0.279	0.279	0.000	0.000
2	S	0.000	0.279	0.279	0.000	0.000
3	V	0.000	0.279	0.275	0.004	0.000
4	F	0.000	0.279	0.275	0.005	0.000
5	A	0.000	0.279	0.274	0.005	0.000
6	L	0.000	0.279	0.274	0.005	0.000
7	H	0.000	0.279	0.274	0.005	0.000
8	V	0.000	0.279	0.274	0.006	0.000
9	G	0.000	0.279	0.274	0.006	0.000
10	R	0.000	0.279	0.273	0.007	0.000
11	S	0.000	0.279	0.209	0.068	0.003
12	L	0.000	0.279	0.099	0.176	0.004
13	A	0.000	0.279	0.082	0.194	0.004
14	Q	0.000	0.279	0.071	0.203	0.005
15	A	0.000	0.279	0.024	0.250	0.005
16	M	0.003	0.276	0.017	0.257	0.002
17	L	0.000	0.276	0.010	0.265	0.002
18	T	0.001	0.276	0.008	0.266	0.001
19	I	0.001	0.275	0.008	0.265	0.002
20	I	0.000	0.275	0.007	0.253	0.014
21	M	0.000	0.275	0.007	0.216	0.052
22	T	0.000	0.275	0.007	0.193	0.075
23	S	0.000	0.275	0.007	0.033	0.235
24	Y	0.000	0.274	0.007	0.025	0.242
25	G	0.000	0.274	0.007	0.014	0.253
26	Y	0.014	0.261	0.007	0.009	0.245
27	A	0.000	0.261	0.006	0.007	0.247
28	A	0.198	0.063	0.006	0.006	0.051
29	T	0.001	0.062	0.006	0.003	0.053
30	F	0.028	0.034	0.005	0.003	0.025
31	V	0.000	0.034	0.005	0.003	0.026
32	M	0.000	0.034	0.005	0.003	0.026
33	S	0.000	0.033	0.005	0.003	0.026
34	F	0.023	0.010	0.005	0.003	0.003
35	T	0.000	0.010	0.005	0.002	0.003
36	V	0.000	0.010	0.005	0.002	0.003
37	C	0.000	0.010	0.005	0.002	0.003
38	R	0.000	0.009	0.004	0.001	0.003
39	L	0.000	0.009	0.001	0.005	0.003
40	I	0.002	0.008	0.000	0.005	0.002
>XP_001401354.2
pos	aa	C	S	n-reg	h-reg	c-reg
1	M	0.000	0.829	0.829	0.000	0.000
2	A	0.000	0.831	0.831	0.000	0.000
3	L	0.000	0.831	0.400	0.430	0.000
4	Y	0.000	0.831	0.240	0.590	0.000
5	L	0.000	0.831	0.104	0.726	0.000
6	I	0.000	0.831	0.039	0.792	0.000
7	S	0.000	0.831	0.010	0.820	0.000
8	L	0.000	0.831	0.003	0.827	0.000
9	G	0.000	0.831	0.002	0.828	0.000
10	V	0.000	0.831	0.001	0.830	0.000
11	I	0.000	0.831	0.000	0.824	0.006
12	A	0.000	0.831	0.000	0.787	0.044
13	L	0.000	0.831	0.000	0.766	0.064
14	F	0.000	0.830	0.000	0.706	0.124
15	C	0.000	0.830	0.000	0.091	0.739
16	Y	0.003	0.827	0.000	0.020	0.807
17	V	0.000	0.827	0.000	0.009	0.819
18	F	0.000	0.827	0.000	0.005	0.822
19	S	0.000	0.827	0.000	0.003	0.824
20	L	0.803	0.024	0.000	0.003	0.021
21	V	0.002	0.023	0.000	0.002	0.020
22	T	0.000	0.022	0.000	0.001	0.021
23	Y	0.015	0.007	0.000	0.000	0.006
24	R	0.000	0.006	0.000	0.000	0.006
25	L	0.000	0.006	0.000	0.000	0.006
26	Y	0.001	0.006	0.000	0.000	0.006
27	F	0.000	0.006	0.000	0.000	0.006
28	H	0.000	0.006	0.000	0.000	0.006
29	P	0.000	0.006	0.000	0.000	0.006
30	L	0.000	0.005	0.000	0.000	0.005
31	A	0.000	0.005	0.000	0.000	0.005
32	R	0.000	0.005	0.000	0.000	0.005
33	F	0.000	0.005	0.000	0.000	0.005
34	P	0.000	0.005	0.000	0.000	0.005
35	G	0.000	0.005	0.000	0.000	0.005
36	P	0.000	0.005	0.000	0.000	0.005
37	W	0.000	0.005	0.000	0.000	0.005
38	L	0.000	0.005	0.000	0.000	0.005
39	G	0.000	0.005	0.000	0.000	0.005
40	A	0.004	0.001	0.000	0.000	0.001
>XP_001401361.1
pos	aa	C	S	n-reg	h-reg	c-reg
1	M	0.000	0.999	0.999	0.000	0.000
2	K	0.000	0.999	0.999	0.000	0.000
3	V	0.000	0.999	0.530	0.469	0.000
4	T	0.000	0.999	0.283	0.716	0.000
5	A	0.000	0.999	0.142	0.857	0.000
6	A	0.000	0.999	0.024	0.975	0.000
7	F	0.000	0.999	0.007	0.992	0.000
8	A	0.000	0.999	0.003	0.996	0.000
9	S	0.000	0.999	0.002	0.997	0.000
10	L	0.000	0.999	0.000	0.999	0.000
11	L	0.000	0.999	0.000	0.986	0.013
12	L	0.000	0.999	0.000	0.656	0.343
13	T	0.000	0.999	0.000	0.407	0.592
14	A	0.000	0.999	0.000	0.082	0.917
15	F	0.001	0.998	0.000	0.050	0.949
16	A	0.000	0.998	0.000	0.015	0.983
17	A	0.686	0.313	0.000	0.010	0.303
18	P	0.001	0.311	0.000	0.003	0.308
19	A	0.257	0.054	0.000	0.002	0.052
20	P	0.023	0.031	0.000	0.001	0.031
21	E	0.013	0.018	0.000	0.000	0.018
22	P	0.000	0.018	0.000	0.000	0.018
23	V	0.006	0.012	0.000	0.000	0.012
24	L	0.000	0.012	0.000	0.000	0.012
25	V	0.000	0.012	0.000	0.000	0.012
26	S	0.000	0.012	0.000	0.000	0.012
27	R	0.005	0.007	0.000	0.000	0.007
28	S	0.000	0.007	0.000	0.000	0.007
29	A	0.005	0.002	0.000	0.000	0.002
30	G	0.000	0.002	0.000	0.000	0.002
31	I	0.002	0.000	0.000	0.000	0.000
32	N	0.000	0.000	0.000	0.000	0.000
33	Y	0.000	0.000	0.000	0.000	0.000
34	V	0.000	0.000	0.000	0.000	0.000
35	Q	0.000	0.000	0.000	0.000	0.000
36	N	0.000	0.000	0.000	0.000	0.000
37	Y	0.000	0.000	0.000	0.000	0.000
38	N	0.000	0.000	0.000	0.000	0.000
39	G	0.000	0.000	0.000	0.000	0.000
40	N	0.000	0.000	0.000	0.000	0.000
>XP_001401431.1
pos	aa	C	S	n-reg	h-reg	c-reg
1	M	0.000	0.976	0.976	0.000	0.000
2	L	0.000	0.979	0.979	0.000	0.000
3	S	0.000	0.979	0.924	0.055	0.000
4	L	0.000	0.979	0.567	0.411	0.000
5	L	0.000	0.979	0.487	0.491	0.000
6	W	0.000	0.979	0.430	0.549	0.000
7	S	0.000	0.979	0.250	0.729	0.000
8	V	0.000	0.979	0.070	0.908	0.000
9	F	0.000	0.979	0.026	0.953	0.000
10	L	0.000	0.979	0.005	0.974	0.000
11	V	0.000	0.979	0.000	0.975	0.003
12	H	0.000	0.979	0.000	0.925	0.053
13	V	0.000	0.979	0.000	0.913	0.066
14	A	0.000	0.979	0.000	0.890	0.088
15	I	0.006	0.972	0.000	0.820	0.153
16	Y	0.000	0.972	0.000	0.457	0.515
17	L	0.000	0.972	0.000	0.418	0.554
18	V	0.015	0.957	0.000	0.302	0.655
19	N	0.000	0.956	0.000	0.011	0.945
20	T	0.000	0.956	0.000	0.003	0.953
21	I	0.172	0.784	0.000	0.001	0.783
22	G	0.000	0.784	0.000	0.001	0.783
23	A	0.128	0.656	0.000	0.001	0.655
24	S	0.623	0.032	0.000	0.000	0.032
25	T	0.020	0.012	0.000	0.000	0.011
26	I	0.011	0.000	0.000	0.000	0.000
27	D	0.000	0.000	0.000	0.000	0.000
28	N	0.000	0.000	0.000	0.000	0.000
29	L	0.000	0.000	0.000	0.000	0.000
30	L	0.000	0.000	0.000	0.000	0.000
31	W	0.000	0.000	0.000	0.000	0.000
32	L	0.000	0.000	0.000	0.000	0.000
33	L	0.000	0.000	0.000	0.000	0.000
34	Y	0.000	0.000	0.000	0.000	0.000
35	L	0.000	0.000	0.000	0.000	0.000
36	K	0.000	0.000	0.000	0.000	0.000
37	V	0.000	0.000	0.000	0.000	0.000
38	P	0.000	0.000	0.000	0.000	0.000
39	T	0.000	0.000	0.000	0.000	0.000
40	S	0.000	0.000	0.000	0.000	0.000
>XP_001401436.2
pos	aa	C	S	n-reg	h-reg	c-reg
1	M	0.000	0.165	0.165	0.000	0.000
2	A	0.000	0.166	0.166	0.000	0.000
3	T	0.000	0.166	0.164	0.002	0.000
4	G	0.000	0.166	0.159	0.006	0.000
5	I	0.000	0.166	0.151	0.014	0.000
6	E	0.000	0.166	0.145	0.020	0.000
7	A	0.000	0.166	0.073	0.092	0.000
8	A	0.000	0.166	0.042	0.124	0.000
9	S	0.000	0.166	0.023	0.143	0.000
10	L	0.000	0.166	0.004	0.162	0.000
11	V	0.000	0.166	0.000	0.165	0.000
12	L	0.000	0.166	0.000	0.165	0.000
13	A	0.000	0.166	0.000	0.164	0.002
14	L	0.000	0.165	0.000	0.160	0.005
15	L	0.000	0.165	0.000	0.144	0.022
16	P	0.000	0.165	0.000	0.110	0.056
17	L	0.000	0.165	0.000	0.082	0.083
18	L	0.000	0.165	0.000	0.055	0.110
19	V	0.000	0.165	0.000	0.010	0.155
20	N	0.000	0.165	0.000	0.002	0.163
21	Q	0.000	0.165	0.000	0.000	0.165
22	I	0.154	0.010	0.000	0.000	0.010
23	D	0.000	0.010	0.000	0.000	0.010
24	N	0.000	0.010	0.000	0.000	0.010
25	Y	0.000	0.010	0.000	0.000	0.010
26	I	0.000	0.010	0.000	0.000	0.010
27	Q	0.000	0.010	0.000	0.000	0.010
28	G	0.000	0.010	0.000	0.000	0.010
29	F	0.010	0.000	0.000	0.000	0.000
30	Q	0.000	0.000	0.000	0.000	0.000
31	R	0.000	0.000	0.000	0.000	0.000
32	M	0.000	0.000	0.000	0.000	0.000
33	T	0.000	0.000	0.000	0.000	0.000
34	C	0.000	0.000	0.000	0.000	0.000
35	F	0.000	0.000	0.000	0.000	0.000
36	K	0.000	0.000	0.000	0.000	0.000
37	P	0.000	0.000	0.000	0.000	0.000
38	E	0.000	0.000	0.000	0.000	0.000
39	N	0.000	0.000	0.000	0.000	0.000
40	Y	0.000	0.000	0.000	0.000	0.000
>XP_001401474.1
pos	aa	C	S	n-reg	h-reg	c-reg
1	M	0.000	0.999	0.999	0.000	0.000
2	L	0.000	1.000	1.000	0.000	0.000
3	F	0.000	1.000	0.972	0.028	0.000
4	A	0.000	1.000	0.944	0.056	0.000
5	H	0.000	1.000	0.908	0.091	0.000
6	F	0.000	1.000	0.413	0.587	0.000
7	A	0.000	1.000	0.205	0.795	0.000
8	F	0.000	1.000	0.080	0.919	0.000
9	L	0.000	1.000	0.017	0.983	0.000
10	V	0.000	1.000	0.008	0.992	0.000
11	T	0.000	1.000	0.004	0.995	0.000
12	L	0.000	1.000	0.001	0.998	0.002
13	L	0.000	1.000	0.000	0.994	0.006
14	A	0.000	1.000	0.000	0.921	0.079
15	L	0.000	1.000	0.000	0.851	0.149
16	G	0.000	1.000	0.000	0.725	0.275
17	G	0.005	0.995	0.000	0.297	0.698
18	L	0.001	0.994	0.000	0.204	0.790
19	T	0.003	0.991	0.000	0.075	0.916
20	V	0.032	0.959	0.000	0.017	0.942
21	A	0.000	0.959	0.000	0.008	0.951
22	T	0.506	0.452	0.000	0.003	0.449
23	Q	0.130	0.322	0.000	0.001	0.322
24	T	0.133	0.189	0.000	0.000	0.189
25	R	0.153	0.036	0.000	0.000	0.036
26	P	0.000	0.036	0.000	0.000	0.036
27	C	0.014	0.022	0.000	0.000	0.022
28	L	0.000	0.022	0.000	0.000	0.022
29	V	0.000	0.022	0.000	0.000	0.022
30	S	0.000	0.022	0.000	0.000	0.022
31	A	0.001	0.021	0.000	0.000	0.021
32	M	0.018	0.003	0.000	0.000	0.003
33	R	0.000	0.003	0.000	0.000	0.003
34	S	0.000	0.003	0.000	0.000	0.003
35	Q	0.002	0.001	0.000	0.000	0.001
36	S	0.000	0.001	0.000	0.000	0.001
37	D	0.001	0.000	0.000	0.000	0.000
38	P	0.000	0.000	0.000	0.000	0.000
39	D	0.000	0.000	0.000	0.000	0.000
40	N	0.000	0.000	0.000	0.000	0.000
>XP_001401488.1
pos	aa	C	S	n-reg	h-reg	c-reg
1	M	0.000	0.960	0.960	0.000	0.000
2	A	0.000	0.960	0.960	0.000	0.000
3	F	0.000	0.960	0.945	0.016	0.000
4	I	0.000	0.960	0.935	0.025	0.000
5	K	0.000	0.960	0.934	0.027	0.000
6	Y	0.000	0.960	0.643	0.317	0.000
7	A	0.000	0.960	0.101	0.860	0.000
8	L	0.000	0.960	0.071	0.889	0.000
9	P	0.000	0.960	0.064	0.896	0.000
10	A	0.000	0.960	0.029	0.932	0.000
11	L	0.000	0.960	0.007	0.952	0.001
12	A	0.000	0.960	0.004	0.950	0.007
13	A	0.000	0.960	0.002	0.948	0.010
14	A	0.000	0.960	0.001	0.893	0.066
15	Q	0.000	0.960	0.001	0.171	0.788
16	A	0.000	0.960	0.000	0.155	0.805
17	A	0.002	0.958	0.000	0.134	0.824
18	M	0.000	0.958	0.000	0.089	0.869
19	A	0.000	0.958	0.000	0.052	0.906
20	A	0.759	0.199	0.000	0.037	0.162
21	S	0.004	0.195	0.000	0.023	0.172
22	C	0.010	0.185	0.000	0.006	0.180
23	G	0.025	0.160	0.000	0.002	0.159
24	S	0.021	0.139	0.000	0.001	0.139
25	S	0.018	0.121	0.000	0.000	0.120
26	G	0.032	0.089	0.000	0.000	0.089
27	S	0.070	0.019	0.000	0.000	0.019
28	T	0.006	0.014	0.000	0.000	0.014
29	I	0.006	0.008	0.000	0.000	0.008
30	T	0.000	0.008	0.000	0.000	0.008
31	I	0.002	0.006	0.000	0.000	0.006
32	S	0.000	0.006	0.000	0.000	0.006
33	S	0.002	0.005	0.000	0.000	0.005
34	Q	0.001	0.004	0.000	0.000	0.004
35	S	0.003	0.001	0.000	0.000	0.001
36	D	0.000	0.000	0.000	0.000	0.000
37	L	0.000	0.000	0.000	0.000	0.000
38	D	0.000	0.000	0.000	0.000	0.000
39	S	0.000	0.000	0.000	0.000	0.000
40	Y	0.000	0.000	0.000	0.000	0.000
>XP_001401494.2
pos	aa	C	S	n-reg	h-reg	c-reg
1	M	0.000	0.029	0.029	0.000	0.000
2	T	0.000	0.029	0.029	0.000	0.000
3	V	0.000	0.029	0.028	0.001	0.000
4	R	0.000	0.029	0.028	0.001	0.000
5	I	0.000	0.029	0.004	0.025	0.000
6	V	0.000	0.029	0.001	0.028	0.000
7	I	0.000	0.029	0.000	0.029	0.000
8	S	0.000	0.029	0.000	0.029	0.000
9	L	0.000	0.029	0.000	0.029	0.000
10	F	0.000	0.029	0.000	0.029	0.000
11	L	0.000	0.029	0.000	0.029	0.000
12	L	0.000	0.029	0.000	0.029	0.000
13	Q	0.000	0.029	0.000	0.008	0.021
14	Q	0.000	0.029	0.000	0.007	0.022
15	C	0.000	0.029	0.000	0.006	0.023
16	P	0.000	0.029	0.000	0.001	0.027
17	Q	0.001	0.028	0.000	0.000	0.028
18	V	0.017	0.011	0.000	0.000	0.011
19	N	0.000	0.011	0.000	0.000	0.011
20	R	0.000	0.011	0.000	0.000	0.011
21	V	0.000	0.011	0.000	0.000	0.011
22	S	0.000	0.011	0.000	0.000	0.011
23	S	0.000	0.011	0.000	0.000	0.011
24	V	0.011	0.000	0.000	0.000	0.000
25	G	0.000	0.000	0.000	0.000	0.000
26	D	0.000	0.000	0.000	0.000	0.000
27	Q	0.000	0.000	0.000	0.000	0.000
28	H	0.000	0.000	0.000	0.000	0.000
29	R	0.000	0.000	0.000	0.000	0.000
30	G	0.000	0.000	0.000	0.000	0.000
31	N	0.000	0.000	0.000	0.000	0.000
32	P	0.000	0.000	0.000	0.000	0.000
33	A	0.000	0.000	0.000	0.000	0.000
34	S	0.000	0.000	0.000	0.000	0.000
35	I	0.000	0.000	0.000	0.000	0.000
36	M	0.000	0.000	0.000	0.000	0.000
37	M	0.000	0.000	0.000	0.000	0.000
38	P	0.000	0.000	0.000	0.000	0.000
39	N	0.000	0.000	0.000	0.000	0.000
40	S	0.000	0.000	0.000	0.000	0.000
>XP_001401510.1
pos	aa	C	S	n-reg	h-reg	c-reg
1	M	0.000	0.926	0.926	0.000	0.000
2	H	0.000	0.926	0.926	0.000	0.000
3	L	0.000	0.926	0.924	0.002	0.000
4	P	0.000	0.926	0.923	0.003	0.000
5	Q	0.000	0.926	0.922	0.004	0.000
6	R	0.000	0.926	0.906	0.020	0.000
7	L	0.000	0.926	0.014	0.912	0.000
8	V	0.000	0.926	0.002	0.924	0.000
9	T	0.000	0.926	0.001	0.926	0.000
10	A	0.000	0.926	0.000	0.926	0.000
11	A	0.000	0.926	0.000	0.926	0.000
12	C	0.000	0.926	0.000	0.926	0.000
13	L	0.000	0.926	0.000	0.926	0.000
14	C	0.000	0.926	0.000	0.922	0.005
15	A	0.000	0.926	0.000	0.073	0.853
16	S	0.000	0.926	0.000	0.016	0.910
17	A	0.000	0.926	0.000	0.002	0.924
18	T	0.011	0.915	0.000	0.001	0.914
19	A	0.014	0.901	0.000	0.001	0.900
20	F	0.898	0.003	0.000	0.000	0.002
21	I	0.000	0.003	0.000	0.000	0.003
22	P	0.000	0.003	0.000	0.000	0.003
23	Y	0.001	0.001	0.000	0.000	0.001
24	T	0.000	0.001	0.000	0.000	0.001
25	I	0.001	0.001	0.000	0.000	0.001
26	K	0.000	0.001	0.000	0.000	0.001
27	L	0.000	0.001	0.000	0.000	0.001
28	D	0.000	0.000	0.000	0.000	0.000
29	T	0.000	0.000	0.000	0.000	0.000
30	S	0.000	0.000	0.000	0.000	0.000
31	D	0.000	0.000	0.000	0.000	0.000
32	D	0.000	0.000	0.000	0.000	0.000
33	I	0.000	0.000	0.000	0.000	0.000
34	S	0.000	0.000	0.000	0.000	0.000
35	A	0.000	0.000	0.000	0.000	0.000
36	R	0.000	0.000	0.000	0.000	0.000
37	D	0.000	0.000	0.000	0.000	0.000
38	S	0.000	0.000	0.000	0.000	0.000
39	L	0.000	0.000	0.000	0.000	0.000
40	A	0.000	0.000	0.000	0.000	0.000
>XP_001401518.2
pos	aa	C	S	n-reg	h-reg	c-reg
1	M	0.000	0.892	0.892	0.000	0.000
2	A	0.000	0.894	0.894	0.000	0.000
3	A	0.000	0.894	0.894	0.000	0.000
4	A	0.000	0.894	0.894	0.000	0.000
5	Q	0.000	0.894	0.894	0.000	0.000
6	P	0.000	0.894	0.894	0.000	0.000
7	R	0.000	0.894	0.894	0.000	0.000
8	P	0.000	0.894	0.894	0.000	0.000
9	Y	0.000	0.894	0.894	0.000	0.000
10	R	0.000	0.894	0.894	0.000	0.000
11	R	0.000	0.894	0.894	0.000	0.000
12	I	0.000	0.894	0.894	0.000	0.000
13	L	0.000	0.894	0.894	0.000	0.000
14	T	0.000	0.894	0.894	0.000	0.000
15	S	0.000	0.894	0.894	0.000	0.000
16	A	0.000	0.894	0.894	0.000	0.000
17	L	0.000	0.894	0.894	0.000	0.000
18	H	0.000	0.894	0.894	0.000	0.000
19	R	0.000	0.894	0.894	0.000	0.000
20	R	0.000	0.894	0.891	0.003	0.000
21	F	0.000	0.894	0.705	0.188	0.000
22	V	0.000	0.894	0.631	0.263	0.000
23	H	0.000	0.894	0.601	0.293	0.000
24	A	0.000	0.894	0.364	0.530	0.000
25	S	0.000	0.894	0.241	0.653	0.000
26	A	0.000	0.894	0.105	0.789	0.000
27	L	0.000	0.894	0.032	0.862	0.000
28	A	0.000	0.894	0.014	0.879	0.000
29	L	0.000	0.894	0.011	0.878	0.005
30	L	0.000	0.894	0.011	0.870	0.013
31	V	0.000	0.894	0.011	0.854	0.029
32	C	0.000	0.894	0.011	0.597	0.286
33	Y	0.000	0.894	0.011	0.500	0.384
34	V	0.000	0.894	0.011	0.362	0.521
35	V	0.000	0.894	0.011	0.303	0.580
36	A	0.000	0.894	0.011	0.050	0.833
37	F	0.294	0.600	0.011	0.031	0.558
38	A	0.000	0.600	0.011	0.007	0.582
39	I	0.231	0.369	0.011	0.005	0.353
40	G	0.000	0.368	0.011	0.001	0.357
>XP_001401529.2
pos	aa	C	S	n-reg	h-reg	c-reg
1	M	0.000	0.017	0.017	0.000	0.000
2	N	0.000	0.017	0.017	0.000	0.000
3	Y	0.000	0.017	0.017	0.000	0.000
4	C	0.000	0.017	0.017	0.000	0.000
5	V	0.000	0.017	0.017	0.000	0.000
6	Q	0.000	0.017	0.017	0.000	0.000
7	R	0.000	0.017	0.017	0.000	0.000
8	Y	0.000	0.017	0.012	0.006	0.000
9	L	0.000	0.017	0.003	0.015	0.000
10	S	0.000	0.017	0.001	0.017	0.000
11	L	0.000	0.017	0.000	0.017	0.000
12	P	0.000	0.017	0.000	0.017	0.000
13	L	0.000	0.017	0.000	0.017	0.000
14	L	0.000	0.017	0.000	0.017	0.000
15	L	0.000	0.017	0.000	0.017	0.000
16	P	0.000	0.017	0.000	0.016	0.002
17	L	0.000	0.017	0.000	0.013	0.004
18	T	0.000	0.017	0.000	0.004	0.014
19	P	0.000	0.017	0.000	0.002	0.016
20	D	0.000	0.017	0.000	0.000	0.017
21	I	0.000	0.017	0.000	0.000	0.017
22	A	0.000	0.017	0.000	0.000	0.017
23	D	0.008	0.009	0.000	0.000	0.009
24	T	0.000	0.009	0.000	0.000	0.009
25	M	0.009	0.000	0.000	0.000	0.000
26	D	0.000	0.000	0.000	0.000	0.000
27	D	0.000	0.000	0.000	0.000	0.000
28	R	0.000	0.000	0.000	0.000	0.000
29	R	0.000	0.000	0.000	0.000	0.000
30	S	0.000	0.000	0.000	0.000	0.000
31	K	0.000	0.000	0.000	0.000	0.000
32	R	0.000	0.000	0.000	0.000	0.000
33	S	0.000	0.000	0.000	0.000	0.000
34	R	0.000	0.000	0.000	0.000	0.000
35	F	0.000	0.000	0.000	0.000	0.000
36	D	0.000	0.000	0.000	0.000	0.000
37	Q	0.000	0.000	0.000	0.000	0.000
38	T	0.000	0.000	0.000	0.000	0.000
39	E	0.000	0.000	0.000	0.000	0.000
40	P	0.000	0.000	0.000	0.000	0.000
>XP_001401537.1
pos	aa	C	S	n-reg	h-reg	c-reg
1	M	0.000	0.918	0.918	0.000	0.000
2	Q	0.000	0.918	0.918	0.000	0.000
3	L	0.000	0.918	0.911	0.007	0.000
4	T	0.000	0.918	0.909	0.009	0.000
5	S	0.000	0.918	0.906	0.012	0.000
6	K	0.000	0.918	0.896	0.022	0.000
7	V	0.000	0.918	0.372	0.546	0.000
8	S	0.000	0.918	0.260	0.658	0.000
9	I	0.000	0.918	0.014	0.904	0.000
10	A	0.000	0.918	0.004	0.914	0.000
11	L	0.000	0.918	0.000	0.918	0.000
12	L	0.000	0.918	0.000	0.915	0.003
13	G	0.000	0.918	0.000	0.912	0.006
14	A	0.000	0.918	0.000	0.906	0.012
15	F	0.000	0.918	0.000	0.812	0.106
16	A	0.000	0.918	0.000	0.733	0.185
17	A	0.005	0.913	0.000	0.130	0.783
18	V	0.000	0.913	0.000	0.061	0.852
19	G	0.000	0.913	0.000	0.003	0.909
20	E	0.037	0.876	0.000	0.001	0.875
21	A	0.000	0.876	0.000	0.000	0.876
22	N	0.868	0.008	0.000	0.000	0.008
23	N	0.000	0.008	0.000	0.000	0.008
24	H	0.000	0.008	0.000	0.000	0.008
25	G	0.000	0.008	0.000	0.000	0.008
26	F	0.005	0.003	0.000	0.000	0.003
27	H	0.000	0.003	0.000	0.000	0.003
28	A	0.000	0.003	0.000	0.000	0.003
29	R	0.002	0.000	0.000	0.000	0.000
30	Q	0.000	0.000	0.000	0.000	0.000
31	M	0.000	0.000	0.000	0.000	0.000
32	N	0.000	0.000	0.000	0.000	0.000
33	F	0.000	0.000	0.000	0.000	0.000
34	H	0.000	0.000	0.000	0.000	0.000
35	P	0.000	0.000	0.000	0.000	0.000
36	G	0.000	0.000	0.000	0.000	0.000
37	G	0.000	0.000	0.000	0.000	0.000
38	Y	0.000	0.000	0.000	0.000	0.000
39	N	0.000	0.000	0.000	0.000	0.000
40	N	0.000	0.000	0.000	0.000	0.000
>XP_001401546.1
pos	aa	C	S	n-reg	h-reg	c-reg
1	M	0.000	0.998	0.998	0.000	0.000
2	A	0.000	0.999	0.999	0.000	0.000
3	P	0.000	0.999	0.999	0.000	0.000
4	V	0.000	0.999	0.999	0.000	0.000
5	R	0.000	0.999	0.999	0.000	0.000
6	S	0.000	0.999	0.996	0.003	0.000
7	S	0.000	0.999	0.989	0.011	0.000
8	A	0.000	0.999	0.979	0.020	0.000
9	S	0.000	0.999	0.960	0.039	0.000
10	W	0.000	0.999	0.871	0.129	0.000
11	L	0.000	0.999	0.713	0.286	0.000
12	S	0.000	0.999	0.666	0.333	0.000
13	S	0.000	0.999	0.497	0.502	0.000
14	V	0.000	0.999	0.191	0.808	0.000
15	M	0.000	0.999	0.123	0.874	0.003
16	A	0.000	0.999	0.057	0.938	0.004
17	V	0.000	0.999	0.004	0.989	0.005
18	C	0.000	0.999	0.000	0.983	0.016
19	A	0.000	0.999	0.000	0.976	0.023
20	I	0.001	0.998	0.000	0.958	0.040
21	L	0.000	0.998	0.000	0.911	0.087
22	C	0.000	0.998	0.000	0.700	0.298
23	L	0.012	0.985	0.000	0.605	0.380
24	S	0.001	0.984	0.000	0.514	0.470
25	V	0.047	0.937	0.000	0.083	0.854
26	P	0.000	0.937	0.000	0.004	0.933
27	A	0.016	0.921	0.000	0.000	0.921
28	N	0.044	0.877	0.000	0.000	0.877
29	A	0.000	0.877	0.000	0.000	0.877
30	L	0.870	0.007	0.000	0.000	0.007
31	Y	0.007	0.000	0.000	0.000	0.000
32	F	0.000	0.000	0.000	0.000	0.000
33	Y	0.000	0.000	0.000	0.000	0.000
34	M	0.000	0.000	0.000	0.000	0.000
35	D	0.000	0.000	0.000	0.000	0.000
36	G	0.000	0.000	0.000	0.000	0.000
37	R	0.000	0.000	0.000	0.000	0.000
38	Q	0.000	0.000	0.000	0.000	0.000
39	T	0.000	0.000	0.000	0.000	0.000
40	K	0.000	0.000	0.000	0.000	0.000
