>XP_001398042.2
pos	aa	C	S	n-reg	h-reg	c-reg
1	M	0.000	0.033	0.033	0.000	0.000
2	A	0.000	0.052	0.052	0.000	0.000
3	L	0.000	0.052	0.052	0.000	0.000
4	N	0.000	0.052	0.052	0.000	0.000
5	L	0.000	0.052	0.052	0.000	0.000
6	E	0.000	0.052	0.052	0.000	0.000
7	K	0.000	0.052	0.052	0.000	0.000
8	Q	0.000	0.052	0.052	0.000	0.000
9	L	0.000	0.052	0.052	0.000	0.000
10	L	0.000	0.052	0.052	0.000	0.000
11	F	0.000	0.052	0.052	0.000	0.000
12	Y	0.000	0.052	0.052	0.000	0.000
13	G	0.000	0.052	0.052	0.000	0.000
14	A	0.000	0.052	0.052	0.000	0.000
15	Y	0.000	0.052	0.052	0.000	0.000
16	H	0.000	0.052	0.052	0.000	0.000
17	N	0.000	0.052	0.052	0.000	0.000
18	N	0.000	0.052	0.052	0.000	0.000
19	P	0.000	0.052	0.051	0.000	0.000
20	V	0.000	0.052	0.050	0.002	0.000
21	N	0.000	0.052	0.049	0.002	0.000
22	V	0.000	0.052	0.036	0.015	0.000
23	A	0.000	0.052	0.031	0.020	0.000
24	I	0.000	0.052	0.023	0.028	0.000
25	H	0.000	0.052	0.020	0.031	0.000
26	I	0.000	0.052	0.009	0.042	0.000
27	T	0.000	0.052	0.006	0.046	0.000
28	C	0.000	0.052	0.001	0.051	0.000
29	V	0.000	0.052	0.000	0.051	0.000
30	P	0.000	0.052	0.000	0.051	0.000
31	I	0.000	0.052	0.000	0.051	0.000
32	L	0.000	0.052	0.000	0.051	0.001
33	L	0.000	0.052	0.000	0.048	0.003
34	F	0.000	0.051	0.000	0.044	0.008
35	T	0.000	0.051	0.000	0.040	0.011
36	G	0.000	0.050	0.000	0.019	0.031
37	I	0.000	0.050	0.000	0.018	0.032
38	A	0.000	0.048	0.000	0.016	0.032
39	L	0.000	0.047	0.000	0.014	0.032
40	A	0.000	0.041	0.000	0.009	0.032
>XP_001398052.2
pos	aa	C	S	n-reg	h-reg	c-reg
1	M	0.000	0.017	0.017	0.000	0.000
2	D	0.000	0.029	0.029	0.000	0.000
3	D	0.000	0.029	0.029	0.000	0.000
4	R	0.000	0.029	0.029	0.000	0.000
5	S	0.000	0.029	0.029	0.000	0.000
6	H	0.000	0.029	0.027	0.001	0.000
7	L	0.000	0.029	0.012	0.017	0.000
8	Y	0.000	0.029	0.009	0.020	0.000
9	I	0.000	0.029	0.005	0.024	0.000
10	G	0.000	0.029	0.003	0.025	0.000
11	T	0.000	0.029	0.002	0.027	0.000
12	A	0.000	0.029	0.001	0.028	0.000
13	F	0.000	0.029	0.000	0.029	0.000
14	V	0.000	0.029	0.000	0.029	0.000
15	A	0.000	0.029	0.000	0.026	0.003
16	G	0.000	0.029	0.000	0.024	0.005
17	V	0.000	0.029	0.000	0.024	0.005
18	L	0.000	0.029	0.000	0.019	0.010
19	L	0.000	0.029	0.000	0.016	0.013
20	T	0.001	0.026	0.000	0.012	0.014
21	L	0.001	0.025	0.000	0.011	0.013
22	G	0.000	0.022	0.000	0.008	0.014
23	F	0.013	0.007	0.000	0.005	0.002
24	K	0.000	0.002	0.000	0.000	0.002
25	D	0.000	0.002	0.000	0.000	0.002
26	L	0.000	0.002	0.000	0.000	0.002
27	V	0.000	0.001	0.000	0.000	0.001
28	Y	0.000	0.001	0.000	0.000	0.001
29	P	0.000	0.001	0.000	0.000	0.001
30	E	0.001	0.000	0.000	0.000	0.000
31	L	0.000	0.000	0.000	0.000	0.000
32	E	0.000	0.000	0.000	0.000	0.000
33	R	0.000	0.000	0.000	0.000	0.000
34	R	0.000	0.000	0.000	0.000	0.000
35	V	0.000	0.000	0.000	0.000	0.000
36	K	0.000	0.000	0.000	0.000	0.000
37	D	0.000	0.000	0.000	0.000	0.000
38	Y	0.000	0.000	0.000	0.000	0.000
39	Y	0.000	0.000	0.000	0.000	0.000
40	Y	0.000	0.000	0.000	0.000	0.000
>XP_001398061.1
pos	aa	C	S	n-reg	h-reg	c-reg
1	M	0.000	0.640	0.640	0.000	0.000
2	R	0.000	0.640	0.640	0.000	0.000
3	S	0.000	0.640	0.638	0.001	0.000
4	A	0.000	0.640	0.635	0.005	0.000
5	A	0.000	0.640	0.630	0.010	0.000
6	K	0.000	0.640	0.622	0.018	0.000
7	F	0.000	0.640	0.195	0.444	0.000
8	F	0.000	0.640	0.074	0.566	0.000
9	Y	0.000	0.640	0.005	0.635	0.000
10	L	0.000	0.640	0.001	0.639	0.000
11	A	0.000	0.640	0.000	0.640	0.000
12	V	0.000	0.640	0.000	0.639	0.000
13	F	0.000	0.640	0.000	0.639	0.001
14	A	0.000	0.640	0.000	0.633	0.006
15	L	0.000	0.640	0.000	0.574	0.066
16	S	0.000	0.640	0.000	0.463	0.176
17	R	0.000	0.639	0.000	0.027	0.612
18	L	0.000	0.639	0.000	0.023	0.617
19	S	0.008	0.631	0.000	0.001	0.631
20	N	0.007	0.625	0.000	0.000	0.624
21	A	0.000	0.625	0.000	0.000	0.625
22	E	0.578	0.047	0.000	0.000	0.047
23	T	0.000	0.047	0.000	0.000	0.047
24	G	0.042	0.005	0.000	0.000	0.005
25	L	0.002	0.003	0.000	0.000	0.003
26	H	0.002	0.000	0.000	0.000	0.000
27	H	0.000	0.000	0.000	0.000	0.000
28	N	0.000	0.000	0.000	0.000	0.000
29	Q	0.000	0.000	0.000	0.000	0.000
30	D	0.000	0.000	0.000	0.000	0.000
31	K	0.000	0.000	0.000	0.000	0.000
32	C	0.000	0.000	0.000	0.000	0.000
33	A	0.000	0.000	0.000	0.000	0.000
34	I	0.000	0.000	0.000	0.000	0.000
35	D	0.000	0.000	0.000	0.000	0.000
36	P	0.000	0.000	0.000	0.000	0.000
37	T	0.000	0.000	0.000	0.000	0.000
38	A	0.000	0.000	0.000	0.000	0.000
39	M	0.000	0.000	0.000	0.000	0.000
40	V	0.000	0.000	0.000	0.000	0.000
>XP_001398071.1
pos	aa	C	S	n-reg	h-reg	c-reg
1	M	0.000	0.568	0.568	0.000	0.000
2	S	0.000	0.988	0.988	0.000	0.000
3	K	0.000	0.988	0.988	0.000	0.000
4	T	0.000	0.988	0.988	0.000	0.000
5	P	0.000	0.988	0.987	0.001	0.000
6	L	0.000	0.988	0.977	0.012	0.000
7	Y	0.000	0.988	0.953	0.035	0.000
8	T	0.000	0.988	0.930	0.058	0.000
9	P	0.000	0.988	0.893	0.095	0.000
10	C	0.000	0.988	0.449	0.539	0.000
11	L	0.000	0.988	0.195	0.793	0.000
12	I	0.000	0.988	0.119	0.869	0.000
13	S	0.000	0.988	0.089	0.899	0.000
14	L	0.000	0.988	0.030	0.957	0.000
15	V	0.000	0.988	0.014	0.973	0.001
16	L	0.000	0.988	0.008	0.978	0.002
17	T	0.000	0.988	0.006	0.970	0.012
18	T	0.000	0.988	0.004	0.964	0.020
19	L	0.000	0.988	0.001	0.963	0.024
20	F	0.001	0.987	0.000	0.952	0.035
21	L	0.000	0.987	0.000	0.855	0.131
22	T	0.007	0.979	0.000	0.535	0.444
23	T	0.002	0.976	0.000	0.465	0.510
24	I	0.003	0.972	0.000	0.453	0.518
25	T	0.000	0.969	0.000	0.424	0.544
26	I	0.026	0.940	0.000	0.420	0.520
27	L	0.000	0.934	0.000	0.413	0.521
28	L	0.049	0.866	0.000	0.392	0.474
29	L	0.023	0.789	0.000	0.336	0.453
30	T	0.441	0.190	0.000	0.177	0.014
31	P	0.004	0.050	0.000	0.039	0.011
32	P	0.000	0.032	0.000	0.022	0.010
33	T	0.002	0.028	0.000	0.020	0.009
34	F	0.000	0.027	0.000	0.018	0.008
35	L	0.000	0.022	0.000	0.014	0.008
36	P	0.002	0.008	0.000	0.002	0.007
37	R	0.006	0.001	0.000	0.000	0.001
38	I	0.000	0.001	0.000	0.000	0.001
39	I	0.000	0.001	0.000	0.000	0.001
40	P	0.000	0.001	0.000	0.000	0.001
>XP_001398090.1
pos	aa	C	S	n-reg	h-reg	c-reg
1	M	0.000	0.994	0.994	0.000	0.000
2	L	0.000	0.996	0.996	0.000	0.000
3	L	0.000	0.996	0.959	0.037	0.000
4	L	0.000	0.996	0.949	0.048	0.000
5	R	0.000	0.996	0.948	0.049	0.000
6	P	0.000	0.996	0.818	0.178	0.000
7	L	0.000	0.996	0.067	0.930	0.000
8	I	0.000	0.996	0.026	0.971	0.000
9	A	0.000	0.996	0.011	0.986	0.000
10	I	0.000	0.996	0.004	0.992	0.000
11	A	0.000	0.996	0.002	0.989	0.005
12	S	0.000	0.996	0.000	0.986	0.011
13	V	0.000	0.996	0.000	0.985	0.012
14	A	0.000	0.996	0.000	0.959	0.037
15	G	0.000	0.996	0.000	0.221	0.775
16	L	0.003	0.994	0.000	0.202	0.792
17	V	0.000	0.994	0.000	0.166	0.828
18	L	0.000	0.994	0.000	0.139	0.855
19	S	0.001	0.991	0.000	0.051	0.940
20	Q	0.816	0.174	0.000	0.001	0.173
21	N	0.001	0.173	0.000	0.000	0.173
22	T	0.000	0.173	0.000	0.000	0.173
23	S	0.005	0.167	0.000	0.000	0.167
24	S	0.044	0.123	0.000	0.000	0.123
25	I	0.116	0.006	0.000	0.000	0.006
26	D	0.000	0.006	0.000	0.000	0.006
27	P	0.000	0.006	0.000	0.000	0.006
28	N	0.006	0.000	0.000	0.000	0.000
29	S	0.000	0.000	0.000	0.000	0.000
30	V	0.000	0.000	0.000	0.000	0.000
31	P	0.000	0.000	0.000	0.000	0.000
32	I	0.000	0.000	0.000	0.000	0.000
33	D	0.000	0.000	0.000	0.000	0.000
34	T	0.000	0.000	0.000	0.000	0.000
35	R	0.000	0.000	0.000	0.000	0.000
36	K	0.000	0.000	0.000	0.000	0.000
37	Q	0.000	0.000	0.000	0.000	0.000
38	W	0.000	0.000	0.000	0.000	0.000
39	C	0.000	0.000	0.000	0.000	0.000
40	Q	0.000	0.000	0.000	0.000	0.000
>XP_001398093.1
pos	aa	C	S	n-reg	h-reg	c-reg
1	M	0.000	0.999	0.999	0.000	0.000
2	R	0.000	0.999	0.999	0.000	0.000
3	L	0.000	0.999	0.802	0.197	0.000
4	Q	0.000	0.999	0.696	0.303	0.000
5	L	0.000	0.999	0.277	0.722	0.000
6	T	0.000	0.999	0.183	0.816	0.000
7	T	0.000	0.999	0.090	0.909	0.000
8	S	0.000	0.999	0.013	0.986	0.000
9	L	0.000	0.999	0.001	0.998	0.000
10	A	0.000	0.999	0.000	0.999	0.000
11	L	0.000	0.999	0.000	0.996	0.003
12	L	0.000	0.999	0.000	0.969	0.030
13	A	0.000	0.999	0.000	0.737	0.262
14	T	0.000	0.999	0.000	0.598	0.401
15	A	0.000	0.999	0.000	0.520	0.479
16	S	0.008	0.991	0.000	0.030	0.961
17	T	0.003	0.989	0.000	0.009	0.980
18	V	0.026	0.963	0.000	0.005	0.958
19	V	0.000	0.963	0.000	0.004	0.959
20	A	0.000	0.963	0.000	0.003	0.960
21	D	0.958	0.005	0.000	0.000	0.005
22	D	0.000	0.005	0.000	0.000	0.005
23	V	0.000	0.005	0.000	0.000	0.005
24	V	0.000	0.005	0.000	0.000	0.005
25	S	0.000	0.005	0.000	0.000	0.005
26	V	0.004	0.001	0.000	0.000	0.001
27	L	0.000	0.001	0.000	0.000	0.001
28	W	0.000	0.001	0.000	0.000	0.001
29	P	0.000	0.001	0.000	0.000	0.001
30	S	0.000	0.001	0.000	0.000	0.001
31	S	0.000	0.001	0.000	0.000	0.001
32	A	0.000	0.001	0.000	0.000	0.001
33	S	0.000	0.001	0.000	0.000	0.001
34	G	0.000	0.001	0.000	0.000	0.001
35	E	0.001	0.000	0.000	0.000	0.000
36	N	0.000	0.000	0.000	0.000	0.000
37	Y	0.000	0.000	0.000	0.000	0.000
38	N	0.000	0.000	0.000	0.000	0.000
39	A	0.000	0.000	0.000	0.000	0.000
40	K	0.000	0.000	0.000	0.000	0.000
>XP_001398094.2
pos	aa	C	S	n-reg	h-reg	c-reg
1	M	0.000	0.194	0.194	0.000	0.000
2	V	0.000	0.195	0.195	0.000	0.000
3	S	0.000	0.195	0.195	0.000	0.000
4	P	0.000	0.195	0.195	0.000	0.000
5	R	0.000	0.195	0.195	0.000	0.000
6	T	0.000	0.195	0.194	0.001	0.000
7	L	0.000	0.195	0.194	0.001	0.000
8	F	0.000	0.195	0.194	0.001	0.000
9	T	0.000	0.195	0.194	0.001	0.000
10	A	0.000	0.195	0.194	0.001	0.000
11	S	0.000	0.195	0.193	0.001	0.000
12	R	0.000	0.195	0.193	0.002	0.000
13	V	0.000	0.195	0.185	0.009	0.000
14	Q	0.000	0.195	0.184	0.010	0.001
15	T	0.000	0.195	0.176	0.018	0.001
16	W	0.000	0.195	0.165	0.029	0.001
17	T	0.000	0.195	0.162	0.032	0.001
18	Y	0.000	0.195	0.155	0.039	0.001
19	L	0.000	0.195	0.117	0.077	0.001
20	L	0.000	0.195	0.098	0.095	0.001
21	G	0.000	0.195	0.091	0.102	0.002
22	V	0.001	0.194	0.048	0.145	0.001
23	C	0.000	0.194	0.031	0.161	0.002
24	P	0.000	0.194	0.027	0.141	0.026
25	F	0.000	0.193	0.011	0.156	0.026
26	S	0.000	0.193	0.002	0.161	0.030
27	I	0.000	0.193	0.001	0.162	0.031
28	A	0.000	0.193	0.000	0.160	0.033
29	F	0.025	0.168	0.000	0.159	0.009
30	L	0.000	0.168	0.000	0.151	0.018
31	V	0.005	0.164	0.000	0.116	0.048
32	F	0.000	0.163	0.000	0.096	0.068
33	I	0.000	0.163	0.000	0.084	0.080
34	N	0.000	0.162	0.000	0.006	0.157
35	S	0.000	0.162	0.000	0.003	0.160
36	S	0.015	0.148	0.000	0.002	0.146
37	I	0.004	0.144	0.000	0.002	0.142
38	S	0.000	0.144	0.000	0.000	0.144
39	F	0.118	0.026	0.000	0.000	0.026
40	V	0.000	0.026	0.000	0.000	0.026
>XP_001398096.1
pos	aa	C	S	n-reg	h-reg	c-reg
1	M	0.000	0.997	0.997	0.000	0.000
2	I	0.000	0.998	0.998	0.000	0.000
3	S	0.000	0.998	0.998	0.000	0.000
4	S	0.000	0.998	0.998	0.000	0.000
5	R	0.000	0.998	0.998	0.000	0.000
6	R	0.000	0.998	0.998	0.000	0.000
7	A	0.000	0.998	0.987	0.011	0.000
8	V	0.000	0.998	0.960	0.038	0.000
9	P	0.000	0.998	0.917	0.081	0.000
10	L	0.000	0.998	0.553	0.445	0.000
11	F	0.000	0.998	0.416	0.582	0.000
12	G	0.000	0.998	0.301	0.697	0.000
13	F	0.000	0.998	0.105	0.893	0.000
14	A	0.000	0.998	0.054	0.945	0.000
15	F	0.000	0.998	0.015	0.983	0.000
16	I	0.000	0.998	0.000	0.998	0.000
17	L	0.000	0.998	0.000	0.998	0.000
18	F	0.000	0.998	0.000	0.993	0.006
19	I	0.000	0.998	0.000	0.985	0.013
20	L	0.000	0.998	0.000	0.928	0.070
21	L	0.000	0.998	0.000	0.700	0.298
22	A	0.000	0.998	0.000	0.457	0.540
23	I	0.006	0.991	0.000	0.290	0.701
24	R	0.000	0.990	0.000	0.006	0.984
25	S	0.000	0.990	0.000	0.002	0.989
26	L	0.077	0.913	0.000	0.001	0.912
27	S	0.008	0.906	0.000	0.000	0.906
28	S	0.249	0.657	0.000	0.000	0.657
29	Q	0.619	0.038	0.000	0.000	0.038
30	W	0.014	0.024	0.000	0.000	0.024
31	E	0.000	0.024	0.000	0.000	0.024
32	Q	0.000	0.024	0.000	0.000	0.024
33	A	0.001	0.023	0.000	0.000	0.023
34	T	0.003	0.020	0.000	0.000	0.020
35	Q	0.000	0.020	0.000	0.000	0.020
36	V	0.001	0.018	0.000	0.000	0.018
37	V	0.000	0.018	0.000	0.000	0.018
38	G	0.000	0.018	0.000	0.000	0.018
39	L	0.009	0.009	0.000	0.000	0.009
40	G	0.001	0.008	0.000	0.000	0.008
>XP_001398104.1
pos	aa	C	S	n-reg	h-reg	c-reg
1	M	0.000	0.521	0.521	0.000	0.000
2	Y	0.000	0.521	0.521	0.000	0.000
3	K	0.000	0.521	0.521	0.000	0.000
4	E	0.000	0.521	0.492	0.029	0.000
5	I	0.000	0.521	0.190	0.332	0.000
6	I	0.000	0.521	0.069	0.452	0.000
7	V	0.000	0.521	0.016	0.505	0.000
8	L	0.000	0.521	0.001	0.520	0.000
9	V	0.000	0.521	0.000	0.521	0.000
10	Y	0.000	0.521	0.000	0.521	0.000
11	I	0.000	0.521	0.000	0.521	0.000
12	L	0.000	0.521	0.000	0.521	0.000
13	I	0.000	0.521	0.000	0.519	0.002
14	V	0.000	0.521	0.000	0.513	0.008
15	L	0.000	0.521	0.000	0.478	0.044
16	R	0.000	0.521	0.000	0.009	0.512
17	V	0.000	0.521	0.000	0.005	0.516
18	V	0.000	0.521	0.000	0.003	0.518
19	L	0.000	0.521	0.000	0.002	0.519
20	A	0.047	0.474	0.000	0.000	0.474
21	P	0.466	0.007	0.000	0.000	0.007
22	I	0.002	0.005	0.000	0.000	0.005
23	Y	0.000	0.005	0.000	0.000	0.005
24	T	0.000	0.005	0.000	0.000	0.005
25	Y	0.003	0.002	0.000	0.000	0.002
26	L	0.000	0.002	0.000	0.000	0.002
27	R	0.002	0.000	0.000	0.000	0.000
28	D	0.000	0.000	0.000	0.000	0.000
29	P	0.000	0.000	0.000	0.000	0.000
30	K	0.000	0.000	0.000	0.000	0.000
31	G	0.000	0.000	0.000	0.000	0.000
32	L	0.000	0.000	0.000	0.000	0.000
33	K	0.000	0.000	0.000	0.000	0.000
34	R	0.000	0.000	0.000	0.000	0.000
35	F	0.000	0.000	0.000	0.000	0.000
36	P	0.000	0.000	0.000	0.000	0.000
37	G	0.000	0.000	0.000	0.000	0.000
38	V	0.000	0.000	0.000	0.000	0.000
39	S	0.000	0.000	0.000	0.000	0.000
40	V	0.000	0.000	0.000	0.000	0.000
>XP_001398105.1
pos	aa	C	S	n-reg	h-reg	c-reg
1	M	0.000	0.781	0.781	0.000	0.000
2	G	0.000	0.781	0.781	0.000	0.000
3	L	0.000	0.781	0.768	0.013	0.000
4	K	0.000	0.781	0.764	0.017	0.000
5	A	0.000	0.781	0.414	0.367	0.000
6	F	0.000	0.781	0.144	0.637	0.000
7	G	0.000	0.781	0.086	0.695	0.000
8	F	0.000	0.781	0.014	0.767	0.000
9	I	0.000	0.781	0.004	0.777	0.000
10	I	0.000	0.781	0.001	0.779	0.000
11	A	0.000	0.781	0.001	0.779	0.001
12	A	0.000	0.781	0.001	0.775	0.006
13	A	0.000	0.781	0.000	0.589	0.191
14	Q	0.000	0.781	0.000	0.357	0.423
15	I	0.000	0.781	0.000	0.332	0.449
16	S	0.000	0.781	0.000	0.094	0.686
17	A	0.000	0.781	0.000	0.042	0.738
18	A	0.050	0.730	0.000	0.025	0.706
19	T	0.067	0.663	0.000	0.004	0.659
20	A	0.009	0.654	0.000	0.003	0.651
21	A	0.526	0.129	0.000	0.001	0.128
22	V	0.053	0.075	0.000	0.001	0.075
23	S	0.000	0.075	0.000	0.000	0.075
24	R	0.056	0.019	0.000	0.000	0.018
25	L	0.000	0.019	0.000	0.000	0.019
26	T	0.014	0.005	0.000	0.000	0.005
27	V	0.003	0.002	0.000	0.000	0.002
28	D	0.000	0.002	0.000	0.000	0.002
29	T	0.000	0.002	0.000	0.000	0.002
30	T	0.000	0.001	0.000	0.000	0.001
31	V	0.000	0.001	0.000	0.000	0.001
32	G	0.000	0.001	0.000	0.000	0.001
33	R	0.001	0.000	0.000	0.000	0.000
34	L	0.000	0.000	0.000	0.000	0.000
35	Y	0.000	0.000	0.000	0.000	0.000
36	G	0.000	0.000	0.000	0.000	0.000
37	M	0.000	0.000	0.000	0.000	0.000
38	V	0.000	0.000	0.000	0.000	0.000
39	N	0.000	0.000	0.000	0.000	0.000
40	G	0.000	0.000	0.000	0.000	0.000
>XP_001398107.1
pos	aa	C	S	n-reg	h-reg	c-reg
1	M	0.000	0.992	0.992	0.000	0.000
2	A	0.000	0.992	0.992	0.000	0.000
3	G	0.000	0.992	0.992	0.000	0.000
4	N	0.000	0.992	0.992	0.000	0.000
5	Q	0.000	0.992	0.990	0.002	0.000
6	W	0.000	0.992	0.935	0.058	0.000
7	L	0.000	0.992	0.836	0.156	0.000
8	R	0.000	0.992	0.825	0.167	0.000
9	C	0.000	0.992	0.259	0.734	0.000
10	V	0.000	0.992	0.039	0.953	0.000
11	L	0.000	0.992	0.003	0.989	0.000
12	V	0.000	0.992	0.000	0.992	0.000
13	L	0.000	0.992	0.000	0.992	0.000
14	A	0.000	0.992	0.000	0.989	0.003
15	L	0.000	0.992	0.000	0.978	0.014
16	A	0.000	0.992	0.000	0.967	0.026
17	V	0.000	0.992	0.000	0.907	0.085
18	F	0.000	0.992	0.000	0.403	0.589
19	G	0.000	0.992	0.000	0.162	0.830
20	V	0.006	0.986	0.000	0.070	0.916
21	Q	0.000	0.986	0.000	0.001	0.985
22	G	0.001	0.984	0.000	0.000	0.984
23	I	0.824	0.161	0.000	0.000	0.160
24	S	0.000	0.160	0.000	0.000	0.160
25	L	0.065	0.096	0.000	0.000	0.096
26	D	0.090	0.005	0.000	0.000	0.005
27	I	0.000	0.005	0.000	0.000	0.005
28	S	0.000	0.005	0.000	0.000	0.005
29	S	0.004	0.001	0.000	0.000	0.001
30	E	0.001	0.000	0.000	0.000	0.000
31	D	0.000	0.000	0.000	0.000	0.000
32	S	0.000	0.000	0.000	0.000	0.000
33	I	0.000	0.000	0.000	0.000	0.000
34	K	0.000	0.000	0.000	0.000	0.000
35	N	0.000	0.000	0.000	0.000	0.000
36	A	0.000	0.000	0.000	0.000	0.000
37	A	0.000	0.000	0.000	0.000	0.000
38	S	0.000	0.000	0.000	0.000	0.000
39	I	0.000	0.000	0.000	0.000	0.000
40	A	0.000	0.000	0.000	0.000	0.000
>XP_001398112.1
pos	aa	C	S	n-reg	h-reg	c-reg
1	M	0.000	0.792	0.792	0.000	0.000
2	P	0.000	0.792	0.792	0.000	0.000
3	L	0.000	0.792	0.784	0.009	0.000
4	K	0.000	0.792	0.779	0.014	0.000
5	I	0.000	0.792	0.285	0.507	0.000
6	I	0.000	0.792	0.082	0.711	0.000
7	V	0.000	0.792	0.022	0.771	0.000
8	V	0.000	0.792	0.004	0.788	0.000
9	G	0.000	0.792	0.003	0.789	0.000
10	A	0.000	0.792	0.002	0.791	0.000
11	G	0.000	0.792	0.001	0.790	0.001
12	L	0.000	0.792	0.000	0.790	0.002
13	A	0.000	0.792	0.000	0.702	0.091
14	G	0.000	0.792	0.000	0.584	0.208
15	L	0.000	0.792	0.000	0.569	0.224
16	G	0.000	0.792	0.000	0.036	0.756
17	A	0.006	0.786	0.000	0.013	0.773
18	A	0.038	0.748	0.000	0.005	0.744
19	I	0.097	0.651	0.000	0.004	0.647
20	A	0.000	0.651	0.000	0.003	0.648
21	L	0.636	0.015	0.000	0.001	0.014
22	N	0.005	0.010	0.000	0.000	0.010
23	R	0.000	0.010	0.000	0.000	0.010
24	Q	0.000	0.010	0.000	0.000	0.010
25	G	0.004	0.006	0.000	0.000	0.006
26	H	0.006	0.000	0.000	0.000	0.000
27	D	0.000	0.000	0.000	0.000	0.000
28	I	0.000	0.000	0.000	0.000	0.000
29	E	0.000	0.000	0.000	0.000	0.000
30	I	0.000	0.000	0.000	0.000	0.000
31	L	0.000	0.000	0.000	0.000	0.000
32	E	0.000	0.000	0.000	0.000	0.000
33	Q	0.000	0.000	0.000	0.000	0.000
34	S	0.000	0.000	0.000	0.000	0.000
35	G	0.000	0.000	0.000	0.000	0.000
36	F	0.000	0.000	0.000	0.000	0.000
37	L	0.000	0.000	0.000	0.000	0.000
38	N	0.000	0.000	0.000	0.000	0.000
39	E	0.000	0.000	0.000	0.000	0.000
40	V	0.000	0.000	0.000	0.000	0.000
>XP_001398140.2
pos	aa	C	S	n-reg	h-reg	c-reg
1	M	0.000	0.307	0.307	0.000	0.000
2	G	0.000	0.315	0.315	0.000	0.000
3	V	0.000	0.315	0.313	0.002	0.000
4	G	0.000	0.315	0.312	0.003	0.000
5	A	0.000	0.315	0.309	0.005	0.000
6	F	0.000	0.315	0.302	0.013	0.000
7	L	0.000	0.315	0.293	0.022	0.000
8	E	0.000	0.315	0.291	0.024	0.000
9	P	0.000	0.315	0.260	0.055	0.000
10	L	0.000	0.315	0.126	0.189	0.000
11	T	0.000	0.315	0.074	0.241	0.000
12	V	0.000	0.315	0.020	0.294	0.000
13	I	0.000	0.315	0.011	0.303	0.000
14	V	0.000	0.315	0.008	0.303	0.003
15	L	0.000	0.315	0.007	0.303	0.004
16	L	0.000	0.315	0.007	0.301	0.006
17	F	0.000	0.314	0.007	0.297	0.010
18	G	0.000	0.314	0.007	0.284	0.023
19	G	0.004	0.311	0.007	0.216	0.087
20	T	0.000	0.310	0.007	0.139	0.164
21	W	0.003	0.307	0.007	0.097	0.203
22	I	0.000	0.307	0.007	0.074	0.225
23	N	0.000	0.306	0.007	0.004	0.295
24	R	0.000	0.306	0.007	0.000	0.299
25	T	0.000	0.306	0.007	0.000	0.299
26	T	0.003	0.303	0.007	0.000	0.296
27	G	0.002	0.301	0.007	0.000	0.294
28	S	0.271	0.031	0.007	0.000	0.024
29	F	0.022	0.009	0.007	0.000	0.001
30	P	0.000	0.009	0.007	0.000	0.001
31	T	0.001	0.007	0.007	0.000	0.000
32	R	0.000	0.007	0.007	0.000	0.000
33	R	0.000	0.007	0.007	0.000	0.000
34	T	0.000	0.007	0.007	0.000	0.000
35	R	0.000	0.007	0.007	0.000	0.000
36	R	0.000	0.007	0.007	0.000	0.000
37	R	0.000	0.007	0.007	0.000	0.000
38	S	0.000	0.007	0.007	0.000	0.000
39	S	0.000	0.007	0.007	0.000	0.000
40	I	0.000	0.007	0.007	0.000	0.000
>XP_001398145.2
pos	aa	C	S	n-reg	h-reg	c-reg
1	M	0.000	0.792	0.792	0.000	0.000
2	A	0.000	0.792	0.792	0.000	0.000
3	R	0.000	0.792	0.792	0.000	0.000
4	R	0.000	0.792	0.791	0.000	0.000
5	N	0.000	0.792	0.786	0.005	0.000
6	Q	0.000	0.792	0.715	0.077	0.000
7	V	0.000	0.792	0.274	0.518	0.000
8	V	0.000	0.792	0.185	0.606	0.000
9	N	0.000	0.792	0.163	0.629	0.000
10	I	0.000	0.792	0.044	0.747	0.000
11	L	0.000	0.792	0.001	0.791	0.000
12	L	0.000	0.792	0.000	0.792	0.000
13	G	0.000	0.792	0.000	0.790	0.001
14	L	0.000	0.792	0.000	0.787	0.004
15	A	0.000	0.792	0.000	0.673	0.118
16	C	0.000	0.792	0.000	0.562	0.230
17	A	0.000	0.792	0.000	0.453	0.338
18	S	0.005	0.786	0.000	0.366	0.420
19	S	0.003	0.784	0.000	0.011	0.773
20	T	0.050	0.734	0.000	0.003	0.731
21	A	0.022	0.712	0.000	0.001	0.711
22	W	0.076	0.636	0.000	0.000	0.635
23	A	0.000	0.636	0.000	0.000	0.636
24	N	0.632	0.004	0.000	0.000	0.004
25	K	0.000	0.004	0.000	0.000	0.004
26	K	0.000	0.004	0.000	0.000	0.004
27	A	0.000	0.004	0.000	0.000	0.004
28	F	0.004	0.000	0.000	0.000	0.000
29	N	0.000	0.000	0.000	0.000	0.000
30	I	0.000	0.000	0.000	0.000	0.000
31	H	0.000	0.000	0.000	0.000	0.000
32	D	0.000	0.000	0.000	0.000	0.000
33	D	0.000	0.000	0.000	0.000	0.000
34	L	0.000	0.000	0.000	0.000	0.000
35	L	0.000	0.000	0.000	0.000	0.000
36	A	0.000	0.000	0.000	0.000	0.000
37	Y	0.000	0.000	0.000	0.000	0.000
38	P	0.000	0.000	0.000	0.000	0.000
39	Q	0.000	0.000	0.000	0.000	0.000
40	F	0.000	0.000	0.000	0.000	0.000
>XP_001398146.2
pos	aa	C	S	n-reg	h-reg	c-reg
1	M	0.000	0.075	0.075	0.000	0.000
2	K	0.000	0.075	0.075	0.000	0.000
3	L	0.000	0.075	0.039	0.036	0.000
4	L	0.000	0.075	0.019	0.056	0.000
5	V	0.000	0.075	0.013	0.062	0.000
6	S	0.000	0.075	0.008	0.067	0.000
7	F	0.000	0.075	0.002	0.072	0.000
8	F	0.000	0.075	0.001	0.074	0.000
9	I	0.000	0.075	0.000	0.075	0.000
10	A	0.000	0.075	0.000	0.075	0.000
11	I	0.000	0.075	0.000	0.073	0.001
12	I	0.000	0.075	0.000	0.070	0.005
13	A	0.000	0.075	0.000	0.044	0.031
14	I	0.000	0.075	0.000	0.038	0.037
15	V	0.000	0.075	0.000	0.029	0.046
16	L	0.000	0.075	0.000	0.014	0.061
17	T	0.000	0.075	0.000	0.004	0.070
18	C	0.035	0.040	0.000	0.001	0.039
19	N	0.003	0.037	0.000	0.000	0.036
20	T	0.000	0.037	0.000	0.000	0.037
21	S	0.023	0.014	0.000	0.000	0.014
22	T	0.003	0.011	0.000	0.000	0.011
23	F	0.003	0.008	0.000	0.000	0.008
24	T	0.000	0.008	0.000	0.000	0.008
25	R	0.007	0.000	0.000	0.000	0.000
26	Y	0.000	0.000	0.000	0.000	0.000
27	F	0.000	0.000	0.000	0.000	0.000
28	T	0.000	0.000	0.000	0.000	0.000
29	S	0.000	0.000	0.000	0.000	0.000
30	T	0.000	0.000	0.000	0.000	0.000
31	T	0.000	0.000	0.000	0.000	0.000
32	N	0.000	0.000	0.000	0.000	0.000
33	T	0.000	0.000	0.000	0.000	0.000
34	N	0.000	0.000	0.000	0.000	0.000
35	T	0.000	0.000	0.000	0.000	0.000
36	N	0.000	0.000	0.000	0.000	0.000
37	T	0.000	0.000	0.000	0.000	0.000
38	T	0.000	0.000	0.000	0.000	0.000
39	N	0.000	0.000	0.000	0.000	0.000
40	T	0.000	0.000	0.000	0.000	0.000
>XP_001398181.1
pos	aa	C	S	n-reg	h-reg	c-reg
1	M	0.000	0.956	0.956	0.000	0.000
2	V	0.000	0.959	0.959	0.000	0.000
3	N	0.000	0.959	0.954	0.005	0.000
4	W	0.000	0.959	0.889	0.070	0.000
5	L	0.000	0.959	0.794	0.165	0.000
6	T	0.000	0.959	0.592	0.368	0.000
7	L	0.000	0.959	0.182	0.777	0.000
8	A	0.000	0.959	0.135	0.824	0.000
9	V	0.000	0.959	0.096	0.863	0.000
10	P	0.000	0.959	0.079	0.880	0.000
11	F	0.000	0.959	0.022	0.937	0.000
12	A	0.000	0.959	0.012	0.942	0.006
13	Y	0.000	0.959	0.007	0.939	0.013
14	L	0.000	0.959	0.001	0.933	0.025
15	G	0.000	0.959	0.000	0.829	0.130
16	V	0.000	0.959	0.000	0.811	0.148
17	L	0.000	0.959	0.000	0.770	0.189
18	L	0.000	0.959	0.000	0.332	0.627
19	G	0.009	0.950	0.000	0.068	0.882
20	S	0.081	0.868	0.000	0.048	0.820
21	L	0.006	0.862	0.000	0.036	0.826
22	A	0.023	0.838	0.000	0.020	0.818
23	T	0.642	0.196	0.000	0.003	0.192
24	F	0.073	0.123	0.000	0.003	0.120
25	S	0.000	0.122	0.000	0.002	0.121
26	S	0.072	0.050	0.000	0.001	0.049
27	L	0.013	0.037	0.000	0.001	0.036
28	Y	0.036	0.001	0.000	0.000	0.000
29	R	0.000	0.000	0.000	0.000	0.000
30	K	0.000	0.000	0.000	0.000	0.000
31	R	0.000	0.000	0.000	0.000	0.000
32	K	0.000	0.000	0.000	0.000	0.000
33	A	0.000	0.000	0.000	0.000	0.000
34	R	0.000	0.000	0.000	0.000	0.000
35	K	0.000	0.000	0.000	0.000	0.000
36	S	0.000	0.000	0.000	0.000	0.000
37	L	0.000	0.000	0.000	0.000	0.000
38	S	0.000	0.000	0.000	0.000	0.000
39	L	0.000	0.000	0.000	0.000	0.000
40	E	0.000	0.000	0.000	0.000	0.000
>XP_001398185.1
pos	aa	C	S	n-reg	h-reg	c-reg
1	M	0.000	0.829	0.829	0.000	0.000
2	I	0.000	0.829	0.829	0.000	0.000
3	F	0.000	0.829	0.700	0.130	0.000
4	F	0.000	0.829	0.604	0.225	0.000
5	H	0.000	0.829	0.569	0.261	0.000
6	L	0.000	0.829	0.167	0.663	0.000
7	A	0.000	0.829	0.094	0.735	0.000
8	P	0.000	0.829	0.072	0.757	0.000
9	F	0.000	0.829	0.009	0.821	0.000
10	F	0.000	0.829	0.002	0.828	0.000
11	F	0.000	0.829	0.000	0.824	0.005
12	L	0.000	0.829	0.000	0.813	0.017
13	F	0.000	0.829	0.000	0.797	0.032
14	G	0.000	0.829	0.000	0.624	0.206
15	L	0.000	0.829	0.000	0.378	0.451
16	V	0.000	0.829	0.000	0.218	0.612
17	V	0.000	0.829	0.000	0.050	0.780
18	S	0.000	0.829	0.000	0.015	0.814
19	S	0.149	0.680	0.000	0.004	0.676
20	Q	0.553	0.127	0.000	0.001	0.127
21	N	0.091	0.037	0.000	0.000	0.037
22	P	0.000	0.037	0.000	0.000	0.037
23	T	0.006	0.031	0.000	0.000	0.031
24	V	0.003	0.028	0.000	0.000	0.028
25	D	0.000	0.028	0.000	0.000	0.028
26	L	0.000	0.028	0.000	0.000	0.028
27	G	0.021	0.007	0.000	0.000	0.007
28	Y	0.006	0.001	0.000	0.000	0.001
29	T	0.000	0.001	0.000	0.000	0.001
30	R	0.001	0.000	0.000	0.000	0.000
31	Y	0.000	0.000	0.000	0.000	0.000
32	K	0.000	0.000	0.000	0.000	0.000
33	G	0.000	0.000	0.000	0.000	0.000
34	K	0.000	0.000	0.000	0.000	0.000
35	S	0.000	0.000	0.000	0.000	0.000
36	L	0.000	0.000	0.000	0.000	0.000
37	P	0.000	0.000	0.000	0.000	0.000
38	N	0.000	0.000	0.000	0.000	0.000
39	G	0.000	0.000	0.000	0.000	0.000
40	I	0.000	0.000	0.000	0.000	0.000
>XP_001398198.2
pos	aa	C	S	n-reg	h-reg	c-reg
1	M	0.000	0.994	0.994	0.000	0.000
2	R	0.000	0.994	0.994	0.000	0.000
3	G	0.000	0.994	0.990	0.004	0.000
4	S	0.000	0.994	0.982	0.012	0.000
5	R	0.000	0.994	0.971	0.023	0.000
6	L	0.000	0.994	0.099	0.894	0.000
7	V	0.000	0.994	0.020	0.973	0.000
8	L	0.000	0.994	0.000	0.993	0.000
9	L	0.000	0.994	0.000	0.994	0.000
10	L	0.000	0.994	0.000	0.994	0.000
11	P	0.000	0.994	0.000	0.993	0.001
12	L	0.000	0.994	0.000	0.992	0.002
13	A	0.000	0.994	0.000	0.985	0.009
14	A	0.000	0.994	0.000	0.395	0.598
15	L	0.000	0.994	0.000	0.341	0.653
16	S	0.000	0.994	0.000	0.035	0.959
17	C	0.008	0.985	0.000	0.017	0.968
18	A	0.019	0.967	0.000	0.002	0.965
19	M	0.659	0.308	0.000	0.000	0.308
20	P	0.000	0.308	0.000	0.000	0.308
21	E	0.299	0.009	0.000	0.000	0.009
22	N	0.000	0.009	0.000	0.000	0.009
23	E	0.000	0.009	0.000	0.000	0.009
24	W	0.000	0.009	0.000	0.000	0.009
25	S	0.000	0.009	0.000	0.000	0.009
26	S	0.007	0.002	0.000	0.000	0.002
27	T	0.001	0.001	0.000	0.000	0.001
28	I	0.001	0.000	0.000	0.000	0.000
29	R	0.000	0.000	0.000	0.000	0.000
30	R	0.000	0.000	0.000	0.000	0.000
31	Q	0.000	0.000	0.000	0.000	0.000
32	L	0.000	0.000	0.000	0.000	0.000
33	P	0.000	0.000	0.000	0.000	0.000
34	K	0.000	0.000	0.000	0.000	0.000
35	A	0.000	0.000	0.000	0.000	0.000
36	S	0.000	0.000	0.000	0.000	0.000
37	T	0.000	0.000	0.000	0.000	0.000
38	G	0.000	0.000	0.000	0.000	0.000
39	V	0.000	0.000	0.000	0.000	0.000
40	K	0.000	0.000	0.000	0.000	0.000
>XP_001398212.1
pos	aa	C	S	n-reg	h-reg	c-reg
1	M	0.000	0.583	0.583	0.000	0.000
2	A	0.000	0.632	0.632	0.000	0.000
3	L	0.000	0.632	0.573	0.058	0.000
4	L	0.000	0.632	0.562	0.069	0.000
5	Q	0.000	0.632	0.560	0.072	0.000
6	T	0.000	0.632	0.525	0.107	0.000
7	S	0.000	0.632	0.484	0.148	0.000
8	L	0.000	0.632	0.382	0.250	0.000
9	I	0.000	0.632	0.273	0.359	0.000
10	W	0.000	0.632	0.223	0.408	0.000
11	A	0.000	0.632	0.165	0.457	0.010
12	V	0.000	0.632	0.115	0.501	0.016
13	Y	0.000	0.632	0.092	0.518	0.021
14	A	0.000	0.632	0.055	0.495	0.082
15	I	0.010	0.621	0.026	0.518	0.078
16	V	0.000	0.621	0.010	0.524	0.087
17	V	0.000	0.621	0.004	0.521	0.097
18	A	0.000	0.621	0.002	0.490	0.129
19	V	0.080	0.542	0.001	0.476	0.064
20	L	0.000	0.542	0.001	0.412	0.129
21	V	0.008	0.534	0.001	0.228	0.305
22	M	0.000	0.533	0.001	0.177	0.355
23	V	0.000	0.533	0.001	0.147	0.385
24	A	0.000	0.531	0.001	0.122	0.408
25	S	0.095	0.434	0.001	0.105	0.328
26	V	0.255	0.179	0.001	0.070	0.108
27	F	0.000	0.177	0.001	0.060	0.116
28	I	0.000	0.172	0.001	0.040	0.132
29	Y	0.000	0.161	0.001	0.026	0.134
30	T	0.000	0.152	0.001	0.017	0.135
31	Y	0.099	0.045	0.001	0.009	0.036
32	Q	0.000	0.038	0.001	0.002	0.036
33	T	0.035	0.002	0.001	0.001	0.001
34	P	0.000	0.001	0.001	0.000	0.001
35	R	0.000	0.001	0.001	0.000	0.000
36	D	0.000	0.001	0.001	0.000	0.000
37	R	0.000	0.001	0.001	0.000	0.000
38	S	0.000	0.001	0.001	0.000	0.000
39	S	0.000	0.001	0.001	0.000	0.000
40	V	0.000	0.001	0.000	0.000	0.000
>XP_001398214.2
pos	aa	C	S	n-reg	h-reg	c-reg
1	M	0.000	0.074	0.074	0.000	0.000
2	L	0.000	0.075	0.075	0.000	0.000
3	R	0.000	0.075	0.075	0.000	0.000
4	T	0.000	0.075	0.075	0.000	0.000
5	G	0.000	0.075	0.075	0.001	0.000
6	T	0.000	0.075	0.072	0.003	0.000
7	T	0.000	0.075	0.071	0.005	0.000
8	P	0.000	0.075	0.070	0.006	0.000
9	A	0.000	0.075	0.061	0.014	0.000
10	Y	0.000	0.075	0.060	0.015	0.000
11	I	0.000	0.075	0.059	0.017	0.000
12	S	0.000	0.075	0.058	0.017	0.000
13	T	0.000	0.075	0.057	0.019	0.000
14	S	0.000	0.075	0.049	0.026	0.001
15	L	0.000	0.075	0.028	0.047	0.001
16	F	0.000	0.075	0.024	0.050	0.001
17	N	0.000	0.075	0.023	0.040	0.013
18	V	0.000	0.075	0.010	0.052	0.013
19	A	0.000	0.075	0.006	0.055	0.014
20	H	0.000	0.075	0.006	0.055	0.015
21	L	0.000	0.075	0.001	0.059	0.015
22	L	0.013	0.062	0.000	0.059	0.003
23	V	0.000	0.062	0.000	0.058	0.004
24	L	0.000	0.062	0.000	0.057	0.005
25	I	0.001	0.061	0.000	0.055	0.006
26	S	0.000	0.061	0.000	0.031	0.030
27	H	0.003	0.058	0.000	0.010	0.047
28	Y	0.000	0.058	0.000	0.010	0.048
29	L	0.000	0.058	0.000	0.009	0.049
30	S	0.000	0.058	0.000	0.004	0.054
31	L	0.010	0.048	0.000	0.002	0.045
32	R	0.010	0.038	0.000	0.000	0.037
33	L	0.000	0.038	0.000	0.000	0.037
34	P	0.000	0.037	0.000	0.000	0.037
35	A	0.026	0.012	0.000	0.000	0.011
36	E	0.008	0.003	0.000	0.000	0.003
37	I	0.000	0.003	0.000	0.000	0.003
38	T	0.000	0.003	0.000	0.000	0.003
39	L	0.000	0.003	0.000	0.000	0.003
40	P	0.000	0.003	0.000	0.000	0.002
>XP_001398252.1
pos	aa	C	S	n-reg	h-reg	c-reg
1	M	0.000	0.382	0.382	0.000	0.000
2	A	0.000	0.916	0.916	0.000	0.000
3	I	0.000	0.916	0.915	0.000	0.000
4	G	0.000	0.916	0.915	0.001	0.000
5	Q	0.000	0.916	0.915	0.001	0.000
6	N	0.000	0.916	0.912	0.004	0.000
7	L	0.000	0.916	0.909	0.007	0.000
8	H	0.000	0.916	0.908	0.007	0.000
9	L	0.000	0.916	0.906	0.009	0.000
10	S	0.000	0.916	0.906	0.010	0.000
11	F	0.000	0.916	0.906	0.010	0.000
12	L	0.000	0.916	0.906	0.010	0.000
13	L	0.000	0.916	0.906	0.010	0.000
14	E	0.000	0.916	0.906	0.007	0.003
15	W	0.000	0.916	0.905	0.006	0.005
16	W	0.000	0.916	0.905	0.005	0.006
17	R	0.000	0.916	0.905	0.003	0.008
18	A	0.000	0.916	0.871	0.037	0.008
19	V	0.000	0.915	0.819	0.088	0.008
20	L	0.000	0.915	0.802	0.105	0.009
21	R	0.000	0.915	0.799	0.107	0.009
22	A	0.000	0.915	0.651	0.255	0.009
23	L	0.005	0.910	0.543	0.362	0.005
24	G	0.000	0.910	0.539	0.366	0.005
25	L	0.002	0.908	0.534	0.371	0.003
26	S	0.000	0.908	0.534	0.363	0.011
27	G	0.000	0.908	0.534	0.355	0.019
28	L	0.000	0.907	0.534	0.353	0.021
29	V	0.000	0.907	0.534	0.346	0.028
30	A	0.000	0.907	0.534	0.289	0.085
31	G	0.008	0.900	0.534	0.056	0.310
32	S	0.007	0.893	0.534	0.045	0.314
33	T	0.002	0.891	0.534	0.018	0.340
34	E	0.003	0.888	0.534	0.000	0.354
35	A	0.000	0.888	0.534	0.000	0.354
36	M	0.252	0.636	0.534	0.000	0.102
37	S	0.000	0.636	0.534	0.000	0.102
38	A	0.056	0.579	0.534	0.000	0.046
39	Q	0.044	0.535	0.534	0.000	0.002
40	N	0.001	0.534	0.534	0.000	0.001
>XP_001398258.2
pos	aa	C	S	n-reg	h-reg	c-reg
1	M	0.000	0.200	0.200	0.000	0.000
2	A	0.000	0.200	0.200	0.000	0.000
3	Y	0.000	0.200	0.199	0.000	0.000
4	L	0.000	0.200	0.198	0.002	0.000
5	H	0.000	0.200	0.197	0.003	0.000
6	E	0.000	0.200	0.191	0.009	0.000
7	V	0.000	0.200	0.101	0.098	0.000
8	P	0.000	0.200	0.084	0.116	0.000
9	L	0.000	0.200	0.017	0.183	0.000
10	A	0.000	0.200	0.007	0.193	0.000
11	A	0.000	0.200	0.001	0.199	0.000
12	G	0.000	0.200	0.000	0.200	0.000
13	L	0.000	0.200	0.000	0.200	0.000
14	L	0.000	0.200	0.000	0.198	0.001
15	T	0.000	0.200	0.000	0.184	0.016
16	A	0.000	0.200	0.000	0.161	0.039
17	L	0.000	0.200	0.000	0.114	0.085
18	A	0.000	0.200	0.000	0.071	0.129
19	S	0.002	0.197	0.000	0.004	0.193
20	S	0.001	0.196	0.000	0.001	0.195
21	A	0.026	0.170	0.000	0.000	0.170
22	V	0.100	0.070	0.000	0.000	0.070
23	P	0.000	0.070	0.000	0.000	0.070
24	T	0.065	0.005	0.000	0.000	0.005
25	P	0.001	0.004	0.000	0.000	0.004
26	T	0.002	0.002	0.000	0.000	0.002
27	P	0.000	0.002	0.000	0.000	0.002
28	T	0.001	0.000	0.000	0.000	0.000
29	P	0.000	0.000	0.000	0.000	0.000
30	Y	0.000	0.000	0.000	0.000	0.000
31	H	0.000	0.000	0.000	0.000	0.000
32	Y	0.000	0.000	0.000	0.000	0.000
33	F	0.000	0.000	0.000	0.000	0.000
34	P	0.000	0.000	0.000	0.000	0.000
35	S	0.000	0.000	0.000	0.000	0.000
36	S	0.000	0.000	0.000	0.000	0.000
37	S	0.000	0.000	0.000	0.000	0.000
38	Q	0.000	0.000	0.000	0.000	0.000
39	P	0.000	0.000	0.000	0.000	0.000
40	S	0.000	0.000	0.000	0.000	0.000
>XP_001398259.2
pos	aa	C	S	n-reg	h-reg	c-reg
1	M	0.000	0.706	0.706	0.000	0.000
2	V	0.000	0.706	0.706	0.000	0.000
3	A	0.000	0.706	0.666	0.040	0.000
4	G	0.000	0.706	0.632	0.074	0.000
5	L	0.000	0.706	0.561	0.145	0.000
6	V	0.000	0.706	0.514	0.192	0.000
7	A	0.000	0.706	0.505	0.201	0.000
8	K	0.000	0.706	0.502	0.204	0.000
9	A	0.000	0.706	0.178	0.528	0.000
10	L	0.000	0.706	0.004	0.703	0.000
11	L	0.000	0.706	0.000	0.706	0.000
12	L	0.000	0.706	0.000	0.706	0.001
13	L	0.000	0.706	0.000	0.699	0.008
14	Q	0.000	0.706	0.000	0.599	0.108
15	L	0.000	0.706	0.000	0.576	0.130
16	G	0.000	0.706	0.000	0.549	0.157
17	S	0.000	0.706	0.000	0.364	0.342
18	G	0.000	0.706	0.000	0.029	0.677
19	V	0.012	0.694	0.000	0.020	0.674
20	V	0.000	0.694	0.000	0.011	0.684
21	A	0.000	0.694	0.000	0.004	0.690
22	A	0.185	0.509	0.000	0.000	0.509
23	Q	0.495	0.014	0.000	0.000	0.014
24	N	0.001	0.013	0.000	0.000	0.013
25	A	0.000	0.013	0.000	0.000	0.013
26	S	0.006	0.006	0.000	0.000	0.006
27	R	0.005	0.001	0.000	0.000	0.001
28	P	0.000	0.001	0.000	0.000	0.001
29	L	0.001	0.000	0.000	0.000	0.000
30	Y	0.000	0.000	0.000	0.000	0.000
31	K	0.000	0.000	0.000	0.000	0.000
32	N	0.000	0.000	0.000	0.000	0.000
33	P	0.000	0.000	0.000	0.000	0.000
34	H	0.000	0.000	0.000	0.000	0.000
35	A	0.000	0.000	0.000	0.000	0.000
36	P	0.000	0.000	0.000	0.000	0.000
37	V	0.000	0.000	0.000	0.000	0.000
38	E	0.000	0.000	0.000	0.000	0.000
39	A	0.000	0.000	0.000	0.000	0.000
40	R	0.000	0.000	0.000	0.000	0.000
>XP_001398268.1
pos	aa	C	S	n-reg	h-reg	c-reg
1	M	0.000	0.999	0.999	0.000	0.000
2	R	0.000	0.999	0.999	0.000	0.000
3	T	0.000	0.999	0.763	0.236	0.000
4	S	0.000	0.999	0.614	0.385	0.000
5	T	0.000	0.999	0.450	0.549	0.000
6	L	0.000	0.999	0.010	0.989	0.000
7	L	0.000	0.999	0.001	0.998	0.000
8	L	0.000	0.999	0.000	0.999	0.000
9	L	0.000	0.999	0.000	0.999	0.000
10	W	0.000	0.999	0.000	0.998	0.001
11	S	0.000	0.999	0.000	0.885	0.114
12	T	0.000	0.999	0.000	0.821	0.178
13	A	0.000	0.999	0.000	0.762	0.237
14	G	0.000	0.999	0.000	0.072	0.927
15	A	0.000	0.999	0.000	0.048	0.951
16	A	0.008	0.991	0.000	0.008	0.983
17	L	0.006	0.986	0.000	0.005	0.980
18	A	0.006	0.980	0.000	0.000	0.979
19	S	0.915	0.064	0.000	0.000	0.064
20	P	0.000	0.064	0.000	0.000	0.064
21	Y	0.060	0.004	0.000	0.000	0.004
22	P	0.000	0.004	0.000	0.000	0.004
23	L	0.001	0.003	0.000	0.000	0.003
24	P	0.000	0.003	0.000	0.000	0.003
25	D	0.000	0.003	0.000	0.000	0.003
26	S	0.000	0.003	0.000	0.000	0.003
27	Q	0.000	0.002	0.000	0.000	0.002
28	V	0.000	0.002	0.000	0.000	0.002
29	V	0.000	0.002	0.000	0.000	0.002
30	F	0.000	0.002	0.000	0.000	0.002
31	A	0.000	0.002	0.000	0.000	0.002
32	A	0.002	0.000	0.000	0.000	0.000
33	D	0.000	0.000	0.000	0.000	0.000
34	H	0.000	0.000	0.000	0.000	0.000
35	E	0.000	0.000	0.000	0.000	0.000
36	V	0.000	0.000	0.000	0.000	0.000
37	P	0.000	0.000	0.000	0.000	0.000
38	N	0.000	0.000	0.000	0.000	0.000
39	T	0.000	0.000	0.000	0.000	0.000
40	Q	0.000	0.000	0.000	0.000	0.000
>XP_001398273.2
pos	aa	C	S	n-reg	h-reg	c-reg
1	M	0.000	0.087	0.087	0.000	0.000
2	A	0.000	0.087	0.087	0.000	0.000
3	I	0.000	0.087	0.083	0.005	0.000
4	V	0.000	0.087	0.080	0.007	0.000
5	M	0.000	0.087	0.080	0.008	0.000
6	D	0.000	0.087	0.079	0.009	0.000
7	E	0.000	0.087	0.061	0.027	0.000
8	L	0.000	0.087	0.010	0.077	0.000
9	S	0.000	0.087	0.007	0.081	0.000
10	V	0.000	0.087	0.002	0.085	0.000
11	L	0.000	0.087	0.001	0.087	0.000
12	F	0.000	0.087	0.000	0.087	0.000
13	L	0.000	0.087	0.000	0.086	0.001
14	L	0.000	0.087	0.000	0.083	0.004
15	K	0.000	0.087	0.000	0.066	0.021
16	A	0.000	0.087	0.000	0.019	0.069
17	F	0.000	0.087	0.000	0.015	0.072
18	A	0.000	0.087	0.000	0.008	0.079
19	W	0.003	0.084	0.000	0.007	0.077
20	A	0.000	0.084	0.000	0.004	0.080
21	F	0.075	0.009	0.000	0.003	0.006
22	V	0.000	0.009	0.000	0.002	0.007
23	P	0.000	0.009	0.000	0.000	0.008
24	Y	0.000	0.009	0.000	0.000	0.008
25	S	0.000	0.009	0.000	0.000	0.008
26	I	0.000	0.008	0.000	0.000	0.008
27	L	0.000	0.008	0.000	0.000	0.008
28	C	0.004	0.004	0.000	0.000	0.004
29	I	0.004	0.000	0.000	0.000	0.000
30	I	0.000	0.000	0.000	0.000	0.000
31	Y	0.000	0.000	0.000	0.000	0.000
32	N	0.000	0.000	0.000	0.000	0.000
33	I	0.000	0.000	0.000	0.000	0.000
34	F	0.000	0.000	0.000	0.000	0.000
35	F	0.000	0.000	0.000	0.000	0.000
36	H	0.000	0.000	0.000	0.000	0.000
37	P	0.000	0.000	0.000	0.000	0.000
38	L	0.000	0.000	0.000	0.000	0.000
39	K	0.000	0.000	0.000	0.000	0.000
40	H	0.000	0.000	0.000	0.000	0.000
>XP_001398288.2
pos	aa	C	S	n-reg	h-reg	c-reg
1	M	0.000	0.433	0.433	0.000	0.000
2	L	0.000	0.488	0.488	0.000	0.000
3	S	0.000	0.488	0.488	0.000	0.000
4	R	0.000	0.488	0.488	0.000	0.000
5	S	0.000	0.488	0.488	0.000	0.000
6	L	0.000	0.488	0.488	0.000	0.000
7	G	0.000	0.488	0.488	0.000	0.000
8	K	0.000	0.488	0.488	0.000	0.000
9	G	0.000	0.488	0.487	0.001	0.000
10	T	0.000	0.488	0.487	0.002	0.000
11	S	0.000	0.488	0.486	0.002	0.000
12	F	0.000	0.488	0.484	0.004	0.000
13	T	0.000	0.488	0.484	0.004	0.000
14	G	0.000	0.488	0.483	0.005	0.000
15	Q	0.000	0.488	0.481	0.007	0.000
16	Q	0.000	0.488	0.467	0.021	0.000
17	T	0.000	0.488	0.401	0.087	0.000
18	T	0.000	0.488	0.318	0.170	0.000
19	V	0.000	0.488	0.110	0.378	0.000
20	L	0.000	0.488	0.039	0.449	0.000
21	G	0.000	0.488	0.030	0.458	0.001
22	I	0.000	0.488	0.014	0.473	0.001
23	G	0.000	0.488	0.007	0.480	0.001
24	V	0.000	0.488	0.005	0.482	0.001
25	A	0.000	0.488	0.004	0.481	0.002
26	F	0.001	0.487	0.004	0.478	0.005
27	M	0.000	0.487	0.003	0.414	0.069
28	A	0.000	0.487	0.003	0.345	0.138
29	F	0.000	0.487	0.003	0.311	0.173
30	T	0.000	0.486	0.003	0.274	0.209
31	S	0.005	0.480	0.003	0.061	0.416
32	V	0.000	0.479	0.002	0.056	0.420
33	V	0.000	0.478	0.002	0.053	0.422
34	I	0.000	0.474	0.002	0.050	0.422
35	A	0.000	0.466	0.002	0.040	0.424
36	L	0.417	0.040	0.002	0.030	0.008
37	R	0.005	0.007	0.002	0.001	0.004
38	V	0.000	0.007	0.002	0.001	0.004
39	Y	0.000	0.007	0.002	0.001	0.004
40	V	0.000	0.007	0.002	0.001	0.004
>XP_001398305.2
pos	aa	C	S	n-reg	h-reg	c-reg
1	M	0.000	0.270	0.270	0.000	0.000
2	P	0.000	0.270	0.270	0.000	0.000
3	F	0.000	0.270	0.260	0.009	0.000
4	P	0.000	0.270	0.255	0.014	0.000
5	F	0.000	0.270	0.234	0.035	0.000
6	S	0.000	0.270	0.206	0.063	0.000
7	S	0.000	0.270	0.149	0.121	0.000
8	A	0.000	0.270	0.103	0.166	0.000
9	L	0.000	0.270	0.050	0.219	0.000
10	L	0.000	0.270	0.024	0.245	0.000
11	G	0.000	0.270	0.019	0.248	0.003
12	Y	0.000	0.270	0.014	0.252	0.004
13	I	0.000	0.270	0.004	0.261	0.005
14	L	0.000	0.270	0.000	0.257	0.012
15	T	0.000	0.270	0.000	0.228	0.041
16	T	0.003	0.267	0.000	0.206	0.061
17	S	0.000	0.267	0.000	0.173	0.094
18	T	0.003	0.264	0.000	0.123	0.141
19	T	0.005	0.259	0.000	0.079	0.180
20	L	0.009	0.251	0.000	0.067	0.183
21	T	0.009	0.242	0.000	0.045	0.197
22	S	0.025	0.217	0.000	0.003	0.214
23	L	0.018	0.199	0.000	0.002	0.198
24	V	0.005	0.194	0.000	0.000	0.194
25	A	0.000	0.194	0.000	0.000	0.194
26	G	0.021	0.173	0.000	0.000	0.173
27	Q	0.171	0.002	0.000	0.000	0.002
28	Y	0.002	0.000	0.000	0.000	0.000
29	Y	0.000	0.000	0.000	0.000	0.000
30	P	0.000	0.000	0.000	0.000	0.000
31	P	0.000	0.000	0.000	0.000	0.000
32	T	0.000	0.000	0.000	0.000	0.000
33	P	0.000	0.000	0.000	0.000	0.000
34	E	0.000	0.000	0.000	0.000	0.000
35	D	0.000	0.000	0.000	0.000	0.000
36	L	0.000	0.000	0.000	0.000	0.000
37	T	0.000	0.000	0.000	0.000	0.000
38	V	0.000	0.000	0.000	0.000	0.000
39	I	0.000	0.000	0.000	0.000	0.000
40	H	0.000	0.000	0.000	0.000	0.000
