>XP_001401570.2
pos	aa	C	S	n-reg	h-reg	c-reg
1	M	0.000	0.999	0.999	0.000	0.000
2	N	0.000	1.000	1.000	0.000	0.000
3	F	0.000	1.000	1.000	0.000	0.000
4	K	0.000	1.000	1.000	0.000	0.000
5	N	0.000	1.000	0.990	0.010	0.000
6	I	0.000	1.000	0.705	0.294	0.000
7	F	0.000	1.000	0.239	0.761	0.000
8	L	0.000	1.000	0.096	0.904	0.000
9	S	0.000	1.000	0.070	0.930	0.000
10	F	0.000	1.000	0.025	0.975	0.000
11	F	0.000	1.000	0.002	0.998	0.000
12	F	0.000	1.000	0.001	0.999	0.000
13	V	0.000	1.000	0.000	1.000	0.000
14	L	0.000	1.000	0.000	0.999	0.001
15	A	0.000	1.000	0.000	0.958	0.042
16	V	0.000	1.000	0.000	0.915	0.084
17	G	0.000	1.000	0.000	0.797	0.203
18	L	0.000	1.000	0.000	0.735	0.264
19	A	0.000	0.999	0.000	0.040	0.959
20	L	0.016	0.984	0.000	0.021	0.962
21	V	0.000	0.983	0.000	0.005	0.979
22	H	0.000	0.983	0.000	0.000	0.983
23	A	0.000	0.983	0.000	0.000	0.983
24	E	0.969	0.014	0.000	0.000	0.014
25	D	0.000	0.014	0.000	0.000	0.014
26	A	0.000	0.014	0.000	0.000	0.014
27	Q	0.013	0.001	0.000	0.000	0.001
28	P	0.000	0.001	0.000	0.000	0.001
29	R	0.001	0.000	0.000	0.000	0.000
30	G	0.000	0.000	0.000	0.000	0.000
31	P	0.000	0.000	0.000	0.000	0.000
32	K	0.000	0.000	0.000	0.000	0.000
33	I	0.000	0.000	0.000	0.000	0.000
34	T	0.000	0.000	0.000	0.000	0.000
35	S	0.000	0.000	0.000	0.000	0.000
36	K	0.000	0.000	0.000	0.000	0.000
37	V	0.000	0.000	0.000	0.000	0.000
38	F	0.000	0.000	0.000	0.000	0.000
39	F	0.000	0.000	0.000	0.000	0.000
40	D	0.000	0.000	0.000	0.000	0.000
>XP_001401604.2
pos	aa	C	S	n-reg	h-reg	c-reg
1	M	0.000	0.041	0.041	0.000	0.000
2	P	0.000	0.041	0.041	0.000	0.000
3	S	0.000	0.041	0.041	0.000	0.000
4	I	0.000	0.041	0.040	0.001	0.000
5	R	0.000	0.041	0.040	0.001	0.000
6	A	0.000	0.041	0.023	0.018	0.000
7	I	0.000	0.041	0.009	0.032	0.000
8	L	0.000	0.041	0.006	0.035	0.000
9	Y	0.000	0.041	0.006	0.035	0.000
10	N	0.000	0.041	0.005	0.036	0.000
11	A	0.000	0.041	0.003	0.038	0.000
12	F	0.000	0.041	0.002	0.039	0.000
13	A	0.000	0.041	0.002	0.038	0.000
14	L	0.000	0.041	0.002	0.036	0.003
15	T	0.000	0.041	0.002	0.027	0.011
16	T	0.000	0.041	0.002	0.020	0.019
17	L	0.000	0.041	0.002	0.016	0.022
18	P	0.000	0.041	0.002	0.007	0.032
19	I	0.005	0.036	0.002	0.003	0.031
20	R	0.000	0.036	0.002	0.001	0.034
21	I	0.000	0.036	0.000	0.002	0.034
22	L	0.000	0.036	0.000	0.002	0.034
23	G	0.001	0.035	0.000	0.002	0.032
24	T	0.029	0.005	0.000	0.002	0.003
25	L	0.003	0.003	0.000	0.002	0.000
26	I	0.000	0.002	0.000	0.002	0.000
27	Y	0.000	0.002	0.000	0.002	0.000
28	Y	0.000	0.002	0.000	0.002	0.001
29	L	0.000	0.002	0.000	0.001	0.001
30	P	0.000	0.002	0.000	0.001	0.002
31	H	0.000	0.002	0.000	0.000	0.002
32	F	0.000	0.002	0.000	0.000	0.002
33	T	0.000	0.002	0.000	0.000	0.002
34	R	0.000	0.002	0.000	0.000	0.002
35	P	0.000	0.002	0.000	0.000	0.002
36	H	0.002	0.000	0.000	0.000	0.000
37	P	0.000	0.000	0.000	0.000	0.000
38	A	0.000	0.000	0.000	0.000	0.000
39	W	0.000	0.000	0.000	0.000	0.000
40	T	0.000	0.000	0.000	0.000	0.000
>XP_001401622.2
pos	aa	C	S	n-reg	h-reg	c-reg
1	M	0.000	0.155	0.155	0.000	0.000
2	V	0.000	0.168	0.168	0.000	0.000
3	E	0.000	0.168	0.168	0.000	0.000
4	L	0.000	0.168	0.168	0.000	0.000
5	Q	0.000	0.168	0.168	0.000	0.000
6	P	0.000	0.168	0.168	0.000	0.000
7	I	0.000	0.168	0.168	0.000	0.000
8	F	0.000	0.168	0.168	0.000	0.000
9	K	0.000	0.168	0.168	0.000	0.000
10	K	0.000	0.168	0.168	0.000	0.000
11	A	0.000	0.168	0.157	0.010	0.000
12	Y	0.000	0.168	0.148	0.019	0.000
13	W	0.000	0.168	0.129	0.039	0.000
14	A	0.000	0.168	0.073	0.095	0.000
15	L	0.000	0.168	0.027	0.141	0.000
16	A	0.000	0.168	0.018	0.150	0.000
17	A	0.000	0.168	0.012	0.156	0.000
18	G	0.000	0.168	0.007	0.160	0.000
19	G	0.000	0.168	0.004	0.162	0.001
20	I	0.000	0.168	0.001	0.166	0.001
21	F	0.000	0.168	0.000	0.162	0.005
22	Y	0.000	0.168	0.000	0.152	0.015
23	A	0.000	0.168	0.000	0.144	0.024
24	I	0.001	0.167	0.000	0.129	0.038
25	F	0.000	0.167	0.000	0.113	0.053
26	V	0.000	0.166	0.000	0.034	0.132
27	C	0.000	0.165	0.000	0.022	0.143
28	A	0.001	0.163	0.000	0.012	0.151
29	M	0.038	0.122	0.000	0.010	0.113
30	T	0.000	0.120	0.000	0.007	0.113
31	Y	0.106	0.012	0.000	0.004	0.008
32	P	0.000	0.010	0.000	0.002	0.008
33	V	0.006	0.004	0.000	0.002	0.002
34	V	0.000	0.004	0.000	0.001	0.003
35	Q	0.000	0.003	0.000	0.000	0.003
36	R	0.001	0.001	0.000	0.000	0.001
37	F	0.000	0.001	0.000	0.000	0.001
38	A	0.000	0.001	0.000	0.000	0.001
39	L	0.001	0.000	0.000	0.000	0.000
40	Y	0.000	0.000	0.000	0.000	0.000
>XP_001401628.2
pos	aa	C	S	n-reg	h-reg	c-reg
1	M	0.000	0.816	0.816	0.000	0.000
2	V	0.000	0.816	0.816	0.000	0.000
3	Q	0.000	0.816	0.745	0.071	0.000
4	L	0.000	0.816	0.279	0.537	0.000
5	W	0.000	0.816	0.238	0.578	0.000
6	A	0.000	0.816	0.136	0.680	0.000
7	G	0.000	0.816	0.050	0.766	0.000
8	I	0.000	0.816	0.023	0.793	0.000
9	V	0.000	0.816	0.009	0.806	0.000
10	C	0.000	0.816	0.005	0.811	0.000
11	L	0.000	0.816	0.003	0.805	0.008
12	G	0.000	0.816	0.003	0.588	0.225
13	S	0.000	0.816	0.002	0.526	0.287
14	I	0.000	0.816	0.002	0.483	0.331
15	P	0.000	0.816	0.001	0.112	0.702
16	A	0.001	0.815	0.001	0.088	0.726
17	A	0.022	0.792	0.000	0.056	0.736
18	T	0.002	0.790	0.000	0.033	0.756
19	A	0.027	0.763	0.000	0.020	0.743
20	L	0.583	0.181	0.000	0.011	0.169
21	T	0.007	0.174	0.000	0.005	0.168
22	G	0.053	0.121	0.000	0.004	0.117
23	S	0.060	0.061	0.000	0.002	0.059
24	S	0.018	0.043	0.000	0.002	0.041
25	V	0.009	0.034	0.000	0.001	0.033
26	F	0.000	0.034	0.000	0.001	0.033
27	S	0.000	0.034	0.000	0.001	0.033
28	H	0.024	0.010	0.000	0.000	0.009
29	S	0.000	0.010	0.000	0.000	0.010
30	L	0.005	0.005	0.000	0.000	0.005
31	I	0.000	0.005	0.000	0.000	0.005
32	S	0.000	0.005	0.000	0.000	0.005
33	Q	0.003	0.002	0.000	0.000	0.002
34	Q	0.001	0.001	0.000	0.000	0.001
35	V	0.000	0.000	0.000	0.000	0.000
36	F	0.000	0.000	0.000	0.000	0.000
37	D	0.000	0.000	0.000	0.000	0.000
38	G	0.000	0.000	0.000	0.000	0.000
39	D	0.000	0.000	0.000	0.000	0.000
40	N	0.000	0.000	0.000	0.000	0.000
>XP_001401633.1
pos	aa	C	S	n-reg	h-reg	c-reg
1	M	0.000	0.651	0.651	0.000	0.000
2	G	0.000	0.651	0.651	0.000	0.000
3	V	0.000	0.651	0.651	0.000	0.000
4	D	0.000	0.651	0.651	0.000	0.000
5	H	0.000	0.651	0.651	0.000	0.000
6	R	0.000	0.651	0.651	0.000	0.000
7	K	0.000	0.651	0.650	0.000	0.000
8	A	0.000	0.651	0.635	0.016	0.000
9	A	0.000	0.651	0.614	0.036	0.000
10	V	0.000	0.651	0.578	0.073	0.000
11	F	0.000	0.651	0.567	0.084	0.000
12	G	0.000	0.651	0.562	0.089	0.000
13	G	0.000	0.651	0.523	0.127	0.000
14	A	0.000	0.651	0.353	0.298	0.000
15	L	0.000	0.651	0.207	0.444	0.000
16	A	0.000	0.651	0.180	0.469	0.002
17	L	0.000	0.651	0.155	0.491	0.004
18	R	0.000	0.651	0.150	0.463	0.038
19	L	0.000	0.651	0.019	0.593	0.039
20	L	0.000	0.651	0.004	0.604	0.043
21	L	0.000	0.650	0.000	0.600	0.050
22	S	0.002	0.649	0.000	0.554	0.094
23	V	0.029	0.620	0.000	0.551	0.069
24	L	0.000	0.620	0.000	0.543	0.077
25	F	0.005	0.615	0.000	0.434	0.182
26	P	0.000	0.615	0.000	0.221	0.394
27	S	0.043	0.573	0.000	0.100	0.472
28	L	0.001	0.571	0.000	0.083	0.489
29	P	0.000	0.571	0.000	0.024	0.547
30	D	0.145	0.426	0.000	0.000	0.426
31	L	0.000	0.426	0.000	0.000	0.426
32	L	0.004	0.422	0.000	0.000	0.422
33	T	0.001	0.421	0.000	0.000	0.421
34	G	0.099	0.322	0.000	0.000	0.322
35	R	0.321	0.001	0.000	0.000	0.001
36	V	0.000	0.001	0.000	0.000	0.001
37	E	0.000	0.001	0.000	0.000	0.001
38	V	0.000	0.001	0.000	0.000	0.001
39	S	0.000	0.001	0.000	0.000	0.001
40	T	0.000	0.001	0.000	0.000	0.001
>XP_001401646.2
pos	aa	C	S	n-reg	h-reg	c-reg
1	M	0.000	0.961	0.961	0.000	0.000
2	R	0.000	0.961	0.961	0.000	0.000
3	L	0.000	0.961	0.619	0.342	0.000
4	S	0.000	0.961	0.418	0.543	0.000
5	L	0.000	0.961	0.135	0.826	0.000
6	L	0.000	0.961	0.027	0.934	0.000
7	L	0.000	0.961	0.006	0.955	0.000
8	A	0.000	0.961	0.003	0.958	0.000
9	G	0.000	0.961	0.002	0.959	0.000
10	A	0.000	0.961	0.001	0.960	0.000
11	I	0.000	0.961	0.000	0.942	0.019
12	N	0.000	0.961	0.000	0.823	0.138
13	L	0.000	0.961	0.000	0.807	0.154
14	V	0.000	0.961	0.000	0.662	0.299
15	A	0.000	0.961	0.000	0.480	0.481
16	T	0.002	0.959	0.000	0.122	0.837
17	Q	0.063	0.896	0.000	0.013	0.882
18	A	0.006	0.890	0.000	0.003	0.886
19	I	0.174	0.716	0.000	0.003	0.713
20	A	0.000	0.716	0.000	0.001	0.716
21	T	0.355	0.361	0.000	0.000	0.361
22	S	0.019	0.343	0.000	0.000	0.343
23	R	0.120	0.223	0.000	0.000	0.223
24	C	0.000	0.223	0.000	0.000	0.223
25	T	0.207	0.016	0.000	0.000	0.016
26	P	0.000	0.016	0.000	0.000	0.016
27	E	0.001	0.015	0.000	0.000	0.015
28	T	0.000	0.015	0.000	0.000	0.015
29	F	0.000	0.015	0.000	0.000	0.015
30	T	0.000	0.015	0.000	0.000	0.015
31	P	0.000	0.015	0.000	0.000	0.015
32	H	0.000	0.015	0.000	0.000	0.015
33	L	0.000	0.015	0.000	0.000	0.015
34	S	0.000	0.015	0.000	0.000	0.015
35	S	0.000	0.015	0.000	0.000	0.015
36	N	0.000	0.015	0.000	0.000	0.015
37	A	0.000	0.015	0.000	0.000	0.015
38	S	0.000	0.015	0.000	0.000	0.015
39	L	0.000	0.015	0.000	0.000	0.015
40	V	0.000	0.015	0.000	0.000	0.015
>XP_001401655.1
pos	aa	C	S	n-reg	h-reg	c-reg
1	M	0.000	0.984	0.984	0.000	0.000
2	Y	0.000	0.986	0.986	0.000	0.000
3	P	0.000	0.986	0.986	0.000	0.000
4	A	0.000	0.986	0.986	0.000	0.000
5	Y	0.000	0.986	0.986	0.000	0.000
6	R	0.000	0.986	0.986	0.000	0.000
7	G	0.000	0.986	0.979	0.006	0.000
8	L	0.000	0.986	0.952	0.034	0.000
9	L	0.000	0.986	0.919	0.067	0.000
10	A	0.000	0.986	0.904	0.081	0.000
11	P	0.000	0.986	0.874	0.111	0.000
12	L	0.000	0.986	0.243	0.743	0.000
13	L	0.000	0.986	0.079	0.907	0.000
14	S	0.000	0.986	0.056	0.929	0.000
15	I	0.000	0.986	0.020	0.966	0.000
16	Y	0.000	0.986	0.004	0.980	0.001
17	L	0.000	0.986	0.000	0.984	0.002
18	T	0.000	0.986	0.000	0.980	0.005
19	V	0.000	0.986	0.000	0.978	0.008
20	L	0.000	0.986	0.000	0.951	0.035
21	F	0.000	0.985	0.000	0.908	0.077
22	L	0.000	0.985	0.000	0.879	0.107
23	L	0.002	0.983	0.000	0.794	0.190
24	A	0.001	0.982	0.000	0.043	0.939
25	P	0.002	0.980	0.000	0.007	0.973
26	G	0.001	0.978	0.000	0.001	0.978
27	N	0.022	0.957	0.000	0.000	0.957
28	A	0.000	0.957	0.000	0.000	0.957
29	Y	0.803	0.154	0.000	0.000	0.154
30	Q	0.000	0.154	0.000	0.000	0.154
31	A	0.145	0.009	0.000	0.000	0.009
32	I	0.005	0.004	0.000	0.000	0.004
33	S	0.000	0.004	0.000	0.000	0.004
34	D	0.004	0.000	0.000	0.000	0.000
35	R	0.000	0.000	0.000	0.000	0.000
36	T	0.000	0.000	0.000	0.000	0.000
37	L	0.000	0.000	0.000	0.000	0.000
38	E	0.000	0.000	0.000	0.000	0.000
39	S	0.000	0.000	0.000	0.000	0.000
40	L	0.000	0.000	0.000	0.000	0.000
>XP_001401656.1
pos	aa	C	S	n-reg	h-reg	c-reg
1	M	0.000	0.389	0.389	0.000	0.000
2	R	0.000	0.704	0.704	0.000	0.000
3	P	0.000	0.704	0.661	0.043	0.000
4	V	0.000	0.704	0.316	0.387	0.000
5	I	0.000	0.704	0.315	0.389	0.000
6	L	0.000	0.704	0.314	0.389	0.000
7	L	0.000	0.704	0.314	0.389	0.000
8	S	0.000	0.704	0.314	0.389	0.000
9	A	0.000	0.704	0.314	0.389	0.000
10	Q	0.000	0.704	0.314	0.388	0.001
11	L	0.000	0.704	0.314	0.385	0.004
12	R	0.000	0.704	0.314	0.003	0.386
13	S	0.000	0.704	0.314	0.001	0.388
14	A	0.000	0.703	0.314	0.000	0.389
15	L	0.014	0.689	0.314	0.000	0.375
16	P	0.000	0.689	0.314	0.000	0.374
17	R	0.373	0.316	0.314	0.000	0.002
18	S	0.000	0.316	0.314	0.000	0.002
19	V	0.002	0.314	0.314	0.000	0.000
20	R	0.000	0.314	0.314	0.000	0.000
21	R	0.000	0.314	0.314	0.000	0.000
22	D	0.000	0.314	0.314	0.000	0.000
23	L	0.000	0.314	0.314	0.000	0.000
24	N	0.000	0.314	0.314	0.000	0.000
25	S	0.000	0.314	0.314	0.000	0.000
26	K	0.000	0.314	0.314	0.000	0.000
27	L	0.000	0.314	0.314	0.000	0.000
28	F	0.000	0.314	0.314	0.000	0.000
29	A	0.000	0.314	0.314	0.000	0.000
30	R	0.000	0.314	0.314	0.000	0.000
31	L	0.000	0.314	0.314	0.000	0.000
32	K	0.000	0.314	0.314	0.000	0.000
33	T	0.000	0.314	0.314	0.000	0.000
34	T	0.000	0.314	0.314	0.000	0.000
35	Q	0.000	0.314	0.314	0.000	0.000
36	N	0.000	0.314	0.314	0.000	0.000
37	P	0.000	0.314	0.314	0.000	0.000
38	V	0.000	0.314	0.314	0.000	0.000
39	P	0.000	0.314	0.314	0.000	0.000
40	P	0.000	0.314	0.314	0.000	0.000
>XP_001401660.1
pos	aa	C	S	n-reg	h-reg	c-reg
1	M	0.000	0.109	0.109	0.000	0.000
2	D	0.000	0.153	0.153	0.000	0.000
3	Q	0.000	0.153	0.153	0.000	0.000
4	Y	0.000	0.153	0.153	0.000	0.000
5	P	0.000	0.153	0.153	0.000	0.000
6	L	0.000	0.153	0.153	0.000	0.000
7	G	0.000	0.153	0.153	0.000	0.000
8	G	0.000	0.153	0.153	0.000	0.000
9	L	0.000	0.153	0.153	0.000	0.000
10	S	0.000	0.153	0.153	0.000	0.000
11	T	0.000	0.153	0.153	0.000	0.000
12	G	0.000	0.153	0.153	0.000	0.000
13	P	0.000	0.153	0.153	0.000	0.000
14	G	0.000	0.153	0.153	0.000	0.000
15	K	0.000	0.153	0.153	0.000	0.000
16	S	0.000	0.153	0.137	0.016	0.000
17	A	0.000	0.153	0.073	0.080	0.000
18	F	0.000	0.153	0.025	0.128	0.000
19	V	0.000	0.153	0.009	0.144	0.000
20	V	0.000	0.153	0.004	0.149	0.000
21	T	0.000	0.153	0.003	0.150	0.000
22	I	0.000	0.153	0.001	0.152	0.000
23	I	0.000	0.153	0.001	0.152	0.000
24	S	0.000	0.153	0.001	0.152	0.001
25	M	0.000	0.153	0.000	0.150	0.003
26	V	0.000	0.153	0.000	0.148	0.005
27	L	0.000	0.153	0.000	0.142	0.011
28	V	0.000	0.153	0.000	0.130	0.022
29	T	0.000	0.152	0.000	0.051	0.101
30	I	0.000	0.151	0.000	0.047	0.104
31	C	0.000	0.149	0.000	0.043	0.106
32	V	0.004	0.140	0.000	0.038	0.102
33	G	0.000	0.131	0.000	0.028	0.102
34	L	0.099	0.025	0.000	0.021	0.004
35	R	0.002	0.003	0.000	0.000	0.003
36	V	0.000	0.003	0.000	0.000	0.003
37	W	0.000	0.003	0.000	0.000	0.003
38	L	0.000	0.003	0.000	0.000	0.003
39	S	0.002	0.001	0.000	0.000	0.001
40	I	0.001	0.000	0.000	0.000	0.000
>XP_001401666.1
pos	aa	C	S	n-reg	h-reg	c-reg
1	M	0.000	0.431	0.431	0.000	0.000
2	A	0.000	0.434	0.434	0.000	0.000
3	I	0.000	0.434	0.434	0.000	0.000
4	S	0.000	0.434	0.434	0.000	0.000
5	P	0.000	0.434	0.434	0.000	0.000
6	N	0.000	0.434	0.434	0.001	0.000
7	G	0.000	0.434	0.433	0.001	0.000
8	A	0.000	0.434	0.433	0.002	0.000
9	R	0.000	0.434	0.432	0.002	0.000
10	L	0.000	0.434	0.391	0.044	0.000
11	M	0.000	0.434	0.379	0.055	0.000
12	V	0.000	0.434	0.347	0.087	0.000
13	W	0.000	0.434	0.335	0.100	0.000
14	E	0.000	0.434	0.321	0.113	0.001
15	I	0.000	0.434	0.114	0.319	0.001
16	V	0.000	0.434	0.026	0.407	0.001
17	F	0.000	0.434	0.010	0.423	0.001
18	A	0.000	0.434	0.006	0.412	0.016
19	V	0.001	0.433	0.002	0.414	0.017
20	V	0.000	0.433	0.002	0.413	0.019
21	T	0.000	0.433	0.001	0.405	0.027
22	T	0.000	0.433	0.001	0.380	0.051
23	L	0.017	0.416	0.001	0.340	0.076
24	M	0.001	0.416	0.001	0.190	0.224
25	M	0.000	0.416	0.001	0.158	0.256
26	G	0.000	0.416	0.001	0.139	0.276
27	L	0.026	0.389	0.001	0.032	0.356
28	R	0.000	0.387	0.001	0.001	0.385
29	L	0.000	0.387	0.001	0.000	0.386
30	W	0.007	0.380	0.001	0.000	0.379
31	A	0.000	0.380	0.001	0.000	0.379
32	I	0.376	0.004	0.001	0.000	0.003
33	R	0.000	0.004	0.001	0.000	0.003
34	I	0.000	0.004	0.001	0.000	0.003
35	R	0.000	0.004	0.001	0.000	0.003
36	R	0.000	0.004	0.001	0.000	0.003
37	S	0.000	0.004	0.001	0.000	0.003
38	S	0.002	0.003	0.001	0.000	0.001
39	I	0.000	0.002	0.001	0.000	0.001
40	Q	0.000	0.002	0.001	0.000	0.001
>XP_001401668.1
pos	aa	C	S	n-reg	h-reg	c-reg
1	M	0.000	1.000	1.000	0.000	0.000
2	K	0.000	1.000	1.000	0.000	0.000
3	L	0.000	1.000	0.464	0.536	0.000
4	S	0.000	1.000	0.284	0.716	0.000
5	I	0.000	1.000	0.157	0.842	0.000
6	F	0.000	1.000	0.057	0.943	0.000
7	S	0.000	1.000	0.007	0.993	0.000
8	I	0.000	1.000	0.001	0.999	0.000
9	L	0.000	1.000	0.000	1.000	0.000
10	T	0.000	1.000	0.000	1.000	0.000
11	L	0.000	1.000	0.000	0.977	0.022
12	G	0.000	1.000	0.000	0.879	0.121
13	L	0.000	1.000	0.000	0.845	0.155
14	A	0.000	1.000	0.000	0.734	0.266
15	A	0.000	1.000	0.000	0.049	0.951
16	G	0.000	0.999	0.000	0.011	0.988
17	S	0.003	0.996	0.000	0.003	0.994
18	L	0.001	0.996	0.000	0.002	0.994
19	A	0.003	0.992	0.000	0.001	0.991
20	A	0.973	0.020	0.000	0.001	0.019
21	P	0.004	0.015	0.000	0.000	0.015
22	T	0.009	0.006	0.000	0.000	0.006
23	A	0.002	0.004	0.000	0.000	0.004
24	V	0.001	0.003	0.000	0.000	0.003
25	Q	0.000	0.003	0.000	0.000	0.003
26	E	0.003	0.000	0.000	0.000	0.000
27	R	0.000	0.000	0.000	0.000	0.000
28	D	0.000	0.000	0.000	0.000	0.000
29	L	0.000	0.000	0.000	0.000	0.000
30	P	0.000	0.000	0.000	0.000	0.000
31	T	0.000	0.000	0.000	0.000	0.000
32	I	0.000	0.000	0.000	0.000	0.000
33	T	0.000	0.000	0.000	0.000	0.000
34	G	0.000	0.000	0.000	0.000	0.000
35	V	0.000	0.000	0.000	0.000	0.000
36	L	0.000	0.000	0.000	0.000	0.000
37	S	0.000	0.000	0.000	0.000	0.000
38	G	0.000	0.000	0.000	0.000	0.000
39	I	0.000	0.000	0.000	0.000	0.000
40	G	0.000	0.000	0.000	0.000	0.000
>XP_001401682.1
pos	aa	C	S	n-reg	h-reg	c-reg
1	M	0.000	0.919	0.919	0.000	0.000
2	V	0.000	0.922	0.922	0.000	0.000
3	R	0.000	0.922	0.921	0.000	0.000
4	I	0.000	0.922	0.866	0.056	0.000
5	S	0.000	0.922	0.841	0.081	0.000
6	L	0.000	0.922	0.576	0.346	0.000
7	F	0.000	0.922	0.503	0.418	0.000
8	G	0.000	0.922	0.485	0.436	0.000
9	T	0.000	0.922	0.413	0.509	0.000
10	P	0.000	0.922	0.322	0.600	0.000
11	L	0.000	0.922	0.137	0.784	0.000
12	S	0.000	0.922	0.097	0.814	0.011
13	P	0.000	0.922	0.027	0.881	0.013
14	I	0.000	0.922	0.005	0.900	0.016
15	L	0.000	0.922	0.001	0.889	0.032
16	A	0.000	0.922	0.000	0.827	0.094
17	L	0.006	0.916	0.000	0.783	0.133
18	G	0.000	0.916	0.000	0.460	0.455
19	L	0.008	0.907	0.000	0.407	0.501
20	A	0.000	0.907	0.000	0.351	0.556
21	T	0.050	0.857	0.000	0.046	0.811
22	C	0.001	0.856	0.000	0.020	0.836
23	A	0.237	0.619	0.000	0.004	0.615
24	V	0.052	0.567	0.000	0.004	0.563
25	A	0.000	0.567	0.000	0.004	0.564
26	V	0.563	0.004	0.000	0.003	0.001
27	V	0.000	0.003	0.000	0.002	0.001
28	D	0.000	0.002	0.000	0.000	0.002
29	K	0.000	0.002	0.000	0.000	0.002
30	W	0.000	0.002	0.000	0.000	0.002
31	T	0.000	0.002	0.000	0.000	0.002
32	P	0.001	0.001	0.000	0.000	0.001
33	E	0.001	0.000	0.000	0.000	0.000
34	G	0.000	0.000	0.000	0.000	0.000
35	F	0.000	0.000	0.000	0.000	0.000
36	N	0.000	0.000	0.000	0.000	0.000
37	W	0.000	0.000	0.000	0.000	0.000
38	S	0.000	0.000	0.000	0.000	0.000
39	A	0.000	0.000	0.000	0.000	0.000
40	L	0.000	0.000	0.000	0.000	0.000
>XP_001401684.2
pos	aa	C	S	n-reg	h-reg	c-reg
1	M	0.000	0.929	0.929	0.000	0.000
2	I	0.000	0.929	0.929	0.000	0.000
3	D	0.000	0.929	0.925	0.004	0.000
4	P	0.000	0.929	0.828	0.101	0.000
5	L	0.000	0.929	0.514	0.415	0.000
6	S	0.000	0.929	0.310	0.618	0.000
7	L	0.000	0.929	0.019	0.910	0.000
8	L	0.000	0.929	0.004	0.925	0.000
9	V	0.000	0.929	0.001	0.928	0.000
10	L	0.000	0.929	0.000	0.929	0.000
11	F	0.000	0.929	0.000	0.929	0.000
12	G	0.000	0.929	0.000	0.925	0.004
13	V	0.000	0.929	0.000	0.920	0.009
14	A	0.000	0.929	0.000	0.762	0.167
15	G	0.000	0.929	0.000	0.366	0.563
16	S	0.001	0.928	0.000	0.217	0.711
17	S	0.002	0.926	0.000	0.170	0.755
18	Q	0.004	0.922	0.000	0.002	0.920
19	L	0.003	0.919	0.000	0.001	0.918
20	A	0.012	0.907	0.000	0.000	0.907
21	Y	0.004	0.903	0.000	0.000	0.903
22	A	0.000	0.903	0.000	0.000	0.903
23	S	0.900	0.003	0.000	0.000	0.003
24	P	0.000	0.003	0.000	0.000	0.003
25	V	0.002	0.001	0.000	0.000	0.001
26	T	0.000	0.001	0.000	0.000	0.001
27	Q	0.000	0.001	0.000	0.000	0.001
28	K	0.000	0.001	0.000	0.000	0.001
29	A	0.000	0.001	0.000	0.000	0.001
30	E	0.000	0.000	0.000	0.000	0.000
31	A	0.000	0.000	0.000	0.000	0.000
32	T	0.000	0.000	0.000	0.000	0.000
33	R	0.000	0.000	0.000	0.000	0.000
34	A	0.000	0.000	0.000	0.000	0.000
35	T	0.000	0.000	0.000	0.000	0.000
36	S	0.000	0.000	0.000	0.000	0.000
37	Y	0.000	0.000	0.000	0.000	0.000
38	S	0.000	0.000	0.000	0.000	0.000
39	Y	0.000	0.000	0.000	0.000	0.000
40	S	0.000	0.000	0.000	0.000	0.000
>XP_001401685.1
pos	aa	C	S	n-reg	h-reg	c-reg
1	M	0.000	0.999	0.999	0.000	0.000
2	L	0.000	0.999	0.999	0.000	0.000
3	G	0.000	0.999	0.999	0.000	0.000
4	S	0.000	0.999	0.999	0.000	0.000
5	W	0.000	0.999	0.999	0.000	0.000
6	G	0.000	0.999	0.999	0.000	0.000
7	L	0.000	0.999	0.999	0.000	0.000
8	S	0.000	0.999	0.999	0.000	0.000
9	P	0.000	0.999	0.999	0.000	0.000
10	R	0.000	0.999	0.999	0.000	0.000
11	S	0.000	0.999	0.999	0.000	0.000
12	T	0.000	0.999	0.999	0.000	0.000
13	S	0.000	0.999	0.999	0.000	0.000
14	R	0.000	0.999	0.999	0.000	0.000
15	W	0.000	0.999	0.980	0.019	0.000
16	A	0.000	0.999	0.810	0.190	0.000
17	A	0.000	0.999	0.579	0.421	0.000
18	A	0.000	0.999	0.441	0.559	0.000
19	A	0.000	0.999	0.337	0.662	0.000
20	A	0.000	0.999	0.182	0.817	0.000
21	A	0.000	0.999	0.090	0.909	0.000
22	A	0.000	0.999	0.064	0.936	0.000
23	S	0.000	0.999	0.041	0.957	0.001
24	F	0.000	0.999	0.001	0.997	0.002
25	L	0.000	0.999	0.000	0.994	0.005
26	L	0.000	0.999	0.000	0.989	0.010
27	V	0.000	0.999	0.000	0.974	0.025
28	S	0.000	0.999	0.000	0.552	0.447
29	Q	0.002	0.998	0.000	0.280	0.718
30	V	0.006	0.991	0.000	0.263	0.728
31	A	0.000	0.991	0.000	0.218	0.773
32	P	0.004	0.988	0.000	0.004	0.984
33	P	0.010	0.978	0.000	0.001	0.977
34	A	0.016	0.962	0.000	0.001	0.961
35	T	0.000	0.961	0.000	0.000	0.961
36	A	0.007	0.954	0.000	0.000	0.954
37	L	0.940	0.014	0.000	0.000	0.014
38	Y	0.010	0.004	0.000	0.000	0.004
39	V	0.000	0.004	0.000	0.000	0.004
40	S	0.000	0.004	0.000	0.000	0.004
>XP_001401717.2
pos	aa	C	S	n-reg	h-reg	c-reg
1	M	0.000	0.999	0.999	0.000	0.000
2	Q	0.000	0.999	0.999	0.000	0.000
3	L	0.000	0.999	0.976	0.023	0.000
4	W	0.000	0.999	0.965	0.034	0.000
5	H	0.000	0.999	0.953	0.046	0.000
6	S	0.000	0.999	0.778	0.221	0.000
7	V	0.000	0.999	0.257	0.742	0.000
8	L	0.000	0.999	0.146	0.853	0.000
9	Q	0.000	0.999	0.126	0.873	0.000
10	L	0.000	0.999	0.042	0.957	0.000
11	S	0.000	0.999	0.020	0.979	0.001
12	L	0.000	0.999	0.004	0.994	0.001
13	L	0.000	0.999	0.001	0.994	0.003
14	A	0.000	0.999	0.001	0.975	0.023
15	S	0.000	0.999	0.000	0.792	0.207
16	A	0.000	0.999	0.000	0.679	0.320
17	A	0.005	0.994	0.000	0.603	0.391
18	I	0.005	0.989	0.000	0.498	0.491
19	P	0.000	0.989	0.000	0.073	0.916
20	T	0.001	0.988	0.000	0.042	0.946
21	A	0.001	0.987	0.000	0.022	0.965
22	A	0.002	0.986	0.000	0.017	0.969
23	A	0.077	0.909	0.000	0.004	0.904
24	S	0.681	0.228	0.000	0.001	0.227
25	A	0.055	0.173	0.000	0.000	0.172
26	W	0.045	0.128	0.000	0.000	0.128
27	G	0.000	0.128	0.000	0.000	0.128
28	F	0.106	0.022	0.000	0.000	0.022
29	T	0.000	0.022	0.000	0.000	0.022
30	D	0.002	0.020	0.000	0.000	0.020
31	A	0.000	0.020	0.000	0.000	0.020
32	T	0.018	0.001	0.000	0.000	0.001
33	V	0.000	0.001	0.000	0.000	0.001
34	S	0.000	0.001	0.000	0.000	0.001
35	V	0.001	0.001	0.000	0.000	0.001
36	N	0.000	0.001	0.000	0.000	0.001
37	T	0.000	0.001	0.000	0.000	0.001
38	K	0.000	0.000	0.000	0.000	0.000
39	G	0.000	0.000	0.000	0.000	0.000
40	A	0.000	0.000	0.000	0.000	0.000
>XP_001401726.2
pos	aa	C	S	n-reg	h-reg	c-reg
1	M	0.000	0.936	0.936	0.000	0.000
2	Q	0.000	0.936	0.936	0.000	0.000
3	C	0.000	0.936	0.622	0.313	0.000
4	I	0.000	0.936	0.345	0.591	0.000
5	A	0.000	0.936	0.268	0.667	0.000
6	A	0.000	0.936	0.143	0.793	0.000
7	L	0.000	0.936	0.029	0.906	0.000
8	L	0.000	0.936	0.014	0.922	0.000
9	A	0.000	0.936	0.011	0.925	0.000
10	F	0.000	0.936	0.006	0.930	0.000
11	A	0.000	0.936	0.004	0.905	0.027
12	S	0.000	0.936	0.002	0.848	0.085
13	I	0.000	0.936	0.001	0.831	0.104
14	L	0.000	0.936	0.000	0.721	0.215
15	S	0.000	0.936	0.000	0.452	0.483
16	G	0.004	0.931	0.000	0.136	0.796
17	L	0.030	0.901	0.000	0.124	0.777
18	S	0.000	0.901	0.000	0.036	0.865
19	L	0.079	0.822	0.000	0.019	0.803
20	S	0.041	0.781	0.000	0.011	0.770
21	F	0.501	0.280	0.000	0.009	0.271
22	P	0.000	0.280	0.000	0.002	0.278
23	S	0.098	0.181	0.000	0.001	0.180
24	S	0.000	0.181	0.000	0.000	0.181
25	I	0.002	0.179	0.000	0.000	0.178
26	G	0.000	0.179	0.000	0.000	0.179
27	V	0.084	0.095	0.000	0.000	0.095
28	S	0.000	0.095	0.000	0.000	0.095
29	A	0.010	0.085	0.000	0.000	0.085
30	S	0.038	0.047	0.000	0.000	0.047
31	F	0.047	0.000	0.000	0.000	0.000
32	N	0.000	0.000	0.000	0.000	0.000
33	N	0.000	0.000	0.000	0.000	0.000
34	E	0.000	0.000	0.000	0.000	0.000
35	Y	0.000	0.000	0.000	0.000	0.000
36	G	0.000	0.000	0.000	0.000	0.000
37	R	0.000	0.000	0.000	0.000	0.000
38	H	0.000	0.000	0.000	0.000	0.000
39	L	0.000	0.000	0.000	0.000	0.000
40	M	0.000	0.000	0.000	0.000	0.000
>XP_001401749.2
pos	aa	C	S	n-reg	h-reg	c-reg
1	M	0.000	0.822	0.822	0.000	0.000
2	K	0.000	0.822	0.822	0.000	0.000
3	N	0.000	0.822	0.766	0.056	0.000
4	V	0.000	0.822	0.135	0.687	0.000
5	A	0.000	0.822	0.093	0.729	0.000
6	T	0.000	0.822	0.051	0.771	0.000
7	L	0.000	0.822	0.008	0.814	0.000
8	A	0.000	0.822	0.005	0.817	0.000
9	A	0.000	0.822	0.002	0.820	0.000
10	F	0.000	0.822	0.001	0.821	0.000
11	A	0.000	0.822	0.000	0.811	0.010
12	A	0.000	0.822	0.000	0.264	0.558
13	G	0.000	0.822	0.000	0.189	0.633
14	A	0.000	0.821	0.000	0.134	0.687
15	N	0.003	0.818	0.000	0.052	0.765
16	A	0.000	0.818	0.000	0.045	0.773
17	L	0.588	0.230	0.000	0.030	0.199
18	V	0.001	0.229	0.000	0.019	0.210
19	G	0.000	0.229	0.000	0.001	0.228
20	R	0.036	0.193	0.000	0.000	0.193
21	S	0.000	0.193	0.000	0.000	0.193
22	D	0.137	0.056	0.000	0.000	0.056
23	S	0.000	0.056	0.000	0.000	0.056
24	C	0.042	0.014	0.000	0.000	0.014
25	C	0.000	0.014	0.000	0.000	0.014
26	F	0.001	0.013	0.000	0.000	0.013
27	H	0.000	0.013	0.000	0.000	0.013
28	L	0.000	0.013	0.000	0.000	0.013
29	T	0.000	0.013	0.000	0.000	0.013
30	A	0.000	0.013	0.000	0.000	0.013
31	S	0.000	0.013	0.000	0.000	0.013
32	G	0.002	0.011	0.000	0.000	0.011
33	D	0.001	0.009	0.000	0.000	0.009
34	A	0.000	0.009	0.000	0.000	0.009
35	S	0.002	0.007	0.000	0.000	0.007
36	G	0.000	0.007	0.000	0.000	0.007
37	T	0.003	0.004	0.000	0.000	0.004
38	I	0.000	0.004	0.000	0.000	0.004
39	G	0.000	0.004	0.000	0.000	0.004
40	Q	0.004	0.000	0.000	0.000	0.000
>XP_001401754.2
pos	aa	C	S	n-reg	h-reg	c-reg
1	M	0.000	0.025	0.025	0.000	0.000
2	I	0.000	0.224	0.224	0.000	0.000
3	G	0.000	0.224	0.224	0.000	0.000
4	S	0.000	0.224	0.224	0.000	0.000
5	I	0.000	0.224	0.224	0.000	0.000
6	F	0.000	0.224	0.223	0.000	0.000
7	F	0.000	0.224	0.223	0.000	0.000
8	I	0.000	0.224	0.223	0.000	0.000
9	C	0.000	0.224	0.223	0.001	0.000
10	N	0.000	0.224	0.223	0.001	0.000
11	R	0.000	0.224	0.223	0.001	0.000
12	I	0.000	0.224	0.212	0.012	0.000
13	L	0.000	0.224	0.209	0.014	0.000
14	E	0.000	0.224	0.209	0.015	0.000
15	L	0.000	0.224	0.146	0.078	0.000
16	V	0.000	0.224	0.123	0.100	0.000
17	F	0.000	0.224	0.118	0.105	0.000
18	V	0.000	0.224	0.116	0.107	0.000
19	I	0.000	0.224	0.116	0.107	0.000
20	P	0.000	0.224	0.116	0.106	0.002
21	I	0.000	0.224	0.115	0.106	0.002
22	I	0.000	0.224	0.115	0.103	0.005
23	G	0.000	0.224	0.115	0.094	0.014
24	M	0.000	0.223	0.115	0.088	0.020
25	M	0.000	0.223	0.115	0.087	0.021
26	A	0.000	0.223	0.115	0.087	0.021
27	Y	0.008	0.211	0.115	0.081	0.015
28	F	0.000	0.206	0.115	0.076	0.016
29	V	0.000	0.195	0.115	0.064	0.016
30	H	0.000	0.165	0.115	0.034	0.016
31	G	0.000	0.160	0.115	0.030	0.016
32	Y	0.014	0.143	0.115	0.027	0.001
33	L	0.000	0.141	0.115	0.024	0.001
34	N	0.000	0.133	0.115	0.017	0.001
35	A	0.000	0.133	0.115	0.017	0.001
36	N	0.001	0.132	0.115	0.017	0.000
37	Q	0.000	0.132	0.112	0.020	0.000
38	I	0.000	0.132	0.098	0.033	0.000
39	T	0.000	0.132	0.094	0.038	0.000
40	P	0.000	0.132	0.090	0.041	0.000
>XP_001401809.1
pos	aa	C	S	n-reg	h-reg	c-reg
1	M	0.000	0.928	0.928	0.000	0.000
2	R	0.000	0.928	0.928	0.000	0.000
3	S	0.000	0.928	0.924	0.004	0.000
4	P	0.000	0.928	0.907	0.021	0.000
5	A	0.000	0.928	0.841	0.087	0.000
6	W	0.000	0.928	0.764	0.164	0.000
7	A	0.000	0.928	0.601	0.327	0.000
8	P	0.000	0.928	0.517	0.411	0.000
9	I	0.000	0.928	0.289	0.639	0.000
10	A	0.000	0.928	0.202	0.726	0.000
11	T	0.000	0.928	0.116	0.811	0.001
12	T	0.000	0.928	0.063	0.861	0.004
13	A	0.000	0.928	0.033	0.877	0.018
14	F	0.000	0.928	0.011	0.883	0.034
15	A	0.000	0.928	0.000	0.866	0.061
16	A	0.001	0.927	0.000	0.695	0.232
17	L	0.000	0.927	0.000	0.652	0.276
18	A	0.000	0.927	0.000	0.547	0.381
19	N	0.004	0.924	0.000	0.250	0.673
20	A	0.000	0.924	0.000	0.179	0.745
21	A	0.287	0.636	0.000	0.142	0.494
22	T	0.011	0.625	0.000	0.116	0.508
23	P	0.004	0.621	0.000	0.002	0.618
24	S	0.026	0.595	0.000	0.001	0.594
25	T	0.003	0.591	0.000	0.000	0.591
26	L	0.001	0.591	0.000	0.000	0.590
27	A	0.086	0.505	0.000	0.000	0.505
28	E	0.490	0.015	0.000	0.000	0.014
29	L	0.000	0.015	0.000	0.000	0.015
30	C	0.003	0.012	0.000	0.000	0.012
31	T	0.000	0.012	0.000	0.000	0.012
32	D	0.001	0.011	0.000	0.000	0.011
33	S	0.000	0.011	0.000	0.000	0.011
34	I	0.000	0.011	0.000	0.000	0.011
35	V	0.000	0.011	0.000	0.000	0.011
36	K	0.000	0.011	0.000	0.000	0.011
37	A	0.000	0.011	0.000	0.000	0.011
38	A	0.010	0.000	0.000	0.000	0.000
39	L	0.000	0.000	0.000	0.000	0.000
40	P	0.000	0.000	0.000	0.000	0.000
>XP_001401810.2
pos	aa	C	S	n-reg	h-reg	c-reg
1	M	0.000	0.007	0.007	0.000	0.000
2	T	0.000	0.007	0.007	0.000	0.000
3	V	0.000	0.007	0.000	0.007	0.000
4	F	0.000	0.007	0.000	0.007	0.000
5	L	0.000	0.007	0.000	0.007	0.000
6	L	0.000	0.007	0.000	0.007	0.000
7	R	0.000	0.007	0.000	0.007	0.000
8	T	0.000	0.007	0.000	0.007	0.000
9	A	0.000	0.007	0.000	0.007	0.000
10	L	0.000	0.007	0.000	0.007	0.000
11	K	0.000	0.007	0.000	0.000	0.007
12	A	0.000	0.007	0.000	0.000	0.007
13	I	0.000	0.007	0.000	0.000	0.007
14	F	0.000	0.007	0.000	0.000	0.007
15	S	0.000	0.007	0.000	0.000	0.007
16	E	0.007	0.000	0.000	0.000	0.000
17	E	0.000	0.000	0.000	0.000	0.000
18	Y	0.000	0.000	0.000	0.000	0.000
19	V	0.000	0.000	0.000	0.000	0.000
20	F	0.000	0.000	0.000	0.000	0.000
21	T	0.000	0.000	0.000	0.000	0.000
22	P	0.000	0.000	0.000	0.000	0.000
23	G	0.000	0.000	0.000	0.000	0.000
24	Q	0.000	0.000	0.000	0.000	0.000
25	P	0.000	0.000	0.000	0.000	0.000
26	G	0.000	0.000	0.000	0.000	0.000
27	Y	0.000	0.000	0.000	0.000	0.000
28	E	0.000	0.000	0.000	0.000	0.000
29	T	0.000	0.000	0.000	0.000	0.000
30	L	0.000	0.000	0.000	0.000	0.000
31	N	0.000	0.000	0.000	0.000	0.000
32	N	0.000	0.000	0.000	0.000	0.000
33	S	0.000	0.000	0.000	0.000	0.000
34	Y	0.000	0.000	0.000	0.000	0.000
35	S	0.000	0.000	0.000	0.000	0.000
36	S	0.000	0.000	0.000	0.000	0.000
37	A	0.000	0.000	0.000	0.000	0.000
38	T	0.000	0.000	0.000	0.000	0.000
39	E	0.000	0.000	0.000	0.000	0.000
40	S	0.000	0.000	0.000	0.000	0.000
>XP_001401812.1
pos	aa	C	S	n-reg	h-reg	c-reg
1	M	0.000	1.000	1.000	0.000	0.000
2	V	0.000	1.000	1.000	0.000	0.000
3	K	0.000	1.000	0.999	0.001	0.000
4	T	0.000	1.000	0.820	0.180	0.000
5	A	0.000	1.000	0.540	0.460	0.000
6	L	0.000	1.000	0.120	0.880	0.000
7	F	0.000	1.000	0.075	0.925	0.000
8	P	0.000	1.000	0.065	0.935	0.000
9	L	0.000	1.000	0.001	0.999	0.000
10	A	0.000	1.000	0.000	1.000	0.000
11	L	0.000	1.000	0.000	1.000	0.000
12	L	0.000	1.000	0.000	0.998	0.002
13	A	0.000	1.000	0.000	0.907	0.093
14	A	0.000	1.000	0.000	0.652	0.348
15	M	0.000	1.000	0.000	0.516	0.484
16	A	0.000	1.000	0.000	0.436	0.564
17	P	0.001	0.999	0.000	0.007	0.992
18	F	0.000	0.999	0.000	0.003	0.996
19	A	0.000	0.999	0.000	0.001	0.998
20	A	0.001	0.998	0.000	0.000	0.998
21	A	0.021	0.977	0.000	0.000	0.977
22	R	0.974	0.003	0.000	0.000	0.003
23	N	0.000	0.003	0.000	0.000	0.003
24	C	0.000	0.003	0.000	0.000	0.003
25	K	0.002	0.001	0.000	0.000	0.001
26	T	0.000	0.001	0.000	0.000	0.001
27	G	0.000	0.001	0.000	0.000	0.001
28	L	0.000	0.000	0.000	0.000	0.000
29	N	0.000	0.000	0.000	0.000	0.000
30	Y	0.000	0.000	0.000	0.000	0.000
31	C	0.000	0.000	0.000	0.000	0.000
32	G	0.000	0.000	0.000	0.000	0.000
33	W	0.000	0.000	0.000	0.000	0.000
34	N	0.000	0.000	0.000	0.000	0.000
35	L	0.000	0.000	0.000	0.000	0.000
36	L	0.000	0.000	0.000	0.000	0.000
37	S	0.000	0.000	0.000	0.000	0.000
38	I	0.000	0.000	0.000	0.000	0.000
39	G	0.000	0.000	0.000	0.000	0.000
40	K	0.000	0.000	0.000	0.000	0.000
>XP_001401816.2
pos	aa	C	S	n-reg	h-reg	c-reg
1	M	0.000	0.780	0.780	0.000	0.000
2	S	0.000	0.780	0.780	0.000	0.000
3	K	0.000	0.780	0.780	0.000	0.000
4	A	0.000	0.780	0.780	0.000	0.000
5	N	0.000	0.780	0.780	0.000	0.000
6	T	0.000	0.780	0.780	0.000	0.000
7	R	0.000	0.780	0.780	0.000	0.000
8	A	0.000	0.780	0.779	0.001	0.000
9	V	0.000	0.780	0.776	0.004	0.000
10	P	0.000	0.780	0.774	0.006	0.000
11	W	0.000	0.780	0.747	0.033	0.000
12	T	0.000	0.780	0.708	0.072	0.000
13	S	0.000	0.780	0.679	0.101	0.000
14	H	0.000	0.780	0.625	0.155	0.000
15	L	0.000	0.780	0.165	0.616	0.000
16	I	0.000	0.780	0.114	0.666	0.000
17	Y	0.000	0.780	0.089	0.691	0.000
18	L	0.000	0.780	0.040	0.740	0.000
19	L	0.000	0.780	0.018	0.762	0.001
20	L	0.000	0.780	0.010	0.764	0.005
21	T	0.000	0.780	0.008	0.758	0.015
22	L	0.000	0.780	0.005	0.754	0.021
23	P	0.000	0.780	0.004	0.361	0.415
24	T	0.000	0.780	0.003	0.348	0.429
25	A	0.000	0.780	0.001	0.317	0.462
26	L	0.003	0.777	0.000	0.251	0.525
27	S	0.003	0.774	0.000	0.107	0.666
28	I	0.389	0.384	0.000	0.089	0.295
29	T	0.000	0.384	0.000	0.045	0.339
30	L	0.007	0.377	0.000	0.041	0.336
31	L	0.002	0.375	0.000	0.014	0.360
32	L	0.058	0.317	0.000	0.009	0.307
33	S	0.005	0.312	0.000	0.002	0.310
34	D	0.207	0.105	0.000	0.000	0.105
35	S	0.000	0.105	0.000	0.000	0.105
36	Q	0.091	0.014	0.000	0.000	0.014
37	H	0.000	0.014	0.000	0.000	0.014
38	W	0.000	0.014	0.000	0.000	0.014
39	T	0.000	0.014	0.000	0.000	0.014
40	L	0.001	0.013	0.000	0.000	0.013
>XP_001401819.1
pos	aa	C	S	n-reg	h-reg	c-reg
1	M	0.000	0.983	0.983	0.000	0.000
2	H	0.000	0.984	0.984	0.000	0.000
3	L	0.000	0.984	0.683	0.301	0.000
4	L	0.000	0.984	0.507	0.477	0.000
5	T	0.000	0.984	0.463	0.521	0.000
6	T	0.000	0.984	0.349	0.635	0.000
7	L	0.000	0.984	0.156	0.828	0.000
8	L	0.000	0.984	0.052	0.932	0.000
9	L	0.000	0.984	0.021	0.962	0.000
10	S	0.000	0.984	0.018	0.964	0.002
11	T	0.000	0.984	0.011	0.938	0.035
12	T	0.000	0.984	0.003	0.840	0.141
13	T	0.000	0.984	0.001	0.750	0.232
14	T	0.004	0.980	0.001	0.669	0.311
15	I	0.007	0.973	0.000	0.606	0.367
16	T	0.000	0.973	0.000	0.404	0.569
17	T	0.016	0.957	0.000	0.328	0.629
18	L	0.012	0.945	0.000	0.237	0.708
19	L	0.010	0.935	0.000	0.186	0.749
20	A	0.013	0.922	0.000	0.008	0.914
21	T	0.323	0.599	0.000	0.004	0.595
22	A	0.006	0.593	0.000	0.002	0.591
23	Y	0.189	0.404	0.000	0.001	0.402
24	S	0.000	0.404	0.000	0.001	0.403
25	I	0.397	0.006	0.000	0.001	0.005
26	P	0.000	0.006	0.000	0.000	0.006
27	P	0.000	0.006	0.000	0.000	0.006
28	N	0.000	0.005	0.000	0.000	0.005
29	L	0.000	0.005	0.000	0.000	0.005
30	S	0.000	0.005	0.000	0.000	0.005
31	A	0.003	0.002	0.000	0.000	0.002
32	L	0.002	0.000	0.000	0.000	0.000
33	Y	0.000	0.000	0.000	0.000	0.000
34	N	0.000	0.000	0.000	0.000	0.000
35	K	0.000	0.000	0.000	0.000	0.000
36	H	0.000	0.000	0.000	0.000	0.000
37	K	0.000	0.000	0.000	0.000	0.000
38	S	0.000	0.000	0.000	0.000	0.000
39	K	0.000	0.000	0.000	0.000	0.000
40	P	0.000	0.000	0.000	0.000	0.000
