>XP_003188657.1
pos	aa	C	S	n-reg	h-reg	c-reg
1	M	0.000	0.694	0.694	0.000	0.000
2	T	0.000	0.694	0.694	0.000	0.000
3	G	0.000	0.694	0.499	0.195	0.000
4	A	0.000	0.694	0.272	0.422	0.000
5	L	0.000	0.694	0.120	0.574	0.000
6	V	0.000	0.694	0.030	0.664	0.000
7	I	0.000	0.694	0.030	0.664	0.000
8	Y	0.000	0.694	0.030	0.664	0.000
9	S	0.000	0.694	0.030	0.664	0.000
10	G	0.000	0.694	0.030	0.664	0.000
11	T	0.000	0.694	0.030	0.632	0.032
12	F	0.000	0.694	0.030	0.594	0.070
13	M	0.000	0.694	0.030	0.548	0.117
14	R	0.000	0.694	0.030	0.005	0.659
15	Y	0.000	0.694	0.029	0.002	0.663
16	A	0.000	0.694	0.029	0.001	0.664
17	L	0.005	0.689	0.029	0.001	0.659
18	A	0.000	0.689	0.029	0.001	0.659
19	V	0.650	0.039	0.029	0.001	0.009
20	S	0.000	0.039	0.029	0.001	0.010
21	P	0.002	0.037	0.029	0.001	0.007
22	K	0.007	0.030	0.029	0.001	0.001
23	N	0.000	0.030	0.028	0.002	0.001
24	Y	0.000	0.030	0.019	0.010	0.001
25	L	0.000	0.030	0.002	0.028	0.001
26	L	0.000	0.030	0.000	0.029	0.001
27	F	0.000	0.030	0.000	0.029	0.001
28	A	0.000	0.030	0.000	0.029	0.001
29	C	0.000	0.030	0.000	0.029	0.001
30	H	0.000	0.030	0.000	0.029	0.001
31	A	0.000	0.030	0.000	0.029	0.001
32	V	0.001	0.029	0.000	0.028	0.002
33	N	0.000	0.029	0.000	0.012	0.018
34	F	0.000	0.029	0.000	0.009	0.020
35	S	0.000	0.029	0.000	0.006	0.023
36	A	0.000	0.029	0.000	0.005	0.024
37	Q	0.001	0.028	0.000	0.000	0.027
38	L	0.002	0.026	0.000	0.000	0.026
39	T	0.000	0.026	0.000	0.000	0.026
40	Q	0.001	0.025	0.000	0.000	0.025
>XP_003188659.1
pos	aa	C	S	n-reg	h-reg	c-reg
1	M	0.000	0.698	0.698	0.000	0.000
2	F	0.000	0.698	0.698	0.000	0.000
3	T	0.000	0.698	0.694	0.005	0.000
4	P	0.000	0.698	0.672	0.026	0.000
5	V	0.000	0.698	0.581	0.117	0.000
6	H	0.000	0.698	0.545	0.154	0.000
7	T	0.000	0.698	0.304	0.395	0.000
8	T	0.000	0.698	0.101	0.597	0.000
9	L	0.000	0.698	0.083	0.616	0.000
10	G	0.000	0.698	0.078	0.620	0.000
11	A	0.000	0.698	0.058	0.640	0.000
12	L	0.000	0.698	0.031	0.666	0.001
13	M	0.000	0.698	0.026	0.657	0.016
14	L	0.000	0.698	0.021	0.655	0.023
15	F	0.000	0.698	0.020	0.599	0.079
16	Q	0.000	0.698	0.020	0.104	0.575
17	G	0.000	0.698	0.019	0.086	0.593
18	S	0.000	0.698	0.019	0.072	0.607
19	T	0.000	0.698	0.018	0.066	0.614
20	G	0.007	0.691	0.017	0.065	0.609
21	L	0.506	0.185	0.012	0.069	0.104
22	L	0.005	0.180	0.011	0.061	0.108
23	L	0.024	0.155	0.011	0.032	0.112
24	H	0.020	0.135	0.011	0.011	0.113
25	N	0.000	0.135	0.010	0.010	0.115
26	G	0.000	0.135	0.008	0.011	0.115
27	A	0.005	0.130	0.004	0.015	0.111
28	V	0.001	0.129	0.001	0.018	0.110
29	L	0.000	0.129	0.001	0.018	0.111
30	G	0.003	0.126	0.001	0.017	0.109
31	I	0.077	0.049	0.001	0.016	0.032
32	S	0.000	0.049	0.001	0.013	0.035
33	S	0.004	0.045	0.001	0.010	0.034
34	L	0.006	0.039	0.001	0.010	0.028
35	L	0.001	0.038	0.001	0.009	0.028
36	S	0.000	0.038	0.001	0.001	0.036
37	G	0.006	0.032	0.001	0.001	0.030
38	A	0.010	0.022	0.001	0.000	0.021
39	V	0.003	0.019	0.001	0.000	0.018
40	L	0.000	0.019	0.001	0.000	0.018
>XP_003188679.1
pos	aa	C	S	n-reg	h-reg	c-reg
1	M	0.000	0.968	0.968	0.000	0.000
2	K	0.000	0.968	0.968	0.000	0.000
3	P	0.000	0.968	0.943	0.025	0.000
4	S	0.000	0.968	0.769	0.199	0.000
5	W	0.000	0.968	0.658	0.309	0.000
6	S	0.000	0.968	0.418	0.549	0.000
7	L	0.000	0.968	0.011	0.957	0.000
8	A	0.000	0.968	0.004	0.964	0.000
9	S	0.000	0.968	0.000	0.967	0.000
10	L	0.000	0.968	0.000	0.968	0.000
11	L	0.000	0.968	0.000	0.965	0.003
12	G	0.000	0.968	0.000	0.887	0.081
13	G	0.000	0.968	0.000	0.827	0.140
14	A	0.000	0.968	0.000	0.760	0.207
15	A	0.000	0.967	0.000	0.097	0.870
16	I	0.001	0.967	0.000	0.050	0.917
17	A	0.000	0.967	0.000	0.001	0.966
18	S	0.021	0.946	0.000	0.000	0.946
19	A	0.020	0.926	0.000	0.000	0.926
20	D	0.925	0.001	0.000	0.000	0.001
21	V	0.000	0.001	0.000	0.000	0.001
22	Y	0.000	0.001	0.000	0.000	0.001
23	P	0.000	0.001	0.000	0.000	0.001
24	P	0.001	0.000	0.000	0.000	0.000
25	Y	0.000	0.000	0.000	0.000	0.000
26	Y	0.000	0.000	0.000	0.000	0.000
27	A	0.000	0.000	0.000	0.000	0.000
28	N	0.000	0.000	0.000	0.000	0.000
29	L	0.000	0.000	0.000	0.000	0.000
30	T	0.000	0.000	0.000	0.000	0.000
31	W	0.000	0.000	0.000	0.000	0.000
32	Q	0.000	0.000	0.000	0.000	0.000
33	A	0.000	0.000	0.000	0.000	0.000
34	P	0.000	0.000	0.000	0.000	0.000
35	R	0.000	0.000	0.000	0.000	0.000
36	T	0.000	0.000	0.000	0.000	0.000
37	L	0.000	0.000	0.000	0.000	0.000
38	S	0.000	0.000	0.000	0.000	0.000
39	N	0.000	0.000	0.000	0.000	0.000
40	W	0.000	0.000	0.000	0.000	0.000
>XP_003188680.1
pos	aa	C	S	n-reg	h-reg	c-reg
1	M	0.000	0.992	0.992	0.000	0.000
2	H	0.000	0.992	0.992	0.000	0.000
3	V	0.000	0.992	0.989	0.003	0.000
4	T	0.000	0.992	0.987	0.005	0.000
5	K	0.000	0.992	0.985	0.007	0.000
6	T	0.000	0.992	0.700	0.292	0.000
7	W	0.000	0.992	0.402	0.590	0.000
8	A	0.000	0.992	0.153	0.839	0.000
9	W	0.000	0.992	0.088	0.904	0.000
10	L	0.000	0.992	0.011	0.980	0.000
11	A	0.000	0.992	0.003	0.988	0.000
12	L	0.000	0.992	0.001	0.990	0.001
13	A	0.000	0.992	0.001	0.987	0.004
14	T	0.000	0.992	0.000	0.916	0.075
15	A	0.000	0.992	0.000	0.846	0.145
16	T	0.000	0.991	0.000	0.382	0.610
17	L	0.000	0.991	0.000	0.295	0.696
18	V	0.000	0.990	0.000	0.089	0.901
19	S	0.000	0.990	0.000	0.028	0.962
20	G	0.005	0.985	0.000	0.019	0.967
21	A	0.666	0.319	0.000	0.015	0.304
22	S	0.154	0.165	0.000	0.003	0.162
23	H	0.125	0.040	0.000	0.000	0.040
24	Y	0.000	0.040	0.000	0.000	0.040
25	E	0.000	0.040	0.000	0.000	0.040
26	G	0.000	0.040	0.000	0.000	0.040
27	Q	0.006	0.034	0.000	0.000	0.034
28	G	0.000	0.034	0.000	0.000	0.034
29	H	0.005	0.029	0.000	0.000	0.029
30	A	0.000	0.029	0.000	0.000	0.029
31	A	0.022	0.007	0.000	0.000	0.007
32	R	0.000	0.006	0.000	0.000	0.006
33	R	0.000	0.006	0.000	0.000	0.006
34	A	0.000	0.006	0.000	0.000	0.006
35	A	0.001	0.005	0.000	0.000	0.005
36	S	0.002	0.004	0.000	0.000	0.004
37	D	0.003	0.000	0.000	0.000	0.000
38	T	0.000	0.000	0.000	0.000	0.000
39	Y	0.000	0.000	0.000	0.000	0.000
40	K	0.000	0.000	0.000	0.000	0.000
>XP_003188681.1
pos	aa	C	S	n-reg	h-reg	c-reg
1	M	0.000	0.995	0.995	0.000	0.000
2	S	0.000	1.000	1.000	0.000	0.000
3	L	0.000	1.000	0.158	0.842	0.000
4	V	0.000	1.000	0.038	0.962	0.000
5	L	0.000	1.000	0.012	0.988	0.000
6	L	0.000	1.000	0.008	0.992	0.000
7	F	0.000	1.000	0.005	0.995	0.000
8	L	0.000	1.000	0.003	0.997	0.000
9	F	0.000	1.000	0.003	0.997	0.000
10	L	0.000	1.000	0.002	0.997	0.000
11	V	0.000	1.000	0.002	0.405	0.593
12	M	0.000	1.000	0.002	0.259	0.738
13	A	0.000	1.000	0.002	0.124	0.874
14	L	0.008	0.992	0.002	0.114	0.875
15	A	0.001	0.991	0.002	0.046	0.942
16	Q	0.809	0.182	0.002	0.006	0.174
17	C	0.007	0.176	0.002	0.005	0.168
18	P	0.060	0.115	0.002	0.005	0.109
19	I	0.001	0.114	0.001	0.006	0.108
20	Y	0.000	0.114	0.001	0.006	0.108
21	I	0.000	0.114	0.000	0.007	0.108
22	L	0.000	0.114	0.000	0.007	0.108
23	T	0.001	0.114	0.000	0.007	0.107
24	L	0.102	0.011	0.000	0.007	0.005
25	V	0.001	0.010	0.000	0.007	0.004
26	V	0.000	0.010	0.000	0.007	0.004
27	F	0.000	0.010	0.000	0.007	0.004
28	V	0.000	0.010	0.000	0.007	0.004
29	F	0.000	0.010	0.000	0.006	0.004
30	F	0.000	0.010	0.000	0.005	0.005
31	Q	0.000	0.010	0.000	0.004	0.005
32	F	0.000	0.010	0.000	0.004	0.005
33	A	0.000	0.009	0.000	0.004	0.006
34	I	0.000	0.009	0.000	0.004	0.006
35	I	0.000	0.009	0.000	0.003	0.006
36	Y	0.000	0.008	0.000	0.002	0.006
37	A	0.000	0.007	0.000	0.001	0.006
38	K	0.005	0.001	0.000	0.000	0.001
39	N	0.000	0.001	0.000	0.000	0.001
40	F	0.000	0.001	0.000	0.000	0.001
>XP_003188686.1
pos	aa	C	S	n-reg	h-reg	c-reg
1	M	0.000	0.999	0.999	0.000	0.000
2	L	0.000	0.999	0.999	0.000	0.000
3	L	0.000	0.999	0.313	0.687	0.000
4	F	0.000	0.999	0.090	0.909	0.000
5	L	0.000	0.999	0.035	0.965	0.000
6	F	0.000	0.999	0.011	0.988	0.000
7	A	0.000	0.999	0.000	0.999	0.000
8	V	0.000	0.999	0.000	0.999	0.000
9	P	0.000	0.999	0.000	0.999	0.000
10	V	0.000	0.999	0.000	0.999	0.000
11	L	0.000	0.999	0.000	0.996	0.004
12	L	0.000	0.999	0.000	0.987	0.012
13	L	0.000	0.999	0.000	0.856	0.143
14	L	0.000	0.999	0.000	0.713	0.287
15	T	0.000	0.999	0.000	0.013	0.987
16	N	0.000	0.999	0.000	0.002	0.997
17	A	0.000	0.999	0.000	0.000	0.999
18	K	0.461	0.538	0.000	0.000	0.538
19	S	0.000	0.538	0.000	0.000	0.538
20	L	0.515	0.023	0.000	0.000	0.023
21	P	0.000	0.023	0.000	0.000	0.023
22	L	0.017	0.006	0.000	0.000	0.006
23	T	0.000	0.005	0.000	0.000	0.005
24	Y	0.002	0.004	0.000	0.000	0.004
25	S	0.000	0.004	0.000	0.000	0.004
26	L	0.003	0.001	0.000	0.000	0.001
27	Q	0.000	0.001	0.000	0.000	0.001
28	L	0.000	0.000	0.000	0.000	0.000
29	L	0.000	0.000	0.000	0.000	0.000
30	P	0.000	0.000	0.000	0.000	0.000
31	S	0.000	0.000	0.000	0.000	0.000
32	L	0.000	0.000	0.000	0.000	0.000
33	Y	0.000	0.000	0.000	0.000	0.000
34	R	0.000	0.000	0.000	0.000	0.000
35	I	0.000	0.000	0.000	0.000	0.000
36	L	0.000	0.000	0.000	0.000	0.000
37	Q	0.000	0.000	0.000	0.000	0.000
38	P	0.000	0.000	0.000	0.000	0.000
39	R	0.000	0.000	0.000	0.000	0.000
40	L	0.000	0.000	0.000	0.000	0.000
>XP_003188687.1
pos	aa	C	S	n-reg	h-reg	c-reg
1	M	0.000	0.389	0.389	0.000	0.000
2	S	0.000	0.390	0.390	0.000	0.000
3	V	0.000	0.390	0.390	0.000	0.000
4	E	0.000	0.390	0.390	0.000	0.000
5	A	0.000	0.390	0.390	0.000	0.000
6	S	0.000	0.390	0.390	0.000	0.000
7	H	0.000	0.390	0.390	0.000	0.000
8	P	0.000	0.390	0.389	0.000	0.000
9	S	0.000	0.390	0.388	0.001	0.000
10	S	0.000	0.390	0.386	0.003	0.000
11	R	0.000	0.390	0.383	0.006	0.000
12	A	0.000	0.390	0.233	0.157	0.000
13	S	0.000	0.390	0.141	0.249	0.000
14	F	0.000	0.390	0.035	0.355	0.000
15	V	0.000	0.390	0.008	0.382	0.000
16	I	0.000	0.390	0.002	0.388	0.000
17	A	0.000	0.390	0.000	0.389	0.000
18	I	0.000	0.390	0.000	0.389	0.000
19	I	0.000	0.390	0.000	0.388	0.001
20	C	0.000	0.390	0.000	0.333	0.057
21	P	0.000	0.390	0.000	0.269	0.120
22	L	0.000	0.390	0.000	0.199	0.191
23	S	0.000	0.390	0.000	0.118	0.272
24	L	0.001	0.389	0.000	0.081	0.308
25	E	0.004	0.384	0.000	0.003	0.381
26	A	0.000	0.384	0.000	0.002	0.382
27	Q	0.244	0.140	0.000	0.000	0.140
28	V	0.002	0.138	0.000	0.000	0.138
29	A	0.000	0.138	0.000	0.000	0.138
30	I	0.069	0.069	0.000	0.000	0.069
31	P	0.000	0.069	0.000	0.000	0.069
32	L	0.066	0.003	0.000	0.000	0.003
33	F	0.002	0.000	0.000	0.000	0.000
34	D	0.000	0.000	0.000	0.000	0.000
35	T	0.000	0.000	0.000	0.000	0.000
36	V	0.000	0.000	0.000	0.000	0.000
37	Y	0.000	0.000	0.000	0.000	0.000
38	D	0.000	0.000	0.000	0.000	0.000
39	R	0.000	0.000	0.000	0.000	0.000
40	T	0.000	0.000	0.000	0.000	0.000
>XP_003188688.1
pos	aa	C	S	n-reg	h-reg	c-reg
1	M	0.000	0.352	0.352	0.000	0.000
2	A	0.000	0.367	0.367	0.000	0.000
3	F	0.000	0.367	0.287	0.080	0.000
4	G	0.000	0.367	0.271	0.096	0.000
5	T	0.000	0.367	0.246	0.121	0.000
6	V	0.000	0.367	0.143	0.224	0.000
7	L	0.000	0.367	0.105	0.262	0.000
8	S	0.000	0.367	0.097	0.270	0.000
9	I	0.000	0.367	0.078	0.289	0.000
10	A	0.000	0.367	0.070	0.293	0.004
11	Q	0.000	0.367	0.064	0.253	0.049
12	C	0.000	0.367	0.041	0.272	0.054
13	F	0.000	0.367	0.034	0.274	0.059
14	A	0.000	0.367	0.032	0.209	0.126
15	Q	0.035	0.332	0.031	0.172	0.130
16	V	0.000	0.332	0.027	0.170	0.135
17	A	0.000	0.332	0.026	0.142	0.165
18	L	0.001	0.331	0.025	0.092	0.215
19	I	0.062	0.269	0.025	0.074	0.170
20	S	0.000	0.269	0.024	0.042	0.203
21	L	0.003	0.266	0.024	0.036	0.206
22	G	0.015	0.251	0.024	0.023	0.204
23	S	0.114	0.137	0.024	0.015	0.098
24	S	0.003	0.134	0.023	0.012	0.098
25	Y	0.057	0.077	0.022	0.010	0.046
26	M	0.000	0.077	0.018	0.013	0.046
27	A	0.000	0.077	0.014	0.016	0.047
28	L	0.006	0.071	0.012	0.018	0.041
29	T	0.003	0.067	0.011	0.018	0.038
30	I	0.027	0.040	0.010	0.019	0.011
31	I	0.000	0.040	0.010	0.018	0.012
32	P	0.000	0.040	0.010	0.018	0.012
33	C	0.001	0.039	0.010	0.018	0.011
34	L	0.002	0.038	0.010	0.018	0.010
35	L	0.000	0.038	0.010	0.017	0.011
36	V	0.007	0.031	0.010	0.014	0.007
37	L	0.000	0.031	0.010	0.011	0.010
38	Y	0.000	0.029	0.010	0.005	0.014
39	C	0.000	0.029	0.010	0.004	0.015
40	A	0.003	0.024	0.010	0.002	0.012
>XP_003188705.1
pos	aa	C	S	n-reg	h-reg	c-reg
1	M	0.000	0.997	0.997	0.000	0.000
2	Q	0.000	0.997	0.997	0.000	0.000
3	L	0.000	0.997	0.676	0.321	0.000
4	T	0.000	0.997	0.606	0.391	0.000
5	S	0.000	0.997	0.545	0.453	0.000
6	I	0.000	0.997	0.188	0.809	0.000
7	A	0.000	0.997	0.063	0.934	0.000
8	I	0.000	0.997	0.020	0.977	0.000
9	I	0.000	0.997	0.006	0.991	0.000
10	L	0.000	0.997	0.001	0.996	0.000
11	F	0.000	0.997	0.000	0.941	0.056
12	A	0.000	0.997	0.000	0.891	0.107
13	A	0.000	0.997	0.000	0.852	0.145
14	M	0.000	0.997	0.000	0.500	0.497
15	G	0.000	0.997	0.000	0.386	0.611
16	A	0.029	0.968	0.000	0.353	0.616
17	I	0.010	0.958	0.000	0.318	0.640
18	A	0.000	0.958	0.000	0.093	0.865
19	N	0.512	0.445	0.000	0.003	0.443
20	P	0.000	0.445	0.000	0.001	0.445
21	I	0.031	0.415	0.000	0.000	0.414
22	A	0.000	0.415	0.000	0.000	0.415
23	A	0.020	0.394	0.000	0.000	0.394
24	E	0.102	0.292	0.000	0.000	0.292
25	A	0.000	0.292	0.000	0.000	0.292
26	D	0.292	0.000	0.000	0.000	0.000
27	N	0.000	0.000	0.000	0.000	0.000
28	L	0.000	0.000	0.000	0.000	0.000
29	V	0.000	0.000	0.000	0.000	0.000
30	A	0.000	0.000	0.000	0.000	0.000
31	R	0.000	0.000	0.000	0.000	0.000
32	E	0.000	0.000	0.000	0.000	0.000
33	A	0.000	0.000	0.000	0.000	0.000
34	E	0.000	0.000	0.000	0.000	0.000
35	L	0.000	0.000	0.000	0.000	0.000
36	S	0.000	0.000	0.000	0.000	0.000
37	K	0.000	0.000	0.000	0.000	0.000
38	Y	0.000	0.000	0.000	0.000	0.000
39	G	0.000	0.000	0.000	0.000	0.000
40	G	0.000	0.000	0.000	0.000	0.000
>XP_003188723.1
pos	aa	C	S	n-reg	h-reg	c-reg
1	M	0.000	0.766	0.766	0.000	0.000
2	L	0.000	0.795	0.795	0.000	0.000
3	G	0.000	0.795	0.795	0.000	0.000
4	R	0.000	0.795	0.795	0.000	0.000
5	L	0.000	0.795	0.792	0.003	0.000
6	S	0.000	0.795	0.791	0.004	0.000
7	H	0.000	0.795	0.787	0.008	0.000
8	Y	0.000	0.795	0.756	0.039	0.000
9	A	0.000	0.795	0.694	0.101	0.000
10	F	0.000	0.795	0.655	0.140	0.000
11	D	0.000	0.795	0.631	0.164	0.000
12	A	0.000	0.795	0.222	0.573	0.000
13	V	0.000	0.795	0.050	0.744	0.000
14	L	0.000	0.795	0.010	0.784	0.000
15	I	0.000	0.795	0.000	0.794	0.001
16	S	0.000	0.795	0.000	0.789	0.006
17	A	0.000	0.795	0.000	0.783	0.012
18	F	0.001	0.794	0.000	0.779	0.015
19	L	0.000	0.794	0.000	0.768	0.027
20	A	0.002	0.790	0.000	0.617	0.173
21	G	0.003	0.781	0.000	0.415	0.366
22	V	0.006	0.769	0.000	0.368	0.401
23	K	0.000	0.754	0.000	0.003	0.752
24	R	0.000	0.754	0.000	0.000	0.754
25	S	0.000	0.754	0.000	0.000	0.754
26	T	0.140	0.615	0.000	0.000	0.615
27	G	0.006	0.609	0.000	0.000	0.609
28	L	0.590	0.019	0.000	0.000	0.019
29	T	0.002	0.017	0.000	0.000	0.017
30	L	0.015	0.002	0.000	0.000	0.002
31	N	0.002	0.001	0.000	0.000	0.001
32	S	0.000	0.001	0.000	0.000	0.001
33	D	0.001	0.000	0.000	0.000	0.000
34	K	0.000	0.000	0.000	0.000	0.000
35	I	0.000	0.000	0.000	0.000	0.000
36	T	0.000	0.000	0.000	0.000	0.000
37	D	0.000	0.000	0.000	0.000	0.000
38	N	0.000	0.000	0.000	0.000	0.000
39	K	0.000	0.000	0.000	0.000	0.000
40	D	0.000	0.000	0.000	0.000	0.000
>XP_003188727.1
pos	aa	C	S	n-reg	h-reg	c-reg
1	M	0.000	0.999	0.999	0.000	0.000
2	K	0.000	0.999	0.999	0.000	0.000
3	T	0.000	0.999	0.765	0.235	0.000
4	T	0.000	0.999	0.439	0.561	0.000
5	F	0.000	0.999	0.254	0.745	0.000
6	I	0.000	0.999	0.082	0.917	0.000
7	T	0.000	0.999	0.018	0.981	0.000
8	A	0.000	0.999	0.009	0.990	0.000
9	A	0.000	0.999	0.002	0.997	0.000
10	C	0.000	0.999	0.001	0.999	0.000
11	S	0.000	0.999	0.000	0.940	0.059
12	T	0.000	0.999	0.000	0.834	0.165
13	F	0.000	0.999	0.000	0.780	0.219
14	A	0.000	0.999	0.000	0.700	0.299
15	A	0.000	0.999	0.000	0.129	0.870
16	L	0.000	0.999	0.000	0.085	0.913
17	A	0.000	0.999	0.000	0.012	0.987
18	S	0.005	0.993	0.000	0.003	0.990
19	A	0.003	0.990	0.000	0.002	0.988
20	A	0.956	0.034	0.000	0.001	0.033
21	P	0.002	0.032	0.000	0.000	0.031
22	T	0.016	0.016	0.000	0.000	0.016
23	D	0.005	0.011	0.000	0.000	0.011
24	N	0.000	0.011	0.000	0.000	0.011
25	S	0.000	0.011	0.000	0.000	0.011
26	A	0.003	0.008	0.000	0.000	0.008
27	F	0.007	0.001	0.000	0.000	0.001
28	E	0.000	0.001	0.000	0.000	0.001
29	V	0.000	0.001	0.000	0.000	0.001
30	A	0.000	0.001	0.000	0.000	0.001
31	I	0.000	0.001	0.000	0.000	0.001
32	T	0.000	0.001	0.000	0.000	0.001
33	F	0.000	0.001	0.000	0.000	0.001
34	W	0.000	0.001	0.000	0.000	0.001
35	G	0.000	0.001	0.000	0.000	0.001
36	A	0.000	0.001	0.000	0.000	0.001
37	D	0.000	0.001	0.000	0.000	0.001
38	G	0.000	0.001	0.000	0.000	0.001
39	S	0.000	0.000	0.000	0.000	0.000
40	S	0.000	0.000	0.000	0.000	0.000
>XP_003188731.1
pos	aa	C	S	n-reg	h-reg	c-reg
1	M	0.000	0.030	0.030	0.000	0.000
2	D	0.000	0.687	0.687	0.000	0.000
3	F	0.000	0.687	0.687	0.000	0.000
4	H	0.000	0.687	0.687	0.000	0.000
5	L	0.000	0.687	0.687	0.000	0.000
6	V	0.000	0.687	0.687	0.000	0.000
7	P	0.000	0.687	0.687	0.000	0.000
8	R	0.000	0.687	0.687	0.000	0.000
9	G	0.000	0.687	0.687	0.000	0.000
10	E	0.000	0.687	0.687	0.000	0.000
11	D	0.000	0.687	0.687	0.000	0.000
12	R	0.000	0.687	0.687	0.000	0.000
13	N	0.000	0.687	0.687	0.000	0.000
14	Y	0.000	0.687	0.687	0.000	0.000
15	T	0.000	0.687	0.687	0.000	0.000
16	G	0.000	0.687	0.687	0.000	0.000
17	F	0.000	0.687	0.687	0.000	0.000
18	L	0.000	0.687	0.687	0.000	0.000
19	T	0.000	0.687	0.687	0.000	0.000
20	K	0.000	0.687	0.687	0.000	0.000
21	T	0.000	0.687	0.415	0.271	0.000
22	I	0.000	0.687	0.171	0.516	0.000
23	V	0.000	0.687	0.098	0.589	0.000
24	Y	0.000	0.687	0.079	0.608	0.000
25	T	0.000	0.687	0.061	0.626	0.000
26	A	0.000	0.687	0.046	0.641	0.000
27	S	0.000	0.687	0.035	0.652	0.000
28	L	0.000	0.687	0.012	0.674	0.000
29	I	0.000	0.687	0.004	0.683	0.000
30	V	0.000	0.687	0.002	0.685	0.000
31	F	0.000	0.687	0.001	0.685	0.000
32	L	0.000	0.687	0.001	0.683	0.002
33	A	0.000	0.684	0.001	0.669	0.014
34	S	0.000	0.678	0.001	0.658	0.020
35	F	0.000	0.675	0.001	0.653	0.020
36	G	0.000	0.667	0.001	0.639	0.027
37	L	0.001	0.661	0.001	0.633	0.028
38	T	0.000	0.645	0.001	0.616	0.029
39	V	0.000	0.631	0.001	0.601	0.029
40	A	0.000	0.595	0.001	0.566	0.029
>XP_003188734.1
pos	aa	C	S	n-reg	h-reg	c-reg
1	M	0.000	0.096	0.096	0.000	0.000
2	A	0.000	0.096	0.096	0.000	0.000
3	S	0.000	0.096	0.096	0.000	0.000
4	R	0.000	0.096	0.096	0.000	0.000
5	Q	0.000	0.096	0.096	0.000	0.000
6	S	0.000	0.096	0.096	0.000	0.000
7	R	0.000	0.096	0.096	0.000	0.000
8	R	0.000	0.096	0.096	0.000	0.000
9	V	0.000	0.096	0.075	0.021	0.000
10	L	0.000	0.096	0.070	0.026	0.000
11	R	0.000	0.096	0.069	0.027	0.000
12	P	0.000	0.096	0.043	0.053	0.000
13	L	0.000	0.096	0.002	0.094	0.000
14	L	0.000	0.096	0.000	0.096	0.000
15	Y	0.000	0.096	0.000	0.096	0.000
16	T	0.000	0.096	0.000	0.096	0.000
17	S	0.000	0.096	0.000	0.089	0.007
18	L	0.000	0.096	0.000	0.088	0.008
19	A	0.000	0.096	0.000	0.079	0.017
20	A	0.000	0.096	0.000	0.052	0.044
21	A	0.000	0.096	0.000	0.008	0.088
22	T	0.004	0.092	0.000	0.002	0.089
23	G	0.000	0.091	0.000	0.000	0.091
24	A	0.020	0.071	0.000	0.000	0.071
25	G	0.036	0.036	0.000	0.000	0.036
26	V	0.033	0.002	0.000	0.000	0.002
27	L	0.000	0.002	0.000	0.000	0.002
28	Y	0.002	0.000	0.000	0.000	0.000
29	I	0.000	0.000	0.000	0.000	0.000
30	S	0.000	0.000	0.000	0.000	0.000
31	Y	0.000	0.000	0.000	0.000	0.000
32	R	0.000	0.000	0.000	0.000	0.000
33	P	0.000	0.000	0.000	0.000	0.000
34	R	0.000	0.000	0.000	0.000	0.000
35	N	0.000	0.000	0.000	0.000	0.000
36	I	0.000	0.000	0.000	0.000	0.000
37	P	0.000	0.000	0.000	0.000	0.000
38	G	0.000	0.000	0.000	0.000	0.000
39	S	0.000	0.000	0.000	0.000	0.000
40	E	0.000	0.000	0.000	0.000	0.000
>XP_003188736.1
pos	aa	C	S	n-reg	h-reg	c-reg
1	M	0.000	0.527	0.527	0.000	0.000
2	G	0.000	0.638	0.638	0.000	0.000
3	F	0.000	0.638	0.474	0.163	0.000
4	F	0.000	0.638	0.388	0.250	0.000
5	T	0.000	0.638	0.370	0.268	0.000
6	G	0.000	0.638	0.310	0.328	0.000
7	F	0.000	0.638	0.158	0.480	0.000
8	F	0.000	0.638	0.116	0.522	0.000
9	S	0.000	0.638	0.098	0.539	0.000
10	G	0.000	0.638	0.070	0.565	0.002
11	F	0.000	0.638	0.020	0.601	0.017
12	A	0.000	0.638	0.007	0.526	0.105
13	L	0.000	0.637	0.002	0.522	0.114
14	T	0.000	0.637	0.001	0.397	0.239
15	T	0.015	0.623	0.000	0.317	0.306
16	S	0.006	0.617	0.000	0.295	0.322
17	V	0.103	0.514	0.000	0.288	0.227
18	L	0.000	0.514	0.000	0.236	0.278
19	Y	0.069	0.440	0.000	0.152	0.288
20	I	0.000	0.433	0.000	0.138	0.295
21	S	0.000	0.415	0.000	0.114	0.301
22	L	0.012	0.391	0.000	0.101	0.291
23	Q	0.221	0.129	0.000	0.027	0.102
24	V	0.060	0.062	0.000	0.020	0.042
25	H	0.000	0.045	0.000	0.003	0.042
26	K	0.000	0.042	0.000	0.000	0.042
27	A	0.000	0.042	0.000	0.000	0.042
28	N	0.042	0.001	0.000	0.000	0.001
29	R	0.000	0.001	0.000	0.000	0.001
30	L	0.000	0.001	0.000	0.000	0.001
31	E	0.000	0.000	0.000	0.000	0.000
32	Q	0.000	0.000	0.000	0.000	0.000
33	R	0.000	0.000	0.000	0.000	0.000
34	N	0.000	0.000	0.000	0.000	0.000
35	A	0.000	0.000	0.000	0.000	0.000
36	I	0.000	0.000	0.000	0.000	0.000
37	R	0.000	0.000	0.000	0.000	0.000
38	E	0.000	0.000	0.000	0.000	0.000
39	Q	0.000	0.000	0.000	0.000	0.000
40	T	0.000	0.000	0.000	0.000	0.000
>XP_003188737.1
pos	aa	C	S	n-reg	h-reg	c-reg
1	M	0.000	0.997	0.997	0.000	0.000
2	Q	0.000	0.997	0.997	0.000	0.000
3	L	0.000	0.997	0.873	0.123	0.000
4	N	0.000	0.997	0.835	0.161	0.000
5	I	0.000	0.997	0.544	0.452	0.000
6	F	0.000	0.997	0.246	0.750	0.000
7	Y	0.000	0.997	0.137	0.859	0.000
8	L	0.000	0.997	0.043	0.954	0.000
9	L	0.000	0.997	0.013	0.984	0.000
10	T	0.000	0.997	0.007	0.989	0.000
11	L	0.000	0.997	0.003	0.988	0.006
12	T	0.000	0.997	0.002	0.974	0.021
13	L	0.000	0.997	0.001	0.949	0.046
14	A	0.000	0.997	0.001	0.752	0.243
15	Y	0.000	0.997	0.001	0.574	0.422
16	L	0.000	0.997	0.001	0.485	0.511
17	S	0.001	0.996	0.001	0.233	0.762
18	A	0.000	0.996	0.001	0.089	0.905
19	A	0.073	0.922	0.001	0.045	0.876
20	T	0.049	0.873	0.001	0.015	0.857
21	P	0.001	0.872	0.001	0.004	0.867
22	A	0.035	0.837	0.001	0.002	0.834
23	A	0.205	0.631	0.001	0.001	0.630
24	E	0.007	0.624	0.001	0.000	0.623
25	T	0.000	0.624	0.000	0.001	0.623
26	G	0.010	0.614	0.000	0.001	0.613
27	A	0.001	0.612	0.000	0.001	0.611
28	A	0.014	0.599	0.000	0.001	0.598
29	A	0.012	0.586	0.000	0.001	0.585
30	A	0.040	0.547	0.000	0.001	0.546
31	V	0.004	0.543	0.000	0.001	0.542
32	A	0.000	0.543	0.000	0.001	0.542
33	A	0.026	0.516	0.000	0.001	0.515
34	A	0.152	0.364	0.000	0.000	0.364
35	G	0.040	0.324	0.000	0.000	0.323
36	T	0.018	0.306	0.000	0.000	0.306
37	G	0.006	0.300	0.000	0.000	0.300
38	A	0.030	0.270	0.000	0.000	0.270
39	Q	0.252	0.018	0.000	0.000	0.018
40	P	0.001	0.017	0.000	0.000	0.017
>XP_003188749.1
pos	aa	C	S	n-reg	h-reg	c-reg
1	M	0.000	0.939	0.939	0.000	0.000
2	V	0.000	0.940	0.940	0.000	0.000
3	D	0.000	0.940	0.940	0.000	0.000
4	R	0.000	0.940	0.939	0.001	0.000
5	L	0.000	0.940	0.857	0.083	0.000
6	I	0.000	0.940	0.797	0.143	0.000
7	F	0.000	0.940	0.778	0.162	0.000
8	V	0.000	0.940	0.771	0.169	0.000
9	S	0.000	0.940	0.765	0.175	0.000
10	M	0.000	0.940	0.754	0.186	0.000
11	T	0.000	0.940	0.737	0.203	0.000
12	N	0.000	0.940	0.690	0.249	0.000
13	L	0.000	0.940	0.155	0.784	0.001
14	L	0.000	0.940	0.047	0.890	0.003
15	L	0.000	0.940	0.022	0.910	0.009
16	I	0.000	0.940	0.011	0.901	0.028
17	S	0.000	0.940	0.008	0.803	0.129
18	S	0.000	0.940	0.005	0.771	0.164
19	L	0.001	0.939	0.001	0.771	0.167
20	V	0.002	0.937	0.000	0.763	0.173
21	S	0.000	0.937	0.000	0.711	0.226
22	L	0.014	0.923	0.000	0.679	0.243
23	M	0.028	0.895	0.000	0.626	0.268
24	S	0.000	0.894	0.000	0.301	0.593
25	M	0.028	0.867	0.000	0.063	0.803
26	S	0.000	0.866	0.000	0.028	0.838
27	L	0.021	0.845	0.000	0.022	0.823
28	E	0.005	0.840	0.000	0.000	0.839
29	G	0.000	0.840	0.000	0.000	0.839
30	V	0.027	0.813	0.000	0.000	0.812
31	M	0.000	0.813	0.000	0.000	0.812
32	A	0.000	0.813	0.000	0.000	0.812
33	H	0.689	0.123	0.000	0.000	0.123
34	A	0.000	0.123	0.000	0.000	0.123
35	R	0.123	0.001	0.000	0.000	0.001
36	E	0.000	0.001	0.000	0.000	0.001
37	E	0.000	0.001	0.000	0.000	0.001
38	Y	0.000	0.001	0.000	0.000	0.001
39	L	0.000	0.001	0.000	0.000	0.001
40	F	0.000	0.001	0.000	0.000	0.000
>XP_003188753.1
pos	aa	C	S	n-reg	h-reg	c-reg
1	M	0.000	0.095	0.095	0.000	0.000
2	F	0.000	0.095	0.095	0.000	0.000
3	A	0.000	0.095	0.093	0.002	0.000
4	S	0.000	0.095	0.087	0.009	0.000
5	V	0.000	0.095	0.077	0.018	0.000
6	T	0.000	0.095	0.073	0.023	0.000
7	L	0.000	0.095	0.063	0.032	0.000
8	N	0.000	0.095	0.062	0.033	0.000
9	Y	0.000	0.095	0.056	0.039	0.000
10	S	0.000	0.095	0.045	0.050	0.000
11	L	0.000	0.095	0.008	0.087	0.000
12	I	0.000	0.095	0.002	0.093	0.000
13	L	0.000	0.095	0.001	0.094	0.000
14	F	0.000	0.095	0.000	0.094	0.001
15	L	0.000	0.095	0.000	0.088	0.007
16	E	0.000	0.095	0.000	0.067	0.027
17	V	0.000	0.095	0.000	0.067	0.028
18	Y	0.000	0.095	0.000	0.064	0.031
19	I	0.000	0.095	0.000	0.046	0.049
20	Q	0.000	0.095	0.000	0.037	0.058
21	V	0.001	0.094	0.000	0.036	0.058
22	L	0.000	0.094	0.000	0.027	0.067
23	Q	0.004	0.090	0.000	0.001	0.089
24	D	0.050	0.040	0.000	0.000	0.040
25	H	0.000	0.040	0.000	0.000	0.040
26	P	0.000	0.040	0.000	0.000	0.040
27	R	0.000	0.040	0.000	0.000	0.040
28	A	0.000	0.040	0.000	0.000	0.040
29	D	0.000	0.039	0.000	0.000	0.039
30	A	0.000	0.039	0.000	0.000	0.039
31	S	0.036	0.003	0.000	0.000	0.003
32	D	0.000	0.003	0.000	0.000	0.003
33	V	0.000	0.003	0.000	0.000	0.003
34	A	0.000	0.003	0.000	0.000	0.003
35	L	0.000	0.003	0.000	0.000	0.003
36	L	0.000	0.003	0.000	0.000	0.003
37	T	0.000	0.003	0.000	0.000	0.003
38	S	0.000	0.003	0.000	0.000	0.003
39	F	0.000	0.003	0.000	0.000	0.003
40	A	0.000	0.003	0.000	0.000	0.003
>XP_003188754.1
pos	aa	C	S	n-reg	h-reg	c-reg
1	M	0.000	0.998	0.998	0.000	0.000
2	K	0.000	0.998	0.998	0.000	0.000
3	T	0.000	0.998	0.897	0.102	0.000
4	A	0.000	0.998	0.550	0.449	0.000
5	L	0.000	0.998	0.228	0.771	0.000
6	V	0.000	0.998	0.108	0.890	0.000
7	T	0.000	0.999	0.074	0.925	0.000
8	L	0.000	0.999	0.047	0.951	0.000
9	Y	0.000	0.998	0.042	0.956	0.000
10	S	0.000	0.998	0.037	0.961	0.000
11	C	0.000	0.999	0.017	0.977	0.004
12	L	0.000	0.999	0.007	0.967	0.024
13	G	0.000	0.998	0.006	0.864	0.129
14	L	0.000	0.998	0.003	0.816	0.179
15	G	0.000	0.998	0.002	0.673	0.323
16	L	0.005	0.994	0.001	0.276	0.716
17	P	0.000	0.994	0.001	0.058	0.935
18	A	0.007	0.987	0.000	0.046	0.941
19	L	0.002	0.985	0.000	0.044	0.941
20	A	0.001	0.984	0.000	0.041	0.943
21	A	0.714	0.270	0.000	0.039	0.231
22	L	0.083	0.187	0.000	0.032	0.155
23	M	0.101	0.086	0.000	0.009	0.078
24	E	0.000	0.086	0.000	0.003	0.083
25	I	0.000	0.086	0.000	0.002	0.083
26	M	0.000	0.086	0.000	0.001	0.085
27	L	0.000	0.086	0.000	0.001	0.085
28	S	0.001	0.085	0.000	0.001	0.084
29	N	0.006	0.079	0.000	0.000	0.079
30	S	0.000	0.079	0.000	0.000	0.079
31	T	0.046	0.033	0.000	0.000	0.033
32	S	0.000	0.032	0.000	0.000	0.032
33	C	0.002	0.030	0.000	0.000	0.030
34	Q	0.026	0.005	0.000	0.000	0.005
35	I	0.001	0.004	0.000	0.000	0.004
36	R	0.000	0.004	0.000	0.000	0.004
37	G	0.000	0.004	0.000	0.000	0.004
38	G	0.002	0.002	0.000	0.000	0.002
39	D	0.001	0.002	0.000	0.000	0.002
40	S	0.000	0.002	0.000	0.000	0.002
>XP_003188757.1
pos	aa	C	S	n-reg	h-reg	c-reg
1	M	0.000	0.995	0.995	0.000	0.000
2	K	0.000	0.997	0.997	0.000	0.000
3	P	0.000	0.997	0.995	0.002	0.000
4	P	0.000	0.997	0.977	0.021	0.000
5	T	0.000	0.997	0.755	0.242	0.000
6	I	0.000	0.997	0.155	0.842	0.000
7	L	0.000	0.997	0.040	0.957	0.000
8	A	0.000	0.997	0.022	0.975	0.000
9	T	0.000	0.997	0.003	0.995	0.000
10	I	0.000	0.997	0.001	0.997	0.000
11	I	0.000	0.997	0.000	0.997	0.000
12	T	0.000	0.997	0.000	0.997	0.001
13	L	0.000	0.997	0.000	0.988	0.010
14	T	0.000	0.997	0.000	0.887	0.111
15	L	0.000	0.997	0.000	0.850	0.148
16	T	0.000	0.997	0.000	0.785	0.213
17	G	0.001	0.996	0.000	0.036	0.961
18	L	0.003	0.993	0.000	0.016	0.977
19	S	0.005	0.987	0.000	0.003	0.984
20	V	0.010	0.978	0.000	0.003	0.975
21	A	0.000	0.977	0.000	0.001	0.975
22	D	0.970	0.005	0.000	0.000	0.005
23	K	0.000	0.005	0.000	0.000	0.005
24	T	0.000	0.005	0.000	0.000	0.005
25	C	0.000	0.005	0.000	0.000	0.005
26	T	0.004	0.001	0.000	0.000	0.001
27	P	0.000	0.001	0.000	0.000	0.001
28	S	0.000	0.001	0.000	0.000	0.001
29	F	0.001	0.000	0.000	0.000	0.000
30	D	0.000	0.000	0.000	0.000	0.000
31	Y	0.000	0.000	0.000	0.000	0.000
32	C	0.000	0.000	0.000	0.000	0.000
33	S	0.000	0.000	0.000	0.000	0.000
34	D	0.000	0.000	0.000	0.000	0.000
35	V	0.000	0.000	0.000	0.000	0.000
36	L	0.000	0.000	0.000	0.000	0.000
37	L	0.000	0.000	0.000	0.000	0.000
38	N	0.000	0.000	0.000	0.000	0.000
39	S	0.000	0.000	0.000	0.000	0.000
40	K	0.000	0.000	0.000	0.000	0.000
>XP_003188758.1
pos	aa	C	S	n-reg	h-reg	c-reg
1	M	0.000	0.853	0.853	0.000	0.000
2	L	0.000	0.853	0.853	0.000	0.000
3	P	0.000	0.853	0.852	0.001	0.000
4	T	0.000	0.853	0.844	0.009	0.000
5	A	0.000	0.853	0.821	0.032	0.000
6	A	0.000	0.853	0.780	0.073	0.000
7	R	0.000	0.853	0.763	0.091	0.000
8	L	0.000	0.853	0.215	0.638	0.000
9	A	0.000	0.853	0.032	0.821	0.000
10	A	0.000	0.853	0.017	0.837	0.000
11	A	0.000	0.853	0.015	0.838	0.000
12	R	0.000	0.853	0.014	0.838	0.001
13	V	0.000	0.853	0.004	0.847	0.002
14	T	0.000	0.853	0.001	0.843	0.009
15	L	0.000	0.853	0.000	0.838	0.015
16	F	0.000	0.853	0.000	0.751	0.101
17	T	0.000	0.853	0.000	0.102	0.751
18	R	0.000	0.852	0.000	0.037	0.816
19	A	0.000	0.852	0.000	0.029	0.824
20	N	0.030	0.823	0.000	0.014	0.808
21	C	0.000	0.823	0.000	0.013	0.809
22	G	0.672	0.150	0.000	0.003	0.147
23	L	0.013	0.138	0.000	0.003	0.135
24	C	0.004	0.134	0.000	0.002	0.132
25	D	0.096	0.038	0.000	0.000	0.038
26	T	0.000	0.038	0.000	0.000	0.038
27	A	0.035	0.003	0.000	0.000	0.003
28	K	0.001	0.002	0.000	0.000	0.002
29	L	0.000	0.002	0.000	0.000	0.002
30	T	0.002	0.001	0.000	0.000	0.001
31	V	0.000	0.000	0.000	0.000	0.000
32	T	0.000	0.000	0.000	0.000	0.000
33	K	0.000	0.000	0.000	0.000	0.000
34	L	0.000	0.000	0.000	0.000	0.000
35	H	0.000	0.000	0.000	0.000	0.000
36	K	0.000	0.000	0.000	0.000	0.000
37	R	0.000	0.000	0.000	0.000	0.000
38	R	0.000	0.000	0.000	0.000	0.000
39	P	0.000	0.000	0.000	0.000	0.000
40	F	0.000	0.000	0.000	0.000	0.000
>XP_003188760.1
pos	aa	C	S	n-reg	h-reg	c-reg
1	M	0.000	0.985	0.985	0.000	0.000
2	S	0.000	0.985	0.985	0.000	0.000
3	W	0.000	0.985	0.985	0.000	0.000
4	L	0.000	0.985	0.985	0.000	0.000
5	T	0.000	0.985	0.985	0.000	0.000
6	R	0.000	0.985	0.985	0.000	0.000
7	S	0.000	0.985	0.985	0.000	0.000
8	S	0.000	0.985	0.985	0.000	0.000
9	I	0.000	0.985	0.985	0.000	0.000
10	C	0.000	0.985	0.985	0.000	0.000
11	H	0.000	0.985	0.985	0.000	0.000
12	P	0.000	0.985	0.985	0.000	0.000
13	Y	0.000	0.985	0.985	0.000	0.000
14	R	0.000	0.985	0.985	0.000	0.000
15	S	0.000	0.985	0.974	0.011	0.000
16	L	0.000	0.985	0.961	0.025	0.000
17	F	0.000	0.985	0.958	0.027	0.000
18	S	0.000	0.985	0.954	0.031	0.000
19	V	0.000	0.985	0.929	0.057	0.000
20	F	0.000	0.985	0.916	0.069	0.000
21	L	0.000	0.985	0.902	0.083	0.000
22	L	0.000	0.985	0.879	0.106	0.000
23	W	0.000	0.985	0.873	0.107	0.005
24	K	0.000	0.985	0.870	0.098	0.018
25	A	0.000	0.985	0.451	0.515	0.019
26	S	0.000	0.985	0.037	0.928	0.020
27	L	0.000	0.985	0.001	0.962	0.022
28	L	0.001	0.984	0.000	0.961	0.024
29	L	0.002	0.983	0.000	0.958	0.025
30	L	0.000	0.983	0.000	0.950	0.032
31	A	0.002	0.980	0.000	0.925	0.055
32	I	0.014	0.967	0.000	0.919	0.047
33	L	0.000	0.967	0.000	0.893	0.073
34	T	0.002	0.964	0.000	0.061	0.904
35	P	0.000	0.964	0.000	0.009	0.955
36	G	0.003	0.961	0.000	0.003	0.957
37	S	0.009	0.951	0.000	0.001	0.950
38	G	0.001	0.950	0.000	0.000	0.950
39	Y	0.944	0.007	0.000	0.000	0.007
40	D	0.000	0.007	0.000	0.000	0.007
>XP_003188767.1
pos	aa	C	S	n-reg	h-reg	c-reg
1	M	0.000	0.741	0.741	0.000	0.000
2	A	0.000	0.742	0.742	0.000	0.000
3	T	0.000	0.742	0.521	0.221	0.000
4	V	0.000	0.742	0.175	0.566	0.000
5	T	0.000	0.742	0.133	0.609	0.000
6	S	0.000	0.742	0.046	0.696	0.000
7	M	0.000	0.742	0.010	0.732	0.000
8	F	0.000	0.742	0.005	0.737	0.000
9	G	0.000	0.742	0.003	0.739	0.000
10	I	0.000	0.742	0.000	0.742	0.000
11	F	0.000	0.742	0.000	0.723	0.019
12	V	0.000	0.742	0.000	0.399	0.343
13	L	0.000	0.742	0.000	0.322	0.420
14	V	0.000	0.742	0.000	0.108	0.634
15	A	0.000	0.742	0.000	0.030	0.712
16	G	0.019	0.722	0.000	0.019	0.703
17	M	0.594	0.128	0.000	0.015	0.113
18	P	0.000	0.128	0.000	0.001	0.127
19	P	0.019	0.109	0.000	0.000	0.108
20	K	0.082	0.026	0.000	0.000	0.026
21	P	0.000	0.026	0.000	0.000	0.026
22	S	0.001	0.025	0.000	0.000	0.025
23	N	0.019	0.006	0.000	0.000	0.006
24	D	0.000	0.006	0.000	0.000	0.006
25	A	0.000	0.006	0.000	0.000	0.006
26	S	0.006	0.000	0.000	0.000	0.000
27	R	0.000	0.000	0.000	0.000	0.000
28	R	0.000	0.000	0.000	0.000	0.000
29	Q	0.000	0.000	0.000	0.000	0.000
30	E	0.000	0.000	0.000	0.000	0.000
31	Y	0.000	0.000	0.000	0.000	0.000
32	L	0.000	0.000	0.000	0.000	0.000
33	P	0.000	0.000	0.000	0.000	0.000
34	G	0.000	0.000	0.000	0.000	0.000
35	V	0.000	0.000	0.000	0.000	0.000
36	T	0.000	0.000	0.000	0.000	0.000
37	I	0.000	0.000	0.000	0.000	0.000
38	S	0.000	0.000	0.000	0.000	0.000
39	N	0.000	0.000	0.000	0.000	0.000
40	Y	0.000	0.000	0.000	0.000	0.000
>XP_003188777.1
pos	aa	C	S	n-reg	h-reg	c-reg
1	M	0.000	0.964	0.964	0.000	0.000
2	V	0.000	0.964	0.964	0.000	0.000
3	S	0.000	0.964	0.964	0.000	0.000
4	M	0.000	0.964	0.964	0.000	0.000
5	S	0.000	0.964	0.963	0.000	0.000
6	A	0.000	0.964	0.961	0.003	0.000
7	L	0.000	0.964	0.959	0.005	0.000
8	R	0.000	0.964	0.958	0.005	0.000
9	H	0.000	0.964	0.902	0.062	0.000
10	G	0.000	0.964	0.550	0.414	0.000
11	L	0.000	0.964	0.238	0.726	0.000
12	G	0.000	0.964	0.168	0.796	0.000
13	V	0.000	0.964	0.007	0.956	0.000
14	L	0.000	0.964	0.001	0.963	0.000
15	Y	0.000	0.964	0.000	0.963	0.000
16	L	0.000	0.964	0.000	0.963	0.000
17	A	0.000	0.964	0.000	0.956	0.008
18	S	0.000	0.964	0.000	0.892	0.072
19	W	0.000	0.964	0.000	0.853	0.111
20	L	0.000	0.964	0.000	0.828	0.135
21	G	0.000	0.964	0.000	0.090	0.874
22	S	0.000	0.964	0.000	0.024	0.939
23	S	0.000	0.963	0.000	0.005	0.958
24	L	0.002	0.962	0.000	0.002	0.959
25	A	0.002	0.959	0.000	0.001	0.959
26	A	0.863	0.096	0.000	0.000	0.096
27	S	0.045	0.051	0.000	0.000	0.051
28	T	0.024	0.027	0.000	0.000	0.027
29	E	0.022	0.005	0.000	0.000	0.005
30	Q	0.000	0.005	0.000	0.000	0.005
31	W	0.005	0.000	0.000	0.000	0.000
32	K	0.000	0.000	0.000	0.000	0.000
33	S	0.000	0.000	0.000	0.000	0.000
34	R	0.000	0.000	0.000	0.000	0.000
35	S	0.000	0.000	0.000	0.000	0.000
36	I	0.000	0.000	0.000	0.000	0.000
37	Y	0.000	0.000	0.000	0.000	0.000
38	Q	0.000	0.000	0.000	0.000	0.000
39	T	0.000	0.000	0.000	0.000	0.000
40	M	0.000	0.000	0.000	0.000	0.000
>XP_003188781.1
pos	aa	C	S	n-reg	h-reg	c-reg
1	M	0.000	0.717	0.717	0.000	0.000
2	A	0.000	0.986	0.986	0.000	0.000
3	G	0.000	0.986	0.977	0.009	0.000
4	T	0.000	0.986	0.949	0.037	0.000
5	C	0.000	0.986	0.879	0.108	0.000
6	S	0.000	0.986	0.787	0.200	0.000
7	M	0.000	0.986	0.467	0.520	0.000
8	L	0.000	0.986	0.194	0.793	0.000
9	C	0.000	0.986	0.093	0.893	0.000
10	L	0.000	0.986	0.040	0.947	0.000
11	I	0.000	0.986	0.018	0.967	0.001
12	L	0.000	0.986	0.010	0.973	0.003
13	I	0.000	0.986	0.007	0.971	0.008
14	T	0.000	0.986	0.006	0.953	0.027
15	L	0.001	0.986	0.006	0.933	0.048
16	F	0.005	0.980	0.005	0.896	0.078
17	I	0.000	0.980	0.005	0.746	0.229
18	P	0.000	0.980	0.005	0.606	0.369
19	P	0.001	0.975	0.005	0.401	0.569
20	L	0.027	0.947	0.005	0.324	0.618
21	G	0.002	0.942	0.004	0.284	0.653
22	V	0.222	0.717	0.004	0.274	0.439
23	F	0.000	0.709	0.004	0.255	0.451
24	M	0.000	0.692	0.004	0.234	0.455
25	I	0.000	0.674	0.004	0.214	0.456
26	S	0.000	0.629	0.004	0.169	0.456
27	G	0.034	0.575	0.004	0.149	0.422
28	C	0.345	0.215	0.004	0.135	0.077
29	S	0.017	0.177	0.004	0.114	0.060
30	V	0.012	0.156	0.003	0.105	0.048
31	D	0.000	0.132	0.003	0.081	0.048
32	L	0.000	0.131	0.001	0.083	0.048
33	L	0.002	0.128	0.000	0.082	0.045
34	I	0.000	0.125	0.000	0.080	0.045
35	N	0.000	0.119	0.000	0.074	0.045
36	I	0.000	0.119	0.000	0.074	0.045
37	L	0.000	0.118	0.000	0.073	0.045
38	L	0.000	0.118	0.000	0.073	0.045
39	T	0.000	0.115	0.000	0.070	0.045
40	I	0.002	0.111	0.000	0.069	0.043
>XP_003188782.1
pos	aa	C	S	n-reg	h-reg	c-reg
1	M	0.000	1.000	1.000	0.000	0.000
2	R	0.000	1.000	1.000	0.000	0.000
3	F	0.000	1.000	0.783	0.217	0.000
4	A	0.000	1.000	0.492	0.508	0.000
5	A	0.000	1.000	0.292	0.708	0.000
6	L	0.000	1.000	0.071	0.928	0.000
7	V	0.000	1.000	0.020	0.979	0.000
8	I	0.000	1.000	0.006	0.993	0.000
9	G	0.000	1.000	0.003	0.996	0.000
10	L	0.000	1.000	0.001	0.999	0.000
11	L	0.000	1.000	0.000	0.995	0.004
12	A	0.000	1.000	0.000	0.928	0.071
13	T	0.000	1.000	0.000	0.812	0.188
14	F	0.000	1.000	0.000	0.733	0.267
15	V	0.000	1.000	0.000	0.581	0.418
16	S	0.000	1.000	0.000	0.144	0.855
17	S	0.000	0.999	0.000	0.060	0.940
18	V	0.019	0.980	0.000	0.014	0.966
19	A	0.000	0.980	0.000	0.008	0.972
20	A	0.088	0.892	0.000	0.000	0.892
21	T	0.615	0.278	0.000	0.000	0.277
22	A	0.067	0.210	0.000	0.000	0.210
23	L	0.135	0.076	0.000	0.000	0.076
24	T	0.007	0.068	0.000	0.000	0.068
25	Y	0.068	0.000	0.000	0.000	0.000
26	R	0.000	0.000	0.000	0.000	0.000
27	L	0.000	0.000	0.000	0.000	0.000
28	E	0.000	0.000	0.000	0.000	0.000
29	A	0.000	0.000	0.000	0.000	0.000
30	N	0.000	0.000	0.000	0.000	0.000
31	E	0.000	0.000	0.000	0.000	0.000
32	K	0.000	0.000	0.000	0.000	0.000
33	A	0.000	0.000	0.000	0.000	0.000
34	C	0.000	0.000	0.000	0.000	0.000
35	F	0.000	0.000	0.000	0.000	0.000
36	Y	0.000	0.000	0.000	0.000	0.000
37	N	0.000	0.000	0.000	0.000	0.000
38	Y	0.000	0.000	0.000	0.000	0.000
39	V	0.000	0.000	0.000	0.000	0.000
40	D	0.000	0.000	0.000	0.000	0.000
>XP_003188795.1
pos	aa	C	S	n-reg	h-reg	c-reg
1	M	0.000	0.765	0.765	0.000	0.000
2	A	0.000	0.953	0.953	0.000	0.000
3	T	0.000	0.953	0.953	0.000	0.000
4	P	0.000	0.953	0.953	0.000	0.000
5	R	0.000	0.953	0.953	0.000	0.000
6	M	0.000	0.953	0.932	0.021	0.000
7	G	0.000	0.953	0.851	0.101	0.000
8	G	0.000	0.953	0.703	0.250	0.000
9	V	0.000	0.953	0.331	0.622	0.000
10	V	0.000	0.953	0.189	0.764	0.000
11	A	0.000	0.953	0.113	0.840	0.000
12	A	0.000	0.953	0.053	0.900	0.000
13	V	0.000	0.953	0.021	0.932	0.000
14	T	0.000	0.953	0.011	0.940	0.002
15	V	0.000	0.953	0.001	0.948	0.003
16	A	0.000	0.953	0.000	0.945	0.007
17	I	0.001	0.952	0.000	0.900	0.052
18	V	0.000	0.952	0.000	0.870	0.081
19	L	0.000	0.951	0.000	0.809	0.142
20	F	0.001	0.948	0.000	0.550	0.398
21	A	0.000	0.939	0.000	0.377	0.562
22	I	0.093	0.835	0.000	0.284	0.551
23	Y	0.000	0.807	0.000	0.160	0.647
24	L	0.000	0.783	0.000	0.122	0.661
25	S	0.181	0.531	0.000	0.042	0.488
26	P	0.033	0.464	0.000	0.008	0.456
27	S	0.105	0.355	0.000	0.004	0.351
28	T	0.329	0.024	0.000	0.002	0.022
29	D	0.022	0.000	0.000	0.000	0.000
30	V	0.000	0.000	0.000	0.000	0.000
31	I	0.000	0.000	0.000	0.000	0.000
32	V	0.000	0.000	0.000	0.000	0.000
33	E	0.000	0.000	0.000	0.000	0.000
34	H	0.000	0.000	0.000	0.000	0.000
35	I	0.000	0.000	0.000	0.000	0.000
36	N	0.000	0.000	0.000	0.000	0.000
37	D	0.000	0.000	0.000	0.000	0.000
38	Y	0.000	0.000	0.000	0.000	0.000
39	Y	0.000	0.000	0.000	0.000	0.000
40	N	0.000	0.000	0.000	0.000	0.000
>XP_003188796.1
pos	aa	C	S	n-reg	h-reg	c-reg
1	M	0.000	0.450	0.450	0.000	0.000
2	A	0.000	0.986	0.986	0.000	0.000
3	Y	0.000	0.986	0.985	0.000	0.000
4	I	0.000	0.986	0.983	0.002	0.000
5	G	0.000	0.986	0.982	0.003	0.000
6	D	0.000	0.986	0.979	0.007	0.000
7	A	0.000	0.986	0.612	0.374	0.000
8	A	0.000	0.986	0.324	0.661	0.000
9	V	0.000	0.986	0.091	0.894	0.000
10	I	0.000	0.986	0.031	0.955	0.000
11	F	0.000	0.986	0.009	0.976	0.000
12	F	0.000	0.986	0.002	0.984	0.000
13	V	0.000	0.986	0.000	0.985	0.000
14	I	0.000	0.986	0.000	0.985	0.000
15	L	0.000	0.986	0.000	0.978	0.007
16	G	0.000	0.986	0.000	0.941	0.045
17	C	0.000	0.985	0.000	0.919	0.066
18	V	0.000	0.985	0.000	0.887	0.098
19	M	0.000	0.975	0.000	0.747	0.228
20	V	0.000	0.957	0.000	0.558	0.398
21	T	0.000	0.897	0.000	0.466	0.431
22	L	0.003	0.840	0.000	0.399	0.441
23	S	0.019	0.663	0.000	0.236	0.426
24	G	0.171	0.416	0.000	0.161	0.255
25	Y	0.221	0.143	0.000	0.109	0.035
26	S	0.000	0.098	0.000	0.064	0.035
27	T	0.029	0.048	0.000	0.042	0.005
28	H	0.004	0.025	0.000	0.024	0.001
29	Y	0.000	0.023	0.000	0.022	0.001
30	L	0.000	0.021	0.000	0.019	0.001
31	M	0.000	0.014	0.000	0.013	0.001
32	T	0.000	0.008	0.000	0.007	0.001
33	N	0.000	0.002	0.000	0.001	0.001
34	G	0.000	0.002	0.000	0.001	0.001
35	F	0.000	0.001	0.000	0.001	0.000
36	Y	0.000	0.001	0.000	0.001	0.000
37	G	0.000	0.001	0.000	0.000	0.000
38	L	0.000	0.000	0.000	0.000	0.000
39	E	0.000	0.000	0.000	0.000	0.000
40	R	0.000	0.000	0.000	0.000	0.000
>XP_003188809.1
pos	aa	C	S	n-reg	h-reg	c-reg
1	M	0.000	0.959	0.959	0.000	0.000
2	S	0.000	0.997	0.997	0.000	0.000
3	K	0.000	0.997	0.997	0.000	0.000
4	R	0.000	0.997	0.997	0.000	0.000
5	R	0.000	0.997	0.997	0.000	0.000
6	L	0.000	0.997	0.997	0.000	0.000
7	F	0.000	0.997	0.997	0.000	0.000
8	R	0.000	0.997	0.997	0.000	0.000
9	W	0.000	0.997	0.997	0.000	0.000
10	P	0.000	0.997	0.997	0.000	0.000
11	A	0.000	0.997	0.997	0.000	0.000
12	R	0.000	0.997	0.997	0.000	0.000
13	R	0.000	0.997	0.994	0.003	0.000
14	T	0.000	0.997	0.825	0.171	0.000
15	A	0.000	0.997	0.664	0.333	0.000
16	G	0.000	0.997	0.547	0.450	0.000
17	L	0.000	0.997	0.270	0.727	0.000
18	G	0.000	0.997	0.188	0.809	0.000
19	C	0.000	0.997	0.056	0.941	0.000
20	L	0.000	0.997	0.023	0.974	0.000
21	A	0.000	0.997	0.010	0.986	0.000
22	L	0.000	0.997	0.001	0.980	0.015
23	L	0.000	0.997	0.000	0.960	0.036
24	V	0.000	0.997	0.000	0.914	0.083
25	T	0.000	0.997	0.000	0.630	0.367
26	S	0.001	0.995	0.000	0.487	0.507
27	M	0.049	0.945	0.000	0.390	0.555
28	V	0.000	0.944	0.000	0.358	0.586
29	S	0.000	0.940	0.000	0.234	0.706
30	W	0.302	0.636	0.000	0.067	0.569
31	Y	0.000	0.633	0.000	0.042	0.591
32	L	0.000	0.630	0.000	0.037	0.594
33	Y	0.022	0.601	0.000	0.016	0.584
34	G	0.000	0.594	0.000	0.009	0.585
35	T	0.447	0.143	0.000	0.004	0.138
36	R	0.007	0.132	0.000	0.000	0.132
37	P	0.000	0.132	0.000	0.000	0.132
38	Y	0.131	0.001	0.000	0.000	0.001
39	E	0.000	0.001	0.000	0.000	0.001
40	P	0.000	0.001	0.000	0.000	0.001
>XP_003188832.1
pos	aa	C	S	n-reg	h-reg	c-reg
1	M	0.000	0.999	0.999	0.000	0.000
2	Q	0.000	0.999	0.999	0.000	0.000
3	L	0.000	0.999	0.586	0.413	0.000
4	F	0.000	0.999	0.496	0.503	0.000
5	N	0.000	0.999	0.469	0.530	0.000
6	A	0.000	0.999	0.050	0.949	0.000
7	L	0.000	0.999	0.006	0.993	0.000
8	F	0.000	0.999	0.001	0.998	0.000
9	V	0.000	0.999	0.000	0.999	0.000
10	L	0.000	0.999	0.000	0.999	0.000
11	L	0.000	0.999	0.000	0.949	0.050
12	A	0.000	0.999	0.000	0.854	0.145
13	S	0.000	0.999	0.000	0.797	0.202
14	T	0.000	0.999	0.000	0.118	0.881
15	L	0.000	0.998	0.000	0.077	0.921
16	A	0.001	0.997	0.000	0.015	0.982
17	T	0.041	0.957	0.000	0.008	0.949
18	A	0.020	0.937	0.000	0.003	0.933
19	Q	0.884	0.052	0.000	0.000	0.052
20	L	0.009	0.044	0.000	0.000	0.043
21	P	0.030	0.014	0.000	0.000	0.014
22	N	0.005	0.010	0.000	0.000	0.010
23	I	0.000	0.010	0.000	0.000	0.010
24	P	0.000	0.010	0.000	0.000	0.010
25	S	0.000	0.009	0.000	0.000	0.009
26	C	0.003	0.007	0.000	0.000	0.007
27	S	0.005	0.002	0.000	0.000	0.002
28	I	0.002	0.000	0.000	0.000	0.000
29	N	0.000	0.000	0.000	0.000	0.000
30	C	0.000	0.000	0.000	0.000	0.000
31	F	0.000	0.000	0.000	0.000	0.000
32	I	0.000	0.000	0.000	0.000	0.000
33	S	0.000	0.000	0.000	0.000	0.000
34	A	0.000	0.000	0.000	0.000	0.000
35	F	0.000	0.000	0.000	0.000	0.000
36	E	0.000	0.000	0.000	0.000	0.000
37	R	0.000	0.000	0.000	0.000	0.000
38	D	0.000	0.000	0.000	0.000	0.000
39	G	0.000	0.000	0.000	0.000	0.000
40	C	0.000	0.000	0.000	0.000	0.000
>XP_003188843.1
pos	aa	C	S	n-reg	h-reg	c-reg
1	M	0.000	0.868	0.868	0.000	0.000
2	S	0.000	0.992	0.992	0.000	0.000
3	N	0.000	0.992	0.992	0.000	0.000
4	P	0.000	0.992	0.992	0.000	0.000
5	H	0.000	0.992	0.992	0.000	0.000
6	L	0.000	0.992	0.985	0.007	0.000
7	P	0.000	0.992	0.974	0.018	0.000
8	I	0.000	0.992	0.878	0.114	0.000
9	T	0.000	0.992	0.821	0.171	0.000
10	I	0.000	0.992	0.669	0.323	0.000
11	T	0.000	0.992	0.601	0.391	0.000
12	S	0.000	0.992	0.516	0.476	0.000
13	T	0.000	0.992	0.358	0.634	0.000
14	L	0.000	0.992	0.145	0.846	0.000
15	T	0.000	0.992	0.086	0.906	0.000
16	I	0.000	0.992	0.020	0.972	0.000
17	L	0.000	0.992	0.005	0.985	0.002
18	L	0.000	0.992	0.002	0.981	0.009
19	L	0.000	0.992	0.001	0.965	0.026
20	L	0.000	0.992	0.001	0.913	0.078
21	V	0.000	0.991	0.001	0.849	0.141
22	S	0.000	0.987	0.001	0.564	0.422
23	F	0.002	0.983	0.001	0.487	0.495
24	S	0.000	0.980	0.001	0.352	0.627
25	L	0.056	0.922	0.001	0.271	0.650
26	T	0.002	0.914	0.001	0.197	0.716
27	T	0.169	0.739	0.001	0.109	0.630
28	Y	0.015	0.720	0.001	0.097	0.622
29	T	0.000	0.716	0.001	0.091	0.624
30	L	0.155	0.557	0.001	0.088	0.469
31	T	0.002	0.545	0.001	0.077	0.468
32	T	0.223	0.313	0.001	0.067	0.245
33	Y	0.002	0.303	0.001	0.060	0.243
34	L	0.000	0.296	0.001	0.053	0.243
35	H	0.003	0.272	0.001	0.032	0.239
36	L	0.000	0.269	0.001	0.030	0.239
37	A	0.006	0.256	0.001	0.021	0.233
38	H	0.002	0.244	0.001	0.012	0.232
39	T	0.000	0.243	0.001	0.011	0.232
40	A	0.041	0.200	0.001	0.009	0.190
