>XP_001399407.2
pos	aa	C	S	n-reg	h-reg	c-reg
1	M	0.000	0.954	0.954	0.000	0.000
2	R	0.000	0.954	0.954	0.000	0.000
3	S	0.000	0.954	0.948	0.006	0.000
4	H	0.000	0.954	0.935	0.019	0.000
5	H	0.000	0.954	0.889	0.065	0.000
6	I	0.000	0.954	0.240	0.714	0.000
7	T	0.000	0.954	0.038	0.916	0.000
8	A	0.000	0.954	0.018	0.936	0.000
9	F	0.000	0.954	0.000	0.954	0.000
10	L	0.000	0.954	0.000	0.954	0.000
11	L	0.000	0.954	0.000	0.954	0.000
12	L	0.000	0.954	0.000	0.953	0.001
13	L	0.000	0.954	0.000	0.948	0.006
14	L	0.000	0.954	0.000	0.742	0.213
15	H	0.000	0.954	0.000	0.171	0.783
16	S	0.000	0.954	0.000	0.147	0.807
17	Q	0.024	0.930	0.000	0.002	0.928
18	R	0.001	0.929	0.000	0.000	0.929
19	A	0.000	0.929	0.000	0.000	0.929
20	Y	0.348	0.581	0.000	0.000	0.581
21	S	0.000	0.581	0.000	0.000	0.581
22	D	0.561	0.021	0.000	0.000	0.021
23	L	0.000	0.021	0.000	0.000	0.021
24	G	0.014	0.007	0.000	0.000	0.007
25	I	0.003	0.004	0.000	0.000	0.004
26	Q	0.000	0.004	0.000	0.000	0.004
27	V	0.000	0.004	0.000	0.000	0.004
28	N	0.000	0.004	0.000	0.000	0.004
29	D	0.000	0.004	0.000	0.000	0.004
30	A	0.000	0.004	0.000	0.000	0.004
31	N	0.001	0.003	0.000	0.000	0.003
32	S	0.000	0.003	0.000	0.000	0.003
33	L	0.000	0.003	0.000	0.000	0.003
34	A	0.000	0.003	0.000	0.000	0.003
35	N	0.000	0.003	0.000	0.000	0.003
36	A	0.000	0.003	0.000	0.000	0.003
37	G	0.000	0.002	0.000	0.000	0.002
38	S	0.000	0.002	0.000	0.000	0.002
39	T	0.000	0.002	0.000	0.000	0.002
40	I	0.000	0.002	0.000	0.000	0.002
>XP_001399419.2
pos	aa	C	S	n-reg	h-reg	c-reg
1	M	0.000	0.038	0.038	0.000	0.000
2	L	0.000	0.038	0.038	0.000	0.000
3	A	0.000	0.038	0.026	0.011	0.000
4	A	0.000	0.038	0.020	0.018	0.000
5	T	0.000	0.038	0.015	0.023	0.000
6	V	0.000	0.038	0.001	0.037	0.000
7	V	0.000	0.038	0.000	0.037	0.000
8	A	0.000	0.038	0.000	0.037	0.000
9	E	0.000	0.038	0.000	0.037	0.000
10	M	0.000	0.038	0.000	0.037	0.000
11	I	0.000	0.038	0.000	0.037	0.000
12	I	0.000	0.038	0.000	0.037	0.001
13	F	0.000	0.038	0.000	0.035	0.002
14	G	0.000	0.038	0.000	0.002	0.036
15	Y	0.000	0.038	0.000	0.001	0.037
16	S	0.000	0.038	0.000	0.000	0.037
17	W	0.000	0.037	0.000	0.000	0.037
18	G	0.000	0.037	0.000	0.000	0.037
19	H	0.036	0.001	0.000	0.000	0.001
20	P	0.000	0.001	0.000	0.000	0.001
21	L	0.000	0.001	0.000	0.000	0.000
22	S	0.000	0.001	0.000	0.000	0.000
23	I	0.000	0.001	0.000	0.000	0.000
24	F	0.000	0.001	0.000	0.000	0.000
25	A	0.000	0.001	0.000	0.000	0.000
26	L	0.000	0.000	0.000	0.000	0.000
27	G	0.000	0.000	0.000	0.000	0.000
28	S	0.000	0.000	0.000	0.000	0.000
29	F	0.000	0.000	0.000	0.000	0.000
30	K	0.000	0.000	0.000	0.000	0.000
31	A	0.000	0.000	0.000	0.000	0.000
32	F	0.000	0.000	0.000	0.000	0.000
33	T	0.000	0.000	0.000	0.000	0.000
34	Y	0.000	0.000	0.000	0.000	0.000
35	F	0.000	0.000	0.000	0.000	0.000
36	F	0.000	0.000	0.000	0.000	0.000
37	I	0.000	0.000	0.000	0.000	0.000
38	I	0.000	0.000	0.000	0.000	0.000
39	H	0.000	0.000	0.000	0.000	0.000
40	T	0.000	0.000	0.000	0.000	0.000
>XP_001399438.2
pos	aa	C	S	n-reg	h-reg	c-reg
1	M	0.000	0.254	0.254	0.000	0.000
2	N	0.000	0.254	0.254	0.000	0.000
3	A	0.000	0.254	0.254	0.000	0.000
4	Q	0.000	0.254	0.254	0.000	0.000
5	P	0.000	0.254	0.254	0.000	0.000
6	K	0.000	0.254	0.254	0.000	0.000
7	S	0.000	0.254	0.254	0.000	0.000
8	G	0.000	0.254	0.254	0.000	0.000
9	V	0.000	0.254	0.254	0.000	0.000
10	A	0.000	0.254	0.254	0.000	0.000
11	L	0.000	0.254	0.254	0.000	0.000
12	A	0.000	0.254	0.254	0.000	0.000
13	A	0.000	0.254	0.254	0.001	0.000
14	R	0.000	0.254	0.253	0.001	0.000
15	Y	0.000	0.254	0.238	0.016	0.000
16	T	0.000	0.254	0.207	0.047	0.000
17	I	0.000	0.254	0.127	0.127	0.000
18	P	0.000	0.254	0.101	0.153	0.000
19	F	0.000	0.254	0.037	0.217	0.000
20	V	0.000	0.254	0.011	0.243	0.000
21	L	0.000	0.254	0.000	0.254	0.000
22	L	0.000	0.254	0.000	0.254	0.000
23	L	0.000	0.254	0.000	0.254	0.000
24	I	0.000	0.254	0.000	0.253	0.001
25	P	0.000	0.254	0.000	0.225	0.029
26	F	0.000	0.254	0.000	0.202	0.052
27	W	0.000	0.254	0.000	0.173	0.081
28	M	0.000	0.254	0.000	0.149	0.105
29	T	0.000	0.254	0.000	0.008	0.246
30	R	0.001	0.253	0.000	0.001	0.252
31	I	0.000	0.253	0.000	0.000	0.252
32	N	0.000	0.253	0.000	0.000	0.253
33	A	0.000	0.253	0.000	0.000	0.253
34	V	0.235	0.018	0.000	0.000	0.018
35	V	0.000	0.018	0.000	0.000	0.018
36	P	0.000	0.018	0.000	0.000	0.018
37	E	0.018	0.000	0.000	0.000	0.000
38	P	0.000	0.000	0.000	0.000	0.000
39	Y	0.000	0.000	0.000	0.000	0.000
40	L	0.000	0.000	0.000	0.000	0.000
>XP_001399444.1
pos	aa	C	S	n-reg	h-reg	c-reg
1	M	0.000	0.874	0.874	0.000	0.000
2	K	0.000	0.874	0.874	0.000	0.000
3	L	0.000	0.874	0.555	0.319	0.000
4	S	0.000	0.874	0.456	0.419	0.000
5	T	0.000	0.874	0.359	0.515	0.000
6	I	0.000	0.874	0.098	0.777	0.000
7	F	0.000	0.874	0.009	0.866	0.000
8	A	0.000	0.874	0.005	0.870	0.000
9	G	0.000	0.874	0.001	0.874	0.000
10	A	0.000	0.874	0.000	0.874	0.000
11	T	0.000	0.874	0.000	0.861	0.013
12	L	0.000	0.874	0.000	0.847	0.028
13	L	0.000	0.874	0.000	0.821	0.053
14	A	0.000	0.874	0.000	0.685	0.189
15	G	0.001	0.874	0.000	0.106	0.768
16	I	0.001	0.872	0.000	0.086	0.786
17	T	0.000	0.872	0.000	0.004	0.868
18	M	0.001	0.872	0.000	0.002	0.870
19	A	0.000	0.872	0.000	0.000	0.872
20	E	0.703	0.169	0.000	0.000	0.169
21	L	0.000	0.169	0.000	0.000	0.169
22	D	0.167	0.001	0.000	0.000	0.001
23	P	0.000	0.001	0.000	0.000	0.001
24	I	0.001	0.000	0.000	0.000	0.000
25	V	0.000	0.000	0.000	0.000	0.000
26	I	0.000	0.000	0.000	0.000	0.000
27	K	0.000	0.000	0.000	0.000	0.000
28	G	0.000	0.000	0.000	0.000	0.000
29	S	0.000	0.000	0.000	0.000	0.000
30	K	0.000	0.000	0.000	0.000	0.000
31	F	0.000	0.000	0.000	0.000	0.000
32	F	0.000	0.000	0.000	0.000	0.000
33	F	0.000	0.000	0.000	0.000	0.000
34	K	0.000	0.000	0.000	0.000	0.000
35	S	0.000	0.000	0.000	0.000	0.000
36	N	0.000	0.000	0.000	0.000	0.000
37	D	0.000	0.000	0.000	0.000	0.000
38	T	0.000	0.000	0.000	0.000	0.000
39	Q	0.000	0.000	0.000	0.000	0.000
40	F	0.000	0.000	0.000	0.000	0.000
>XP_001399458.2
pos	aa	C	S	n-reg	h-reg	c-reg
1	M	0.000	0.577	0.577	0.000	0.000
2	A	0.000	0.577	0.577	0.000	0.000
3	L	0.000	0.577	0.435	0.142	0.000
4	I	0.000	0.577	0.369	0.208	0.000
5	P	0.000	0.577	0.347	0.229	0.000
6	T	0.000	0.577	0.194	0.382	0.000
7	F	0.000	0.577	0.067	0.510	0.000
8	G	0.000	0.577	0.031	0.546	0.000
9	T	0.000	0.577	0.019	0.558	0.000
10	G	0.000	0.577	0.012	0.565	0.000
11	L	0.000	0.577	0.003	0.571	0.002
12	F	0.000	0.577	0.001	0.562	0.013
13	I	0.000	0.577	0.001	0.544	0.032
14	G	0.000	0.577	0.001	0.386	0.190
15	A	0.000	0.577	0.001	0.304	0.272
16	G	0.000	0.577	0.000	0.060	0.516
17	Q	0.001	0.575	0.000	0.037	0.538
18	A	0.000	0.575	0.000	0.022	0.553
19	L	0.060	0.515	0.000	0.019	0.496
20	A	0.000	0.515	0.000	0.014	0.501
21	A	0.407	0.108	0.000	0.006	0.102
22	G	0.012	0.095	0.000	0.004	0.091
23	G	0.065	0.030	0.000	0.001	0.029
24	P	0.000	0.030	0.000	0.001	0.029
25	A	0.002	0.028	0.000	0.001	0.027
26	S	0.015	0.013	0.000	0.000	0.012
27	L	0.000	0.012	0.000	0.000	0.012
28	L	0.008	0.004	0.000	0.000	0.004
29	E	0.002	0.002	0.000	0.000	0.002
30	I	0.000	0.002	0.000	0.000	0.002
31	A	0.000	0.002	0.000	0.000	0.002
32	A	0.000	0.002	0.000	0.000	0.002
33	H	0.001	0.001	0.000	0.000	0.001
34	R	0.000	0.001	0.000	0.000	0.001
35	P	0.000	0.001	0.000	0.000	0.001
36	A	0.000	0.001	0.000	0.000	0.001
37	L	0.000	0.001	0.000	0.000	0.001
38	N	0.000	0.001	0.000	0.000	0.001
39	G	0.000	0.001	0.000	0.000	0.001
40	T	0.000	0.001	0.000	0.000	0.001
>XP_001399462.2
pos	aa	C	S	n-reg	h-reg	c-reg
1	M	0.000	0.000	0.000	0.000	0.000
2	K	0.000	0.000	0.000	0.000	0.000
3	W	0.000	0.000	0.000	0.000	0.000
4	G	0.000	0.000	0.000	0.000	0.000
5	I	0.000	0.000	0.000	0.000	0.000
6	A	0.000	0.000	0.000	0.000	0.000
7	G	0.000	0.000	0.000	0.000	0.000
8	S	0.000	0.000	0.000	0.000	0.000
9	L	0.000	0.000	0.000	0.000	0.000
10	L	0.000	0.000	0.000	0.000	0.000
11	A	0.000	0.000	0.000	0.000	0.000
12	L	0.000	0.000	0.000	0.000	0.000
13	F	0.000	0.000	0.000	0.000	0.000
14	A	0.000	0.000	0.000	0.000	0.000
15	P	0.000	0.000	0.000	0.000	0.000
16	T	0.000	0.000	0.000	0.000	0.000
17	T	0.000	0.000	0.000	0.000	0.000
18	T	0.000	0.000	0.000	0.000	0.000
19	A	0.000	0.000	0.000	0.000	0.000
20	W	0.000	0.000	0.000	0.000	0.000
21	P	0.000	0.000	0.000	0.000	0.000
22	Y	0.000	0.000	0.000	0.000	0.000
23	E	0.000	0.000	0.000	0.000	0.000
24	A	0.000	0.000	0.000	0.000	0.000
25	S	0.000	0.000	0.000	0.000	0.000
26	L	0.000	0.000	0.000	0.000	0.000
27	V	0.000	0.000	0.000	0.000	0.000
28	D	0.000	0.000	0.000	0.000	0.000
29	Y	0.000	0.000	0.000	0.000	0.000
30	N	0.000	0.000	0.000	0.000	0.000
31	L	0.000	0.000	0.000	0.000	0.000
32	N	0.000	0.000	0.000	0.000	0.000
33	V	0.000	0.000	0.000	0.000	0.000
34	N	0.000	0.000	0.000	0.000	0.000
35	K	0.000	0.000	0.000	0.000	0.000
36	T	0.000	0.000	0.000	0.000	0.000
37	A	0.000	0.000	0.000	0.000	0.000
38	T	0.000	0.000	0.000	0.000	0.000
39	S	0.000	0.000	0.000	0.000	0.000
40	P	0.000	0.000	0.000	0.000	0.000
>XP_001399467.1
pos	aa	C	S	n-reg	h-reg	c-reg
1	M	0.000	0.999	0.999	0.000	0.000
2	K	0.000	0.999	0.999	0.000	0.000
3	L	0.000	0.999	0.679	0.320	0.000
4	L	0.000	0.999	0.441	0.558	0.000
5	S	0.000	0.999	0.397	0.603	0.000
6	T	0.000	0.999	0.270	0.729	0.000
7	A	0.000	0.999	0.102	0.897	0.000
8	A	0.000	0.999	0.038	0.961	0.000
9	T	0.000	0.999	0.022	0.977	0.000
10	F	0.000	0.999	0.001	0.999	0.000
11	L	0.000	0.999	0.000	0.998	0.001
12	L	0.000	0.999	0.000	0.987	0.013
13	C	0.000	0.999	0.000	0.953	0.046
14	V	0.000	0.999	0.000	0.895	0.104
15	A	0.000	0.999	0.000	0.561	0.438
16	P	0.001	0.998	0.000	0.149	0.850
17	F	0.005	0.994	0.000	0.136	0.858
18	S	0.000	0.994	0.000	0.005	0.989
19	T	0.001	0.993	0.000	0.001	0.992
20	A	0.007	0.986	0.000	0.000	0.986
21	R	0.569	0.417	0.000	0.000	0.417
22	S	0.000	0.417	0.000	0.000	0.417
23	L	0.415	0.002	0.000	0.000	0.002
24	D	0.002	0.001	0.000	0.000	0.001
25	F	0.000	0.001	0.000	0.000	0.001
26	F	0.000	0.001	0.000	0.000	0.001
27	N	0.000	0.001	0.000	0.000	0.001
28	S	0.000	0.001	0.000	0.000	0.001
29	Q	0.000	0.001	0.000	0.000	0.001
30	T	0.000	0.001	0.000	0.000	0.001
31	P	0.000	0.001	0.000	0.000	0.001
32	I	0.000	0.001	0.000	0.000	0.001
33	K	0.000	0.001	0.000	0.000	0.001
34	A	0.000	0.001	0.000	0.000	0.001
35	E	0.001	0.000	0.000	0.000	0.000
36	N	0.000	0.000	0.000	0.000	0.000
37	E	0.000	0.000	0.000	0.000	0.000
38	A	0.000	0.000	0.000	0.000	0.000
39	V	0.000	0.000	0.000	0.000	0.000
40	K	0.000	0.000	0.000	0.000	0.000
>XP_001399494.2
pos	aa	C	S	n-reg	h-reg	c-reg
1	M	0.000	0.967	0.967	0.000	0.000
2	A	0.000	0.967	0.967	0.000	0.000
3	A	0.000	0.967	0.966	0.002	0.000
4	L	0.000	0.967	0.964	0.004	0.000
5	L	0.000	0.967	0.964	0.004	0.000
6	S	0.000	0.967	0.964	0.004	0.000
7	Y	0.000	0.967	0.964	0.004	0.000
8	L	0.000	0.967	0.963	0.004	0.000
9	P	0.000	0.967	0.963	0.004	0.000
10	P	0.000	0.967	0.963	0.005	0.000
11	F	0.000	0.967	0.954	0.013	0.001
12	E	0.000	0.967	0.949	0.015	0.003
13	G	0.000	0.967	0.918	0.046	0.003
14	L	0.000	0.967	0.847	0.118	0.003
15	L	0.000	0.967	0.829	0.135	0.003
16	P	0.000	0.967	0.828	0.136	0.004
17	K	0.001	0.967	0.822	0.141	0.003
18	W	0.000	0.967	0.270	0.693	0.003
19	L	0.000	0.967	0.061	0.902	0.003
20	F	0.000	0.967	0.020	0.943	0.004
21	L	0.000	0.967	0.000	0.960	0.007
22	V	0.000	0.966	0.000	0.948	0.018
23	S	0.000	0.966	0.000	0.870	0.096
24	V	0.000	0.966	0.000	0.858	0.108
25	V	0.000	0.966	0.000	0.847	0.119
26	S	0.000	0.966	0.000	0.503	0.463
27	A	0.002	0.964	0.000	0.423	0.541
28	A	0.096	0.868	0.000	0.365	0.503
29	N	0.037	0.831	0.000	0.008	0.824
30	S	0.000	0.831	0.000	0.003	0.828
31	I	0.179	0.652	0.000	0.002	0.650
32	Q	0.000	0.652	0.000	0.000	0.652
33	A	0.012	0.640	0.000	0.000	0.640
34	Y	0.629	0.011	0.000	0.000	0.011
35	R	0.000	0.011	0.000	0.000	0.011
36	S	0.000	0.011	0.000	0.000	0.011
37	E	0.006	0.005	0.000	0.000	0.005
38	S	0.000	0.005	0.000	0.000	0.005
39	Y	0.001	0.005	0.000	0.000	0.005
40	A	0.000	0.005	0.000	0.000	0.005
>XP_001399540.1
pos	aa	C	S	n-reg	h-reg	c-reg
1	M	0.000	0.097	0.097	0.000	0.000
2	G	0.000	0.097	0.097	0.000	0.000
3	A	0.000	0.097	0.097	0.000	0.000
4	A	0.000	0.097	0.097	0.000	0.000
5	K	0.000	0.097	0.097	0.000	0.000
6	A	0.000	0.097	0.097	0.000	0.000
7	L	0.000	0.097	0.097	0.000	0.000
8	R	0.000	0.097	0.097	0.000	0.000
9	L	0.000	0.097	0.096	0.000	0.000
10	R	0.000	0.097	0.096	0.001	0.000
11	W	0.000	0.097	0.086	0.010	0.000
12	T	0.000	0.097	0.077	0.020	0.000
13	V	0.000	0.097	0.066	0.031	0.000
14	P	0.000	0.097	0.062	0.035	0.000
15	P	0.000	0.097	0.055	0.041	0.000
16	T	0.000	0.097	0.025	0.072	0.000
17	L	0.000	0.097	0.005	0.091	0.000
18	L	0.000	0.097	0.001	0.096	0.000
19	I	0.000	0.097	0.000	0.096	0.001
20	A	0.000	0.097	0.000	0.093	0.003
21	L	0.000	0.097	0.000	0.091	0.005
22	G	0.000	0.097	0.000	0.068	0.029
23	G	0.001	0.096	0.000	0.065	0.031
24	G	0.000	0.096	0.000	0.047	0.049
25	L	0.002	0.094	0.000	0.045	0.049
26	L	0.000	0.094	0.000	0.036	0.058
27	Y	0.025	0.069	0.000	0.015	0.054
28	S	0.000	0.069	0.000	0.004	0.065
29	T	0.022	0.047	0.000	0.001	0.047
30	G	0.001	0.046	0.000	0.000	0.046
31	P	0.014	0.032	0.000	0.000	0.032
32	R	0.008	0.024	0.000	0.000	0.024
33	T	0.000	0.024	0.000	0.000	0.024
34	Q	0.006	0.018	0.000	0.000	0.018
35	S	0.001	0.017	0.000	0.000	0.017
36	N	0.017	0.000	0.000	0.000	0.000
37	K	0.000	0.000	0.000	0.000	0.000
38	Q	0.000	0.000	0.000	0.000	0.000
39	L	0.000	0.000	0.000	0.000	0.000
40	L	0.000	0.000	0.000	0.000	0.000
>XP_001399542.1
pos	aa	C	S	n-reg	h-reg	c-reg
1	M	0.000	0.960	0.960	0.000	0.000
2	Q	0.000	0.961	0.961	0.000	0.000
3	L	0.000	0.961	0.829	0.133	0.000
4	L	0.000	0.961	0.756	0.205	0.000
5	N	0.000	0.961	0.741	0.220	0.000
6	Y	0.000	0.961	0.537	0.424	0.000
7	L	0.000	0.961	0.209	0.752	0.000
8	P	0.000	0.961	0.170	0.791	0.000
9	V	0.000	0.961	0.041	0.920	0.000
10	A	0.000	0.961	0.015	0.947	0.000
11	L	0.000	0.961	0.004	0.953	0.005
12	T	0.000	0.961	0.002	0.921	0.038
13	T	0.000	0.961	0.001	0.892	0.068
14	L	0.000	0.961	0.000	0.863	0.098
15	G	0.000	0.961	0.000	0.665	0.296
16	L	0.004	0.958	0.000	0.434	0.524
17	T	0.000	0.958	0.000	0.214	0.743
18	A	0.009	0.949	0.000	0.083	0.866
19	S	0.013	0.935	0.000	0.031	0.905
20	A	0.152	0.784	0.000	0.022	0.762
21	S	0.614	0.170	0.000	0.015	0.155
22	P	0.005	0.165	0.000	0.001	0.164
23	L	0.035	0.129	0.000	0.001	0.129
24	R	0.005	0.125	0.000	0.000	0.125
25	R	0.000	0.125	0.000	0.000	0.125
26	A	0.000	0.125	0.000	0.000	0.125
27	D	0.110	0.015	0.000	0.000	0.014
28	S	0.000	0.015	0.000	0.000	0.014
29	P	0.002	0.013	0.000	0.000	0.013
30	A	0.000	0.013	0.000	0.000	0.013
31	L	0.001	0.012	0.000	0.000	0.012
32	T	0.000	0.012	0.000	0.000	0.012
33	W	0.004	0.008	0.000	0.000	0.008
34	H	0.000	0.008	0.000	0.000	0.008
35	V	0.000	0.008	0.000	0.000	0.008
36	S	0.000	0.008	0.000	0.000	0.008
37	N	0.000	0.008	0.000	0.000	0.008
38	F	0.000	0.008	0.000	0.000	0.008
39	T	0.000	0.008	0.000	0.000	0.008
40	T	0.000	0.008	0.000	0.000	0.008
>XP_001399547.2
pos	aa	C	S	n-reg	h-reg	c-reg
1	M	0.000	0.263	0.263	0.000	0.000
2	S	0.000	0.269	0.269	0.000	0.000
3	V	0.000	0.269	0.269	0.000	0.000
4	N	0.000	0.269	0.269	0.000	0.000
5	S	0.000	0.269	0.269	0.000	0.000
6	S	0.000	0.269	0.267	0.002	0.000
7	Q	0.000	0.269	0.265	0.004	0.000
8	R	0.000	0.269	0.262	0.008	0.000
9	I	0.000	0.269	0.084	0.185	0.000
10	A	0.000	0.269	0.016	0.253	0.000
11	L	0.000	0.269	0.003	0.266	0.000
12	I	0.000	0.269	0.001	0.268	0.000
13	G	0.000	0.269	0.001	0.268	0.000
14	L	0.000	0.269	0.000	0.269	0.000
15	G	0.000	0.269	0.000	0.267	0.002
16	T	0.000	0.269	0.000	0.266	0.003
17	I	0.000	0.269	0.000	0.244	0.025
18	G	0.000	0.269	0.000	0.070	0.199
19	I	0.000	0.269	0.000	0.056	0.213
20	S	0.000	0.269	0.000	0.019	0.249
21	M	0.000	0.268	0.000	0.014	0.254
22	A	0.000	0.268	0.000	0.008	0.259
23	A	0.205	0.062	0.000	0.005	0.056
24	L	0.016	0.045	0.000	0.004	0.040
25	H	0.015	0.028	0.000	0.002	0.026
26	L	0.000	0.027	0.000	0.002	0.026
27	S	0.009	0.018	0.000	0.000	0.017
28	R	0.015	0.002	0.000	0.000	0.002
29	E	0.000	0.002	0.000	0.000	0.002
30	S	0.000	0.002	0.000	0.000	0.002
31	N	0.002	0.000	0.000	0.000	0.000
32	V	0.000	0.000	0.000	0.000	0.000
33	V	0.000	0.000	0.000	0.000	0.000
34	D	0.000	0.000	0.000	0.000	0.000
35	V	0.000	0.000	0.000	0.000	0.000
36	F	0.000	0.000	0.000	0.000	0.000
37	D	0.000	0.000	0.000	0.000	0.000
38	T	0.000	0.000	0.000	0.000	0.000
39	R	0.000	0.000	0.000	0.000	0.000
40	P	0.000	0.000	0.000	0.000	0.000
>XP_001399548.2
pos	aa	C	S	n-reg	h-reg	c-reg
1	M	0.000	0.949	0.949	0.000	0.000
2	E	0.000	0.953	0.953	0.000	0.000
3	G	0.000	0.953	0.676	0.276	0.000
4	L	0.000	0.953	0.444	0.509	0.000
5	F	0.000	0.953	0.369	0.584	0.000
6	T	0.000	0.953	0.237	0.716	0.000
7	L	0.000	0.953	0.074	0.879	0.000
8	L	0.000	0.953	0.053	0.900	0.000
9	A	0.000	0.953	0.043	0.910	0.000
10	L	0.000	0.953	0.024	0.929	0.000
11	S	0.000	0.953	0.019	0.738	0.195
12	I	0.000	0.953	0.013	0.716	0.224
13	V	0.000	0.953	0.007	0.665	0.281
14	M	0.000	0.953	0.005	0.541	0.407
15	A	0.000	0.953	0.004	0.445	0.504
16	I	0.228	0.725	0.003	0.387	0.335
17	T	0.000	0.725	0.002	0.280	0.443
18	S	0.050	0.675	0.002	0.098	0.575
19	F	0.140	0.535	0.001	0.059	0.475
20	V	0.000	0.535	0.001	0.052	0.483
21	V	0.000	0.535	0.001	0.040	0.494
22	G	0.000	0.535	0.000	0.019	0.515
23	S	0.207	0.327	0.000	0.014	0.312
24	L	0.108	0.219	0.000	0.013	0.205
25	P	0.003	0.216	0.000	0.005	0.211
26	L	0.123	0.093	0.000	0.005	0.088
27	A	0.003	0.090	0.000	0.004	0.086
28	F	0.005	0.085	0.000	0.003	0.081
29	T	0.000	0.085	0.000	0.003	0.082
30	L	0.046	0.038	0.000	0.002	0.036
31	S	0.000	0.037	0.000	0.001	0.036
32	P	0.001	0.036	0.000	0.000	0.035
33	S	0.001	0.035	0.000	0.000	0.035
34	Q	0.003	0.032	0.000	0.000	0.032
35	L	0.000	0.032	0.000	0.000	0.032
36	R	0.005	0.027	0.000	0.000	0.027
37	L	0.000	0.028	0.000	0.000	0.027
38	I	0.002	0.025	0.000	0.000	0.025
39	S	0.000	0.025	0.000	0.000	0.025
40	S	0.000	0.025	0.000	0.000	0.025
>XP_001399561.1
pos	aa	C	S	n-reg	h-reg	c-reg
1	M	0.000	0.999	0.999	0.000	0.000
2	L	0.000	0.999	0.999	0.000	0.000
3	L	0.000	0.999	0.998	0.001	0.000
4	P	0.000	0.999	0.997	0.002	0.000
5	R	0.000	0.999	0.993	0.007	0.000
6	L	0.000	0.999	0.551	0.448	0.000
7	S	0.000	0.999	0.383	0.616	0.000
8	S	0.000	0.999	0.206	0.794	0.000
9	L	0.000	0.999	0.037	0.962	0.000
10	L	0.000	0.999	0.008	0.992	0.000
11	C	0.000	0.999	0.000	0.999	0.000
12	W	0.000	0.999	0.000	0.999	0.000
13	A	0.000	0.999	0.000	0.999	0.001
14	G	0.000	0.999	0.000	0.988	0.011
15	L	0.000	0.999	0.000	0.929	0.070
16	A	0.000	0.999	0.000	0.671	0.328
17	S	0.001	0.998	0.000	0.426	0.572
18	V	0.001	0.998	0.000	0.341	0.656
19	P	0.000	0.998	0.000	0.009	0.989
20	L	0.000	0.998	0.000	0.005	0.993
21	A	0.002	0.996	0.000	0.000	0.995
22	S	0.011	0.985	0.000	0.000	0.985
23	A	0.017	0.968	0.000	0.000	0.968
24	Y	0.967	0.001	0.000	0.000	0.001
25	D	0.000	0.001	0.000	0.000	0.001
26	G	0.000	0.001	0.000	0.000	0.001
27	D	0.001	0.000	0.000	0.000	0.000
28	D	0.000	0.000	0.000	0.000	0.000
29	N	0.000	0.000	0.000	0.000	0.000
30	V	0.000	0.000	0.000	0.000	0.000
31	K	0.000	0.000	0.000	0.000	0.000
32	S	0.000	0.000	0.000	0.000	0.000
33	I	0.000	0.000	0.000	0.000	0.000
34	P	0.000	0.000	0.000	0.000	0.000
35	L	0.000	0.000	0.000	0.000	0.000
36	R	0.000	0.000	0.000	0.000	0.000
37	T	0.000	0.000	0.000	0.000	0.000
38	H	0.000	0.000	0.000	0.000	0.000
39	S	0.000	0.000	0.000	0.000	0.000
40	L	0.000	0.000	0.000	0.000	0.000
>XP_001399606.1
pos	aa	C	S	n-reg	h-reg	c-reg
1	M	0.000	0.002	0.002	0.000	0.000
2	I	0.000	0.002	0.002	0.000	0.000
3	D	0.000	0.002	0.002	0.000	0.000
4	H	0.000	0.002	0.002	0.000	0.000
5	V	0.000	0.002	0.002	0.000	0.000
6	L	0.000	0.002	0.002	0.000	0.000
7	G	0.000	0.002	0.002	0.000	0.000
8	R	0.000	0.002	0.002	0.000	0.000
9	P	0.000	0.002	0.002	0.000	0.000
10	S	0.000	0.002	0.002	0.000	0.000
11	T	0.000	0.002	0.002	0.000	0.000
12	K	0.000	0.002	0.002	0.000	0.000
13	F	0.000	0.002	0.002	0.000	0.000
14	R	0.000	0.002	0.002	0.000	0.000
15	K	0.000	0.002	0.002	0.000	0.000
16	I	0.000	0.002	0.001	0.001	0.000
17	Q	0.000	0.002	0.001	0.001	0.000
18	V	0.000	0.002	0.000	0.001	0.000
19	L	0.000	0.002	0.000	0.001	0.000
20	A	0.000	0.002	0.000	0.002	0.000
21	V	0.000	0.002	0.000	0.002	0.000
22	L	0.000	0.002	0.000	0.002	0.000
23	V	0.000	0.002	0.000	0.002	0.000
24	F	0.000	0.002	0.000	0.001	0.000
25	W	0.000	0.002	0.000	0.001	0.001
26	S	0.000	0.002	0.000	0.001	0.001
27	T	0.000	0.002	0.000	0.001	0.001
28	Y	0.000	0.002	0.000	0.000	0.001
29	L	0.000	0.002	0.000	0.000	0.001
30	L	0.000	0.001	0.000	0.000	0.001
31	R	0.000	0.001	0.000	0.000	0.001
32	G	0.000	0.001	0.000	0.000	0.001
33	N	0.001	0.000	0.000	0.000	0.000
34	K	0.000	0.000	0.000	0.000	0.000
35	N	0.000	0.000	0.000	0.000	0.000
36	G	0.000	0.000	0.000	0.000	0.000
37	P	0.000	0.000	0.000	0.000	0.000
38	P	0.000	0.000	0.000	0.000	0.000
39	F	0.000	0.000	0.000	0.000	0.000
40	I	0.000	0.000	0.000	0.000	0.000
>XP_001399607.2
pos	aa	C	S	n-reg	h-reg	c-reg
1	M	0.000	0.937	0.937	0.000	0.000
2	R	0.000	0.937	0.937	0.000	0.000
3	V	0.000	0.937	0.599	0.337	0.000
4	T	0.000	0.937	0.468	0.469	0.000
5	T	0.000	0.937	0.360	0.577	0.000
6	A	0.000	0.937	0.081	0.856	0.000
7	I	0.000	0.937	0.009	0.928	0.000
8	A	0.000	0.937	0.004	0.933	0.000
9	S	0.000	0.937	0.002	0.935	0.000
10	L	0.000	0.937	0.000	0.936	0.000
11	L	0.000	0.937	0.000	0.927	0.010
12	L	0.000	0.937	0.000	0.876	0.061
13	V	0.000	0.937	0.000	0.811	0.126
14	G	0.000	0.937	0.000	0.285	0.652
15	S	0.000	0.937	0.000	0.068	0.869
16	A	0.004	0.933	0.000	0.020	0.913
17	T	0.103	0.830	0.000	0.013	0.818
18	S	0.013	0.817	0.000	0.005	0.812
19	L	0.496	0.321	0.000	0.002	0.319
20	Q	0.229	0.092	0.000	0.000	0.092
21	N	0.075	0.018	0.000	0.000	0.018
22	P	0.000	0.018	0.000	0.000	0.018
23	H	0.001	0.017	0.000	0.000	0.017
24	R	0.000	0.017	0.000	0.000	0.017
25	R	0.000	0.017	0.000	0.000	0.017
26	A	0.000	0.017	0.000	0.000	0.017
27	V	0.016	0.000	0.000	0.000	0.000
28	P	0.000	0.000	0.000	0.000	0.000
29	P	0.000	0.000	0.000	0.000	0.000
30	P	0.000	0.000	0.000	0.000	0.000
31	L	0.000	0.000	0.000	0.000	0.000
32	S	0.000	0.000	0.000	0.000	0.000
33	H	0.000	0.000	0.000	0.000	0.000
34	R	0.000	0.000	0.000	0.000	0.000
35	S	0.000	0.000	0.000	0.000	0.000
36	V	0.000	0.000	0.000	0.000	0.000
37	A	0.000	0.000	0.000	0.000	0.000
38	S	0.000	0.000	0.000	0.000	0.000
39	R	0.000	0.000	0.000	0.000	0.000
40	S	0.000	0.000	0.000	0.000	0.000
>XP_001399628.1
pos	aa	C	S	n-reg	h-reg	c-reg
1	M	0.000	0.906	0.906	0.000	0.000
2	H	0.000	0.906	0.906	0.000	0.000
3	F	0.000	0.906	0.777	0.129	0.000
4	L	0.000	0.906	0.682	0.224	0.000
5	Q	0.000	0.906	0.667	0.239	0.000
6	N	0.000	0.906	0.591	0.315	0.000
7	A	0.000	0.906	0.206	0.700	0.000
8	V	0.000	0.906	0.023	0.883	0.000
9	V	0.000	0.906	0.007	0.899	0.000
10	A	0.000	0.906	0.002	0.904	0.000
11	A	0.000	0.906	0.002	0.893	0.011
12	T	0.000	0.906	0.001	0.830	0.075
13	M	0.000	0.906	0.001	0.769	0.136
14	G	0.000	0.906	0.001	0.683	0.223
15	A	0.000	0.906	0.000	0.599	0.307
16	A	0.000	0.906	0.000	0.150	0.756
17	L	0.001	0.905	0.000	0.114	0.791
18	A	0.000	0.905	0.000	0.016	0.889
19	A	0.071	0.834	0.000	0.006	0.828
20	A	0.012	0.822	0.000	0.003	0.819
21	A	0.774	0.047	0.000	0.002	0.046
22	P	0.004	0.043	0.000	0.001	0.042
23	L	0.023	0.020	0.000	0.001	0.019
24	E	0.006	0.014	0.000	0.000	0.014
25	K	0.000	0.014	0.000	0.000	0.014
26	R	0.000	0.014	0.000	0.000	0.014
27	S	0.000	0.014	0.000	0.000	0.014
28	C	0.002	0.012	0.000	0.000	0.012
29	T	0.001	0.011	0.000	0.000	0.011
30	F	0.000	0.010	0.000	0.000	0.010
31	T	0.000	0.010	0.000	0.000	0.010
32	S	0.000	0.010	0.000	0.000	0.010
33	A	0.000	0.010	0.000	0.000	0.010
34	S	0.000	0.010	0.000	0.000	0.010
35	A	0.000	0.010	0.000	0.000	0.010
36	A	0.009	0.001	0.000	0.000	0.001
37	K	0.000	0.001	0.000	0.000	0.001
38	S	0.000	0.001	0.000	0.000	0.001
39	G	0.000	0.000	0.000	0.000	0.000
40	K	0.000	0.000	0.000	0.000	0.000
>XP_001399646.1
pos	aa	C	S	n-reg	h-reg	c-reg
1	M	0.000	0.028	0.028	0.000	0.000
2	T	0.000	0.028	0.028	0.000	0.000
3	F	0.000	0.028	0.028	0.000	0.000
4	T	0.000	0.028	0.028	0.000	0.000
5	P	0.000	0.028	0.028	0.000	0.000
6	G	0.000	0.028	0.028	0.000	0.000
7	V	0.000	0.028	0.028	0.000	0.000
8	G	0.000	0.028	0.028	0.000	0.000
9	P	0.000	0.028	0.028	0.000	0.000
10	N	0.000	0.028	0.028	0.000	0.000
11	G	0.000	0.028	0.028	0.000	0.000
12	I	0.000	0.028	0.028	0.000	0.000
13	A	0.000	0.028	0.028	0.000	0.000
14	P	0.000	0.028	0.028	0.000	0.000
15	P	0.000	0.028	0.028	0.000	0.000
16	N	0.000	0.028	0.028	0.000	0.000
17	S	0.000	0.028	0.027	0.001	0.000
18	S	0.000	0.028	0.026	0.002	0.000
19	G	0.000	0.028	0.021	0.007	0.000
20	I	0.000	0.028	0.014	0.014	0.000
21	H	0.000	0.028	0.013	0.015	0.000
22	V	0.000	0.028	0.003	0.025	0.000
23	I	0.000	0.028	0.000	0.028	0.000
24	I	0.000	0.028	0.000	0.028	0.000
25	V	0.000	0.028	0.000	0.028	0.000
26	G	0.000	0.028	0.000	0.028	0.000
27	L	0.000	0.028	0.000	0.027	0.001
28	G	0.000	0.028	0.000	0.025	0.003
29	V	0.000	0.028	0.000	0.024	0.004
30	A	0.000	0.028	0.000	0.016	0.012
31	G	0.000	0.028	0.000	0.002	0.026
32	L	0.000	0.028	0.000	0.001	0.026
33	T	0.000	0.028	0.000	0.001	0.027
34	A	0.000	0.027	0.000	0.000	0.027
35	A	0.009	0.018	0.000	0.000	0.018
36	I	0.018	0.001	0.000	0.000	0.001
37	E	0.000	0.001	0.000	0.000	0.001
38	C	0.000	0.001	0.000	0.000	0.001
39	Y	0.001	0.000	0.000	0.000	0.000
40	R	0.000	0.000	0.000	0.000	0.000
>XP_001399672.1
pos	aa	C	S	n-reg	h-reg	c-reg
1	M	0.000	0.998	0.998	0.000	0.000
2	M	0.000	0.998	0.998	0.000	0.000
3	L	0.000	0.998	0.845	0.153	0.000
4	F	0.000	0.998	0.783	0.215	0.000
5	N	0.000	0.998	0.759	0.239	0.000
6	Y	0.000	0.998	0.474	0.524	0.000
7	L	0.000	0.998	0.076	0.922	0.000
8	L	0.000	0.998	0.013	0.985	0.000
9	V	0.000	0.998	0.003	0.995	0.000
10	F	0.000	0.998	0.001	0.997	0.000
11	L	0.000	0.998	0.000	0.975	0.023
12	L	0.000	0.998	0.000	0.948	0.049
13	P	0.000	0.998	0.000	0.890	0.108
14	L	0.000	0.998	0.000	0.775	0.223
15	L	0.000	0.998	0.000	0.643	0.355
16	V	0.000	0.998	0.000	0.323	0.675
17	T	0.000	0.998	0.000	0.200	0.798
18	A	0.011	0.987	0.000	0.054	0.933
19	I	0.473	0.513	0.000	0.032	0.482
20	P	0.000	0.513	0.000	0.000	0.513
21	H	0.229	0.284	0.000	0.000	0.284
22	S	0.000	0.284	0.000	0.000	0.284
23	T	0.118	0.166	0.000	0.000	0.166
24	P	0.001	0.165	0.000	0.000	0.165
25	D	0.163	0.002	0.000	0.000	0.002
26	D	0.000	0.002	0.000	0.000	0.002
27	S	0.000	0.002	0.000	0.000	0.002
28	N	0.002	0.000	0.000	0.000	0.000
29	N	0.000	0.000	0.000	0.000	0.000
30	T	0.000	0.000	0.000	0.000	0.000
31	E	0.000	0.000	0.000	0.000	0.000
32	T	0.000	0.000	0.000	0.000	0.000
33	D	0.000	0.000	0.000	0.000	0.000
34	I	0.000	0.000	0.000	0.000	0.000
35	D	0.000	0.000	0.000	0.000	0.000
36	T	0.000	0.000	0.000	0.000	0.000
37	N	0.000	0.000	0.000	0.000	0.000
38	A	0.000	0.000	0.000	0.000	0.000
39	N	0.000	0.000	0.000	0.000	0.000
40	D	0.000	0.000	0.000	0.000	0.000
