>XP_001394351.1
pos	aa	C	S	n-reg	h-reg	c-reg
1	M	0.000	0.982	0.982	0.000	0.000
2	K	0.000	0.982	0.982	0.000	0.000
3	P	0.000	0.982	0.908	0.075	0.000
4	L	0.000	0.982	0.333	0.649	0.000
5	H	0.000	0.982	0.308	0.674	0.000
6	I	0.000	0.982	0.075	0.908	0.000
7	I	0.000	0.982	0.018	0.965	0.000
8	L	0.000	0.982	0.004	0.978	0.000
9	S	0.000	0.982	0.002	0.981	0.000
10	L	0.000	0.982	0.000	0.982	0.000
11	A	0.000	0.982	0.000	0.968	0.014
12	G	0.000	0.982	0.000	0.417	0.565
13	Y	0.000	0.982	0.000	0.392	0.591
14	A	0.000	0.982	0.000	0.334	0.648
15	L	0.001	0.981	0.000	0.309	0.672
16	A	0.000	0.981	0.000	0.186	0.795
17	Q	0.577	0.404	0.000	0.034	0.371
18	T	0.000	0.404	0.000	0.008	0.396
19	S	0.032	0.372	0.000	0.001	0.371
20	T	0.001	0.371	0.000	0.001	0.370
21	S	0.101	0.270	0.000	0.000	0.269
22	T	0.155	0.114	0.000	0.000	0.114
23	T	0.031	0.084	0.000	0.000	0.084
24	T	0.013	0.070	0.000	0.000	0.070
25	T	0.012	0.058	0.000	0.000	0.058
26	A	0.021	0.037	0.000	0.000	0.037
27	T	0.022	0.016	0.000	0.000	0.016
28	I	0.001	0.014	0.000	0.000	0.014
29	S	0.000	0.014	0.000	0.000	0.014
30	S	0.001	0.013	0.000	0.000	0.013
31	N	0.001	0.012	0.000	0.000	0.012
32	T	0.000	0.012	0.000	0.000	0.012
33	L	0.000	0.012	0.000	0.000	0.012
34	S	0.000	0.012	0.000	0.000	0.012
35	S	0.001	0.011	0.000	0.000	0.011
36	S	0.001	0.011	0.000	0.000	0.011
37	S	0.001	0.010	0.000	0.000	0.010
38	T	0.000	0.010	0.000	0.000	0.010
39	S	0.001	0.009	0.000	0.000	0.009
40	S	0.001	0.007	0.000	0.000	0.007
>XP_001394353.1
pos	aa	C	S	n-reg	h-reg	c-reg
1	M	0.000	0.644	0.644	0.000	0.000
2	P	0.000	0.644	0.644	0.000	0.000
3	T	0.000	0.644	0.458	0.186	0.000
4	I	0.000	0.644	0.123	0.521	0.000
5	L	0.000	0.644	0.057	0.587	0.000
6	A	0.000	0.644	0.028	0.616	0.000
7	I	0.000	0.644	0.002	0.642	0.000
8	V	0.000	0.644	0.000	0.644	0.000
9	V	0.000	0.644	0.000	0.644	0.000
10	I	0.000	0.644	0.000	0.644	0.000
11	S	0.000	0.644	0.000	0.616	0.028
12	Y	0.000	0.644	0.000	0.571	0.073
13	I	0.000	0.644	0.000	0.559	0.085
14	V	0.000	0.644	0.000	0.506	0.138
15	Y	0.000	0.644	0.000	0.125	0.519
16	T	0.000	0.644	0.000	0.007	0.637
17	V	0.009	0.635	0.000	0.003	0.632
18	C	0.000	0.635	0.000	0.001	0.634
19	A	0.035	0.600	0.000	0.001	0.600
20	A	0.478	0.122	0.000	0.001	0.121
21	I	0.120	0.002	0.000	0.000	0.002
22	W	0.000	0.002	0.000	0.000	0.002
23	N	0.000	0.002	0.000	0.000	0.002
24	I	0.000	0.002	0.000	0.000	0.002
25	Y	0.000	0.002	0.000	0.000	0.002
26	L	0.000	0.002	0.000	0.000	0.002
27	H	0.002	0.000	0.000	0.000	0.000
28	P	0.000	0.000	0.000	0.000	0.000
29	L	0.000	0.000	0.000	0.000	0.000
30	H	0.000	0.000	0.000	0.000	0.000
31	R	0.000	0.000	0.000	0.000	0.000
32	I	0.000	0.000	0.000	0.000	0.000
33	P	0.000	0.000	0.000	0.000	0.000
34	G	0.000	0.000	0.000	0.000	0.000
35	P	0.000	0.000	0.000	0.000	0.000
36	K	0.000	0.000	0.000	0.000	0.000
37	L	0.000	0.000	0.000	0.000	0.000
38	W	0.000	0.000	0.000	0.000	0.000
39	L	0.000	0.000	0.000	0.000	0.000
40	A	0.000	0.000	0.000	0.000	0.000
>XP_001394357.1
pos	aa	C	S	n-reg	h-reg	c-reg
1	M	0.000	0.870	0.870	0.000	0.000
2	H	0.000	0.870	0.870	0.000	0.000
3	L	0.000	0.870	0.735	0.135	0.000
4	H	0.000	0.870	0.706	0.165	0.000
5	T	0.000	0.870	0.568	0.302	0.000
6	I	0.000	0.870	0.112	0.758	0.000
7	L	0.000	0.870	0.022	0.848	0.000
8	A	0.000	0.870	0.017	0.854	0.000
9	A	0.000	0.870	0.012	0.859	0.000
10	G	0.000	0.870	0.007	0.863	0.000
11	W	0.000	0.870	0.004	0.853	0.013
12	L	0.000	0.870	0.001	0.849	0.020
13	A	0.000	0.870	0.000	0.822	0.047
14	A	0.000	0.870	0.000	0.409	0.461
15	S	0.000	0.870	0.000	0.232	0.639
16	A	0.003	0.867	0.000	0.191	0.676
17	Y	0.011	0.856	0.000	0.155	0.702
18	A	0.000	0.856	0.000	0.016	0.840
19	G	0.377	0.479	0.000	0.010	0.468
20	V	0.001	0.477	0.000	0.009	0.469
21	S	0.000	0.477	0.000	0.004	0.473
22	S	0.007	0.470	0.000	0.002	0.469
23	R	0.436	0.034	0.000	0.000	0.034
24	S	0.000	0.034	0.000	0.000	0.034
25	T	0.011	0.023	0.000	0.000	0.023
26	Q	0.003	0.020	0.000	0.000	0.020
27	A	0.001	0.019	0.000	0.000	0.019
28	C	0.004	0.015	0.000	0.000	0.015
29	A	0.000	0.015	0.000	0.000	0.015
30	G	0.012	0.003	0.000	0.000	0.003
31	N	0.002	0.002	0.000	0.000	0.002
32	T	0.000	0.002	0.000	0.000	0.002
33	P	0.000	0.002	0.000	0.000	0.002
34	H	0.000	0.002	0.000	0.000	0.002
35	T	0.000	0.002	0.000	0.000	0.002
36	R	0.000	0.002	0.000	0.000	0.002
37	G	0.000	0.002	0.000	0.000	0.002
38	Q	0.002	0.000	0.000	0.000	0.000
39	W	0.000	0.000	0.000	0.000	0.000
40	C	0.000	0.000	0.000	0.000	0.000
>XP_001394358.1
pos	aa	C	S	n-reg	h-reg	c-reg
1	M	0.000	0.915	0.915	0.000	0.000
2	R	0.000	0.915	0.915	0.000	0.000
3	S	0.000	0.915	0.906	0.009	0.000
4	H	0.000	0.915	0.887	0.028	0.000
5	Q	0.000	0.915	0.831	0.084	0.000
6	L	0.000	0.915	0.190	0.724	0.000
7	W	0.000	0.915	0.033	0.882	0.000
8	V	0.000	0.915	0.014	0.900	0.000
9	T	0.000	0.915	0.008	0.907	0.000
10	T	0.000	0.915	0.002	0.913	0.000
11	L	0.000	0.915	0.000	0.914	0.000
12	A	0.000	0.915	0.000	0.912	0.003
13	L	0.000	0.915	0.000	0.907	0.008
14	T	0.000	0.915	0.000	0.777	0.138
15	G	0.000	0.915	0.000	0.176	0.739
16	A	0.000	0.915	0.000	0.145	0.769
17	V	0.003	0.912	0.000	0.106	0.806
18	Q	0.000	0.912	0.000	0.010	0.902
19	A	0.035	0.878	0.000	0.001	0.876
20	T	0.670	0.207	0.000	0.000	0.207
21	T	0.000	0.207	0.000	0.000	0.207
22	L	0.020	0.187	0.000	0.000	0.187
23	Q	0.160	0.028	0.000	0.000	0.028
24	D	0.026	0.002	0.000	0.000	0.002
25	V	0.000	0.002	0.000	0.000	0.002
26	C	0.000	0.002	0.000	0.000	0.002
27	T	0.000	0.001	0.000	0.000	0.001
28	V	0.001	0.001	0.000	0.000	0.001
29	S	0.000	0.001	0.000	0.000	0.001
30	F	0.000	0.001	0.000	0.000	0.001
31	A	0.000	0.001	0.000	0.000	0.001
32	R	0.001	0.000	0.000	0.000	0.000
33	N	0.000	0.000	0.000	0.000	0.000
34	S	0.000	0.000	0.000	0.000	0.000
35	L	0.000	0.000	0.000	0.000	0.000
36	P	0.000	0.000	0.000	0.000	0.000
37	A	0.000	0.000	0.000	0.000	0.000
38	D	0.000	0.000	0.000	0.000	0.000
39	S	0.000	0.000	0.000	0.000	0.000
40	V	0.000	0.000	0.000	0.000	0.000
>XP_001394359.2
pos	aa	C	S	n-reg	h-reg	c-reg
1	M	0.000	0.954	0.954	0.000	0.000
2	L	0.000	0.954	0.954	0.000	0.000
3	A	0.000	0.954	0.954	0.000	0.000
4	N	0.000	0.954	0.954	0.000	0.000
5	P	0.000	0.954	0.954	0.001	0.000
6	N	0.000	0.954	0.948	0.006	0.000
7	R	0.000	0.954	0.926	0.029	0.000
8	L	0.000	0.954	0.238	0.717	0.000
9	F	0.000	0.954	0.008	0.946	0.000
10	L	0.000	0.954	0.001	0.954	0.000
11	L	0.000	0.954	0.000	0.954	0.000
12	T	0.000	0.954	0.000	0.954	0.000
13	T	0.000	0.954	0.000	0.954	0.000
14	A	0.000	0.954	0.000	0.953	0.001
15	F	0.000	0.954	0.000	0.949	0.006
16	I	0.000	0.954	0.000	0.841	0.113
17	G	0.000	0.954	0.000	0.061	0.894
18	N	0.000	0.954	0.000	0.031	0.924
19	V	0.000	0.954	0.000	0.012	0.943
20	L	0.000	0.954	0.000	0.005	0.949
21	S	0.000	0.954	0.000	0.001	0.953
22	L	0.886	0.068	0.000	0.000	0.067
23	P	0.001	0.066	0.000	0.000	0.066
24	A	0.048	0.018	0.000	0.000	0.018
25	T	0.016	0.003	0.000	0.000	0.002
26	V	0.002	0.000	0.000	0.000	0.000
27	D	0.000	0.000	0.000	0.000	0.000
28	Y	0.000	0.000	0.000	0.000	0.000
29	D	0.000	0.000	0.000	0.000	0.000
30	V	0.000	0.000	0.000	0.000	0.000
31	L	0.000	0.000	0.000	0.000	0.000
32	P	0.000	0.000	0.000	0.000	0.000
33	S	0.000	0.000	0.000	0.000	0.000
34	S	0.000	0.000	0.000	0.000	0.000
35	G	0.000	0.000	0.000	0.000	0.000
36	S	0.000	0.000	0.000	0.000	0.000
37	V	0.000	0.000	0.000	0.000	0.000
38	L	0.000	0.000	0.000	0.000	0.000
39	N	0.000	0.000	0.000	0.000	0.000
40	L	0.000	0.000	0.000	0.000	0.000
>XP_001394368.2
pos	aa	C	S	n-reg	h-reg	c-reg
1	M	0.000	0.720	0.720	0.000	0.000
2	G	0.000	0.720	0.720	0.000	0.000
3	R	0.000	0.720	0.720	0.000	0.000
4	K	0.000	0.720	0.720	0.001	0.000
5	L	0.000	0.720	0.653	0.067	0.000
6	G	0.000	0.720	0.607	0.113	0.000
7	L	0.000	0.720	0.524	0.196	0.000
8	F	0.000	0.720	0.513	0.207	0.000
9	R	0.000	0.720	0.506	0.214	0.000
10	A	0.000	0.720	0.218	0.502	0.000
11	I	0.000	0.720	0.102	0.619	0.000
12	Y	0.000	0.720	0.070	0.650	0.000
13	L	0.000	0.720	0.010	0.708	0.002
14	V	0.000	0.720	0.006	0.706	0.008
15	S	0.000	0.720	0.005	0.686	0.030
16	A	0.000	0.720	0.003	0.659	0.058
17	S	0.002	0.718	0.002	0.578	0.138
18	C	0.000	0.717	0.001	0.446	0.270
19	M	0.003	0.714	0.001	0.338	0.376
20	G	0.000	0.714	0.001	0.304	0.410
21	S	0.021	0.694	0.001	0.043	0.650
22	F	0.001	0.693	0.000	0.031	0.662
23	A	0.000	0.693	0.000	0.020	0.673
24	F	0.048	0.645	0.000	0.015	0.629
25	A	0.000	0.645	0.000	0.005	0.639
26	F	0.602	0.043	0.000	0.003	0.040
27	D	0.000	0.043	0.000	0.001	0.042
28	T	0.000	0.043	0.000	0.001	0.042
29	G	0.000	0.042	0.000	0.001	0.042
30	V	0.002	0.041	0.000	0.001	0.040
31	I	0.000	0.041	0.000	0.001	0.040
32	S	0.000	0.041	0.000	0.000	0.040
33	G	0.028	0.013	0.000	0.000	0.012
34	V	0.004	0.009	0.000	0.000	0.008
35	L	0.000	0.009	0.000	0.000	0.008
36	T	0.000	0.009	0.000	0.000	0.008
37	L	0.007	0.002	0.000	0.000	0.002
38	S	0.000	0.002	0.000	0.000	0.002
39	S	0.000	0.002	0.000	0.000	0.002
40	F	0.000	0.001	0.000	0.000	0.001
>XP_001394371.1
pos	aa	C	S	n-reg	h-reg	c-reg
1	M	0.000	0.119	0.119	0.000	0.000
2	G	0.000	0.195	0.195	0.000	0.000
3	S	0.000	0.195	0.195	0.000	0.000
4	S	0.000	0.195	0.195	0.000	0.000
5	I	0.000	0.195	0.194	0.000	0.000
6	T	0.000	0.195	0.194	0.000	0.000
7	N	0.000	0.195	0.194	0.000	0.000
8	P	0.000	0.195	0.194	0.001	0.000
9	S	0.000	0.195	0.194	0.001	0.000
10	G	0.000	0.195	0.194	0.001	0.000
11	L	0.000	0.195	0.194	0.001	0.000
12	A	0.000	0.195	0.194	0.001	0.000
13	L	0.000	0.195	0.194	0.001	0.000
14	E	0.000	0.195	0.194	0.001	0.000
15	R	0.000	0.195	0.194	0.001	0.000
16	G	0.000	0.195	0.186	0.008	0.000
17	M	0.000	0.195	0.174	0.020	0.001
18	W	0.000	0.195	0.147	0.047	0.001
19	A	0.000	0.195	0.101	0.093	0.001
20	A	0.000	0.195	0.077	0.117	0.001
21	V	0.000	0.195	0.063	0.131	0.001
22	A	0.000	0.195	0.057	0.137	0.001
23	I	0.000	0.194	0.055	0.139	0.000
24	A	0.000	0.194	0.055	0.139	0.001
25	T	0.000	0.194	0.055	0.139	0.000
26	F	0.000	0.194	0.055	0.138	0.001
27	I	0.000	0.194	0.055	0.136	0.003
28	L	0.000	0.194	0.055	0.131	0.007
29	I	0.000	0.192	0.055	0.121	0.016
30	L	0.000	0.188	0.055	0.051	0.082
31	R	0.000	0.170	0.055	0.001	0.114
32	I	0.000	0.170	0.055	0.000	0.115
33	I	0.000	0.170	0.055	0.000	0.115
34	A	0.000	0.170	0.055	0.000	0.115
35	K	0.115	0.055	0.055	0.000	0.000
36	I	0.000	0.055	0.055	0.000	0.000
37	K	0.000	0.055	0.055	0.000	0.000
38	I	0.000	0.055	0.055	0.000	0.000
39	R	0.000	0.055	0.055	0.000	0.000
40	N	0.000	0.055	0.055	0.000	0.000
>XP_001394372.1
pos	aa	C	S	n-reg	h-reg	c-reg
1	M	0.000	0.937	0.937	0.000	0.000
2	K	0.000	0.937	0.937	0.000	0.000
3	A	0.000	0.937	0.897	0.040	0.000
4	S	0.000	0.937	0.820	0.117	0.000
5	W	0.000	0.937	0.703	0.234	0.000
6	S	0.000	0.937	0.464	0.473	0.000
7	F	0.000	0.937	0.123	0.814	0.000
8	A	0.000	0.937	0.037	0.900	0.000
9	A	0.000	0.937	0.008	0.930	0.000
10	S	0.000	0.937	0.004	0.933	0.000
11	V	0.000	0.937	0.001	0.933	0.003
12	A	0.000	0.937	0.001	0.927	0.010
13	A	0.000	0.937	0.000	0.907	0.030
14	L	0.000	0.937	0.000	0.859	0.078
15	A	0.000	0.937	0.000	0.664	0.273
16	S	0.005	0.933	0.000	0.233	0.699
17	K	0.001	0.932	0.000	0.028	0.904
18	A	0.000	0.932	0.000	0.012	0.920
19	V	0.006	0.926	0.000	0.010	0.916
20	A	0.000	0.926	0.000	0.004	0.922
21	S	0.434	0.491	0.000	0.003	0.489
22	S	0.231	0.260	0.000	0.000	0.260
23	D	0.186	0.074	0.000	0.000	0.074
24	C	0.000	0.074	0.000	0.000	0.074
25	H	0.064	0.010	0.000	0.000	0.010
26	C	0.000	0.010	0.000	0.000	0.010
27	L	0.007	0.003	0.000	0.000	0.003
28	P	0.000	0.003	0.000	0.000	0.003
29	G	0.000	0.002	0.000	0.000	0.002
30	D	0.000	0.002	0.000	0.000	0.002
31	S	0.000	0.002	0.000	0.000	0.002
32	C	0.000	0.002	0.000	0.000	0.002
33	W	0.000	0.002	0.000	0.000	0.002
34	P	0.000	0.002	0.000	0.000	0.002
35	S	0.000	0.001	0.000	0.000	0.001
36	T	0.000	0.001	0.000	0.000	0.001
37	S	0.000	0.001	0.000	0.000	0.001
38	S	0.000	0.001	0.000	0.000	0.001
39	W	0.001	0.000	0.000	0.000	0.000
40	D	0.000	0.000	0.000	0.000	0.000
>XP_001394374.1
pos	aa	C	S	n-reg	h-reg	c-reg
1	M	0.000	0.999	0.999	0.000	0.000
2	A	0.000	0.999	0.999	0.000	0.000
3	R	0.000	0.999	0.999	0.000	0.000
4	R	0.000	0.999	0.987	0.012	0.000
5	F	0.000	0.999	0.475	0.524	0.000
6	F	0.000	0.999	0.194	0.805	0.000
7	A	0.000	0.999	0.068	0.931	0.000
8	A	0.000	0.999	0.003	0.996	0.000
9	C	0.000	0.999	0.000	0.999	0.000
10	S	0.000	0.999	0.000	0.999	0.000
11	A	0.000	0.999	0.000	0.999	0.000
12	L	0.000	0.999	0.000	0.999	0.000
13	L	0.000	0.999	0.000	0.975	0.025
14	L	0.000	0.999	0.000	0.908	0.091
15	A	0.000	0.999	0.000	0.800	0.200
16	T	0.000	0.999	0.000	0.039	0.961
17	Q	0.000	0.999	0.000	0.002	0.997
18	A	0.001	0.998	0.000	0.000	0.998
19	A	0.046	0.952	0.000	0.000	0.952
20	A	0.014	0.939	0.000	0.000	0.939
21	D	0.939	0.000	0.000	0.000	0.000
22	N	0.000	0.000	0.000	0.000	0.000
23	F	0.000	0.000	0.000	0.000	0.000
24	P	0.000	0.000	0.000	0.000	0.000
25	Y	0.000	0.000	0.000	0.000	0.000
26	N	0.000	0.000	0.000	0.000	0.000
27	S	0.000	0.000	0.000	0.000	0.000
28	Y	0.000	0.000	0.000	0.000	0.000
29	R	0.000	0.000	0.000	0.000	0.000
30	T	0.000	0.000	0.000	0.000	0.000
31	A	0.000	0.000	0.000	0.000	0.000
32	P	0.000	0.000	0.000	0.000	0.000
33	Y	0.000	0.000	0.000	0.000	0.000
34	T	0.000	0.000	0.000	0.000	0.000
35	P	0.000	0.000	0.000	0.000	0.000
36	P	0.000	0.000	0.000	0.000	0.000
37	Q	0.000	0.000	0.000	0.000	0.000
38	I	0.000	0.000	0.000	0.000	0.000
39	K	0.000	0.000	0.000	0.000	0.000
40	V	0.000	0.000	0.000	0.000	0.000
>XP_001394375.2
pos	aa	C	S	n-reg	h-reg	c-reg
1	M	0.000	0.987	0.987	0.000	0.000
2	K	0.000	0.987	0.987	0.000	0.000
3	P	0.000	0.987	0.987	0.000	0.000
4	T	0.000	0.987	0.983	0.004	0.000
5	I	0.000	0.987	0.965	0.022	0.000
6	P	0.000	0.987	0.949	0.037	0.000
7	Q	0.000	0.987	0.896	0.091	0.000
8	S	0.000	0.987	0.726	0.260	0.000
9	F	0.000	0.987	0.347	0.640	0.000
10	P	0.000	0.987	0.293	0.694	0.000
11	L	0.000	0.987	0.026	0.960	0.000
12	L	0.000	0.987	0.008	0.979	0.000
13	T	0.000	0.987	0.005	0.982	0.001
14	L	0.000	0.987	0.000	0.986	0.001
15	L	0.000	0.987	0.000	0.984	0.003
16	L	0.000	0.987	0.000	0.967	0.019
17	P	0.000	0.987	0.000	0.495	0.491
18	L	0.000	0.987	0.000	0.475	0.511
19	T	0.000	0.987	0.000	0.208	0.778
20	T	0.000	0.986	0.000	0.162	0.825
21	T	0.011	0.975	0.000	0.138	0.837
22	H	0.493	0.482	0.000	0.002	0.481
23	P	0.000	0.482	0.000	0.000	0.482
24	T	0.168	0.315	0.000	0.000	0.315
25	L	0.002	0.313	0.000	0.000	0.313
26	Q	0.004	0.309	0.000	0.000	0.309
27	D	0.279	0.030	0.000	0.000	0.030
28	T	0.000	0.030	0.000	0.000	0.030
29	T	0.009	0.021	0.000	0.000	0.021
30	T	0.000	0.021	0.000	0.000	0.021
31	I	0.003	0.018	0.000	0.000	0.018
32	T	0.000	0.018	0.000	0.000	0.018
33	P	0.000	0.018	0.000	0.000	0.018
34	G	0.000	0.017	0.000	0.000	0.017
35	H	0.000	0.017	0.000	0.000	0.017
36	A	0.000	0.017	0.000	0.000	0.017
37	I	0.016	0.001	0.000	0.000	0.001
38	I	0.000	0.001	0.000	0.000	0.001
39	L	0.000	0.001	0.000	0.000	0.001
40	N	0.000	0.001	0.000	0.000	0.001
>XP_001394378.1
pos	aa	C	S	n-reg	h-reg	c-reg
1	M	0.000	0.149	0.149	0.000	0.000
2	T	0.000	0.149	0.149	0.000	0.000
3	F	0.000	0.149	0.136	0.013	0.000
4	N	0.000	0.149	0.126	0.023	0.000
5	I	0.000	0.149	0.051	0.099	0.000
6	I	0.000	0.149	0.013	0.136	0.000
7	I	0.000	0.149	0.004	0.145	0.000
8	V	0.000	0.149	0.002	0.148	0.000
9	G	0.000	0.149	0.001	0.148	0.000
10	G	0.000	0.149	0.001	0.148	0.000
11	G	0.000	0.149	0.001	0.147	0.001
12	I	0.000	0.149	0.000	0.146	0.003
13	A	0.000	0.149	0.000	0.127	0.023
14	G	0.000	0.149	0.000	0.084	0.065
15	L	0.000	0.149	0.000	0.081	0.069
16	A	0.000	0.149	0.000	0.015	0.134
17	A	0.002	0.147	0.000	0.006	0.141
18	A	0.012	0.135	0.000	0.004	0.132
19	I	0.044	0.091	0.000	0.002	0.090
20	A	0.000	0.091	0.000	0.001	0.091
21	L	0.078	0.013	0.000	0.000	0.013
22	R	0.004	0.009	0.000	0.000	0.009
23	S	0.000	0.009	0.000	0.000	0.009
24	D	0.009	0.000	0.000	0.000	0.000
25	R	0.000	0.000	0.000	0.000	0.000
26	H	0.000	0.000	0.000	0.000	0.000
27	T	0.000	0.000	0.000	0.000	0.000
28	I	0.000	0.000	0.000	0.000	0.000
29	T	0.000	0.000	0.000	0.000	0.000
30	V	0.000	0.000	0.000	0.000	0.000
31	L	0.000	0.000	0.000	0.000	0.000
32	E	0.000	0.000	0.000	0.000	0.000
33	Q	0.000	0.000	0.000	0.000	0.000
34	S	0.000	0.000	0.000	0.000	0.000
35	S	0.000	0.000	0.000	0.000	0.000
36	Q	0.000	0.000	0.000	0.000	0.000
37	S	0.000	0.000	0.000	0.000	0.000
38	R	0.000	0.000	0.000	0.000	0.000
39	E	0.000	0.000	0.000	0.000	0.000
40	I	0.000	0.000	0.000	0.000	0.000
>XP_001394389.1
pos	aa	C	S	n-reg	h-reg	c-reg
1	M	0.000	0.023	0.023	0.000	0.000
2	L	0.000	0.023	0.023	0.000	0.000
3	D	0.000	0.023	0.023	0.000	0.000
4	N	0.000	0.023	0.022	0.000	0.000
5	F	0.000	0.023	0.020	0.003	0.000
6	I	0.000	0.023	0.017	0.006	0.000
7	Q	0.000	0.023	0.016	0.007	0.000
8	L	0.000	0.023	0.012	0.011	0.000
9	V	0.000	0.023	0.009	0.014	0.000
10	L	0.000	0.023	0.008	0.015	0.000
11	G	0.000	0.023	0.008	0.015	0.000
12	T	0.000	0.023	0.007	0.016	0.000
13	I	0.000	0.023	0.005	0.017	0.000
14	S	0.000	0.023	0.005	0.017	0.001
15	L	0.000	0.023	0.004	0.017	0.001
16	G	0.000	0.023	0.004	0.016	0.003
17	K	0.000	0.022	0.004	0.011	0.007
18	L	0.000	0.022	0.001	0.014	0.008
19	L	0.000	0.022	0.000	0.013	0.009
20	F	0.000	0.022	0.000	0.011	0.011
21	A	0.000	0.022	0.000	0.008	0.014
22	I	0.001	0.021	0.000	0.007	0.014
23	L	0.000	0.021	0.000	0.006	0.014
24	S	0.000	0.021	0.000	0.005	0.015
25	A	0.000	0.021	0.000	0.004	0.016
26	A	0.008	0.013	0.000	0.003	0.010
27	G	0.001	0.012	0.000	0.002	0.010
28	L	0.005	0.007	0.000	0.002	0.005
29	S	0.001	0.007	0.000	0.002	0.005
30	Y	0.004	0.003	0.000	0.000	0.003
31	V	0.000	0.003	0.000	0.000	0.003
32	V	0.000	0.003	0.000	0.000	0.003
33	Y	0.000	0.003	0.000	0.000	0.003
34	Q	0.000	0.003	0.000	0.000	0.003
35	V	0.002	0.001	0.000	0.000	0.001
36	Q	0.000	0.001	0.000	0.000	0.001
37	F	0.000	0.001	0.000	0.000	0.001
38	H	0.000	0.001	0.000	0.000	0.001
39	P	0.000	0.001	0.000	0.000	0.001
40	L	0.000	0.001	0.000	0.000	0.001
>XP_001394398.1
pos	aa	C	S	n-reg	h-reg	c-reg
1	M	0.000	0.960	0.960	0.000	0.000
2	K	0.000	0.960	0.960	0.000	0.000
3	V	0.000	0.960	0.620	0.340	0.000
4	P	0.000	0.960	0.462	0.498	0.000
5	F	0.000	0.960	0.266	0.694	0.000
6	L	0.000	0.960	0.092	0.868	0.000
7	Q	0.000	0.960	0.070	0.890	0.000
8	L	0.000	0.960	0.011	0.949	0.000
9	L	0.000	0.960	0.003	0.957	0.000
10	C	0.000	0.960	0.001	0.958	0.001
11	L	0.000	0.960	0.000	0.877	0.083
12	N	0.000	0.960	0.000	0.582	0.377
13	A	0.000	0.960	0.000	0.539	0.421
14	A	0.000	0.960	0.000	0.271	0.689
15	L	0.000	0.959	0.000	0.237	0.723
16	A	0.001	0.958	0.000	0.123	0.836
17	S	0.183	0.776	0.000	0.061	0.715
18	A	0.021	0.755	0.000	0.039	0.716
19	N	0.534	0.220	0.000	0.003	0.217
20	V	0.000	0.220	0.000	0.002	0.218
21	V	0.000	0.220	0.000	0.001	0.219
22	K	0.000	0.220	0.000	0.000	0.220
23	G	0.000	0.220	0.000	0.000	0.220
24	A	0.162	0.059	0.000	0.000	0.059
25	A	0.004	0.054	0.000	0.000	0.054
26	Q	0.045	0.009	0.000	0.000	0.009
27	G	0.001	0.008	0.000	0.000	0.008
28	F	0.002	0.005	0.000	0.000	0.005
29	A	0.000	0.005	0.000	0.000	0.005
30	A	0.003	0.003	0.000	0.000	0.003
31	G	0.000	0.003	0.000	0.000	0.003
32	V	0.000	0.002	0.000	0.000	0.002
33	T	0.000	0.002	0.000	0.000	0.002
34	G	0.000	0.002	0.000	0.000	0.002
35	G	0.001	0.001	0.000	0.000	0.001
36	G	0.001	0.000	0.000	0.000	0.000
37	D	0.000	0.000	0.000	0.000	0.000
38	I	0.000	0.000	0.000	0.000	0.000
39	T	0.000	0.000	0.000	0.000	0.000
40	P	0.000	0.000	0.000	0.000	0.000
>XP_001394399.1
pos	aa	C	S	n-reg	h-reg	c-reg
1	M	0.000	0.970	0.970	0.000	0.000
2	K	0.000	0.970	0.970	0.000	0.000
3	L	0.000	0.970	0.651	0.319	0.000
4	P	0.000	0.970	0.548	0.422	0.000
5	I	0.000	0.970	0.244	0.726	0.000
6	L	0.000	0.970	0.047	0.923	0.000
7	V	0.000	0.970	0.016	0.953	0.000
8	T	0.000	0.970	0.009	0.960	0.000
9	L	0.000	0.970	0.001	0.968	0.000
10	F	0.000	0.970	0.000	0.969	0.000
11	I	0.000	0.970	0.000	0.952	0.018
12	T	0.000	0.970	0.000	0.827	0.143
13	L	0.000	0.970	0.000	0.682	0.288
14	P	0.000	0.970	0.000	0.389	0.580
15	A	0.002	0.968	0.000	0.234	0.733
16	L	0.003	0.965	0.000	0.131	0.833
17	C	0.000	0.964	0.000	0.046	0.919
18	V	0.093	0.871	0.000	0.017	0.854
19	S	0.000	0.871	0.000	0.009	0.862
20	S	0.544	0.327	0.000	0.001	0.327
21	K	0.275	0.052	0.000	0.000	0.052
22	T	0.000	0.052	0.000	0.000	0.052
23	P	0.004	0.047	0.000	0.000	0.047
24	S	0.005	0.042	0.000	0.000	0.042
25	A	0.033	0.010	0.000	0.000	0.010
26	P	0.001	0.009	0.000	0.000	0.009
27	T	0.002	0.007	0.000	0.000	0.007
28	I	0.000	0.007	0.000	0.000	0.007
29	S	0.000	0.007	0.000	0.000	0.007
30	A	0.001	0.006	0.000	0.000	0.006
31	Y	0.006	0.000	0.000	0.000	0.000
32	P	0.000	0.000	0.000	0.000	0.000
33	K	0.000	0.000	0.000	0.000	0.000
34	S	0.000	0.000	0.000	0.000	0.000
35	P	0.000	0.000	0.000	0.000	0.000
36	G	0.000	0.000	0.000	0.000	0.000
37	N	0.000	0.000	0.000	0.000	0.000
38	F	0.000	0.000	0.000	0.000	0.000
39	K	0.000	0.000	0.000	0.000	0.000
40	P	0.000	0.000	0.000	0.000	0.000
>XP_001394400.2
pos	aa	C	S	n-reg	h-reg	c-reg
1	M	0.000	0.717	0.717	0.000	0.000
2	A	0.000	0.719	0.719	0.000	0.000
3	S	0.000	0.719	0.719	0.000	0.000
4	T	0.000	0.719	0.719	0.000	0.000
5	R	0.000	0.719	0.719	0.000	0.000
6	Q	0.000	0.719	0.717	0.003	0.000
7	R	0.000	0.719	0.706	0.013	0.000
8	T	0.000	0.719	0.391	0.329	0.000
9	S	0.000	0.719	0.134	0.585	0.000
10	L	0.000	0.719	0.016	0.704	0.000
11	L	0.000	0.719	0.003	0.716	0.000
12	G	0.000	0.719	0.001	0.718	0.000
13	L	0.000	0.719	0.000	0.719	0.000
14	L	0.000	0.719	0.000	0.719	0.000
15	Y	0.000	0.719	0.000	0.716	0.003
16	I	0.000	0.719	0.000	0.528	0.192
17	T	0.000	0.719	0.000	0.236	0.483
18	V	0.000	0.719	0.000	0.124	0.595
19	Q	0.000	0.719	0.000	0.067	0.652
20	S	0.004	0.715	0.000	0.032	0.683
21	G	0.476	0.238	0.000	0.010	0.228
22	H	0.112	0.126	0.000	0.001	0.125
23	R	0.000	0.125	0.000	0.000	0.125
24	P	0.000	0.125	0.000	0.000	0.125
25	L	0.016	0.110	0.000	0.000	0.110
26	L	0.002	0.108	0.000	0.000	0.108
27	T	0.005	0.104	0.000	0.000	0.104
28	C	0.045	0.058	0.000	0.000	0.058
29	S	0.035	0.023	0.000	0.000	0.023
30	T	0.016	0.007	0.000	0.000	0.007
31	L	0.003	0.004	0.000	0.000	0.004
32	K	0.002	0.003	0.000	0.000	0.003
33	G	0.000	0.003	0.000	0.000	0.003
34	I	0.003	0.000	0.000	0.000	0.000
35	Y	0.000	0.000	0.000	0.000	0.000
36	D	0.000	0.000	0.000	0.000	0.000
37	P	0.000	0.000	0.000	0.000	0.000
38	N	0.000	0.000	0.000	0.000	0.000
39	K	0.000	0.000	0.000	0.000	0.000
40	A	0.000	0.000	0.000	0.000	0.000
>XP_001394405.1
pos	aa	C	S	n-reg	h-reg	c-reg
1	M	0.000	0.942	0.942	0.000	0.000
2	Q	0.000	0.942	0.942	0.000	0.000
3	L	0.000	0.942	0.822	0.120	0.000
4	F	0.000	0.942	0.786	0.157	0.000
5	R	0.000	0.942	0.775	0.167	0.000
6	L	0.000	0.942	0.169	0.774	0.000
7	L	0.000	0.942	0.035	0.907	0.000
8	P	0.000	0.942	0.032	0.911	0.000
9	P	0.000	0.942	0.017	0.925	0.000
10	V	0.000	0.942	0.005	0.938	0.000
11	A	0.000	0.942	0.001	0.928	0.014
12	L	0.000	0.942	0.000	0.910	0.032
13	G	0.000	0.942	0.000	0.856	0.086
14	S	0.000	0.942	0.000	0.707	0.235
15	A	0.000	0.942	0.000	0.165	0.777
16	L	0.003	0.939	0.000	0.133	0.807
17	A	0.001	0.938	0.000	0.029	0.910
18	T	0.053	0.886	0.000	0.018	0.867
19	A	0.032	0.854	0.000	0.004	0.850
20	D	0.818	0.036	0.000	0.001	0.035
21	I	0.000	0.036	0.000	0.001	0.035
22	V	0.000	0.036	0.000	0.001	0.035
23	T	0.000	0.036	0.000	0.000	0.036
24	Y	0.019	0.017	0.000	0.000	0.017
25	S	0.000	0.017	0.000	0.000	0.017
26	P	0.015	0.002	0.000	0.000	0.002
27	P	0.000	0.002	0.000	0.000	0.002
28	T	0.002	0.000	0.000	0.000	0.000
29	E	0.000	0.000	0.000	0.000	0.000
30	P	0.000	0.000	0.000	0.000	0.000
31	G	0.000	0.000	0.000	0.000	0.000
32	L	0.000	0.000	0.000	0.000	0.000
33	S	0.000	0.000	0.000	0.000	0.000
34	Y	0.000	0.000	0.000	0.000	0.000
35	S	0.000	0.000	0.000	0.000	0.000
36	V	0.000	0.000	0.000	0.000	0.000
37	T	0.000	0.000	0.000	0.000	0.000
38	I	0.000	0.000	0.000	0.000	0.000
39	P	0.000	0.000	0.000	0.000	0.000
40	N	0.000	0.000	0.000	0.000	0.000
>XP_001394413.1
pos	aa	C	S	n-reg	h-reg	c-reg
1	M	0.000	0.996	0.996	0.000	0.000
2	A	0.000	0.996	0.996	0.000	0.000
3	R	0.000	0.996	0.996	0.000	0.000
4	I	0.000	0.996	0.996	0.000	0.000
5	S	0.000	0.996	0.996	0.000	0.000
6	H	0.000	0.996	0.996	0.000	0.000
7	Q	0.000	0.996	0.996	0.000	0.000
8	G	0.000	0.996	0.996	0.000	0.000
9	A	0.000	0.996	0.996	0.000	0.000
10	A	0.000	0.996	0.996	0.000	0.000
11	K	0.000	0.996	0.996	0.000	0.000
12	P	0.000	0.996	0.996	0.000	0.000
13	F	0.000	0.996	0.995	0.001	0.000
14	T	0.000	0.996	0.994	0.002	0.000
15	A	0.000	0.996	0.992	0.005	0.000
16	W	0.000	0.996	0.984	0.012	0.000
17	T	0.000	0.996	0.965	0.031	0.000
18	T	0.000	0.996	0.898	0.098	0.000
19	I	0.000	0.996	0.619	0.377	0.000
20	F	0.000	0.996	0.491	0.505	0.000
21	Y	0.000	0.996	0.424	0.572	0.000
22	L	0.000	0.996	0.092	0.904	0.000
23	L	0.000	0.996	0.012	0.984	0.000
24	L	0.000	0.996	0.003	0.993	0.000
25	V	0.000	0.996	0.001	0.994	0.001
26	F	0.000	0.996	0.000	0.992	0.004
27	I	0.000	0.996	0.000	0.987	0.009
28	A	0.000	0.996	0.000	0.964	0.032
29	P	0.000	0.996	0.000	0.943	0.053
30	L	0.000	0.996	0.000	0.827	0.169
31	A	0.000	0.996	0.000	0.479	0.517
32	F	0.000	0.996	0.000	0.403	0.593
33	F	0.000	0.996	0.000	0.352	0.644
34	G	0.000	0.996	0.000	0.003	0.992
35	T	0.000	0.996	0.000	0.000	0.995
36	A	0.000	0.995	0.000	0.000	0.995
37	H	0.003	0.992	0.000	0.000	0.992
38	A	0.000	0.992	0.000	0.000	0.992
39	Q	0.992	0.001	0.000	0.000	0.001
40	D	0.000	0.001	0.000	0.000	0.001
>XP_001394419.2
pos	aa	C	S	n-reg	h-reg	c-reg
1	M	0.000	0.997	0.997	0.000	0.000
2	R	0.000	0.997	0.997	0.000	0.000
3	G	0.000	0.997	0.997	0.000	0.000
4	P	0.000	0.997	0.997	0.000	0.000
5	G	0.000	0.997	0.996	0.002	0.000
6	A	0.000	0.997	0.983	0.014	0.000
7	M	0.000	0.997	0.973	0.025	0.000
8	K	0.000	0.997	0.968	0.029	0.000
9	A	0.000	0.997	0.456	0.542	0.000
10	V	0.000	0.997	0.035	0.962	0.000
11	L	0.000	0.997	0.001	0.996	0.000
12	C	0.000	0.997	0.000	0.997	0.000
13	S	0.000	0.997	0.000	0.997	0.000
14	L	0.000	0.997	0.000	0.997	0.001
15	A	0.000	0.997	0.000	0.993	0.004
16	F	0.000	0.997	0.000	0.991	0.006
17	V	0.000	0.997	0.000	0.898	0.099
18	V	0.000	0.997	0.000	0.189	0.809
19	G	0.000	0.997	0.000	0.029	0.968
20	V	0.001	0.997	0.000	0.001	0.996
21	A	0.000	0.997	0.000	0.001	0.996
22	A	0.057	0.939	0.000	0.000	0.939
23	K	0.939	0.001	0.000	0.000	0.001
24	D	0.000	0.001	0.000	0.000	0.001
25	D	0.000	0.001	0.000	0.000	0.001
26	P	0.000	0.001	0.000	0.000	0.001
27	D	0.001	0.000	0.000	0.000	0.000
28	Y	0.000	0.000	0.000	0.000	0.000
29	D	0.000	0.000	0.000	0.000	0.000
30	P	0.000	0.000	0.000	0.000	0.000
31	S	0.000	0.000	0.000	0.000	0.000
32	L	0.000	0.000	0.000	0.000	0.000
33	N	0.000	0.000	0.000	0.000	0.000
34	F	0.000	0.000	0.000	0.000	0.000
35	R	0.000	0.000	0.000	0.000	0.000
36	P	0.000	0.000	0.000	0.000	0.000
37	K	0.000	0.000	0.000	0.000	0.000
38	N	0.000	0.000	0.000	0.000	0.000
39	V	0.000	0.000	0.000	0.000	0.000
40	T	0.000	0.000	0.000	0.000	0.000
>XP_001394424.1
pos	aa	C	S	n-reg	h-reg	c-reg
1	M	0.000	0.669	0.669	0.000	0.000
2	S	0.000	0.669	0.669	0.000	0.000
3	F	0.000	0.669	0.669	0.000	0.000
4	P	0.000	0.669	0.669	0.000	0.000
5	Y	0.000	0.669	0.669	0.001	0.000
6	K	0.000	0.669	0.667	0.003	0.000
7	H	0.000	0.669	0.486	0.184	0.000
8	I	0.000	0.669	0.142	0.527	0.000
9	L	0.000	0.669	0.030	0.639	0.000
10	V	0.000	0.669	0.001	0.668	0.000
11	I	0.000	0.669	0.000	0.669	0.000
12	G	0.000	0.669	0.000	0.669	0.000
13	A	0.000	0.669	0.000	0.669	0.000
14	T	0.000	0.669	0.000	0.668	0.001
15	A	0.000	0.669	0.000	0.616	0.053
16	G	0.000	0.669	0.000	0.464	0.206
17	I	0.000	0.669	0.000	0.415	0.255
18	G	0.000	0.669	0.000	0.027	0.642
19	R	0.001	0.668	0.000	0.001	0.667
20	A	0.000	0.668	0.000	0.001	0.668
21	L	0.062	0.607	0.000	0.001	0.606
22	A	0.000	0.606	0.000	0.000	0.606
23	S	0.591	0.015	0.000	0.000	0.015
24	R	0.012	0.003	0.000	0.000	0.003
25	F	0.000	0.003	0.000	0.000	0.003
26	V	0.000	0.003	0.000	0.000	0.003
27	Q	0.000	0.003	0.000	0.000	0.003
28	S	0.000	0.003	0.000	0.000	0.003
29	G	0.001	0.002	0.000	0.000	0.002
30	A	0.000	0.002	0.000	0.000	0.002
31	K	0.001	0.000	0.000	0.000	0.000
32	V	0.000	0.000	0.000	0.000	0.000
33	T	0.000	0.000	0.000	0.000	0.000
34	V	0.000	0.000	0.000	0.000	0.000
35	V	0.000	0.000	0.000	0.000	0.000
36	G	0.000	0.000	0.000	0.000	0.000
37	R	0.000	0.000	0.000	0.000	0.000
38	R	0.000	0.000	0.000	0.000	0.000
39	K	0.000	0.000	0.000	0.000	0.000
40	E	0.000	0.000	0.000	0.000	0.000
>XP_001394484.2
pos	aa	C	S	n-reg	h-reg	c-reg
1	M	0.000	0.020	0.020	0.000	0.000
2	S	0.000	0.022	0.022	0.000	0.000
3	D	0.000	0.022	0.022	0.000	0.000
4	E	0.000	0.022	0.022	0.000	0.000
5	H	0.000	0.022	0.022	0.000	0.000
6	P	0.000	0.022	0.022	0.000	0.000
7	N	0.000	0.022	0.022	0.000	0.000
8	G	0.000	0.022	0.022	0.000	0.000
9	F	0.000	0.022	0.021	0.000	0.000
10	G	0.000	0.022	0.021	0.000	0.000
11	Q	0.000	0.022	0.021	0.001	0.000
12	P	0.000	0.022	0.021	0.001	0.000
13	F	0.000	0.022	0.021	0.001	0.000
14	F	0.000	0.022	0.020	0.002	0.000
15	I	0.000	0.022	0.019	0.002	0.000
16	V	0.000	0.022	0.019	0.003	0.000
17	T	0.000	0.022	0.018	0.003	0.000
18	W	0.000	0.022	0.018	0.004	0.000
19	A	0.000	0.022	0.016	0.005	0.000
20	E	0.000	0.022	0.015	0.006	0.001
21	F	0.000	0.022	0.010	0.011	0.001
22	G	0.000	0.022	0.007	0.014	0.001
23	L	0.000	0.022	0.002	0.019	0.001
24	A	0.000	0.022	0.002	0.019	0.001
25	I	0.001	0.021	0.002	0.019	0.000
26	I	0.000	0.021	0.002	0.018	0.001
27	F	0.000	0.021	0.002	0.017	0.002
28	M	0.000	0.021	0.002	0.015	0.003
29	I	0.000	0.021	0.002	0.015	0.004
30	A	0.000	0.021	0.002	0.011	0.007
31	R	0.000	0.021	0.002	0.000	0.018
32	G	0.000	0.021	0.002	0.000	0.019
33	V	0.000	0.021	0.002	0.000	0.018
34	A	0.000	0.021	0.002	0.000	0.018
35	A	0.003	0.017	0.002	0.000	0.015
36	S	0.014	0.003	0.002	0.000	0.001
37	K	0.001	0.002	0.002	0.000	0.000
38	L	0.000	0.002	0.002	0.000	0.000
39	I	0.000	0.002	0.002	0.000	0.000
40	H	0.000	0.002	0.002	0.000	0.000
>XP_001394492.1
pos	aa	C	S	n-reg	h-reg	c-reg
1	M	0.000	0.026	0.026	0.000	0.000
2	R	0.000	0.026	0.026	0.000	0.000
3	G	0.000	0.026	0.026	0.000	0.000
4	L	0.000	0.026	0.025	0.000	0.000
5	R	0.000	0.026	0.025	0.000	0.000
6	L	0.000	0.026	0.007	0.019	0.000
7	I	0.000	0.026	0.005	0.021	0.000
8	P	0.000	0.026	0.004	0.021	0.000
9	F	0.000	0.026	0.000	0.026	0.000
10	I	0.000	0.026	0.000	0.026	0.000
11	A	0.000	0.026	0.000	0.026	0.000
12	S	0.000	0.026	0.000	0.026	0.000
13	L	0.000	0.026	0.000	0.026	0.000
14	G	0.000	0.026	0.000	0.025	0.001
15	V	0.000	0.026	0.000	0.025	0.001
16	L	0.000	0.026	0.000	0.024	0.001
17	P	0.000	0.026	0.000	0.000	0.025
18	Q	0.000	0.025	0.000	0.000	0.025
19	S	0.000	0.025	0.000	0.000	0.025
20	W	0.000	0.025	0.000	0.000	0.025
21	A	0.000	0.025	0.000	0.000	0.025
22	R	0.025	0.000	0.000	0.000	0.000
23	E	0.000	0.000	0.000	0.000	0.000
24	E	0.000	0.000	0.000	0.000	0.000
25	P	0.000	0.000	0.000	0.000	0.000
26	S	0.000	0.000	0.000	0.000	0.000
27	L	0.000	0.000	0.000	0.000	0.000
28	G	0.000	0.000	0.000	0.000	0.000
29	F	0.000	0.000	0.000	0.000	0.000
30	T	0.000	0.000	0.000	0.000	0.000
31	N	0.000	0.000	0.000	0.000	0.000
32	I	0.000	0.000	0.000	0.000	0.000
33	H	0.000	0.000	0.000	0.000	0.000
34	E	0.000	0.000	0.000	0.000	0.000
35	P	0.000	0.000	0.000	0.000	0.000
36	G	0.000	0.000	0.000	0.000	0.000
37	R	0.000	0.000	0.000	0.000	0.000
38	C	0.000	0.000	0.000	0.000	0.000
39	A	0.000	0.000	0.000	0.000	0.000
40	I	0.000	0.000	0.000	0.000	0.000
>XP_001394522.1
pos	aa	C	S	n-reg	h-reg	c-reg
1	M	0.000	0.418	0.418	0.000	0.000
2	A	0.000	0.418	0.418	0.000	0.000
3	I	0.000	0.418	0.417	0.002	0.000
4	T	0.000	0.418	0.416	0.002	0.000
5	K	0.000	0.418	0.415	0.003	0.000
6	S	0.000	0.418	0.272	0.146	0.000
7	S	0.000	0.418	0.161	0.257	0.000
8	S	0.000	0.418	0.111	0.307	0.000
9	I	0.000	0.418	0.029	0.390	0.000
10	L	0.000	0.418	0.002	0.416	0.000
11	I	0.000	0.418	0.001	0.417	0.000
12	V	0.000	0.418	0.001	0.417	0.000
13	G	0.000	0.418	0.001	0.417	0.001
14	A	0.000	0.418	0.001	0.331	0.087
15	G	0.000	0.418	0.000	0.262	0.155
16	T	0.000	0.418	0.000	0.230	0.188
17	W	0.000	0.418	0.000	0.176	0.242
18	G	0.000	0.418	0.000	0.020	0.397
19	C	0.085	0.333	0.000	0.012	0.322
20	S	0.001	0.332	0.000	0.007	0.325
21	T	0.009	0.323	0.000	0.002	0.321
22	A	0.038	0.285	0.000	0.001	0.284
23	L	0.258	0.027	0.000	0.001	0.026
24	H	0.003	0.024	0.000	0.001	0.024
25	L	0.000	0.024	0.000	0.000	0.024
26	A	0.013	0.011	0.000	0.000	0.010
27	R	0.005	0.005	0.000	0.000	0.005
28	R	0.000	0.005	0.000	0.000	0.005
29	G	0.000	0.005	0.000	0.000	0.005
30	Y	0.001	0.005	0.000	0.000	0.005
31	T	0.000	0.005	0.000	0.000	0.005
32	N	0.004	0.000	0.000	0.000	0.000
33	V	0.000	0.000	0.000	0.000	0.000
34	T	0.000	0.000	0.000	0.000	0.000
35	V	0.000	0.000	0.000	0.000	0.000
36	L	0.000	0.000	0.000	0.000	0.000
37	D	0.000	0.000	0.000	0.000	0.000
38	P	0.000	0.000	0.000	0.000	0.000
39	Y	0.000	0.000	0.000	0.000	0.000
40	P	0.000	0.000	0.000	0.000	0.000
>XP_001394544.1
pos	aa	C	S	n-reg	h-reg	c-reg
1	M	0.000	0.903	0.903	0.000	0.000
2	L	0.000	0.903	0.903	0.000	0.000
3	F	0.000	0.903	0.868	0.035	0.000
4	P	0.000	0.903	0.846	0.057	0.000
5	S	0.000	0.903	0.671	0.232	0.000
6	L	0.000	0.903	0.104	0.799	0.000
7	A	0.000	0.903	0.040	0.863	0.000
8	L	0.000	0.903	0.011	0.892	0.000
9	A	0.000	0.903	0.001	0.902	0.000
10	A	0.000	0.903	0.000	0.903	0.000
11	F	0.000	0.903	0.000	0.900	0.003
12	S	0.000	0.903	0.000	0.892	0.011
13	L	0.000	0.903	0.000	0.845	0.058
14	G	0.000	0.903	0.000	0.706	0.197
15	V	0.001	0.902	0.000	0.661	0.241
16	T	0.000	0.902	0.000	0.610	0.292
17	A	0.005	0.897	0.000	0.037	0.860
18	K	0.140	0.757	0.000	0.000	0.757
19	S	0.000	0.757	0.000	0.000	0.757
20	H	0.030	0.728	0.000	0.000	0.728
21	A	0.000	0.728	0.000	0.000	0.728
22	D	0.724	0.003	0.000	0.000	0.003
23	S	0.000	0.003	0.000	0.000	0.003
24	P	0.001	0.002	0.000	0.000	0.002
25	A	0.001	0.002	0.000	0.000	0.002
26	H	0.001	0.000	0.000	0.000	0.000
27	Y	0.000	0.000	0.000	0.000	0.000
28	D	0.000	0.000	0.000	0.000	0.000
29	F	0.000	0.000	0.000	0.000	0.000
30	V	0.000	0.000	0.000	0.000	0.000
31	I	0.000	0.000	0.000	0.000	0.000
32	V	0.000	0.000	0.000	0.000	0.000
33	G	0.000	0.000	0.000	0.000	0.000
34	G	0.000	0.000	0.000	0.000	0.000
35	G	0.000	0.000	0.000	0.000	0.000
36	T	0.000	0.000	0.000	0.000	0.000
37	S	0.000	0.000	0.000	0.000	0.000
38	G	0.000	0.000	0.000	0.000	0.000
39	L	0.000	0.000	0.000	0.000	0.000
40	V	0.000	0.000	0.000	0.000	0.000
>XP_001394554.1
pos	aa	C	S	n-reg	h-reg	c-reg
1	M	0.000	0.041	0.041	0.000	0.000
2	A	0.000	0.042	0.042	0.000	0.000
3	E	0.000	0.042	0.042	0.000	0.000
4	I	0.000	0.042	0.042	0.000	0.000
5	S	0.000	0.042	0.042	0.000	0.000
6	L	0.000	0.042	0.041	0.001	0.000
7	R	0.000	0.042	0.041	0.001	0.000
8	T	0.000	0.042	0.030	0.012	0.000
9	A	0.000	0.042	0.011	0.031	0.000
10	L	0.000	0.042	0.003	0.039	0.000
11	A	0.000	0.042	0.002	0.040	0.000
12	I	0.000	0.042	0.000	0.042	0.000
13	L	0.000	0.042	0.000	0.042	0.000
14	V	0.000	0.042	0.000	0.042	0.000
15	G	0.000	0.042	0.000	0.042	0.000
16	I	0.000	0.042	0.000	0.041	0.000
17	Y	0.000	0.042	0.000	0.040	0.002
18	L	0.000	0.042	0.000	0.040	0.002
19	L	0.000	0.042	0.000	0.038	0.004
20	Y	0.000	0.041	0.000	0.004	0.038
21	K	0.000	0.041	0.000	0.000	0.041
22	L	0.000	0.041	0.000	0.000	0.041
23	L	0.000	0.041	0.000	0.000	0.041
24	S	0.002	0.039	0.000	0.000	0.039
25	F	0.039	0.000	0.000	0.000	0.000
26	V	0.000	0.000	0.000	0.000	0.000
27	R	0.000	0.000	0.000	0.000	0.000
28	F	0.000	0.000	0.000	0.000	0.000
29	Y	0.000	0.000	0.000	0.000	0.000
30	I	0.000	0.000	0.000	0.000	0.000
31	I	0.000	0.000	0.000	0.000	0.000
32	G	0.000	0.000	0.000	0.000	0.000
33	R	0.000	0.000	0.000	0.000	0.000
34	R	0.000	0.000	0.000	0.000	0.000
35	S	0.000	0.000	0.000	0.000	0.000
36	G	0.000	0.000	0.000	0.000	0.000
37	Y	0.000	0.000	0.000	0.000	0.000
38	P	0.000	0.000	0.000	0.000	0.000
39	L	0.000	0.000	0.000	0.000	0.000
40	V	0.000	0.000	0.000	0.000	0.000
>XP_001394556.1
pos	aa	C	S	n-reg	h-reg	c-reg
1	M	0.000	0.967	0.967	0.000	0.000
2	S	0.000	0.971	0.971	0.000	0.000
3	F	0.000	0.971	0.971	0.000	0.000
4	R	0.000	0.971	0.971	0.000	0.000
5	P	0.000	0.971	0.971	0.000	0.000
6	M	0.000	0.971	0.971	0.000	0.000
7	L	0.000	0.971	0.971	0.000	0.000
8	K	0.000	0.971	0.971	0.000	0.000
9	Q	0.000	0.971	0.969	0.002	0.000
10	R	0.000	0.971	0.961	0.010	0.000
11	A	0.000	0.971	0.722	0.249	0.000
12	V	0.000	0.971	0.553	0.418	0.000
13	A	0.000	0.971	0.475	0.496	0.000
14	P	0.000	0.971	0.450	0.521	0.000
15	I	0.000	0.971	0.232	0.739	0.000
16	A	0.000	0.971	0.138	0.833	0.000
17	A	0.000	0.971	0.087	0.883	0.000
18	T	0.000	0.971	0.049	0.921	0.001
19	L	0.000	0.971	0.004	0.957	0.011
20	L	0.000	0.971	0.000	0.941	0.029
21	A	0.000	0.971	0.000	0.602	0.369
22	G	0.000	0.970	0.000	0.481	0.489
23	G	0.001	0.970	0.000	0.467	0.502
24	I	0.007	0.962	0.000	0.464	0.499
25	A	0.000	0.962	0.000	0.456	0.506
26	L	0.384	0.578	0.000	0.385	0.193
27	Y	0.103	0.474	0.000	0.074	0.400
28	P	0.000	0.472	0.000	0.015	0.457
29	R	0.004	0.468	0.000	0.005	0.463
30	Q	0.000	0.468	0.000	0.000	0.468
31	T	0.000	0.468	0.000	0.000	0.468
32	A	0.014	0.454	0.000	0.000	0.454
33	F	0.013	0.441	0.000	0.000	0.441
34	A	0.000	0.441	0.000	0.000	0.441
35	E	0.441	0.000	0.000	0.000	0.000
36	E	0.000	0.000	0.000	0.000	0.000
37	P	0.000	0.000	0.000	0.000	0.000
38	R	0.000	0.000	0.000	0.000	0.000
39	D	0.000	0.000	0.000	0.000	0.000
40	A	0.000	0.000	0.000	0.000	0.000
>XP_001394572.2
pos	aa	C	S	n-reg	h-reg	c-reg
1	M	0.000	0.972	0.972	0.000	0.000
2	H	0.000	0.973	0.973	0.000	0.000
3	F	0.000	0.973	0.973	0.000	0.000
4	L	0.000	0.973	0.973	0.000	0.000
5	R	0.000	0.973	0.973	0.000	0.000
6	P	0.000	0.973	0.971	0.002	0.000
7	K	0.000	0.973	0.966	0.008	0.000
8	W	0.000	0.973	0.615	0.358	0.000
9	F	0.000	0.973	0.021	0.952	0.000
10	I	0.000	0.973	0.002	0.971	0.000
11	V	0.000	0.973	0.000	0.973	0.000
12	L	0.000	0.973	0.000	0.973	0.000
13	G	0.000	0.973	0.000	0.973	0.000
14	F	0.000	0.973	0.000	0.973	0.000
15	F	0.000	0.973	0.000	0.971	0.002
16	V	0.000	0.973	0.000	0.872	0.101
17	T	0.000	0.973	0.000	0.065	0.908
18	T	0.000	0.973	0.000	0.021	0.952
19	S	0.007	0.966	0.000	0.005	0.961
20	P	0.003	0.962	0.000	0.003	0.959
21	A	0.087	0.875	0.000	0.002	0.873
22	V	0.862	0.013	0.000	0.001	0.012
23	E	0.000	0.013	0.000	0.000	0.013
24	V	0.000	0.013	0.000	0.000	0.013
25	D	0.000	0.013	0.000	0.000	0.013
26	L	0.000	0.013	0.000	0.000	0.013
27	V	0.010	0.003	0.000	0.000	0.003
28	F	0.000	0.003	0.000	0.000	0.003
29	P	0.000	0.003	0.000	0.000	0.003
30	R	0.002	0.001	0.000	0.000	0.001
31	S	0.000	0.001	0.000	0.000	0.001
32	D	0.000	0.001	0.000	0.000	0.001
33	A	0.000	0.001	0.000	0.000	0.001
34	S	0.001	0.000	0.000	0.000	0.000
35	Y	0.000	0.000	0.000	0.000	0.000
36	S	0.000	0.000	0.000	0.000	0.000
37	P	0.000	0.000	0.000	0.000	0.000
38	A	0.000	0.000	0.000	0.000	0.000
39	E	0.000	0.000	0.000	0.000	0.000
40	W	0.000	0.000	0.000	0.000	0.000
>XP_001394582.2
pos	aa	C	S	n-reg	h-reg	c-reg
1	M	0.000	0.795	0.795	0.000	0.000
2	I	0.000	0.795	0.795	0.000	0.000
3	I	0.000	0.795	0.787	0.008	0.000
4	K	0.000	0.795	0.783	0.012	0.000
5	S	0.000	0.795	0.505	0.290	0.000
6	F	0.000	0.795	0.145	0.650	0.000
7	L	0.000	0.795	0.002	0.793	0.000
8	T	0.000	0.795	0.001	0.794	0.000
9	L	0.000	0.795	0.000	0.795	0.000
10	A	0.000	0.795	0.000	0.795	0.000
11	I	0.000	0.795	0.000	0.795	0.000
12	F	0.000	0.795	0.000	0.792	0.003
13	A	0.000	0.795	0.000	0.590	0.205
14	S	0.000	0.795	0.000	0.452	0.343
15	A	0.000	0.795	0.000	0.042	0.753
16	S	0.009	0.786	0.000	0.012	0.774
17	G	0.003	0.783	0.000	0.000	0.783
18	L	0.232	0.551	0.000	0.000	0.551
19	A	0.021	0.530	0.000	0.000	0.530
20	I	0.530	0.000	0.000	0.000	0.000
21	N	0.000	0.000	0.000	0.000	0.000
22	K	0.000	0.000	0.000	0.000	0.000
23	R	0.000	0.000	0.000	0.000	0.000
24	F	0.000	0.000	0.000	0.000	0.000
25	D	0.000	0.000	0.000	0.000	0.000
26	N	0.000	0.000	0.000	0.000	0.000
27	G	0.000	0.000	0.000	0.000	0.000
28	D	0.000	0.000	0.000	0.000	0.000
29	F	0.000	0.000	0.000	0.000	0.000
30	P	0.000	0.000	0.000	0.000	0.000
31	T	0.000	0.000	0.000	0.000	0.000
32	G	0.000	0.000	0.000	0.000	0.000
33	D	0.000	0.000	0.000	0.000	0.000
34	T	0.000	0.000	0.000	0.000	0.000
35	D	0.000	0.000	0.000	0.000	0.000
36	P	0.000	0.000	0.000	0.000	0.000
37	N	0.000	0.000	0.000	0.000	0.000
38	V	0.000	0.000	0.000	0.000	0.000
39	T	0.000	0.000	0.000	0.000	0.000
40	S	0.000	0.000	0.000	0.000	0.000
>XP_001394592.2
pos	aa	C	S	n-reg	h-reg	c-reg
1	M	0.000	0.756	0.756	0.000	0.000
2	G	0.000	0.756	0.756	0.000	0.000
3	A	0.000	0.756	0.750	0.006	0.000
4	N	0.000	0.756	0.740	0.016	0.000
5	L	0.000	0.756	0.536	0.220	0.000
6	P	0.000	0.756	0.433	0.323	0.000
7	L	0.000	0.756	0.153	0.603	0.000
8	Y	0.000	0.756	0.110	0.647	0.000
9	L	0.000	0.756	0.005	0.751	0.000
10	A	0.000	0.756	0.002	0.754	0.000
11	L	0.000	0.756	0.000	0.756	0.000
12	L	0.000	0.756	0.000	0.756	0.000
13	A	0.000	0.756	0.000	0.742	0.014
14	G	0.000	0.756	0.000	0.714	0.042
15	I	0.000	0.756	0.000	0.690	0.066
16	I	0.000	0.756	0.000	0.616	0.140
17	P	0.000	0.756	0.000	0.074	0.682
18	W	0.001	0.755	0.000	0.036	0.718
19	S	0.000	0.755	0.000	0.010	0.744
20	T	0.000	0.754	0.000	0.005	0.750
21	A	0.003	0.752	0.000	0.001	0.751
22	S	0.619	0.133	0.000	0.000	0.132
23	S	0.076	0.056	0.000	0.000	0.056
24	P	0.036	0.020	0.000	0.000	0.020
25	P	0.000	0.020	0.000	0.000	0.020
26	L	0.001	0.019	0.000	0.000	0.019
27	N	0.000	0.019	0.000	0.000	0.019
28	A	0.000	0.019	0.000	0.000	0.019
29	R	0.019	0.000	0.000	0.000	0.000
30	D	0.000	0.000	0.000	0.000	0.000
31	D	0.000	0.000	0.000	0.000	0.000
32	G	0.000	0.000	0.000	0.000	0.000
33	A	0.000	0.000	0.000	0.000	0.000
34	F	0.000	0.000	0.000	0.000	0.000
35	S	0.000	0.000	0.000	0.000	0.000
36	P	0.000	0.000	0.000	0.000	0.000
37	P	0.000	0.000	0.000	0.000	0.000
38	Y	0.000	0.000	0.000	0.000	0.000
39	Y	0.000	0.000	0.000	0.000	0.000
40	P	0.000	0.000	0.000	0.000	0.000
>XP_001394605.2
pos	aa	C	S	n-reg	h-reg	c-reg
1	M	0.000	0.369	0.369	0.000	0.000
2	P	0.000	0.369	0.369	0.000	0.000
3	A	0.000	0.369	0.369	0.000	0.000
4	L	0.000	0.369	0.367	0.002	0.000
5	P	0.000	0.369	0.367	0.003	0.000
6	Y	0.000	0.369	0.357	0.012	0.000
7	L	0.000	0.369	0.341	0.028	0.000
8	G	0.000	0.369	0.339	0.031	0.000
9	R	0.000	0.369	0.333	0.036	0.000
10	L	0.000	0.369	0.201	0.168	0.000
11	V	0.000	0.369	0.140	0.229	0.000
12	L	0.000	0.369	0.111	0.258	0.000
13	F	0.000	0.369	0.102	0.267	0.000
14	I	0.000	0.369	0.096	0.273	0.000
15	I	0.000	0.369	0.092	0.276	0.001
16	V	0.000	0.369	0.090	0.273	0.006
17	H	0.000	0.369	0.090	0.253	0.026
18	W	0.000	0.369	0.087	0.238	0.045
19	H	0.000	0.369	0.081	0.149	0.139
20	A	0.000	0.369	0.039	0.179	0.152
21	L	0.001	0.368	0.008	0.199	0.161
22	F	0.000	0.368	0.004	0.183	0.181
23	L	0.000	0.368	0.003	0.128	0.237
24	F	0.002	0.366	0.002	0.106	0.258
25	V	0.000	0.366	0.002	0.098	0.267
26	S	0.000	0.366	0.002	0.092	0.272
27	A	0.001	0.365	0.002	0.085	0.278
28	C	0.197	0.167	0.002	0.082	0.083
29	V	0.006	0.162	0.002	0.075	0.085
30	F	0.000	0.162	0.002	0.066	0.093
31	G	0.000	0.161	0.002	0.052	0.108
32	R	0.040	0.121	0.002	0.001	0.118
33	G	0.000	0.121	0.001	0.001	0.119
34	S	0.008	0.113	0.000	0.002	0.111
35	F	0.001	0.112	0.000	0.002	0.110
36	A	0.000	0.112	0.000	0.002	0.110
37	L	0.070	0.042	0.000	0.002	0.040
38	F	0.000	0.042	0.000	0.002	0.040
39	F	0.000	0.042	0.000	0.002	0.040
40	L	0.000	0.042	0.000	0.002	0.040
